,number,values_0,values_1,datetime_start,datetime_complete,duration,params_checks,params_n_ratio,params_nskip,params_trees,params_w1,params_w2,system_attrs_nsga2:generation,system_attrs_nsga2:parents,state
6815,6815,0.2602032695738835,3.1257591247558594,2021-06-19 19:37:49.819976,2021-06-19 19:37:52.954118,0 days 00:00:03.134142,50,0.7044121314824888,6,1,24,26,136,"[5379, 2209]",COMPLETE
6816,6816,0.23209458480780268,2.5654690265655518,2021-06-19 19:37:52.958035,2021-06-19 19:37:55.531840,0 days 00:00:02.573805,40,0.775837870117549,10,1,30,25,136,"[4419, 4419]",COMPLETE
6817,6817,0.232342804260314,2.7574257850646973,2021-06-19 19:37:55.535932,2021-06-19 19:37:58.302345,0 days 00:00:02.766413,20,0.7044121314824888,10,1,30,25,136,"[4781, 1159]",COMPLETE
6818,6818,0.2301020379006161,2.590822219848633,2021-06-19 19:37:58.306102,2021-06-19 19:38:00.905217,0 days 00:00:02.599115,20,0.7044121314824888,10,1,30,24,136,"[4943, 1929]",COMPLETE
6819,6819,0.29638866116822143,4.2739949226379395,2021-06-19 19:38:00.908888,2021-06-19 19:38:05.191290,0 days 00:00:04.282402,20,0.8047024443354969,2,1,2,25,136,"[5641, 5853]",COMPLETE
6820,6820,0.23054918393222512,2.759202003479004,2021-06-19 19:38:05.195266,2021-06-19 19:38:07.962846,0 days 00:00:02.767580,30,0.7044121314824888,10,1,30,25,136,"[3100, 1218]",COMPLETE
6821,6821,0.229394891390853,2.5949411392211914,2021-06-19 19:38:07.966647,2021-06-19 19:38:10.569815,0 days 00:00:02.603168,20,0.775837870117549,10,1,30,25,136,"[2960, 6592]",COMPLETE
6822,6822,0.22752516205176399,2.6636009216308594,2021-06-19 19:38:10.573776,2021-06-19 19:38:13.245926,0 days 00:00:02.672150,40,0.775837870117549,10,7,30,25,136,"[6351, 4419]",COMPLETE
6823,6823,0.23642707469036092,2.732621669769287,2021-06-19 19:38:13.249571,2021-06-19 19:38:15.990450,0 days 00:00:02.740879,20,0.7044121314824888,10,1,30,25,136,"[1735, 2960]",COMPLETE
6824,6824,0.23249888637492544,2.6106038093566895,2021-06-19 19:38:15.994271,2021-06-19 19:38:18.613029,0 days 00:00:02.618758,20,0.775837870117549,10,1,30,26,136,"[1028, 6351]",COMPLETE
6825,6825,0.23279320749610893,2.6279523372650146,2021-06-19 19:38:18.616857,2021-06-19 19:38:21.254057,0 days 00:00:02.637200,30,0.7044121314824888,10,7,30,26,136,"[5654, 2963]",COMPLETE
6826,6826,0.2300558146765355,2.7514736652374268,2021-06-19 19:38:21.257713,2021-06-19 19:38:24.017395,0 days 00:00:02.759682,20,0.7044121314824888,10,1,30,25,136,"[5495, 1929]",COMPLETE
6827,6827,0.2308760509198738,2.5762224197387695,2021-06-19 19:38:24.021255,2021-06-19 19:38:26.605853,0 days 00:00:02.584598,20,0.7044121314824888,10,1,25,25,136,"[6219, 2960]",COMPLETE
6828,6828,0.2308645819728775,2.5408883094787598,2021-06-19 19:38:26.609782,2021-06-19 19:38:29.158928,0 days 00:00:02.549146,20,0.775837870117549,10,1,30,26,136,"[3566, 4331]",COMPLETE
6829,6829,0.23846474623900324,3.1598644256591797,2021-06-19 19:38:29.162634,2021-06-19 19:38:32.331118,0 days 00:00:03.168484,10,0.9549903925330796,10,9,24,26,136,"[2963, 5379]",COMPLETE
6830,6830,0.23291777330226113,2.5473670959472656,2021-06-19 19:38:32.334936,2021-06-19 19:38:34.891320,0 days 00:00:02.556384,10,0.603627004462215,10,1,30,25,136,"[5641, 316]",COMPLETE
6831,6831,0.2290599685342609,2.5925698280334473,2021-06-19 19:38:34.895244,2021-06-19 19:38:37.496242,0 days 00:00:02.600998,20,0.8047024443354969,10,1,30,25,136,"[5336, 2991]",COMPLETE
6832,6832,0.2314376188357866,2.7815678119659424,2021-06-19 19:38:37.500099,2021-06-19 19:38:40.289919,0 days 00:00:02.789820,20,0.775837870117549,10,1,30,25,136,"[1974, 5853]",COMPLETE
6833,6833,0.2389742323480551,2.559997797012329,2021-06-19 19:38:40.293568,2021-06-19 19:38:42.861948,0 days 00:00:02.568380,20,0.7044121314824888,10,1,6,26,136,"[900, 2659]",COMPLETE
6834,6834,0.23130077989904205,2.7504823207855225,2021-06-19 19:38:42.865558,2021-06-19 19:38:45.624551,0 days 00:00:02.758993,20,0.775837870117549,10,1,25,25,136,"[4879, 849]",COMPLETE
6835,6835,0.22561092545237574,2.605598211288452,2021-06-19 19:38:45.628275,2021-06-19 19:38:48.242244,0 days 00:00:02.613969,20,0.775837870117549,10,1,30,26,136,"[4331, 1159]",COMPLETE
6836,6836,0.23155372013062678,2.5879435539245605,2021-06-19 19:38:48.246083,2021-06-19 19:38:50.842302,0 days 00:00:02.596219,20,0.7492482924832433,10,1,30,26,136,"[900, 2991]",COMPLETE
6837,6837,0.22934124372182077,2.766207695007324,2021-06-19 19:38:50.845859,2021-06-19 19:38:53.620137,0 days 00:00:02.774278,20,0.775837870117549,10,1,30,25,136,"[1929, 5852]",COMPLETE
6838,6838,0.2271813255782363,2.5703165531158447,2021-06-19 19:38:53.623989,2021-06-19 19:38:56.202577,0 days 00:00:02.578588,20,0.775837870117549,10,1,30,25,136,"[3760, 5852]",COMPLETE
6839,6839,0.2320640316431515,2.575239658355713,2021-06-19 19:38:56.206278,2021-06-19 19:38:58.789857,0 days 00:00:02.583579,20,0.8344994218993596,10,1,24,26,136,"[5379, 2063]",COMPLETE
6840,6840,0.23290129637051757,2.756988525390625,2021-06-19 19:38:58.793810,2021-06-19 19:39:01.559147,0 days 00:00:02.765337,20,0.7044121314824888,10,1,29,25,136,"[2229, 3260]",COMPLETE
6841,6841,0.23444680331587378,2.573026180267334,2021-06-19 19:39:01.563025,2021-06-19 19:39:04.144807,0 days 00:00:02.581782,20,0.775837870117549,10,2,30,24,136,"[6592, 3082]",COMPLETE
6842,6842,0.24024433626189776,2.574782371520996,2021-06-19 19:39:04.148597,2021-06-19 19:39:06.731908,0 days 00:00:02.583311,20,0.7044121314824888,10,1,5,25,136,"[3195, 4523]",COMPLETE
6843,6843,0.24424956435364384,2.727409601211548,2021-06-19 19:39:06.735780,2021-06-19 19:39:09.471751,0 days 00:00:02.735971,10,0.7044121314824888,10,1,3,24,136,"[1159, 411]",COMPLETE
6844,6844,0.2314496959939663,2.608811140060425,2021-06-19 19:39:09.475441,2021-06-19 19:39:12.092492,0 days 00:00:02.617051,20,0.7044121314824888,10,1,30,25,136,"[4419, 5495]",COMPLETE
6845,6845,0.24350551202309906,2.5858020782470703,2021-06-19 19:39:12.096198,2021-06-19 19:39:14.690796,0 days 00:00:02.594598,20,0.8047024443354969,10,1,1,25,136,"[5336, 4419]",COMPLETE
6846,6846,inf,inf,2021-06-19 19:39:14.694662,2021-06-19 19:39:15.004881,0 days 00:00:00.310219,20,0.548773314760542,10,1,30,26,136,"[3260, 6592]",COMPLETE
6847,6847,0.2412795925464358,2.819793939590454,2021-06-19 19:39:15.013777,2021-06-19 19:39:17.867251,0 days 00:00:02.853474,90,0.775837870117549,10,3,3,25,136,"[3260, 5145]",COMPLETE
6848,6848,0.241119127952519,2.561262845993042,2021-06-19 19:39:17.871137,2021-06-19 19:39:20.440791,0 days 00:00:02.569654,10,0.7044121314824888,10,1,8,28,136,"[316, 4523]",COMPLETE
6849,6849,0.23042318347311083,2.750518321990967,2021-06-19 19:39:20.444547,2021-06-19 19:39:23.203494,0 days 00:00:02.758947,10,0.7044121314824888,10,3,26,26,136,"[2659, 411]",COMPLETE
6850,6850,0.2635448902116333,2.65970778465271,2021-06-19 19:39:23.207367,2021-06-19 19:39:25.925244,0 days 00:00:02.717877,70,0.775837870117549,10,1,30,10,137,"[5654, 1974]",COMPLETE
6851,6851,0.23057402551069864,2.5862534046173096,2021-06-19 19:39:25.929182,2021-06-19 19:39:28.523997,0 days 00:00:02.594815,10,0.7044121314824888,10,1,30,26,137,"[3100, 411]",COMPLETE
6852,6852,0.3040024286185853,4.4805908203125,2021-06-19 19:39:28.527950,2021-06-19 19:39:33.016950,0 days 00:00:04.489000,20,0.775837870117549,2,1,30,25,137,"[6219, 3082]",COMPLETE
6853,6853,inf,inf,2021-06-19 19:39:33.020933,2021-06-19 19:39:33.387647,0 days 00:00:00.366714,20,0.49599857415135173,10,1,30,26,137,"[5654, 4879]",COMPLETE
6854,6854,0.2276974364952527,2.544039249420166,2021-06-19 19:39:33.393621,2021-06-19 19:39:35.954184,0 days 00:00:02.560563,20,0.775837870117549,10,1,30,26,137,"[1974, 5641]",COMPLETE
6855,6855,0.23231616722201276,2.672898054122925,2021-06-19 19:39:35.958169,2021-06-19 19:39:38.639482,0 days 00:00:02.681313,20,0.7044121314824888,10,9,30,25,137,"[4781, 3100]",COMPLETE
6856,6856,inf,inf,2021-06-19 19:39:38.643447,2021-06-19 19:39:38.857039,0 days 00:00:00.213592,90,0.436032183257874,10,13,30,25,137,"[900, 1389]",COMPLETE
6857,6857,0.3263122932250893,2.8272130489349365,2021-06-19 19:39:38.863759,2021-06-19 19:39:41.726871,0 days 00:00:02.863112,20,0.775837870117549,10,1,30,0,137,"[849, 3566]",COMPLETE
6858,6858,0.2289746800952571,2.631298065185547,2021-06-19 19:39:41.730436,2021-06-19 19:39:44.369984,0 days 00:00:02.639548,20,0.775837870117549,10,9,30,26,137,"[3760, 6592]",COMPLETE
6859,6859,0.23444381276134788,2.5710949897766113,2021-06-19 19:39:44.373856,2021-06-19 19:39:46.953348,0 days 00:00:02.579492,10,0.7044121314824888,10,1,28,26,137,"[2659, 5379]",COMPLETE
6860,6860,0.22965303942620774,2.7923686504364014,2021-06-19 19:39:46.957191,2021-06-19 19:39:49.757787,0 days 00:00:02.800596,20,0.8047024443354969,10,1,30,25,137,"[4331, 5336]",COMPLETE
6861,6861,0.2322970458505767,2.5467793941497803,2021-06-19 19:39:49.761593,2021-06-19 19:39:52.316591,0 days 00:00:02.554998,10,0.7044121314824888,10,1,24,26,137,"[4419, 5379]",COMPLETE
6862,6862,0.23484835031885404,2.581411600112915,2021-06-19 19:39:52.320477,2021-06-19 19:39:54.910245,0 days 00:00:02.589768,10,0.7044121314824888,10,6,30,25,137,"[1929, 316]",COMPLETE
6863,6863,0.23041477877130465,2.7243149280548096,2021-06-19 19:39:54.914173,2021-06-19 19:39:57.647107,0 days 00:00:02.732934,20,0.7044121314824888,10,2,26,26,137,"[3100, 3256]",COMPLETE
6864,6864,inf,inf,2021-06-19 19:39:57.651011,2021-06-19 19:39:57.867604,0 days 00:00:00.216593,90,0.34964924168631584,10,1,30,25,137,"[4523, 1244]",COMPLETE
6865,6865,0.23264704944658385,2.636714220046997,2021-06-19 19:39:57.874491,2021-06-19 19:40:00.537397,0 days 00:00:02.662906,20,0.7044121314824888,10,9,30,25,137,"[411, 2229]",COMPLETE
6866,6866,0.23219630367286678,2.626769781112671,2021-06-19 19:40:00.541349,2021-06-19 19:40:03.176309,0 days 00:00:02.634960,20,0.7044121314824888,10,1,30,26,137,"[6835, 6684]",COMPLETE
6867,6867,0.22820767618876853,2.8007752895355225,2021-06-19 19:40:03.180162,2021-06-19 19:40:05.989430,0 days 00:00:02.809268,20,0.7044121314824888,10,9,30,26,137,"[1244, 3256]",COMPLETE
6868,6868,inf,inf,2021-06-19 19:40:05.993246,2021-06-19 19:40:06.157524,0 days 00:00:00.164278,20,0.4486560140167377,10,1,24,26,137,"[5379, 900]",COMPLETE
6869,6869,0.22946637143087853,2.600473165512085,2021-06-19 19:40:06.171888,2021-06-19 19:40:08.806545,0 days 00:00:02.634657,10,0.813531978815724,10,1,28,26,137,"[411, 1389]",COMPLETE
6870,6870,0.2581123544852159,2.8103771209716797,2021-06-19 19:40:08.810471,2021-06-19 19:40:11.629187,0 days 00:00:02.818716,20,0.7044121314824888,10,9,26,17,137,"[5853, 3256]",COMPLETE
6871,6871,0.2356572340443538,2.6086015701293945,2021-06-19 19:40:11.633216,2021-06-19 19:40:14.250883,0 days 00:00:02.617667,20,0.7492482924832433,10,1,30,25,137,"[316, 6763]",COMPLETE
6872,6872,0.2767963459728045,2.6100752353668213,2021-06-19 19:40:14.254837,2021-06-19 19:40:16.873402,0 days 00:00:02.618565,20,0.7044121314824888,10,9,26,12,137,"[2960, 3256]",COMPLETE
6873,6873,0.2276509665124227,2.7323243618011475,2021-06-19 19:40:16.877127,2021-06-19 19:40:19.617784,0 days 00:00:02.740657,20,0.775837870117549,10,1,30,25,137,"[1735, 5145]",COMPLETE
6874,6874,0.33273006858498444,2.602130174636841,2021-06-19 19:40:19.621556,2021-06-19 19:40:22.231824,0 days 00:00:02.610268,40,0.775837870117549,10,1,30,0,137,"[3760, 3760]",COMPLETE
6875,6875,0.2301661956904039,2.573853015899658,2021-06-19 19:40:22.235883,2021-06-19 19:40:24.818245,0 days 00:00:02.582362,20,0.8047024443354969,10,1,24,25,137,"[2063, 2063]",COMPLETE
6876,6876,0.22994426627581094,2.7914493083953857,2021-06-19 19:40:24.821886,2021-06-19 19:40:27.621716,0 days 00:00:02.799830,20,0.775837870117549,10,12,30,26,137,"[3260, 6351]",COMPLETE
6877,6877,0.22955053310777043,2.5806286334991455,2021-06-19 19:40:27.625545,2021-06-19 19:40:30.214389,0 days 00:00:02.588844,20,0.775837870117549,10,1,30,26,137,"[6592, 6592]",COMPLETE
6878,6878,0.23427897519180263,2.6127753257751465,2021-06-19 19:40:30.218341,2021-06-19 19:40:32.839624,0 days 00:00:02.621283,20,0.7492482924832433,10,2,26,26,137,"[411, 2078]",COMPLETE
6879,6879,0.23032272518708524,2.7939858436584473,2021-06-19 19:40:32.843474,2021-06-19 19:40:35.646164,0 days 00:00:02.802690,10,0.7492482924832433,10,6,28,25,137,"[2659, 1389]",COMPLETE
6880,6880,0.23849808663071315,2.6407525539398193,2021-06-19 19:40:35.650010,2021-06-19 19:40:38.299133,0 days 00:00:02.649123,10,0.8812854773964023,10,1,30,25,137,"[6351, 1028]",COMPLETE
6881,6881,0.23035918139626801,2.606368064880371,2021-06-19 19:40:38.303079,2021-06-19 19:40:40.917682,0 days 00:00:02.614603,20,0.775837870117549,10,4,30,26,137,"[1974, 1974]",COMPLETE
6882,6882,0.22989099543741914,2.850634813308716,2021-06-19 19:40:40.921586,2021-06-19 19:40:43.780659,0 days 00:00:02.859073,20,0.9088497572986827,10,1,30,25,137,"[4236, 4943]",COMPLETE
6883,6883,0.2351999928675302,2.631953239440918,2021-06-19 19:40:43.784637,2021-06-19 19:40:46.425474,0 days 00:00:02.640837,60,0.7044121314824888,9,1,30,25,137,"[1929, 5145]",COMPLETE
6884,6884,0.22904718614141065,2.5552451610565186,2021-06-19 19:40:46.429203,2021-06-19 19:40:48.992656,0 days 00:00:02.563453,20,0.8047024443354969,10,1,30,26,137,"[6219, 6592]",COMPLETE
6885,6885,0.23258038151942342,2.814967632293701,2021-06-19 19:40:48.996441,2021-06-19 19:40:51.819759,0 days 00:00:02.823318,20,0.7492482924832433,10,2,30,24,137,"[1159, 880]",COMPLETE
6886,6886,0.23404789035053045,2.6106481552124023,2021-06-19 19:40:51.823904,2021-06-19 19:40:54.443137,0 days 00:00:02.619233,20,0.775837870117549,10,1,30,25,137,"[2991, 1929]",COMPLETE
6887,6887,0.23319773044476289,2.578847885131836,2021-06-19 19:40:54.447539,2021-06-19 19:40:57.034810,0 days 00:00:02.587271,20,0.7492482924832433,10,1,24,26,137,"[900, 6219]",COMPLETE
6888,6888,0.2309204748257624,2.7080729007720947,2021-06-19 19:40:57.038691,2021-06-19 19:40:59.755135,0 days 00:00:02.716444,10,0.7492482924832433,10,1,26,26,137,"[411, 1389]",COMPLETE
6889,6889,0.23339525518906737,2.612255096435547,2021-06-19 19:40:59.759112,2021-06-19 19:41:02.379928,0 days 00:00:02.620816,20,0.6374714998897424,10,1,15,25,137,"[4943, 6763]",COMPLETE
6890,6890,0.23271247893583066,2.8207144737243652,2021-06-19 19:41:02.383863,2021-06-19 19:41:05.213072,0 days 00:00:02.829209,70,0.7044121314824888,10,1,30,25,137,"[5336, 1244]",COMPLETE
6891,6891,0.2392779443985149,2.619307279586792,2021-06-19 19:41:05.216844,2021-06-19 19:41:07.845497,0 days 00:00:02.628653,10,0.7044121314824888,10,1,6,25,137,"[5145, 3195]",COMPLETE
6892,6892,0.2353632589880886,2.699037790298462,2021-06-19 19:41:07.849451,2021-06-19 19:41:10.557085,0 days 00:00:02.707634,90,0.7492482924832433,9,1,28,25,137,"[2659, 6763]",COMPLETE
6893,6893,inf,inf,2021-06-19 19:41:10.561121,2021-06-19 19:41:11.026011,0 days 00:00:00.464890,20,0.5577022670099736,10,2,30,25,137,"[6219, 2762]",COMPLETE
6894,6894,0.23257505561677536,2.8418970108032227,2021-06-19 19:41:11.033048,2021-06-19 19:41:13.904016,0 days 00:00:02.870968,10,0.7044121314824888,10,1,26,25,137,"[3256, 1028]",COMPLETE
6895,6895,0.28818003685996424,3.3620619773864746,2021-06-19 19:41:13.907834,2021-06-19 19:41:17.278482,0 days 00:00:03.370648,20,0.7044121314824888,4,1,30,24,137,"[1159, 4419]",COMPLETE
6896,6896,0.2870397766836822,3.6265223026275635,2021-06-19 19:41:17.282570,2021-06-19 19:41:20.917897,0 days 00:00:03.635327,20,0.7044121314824888,3,1,30,25,137,"[2960, 4943]",COMPLETE
6897,6897,0.23333125601375154,2.7455906867980957,2021-06-19 19:41:20.921807,2021-06-19 19:41:23.675671,0 days 00:00:02.753864,10,0.8047024443354969,10,1,30,25,137,"[5336, 2659]",COMPLETE
6898,6898,0.24296885341483246,2.5893986225128174,2021-06-19 19:41:23.679518,2021-06-19 19:41:26.277238,0 days 00:00:02.597720,20,0.775837870117549,10,1,30,22,137,"[3082, 2209]",COMPLETE
6899,6899,0.23051213113085334,2.622197389602661,2021-06-19 19:41:26.281130,2021-06-19 19:41:28.911582,0 days 00:00:02.630452,20,0.7044121314824888,10,1,26,25,137,"[3256, 5336]",COMPLETE
6900,6900,inf,inf,2021-06-19 19:41:28.915485,2021-06-19 19:41:29.335351,0 days 00:00:00.419866,10,0.5239794598347408,10,1,30,26,138,"[6751, 880]",COMPLETE
6901,6901,0.23203311861876164,2.7830121517181396,2021-06-19 19:41:29.343402,2021-06-19 19:41:32.145036,0 days 00:00:02.801634,20,0.7492482924832433,10,1,30,26,138,"[5852, 2078]",COMPLETE
6902,6902,inf,inf,2021-06-19 19:41:32.148570,2021-06-19 19:41:32.322762,0 days 00:00:00.174192,10,0.4442511565554782,10,10,30,25,138,"[1028, 3760]",COMPLETE
6903,6903,0.27346851086450613,2.6617720127105713,2021-06-19 19:41:32.330226,2021-06-19 19:41:35.015109,0 days 00:00:02.684883,50,0.6603402298320502,10,1,30,14,138,"[880, 6219]",COMPLETE
6904,6904,0.24785917055981135,2.867093324661255,2021-06-19 19:41:35.019035,2021-06-19 19:41:37.894747,0 days 00:00:02.875712,30,0.7574514356532074,7,9,30,26,138,"[2963, 4523]",COMPLETE
6905,6905,0.23131475205336383,2.762815237045288,2021-06-19 19:41:37.898432,2021-06-19 19:41:40.669498,0 days 00:00:02.771066,20,0.8047024443354969,10,1,30,25,138,"[5852, 2063]",COMPLETE
6906,6906,0.23234979966891423,2.694112539291382,2021-06-19 19:41:40.673564,2021-06-19 19:41:43.376071,0 days 00:00:02.702507,80,0.7044121314824888,10,9,30,26,138,"[1244, 2963]",COMPLETE
6907,6907,0.30342828799303634,5.513858079910278,2021-06-19 19:41:43.379979,2021-06-19 19:41:48.902351,0 days 00:00:05.522372,20,0.8047024443354969,1,1,8,25,138,"[316, 2063]",COMPLETE
6908,6908,0.23462967051057596,2.737107276916504,2021-06-19 19:41:48.906298,2021-06-19 19:41:51.651714,0 days 00:00:02.745416,10,0.6415492259649922,10,1,22,23,138,"[3195, 849]",COMPLETE
6909,6909,0.24393404578483704,2.610870599746704,2021-06-19 19:41:51.655672,2021-06-19 19:41:54.275146,0 days 00:00:02.619474,60,0.7044121314824888,10,1,2,26,138,"[2078, 3100]",COMPLETE
6910,6910,0.23282547440476004,3.0767300128936768,2021-06-19 19:41:54.279134,2021-06-19 19:41:57.364537,0 days 00:00:03.085403,40,0.9673789800995691,10,1,28,25,138,"[2659, 3760]",COMPLETE
6911,6911,0.2536131316244907,2.867548942565918,2021-06-19 19:41:57.368392,2021-06-19 19:42:00.244756,0 days 00:00:02.876364,60,0.7044121314824888,7,1,26,24,138,"[5641, 1159]",COMPLETE
6912,6912,0.27129339618360204,3.185758113861084,2021-06-19 19:42:00.248630,2021-06-19 19:42:03.443307,0 days 00:00:03.194677,20,0.775837870117549,5,1,30,25,138,"[4879, 5145]",COMPLETE
6913,6913,0.2344976440089052,2.7628748416900635,2021-06-19 19:42:03.447278,2021-06-19 19:42:06.218594,0 days 00:00:02.771316,10,0.7492482924832433,10,1,30,23,138,"[1389, 2063]",COMPLETE
6914,6914,0.24244665780752772,2.627333879470825,2021-06-19 19:42:06.222691,2021-06-19 19:42:08.859002,0 days 00:00:02.636311,0,0.7044121314824888,10,9,26,26,138,"[411, 411]",COMPLETE
6915,6915,0.22945772112460958,2.5752432346343994,2021-06-19 19:42:08.862867,2021-06-19 19:42:11.446693,0 days 00:00:02.583826,20,0.775837870117549,10,7,26,26,138,"[6351, 6684]",COMPLETE
6916,6916,0.23577189380820388,2.7252368927001953,2021-06-19 19:42:11.450633,2021-06-19 19:42:14.184199,0 days 00:00:02.733566,20,0.7492482924832433,10,1,26,26,138,"[2078, 3256]",COMPLETE
6917,6917,0.22795560391487882,2.5699195861816406,2021-06-19 19:42:14.188197,2021-06-19 19:42:16.766706,0 days 00:00:02.578509,20,0.775837870117549,10,1,26,25,138,"[3256, 2991]",COMPLETE
6918,6918,0.22729153969728202,2.6441328525543213,2021-06-19 19:42:16.770609,2021-06-19 19:42:19.423366,0 days 00:00:02.652757,20,0.775837870117549,10,1,30,26,138,"[4419, 2078]",COMPLETE
6919,6919,0.23193606855129864,2.765653610229492,2021-06-19 19:42:19.427206,2021-06-19 19:42:22.201161,0 days 00:00:02.773955,20,0.775837870117549,10,1,30,26,138,"[6592, 1974]",COMPLETE
6920,6920,0.2317284863857949,2.6138267517089844,2021-06-19 19:42:22.205172,2021-06-19 19:42:24.827456,0 days 00:00:02.622284,20,0.7044121314824888,10,9,30,25,138,"[2963, 1244]",COMPLETE
6921,6921,inf,inf,2021-06-19 19:42:24.831429,2021-06-19 19:42:25.058312,0 days 00:00:00.226883,20,0.38049014708244266,9,1,30,24,138,"[3195, 1159]",COMPLETE
6922,6922,0.32071201784747355,3.9107329845428467,2021-06-19 19:42:25.071504,2021-06-19 19:42:28.998834,0 days 00:00:03.927330,60,0.8047024443354969,3,1,24,3,138,"[2762, 5641]",COMPLETE
6923,6923,0.3187531181214471,9.306513547897339,2021-06-19 19:42:29.002305,2021-06-19 19:42:38.317204,0 days 00:00:09.314899,60,0.7492482924832433,0,1,30,25,138,"[1389, 1159]",COMPLETE
6924,6924,0.2628401868772655,2.574219226837158,2021-06-19 19:42:38.321210,2021-06-19 19:42:40.904672,0 days 00:00:02.583462,10,0.6415492259649922,10,1,22,17,138,"[849, 3566]",COMPLETE
6925,6925,0.2325991789826841,2.8522772789001465,2021-06-19 19:42:40.908640,2021-06-19 19:42:43.769220,0 days 00:00:02.860580,20,0.7044121314824888,10,15,24,25,138,"[2762, 411]",COMPLETE
6926,6926,0.25378337586148725,2.8961470127105713,2021-06-19 19:42:43.773097,2021-06-19 19:42:46.677635,0 days 00:00:02.904538,20,0.7044121314824888,7,9,30,25,138,"[3100, 2960]",COMPLETE
6927,6927,0.23436620377194878,2.587171792984009,2021-06-19 19:42:46.681708,2021-06-19 19:42:49.277453,0 days 00:00:02.595745,20,0.775837870117549,10,1,30,23,138,"[3260, 6751]",COMPLETE
6928,6928,0.24028619649990599,2.7132465839385986,2021-06-19 19:42:49.281517,2021-06-19 19:42:52.003241,0 days 00:00:02.721724,10,0.7492482924832433,10,1,8,25,138,"[316, 1389]",COMPLETE
6929,6929,0.23151392146774563,2.5866024494171143,2021-06-19 19:42:52.007181,2021-06-19 19:42:54.602150,0 days 00:00:02.594969,20,0.8047024443354969,10,1,24,26,138,"[2063, 900]",COMPLETE
6930,6930,0.23274096887089146,2.7998385429382324,2021-06-19 19:42:54.606154,2021-06-19 19:42:57.414494,0 days 00:00:02.808340,20,0.7492482924832433,10,1,30,25,138,"[1389, 5641]",COMPLETE
6931,6931,0.23751214627152029,2.5953073501586914,2021-06-19 19:42:57.418206,2021-06-19 19:43:00.021957,0 days 00:00:02.603751,20,0.7044121314824888,10,1,9,25,138,"[1244, 5641]",COMPLETE
6932,6932,0.2511420785369787,2.60770320892334,2021-06-19 19:43:00.025989,2021-06-19 19:43:02.642123,0 days 00:00:02.616134,20,0.7044121314824888,10,1,30,19,138,"[2991, 3260]",COMPLETE
6933,6933,0.2742114515454038,2.7809205055236816,2021-06-19 19:43:02.646060,2021-06-19 19:43:05.435434,0 days 00:00:02.789374,20,0.8047024443354969,10,1,28,10,138,"[2063, 2659]",COMPLETE
