,number,values_0,values_1,datetime_start,datetime_complete,duration,params_checks,params_n_ratio,params_nskip,params_trees,params_w1,params_w2,system_attrs_nsga2:generation,system_attrs_nsga2:parents,state
9420,9420,0.3026643110870043,4.326160192489624,2021-06-19 22:06:26.977370,2021-06-19 22:06:31.314958,0 days 00:00:04.337588,10,0.8173285043758665,2,1,24,25,188,"[316, 900]",COMPLETE
9421,9421,0.22627750711310884,2.6051926612854004,2021-06-19 22:06:31.320005,2021-06-19 22:06:33.936444,0 days 00:00:02.616439,80,0.775837870117549,10,1,30,25,188,"[5145, 9180]",COMPLETE
9422,9422,inf,inf,2021-06-19 22:06:33.941390,2021-06-19 22:06:34.152729,0 days 00:00:00.211339,40,0.4531335259508597,10,2,1,2,188,"[6751, 2209]",COMPLETE
9423,9423,0.2302869799145287,2.91396427154541,2021-06-19 22:06:34.161791,2021-06-19 22:06:37.124603,0 days 00:00:02.962812,20,0.775837870117549,9,1,30,27,188,"[8935, 6592]",COMPLETE
9424,9424,0.232588727535327,2.563035249710083,2021-06-19 22:06:37.129507,2021-06-19 22:06:39.703524,0 days 00:00:02.574017,20,0.7044121314824888,10,1,24,26,188,"[8720, 2209]",COMPLETE
9425,9425,0.23781711200435304,2.9166338443756104,2021-06-19 22:06:39.708584,2021-06-19 22:06:42.637648,0 days 00:00:02.929064,10,0.9638872774372131,10,11,24,25,188,"[849, 2063]",COMPLETE
9426,9426,0.22931084304506874,2.622286319732666,2021-06-19 22:06:42.642480,2021-06-19 22:06:45.275703,0 days 00:00:02.633223,20,0.775837870117549,10,1,30,25,188,"[9180, 9180]",COMPLETE
9427,9427,0.23396016854183255,2.762507915496826,2021-06-19 22:06:45.280553,2021-06-19 22:06:48.054284,0 days 00:00:02.773731,20,0.7555950978466976,10,1,24,26,188,"[900, 900]",COMPLETE
9428,9428,0.23097524902048142,2.587604522705078,2021-06-19 22:06:48.059274,2021-06-19 22:06:50.657979,0 days 00:00:02.598705,20,0.7044121314824888,10,1,30,25,188,"[3100, 2991]",COMPLETE
9429,9429,0.22889135061986768,2.8094847202301025,2021-06-19 22:06:50.662866,2021-06-19 22:06:53.483511,0 days 00:00:02.820645,100,0.775837870117549,10,1,30,25,188,"[8024, 9029]",COMPLETE
9430,9430,0.23094883003996786,2.627498149871826,2021-06-19 22:06:53.488486,2021-06-19 22:06:56.127335,0 days 00:00:02.638849,10,0.775837870117549,10,13,30,25,188,"[1389, 8935]",COMPLETE
9431,9431,0.23221019576606025,2.5879786014556885,2021-06-19 22:06:56.132389,2021-06-19 22:06:58.731736,0 days 00:00:02.599347,20,0.775837870117549,10,1,17,26,188,"[9057, 5379]",COMPLETE
9432,9432,0.3117972754642262,5.456704139709473,2021-06-19 22:06:58.736543,2021-06-19 22:07:04.204348,0 days 00:00:05.467805,20,0.7044121314824888,1,1,30,23,188,"[849, 1929]",COMPLETE
9433,9433,0.23751600561381417,2.782869815826416,2021-06-19 22:07:04.209285,2021-06-19 22:07:07.003692,0 days 00:00:02.794407,20,0.7932074009968145,10,1,15,25,188,"[8532, 8024]",COMPLETE
9434,9434,0.23154745344971717,2.56887149810791,2021-06-19 22:07:07.008880,2021-06-19 22:07:09.589297,0 days 00:00:02.580417,40,0.775837870117549,10,1,30,25,188,"[7631, 8531]",COMPLETE
9435,9435,0.23231225517474324,2.780029296875,2021-06-19 22:07:09.594358,2021-06-19 22:07:12.386571,0 days 00:00:02.792213,20,0.775837870117549,10,1,30,25,188,"[8433, 2991]",COMPLETE
9436,9436,0.230968368106194,2.6167218685150146,2021-06-19 22:07:12.391421,2021-06-19 22:07:15.019534,0 days 00:00:02.628113,20,0.775837870117549,10,8,30,25,188,"[2991, 2991]",COMPLETE
9437,9437,inf,inf,2021-06-19 22:07:15.024646,2021-06-19 22:07:15.414663,0 days 00:00:00.390017,10,0.5201287992646378,10,1,30,25,188,"[7005, 1028]",COMPLETE
9438,9438,0.2278496339212326,2.526428461074829,2021-06-19 22:07:15.428775,2021-06-19 22:07:17.974657,0 days 00:00:02.545882,20,0.775837870117549,10,1,30,26,188,"[8416, 6763]",COMPLETE
9439,9439,0.22820371471449144,2.6412365436553955,2021-06-19 22:07:17.979520,2021-06-19 22:07:20.633087,0 days 00:00:02.653567,20,0.775837870117549,10,11,30,26,188,"[6751, 1159]",COMPLETE
9440,9440,0.22830601419262023,2.754462718963623,2021-06-19 22:07:20.637767,2021-06-19 22:07:23.403297,0 days 00:00:02.765530,20,0.775837870117549,10,1,30,25,188,"[8333, 9029]",COMPLETE
9441,9441,0.23286639595716763,2.5913164615631104,2021-06-19 22:07:23.408303,2021-06-19 22:07:26.010679,0 days 00:00:02.602376,20,0.7044121314824888,10,1,30,25,188,"[1244, 7005]",COMPLETE
9442,9442,inf,inf,2021-06-19 22:07:26.015725,2021-06-19 22:07:26.206881,0 days 00:00:00.191156,20,0.31209086860645685,0,1,30,25,188,"[2063, 8433]",COMPLETE
9443,9443,0.24142927714001727,2.597193479537964,2021-06-19 22:07:26.237669,2021-06-19 22:07:28.858642,0 days 00:00:02.620973,20,0.775837870117549,10,1,6,25,188,"[9057, 8333]",COMPLETE
9444,9444,0.29502609044401723,2.7620954513549805,2021-06-19 22:07:28.863719,2021-06-19 22:07:31.637284,0 days 00:00:02.773565,10,0.775837870117549,10,1,30,3,188,"[6968, 6968]",COMPLETE
9445,9445,0.22938201817247517,2.6033875942230225,2021-06-19 22:07:31.642598,2021-06-19 22:07:34.258288,0 days 00:00:02.615690,20,0.775837870117549,10,1,30,26,188,"[5145, 8532]",COMPLETE
9446,9446,inf,inf,2021-06-19 22:07:34.263290,2021-06-19 22:07:34.612261,0 days 00:00:00.348971,20,0.49682943577759675,10,11,24,25,188,"[2063, 8532]",COMPLETE
9447,9447,0.2379518505627341,2.6010570526123047,2021-06-19 22:07:34.623307,2021-06-19 22:07:37.286437,0 days 00:00:02.663130,20,0.775837870117549,10,5,30,30,188,"[6835, 8433]",COMPLETE
9448,9448,0.23269007672415204,2.7864322662353516,2021-06-19 22:07:37.291462,2021-06-19 22:07:40.089026,0 days 00:00:02.797564,20,0.775837870117549,10,1,30,26,188,"[8532, 9029]",COMPLETE
9449,9449,0.3200602650010576,9.018468856811523,2021-06-19 22:07:40.094182,2021-06-19 22:07:49.124060,0 days 00:00:09.029878,20,0.775837870117549,0,1,30,25,188,"[9057, 6763]",COMPLETE
9450,9450,0.23281965719104566,2.815519094467163,2021-06-19 22:07:49.128872,2021-06-19 22:07:52.003020,0 days 00:00:02.874148,40,0.775837870117549,10,1,30,25,189,"[7926, 9368]",COMPLETE
9451,9451,0.23656018289982708,2.6132681369781494,2021-06-19 22:07:52.007876,2021-06-19 22:07:54.632686,0 days 00:00:02.624810,50,0.6397475148179301,10,1,30,25,189,"[8261, 880]",COMPLETE
9452,9452,inf,inf,2021-06-19 22:07:54.637745,2021-06-19 22:07:54.819406,0 days 00:00:00.181661,20,0.42006951915466845,10,1,30,26,189,"[5654, 5145]",COMPLETE
9453,9453,0.30727718767019097,5.796672344207764,2021-06-19 22:07:54.857479,2021-06-19 22:08:00.681143,0 days 00:00:05.823664,20,0.8047024443354969,1,11,30,26,189,"[2063, 8933]",COMPLETE
9454,9454,0.24032871084634136,2.7630841732025146,2021-06-19 22:08:00.686064,2021-06-19 22:08:03.461169,0 days 00:00:02.775105,10,0.8047024443354969,10,1,30,21,189,"[2063, 1389]",COMPLETE
9455,9455,0.23369348756435906,2.5579795837402344,2021-06-19 22:08:03.466108,2021-06-19 22:08:06.035653,0 days 00:00:02.569545,10,0.775837870117549,10,1,23,25,189,"[8531, 316]",COMPLETE
9456,9456,0.2319736770280374,2.7142844200134277,2021-06-19 22:08:06.040683,2021-06-19 22:08:08.766257,0 days 00:00:02.725574,20,0.7492482924832433,10,13,30,25,189,"[880, 8531]",COMPLETE
9457,9457,0.2401450684076223,2.7769834995269775,2021-06-19 22:08:08.771536,2021-06-19 22:08:11.561056,0 days 00:00:02.789520,20,0.7044121314824888,10,1,22,22,189,"[5379, 3260]",COMPLETE
9458,9458,0.23695773426003222,2.6713311672210693,2021-06-19 22:08:11.565838,2021-06-19 22:08:14.248525,0 days 00:00:02.682687,20,0.7044121314824888,10,13,9,24,189,"[8024, 1159]",COMPLETE
9459,9459,0.23069985703110138,2.5886943340301514,2021-06-19 22:08:14.253516,2021-06-19 22:08:16.853249,0 days 00:00:02.599733,40,0.775837870117549,10,1,30,26,189,"[2991, 6751]",COMPLETE
9460,9460,0.29185701186772406,4.948451042175293,2021-06-19 22:08:16.858207,2021-06-19 22:08:21.818311,0 days 00:00:04.960104,20,0.9884033045465581,3,1,29,25,189,"[9029, 849]",COMPLETE
9461,9461,0.26490070342364513,3.1809043884277344,2021-06-19 22:08:21.823218,2021-06-19 22:08:25.015642,0 days 00:00:03.192424,20,0.775837870117549,5,9,10,26,189,"[6968, 5654]",COMPLETE
9462,9462,0.22930714762892324,2.626321792602539,2021-06-19 22:08:25.020637,2021-06-19 22:08:27.658226,0 days 00:00:02.637589,20,0.775837870117549,10,12,30,25,189,"[5853, 3082]",COMPLETE
9463,9463,0.2327519708386609,2.7514986991882324,2021-06-19 22:08:27.663279,2021-06-19 22:08:30.425936,0 days 00:00:02.762657,20,0.775837870117549,10,1,30,22,189,"[5853, 7005]",COMPLETE
9464,9464,0.22757857393415645,2.5574114322662354,2021-06-19 22:08:30.430780,2021-06-19 22:08:32.999182,0 days 00:00:02.568402,20,0.775837870117549,10,1,24,25,189,"[9029, 2063]",COMPLETE
9465,9465,0.23473346935441666,2.5331714153289795,2021-06-19 22:08:33.004275,2021-06-19 22:08:35.549329,0 days 00:00:02.545054,20,0.7044121314824888,10,1,30,25,189,"[3100, 4943]",COMPLETE
9466,9466,0.23106748787050216,2.614198923110962,2021-06-19 22:08:35.554023,2021-06-19 22:08:38.179511,0 days 00:00:02.625488,20,0.775837870117549,10,14,30,25,189,"[8333, 9180]",COMPLETE
9467,9467,0.23183567994002766,2.801227331161499,2021-06-19 22:08:38.184552,2021-06-19 22:08:40.996826,0 days 00:00:02.812274,20,0.7492482924832433,10,1,30,25,189,"[1389, 9438]",COMPLETE
9468,9468,0.2868226485935342,3.3638458251953125,2021-06-19 22:08:41.001664,2021-06-19 22:08:44.376623,0 days 00:00:03.374959,10,0.6415492259649922,4,1,30,25,189,"[1389, 849]",COMPLETE
9469,9469,0.22931643637968074,2.567172050476074,2021-06-19 22:08:44.381362,2021-06-19 22:08:46.959741,0 days 00:00:02.578379,20,0.775837870117549,10,6,30,25,189,"[5145, 9286]",COMPLETE
9470,9470,0.23517789681304235,2.7927019596099854,2021-06-19 22:08:46.964689,2021-06-19 22:08:49.768717,0 days 00:00:02.804028,20,0.775837870117549,10,3,30,25,189,"[9029, 8498]",COMPLETE
9471,9471,0.22974104371295587,2.621554374694824,2021-06-19 22:08:49.774004,2021-06-19 22:08:52.407446,0 days 00:00:02.633442,40,0.775837870117549,10,1,30,26,189,"[6751, 3082]",COMPLETE
9472,9472,0.24364860807423663,2.546686887741089,2021-06-19 22:08:52.412526,2021-06-19 22:08:54.970547,0 days 00:00:02.558021,20,0.8047024443354969,10,1,0,25,189,"[4943, 8433]",COMPLETE
9473,9473,0.22575198646981823,2.740367889404297,2021-06-19 22:08:54.975560,2021-06-19 22:08:57.727379,0 days 00:00:02.751819,20,0.775837870117549,10,1,30,25,189,"[8498, 6968]",COMPLETE
9474,9474,0.22841083388860656,2.626405715942383,2021-06-19 22:08:57.732429,2021-06-19 22:09:00.369947,0 days 00:00:02.637518,20,0.775837870117549,10,11,30,26,189,"[7005, 8933]",COMPLETE
9475,9475,inf,inf,2021-06-19 22:09:00.375038,2021-06-19 22:09:00.752084,0 days 00:00:00.377046,10,0.5087651263840425,8,1,30,27,189,"[3260, 8935]",COMPLETE
9476,9476,inf,inf,2021-06-19 22:09:00.763656,2021-06-19 22:09:00.992869,0 days 00:00:00.229213,10,0.44818092057178793,10,5,25,26,189,"[8898, 2078]",COMPLETE
9477,9477,inf,inf,2021-06-19 22:09:01.007647,2021-06-19 22:09:01.190550,0 days 00:00:00.182903,20,0.3613255818743134,10,11,30,26,189,"[8933, 8933]",COMPLETE
9478,9478,inf,inf,2021-06-19 22:09:01.214545,2021-06-19 22:09:01.407621,0 days 00:00:00.193076,20,0.3186251124795551,10,1,5,25,189,"[3260, 8024]",COMPLETE
9479,9479,0.23229582330151846,2.742534637451172,2021-06-19 22:09:01.419346,2021-06-19 22:09:04.191203,0 days 00:00:02.771857,10,0.7044121314824888,10,1,25,25,189,"[8898, 9180]",COMPLETE
9480,9480,0.23163137307430293,2.5610833168029785,2021-06-19 22:09:04.196201,2021-06-19 22:09:06.768512,0 days 00:00:02.572311,10,0.7044121314824888,10,1,25,28,189,"[1028, 8898]",COMPLETE
9481,9481,0.22866842469003593,2.5701446533203125,2021-06-19 22:09:06.773541,2021-06-19 22:09:09.355003,0 days 00:00:02.581462,20,0.775837870117549,10,1,30,27,189,"[8933, 9057]",COMPLETE
9482,9482,0.2325542602735617,2.707123279571533,2021-06-19 22:09:09.359853,2021-06-19 22:09:12.078522,0 days 00:00:02.718669,20,0.775837870117549,9,15,30,25,189,"[9029, 3760]",COMPLETE
9483,9483,0.24165329599969773,2.7659294605255127,2021-06-19 22:09:12.083624,2021-06-19 22:09:14.860875,0 days 00:00:02.777251,20,0.7044121314824888,10,1,30,21,189,"[6968, 1159]",COMPLETE
9484,9484,0.2314045826821215,2.577073097229004,2021-06-19 22:09:14.865862,2021-06-19 22:09:17.454084,0 days 00:00:02.588222,10,0.775837870117549,10,1,30,25,189,"[5145, 8531]",COMPLETE
9485,9485,0.23281786817625516,2.604924201965332,2021-06-19 22:09:17.459081,2021-06-19 22:09:20.075666,0 days 00:00:02.616585,100,0.775837870117549,10,1,30,26,189,"[7926, 8531]",COMPLETE
9486,9486,0.22705602648094464,2.76906156539917,2021-06-19 22:09:20.080626,2021-06-19 22:09:22.860787,0 days 00:00:02.780161,20,0.775837870117549,10,1,30,25,189,"[5853, 1929]",COMPLETE
9487,9487,0.2291392952939332,2.539402961730957,2021-06-19 22:09:22.865769,2021-06-19 22:09:25.416342,0 days 00:00:02.550573,40,0.775837870117549,10,1,30,25,189,"[5853, 3760]",COMPLETE
9488,9488,0.23096209654441868,2.569791316986084,2021-06-19 22:09:25.421389,2021-06-19 22:09:28.002332,0 days 00:00:02.580943,20,0.7044121314824888,10,1,23,26,189,"[2078, 8898]",COMPLETE
9489,9489,0.23875317511749303,2.735718011856079,2021-06-19 22:09:28.007003,2021-06-19 22:09:30.754258,0 days 00:00:02.747255,10,0.6415492259649922,10,1,8,25,189,"[8498, 849]",COMPLETE
9490,9490,0.23064658026687382,2.5728840827941895,2021-06-19 22:09:30.759248,2021-06-19 22:09:33.343259,0 days 00:00:02.584011,10,0.775837870117549,10,1,30,25,189,"[9057, 880]",COMPLETE
9491,9491,0.23195389845836506,2.582602024078369,2021-06-19 22:09:33.348267,2021-06-19 22:09:35.942084,0 days 00:00:02.593817,20,0.775837870117549,10,1,30,25,189,"[880, 8024]",COMPLETE
9492,9492,0.23041478712699648,2.8264548778533936,2021-06-19 22:09:35.947093,2021-06-19 22:09:38.784597,0 days 00:00:02.837504,10,0.8401034436432355,10,1,30,25,189,"[1389, 1389]",COMPLETE
9493,9493,0.2365288144567736,2.6048173904418945,2021-06-19 22:09:38.789596,2021-06-19 22:09:41.405937,0 days 00:00:02.616341,20,0.775837870117549,10,1,30,28,189,"[900, 8720]",COMPLETE
9494,9494,0.2281589204926653,2.5898468494415283,2021-06-19 22:09:41.410879,2021-06-19 22:09:44.011800,0 days 00:00:02.600921,20,0.775837870117549,10,1,30,25,189,"[6763, 2991]",COMPLETE
9495,9495,0.2300365164579895,2.7612223625183105,2021-06-19 22:09:44.016397,2021-06-19 22:09:46.788569,0 days 00:00:02.772172,20,0.8047024443354969,10,1,24,26,189,"[5379, 4943]",COMPLETE
9496,9496,inf,inf,2021-06-19 22:09:46.793603,2021-06-19 22:09:46.960783,0 days 00:00:00.167180,20,0.44889014254895865,10,1,30,29,189,"[2078, 8024]",COMPLETE
9497,9497,0.3195181759645648,8.989831924438477,2021-06-19 22:09:46.989097,2021-06-19 22:09:56.007590,0 days 00:00:09.018493,20,0.7044121314824888,0,1,30,26,189,"[7631, 8898]",COMPLETE
9498,9498,0.23034245321624505,2.82030987739563,2021-06-19 22:09:56.012690,2021-06-19 22:09:58.844116,0 days 00:00:02.831426,10,0.775837870117549,10,1,30,25,189,"[5145, 8898]",COMPLETE
9499,9499,0.2290503770101005,2.6429779529571533,2021-06-19 22:09:58.848932,2021-06-19 22:10:01.503348,0 days 00:00:02.654416,20,0.8047024443354969,10,10,24,25,189,"[2063, 4943]",COMPLETE
9500,9500,inf,inf,2021-06-19 22:10:01.508292,2021-06-19 22:10:01.739458,0 days 00:00:00.231166,30,0.453002708026904,10,1,15,24,190,"[3260, 5853]",COMPLETE
9501,9501,inf,inf,2021-06-19 22:10:01.769899,2021-06-19 22:10:02.202931,0 days 00:00:00.433032,70,0.5405346268329972,10,1,30,25,190,"[1028, 8935]",COMPLETE
9502,9502,0.2738667932214034,2.887735605239868,2021-06-19 22:10:02.214103,2021-06-19 22:10:05.133757,0 days 00:00:02.919654,20,0.7492482924832433,6,1,30,17,190,"[1389, 8531]",COMPLETE
9503,9503,0.30556550422872225,6.136353254318237,2021-06-19 22:10:05.138795,2021-06-19 22:10:11.286604,0 days 00:00:06.147809,100,0.914994983886041,1,1,30,25,190,"[7770, 8333]",COMPLETE
9504,9504,0.23180046157379763,2.5930609703063965,2021-06-19 22:10:11.291696,2021-06-19 22:10:13.897070,0 days 00:00:02.605374,50,0.8047024443354969,10,1,25,25,190,"[8256, 8256]",COMPLETE
9505,9505,0.23199321495488928,2.585261821746826,2021-06-19 22:10:13.902186,2021-06-19 22:10:16.499102,0 days 00:00:02.596916,20,0.775837870117549,10,1,18,25,190,"[9180, 9286]",COMPLETE
9506,9506,0.23168288769385834,2.7611029148101807,2021-06-19 22:10:16.504231,2021-06-19 22:10:19.276997,0 days 00:00:02.772766,20,0.775837870117549,10,1,25,25,190,"[3082, 8935]",COMPLETE
9507,9507,0.23041908967062213,2.5791895389556885,2021-06-19 22:10:19.281965,2021-06-19 22:10:21.872353,0 days 00:00:02.590388,40,0.7492482924832433,10,1,30,25,190,"[880, 2991]",COMPLETE
9508,9508,0.23156889605440112,2.6094088554382324,2021-06-19 22:10:21.877193,2021-06-19 22:10:24.497710,0 days 00:00:02.620517,10,0.7044121314824888,10,1,25,25,190,"[8433, 8898]",COMPLETE
9509,9509,inf,inf,2021-06-19 22:10:24.502726,2021-06-19 22:10:24.651457,0 days 00:00:00.148731,20,0.36302367115793993,10,1,24,25,190,"[900, 2063]",COMPLETE
9510,9510,0.2905060361876774,3.8851373195648193,2021-06-19 22:10:24.666254,2021-06-19 22:10:28.583692,0 days 00:00:03.917438,20,0.617715522930888,3,1,30,25,190,"[880, 3082]",COMPLETE
9511,9511,0.2907021086788755,2.546931028366089,2021-06-19 22:10:28.588494,2021-06-19 22:10:31.146762,0 days 00:00:02.558268,20,0.775837870117549,10,1,30,1,190,"[4943, 6592]",COMPLETE
9512,9512,0.24548539036793413,2.6447865962982178,2021-06-19 22:10:31.151805,2021-06-19 22:10:33.808070,0 days 00:00:02.656265,0,0.775837870117549,10,1,0,26,190,"[9438, 8531]",COMPLETE
9513,9513,0.22974633822552787,2.947718858718872,2021-06-19 22:10:33.813370,2021-06-19 22:10:36.773830,0 days 00:00:02.960460,20,0.7956623844977255,8,1,30,30,190,"[900, 8720]",COMPLETE
9514,9514,0.2295644291440529,2.5707690715789795,2021-06-19 22:10:36.778811,2021-06-19 22:10:39.361094,0 days 00:00:02.582283,20,0.775837870117549,10,1,30,25,190,"[4943, 8498]",COMPLETE
9515,9515,0.23381063129910035,2.5433034896850586,2021-06-19 22:10:39.366120,2021-06-19 22:10:41.920688,0 days 00:00:02.554568,10,0.7044121314824888,10,1,30,26,190,"[900, 3260]",COMPLETE
9516,9516,0.2358896363825999,2.7668776512145996,2021-06-19 22:10:41.925728,2021-06-19 22:10:44.704134,0 days 00:00:02.778406,10,0.7492482924832433,10,1,11,25,190,"[2209, 1028]",COMPLETE
9517,9517,0.23270688690894473,2.5690243244171143,2021-06-19 22:10:44.709033,2021-06-19 22:10:47.289556,0 days 00:00:02.580523,20,0.7492482924832433,10,1,27,25,190,"[880, 5654]",COMPLETE
9518,9518,0.2282821330568418,2.5938560962677,2021-06-19 22:10:47.294612,2021-06-19 22:10:49.900064,0 days 00:00:02.605452,20,0.8047024443354969,10,1,30,25,190,"[8256, 8720]",COMPLETE
9519,9519,0.2357221079226351,2.823030710220337,2021-06-19 22:10:49.905140,2021-06-19 22:10:52.740035,0 days 00:00:02.834895,10,0.8850442837784949,10,1,17,25,190,"[5379, 1389]",COMPLETE
9520,9520,0.22911793941502878,2.633897066116333,2021-06-19 22:10:52.744589,2021-06-19 22:10:55.389665,0 days 00:00:02.645076,20,0.775837870117549,10,8,30,25,190,"[7926, 3760]",COMPLETE
9521,9521,0.23298780024693977,2.5609002113342285,2021-06-19 22:10:55.394631,2021-06-19 22:10:57.966878,0 days 00:00:02.572247,40,0.8047024443354969,10,1,24,25,190,"[2063, 8256]",COMPLETE
9522,9522,0.23498736674960127,2.574585199356079,2021-06-19 22:10:57.971835,2021-06-19 22:11:00.557641,0 days 00:00:02.585806,20,0.6010661771441091,10,1,25,26,190,"[8898, 1929]",COMPLETE
9523,9523,0.22985600539441647,2.8032212257385254,2021-06-19 22:11:00.562683,2021-06-19 22:11:03.377128,0 days 00:00:02.814445,20,0.775837870117549,10,9,30,25,190,"[9368, 1244]",COMPLETE
9524,9524,0.23693854064399159,2.561903476715088,2021-06-19 22:11:03.382210,2021-06-19 22:11:05.955609,0 days 00:00:02.573399,20,0.6583998631325454,10,1,22,23,190,"[8433, 849]",COMPLETE
9525,9525,0.22881748671429775,2.560565948486328,2021-06-19 22:11:05.960911,2021-06-19 22:11:08.532944,0 days 00:00:02.572033,20,0.775837870117549,10,1,30,25,190,"[8498, 8024]",COMPLETE
9526,9526,inf,inf,2021-06-19 22:11:08.537996,2021-06-19 22:11:08.810085,0 days 00:00:00.272089,20,0.46251435105629246,10,1,30,26,190,"[6835, 9180]",COMPLETE
9527,9527,0.22975219095470664,2.788167953491211,2021-06-19 22:11:08.819940,2021-06-19 22:11:11.640630,0 days 00:00:02.820690,20,0.8298660001857618,10,1,30,25,190,"[6763, 8433]",COMPLETE
9528,9528,0.24412378851163113,2.614643096923828,2021-06-19 22:11:11.645653,2021-06-19 22:11:14.271635,0 days 00:00:02.625982,40,0.775837870117549,10,1,30,20,190,"[5853, 3760]",COMPLETE
9529,9529,0.2929284301319526,3.94370174407959,2021-06-19 22:11:14.276748,2021-06-19 22:11:18.231654,0 days 00:00:03.954906,20,0.775837870117549,3,1,30,26,190,"[6835, 2991]",COMPLETE
9530,9530,0.23308547973602264,2.582324743270874,2021-06-19 22:11:18.236661,2021-06-19 22:11:20.830212,0 days 00:00:02.593551,20,0.7044121314824888,10,1,24,25,190,"[2209, 1389]",COMPLETE
9531,9531,0.2321171735096339,2.5480093955993652,2021-06-19 22:11:20.835213,2021-06-19 22:11:23.394202,0 days 00:00:02.558989,10,0.7492482924832433,10,1,30,25,190,"[1389, 1389]",COMPLETE
9532,9532,0.2914722106947005,2.7361016273498535,2021-06-19 22:11:23.399195,2021-06-19 22:11:26.146869,0 days 00:00:02.747674,40,0.7905394336468081,10,1,25,4,190,"[1929, 8898]",COMPLETE
9533,9533,0.23327246880504765,2.530740976333618,2021-06-19 22:11:26.151853,2021-06-19 22:11:28.693788,0 days 00:00:02.541935,20,0.775837870117549,10,1,30,25,190,"[8933, 8333]",COMPLETE
9534,9534,0.26354752285049476,2.929065704345703,2021-06-19 22:11:28.698649,2021-06-19 22:11:31.639226,0 days 00:00:02.940577,10,0.775837870117549,6,1,30,25,190,"[1244, 5654]",COMPLETE
9535,9535,inf,inf,2021-06-19 22:11:31.644343,2021-06-19 22:11:32.162777,0 days 00:00:00.518434,20,0.568980506662544,10,10,30,25,190,"[9057, 2991]",COMPLETE
9536,9536,0.23273135733524564,2.5744400024414062,2021-06-19 22:11:32.180657,2021-06-19 22:11:34.774806,0 days 00:00:02.594149,40,0.7492482924832433,10,1,17,25,190,"[5145, 2078]",COMPLETE
9537,9537,0.2620549067832494,3.238569736480713,2021-06-19 22:11:34.779822,2021-06-19 22:11:38.029870,0 days 00:00:03.250048,10,0.775837870117549,6,11,30,28,190,"[8898, 8933]",COMPLETE
9538,9538,0.22838707925045307,2.5331549644470215,2021-06-19 22:11:38.034979,2021-06-19 22:11:40.579530,0 days 00:00:02.544551,20,0.775837870117549,10,1,30,26,190,"[8433, 9438]",COMPLETE
9539,9539,0.2903653757324486,3.521803617477417,2021-06-19 22:11:40.584624,2021-06-19 22:11:44.117797,0 days 00:00:03.533173,10,0.7044121314824888,4,1,30,23,190,"[3260, 849]",COMPLETE
