,number,values_0,values_1,datetime_start,datetime_complete,duration,params_checks,params_n_ratio,params_nskip,params_trees,params_w1,params_w2,system_attrs_nsga2:generation,system_attrs_nsga2:parents,state
1227,1227,0.23739386369508847,2.721036195755005,2021-06-19 14:21:10.808774,2021-06-19 14:21:13.531887,0 days 00:00:02.723113,10,0.6415492259649922,10,9,22,23,24,"[553, 849]",COMPLETE
1228,1228,0.2901988937769762,3.6739985942840576,2021-06-19 14:21:13.533114,2021-06-19 14:21:17.209386,0 days 00:00:03.676272,40,0.8047024443354969,3,1,24,25,24,"[960, 840]",COMPLETE
1229,1229,0.349482757225838,2.5240566730499268,2021-06-19 14:21:17.210605,2021-06-19 14:21:19.736945,0 days 00:00:02.526340,20,0.7492482924832433,10,1,30,0,24,"[488, 900]",COMPLETE
1230,1230,inf,inf,2021-06-19 14:21:19.738176,2021-06-19 14:21:20.174557,0 days 00:00:00.436381,20,0.5248054103444679,6,5,23,24,24,"[1044, 1070]",COMPLETE
1231,1231,0.23127416414667543,2.749511241912842,2021-06-19 14:21:20.177063,2021-06-19 14:21:22.930056,0 days 00:00:02.752993,20,0.7044121314824888,10,9,24,26,24,"[759, 1118]",COMPLETE
1232,1232,0.27786980258735455,3.1422510147094727,2021-06-19 14:21:22.931707,2021-06-19 14:21:26.076324,0 days 00:00:03.144617,20,0.7044121314824888,5,1,15,24,24,"[1044, 1133]",COMPLETE
1233,1233,0.23432455791420964,2.71413254737854,2021-06-19 14:21:26.077818,2021-06-19 14:21:28.793989,0 days 00:00:02.716171,20,0.7044121314824888,10,1,30,25,24,"[1135, 1006]",COMPLETE
1234,1234,0.31840271392683483,8.968279838562012,2021-06-19 14:21:28.795532,2021-06-19 14:21:37.766054,0 days 00:00:08.970522,20,0.7044121314824888,0,1,30,26,24,"[993, 411]",COMPLETE
1235,1235,0.22913321947193593,2.7576241493225098,2021-06-19 14:21:37.767718,2021-06-19 14:21:40.527534,0 days 00:00:02.759816,20,0.7044121314824888,10,9,24,25,24,"[758, 1135]",COMPLETE
1236,1236,0.2338556001789867,2.607990026473999,2021-06-19 14:21:40.529213,2021-06-19 14:21:43.139693,0 days 00:00:02.610480,20,0.6856292559783109,10,16,30,26,24,"[684, 940]",COMPLETE
1237,1237,0.23160846549002428,2.5630290508270264,2021-06-19 14:21:43.141235,2021-06-19 14:21:45.706307,0 days 00:00:02.565072,20,0.7044121314824888,10,1,22,25,24,"[1159, 990]",COMPLETE
1238,1238,0.23180369811039142,2.714674949645996,2021-06-19 14:21:45.707898,2021-06-19 14:21:48.424685,0 days 00:00:02.716787,20,0.7492482924832433,10,1,30,26,24,"[940, 772]",COMPLETE
1239,1239,0.2472992442994918,2.9450392723083496,2021-06-19 14:21:48.426354,2021-06-19 14:21:51.373727,0 days 00:00:02.947373,40,0.7492482924832433,7,9,23,26,24,"[900, 542]",COMPLETE
1240,1240,0.23166111974577042,2.704267978668213,2021-06-19 14:21:51.375545,2021-06-19 14:21:54.082107,0 days 00:00:02.706562,20,0.7492482924832433,10,1,30,26,24,"[993, 960]",COMPLETE
1241,1241,0.23414237973768537,2.554614782333374,2021-06-19 14:21:54.083750,2021-06-19 14:21:56.640645,0 days 00:00:02.556895,20,0.7492482924832433,10,1,23,27,24,"[488, 672]",COMPLETE
1242,1242,0.22790596370084085,2.6866092681884766,2021-06-19 14:21:56.642071,2021-06-19 14:21:59.330883,0 days 00:00:02.688812,20,0.775837870117549,10,9,30,25,24,"[745, 1118]",COMPLETE
1243,1243,0.2371103101599115,2.538198471069336,2021-06-19 14:21:59.332553,2021-06-19 14:22:01.872824,0 days 00:00:02.540271,20,0.6314256997385901,10,1,30,26,24,"[772, 258]",COMPLETE
1244,1244,0.2248552287196092,2.7099769115448,2021-06-19 14:22:01.874537,2021-06-19 14:22:04.586811,0 days 00:00:02.712274,20,0.7044121314824888,10,9,30,25,24,"[553, 1118]",COMPLETE
1245,1245,0.23712667405797538,2.8720831871032715,2021-06-19 14:22:04.588334,2021-06-19 14:22:07.462913,0 days 00:00:02.874579,90,0.7044121314824888,8,10,24,27,24,"[908, 758]",COMPLETE
1246,1246,0.22788251734270193,2.5598959922790527,2021-06-19 14:22:07.464551,2021-06-19 14:22:10.026510,0 days 00:00:02.561959,10,0.7044121314824888,10,1,30,25,24,"[1028, 258]",COMPLETE
1247,1247,0.22987403944670984,2.684737205505371,2021-06-19 14:22:10.028092,2021-06-19 14:22:12.714897,0 days 00:00:02.686805,20,0.7044121314824888,10,4,30,24,24,"[1044, 684]",COMPLETE
1248,1248,0.23108728830053177,2.597395658493042,2021-06-19 14:22:12.716150,2021-06-19 14:22:15.315749,0 days 00:00:02.599599,20,0.775837870117549,10,3,30,25,24,"[1118, 553]",COMPLETE
1249,1249,0.2336004012624706,2.6911392211914062,2021-06-19 14:22:15.317275,2021-06-19 14:22:18.010591,0 days 00:00:02.693316,20,0.7044121314824888,10,1,25,24,24,"[1159, 759]",COMPLETE
1250,1250,0.2341270598771325,2.600750207901001,2021-06-19 14:22:18.012162,2021-06-19 14:22:20.662239,0 days 00:00:02.650077,10,0.5810598667386081,10,11,23,25,25,"[840, 647]",COMPLETE
1251,1251,0.2293979013905091,2.7579598426818848,2021-06-19 14:22:20.663886,2021-06-19 14:22:23.423905,0 days 00:00:02.760019,20,0.775837870117549,10,9,30,25,25,"[1175, 1242]",COMPLETE
1252,1252,0.23010345448216296,2.660428285598755,2021-06-19 14:22:23.425293,2021-06-19 14:22:26.088160,0 days 00:00:02.662867,20,0.7044121314824888,9,9,30,26,25,"[1219, 374]",COMPLETE
1253,1253,0.23134319420216468,2.5910286903381348,2021-06-19 14:22:26.089847,2021-06-19 14:22:28.683102,0 days 00:00:02.593255,20,0.7044121314824888,10,4,23,26,25,"[684, 175]",COMPLETE
1254,1254,0.23654023174333005,2.6686418056488037,2021-06-19 14:22:28.684816,2021-06-19 14:22:31.355683,0 days 00:00:02.670867,20,0.7044121314824888,10,3,14,26,25,"[1070, 908]",COMPLETE
1255,1255,0.23030593893740944,2.6735758781433105,2021-06-19 14:22:31.357345,2021-06-19 14:22:34.032987,0 days 00:00:02.675642,20,0.7044121314824888,10,9,30,26,25,"[1016, 1118]",COMPLETE
1256,1256,inf,inf,2021-06-19 14:22:34.034658,2021-06-19 14:22:34.530980,0 days 00:00:00.496322,20,0.5955047613057934,10,15,30,25,25,"[1006, 411]",COMPLETE
1257,1257,0.22935990360229627,2.7985196113586426,2021-06-19 14:22:34.542804,2021-06-19 14:22:37.350440,0 days 00:00:02.807636,50,0.7044121314824888,10,4,27,26,25,"[684, 759]",COMPLETE
1258,1258,0.23050323398278885,2.548457384109497,2021-06-19 14:22:37.351891,2021-06-19 14:22:39.902505,0 days 00:00:02.550614,20,0.7044121314824888,10,1,23,26,25,"[745, 1219]",COMPLETE
1259,1259,0.30185601400716583,2.7490744590759277,2021-06-19 14:22:39.904199,2021-06-19 14:22:42.655530,0 days 00:00:02.751331,20,0.7039382016603601,10,9,24,3,25,"[912, 758]",COMPLETE
1260,1260,0.23890070470887684,2.604290246963501,2021-06-19 14:22:42.657227,2021-06-19 14:22:45.263807,0 days 00:00:02.606580,10,0.7492482924832433,10,13,12,23,25,"[1130, 849]",COMPLETE
1261,1261,0.23475372357113483,2.5705108642578125,2021-06-19 14:22:45.265139,2021-06-19 14:22:47.837731,0 days 00:00:02.572592,10,0.7492482924832433,10,1,23,26,25,"[900, 960]",COMPLETE
1262,1262,0.23276260326249465,2.7956900596618652,2021-06-19 14:22:47.839204,2021-06-19 14:22:50.637283,0 days 00:00:02.798079,80,0.797680960373337,10,9,13,26,25,"[903, 553]",COMPLETE
1263,1263,0.23198895205131706,2.6119260787963867,2021-06-19 14:22:50.638990,2021-06-19 14:22:53.253288,0 days 00:00:02.614298,20,0.7044121314824888,10,4,23,26,25,"[684, 1205]",COMPLETE
1264,1264,0.24001818047600362,2.6440701484680176,2021-06-19 14:22:53.254971,2021-06-19 14:22:55.901130,0 days 00:00:02.646159,10,0.7044121314824888,10,1,12,26,25,"[1130, 1006]",COMPLETE
1265,1265,0.32761542921727216,8.952590227127075,2021-06-19 14:22:55.902655,2021-06-19 14:23:04.857465,0 days 00:00:08.954810,20,0.7044121314824888,0,1,30,26,25,"[759, 880]",COMPLETE
1266,1266,0.2295620482144154,2.698775053024292,2021-06-19 14:23:04.858863,2021-06-19 14:23:07.559970,0 days 00:00:02.701107,20,0.7044121314824888,10,6,27,25,25,"[990, 374]",COMPLETE
1267,1267,0.23584583202760812,2.601583957672119,2021-06-19 14:23:07.561620,2021-06-19 14:23:10.165795,0 days 00:00:02.604175,0,0.7044121314824888,10,5,24,24,25,"[758, 1044]",COMPLETE
1268,1268,0.23260640805311444,2.6843526363372803,2021-06-19 14:23:10.167497,2021-06-19 14:23:12.854039,0 days 00:00:02.686542,20,0.6630028808262199,10,1,23,24,25,"[1159, 1070]",COMPLETE
1269,1269,inf,inf,2021-06-19 14:23:12.855652,2021-06-19 14:23:13.165046,0 days 00:00:00.309394,20,0.513061469796372,10,1,30,25,25,"[511, 488]",COMPLETE
1270,1270,0.23505554941535972,2.9776499271392822,2021-06-19 14:23:13.180981,2021-06-19 14:23:16.163206,0 days 00:00:02.982225,10,0.9807752734800692,10,4,22,25,25,"[880, 488]",COMPLETE
1271,1271,0.22969565299818018,2.69474720954895,2021-06-19 14:23:16.164844,2021-06-19 14:23:18.861848,0 days 00:00:02.697004,20,0.7044121314824888,10,1,30,26,25,"[1175, 258]",COMPLETE
1272,1272,0.26539727497734794,2.5385923385620117,2021-06-19 14:23:18.863238,2021-06-19 14:23:21.403943,0 days 00:00:02.540705,10,0.7044121314824888,10,1,2,14,25,"[1205, 960]",COMPLETE
1273,1273,0.23492169053909268,2.5583651065826416,2021-06-19 14:23:21.405464,2021-06-19 14:23:23.965915,0 days 00:00:02.560451,10,0.7492482924832433,10,1,30,25,25,"[488, 960]",COMPLETE
1274,1274,0.2301166382415686,2.727644681930542,2021-06-19 14:23:23.967609,2021-06-19 14:23:26.697419,0 days 00:00:02.729810,20,0.7492482924832433,10,9,30,25,25,"[1175, 1006]",COMPLETE
1275,1275,0.2277356647485324,2.5982859134674072,2021-06-19 14:23:26.699073,2021-06-19 14:23:29.299450,0 days 00:00:02.600377,20,0.775837870117549,10,9,30,25,25,"[1118, 1016]",COMPLETE
1276,1276,0.23451215366862146,2.991610288619995,2021-06-19 14:23:29.301193,2021-06-19 14:23:32.295027,0 days 00:00:02.993834,20,0.9614114104155869,10,1,24,25,25,"[840, 1064]",COMPLETE
1277,1277,0.23543468826159344,2.5554237365722656,2021-06-19 14:23:32.296743,2021-06-19 14:23:34.854500,0 days 00:00:02.557757,20,0.6825662154033876,10,1,23,26,25,"[993, 903]",COMPLETE
1278,1278,0.2357379841257369,2.6677095890045166,2021-06-19 14:23:34.855736,2021-06-19 14:23:37.525576,0 days 00:00:02.669840,20,0.629201349454404,10,1,22,26,25,"[511, 900]",COMPLETE
1279,1279,0.3094902367836186,5.529296398162842,2021-06-19 14:23:37.526801,2021-06-19 14:23:43.058368,0 days 00:00:05.531567,20,0.7044121314824888,1,4,23,26,25,"[1016, 684]",COMPLETE
1280,1280,0.23123229077555238,2.5441181659698486,2021-06-19 14:23:43.059610,2021-06-19 14:23:45.605876,0 days 00:00:02.546266,20,0.8047024443354969,10,1,24,25,25,"[840, 258]",COMPLETE
1281,1281,0.2301666991965808,2.7634806632995605,2021-06-19 14:23:45.607120,2021-06-19 14:23:48.372787,0 days 00:00:02.765667,20,0.7492482924832433,10,1,30,26,25,"[556, 1046]",COMPLETE
1282,1282,0.23250729509691623,2.578416347503662,2021-06-19 14:23:48.374024,2021-06-19 14:23:50.954530,0 days 00:00:02.580506,20,0.7044121314824888,10,14,30,26,25,"[877, 877]",COMPLETE
1283,1283,0.2922695247154133,2.708364486694336,2021-06-19 14:23:50.956227,2021-06-19 14:23:53.666812,0 days 00:00:02.710585,10,0.7492482924832433,10,9,30,4,25,"[880, 940]",COMPLETE
1284,1284,0.2827126080622868,3.8227603435516357,2021-06-19 14:23:53.668508,2021-06-19 14:23:57.493709,0 days 00:00:03.825201,10,0.8917129208420791,3,4,16,27,25,"[849, 684]",COMPLETE
1285,1285,0.2331761694068475,2.665346145629883,2021-06-19 14:23:57.495267,2021-06-19 14:24:00.162733,0 days 00:00:02.667466,20,0.7044121314824888,10,1,30,25,25,"[1135, 511]",COMPLETE
1286,1286,0.23222699274699798,2.6461868286132812,2021-06-19 14:24:00.164393,2021-06-19 14:24:02.812684,0 days 00:00:02.648291,20,0.7044121314824888,10,1,30,24,25,"[1070, 1159]",COMPLETE
1287,1287,0.24224378661243381,2.6825170516967773,2021-06-19 14:24:02.814417,2021-06-19 14:24:05.499179,0 days 00:00:02.684762,20,0.7044121314824888,10,1,30,22,25,"[1046, 488]",COMPLETE
1288,1288,0.2286567485547288,2.566282033920288,2021-06-19 14:24:05.500897,2021-06-19 14:24:08.069314,0 days 00:00:02.568417,20,0.7044121314824888,10,9,24,26,25,"[1244, 758]",COMPLETE
1289,1289,0.235325908136765,2.5746147632598877,2021-06-19 14:24:08.070730,2021-06-19 14:24:10.647590,0 days 00:00:02.576860,10,0.7311503090355109,10,1,23,23,25,"[553, 849]",COMPLETE
1290,1290,0.2340936721404397,2.6876537799835205,2021-06-19 14:24:10.649263,2021-06-19 14:24:13.339022,0 days 00:00:02.689759,10,0.629201349454404,10,1,30,25,25,"[1028, 990]",COMPLETE
1291,1291,0.23703591599200918,2.53186297416687,2021-06-19 14:24:13.340591,2021-06-19 14:24:15.874801,0 days 00:00:02.534210,20,0.7044121314824888,10,1,9,24,25,"[905, 993]",COMPLETE
1292,1292,0.23001819311740743,2.701237440109253,2021-06-19 14:24:15.876388,2021-06-19 14:24:18.579713,0 days 00:00:02.703325,10,0.7044121314824888,10,1,30,26,25,"[880, 1046]",COMPLETE
1293,1293,0.27282504587527096,3.187272787094116,2021-06-19 14:24:18.581242,2021-06-19 14:24:21.770766,0 days 00:00:03.189524,20,0.7039382016603601,5,4,24,26,25,"[759, 912]",COMPLETE
1294,1294,0.2283418187581591,2.78214693069458,2021-06-19 14:24:21.772471,2021-06-19 14:24:24.556713,0 days 00:00:02.784242,80,0.7492482924832433,10,1,30,25,25,"[488, 488]",COMPLETE
1295,1295,0.26584610874217185,2.5277886390686035,2021-06-19 14:24:24.558321,2021-06-19 14:24:27.088182,0 days 00:00:02.529861,10,0.7044121314824888,10,1,2,14,25,"[1205, 1205]",COMPLETE
1296,1296,0.25449761541278937,2.957963466644287,2021-06-19 14:24:27.089904,2021-06-19 14:24:30.050339,0 days 00:00:02.960435,20,0.7044121314824888,7,4,2,25,25,"[684, 1244]",COMPLETE
1297,1297,0.23416446046649222,2.6032469272613525,2021-06-19 14:24:30.052091,2021-06-19 14:24:32.657740,0 days 00:00:02.605649,40,0.7044121314824888,10,1,30,26,25,"[993, 1028]",COMPLETE
1298,1298,0.24002937813975833,2.602919340133667,2021-06-19 14:24:32.659455,2021-06-19 14:24:35.264647,0 days 00:00:02.605192,20,0.7044121314824888,10,9,8,25,25,"[258, 511]",COMPLETE
1299,1299,0.3021929664082012,5.539271593093872,2021-06-19 14:24:35.266354,2021-06-19 14:24:40.808082,0 days 00:00:05.541728,20,0.7044121314824888,1,1,9,27,25,"[411, 905]",COMPLETE
1300,1300,0.23210913602722913,2.6360177993774414,2021-06-19 14:24:40.809347,2021-06-19 14:25:54.891370,0 days 00:01:14.082023,20,0.7044121314824888,10,12,19,26,26,"[411, 1244]",COMPLETE
1301,1301,inf,inf,2021-06-19 14:25:54.894882,2021-06-19 14:25:55.365952,0 days 00:00:00.471070,20,0.5903472324594559,10,7,14,26,26,"[903, 175]",COMPLETE
1302,1302,inf,inf,2021-06-19 14:25:55.371045,2021-06-19 14:25:55.776818,0 days 00:00:00.405773,100,0.5574626260748929,10,9,20,26,26,"[938, 553]",COMPLETE
1303,1303,0.2491115339565452,3.0070574283599854,2021-06-19 14:25:55.786826,2021-06-19 14:25:58.797478,0 days 00:00:03.010652,20,0.7044121314824888,7,9,30,26,26,"[374, 374]",COMPLETE
1304,1304,0.23075192513040685,2.591740131378174,2021-06-19 14:25:58.799029,2021-06-19 14:26:01.393152,0 days 00:00:02.594123,10,0.603627004462215,10,15,23,25,26,"[316, 1133]",COMPLETE
1305,1305,0.2327540817994235,2.7664735317230225,2021-06-19 14:26:01.394434,2021-06-19 14:26:04.163259,0 days 00:00:02.768825,80,0.7044121314824888,10,9,19,26,26,"[553, 1070]",COMPLETE
1306,1306,0.2316673857955817,2.630431890487671,2021-06-19 14:26:04.164682,2021-06-19 14:26:06.797250,0 days 00:00:02.632568,20,0.7044121314824888,10,9,23,26,26,"[1223, 1219]",COMPLETE
1307,1307,0.254901492591227,3.0406248569488525,2021-06-19 14:26:06.798981,2021-06-19 14:26:09.842125,0 days 00:00:03.043144,20,0.7492482924832433,7,9,24,25,26,"[758, 1175]",COMPLETE
1308,1308,0.2306037112468596,2.552309036254883,2021-06-19 14:26:09.843776,2021-06-19 14:26:12.398208,0 days 00:00:02.554432,20,0.7044121314824888,10,1,30,26,26,"[993, 903]",COMPLETE
1309,1309,0.24095035258792633,2.711566686630249,2021-06-19 14:26:12.399785,2021-06-19 14:26:15.113694,0 days 00:00:02.713909,100,0.7492482924832433,10,1,5,26,26,"[1258, 900]",COMPLETE
1310,1310,0.23218547066472306,2.5854766368865967,2021-06-19 14:26:15.115372,2021-06-19 14:26:17.703003,0 days 00:00:02.587631,20,0.7044121314824888,10,5,30,24,26,"[903, 1044]",COMPLETE
1311,1311,0.2317300131988333,2.722087860107422,2021-06-19 14:26:17.704715,2021-06-19 14:26:20.429040,0 days 00:00:02.724325,20,0.7492482924832433,10,1,23,26,26,"[1219, 960]",COMPLETE
1312,1312,0.22804953893904692,2.5450727939605713,2021-06-19 14:26:20.430368,2021-06-19 14:26:22.977568,0 days 00:00:02.547200,20,0.8047024443354969,10,1,24,25,26,"[840, 1280]",COMPLETE
1313,1313,0.23418607035830427,2.714087724685669,2021-06-19 14:26:22.979263,2021-06-19 14:26:25.695615,0 days 00:00:02.716352,10,0.7044121314824888,10,4,26,26,26,"[912, 411]",COMPLETE
1314,1314,0.2329802711970391,2.6503543853759766,2021-06-19 14:26:25.697308,2021-06-19 14:26:28.349916,0 days 00:00:02.652608,20,0.7492482924832433,9,1,30,26,26,"[1046, 745]",COMPLETE
1315,1315,0.24129229306362923,2.582185983657837,2021-06-19 14:26:28.351433,2021-06-19 14:26:30.935941,0 days 00:00:02.584508,20,0.7044121314824888,10,9,9,26,26,"[411, 1133]",COMPLETE
1316,1316,0.24506110504894707,2.7516939640045166,2021-06-19 14:26:30.937613,2021-06-19 14:26:33.691561,0 days 00:00:02.753948,20,0.7044121314824888,10,9,3,26,26,"[1160, 758]",COMPLETE
1317,1317,0.23236259496485964,2.6849541664123535,2021-06-19 14:26:33.693313,2021-06-19 14:26:36.380402,0 days 00:00:02.687089,20,0.7044121314824888,10,5,22,24,26,"[849, 1044]",COMPLETE
1318,1318,inf,inf,2021-06-19 14:26:36.382114,2021-06-19 14:26:36.947729,0 days 00:00:00.565615,20,0.5007887364407637,3,9,30,25,26,"[1175, 1175]",COMPLETE
1319,1319,0.2903569759557084,3.5644869804382324,2021-06-19 14:26:36.952546,2021-06-19 14:26:40.521657,0 days 00:00:03.569111,30,0.7492482924832433,4,6,30,25,26,"[1175, 488]",COMPLETE
1320,1320,0.23314936631629954,2.5314197540283203,2021-06-19 14:26:40.523356,2021-06-19 14:26:43.057311,0 days 00:00:02.533955,20,0.7039382016603601,10,7,25,26,26,"[411, 175]",COMPLETE
1321,1321,0.24816976498504809,2.845491647720337,2021-06-19 14:26:43.058923,2021-06-19 14:26:45.906681,0 days 00:00:02.847758,20,0.7044121314824888,7,1,30,26,26,"[1218, 1133]",COMPLETE
1322,1322,0.2398705546650126,2.622957944869995,2021-06-19 14:26:45.908248,2021-06-19 14:26:48.533496,0 days 00:00:02.625248,10,0.7492482924832433,10,1,6,25,26,"[880, 1246]",COMPLETE
1323,1323,0.2316753572753061,2.586787700653076,2021-06-19 14:26:48.534939,2021-06-19 14:26:51.124031,0 days 00:00:02.589092,20,0.7044121314824888,10,9,30,25,26,"[993, 1006]",COMPLETE
1324,1324,0.22866693778772118,2.7530951499938965,2021-06-19 14:26:51.125736,2021-06-19 14:26:53.881145,0 days 00:00:02.755409,20,0.7492482924832433,10,9,24,26,26,"[758, 900]",COMPLETE
1325,1325,0.22849779120700411,2.6631956100463867,2021-06-19 14:26:53.882771,2021-06-19 14:26:56.548149,0 days 00:00:02.665378,20,0.7044121314824888,10,1,30,26,26,"[993, 1006]",COMPLETE
1326,1326,0.22950236349899775,2.7016663551330566,2021-06-19 14:26:56.549833,2021-06-19 14:26:59.253636,0 days 00:00:02.703803,20,0.775837870117549,10,9,30,25,26,"[1118, 1244]",COMPLETE
1327,1327,0.23722454897238615,2.727677345275879,2021-06-19 14:26:59.255113,2021-06-19 14:27:01.985166,0 days 00:00:02.730053,20,0.9374963127497844,10,1,12,26,26,"[1130, 374]",COMPLETE
1328,1328,inf,inf,2021-06-19 14:27:01.986873,2021-06-19 14:27:02.465335,0 days 00:00:00.478462,10,0.5184431501785426,5,1,23,26,26,"[1219, 1246]",COMPLETE
1329,1329,0.24450425407936066,2.7287471294403076,2021-06-19 14:27:02.467803,2021-06-19 14:27:05.200614,0 days 00:00:02.732811,30,0.6275507655434356,10,1,6,26,26,"[1046, 411]",COMPLETE
1330,1330,0.23080737041101157,2.627068042755127,2021-06-19 14:27:05.202249,2021-06-19 14:27:07.831497,0 days 00:00:02.629248,20,0.8047024443354969,10,9,23,26,26,"[1280, 1223]",COMPLETE
1331,1331,0.23026067479143103,2.603381633758545,2021-06-19 14:27:07.832916,2021-06-19 14:27:10.438637,0 days 00:00:02.605721,20,0.7044121314824888,10,11,30,26,26,"[908, 1288]",COMPLETE
1332,1332,0.23077176095348914,2.6477742195129395,2021-06-19 14:27:10.440349,2021-06-19 14:27:13.090273,0 days 00:00:02.649924,20,0.7044121314824888,10,1,23,24,26,"[1133, 1159]",COMPLETE
1333,1333,0.2871920411553362,3.4358389377593994,2021-06-19 14:27:13.091981,2021-06-19 14:27:16.530105,0 days 00:00:03.438124,20,0.7044121314824888,4,9,30,26,26,"[258, 374]",COMPLETE
1334,1334,0.2421036441641823,2.7808799743652344,2021-06-19 14:27:16.531722,2021-06-19 14:27:19.314943,0 days 00:00:02.783221,20,0.7492482924832433,9,1,9,25,26,"[556, 553]",COMPLETE
1335,1335,0.23179882137449054,2.555867910385132,2021-06-19 14:27:19.316653,2021-06-19 14:27:21.874656,0 days 00:00:02.558003,20,0.7044121314824888,10,1,23,24,26,"[1159, 1160]",COMPLETE
1336,1336,0.23126221711670583,2.759617567062378,2021-06-19 14:27:21.876381,2021-06-19 14:27:24.638317,0 days 00:00:02.761936,20,0.775837870117549,10,9,30,25,26,"[1070, 1275]",COMPLETE
1337,1337,0.30870817515256593,5.445688962936401,2021-06-19 14:27:24.640052,2021-06-19 14:27:30.088170,0 days 00:00:05.448118,20,0.6937999305951955,1,1,24,25,26,"[840, 759]",COMPLETE
1338,1338,0.22872472972495886,2.741718053817749,2021-06-19 14:27:30.089815,2021-06-19 14:27:32.833680,0 days 00:00:02.743865,20,0.7044121314824888,10,5,30,26,26,"[1219, 1044]",COMPLETE
1339,1339,0.3042713356186881,5.377937316894531,2021-06-19 14:27:32.835375,2021-06-19 14:27:38.215710,0 days 00:00:05.380335,10,0.6500655324427325,1,1,24,25,26,"[840, 316]",COMPLETE
1340,1340,0.22985639174144593,2.7648706436157227,2021-06-19 14:27:38.217366,2021-06-19 14:27:40.984210,0 days 00:00:02.766844,20,0.7044121314824888,10,9,30,26,26,"[1218, 1218]",COMPLETE
1341,1341,0.23589332289954604,2.561103582382202,2021-06-19 14:27:40.985843,2021-06-19 14:27:43.549370,0 days 00:00:02.563527,20,0.6415492259649922,10,1,21,26,26,"[849, 903]",COMPLETE
1342,1342,0.23259143399311236,2.5680339336395264,2021-06-19 14:27:43.550785,2021-06-19 14:27:46.121004,0 days 00:00:02.570219,20,0.7492482924832433,10,1,24,26,26,"[900, 556]",COMPLETE
1343,1343,0.27591592569654905,2.7052268981933594,2021-06-19 14:27:46.122703,2021-06-19 14:27:48.830258,0 days 00:00:02.707555,20,0.7492482924832433,10,1,23,6,26,"[488, 1070]",COMPLETE
1344,1344,0.23080559191718764,2.530008316040039,2021-06-19 14:27:48.831862,2021-06-19 14:27:51.364054,0 days 00:00:02.532192,20,0.775837870117549,10,1,23,25,26,"[1133, 1275]",COMPLETE
1345,1345,0.23685737890505426,2.70535945892334,2021-06-19 14:27:51.365724,2021-06-19 14:27:54.073227,0 days 00:00:02.707503,10,0.7039382016603601,10,4,12,26,26,"[1130, 912]",COMPLETE
