,number,values_0,values_1,datetime_start,datetime_complete,duration,params_checks,params_n_ratio,params_nskip,params_trees,params_w1,params_w2,system_attrs_nsga2:generation,system_attrs_nsga2:parents,state
988,988,0.27022603968950176,3.29736328125,2021-06-19 14:06:20.969240,2021-06-19 14:06:24.268839,0 days 00:00:03.299599,60,0.7492482924832433,5,5,24,26,19,"[535, 900]",COMPLETE
989,989,0.3106883899548996,5.890007972717285,2021-06-19 14:06:24.270231,2021-06-19 14:06:30.161984,0 days 00:00:05.891753,20,0.7044121314824888,1,9,23,27,19,"[467, 467]",COMPLETE
990,990,0.23384860707898858,2.5149803161621094,2021-06-19 14:06:30.163563,2021-06-19 14:06:32.680399,0 days 00:00:02.516836,20,0.629201349454404,10,1,22,25,19,"[553, 511]",COMPLETE
991,991,0.2450959264648147,2.64530873298645,2021-06-19 14:06:32.681977,2021-06-19 14:06:35.329165,0 days 00:00:02.647188,50,0.7044121314824888,10,9,1,26,19,"[374, 374]",COMPLETE
992,992,0.24286753690286492,2.7609660625457764,2021-06-19 14:06:35.330737,2021-06-19 14:06:38.093640,0 days 00:00:02.762903,20,0.7044121314824888,10,4,5,26,19,"[684, 908]",COMPLETE
993,993,0.22876339005865426,2.549988031387329,2021-06-19 14:06:38.094774,2021-06-19 14:06:40.646560,0 days 00:00:02.551786,20,0.7044121314824888,10,1,30,26,19,"[374, 884]",COMPLETE
994,994,0.22896172103755155,2.7287638187408447,2021-06-19 14:06:40.647702,2021-06-19 14:06:43.378300,0 days 00:00:02.730598,30,0.7044121314824888,10,9,26,26,19,"[411, 411]",COMPLETE
995,995,0.2443050896010277,2.5676181316375732,2021-06-19 14:06:43.379421,2021-06-19 14:06:45.948961,0 days 00:00:02.569540,20,0.7492482924832433,10,1,2,26,19,"[880, 175]",COMPLETE
996,996,0.22891367267823132,2.8346407413482666,2021-06-19 14:06:45.950206,2021-06-19 14:06:48.786653,0 days 00:00:02.836447,20,0.7044121314824888,10,9,30,26,19,"[661, 758]",COMPLETE
997,997,0.25118087849934284,2.871567487716675,2021-06-19 14:06:48.787905,2021-06-19 14:06:51.661559,0 days 00:00:02.873654,70,0.7492482924832433,7,1,24,26,19,"[900, 488]",COMPLETE
998,998,0.23964157919244686,2.6239402294158936,2021-06-19 14:06:51.663040,2021-06-19 14:06:54.288943,0 days 00:00:02.625903,20,0.7044121314824888,10,9,9,27,19,"[480, 684]",COMPLETE
999,999,0.24418755861467045,2.68379282951355,2021-06-19 14:06:54.290254,2021-06-19 14:06:56.975867,0 days 00:00:02.685613,0,0.603627004462215,10,1,30,25,19,"[533, 533]",COMPLETE
1000,1000,0.23216350065587177,2.656423807144165,2021-06-19 14:06:56.977448,2021-06-19 14:08:11.200894,0 days 00:01:14.223446,20,0.7044121314824888,9,1,24,26,20,"[908, 902]",COMPLETE
1001,1001,0.23955618049815813,2.7735044956207275,2021-06-19 14:08:11.204942,2021-06-19 14:08:13.982841,0 days 00:00:02.777899,10,0.6958703823142937,10,9,8,26,20,"[316, 940]",COMPLETE
1002,1002,0.2440749565216311,2.6078290939331055,2021-06-19 14:08:13.984437,2021-06-19 14:08:16.594376,0 days 00:00:02.609939,30,0.629201349454404,10,1,1,25,20,"[990, 600]",COMPLETE
1003,1003,0.23204116873585828,2.662393808364868,2021-06-19 14:08:16.595525,2021-06-19 14:08:19.259926,0 days 00:00:02.664401,10,0.7044121314824888,10,7,30,26,20,"[413, 976]",COMPLETE
1004,1004,0.23101831536944406,2.5642220973968506,2021-06-19 14:08:19.261429,2021-06-19 14:08:21.827470,0 days 00:00:02.566041,50,0.7044121314824888,10,1,30,26,20,"[672, 457]",COMPLETE
1005,1005,0.24712770290679736,2.711765766143799,2021-06-19 14:08:21.828966,2021-06-19 14:08:24.542759,0 days 00:00:02.713793,10,0.7492482924832433,10,1,30,20,20,"[535, 938]",COMPLETE
1006,1006,0.23046876551526374,2.5237042903900146,2021-06-19 14:08:24.544116,2021-06-19 14:08:27.069680,0 days 00:00:02.525564,20,0.7044121314824888,10,1,30,25,20,"[987, 411]",COMPLETE
1007,1007,0.23765129133166427,2.642564535140991,2021-06-19 14:08:27.071145,2021-06-19 14:08:29.715588,0 days 00:00:02.644443,10,0.6459572122253778,10,1,30,23,20,"[848, 413]",COMPLETE
1008,1008,0.23030626379923053,2.7370076179504395,2021-06-19 14:08:29.717121,2021-06-19 14:08:32.456128,0 days 00:00:02.739007,20,0.7044121314824888,10,1,26,25,20,"[411, 511]",COMPLETE
1009,1009,0.23242286075225163,2.618813991546631,2021-06-19 14:08:32.457709,2021-06-19 14:08:35.078526,0 days 00:00:02.620817,20,0.8047024443354969,10,9,24,25,20,"[840, 758]",COMPLETE
1010,1010,0.2293338354635449,2.7024073600769043,2021-06-19 14:08:35.080128,2021-06-19 14:08:37.784344,0 days 00:00:02.704216,20,0.7492482924832433,10,1,26,26,20,"[411, 900]",COMPLETE
1011,1011,0.2362097031839424,2.6572794914245605,2021-06-19 14:08:37.785845,2021-06-19 14:08:40.445083,0 days 00:00:02.659238,20,0.6459572122253778,10,14,14,23,20,"[951, 413]",COMPLETE
1012,1012,0.3097525048538614,2.7583682537078857,2021-06-19 14:08:40.446473,2021-06-19 14:08:43.206913,0 days 00:00:02.760440,20,0.6314256997385901,10,9,22,5,20,"[462, 899]",COMPLETE
1013,1013,0.3161215691857736,9.09572148323059,2021-06-19 14:08:43.208057,2021-06-19 14:08:52.305775,0 days 00:00:09.097718,20,0.775837870117549,0,4,23,26,20,"[966, 542]",COMPLETE
1014,1014,0.2280839191940938,2.8519837856292725,2021-06-19 14:08:52.306909,2021-06-19 14:08:55.160916,0 days 00:00:02.854007,70,0.898346640858225,10,9,23,24,20,"[462, 899]",COMPLETE
1015,1015,0.23023271883446614,2.571681499481201,2021-06-19 14:08:55.162160,2021-06-19 14:08:57.735694,0 days 00:00:02.573534,20,0.7044121314824888,10,5,30,26,20,"[535, 258]",COMPLETE
1016,1016,0.23236424940136335,2.5428497791290283,2021-06-19 14:08:57.737292,2021-06-19 14:09:00.281963,0 days 00:00:02.544671,20,0.7044121314824888,10,1,30,26,20,"[993, 903]",COMPLETE
1017,1017,0.29164090044213625,2.946977138519287,2021-06-19 14:09:00.283551,2021-06-19 14:09:03.232802,0 days 00:00:02.949251,20,0.7492482924832433,8,4,16,11,20,"[960, 462]",COMPLETE
1018,1018,inf,inf,2021-06-19 14:09:03.234404,2021-06-19 14:09:03.696973,0 days 00:00:00.462569,20,0.5653917226396816,10,1,23,3,20,"[672, 672]",COMPLETE
1019,1019,0.28959658023969814,3.779824733734131,2021-06-19 14:09:03.698926,2021-06-19 14:09:07.481938,0 days 00:00:03.783012,20,0.7044121314824888,3,7,30,26,20,"[976, 877]",COMPLETE
1020,1020,0.27812476202555986,2.6863460540771484,2021-06-19 14:09:07.483504,2021-06-19 14:09:10.171801,0 days 00:00:02.688297,20,0.7044121314824888,10,1,23,9,20,"[672, 759]",COMPLETE
1021,1021,0.22984878759394578,2.572648286819458,2021-06-19 14:09:10.173376,2021-06-19 14:09:12.747840,0 days 00:00:02.574464,20,0.7044121314824888,10,9,23,26,20,"[758, 553]",COMPLETE
1022,1022,0.228373117068825,2.705681324005127,2021-06-19 14:09:12.749436,2021-06-19 14:09:15.457077,0 days 00:00:02.707641,20,0.7044121314824888,10,14,30,26,20,"[684, 661]",COMPLETE
1023,1023,0.23738357623824063,2.581528425216675,2021-06-19 14:09:15.458671,2021-06-19 14:09:18.042084,0 days 00:00:02.583413,20,0.7044121314824888,10,12,30,23,20,"[903, 848]",COMPLETE
1024,1024,0.23198280305328295,2.5743396282196045,2021-06-19 14:09:18.043434,2021-06-19 14:09:20.619750,0 days 00:00:02.576316,20,0.6314256997385901,10,7,24,24,20,"[840, 535]",COMPLETE
1025,1025,0.26727978665009794,3.1829230785369873,2021-06-19 14:09:20.620991,2021-06-19 14:09:23.805978,0 days 00:00:03.184987,10,0.6459572122253778,5,1,23,26,20,"[413, 647]",COMPLETE
1026,1026,0.2387934715632111,2.5706894397735596,2021-06-19 14:09:23.807571,2021-06-19 14:09:26.380139,0 days 00:00:02.572568,10,0.7492482924832433,10,1,9,25,20,"[556, 880]",COMPLETE
1027,1027,0.2347544365790959,2.6775286197662354,2021-06-19 14:09:26.381706,2021-06-19 14:09:29.061196,0 days 00:00:02.679490,20,0.603627004462215,10,1,30,25,20,"[758, 533]",COMPLETE
1028,1028,0.233270405859322,2.491586208343506,2021-06-19 14:09:29.062604,2021-06-19 14:09:31.556023,0 days 00:00:02.493419,10,0.7492482924832433,10,1,30,25,20,"[880, 940]",COMPLETE
1029,1029,0.23099443002612174,2.6929101943969727,2021-06-19 14:09:31.557547,2021-06-19 14:09:34.252341,0 days 00:00:02.694794,20,0.7044121314824888,10,1,22,25,20,"[488, 884]",COMPLETE
1030,1030,0.240966624870825,2.5283448696136475,2021-06-19 14:09:34.253921,2021-06-19 14:09:36.784237,0 days 00:00:02.530316,10,0.7492482924832433,10,1,2,25,20,"[960, 840]",COMPLETE
1031,1031,0.23410108763901977,2.7244577407836914,2021-06-19 14:09:36.785835,2021-06-19 14:09:39.512360,0 days 00:00:02.726525,0,0.7044121314824888,10,9,27,25,20,"[903, 884]",COMPLETE
1032,1032,0.23326701519016887,2.5867319107055664,2021-06-19 14:09:39.513947,2021-06-19 14:09:42.102688,0 days 00:00:02.588741,20,0.7492482924832433,10,1,23,26,20,"[672, 960]",COMPLETE
1033,1033,0.23068164006590716,2.5556702613830566,2021-06-19 14:09:42.104273,2021-06-19 14:09:44.661811,0 days 00:00:02.557538,10,0.7492482924832433,10,1,30,26,20,"[880, 902]",COMPLETE
1034,1034,0.24949280097908252,2.947111129760742,2021-06-19 14:09:44.663039,2021-06-19 14:09:47.612184,0 days 00:00:02.949145,20,0.7044121314824888,7,4,24,26,20,"[759, 912]",COMPLETE
1035,1035,0.2320364455936577,2.6217565536499023,2021-06-19 14:09:47.613434,2021-06-19 14:09:50.237452,0 days 00:00:02.624018,40,0.7044121314824888,10,10,23,27,20,"[903, 303]",COMPLETE
1036,1036,0.23200686967485787,2.7184925079345703,2021-06-19 14:09:50.239047,2021-06-19 14:09:52.959598,0 days 00:00:02.720551,60,0.7044121314824888,10,1,23,26,20,"[411, 672]",COMPLETE
1037,1037,inf,inf,2021-06-19 14:09:52.961226,2021-06-19 14:09:53.294489,0 days 00:00:00.333263,20,0.5224993635266109,10,1,24,25,20,"[840, 990]",COMPLETE
1038,1038,0.2323780798062904,2.594133138656616,2021-06-19 14:09:53.296796,2021-06-19 14:09:55.894736,0 days 00:00:02.597940,20,0.7492482924832433,10,9,30,26,20,"[661, 940]",COMPLETE
1039,1039,0.242047347927019,2.6681888103485107,2021-06-19 14:09:55.895896,2021-06-19 14:09:58.565965,0 days 00:00:02.670069,20,0.629201349454404,10,1,22,24,20,"[511, 535]",COMPLETE
1040,1040,0.2875796373723576,3.315281391143799,2021-06-19 14:09:58.567094,2021-06-19 14:10:01.884675,0 days 00:00:03.317581,10,0.6082904788005717,4,3,30,24,20,"[951, 938]",COMPLETE
1041,1041,0.22998072614958479,2.775041103363037,2021-06-19 14:10:01.885823,2021-06-19 14:10:04.663049,0 days 00:00:02.777226,40,0.7044121314824888,10,9,22,26,20,"[411, 411]",COMPLETE
1042,1042,0.23458402403906425,2.5998055934906006,2021-06-19 14:10:04.664192,2021-06-19 14:10:07.265891,0 days 00:00:02.601699,20,0.7492482924832433,10,1,30,26,20,"[940, 938]",COMPLETE
1043,1043,0.23628875652531872,2.598419666290283,2021-06-19 14:10:07.267487,2021-06-19 14:10:09.867984,0 days 00:00:02.600497,10,0.7492482924832433,10,9,30,22,20,"[745, 374]",COMPLETE
1044,1044,0.22730690144234678,2.700875759124756,2021-06-19 14:10:09.869591,2021-06-19 14:10:12.572441,0 days 00:00:02.702850,20,0.7044121314824888,10,5,30,24,20,"[535, 661]",COMPLETE
1045,1045,0.29396301270995107,3.7714450359344482,2021-06-19 14:10:12.574008,2021-06-19 14:10:16.347448,0 days 00:00:03.773440,20,0.603627004462215,3,9,30,25,20,"[533, 758]",COMPLETE
1046,1046,0.22683203344356356,2.689764976501465,2021-06-19 14:10:16.348967,2021-06-19 14:10:19.040582,0 days 00:00:02.691615,20,0.7044121314824888,10,1,30,26,20,"[647, 258]",COMPLETE
1047,1047,0.23955839476506283,2.612708330154419,2021-06-19 14:10:19.042061,2021-06-19 14:10:21.656799,0 days 00:00:02.614738,10,0.6469954928664816,10,9,8,26,20,"[968, 457]",COMPLETE
1048,1048,0.23211433795916983,2.6944334506988525,2021-06-19 14:10:21.658256,2021-06-19 14:10:24.354751,0 days 00:00:02.696495,10,0.7492482924832433,10,1,30,25,20,"[987, 880]",COMPLETE
1049,1049,0.23202379451849664,2.5452075004577637,2021-06-19 14:10:24.356331,2021-06-19 14:10:26.903593,0 days 00:00:02.547262,10,0.7492482924832433,10,1,26,26,20,"[411, 938]",COMPLETE
1050,1050,0.3135540942864077,3.3985159397125244,2021-06-19 14:10:26.905194,2021-06-19 14:10:30.352502,0 days 00:00:03.447308,10,0.7492482924832433,4,11,5,7,21,"[488, 849]",COMPLETE
1051,1051,0.22946043462083549,2.6779043674468994,2021-06-19 14:10:30.354129,2021-06-19 14:10:33.034083,0 days 00:00:02.679954,20,0.7044121314824888,10,6,30,24,21,"[258, 951]",COMPLETE
1052,1052,0.23254177326233447,2.634882926940918,2021-06-19 14:10:33.035532,2021-06-19 14:10:35.672361,0 days 00:00:02.636829,20,0.8047024443354969,10,9,24,25,21,"[840, 758]",COMPLETE
1053,1053,0.23106772671702308,2.692974805831909,2021-06-19 14:10:35.673913,2021-06-19 14:10:38.368743,0 days 00:00:02.694830,20,0.7044121314824888,10,1,30,25,21,"[511, 1016]",COMPLETE
1054,1054,0.23187598248990324,2.6789891719818115,2021-06-19 14:10:38.370285,2021-06-19 14:10:41.051305,0 days 00:00:02.681020,100,0.7044121314824888,10,4,24,26,21,"[900, 684]",COMPLETE
1055,1055,0.24221927938454627,2.6611557006835938,2021-06-19 14:10:41.052963,2021-06-19 14:10:43.716311,0 days 00:00:02.663348,10,0.7662788426291707,10,1,9,27,21,"[905, 316]",COMPLETE
1056,1056,0.24018561731035235,2.5903022289276123,2021-06-19 14:10:43.717759,2021-06-19 14:10:46.310108,0 days 00:00:02.592349,10,0.6415492259649922,10,8,30,22,21,"[849, 849]",COMPLETE
1057,1057,0.23389267298526453,2.697991371154785,2021-06-19 14:10:46.311677,2021-06-19 14:10:49.011371,0 days 00:00:02.699694,20,0.629201349454404,10,1,22,25,21,"[990, 990]",COMPLETE
1058,1058,0.2977822032929878,4.337888479232788,2021-06-19 14:10:49.012986,2021-06-19 14:10:53.353024,0 days 00:00:04.340038,20,0.8455484479997515,2,1,0,25,21,"[556, 993]",COMPLETE
1059,1059,inf,inf,2021-06-19 14:10:53.354385,2021-06-19 14:10:53.491263,0 days 00:00:00.136878,20,0.3392953664409477,10,5,30,24,21,"[951, 1046]",COMPLETE
1060,1060,0.23007681975942998,2.7346057891845703,2021-06-19 14:10:53.494824,2021-06-19 14:10:56.232977,0 days 00:00:02.738153,20,0.7492482924832433,10,9,30,26,21,"[940, 175]",COMPLETE
1061,1061,0.2302156037277651,2.5625152587890625,2021-06-19 14:10:56.234444,2021-06-19 14:10:58.799019,0 days 00:00:02.564575,60,0.7044121314824888,10,1,26,26,21,"[960, 411]",COMPLETE
1062,1062,0.3246371640541095,2.727450132369995,2021-06-19 14:10:58.800178,2021-06-19 14:11:01.529700,0 days 00:00:02.729522,40,0.7044121314824888,10,1,30,1,21,"[647, 993]",COMPLETE
1063,1063,0.23757970087634814,2.544288396835327,2021-06-19 14:11:01.530973,2021-06-19 14:11:04.077350,0 days 00:00:02.546377,10,0.7492482924832433,10,1,12,26,21,"[1046, 938]",COMPLETE
1064,1064,0.22895443232860524,2.569486618041992,2021-06-19 14:11:04.078522,2021-06-19 14:11:06.650113,0 days 00:00:02.571591,20,0.7044121314824888,10,1,30,26,21,"[1046, 903]",COMPLETE
1065,1065,0.263985626572197,2.984077215194702,2021-06-19 14:11:06.651268,2021-06-19 14:11:09.637388,0 days 00:00:02.986120,10,0.6415492259649922,6,1,29,23,21,"[849, 849]",COMPLETE
1066,1066,0.23190744767142984,2.610389471054077,2021-06-19 14:11:09.638537,2021-06-19 14:11:12.250942,0 days 00:00:02.612405,90,0.7044121314824888,10,1,24,26,21,"[758, 1028]",COMPLETE
1067,1067,0.3225619161230182,2.7839627265930176,2021-06-19 14:11:12.252530,2021-06-19 14:11:15.038590,0 days 00:00:02.786060,20,0.7044121314824888,10,9,12,3,21,"[374, 258]",COMPLETE
1068,1068,0.22980074924509475,2.566013813018799,2021-06-19 14:11:15.040134,2021-06-19 14:11:17.608196,0 days 00:00:02.568062,40,0.7492482924832433,10,1,30,26,21,"[903, 745]",COMPLETE
1069,1069,0.23420713278741467,2.8076624870300293,2021-06-19 14:11:17.609805,2021-06-19 14:11:20.419496,0 days 00:00:02.809691,100,0.7044121314824888,10,5,14,25,21,"[1006, 535]",COMPLETE
1070,1070,0.22853727403505208,2.601637601852417,2021-06-19 14:11:20.421027,2021-06-19 14:11:23.024817,0 days 00:00:02.603790,20,0.7044121314824888,10,3,23,26,21,"[1021, 672]",COMPLETE
1071,1071,0.23221335167183815,2.6145946979522705,2021-06-19 14:11:23.026337,2021-06-19 14:11:25.642818,0 days 00:00:02.616481,20,0.7044121314824888,10,9,24,26,21,"[908, 758]",COMPLETE
1072,1072,0.30767311491978794,2.7116873264312744,2021-06-19 14:11:25.644433,2021-06-19 14:11:28.358303,0 days 00:00:02.713870,20,0.7044121314824888,10,6,30,6,21,"[1006, 966]",COMPLETE
1073,1073,0.23680311803312554,2.7418277263641357,2021-06-19 14:11:28.359686,2021-06-19 14:11:31.103672,0 days 00:00:02.743986,0,0.8047024443354969,10,1,20,26,21,"[647, 772]",COMPLETE
1074,1074,0.25526984588352764,2.729646682739258,2021-06-19 14:11:31.105278,2021-06-19 14:11:33.836938,0 days 00:00:02.731660,20,0.7492482924832433,10,1,30,16,21,"[488, 993]",COMPLETE
1075,1075,inf,inf,2021-06-19 14:11:33.838518,2021-06-19 14:11:34.424978,0 days 00:00:00.586460,10,0.618900109556233,6,1,30,26,21,"[900, 1033]",COMPLETE
1076,1076,0.23250301924950473,2.6154966354370117,2021-06-19 14:11:34.427303,2021-06-19 14:11:37.047042,0 days 00:00:02.619739,20,0.7044121314824888,10,1,23,28,21,"[745, 553]",COMPLETE
1077,1077,0.237046194974235,2.7248401641845703,2021-06-19 14:11:37.048321,2021-06-19 14:11:39.775197,0 days 00:00:02.726876,10,0.603627004462215,10,10,8,25,21,"[316, 316]",COMPLETE
1078,1078,0.25712008659102525,2.826646089553833,2021-06-19 14:11:39.776485,2021-06-19 14:11:42.605225,0 days 00:00:02.828740,20,0.7492482924832433,8,1,24,22,21,"[745, 840]",COMPLETE
1079,1079,0.23462987148404676,2.66756010055542,2021-06-19 14:11:42.606738,2021-06-19 14:11:45.276312,0 days 00:00:02.669574,20,0.7492482924832433,10,1,30,26,21,"[175, 987]",COMPLETE
1080,1080,0.22965802362814783,2.562692403793335,2021-06-19 14:11:45.277990,2021-06-19 14:11:47.842800,0 days 00:00:02.564810,20,0.7044121314824888,10,1,30,25,21,"[940, 1006]",COMPLETE
1081,1081,0.23396094535954756,2.7080721855163574,2021-06-19 14:11:47.844435,2021-06-19 14:11:50.554531,0 days 00:00:02.710096,40,0.8047024443354969,10,1,23,26,21,"[1033, 647]",COMPLETE
1082,1082,inf,inf,2021-06-19 14:11:50.556152,2021-06-19 14:11:50.884417,0 days 00:00:00.328265,20,0.5329016524836061,10,9,30,3,21,"[848, 542]",COMPLETE
1083,1083,0.23488314957909354,2.58682918548584,2021-06-19 14:11:50.886524,2021-06-19 14:11:53.476891,0 days 00:00:02.590367,10,0.7492482924832433,10,1,23,26,21,"[960, 960]",COMPLETE
1084,1084,0.3170021845045106,9.042291402816772,2021-06-19 14:11:53.478402,2021-06-19 14:12:02.522738,0 days 00:00:09.044336,20,0.7044121314824888,0,1,30,26,21,"[877, 1046]",COMPLETE
1085,1085,inf,inf,2021-06-19 14:12:02.524339,2021-06-19 14:12:02.936486,0 days 00:00:00.412147,10,0.5376829009844156,10,1,9,26,21,"[556, 1033]",COMPLETE
1086,1086,0.22969361017596712,2.5684287548065186,2021-06-19 14:12:02.940026,2021-06-19 14:12:05.512103,0 days 00:00:02.572077,20,0.8047024443354969,10,1,24,26,21,"[912, 647]",COMPLETE
1087,1087,0.23898419572816057,2.70613956451416,2021-06-19 14:12:05.513655,2021-06-19 14:12:08.221913,0 days 00:00:02.708258,10,0.8047024443354969,10,3,23,30,21,"[647, 960]",COMPLETE
1088,1088,0.2301895614118173,2.5667123794555664,2021-06-19 14:12:08.223343,2021-06-19 14:12:10.792175,0 days 00:00:02.568832,20,0.7492482924832433,10,9,30,25,21,"[908, 987]",COMPLETE
1089,1089,0.23281059054591974,2.636552333831787,2021-06-19 14:12:10.793764,2021-06-19 14:12:13.432203,0 days 00:00:02.638439,20,0.7044121314824888,10,1,30,26,21,"[908, 1016]",COMPLETE
1090,1090,0.2601103118926,3.0677878856658936,2021-06-19 14:12:13.433813,2021-06-19 14:12:16.503854,0 days 00:00:03.070041,20,0.7044121314824888,6,5,30,26,21,"[905, 1015]",COMPLETE
1091,1091,0.3150986430691232,5.646681785583496,2021-06-19 14:12:16.505335,2021-06-19 14:12:22.153958,0 days 00:00:05.648623,10,0.7492482924832433,1,9,23,26,21,"[960, 960]",COMPLETE
1092,1092,0.25370226155184095,2.9298088550567627,2021-06-19 14:12:22.155550,2021-06-19 14:12:25.087484,0 days 00:00:02.931934,30,0.7044121314824888,7,1,9,26,21,"[1049, 905]",COMPLETE
1093,1093,0.30798113021283857,2.5596225261688232,2021-06-19 14:12:25.088693,2021-06-19 14:12:27.650582,0 days 00:00:02.561889,50,0.7044121314824888,10,1,9,5,21,"[1004, 905]",COMPLETE
1094,1094,0.27459012210209677,3.4472455978393555,2021-06-19 14:12:27.652094,2021-06-19 14:12:31.101515,0 days 00:00:03.449421,20,0.7044121314824888,4,1,0,26,21,"[993, 488]",COMPLETE
1095,1095,0.23599163864268513,2.5659687519073486,2021-06-19 14:12:31.103120,2021-06-19 14:12:33.671145,0 days 00:00:02.568025,10,0.7044121314824888,10,9,15,26,21,"[480, 1033]",COMPLETE
1096,1096,0.23593943888907742,2.5966501235961914,2021-06-19 14:12:33.672530,2021-06-19 14:12:36.271167,0 days 00:00:02.598637,20,0.6314256997385901,10,5,22,24,21,"[535, 849]",COMPLETE
1097,1097,0.2304770563512756,2.6968419551849365,2021-06-19 14:12:36.272760,2021-06-19 14:12:38.971567,0 days 00:00:02.698807,20,0.7492482924832433,10,1,30,25,21,"[987, 1006]",COMPLETE
1098,1098,0.24062791909282252,2.777784824371338,2021-06-19 14:12:38.972969,2021-06-19 14:12:41.753019,0 days 00:00:02.780050,20,0.7044121314824888,8,9,23,26,21,"[553, 374]",COMPLETE
1099,1099,inf,inf,2021-06-19 14:12:41.754647,2021-06-19 14:12:42.739275,0 days 00:00:00.984628,90,0.603627004462215,4,1,8,26,21,"[316, 1046]",COMPLETE
1100,1100,0.26097169333227216,3.0847458839416504,2021-06-19 14:12:42.744019,2021-06-19 14:13:57.405662,0 days 00:01:14.661643,20,0.7044121314824888,6,7,24,26,22,"[759, 175]",COMPLETE
1101,1101,0.23518054843199837,2.619527578353882,2021-06-19 14:13:57.408142,2021-06-19 14:14:00.030207,0 days 00:00:02.622065,100,0.775837870117549,10,1,13,25,22,"[542, 647]",COMPLETE
1102,1102,0.24015020299078949,3.08428955078125,2021-06-19 14:14:00.031828,2021-06-19 14:14:03.118472,0 days 00:00:03.086644,50,0.9785513605352223,10,1,9,23,22,"[905, 848]",COMPLETE
1103,1103,0.23801492207749483,2.568787097930908,2021-06-19 14:14:03.119655,2021-06-19 14:14:05.690571,0 days 00:00:02.570916,10,0.7492482924832433,10,1,26,26,22,"[1049, 411]",COMPLETE
1104,1104,0.27281959569142183,3.297724962234497,2021-06-19 14:14:05.692045,2021-06-19 14:14:08.991863,0 days 00:00:03.299818,20,0.7044121314824888,5,9,23,26,22,"[908, 1070]",COMPLETE
1105,1105,0.24598262137101612,2.5699312686920166,2021-06-19 14:14:08.993274,2021-06-19 14:14:11.565224,0 days 00:00:02.571950,20,0.7044121314824888,10,12,30,20,22,"[848, 951]",COMPLETE
1106,1106,0.2353544804385801,2.6800081729888916,2021-06-19 14:14:11.566766,2021-06-19 14:14:14.248925,0 days 00:00:02.682159,20,0.7044121314824888,10,2,30,24,22,"[1044, 1080]",COMPLETE
1107,1107,0.23595768027722738,2.6493663787841797,2021-06-19 14:14:14.250537,2021-06-19 14:14:16.901987,0 days 00:00:02.651450,20,0.7044121314824888,9,1,30,26,22,"[772, 951]",COMPLETE
