,number,values_0,values_1,datetime_start,datetime_complete,duration,params_checks,params_n_ratio,params_nskip,params_trees,params_w1,params_w2,system_attrs_nsga2:generation,system_attrs_nsga2:parents,state
2300,2300,0.2279800194722338,2.77477765083313,2021-06-19 15:22:02.830029,2021-06-19 15:23:19.368252,0 days 00:01:16.538223,20,0.7492482924832433,10,9,30,25,46,"[880, 374]",COMPLETE
2301,2301,0.2317672804558109,2.689491033554077,2021-06-19 15:23:19.371607,2021-06-19 15:23:22.064995,0 days 00:00:02.693388,20,0.9106534721457558,10,1,30,25,46,"[2063, 1656]",COMPLETE
2302,2302,0.23000353384829741,2.7940657138824463,2021-06-19 15:23:22.066883,2021-06-19 15:23:24.864173,0 days 00:00:02.797290,20,0.8047024443354969,10,12,24,25,46,"[2063, 2063]",COMPLETE
2303,2303,0.23144505218449257,2.6345560550689697,2021-06-19 15:23:24.866258,2021-06-19 15:23:27.504128,0 days 00:00:02.637870,50,0.7044121314824888,10,9,22,25,46,"[1705, 1851]",COMPLETE
2304,2304,0.23291107247262602,2.674006462097168,2021-06-19 15:23:27.506159,2021-06-19 15:23:30.183532,0 days 00:00:02.677373,20,0.7492482924832433,10,2,14,26,46,"[993, 1897]",COMPLETE
2305,2305,0.23122842138447214,2.628774404525757,2021-06-19 15:23:30.185654,2021-06-19 15:23:32.817753,0 days 00:00:02.632099,20,0.7492482924832433,10,8,30,26,46,"[1046, 1735]",COMPLETE
2306,2306,inf,inf,2021-06-19 15:23:32.819838,2021-06-19 15:23:32.917817,0 days 00:00:00.097979,20,0.3095099885387059,10,1,30,3,46,"[2048, 1416]",COMPLETE
2307,2307,inf,inf,2021-06-19 15:23:32.921097,2021-06-19 15:23:33.108972,0 days 00:00:00.187875,20,0.3639894724857899,10,1,30,25,46,"[2229, 1135]",COMPLETE
2308,2308,0.23168555268780436,2.5445408821105957,2021-06-19 15:23:33.116357,2021-06-19 15:23:35.670097,0 days 00:00:02.553740,20,0.775837870117549,10,1,30,25,46,"[2229, 1826]",COMPLETE
2309,2309,0.2783476732233876,2.817580223083496,2021-06-19 15:23:35.672252,2021-06-19 15:23:38.493195,0 days 00:00:02.820943,20,0.7044121314824888,10,9,24,12,46,"[2251, 1244]",COMPLETE
2310,2310,0.22940708225356107,2.5713558197021484,2021-06-19 15:23:38.495256,2021-06-19 15:23:41.069764,0 days 00:00:02.574508,20,0.6604080667638679,10,1,23,26,46,"[1219, 1219]",COMPLETE
2311,2311,0.23130393555811193,2.7181529998779297,2021-06-19 15:23:41.071880,2021-06-19 15:23:43.793606,0 days 00:00:02.721726,20,0.8047024443354969,10,1,23,25,46,"[2282, 647]",COMPLETE
2312,2312,0.22993134012400232,2.533859968185425,2021-06-19 15:23:43.795409,2021-06-19 15:23:46.332438,0 days 00:00:02.537029,20,0.7044121314824888,10,1,30,26,46,"[647, 1656]",COMPLETE
2313,2313,0.30428561296923406,4.454470634460449,2021-06-19 15:23:46.334537,2021-06-19 15:23:50.792403,0 days 00:00:04.457866,20,0.7044121314824888,2,1,30,22,46,"[1244, 1159]",COMPLETE
2314,2314,0.2275428270269039,2.5796470642089844,2021-06-19 15:23:50.794442,2021-06-19 15:23:53.377269,0 days 00:00:02.582827,20,0.775837870117549,10,1,30,25,46,"[2282, 1826]",COMPLETE
2315,2315,0.2326320712741314,2.558398485183716,2021-06-19 15:23:53.379281,2021-06-19 15:23:55.941368,0 days 00:00:02.562087,10,0.7492482924832433,10,1,24,25,46,"[1028, 2060]",COMPLETE
2316,2316,0.23001550188481162,2.6801507472991943,2021-06-19 15:23:55.943459,2021-06-19 15:23:58.626793,0 days 00:00:02.683334,10,0.7044121314824888,10,1,24,25,46,"[1246, 1599]",COMPLETE
2317,2317,inf,inf,2021-06-19 15:23:58.628859,2021-06-19 15:23:59.031658,0 days 00:00:00.402799,10,0.5729613927618461,10,1,30,25,46,"[1389, 2060]",COMPLETE
2318,2318,0.23279079886522058,2.642720937728882,2021-06-19 15:23:59.034437,2021-06-19 15:24:01.683359,0 days 00:00:02.648922,20,0.7044121314824888,10,1,29,26,46,"[1135, 2209]",COMPLETE
2319,2319,0.2431308063071569,2.9784460067749023,2021-06-19 15:24:01.685410,2021-06-19 15:24:04.667283,0 days 00:00:02.981873,20,0.775837870117549,8,9,30,26,46,"[1656, 2297]",COMPLETE
2320,2320,0.2317932593392164,2.5815277099609375,2021-06-19 15:24:04.669387,2021-06-19 15:24:07.254181,0 days 00:00:02.584794,20,0.8047024443354969,10,1,23,26,46,"[647, 2063]",COMPLETE
2321,2321,0.22896537006908915,2.8632919788360596,2021-06-19 15:24:07.256332,2021-06-19 15:24:10.122838,0 days 00:00:02.866506,20,0.8047024443354969,10,15,23,25,46,"[2215, 1312]",COMPLETE
2322,2322,0.269905671677727,2.6416471004486084,2021-06-19 15:24:10.124980,2021-06-19 15:24:12.770346,0 days 00:00:02.645366,20,0.7044121314824888,10,15,30,15,46,"[2215, 1159]",COMPLETE
2323,2323,0.2320298636028926,2.560504198074341,2021-06-19 15:24:12.772380,2021-06-19 15:24:15.336072,0 days 00:00:02.563692,20,0.7044121314824888,10,9,30,25,46,"[1006, 1244]",COMPLETE
2324,2324,inf,inf,2021-06-19 15:24:15.338093,2021-06-19 15:24:15.525587,0 days 00:00:00.187494,20,0.3024868872280035,10,1,30,25,46,"[2229, 1789]",COMPLETE
2325,2325,0.2659921873273111,3.3165132999420166,2021-06-19 15:24:15.528215,2021-06-19 15:24:18.855889,0 days 00:00:03.327674,20,0.8047024443354969,5,9,30,26,46,"[2256, 908]",COMPLETE
2326,2326,0.2348596660796957,2.656395196914673,2021-06-19 15:24:18.857974,2021-06-19 15:24:21.517692,0 days 00:00:02.659718,20,0.7044121314824888,10,15,30,25,46,"[1929, 2215]",COMPLETE
2327,2327,0.2346626662489987,2.76047945022583,2021-06-19 15:24:21.519620,2021-06-19 15:24:24.283472,0 days 00:00:02.763852,10,0.7044121314824888,10,13,30,25,46,"[1246, 2251]",COMPLETE
2328,2328,0.3230893616736391,9.100173473358154,2021-06-19 15:24:24.285516,2021-06-19 15:24:33.389148,0 days 00:00:09.103632,20,0.746930097292227,0,1,24,25,46,"[840, 2060]",COMPLETE
2329,2329,0.23846014862623258,2.6659045219421387,2021-06-19 15:24:33.390821,2021-06-19 15:24:36.060287,0 days 00:00:02.669466,20,0.603627004462215,10,1,8,25,46,"[1727, 316]",COMPLETE
2330,2330,0.23502398713980363,2.6277213096618652,2021-06-19 15:24:36.062067,2021-06-19 15:24:38.693114,0 days 00:00:02.631047,20,0.8047024443354969,10,1,8,25,46,"[2229, 1727]",COMPLETE
2331,2331,0.23097463588122571,2.70443058013916,2021-06-19 15:24:38.695204,2021-06-19 15:24:41.402776,0 days 00:00:02.707572,20,0.7492482924832433,10,1,25,26,46,"[2078, 2078]",COMPLETE
2332,2332,0.23164321380102182,2.5642690658569336,2021-06-19 15:24:41.404907,2021-06-19 15:24:43.972213,0 days 00:00:02.567306,20,0.775837870117549,10,1,30,26,46,"[1974, 1974]",COMPLETE
2333,2333,0.2306918679487987,2.71496319770813,2021-06-19 15:24:43.974082,2021-06-19 15:24:46.692265,0 days 00:00:02.718183,20,0.7044121314824888,10,1,24,25,46,"[1312, 1046]",COMPLETE
2334,2334,0.2443551428160537,2.7324910163879395,2021-06-19 15:24:46.694312,2021-06-19 15:24:49.430392,0 days 00:00:02.736080,20,0.8203412806250039,8,6,8,25,46,"[2078, 2282]",COMPLETE
2335,2335,0.24804330842652844,3.0243401527404785,2021-06-19 15:24:49.432488,2021-06-19 15:24:52.459974,0 days 00:00:03.027486,20,0.9957551362375499,10,1,23,26,46,"[1219, 1219]",COMPLETE
2336,2336,inf,inf,2021-06-19 15:24:52.462025,2021-06-19 15:24:52.611604,0 days 00:00:00.149579,20,0.36256975329980096,10,1,8,25,46,"[316, 2078]",COMPLETE
2337,2337,0.23056456339511547,2.7169501781463623,2021-06-19 15:24:52.624135,2021-06-19 15:24:55.353139,0 days 00:00:02.729004,20,0.8047024443354969,10,1,30,25,46,"[1789, 2229]",COMPLETE
2338,2338,0.22967572613166337,2.588615894317627,2021-06-19 15:24:55.355255,2021-06-19 15:24:57.947092,0 days 00:00:02.591837,20,0.8047024443354969,10,1,30,26,46,"[2048, 1789]",COMPLETE
2339,2339,0.23152809664854465,2.697587013244629,2021-06-19 15:24:57.949173,2021-06-19 15:25:00.650106,0 days 00:00:02.700933,20,0.7492482924832433,10,1,30,24,46,"[2078, 908]",COMPLETE
2340,2340,inf,inf,2021-06-19 15:25:00.652199,2021-06-19 15:25:00.841258,0 days 00:00:00.189059,40,0.3993052334165711,10,1,24,25,46,"[840, 1929]",COMPLETE
2341,2341,0.23809646115829008,2.6556878089904785,2021-06-19 15:25:00.844456,2021-06-19 15:25:03.509179,0 days 00:00:02.664723,70,0.7492482924832433,10,1,11,25,46,"[2060, 1046]",COMPLETE
2342,2342,0.22926534477507735,2.815810203552246,2021-06-19 15:25:03.511301,2021-06-19 15:25:06.330305,0 days 00:00:02.819004,90,0.7492482924832433,10,6,30,25,46,"[1674, 1674]",COMPLETE
2343,2343,0.2320212142454433,2.623474359512329,2021-06-19 15:25:06.332333,2021-06-19 15:25:08.959024,0 days 00:00:02.626691,20,0.7492482924832433,10,1,30,26,46,"[2100, 1789]",COMPLETE
2344,2344,0.27553176582270233,2.564119338989258,2021-06-19 15:25:08.961144,2021-06-19 15:25:11.528431,0 days 00:00:02.567287,10,0.7492482924832433,10,1,23,9,46,"[960, 960]",COMPLETE
2345,2345,0.24380151699674057,2.7154035568237305,2021-06-19 15:25:11.530544,2021-06-19 15:25:14.249469,0 days 00:00:02.718925,20,0.7492482924832433,9,1,4,26,46,"[900, 1046]",COMPLETE
2346,2346,inf,inf,2021-06-19 15:25:14.251543,2021-06-19 15:25:14.397353,0 days 00:00:00.145810,90,0.32639882611111565,10,1,30,2,46,"[880, 880]",COMPLETE
2347,2347,0.23275775373709764,2.545347213745117,2021-06-19 15:25:14.402450,2021-06-19 15:25:16.971444,0 days 00:00:02.568994,20,0.8047024443354969,10,1,25,25,46,"[2063, 2215]",COMPLETE
2348,2348,0.22870157971034913,2.7043707370758057,2021-06-19 15:25:16.973614,2021-06-19 15:25:19.681359,0 days 00:00:02.707745,20,0.8047024443354969,10,1,25,25,46,"[2282, 1205]",COMPLETE
2349,2349,0.23932143193622077,2.543609142303467,2021-06-19 15:25:19.683453,2021-06-19 15:25:22.230403,0 days 00:00:02.546950,20,0.7044121314824888,10,1,8,23,46,"[316, 1929]",COMPLETE
2350,2350,0.23734648816269374,2.720899820327759,2021-06-19 15:25:22.232520,2021-06-19 15:25:25.005566,0 days 00:00:02.773046,20,0.7492482924832433,10,1,24,26,47,"[1244, 900]",COMPLETE
2351,2351,0.23447437326194062,2.580348014831543,2021-06-19 15:25:25.007596,2021-06-19 15:25:27.591295,0 days 00:00:02.583699,20,0.7044121314824888,10,6,30,24,47,"[1674, 1159]",COMPLETE
2352,2352,inf,inf,2021-06-19 15:25:27.593455,2021-06-19 15:25:28.123513,0 days 00:00:00.530058,20,0.40980318519605957,0,9,30,26,47,"[908, 900]",COMPLETE
2353,2353,0.23569754309180424,2.632474899291992,2021-06-19 15:25:28.136428,2021-06-19 15:25:30.782447,0 days 00:00:02.646019,10,0.6415492259649922,10,9,22,23,47,"[908, 849]",COMPLETE
2354,2354,0.24570568133958626,2.9409019947052,2021-06-19 15:25:30.784530,2021-06-19 15:25:33.728901,0 days 00:00:02.944371,20,0.7492482924832433,8,16,30,25,47,"[2100, 1897]",COMPLETE
2355,2355,0.22992172414671574,2.547126531600952,2021-06-19 15:25:33.730962,2021-06-19 15:25:36.281513,0 days 00:00:02.550551,20,0.8047024443354969,10,1,30,26,47,"[1006, 1312]",COMPLETE
2356,2356,0.31156363188634434,5.592375755310059,2021-06-19 15:25:36.283619,2021-06-19 15:25:41.879364,0 days 00:00:05.595745,20,0.7044121314824888,1,1,30,25,47,"[2256, 1244]",COMPLETE
2357,2357,0.23054382953187977,2.5728096961975098,2021-06-19 15:25:41.881480,2021-06-19 15:25:44.457561,0 days 00:00:02.576081,20,0.7044121314824888,10,1,30,25,47,"[1735, 1929]",COMPLETE
2358,2358,inf,inf,2021-06-19 15:25:44.459304,2021-06-19 15:25:44.700477,0 days 00:00:00.241173,20,0.35177013555640757,6,1,2,7,47,"[1006, 1205]",COMPLETE
2359,2359,0.22831639027434705,2.773998498916626,2021-06-19 15:25:44.713666,2021-06-19 15:25:47.496387,0 days 00:00:02.782721,20,0.775837870117549,10,9,30,26,47,"[2297, 1974]",COMPLETE
2360,2360,0.23228171379169107,2.672437906265259,2021-06-19 15:25:47.498456,2021-06-19 15:25:50.174276,0 days 00:00:02.675820,20,0.7044121314824888,9,9,30,25,47,"[1244, 1389]",COMPLETE
2361,2361,0.2292473238120326,2.607672691345215,2021-06-19 15:25:50.176262,2021-06-19 15:25:52.787284,0 days 00:00:02.611022,20,0.7044121314824888,10,10,30,26,47,"[1727, 374]",COMPLETE
2362,2362,0.23665228200265687,2.7032408714294434,2021-06-19 15:25:52.789404,2021-06-19 15:25:55.495908,0 days 00:00:02.706504,20,0.8047024443354969,10,1,30,23,47,"[2256, 2256]",COMPLETE
2363,2363,0.23029011961592832,2.5552618503570557,2021-06-19 15:25:55.497856,2021-06-19 15:25:58.056336,0 days 00:00:02.558480,20,0.7044121314824888,10,1,30,26,47,"[1826, 1046]",COMPLETE
2364,2364,0.2990917761803156,2.7544822692871094,2021-06-19 15:25:58.058441,2021-06-19 15:26:00.816398,0 days 00:00:02.757957,100,0.7044121314824888,10,1,30,3,47,"[1159, 1205]",COMPLETE
2365,2365,0.2319302187057142,2.5520620346069336,2021-06-19 15:26:00.818370,2021-06-19 15:26:03.373764,0 days 00:00:02.555394,10,0.8332087657940292,10,1,30,25,47,"[1135, 849]",COMPLETE
2366,2366,0.2316995814030218,2.687623977661133,2021-06-19 15:26:03.375604,2021-06-19 15:26:06.066830,0 days 00:00:02.691226,20,0.7492482924832433,10,1,30,26,47,"[1046, 2100]",COMPLETE
2367,2367,0.2371196402543,2.619675874710083,2021-06-19 15:26:06.068609,2021-06-19 15:26:08.691492,0 days 00:00:02.622883,10,0.603627004462215,10,11,8,25,47,"[316, 316]",COMPLETE
2368,2368,0.25032426591016294,2.600154161453247,2021-06-19 15:26:08.693147,2021-06-19 15:26:11.296656,0 days 00:00:02.603509,10,0.7492482924832433,9,1,30,22,47,"[745, 880]",COMPLETE
2369,2369,0.23114241542957203,2.7005367279052734,2021-06-19 15:26:11.298324,2021-06-19 15:26:14.002128,0 days 00:00:02.703804,20,0.7044121314824888,10,1,30,26,47,"[1735, 2312]",COMPLETE
2370,2370,0.2298432656570145,2.771066904067993,2021-06-19 15:26:14.004004,2021-06-19 15:26:16.778502,0 days 00:00:02.774498,20,0.9454200822293115,10,1,30,25,47,"[2048, 1735]",COMPLETE
2371,2371,0.26665994997884646,2.6916866302490234,2021-06-19 15:26:16.780472,2021-06-19 15:26:19.475583,0 days 00:00:02.695111,20,0.7043108602627517,10,1,30,12,47,"[2312, 840]",COMPLETE
2372,2372,0.23146584756689134,2.5555360317230225,2021-06-19 15:26:19.477688,2021-06-19 15:26:22.036804,0 days 00:00:02.559116,30,0.7044121314824888,10,1,30,26,47,"[993, 374]",COMPLETE
2373,2373,0.23888452664074836,2.758275270462036,2021-06-19 15:26:22.038896,2021-06-19 15:26:24.800652,0 days 00:00:02.761756,20,0.7044121314824888,10,9,8,25,47,"[1205, 1244]",COMPLETE
2374,2374,0.29538674023698075,2.62436580657959,2021-06-19 15:26:24.802717,2021-06-19 15:26:27.430836,0 days 00:00:02.628119,20,0.8047024443354969,10,1,26,3,47,"[2256, 411]",COMPLETE
2375,2375,0.30349333256708844,2.578587293624878,2021-06-19 15:26:27.432519,2021-06-19 15:26:30.014443,0 days 00:00:02.581924,20,0.7044121314824888,10,9,30,3,47,"[1046, 374]",COMPLETE
2376,2376,0.23428696336948435,2.742000102996826,2021-06-19 15:26:30.016561,2021-06-19 15:26:32.761787,0 days 00:00:02.745226,10,0.775837870117549,10,1,30,25,47,"[1028, 1826]",COMPLETE
2377,2377,0.33110699064446636,2.6112515926361084,2021-06-19 15:26:32.763553,2021-06-19 15:26:35.378178,0 days 00:00:02.614625,20,0.7044121314824888,10,9,30,3,47,"[1159, 374]",COMPLETE
2378,2378,0.2334871045802926,2.771765947341919,2021-06-19 15:26:35.380094,2021-06-19 15:26:38.155235,0 days 00:00:02.775141,20,0.8047024443354969,10,1,8,25,47,"[1929, 2063]",COMPLETE
2379,2379,0.22995913153725986,2.665863037109375,2021-06-19 15:26:38.157345,2021-06-19 15:26:40.826581,0 days 00:00:02.669236,20,0.8047024443354969,10,2,24,26,47,"[900, 840]",COMPLETE
2380,2380,0.23606073121812188,2.57914662361145,2021-06-19 15:26:40.828536,2021-06-19 15:26:43.410919,0 days 00:00:02.582383,20,0.603627004462215,10,1,8,25,47,"[1656, 316]",COMPLETE
2381,2381,0.2832620955211359,3.5055644512176514,2021-06-19 15:26:43.412773,2021-06-19 15:26:46.921771,0 days 00:00:03.508998,20,0.6415492259649922,4,1,24,25,47,"[1727, 849]",COMPLETE
2382,2382,0.24457516240621066,2.6736574172973633,2021-06-19 15:26:46.923645,2021-06-19 15:26:49.600696,0 days 00:00:02.677051,20,0.7492482924832433,10,1,9,28,47,"[1046, 745]",COMPLETE
2383,2383,0.3042322945217582,2.7081658840179443,2021-06-19 15:26:49.602819,2021-06-19 15:26:52.314380,0 days 00:00:02.711561,20,0.7044121314824888,10,1,30,2,47,"[1929, 1851]",COMPLETE
2384,2384,0.2952115478466013,2.677664041519165,2021-06-19 15:26:52.316353,2021-06-19 15:26:54.997465,0 days 00:00:02.681112,20,0.7044121314824888,10,9,30,5,47,"[1244, 1745]",COMPLETE
2385,2385,0.23353755172694576,2.7139081954956055,2021-06-19 15:26:54.999599,2021-06-19 15:26:57.716724,0 days 00:00:02.717125,10,0.8047024443354969,10,1,24,25,47,"[1246, 840]",COMPLETE
2386,2386,inf,inf,2021-06-19 15:26:57.718615,2021-06-19 15:26:57.998753,0 days 00:00:00.280138,10,0.44305947831949166,10,1,30,13,47,"[1416, 1246]",COMPLETE
2387,2387,0.323314619383781,2.713203191757202,2021-06-19 15:26:58.004920,2021-06-19 15:27:00.725238,0 days 00:00:02.720318,20,0.7044121314824888,9,9,29,0,47,"[1135, 1218]",COMPLETE
2388,2388,0.23201714630519019,2.6421170234680176,2021-06-19 15:27:00.727328,2021-06-19 15:27:03.372867,0 days 00:00:02.645539,20,0.7044121314824888,10,7,23,26,47,"[1656, 1219]",COMPLETE
2389,2389,inf,inf,2021-06-19 15:27:03.375053,2021-06-19 15:27:03.865745,0 days 00:00:00.490692,20,0.5685471453912088,10,1,30,26,47,"[2100, 1046]",COMPLETE
2390,2390,0.2304182655762874,2.7430217266082764,2021-06-19 15:27:03.870035,2021-06-19 15:27:06.620053,0 days 00:00:02.750018,20,0.7044121314824888,10,9,30,25,47,"[1244, 1244]",COMPLETE
2391,2391,inf,inf,2021-06-19 15:27:06.622187,2021-06-19 15:27:06.777036,0 days 00:00:00.154849,20,0.3551961349267104,10,1,30,26,47,"[993, 1929]",COMPLETE
2392,2392,0.26832507159482455,2.5943784713745117,2021-06-19 15:27:06.779636,2021-06-19 15:27:09.385197,0 days 00:00:02.605561,20,0.7492482924832433,10,1,30,10,47,"[908, 2100]",COMPLETE
2393,2393,0.23753245055679253,2.692495822906494,2021-06-19 15:27:09.387086,2021-06-19 15:27:12.082922,0 days 00:00:02.695836,20,0.603627004462215,10,1,30,25,47,"[316, 2229]",COMPLETE
2394,2394,0.23556838572149702,2.555192708969116,2021-06-19 15:27:12.084998,2021-06-19 15:27:14.643775,0 days 00:00:02.558777,80,0.7044121314824888,10,1,30,27,47,"[1006, 2297]",COMPLETE
2395,2395,0.2861088558422431,2.7340087890625,2021-06-19 15:27:14.645662,2021-06-19 15:27:17.383057,0 days 00:00:02.737395,20,0.8047024443354969,10,1,30,2,47,"[2229, 993]",COMPLETE
2396,2396,0.3084772124170722,5.490250825881958,2021-06-19 15:27:17.385050,2021-06-19 15:27:22.878824,0 days 00:00:05.493774,20,0.775837870117549,1,1,24,26,47,"[2297, 2063]",COMPLETE
2397,2397,0.23733151878775108,2.6070752143859863,2021-06-19 15:27:22.880980,2021-06-19 15:27:25.491383,0 days 00:00:02.610403,10,0.775837870117549,10,1,30,26,47,"[2297, 1246]",COMPLETE
2398,2398,0.296365761115922,4.560803651809692,2021-06-19 15:27:25.493539,2021-06-19 15:27:30.057894,0 days 00:00:04.564355,60,0.7492482924832433,2,5,24,26,47,"[900, 960]",COMPLETE
2399,2399,0.2433168351718953,2.6050329208374023,2021-06-19 15:27:30.060040,2021-06-19 15:27:32.668539,0 days 00:00:02.608499,20,0.7044121314824888,10,1,5,25,47,"[1656, 1826]",COMPLETE
2400,2400,inf,inf,2021-06-19 15:27:32.670440,2021-06-19 15:27:32.886043,0 days 00:00:00.215603,20,0.34542776146615906,10,9,11,26,48,"[1674, 411]",COMPLETE
2401,2401,0.30669330304870607,2.794203042984009,2021-06-19 15:27:32.916832,2021-06-19 15:27:35.718724,0 days 00:00:02.801892,50,0.8047024443354969,10,1,23,3,48,"[647, 1205]",COMPLETE
2402,2402,0.23178779552777223,2.601945638656616,2021-06-19 15:27:35.720827,2021-06-19 15:27:38.326185,0 days 00:00:02.605358,20,0.8047024443354969,10,4,23,25,48,"[2215, 2048]",COMPLETE
2403,2403,0.24282869350992392,2.8852458000183105,2021-06-19 15:27:38.328277,2021-06-19 15:27:41.217584,0 days 00:00:02.889307,40,0.9165338225912649,9,1,0,26,48,"[1851, 1929]",COMPLETE
2404,2404,0.23115631197050168,2.596112012863159,2021-06-19 15:27:41.219726,2021-06-19 15:27:43.819527,0 days 00:00:02.599801,20,0.7044121314824888,10,9,24,25,48,"[1826, 2209]",COMPLETE
2405,2405,0.2296661195155246,2.722808837890625,2021-06-19 15:27:43.821478,2021-06-19 15:27:46.547673,0 days 00:00:02.726195,100,0.7044121314824888,10,1,30,25,48,"[1046, 1246]",COMPLETE
2406,2406,0.24320822605304232,2.5692179203033447,2021-06-19 15:27:46.549770,2021-06-19 15:27:49.122446,0 days 00:00:02.572676,10,0.7044121314824888,10,1,23,21,48,"[1219, 1028]",COMPLETE
2407,2407,0.23079323988816522,2.5734903812408447,2021-06-19 15:27:49.124583,2021-06-19 15:27:51.701353,0 days 00:00:02.576770,20,0.8047024443354969,10,1,24,26,48,"[2209, 2282]",COMPLETE
2408,2408,0.23770310982210766,2.7417359352111816,2021-06-19 15:27:51.703442,2021-06-19 15:27:54.448746,0 days 00:00:02.745304,60,0.8047024443354969,10,1,23,21,48,"[647, 2229]",COMPLETE
2409,2409,0.25455620864192524,2.5800230503082275,2021-06-19 15:27:54.450424,2021-06-19 15:27:57.033919,0 days 00:00:02.583495,20,0.7044121314824888,10,9,30,19,48,"[1218, 1244]",COMPLETE
2410,2410,0.22849644822276868,2.731179714202881,2021-06-19 15:27:57.036009,2021-06-19 15:27:59.770444,0 days 00:00:02.734435,20,0.7044121314824888,10,6,30,25,48,"[1929, 1674]",COMPLETE
2411,2411,0.24102574311522348,2.580554246902466,2021-06-19 15:27:59.772580,2021-06-19 15:28:02.356554,0 days 00:00:02.583974,20,0.7044121314824888,10,1,2,25,48,"[1312, 1205]",COMPLETE
2412,2412,0.23136191652722632,2.7657666206359863,2021-06-19 15:28:02.358681,2021-06-19 15:28:05.127676,0 days 00:00:02.768995,20,0.8047024443354969,10,1,24,25,48,"[2063, 2063]",COMPLETE
2413,2413,inf,inf,2021-06-19 15:28:05.129755,2021-06-19 15:28:05.317634,0 days 00:00:00.187879,60,0.40234060088360424,10,1,10,25,48,"[2060, 745]",COMPLETE
2414,2414,0.2609436322241721,2.6182546615600586,2021-06-19 15:28:05.334598,2021-06-19 15:28:07.960921,0 days 00:00:02.626323,20,0.7044121314824888,10,1,29,14,48,"[1205, 1205]",COMPLETE
2415,2415,0.23397656466777914,2.583601236343384,2021-06-19 15:28:07.963103,2021-06-19 15:28:10.550309,0 days 00:00:02.587206,10,0.8047024443354969,10,1,13,25,48,"[2229, 1929]",COMPLETE
2416,2416,0.3111557658248505,2.6946980953216553,2021-06-19 15:28:10.552473,2021-06-19 15:28:13.250642,0 days 00:00:02.698169,10,0.6415492259649922,10,1,30,1,48,"[849, 1246]",COMPLETE
2417,2417,0.31012505792673045,3.68361496925354,2021-06-19 15:28:13.252753,2021-06-19 15:28:16.939852,0 days 00:00:03.687099,20,0.6415492259649922,3,1,30,12,48,"[849, 2256]",COMPLETE
2418,2418,0.2296122279871656,2.741483211517334,2021-06-19 15:28:16.941940,2021-06-19 15:28:19.686759,0 days 00:00:02.744819,20,0.8047024443354969,10,1,30,25,48,"[840, 1826]",COMPLETE
2419,2419,0.26636151710265094,2.5867063999176025,2021-06-19 15:28:19.688883,2021-06-19 15:28:22.279062,0 days 00:00:02.590179,20,0.7044121314824888,10,7,2,14,48,"[1218, 1205]",COMPLETE
