,number,values_0,values_1,datetime_start,datetime_complete,duration,params_checks,params_n_ratio,params_nskip,params_trees,params_w1,params_w2,system_attrs_nsga2:generation,system_attrs_nsga2:parents,state
9540,9540,0.23316966606980113,2.6748602390289307,2021-06-19 22:11:44.123054,2021-06-19 22:11:46.809571,0 days 00:00:02.686517,20,0.8047024443354969,10,1,24,23,190,"[8720, 2063]",COMPLETE
9541,9541,0.22935985300362663,2.602203845977783,2021-06-19 22:11:46.814554,2021-06-19 22:11:49.428237,0 days 00:00:02.613683,20,0.775837870117549,10,11,30,26,190,"[8933, 8933]",COMPLETE
9542,9542,0.32491310769386145,2.536865472793579,2021-06-19 22:11:49.433262,2021-06-19 22:11:51.981584,0 days 00:00:02.548322,20,0.775837870117549,10,1,30,0,190,"[8498, 7005]",COMPLETE
9543,9543,0.3097118724553143,3.0750741958618164,2021-06-19 22:11:51.986844,2021-06-19 22:11:55.073510,0 days 00:00:03.086666,20,0.96657567077217,10,1,30,5,190,"[8531, 2078]",COMPLETE
9544,9544,0.23443925699739615,2.5972108840942383,2021-06-19 22:11:55.078531,2021-06-19 22:11:57.687065,0 days 00:00:02.608534,90,0.775837870117549,10,1,30,29,190,"[7770, 6751]",COMPLETE
9545,9545,inf,inf,2021-06-19 22:11:57.692149,2021-06-19 22:11:57.883175,0 days 00:00:00.191026,20,0.36228240844255666,10,1,30,26,190,"[8532, 8933]",COMPLETE
9546,9546,0.2288859129417309,2.6320078372955322,2021-06-19 22:11:57.899008,2021-06-19 22:12:00.564742,0 days 00:00:02.665734,20,0.775837870117549,10,9,30,25,190,"[9057, 8433]",COMPLETE
9547,9547,0.2693161874217342,3.2987372875213623,2021-06-19 22:12:00.569808,2021-06-19 22:12:03.880351,0 days 00:00:03.310543,20,0.775837870117549,5,1,30,25,190,"[8261, 2991]",COMPLETE
9548,9548,0.24114869424736834,2.730375051498413,2021-06-19 22:12:03.885430,2021-06-19 22:12:06.626908,0 days 00:00:02.741478,40,0.775837870117549,8,1,30,25,190,"[3760, 3760]",COMPLETE
9549,9549,0.2264111780188723,2.5765182971954346,2021-06-19 22:12:06.631900,2021-06-19 22:12:09.219570,0 days 00:00:02.587670,20,0.775837870117549,10,1,30,25,190,"[3760, 6592]",COMPLETE
9550,9550,0.2277204635614305,2.77311635017395,2021-06-19 22:12:09.224215,2021-06-19 22:12:12.056330,0 days 00:00:02.832115,20,0.775837870117549,10,1,30,26,191,"[9286, 6351]",COMPLETE
9551,9551,0.23008271926076454,2.5531108379364014,2021-06-19 22:12:12.060937,2021-06-19 22:12:14.625090,0 days 00:00:02.564153,70,0.7044121314824888,10,1,30,24,191,"[1159, 1159]",COMPLETE
9552,9552,0.23081063948387343,2.787459373474121,2021-06-19 22:12:14.630101,2021-06-19 22:12:17.428761,0 days 00:00:02.798660,20,0.775837870117549,10,1,30,25,191,"[7770, 3260]",COMPLETE
9553,9553,0.291905790778943,3.6836938858032227,2021-06-19 22:12:17.433232,2021-06-19 22:12:21.127948,0 days 00:00:03.694716,20,0.775837870117549,3,1,30,25,191,"[9368, 9368]",COMPLETE
9554,9554,0.22923632933983237,2.6389882564544678,2021-06-19 22:12:21.133018,2021-06-19 22:12:23.783619,0 days 00:00:02.650601,20,0.7044121314824888,10,11,30,25,191,"[3260, 1929]",COMPLETE
9555,9555,0.23328577185313426,2.6002919673919678,2021-06-19 22:12:23.788637,2021-06-19 22:12:26.400374,0 days 00:00:02.611737,20,0.775837870117549,10,14,30,22,191,"[3760, 8261]",COMPLETE
9556,9556,inf,inf,2021-06-19 22:12:26.405389,2021-06-19 22:12:26.560768,0 days 00:00:00.155379,10,0.37771870469439744,10,1,30,25,191,"[1028, 7770]",COMPLETE
9557,9557,0.23217656473186724,3.1738274097442627,2021-06-19 22:12:26.572415,2021-06-19 22:12:29.788643,0 days 00:00:03.216228,20,0.9663300295795341,9,1,30,27,191,"[8935, 8433]",COMPLETE
9558,9558,0.23460142510081392,2.658813714981079,2021-06-19 22:12:29.793626,2021-06-19 22:12:32.463821,0 days 00:00:02.670195,20,0.8047024443354969,9,1,30,25,191,"[8024, 4943]",COMPLETE
9559,9559,0.24194870054152637,2.7606730461120605,2021-06-19 22:12:32.468688,2021-06-19 22:12:35.240794,0 days 00:00:02.772106,20,0.775837870117549,10,1,3,25,191,"[9180, 8433]",COMPLETE
9560,9560,0.23303409751481957,3.0822134017944336,2021-06-19 22:12:35.245573,2021-06-19 22:12:38.338965,0 days 00:00:03.093392,10,0.9896045106395481,10,16,24,26,191,"[5379, 5379]",COMPLETE
9561,9561,0.2345515683341137,2.573150873184204,2021-06-19 22:12:38.343873,2021-06-19 22:12:40.928337,0 days 00:00:02.584464,20,0.7044121314824888,10,1,24,25,191,"[5379, 9368]",COMPLETE
9562,9562,0.3025254588877002,3.2015068531036377,2021-06-19 22:12:40.933589,2021-06-19 22:12:44.146504,0 days 00:00:03.212915,20,0.9966573664614706,10,1,30,26,191,"[1159, 8933]",COMPLETE
9563,9563,0.3689852921010999,2.5735995769500732,2021-06-19 22:12:44.151407,2021-06-19 22:12:46.736282,0 days 00:00:02.584875,20,0.7492482924832433,10,1,30,1,191,"[2209, 1389]",COMPLETE
9564,9564,0.2566313065448398,2.779008150100708,2021-06-19 22:12:46.741248,2021-06-19 22:12:49.531796,0 days 00:00:02.790548,10,0.5744713058014042,7,1,30,25,191,"[6968, 316]",COMPLETE
9565,9565,0.230680334297726,2.78326153755188,2021-06-19 22:12:49.536773,2021-06-19 22:12:52.331237,0 days 00:00:02.794464,20,0.775837870117549,10,1,30,25,191,"[8720, 7926]",COMPLETE
9566,9566,0.31096028035629236,10.026649713516235,2021-06-19 22:12:52.335804,2021-06-19 22:13:02.373906,0 days 00:00:10.038102,40,0.8708571094779856,0,11,6,25,191,"[6751, 9029]",COMPLETE
9567,9567,0.2815305230026272,3.323404312133789,2021-06-19 22:13:02.379157,2021-06-19 22:13:05.715236,0 days 00:00:03.336079,20,0.775837870117549,4,1,30,25,191,"[5145, 5853]",COMPLETE
9568,9568,0.31385629032175616,9.266676425933838,2021-06-19 22:13:05.720292,2021-06-19 22:13:14.998397,0 days 00:00:09.278105,20,0.775837870117549,0,1,7,25,191,"[9180, 9438]",COMPLETE
9569,9569,inf,inf,2021-06-19 22:13:15.003522,2021-06-19 22:13:15.221036,0 days 00:00:00.217514,20,0.483147430124063,10,16,13,25,191,"[9368, 7005]",COMPLETE
9570,9570,0.3202107894154517,8.96387243270874,2021-06-19 22:13:15.243191,2021-06-19 22:13:24.233022,0 days 00:00:08.989831,10,0.7044121314824888,0,1,30,26,191,"[5379, 1028]",COMPLETE
9571,9571,0.23019834979409762,2.565001964569092,2021-06-19 22:13:24.238029,2021-06-19 22:13:26.814225,0 days 00:00:02.576196,20,0.775837870117549,10,1,30,25,191,"[8433, 5145]",COMPLETE
9572,9572,0.22725645824532398,2.7316017150878906,2021-06-19 22:13:26.819253,2021-06-19 22:13:29.562366,0 days 00:00:02.743113,20,0.775837870117549,10,1,30,26,191,"[8024, 6351]",COMPLETE
9573,9573,0.2327079770066599,2.619866371154785,2021-06-19 22:13:29.567384,2021-06-19 22:13:32.198448,0 days 00:00:02.631064,20,0.7044121314824888,10,1,30,24,191,"[1159, 8333]",COMPLETE
9574,9574,0.23861459244680294,3.094133138656616,2021-06-19 22:13:32.204014,2021-06-19 22:13:35.309655,0 days 00:00:03.105641,20,0.9732128700442921,10,1,30,26,191,"[900, 8024]",COMPLETE
9575,9575,0.22994534435396402,2.5669960975646973,2021-06-19 22:13:35.314432,2021-06-19 22:13:37.892689,0 days 00:00:02.578257,20,0.7200570564887417,10,1,30,25,191,"[9286, 9029]",COMPLETE
9576,9576,0.29899032050106256,4.294491767883301,2021-06-19 22:13:37.897754,2021-06-19 22:13:42.203867,0 days 00:00:04.306113,20,0.6729500145730289,2,1,30,25,191,"[9368, 2991]",COMPLETE
9577,9577,0.22785565402683725,2.599250078201294,2021-06-19 22:13:42.209007,2021-06-19 22:13:44.819717,0 days 00:00:02.610710,20,0.775837870117549,10,1,30,25,191,"[8498, 3082]",COMPLETE
9578,9578,0.22947449607209022,2.820378303527832,2021-06-19 22:13:44.824862,2021-06-19 22:13:47.656683,0 days 00:00:02.831821,20,0.775837870117549,10,1,30,25,191,"[8433, 9029]",COMPLETE
9579,9579,0.24350943211942416,2.5453782081604004,2021-06-19 22:13:47.661582,2021-06-19 22:13:50.218259,0 days 00:00:02.556677,20,0.775837870117549,10,1,7,22,191,"[5654, 5654]",COMPLETE
9580,9580,0.2281048528103268,2.8096001148223877,2021-06-19 22:13:50.223088,2021-06-19 22:13:53.044126,0 days 00:00:02.821038,80,0.775837870117549,10,1,30,25,191,"[5654, 3760]",COMPLETE
9581,9581,0.23045573654498214,2.5920960903167725,2021-06-19 22:13:53.048918,2021-06-19 22:13:55.652582,0 days 00:00:02.603664,40,0.7044121314824888,10,1,26,26,191,"[3260, 7926]",COMPLETE
9582,9582,0.23354382813981242,2.6113662719726562,2021-06-19 22:13:55.657680,2021-06-19 22:13:58.280607,0 days 00:00:02.622927,20,0.8047024443354969,10,14,26,26,191,"[4943, 900]",COMPLETE
9583,9583,0.2309017536693378,2.669722557067871,2021-06-19 22:13:58.285624,2021-06-19 22:14:00.966695,0 days 00:00:02.681071,20,0.7044121314824888,9,9,30,26,191,"[1244, 2078]",COMPLETE
9584,9584,0.2334049088306709,2.85166597366333,2021-06-19 22:14:00.971689,2021-06-19 22:14:03.834834,0 days 00:00:02.863145,20,0.8409516739118805,10,4,30,26,191,"[6763, 6751]",COMPLETE
9585,9585,0.23751931489286593,2.6021065711975098,2021-06-19 22:14:03.839971,2021-06-19 22:14:06.453459,0 days 00:00:02.613488,10,0.780274198844068,10,1,30,25,191,"[8333, 1028]",COMPLETE
9586,9586,0.22809529225413913,2.6009092330932617,2021-06-19 22:14:06.458647,2021-06-19 22:14:09.071884,0 days 00:00:02.613237,20,0.8047024443354969,10,1,30,25,191,"[3100, 4943]",COMPLETE
9587,9587,0.23066793222241008,2.748915195465088,2021-06-19 22:14:09.076968,2021-06-19 22:14:11.837261,0 days 00:00:02.760293,20,0.7492482924832433,10,1,23,26,191,"[1028, 7926]",COMPLETE
9588,9588,0.23034113739719825,2.6042215824127197,2021-06-19 22:14:11.842313,2021-06-19 22:14:14.457868,0 days 00:00:02.615555,20,0.775837870117549,10,1,30,25,191,"[5145, 6968]",COMPLETE
9589,9589,0.23151499855963437,2.556363344192505,2021-06-19 22:14:14.463029,2021-06-19 22:14:17.030975,0 days 00:00:02.567946,60,0.775837870117549,10,1,30,25,191,"[6968, 6968]",COMPLETE
9590,9590,0.2301402525489243,2.7725470066070557,2021-06-19 22:14:17.036055,2021-06-19 22:14:19.819870,0 days 00:00:02.783815,20,0.775837870117549,10,1,30,26,191,"[1929, 5654]",COMPLETE
9591,9591,0.2294087820799507,2.7063934803009033,2021-06-19 22:14:19.825028,2021-06-19 22:14:22.542787,0 days 00:00:02.717759,20,0.8047024443354969,10,16,30,25,191,"[2063, 5145]",COMPLETE
9592,9592,0.22965950239461846,2.5856101512908936,2021-06-19 22:14:22.547873,2021-06-19 22:14:25.144803,0 days 00:00:02.596930,40,0.775837870117549,10,1,30,26,191,"[6751, 7005]",COMPLETE
9593,9593,0.2336246977676647,2.8692731857299805,2021-06-19 22:14:25.149935,2021-06-19 22:14:28.030612,0 days 00:00:02.880677,40,0.775837870117549,10,1,30,25,191,"[3760, 880]",COMPLETE
9594,9594,inf,inf,2021-06-19 22:14:28.035593,2021-06-19 22:14:28.381845,0 days 00:00:00.346252,20,0.48848167776600415,10,1,23,25,191,"[2078, 8024]",COMPLETE
9595,9595,0.22849940856546685,2.598065137863159,2021-06-19 22:14:28.394405,2021-06-19 22:14:31.021325,0 days 00:00:02.626920,90,0.775837870117549,10,1,30,25,191,"[2991, 1929]",COMPLETE
9596,9596,0.23463518765205774,2.8367583751678467,2021-06-19 22:14:31.026507,2021-06-19 22:14:33.874866,0 days 00:00:02.848359,60,0.775837870117549,10,1,19,25,191,"[3082, 5145]",COMPLETE
9597,9597,0.2407691282758466,2.5580825805664062,2021-06-19 22:14:33.879634,2021-06-19 22:14:36.449000,0 days 00:00:02.569366,30,0.775837870117549,10,1,8,25,191,"[8935, 9180]",COMPLETE
9598,9598,0.2277088736065835,2.545778751373291,2021-06-19 22:14:36.454390,2021-06-19 22:14:39.011317,0 days 00:00:02.556927,20,0.775837870117549,10,1,30,26,191,"[6592, 8933]",COMPLETE
9599,9599,inf,inf,2021-06-19 22:14:39.016525,2021-06-19 22:14:39.178201,0 days 00:00:00.161676,10,0.354198339896205,10,1,30,25,191,"[6763, 316]",COMPLETE
9600,9600,inf,inf,2021-06-19 22:14:39.190419,2021-06-19 22:14:39.630383,0 days 00:00:00.439964,40,0.48938921196345486,10,1,30,30,192,"[7005, 6751]",COMPLETE
9601,9601,0.22811006576978823,2.7310376167297363,2021-06-19 22:14:39.641321,2021-06-19 22:14:42.398463,0 days 00:00:02.757142,20,0.775837870117549,10,1,30,25,192,"[6968, 9286]",COMPLETE
9602,9602,0.2300991636483495,2.5578484535217285,2021-06-19 22:14:42.403435,2021-06-19 22:14:44.972488,0 days 00:00:02.569053,20,0.775837870117549,10,1,30,25,192,"[6763, 2991]",COMPLETE
9603,9603,0.2319264977662285,2.6057331562042236,2021-06-19 22:14:44.977635,2021-06-19 22:14:47.594757,0 days 00:00:02.617122,20,0.7492482924832433,10,1,30,25,192,"[6351, 6763]",COMPLETE
9604,9604,0.2314985379981852,2.6132688522338867,2021-06-19 22:14:47.599615,2021-06-19 22:14:50.224190,0 days 00:00:02.624575,20,0.7044121314824888,10,9,30,24,192,"[1159, 1244]",COMPLETE
9605,9605,0.23087746507800222,2.766317844390869,2021-06-19 22:14:50.229114,2021-06-19 22:14:53.006792,0 days 00:00:02.777678,20,0.775837870117549,10,1,30,26,192,"[9438, 9438]",COMPLETE
9606,9606,0.277423860347332,2.5704054832458496,2021-06-19 22:14:53.011508,2021-06-19 22:14:55.593322,0 days 00:00:02.581814,20,0.7044121314824888,10,1,30,8,192,"[8433, 3260]",COMPLETE
9607,9607,0.230039299786548,2.5416858196258545,2021-06-19 22:14:55.598040,2021-06-19 22:14:58.151085,0 days 00:00:02.553045,20,0.775837870117549,10,1,30,26,192,"[9438, 9029]",COMPLETE
9608,9608,0.22770196716586957,2.8558876514434814,2021-06-19 22:14:58.156192,2021-06-19 22:15:01.023489,0 days 00:00:02.867297,40,0.775837870117549,10,5,30,26,192,"[9286, 6751]",COMPLETE
9609,9609,0.22869246645787847,2.673844337463379,2021-06-19 22:15:01.028533,2021-06-19 22:15:03.713780,0 days 00:00:02.685247,20,0.7721393247027242,10,7,30,25,192,"[7005, 7631]",COMPLETE
9610,9610,0.2296214942507725,2.631312370300293,2021-06-19 22:15:03.719278,2021-06-19 22:15:06.362043,0 days 00:00:02.642765,20,0.775837870117549,10,1,24,26,192,"[900, 7770]",COMPLETE
9611,9611,0.22821090051244441,2.7483701705932617,2021-06-19 22:15:06.367112,2021-06-19 22:15:09.126930,0 days 00:00:02.759818,20,0.775837870117549,10,1,30,26,192,"[6751, 1159]",COMPLETE
9612,9612,0.23175550752243224,2.575815200805664,2021-06-19 22:15:09.131990,2021-06-19 22:15:11.720200,0 days 00:00:02.588210,20,0.775837870117549,10,1,30,25,192,"[8498, 3260]",COMPLETE
9613,9613,0.23230787337874745,2.5665438175201416,2021-06-19 22:15:11.725325,2021-06-19 22:15:14.303228,0 days 00:00:02.577903,20,0.775837870117549,10,1,30,26,192,"[9438, 8261]",COMPLETE
9614,9614,0.23301495585986529,2.8103549480438232,2021-06-19 22:15:14.308401,2021-06-19 22:15:17.129822,0 days 00:00:02.821421,20,0.775837870117549,10,1,30,26,192,"[6351, 6351]",COMPLETE
9615,9615,0.23700406446327832,2.5758931636810303,2021-06-19 22:15:17.134835,2021-06-19 22:15:19.722180,0 days 00:00:02.587345,20,0.775837870117549,10,2,30,26,192,"[6835, 6835]",COMPLETE
9616,9616,0.23944458238980534,2.5629241466522217,2021-06-19 22:15:19.727237,2021-06-19 22:15:22.301524,0 days 00:00:02.574287,10,0.6415492259649922,10,5,18,23,192,"[849, 849]",COMPLETE
9617,9617,0.23261116129566795,2.80912709236145,2021-06-19 22:15:22.306578,2021-06-19 22:15:25.127138,0 days 00:00:02.820560,10,0.7492482924832433,10,2,30,26,192,"[1028, 7005]",COMPLETE
9618,9618,0.2267838849210042,2.5609841346740723,2021-06-19 22:15:25.131912,2021-06-19 22:15:27.704376,0 days 00:00:02.572464,20,0.775837870117549,10,1,30,26,192,"[7005, 8024]",COMPLETE
9619,9619,0.2840607226283239,3.3308334350585938,2021-06-19 22:15:27.709337,2021-06-19 22:15:31.051887,0 days 00:00:03.342550,20,0.775837870117549,4,1,30,26,192,"[3082, 6592]",COMPLETE
9620,9620,0.2270618250089855,2.75675892829895,2021-06-19 22:15:31.056921,2021-06-19 22:15:33.825149,0 days 00:00:02.768228,20,0.775837870117549,10,1,30,25,192,"[6351, 9180]",COMPLETE
9621,9621,0.23104181087237766,2.602595806121826,2021-06-19 22:15:33.830356,2021-06-19 22:15:36.445561,0 days 00:00:02.615205,20,0.775837870117549,10,15,30,25,192,"[1244, 8498]",COMPLETE
9622,9622,0.3065327725485285,2.5755457878112793,2021-06-19 22:15:36.450661,2021-06-19 22:15:39.038020,0 days 00:00:02.587359,20,0.775837870117549,10,1,17,5,192,"[5654, 9368]",COMPLETE
9623,9623,0.2581138415194621,2.9284164905548096,2021-06-19 22:15:39.042841,2021-06-19 22:15:41.982939,0 days 00:00:02.940098,20,0.775837870117549,6,1,30,26,192,"[7005, 9438]",COMPLETE
9624,9624,0.23271764592734762,2.7452313899993896,2021-06-19 22:15:41.987957,2021-06-19 22:15:44.744520,0 days 00:00:02.756563,20,0.775837870117549,10,1,30,25,192,"[2991, 9057]",COMPLETE
9625,9625,0.23173880747971864,2.5635452270507812,2021-06-19 22:15:44.749561,2021-06-19 22:15:47.324488,0 days 00:00:02.574927,20,0.8047024443354969,10,4,30,25,192,"[4943, 900]",COMPLETE
9626,9626,inf,inf,2021-06-19 22:15:47.329544,2021-06-19 22:15:47.508720,0 days 00:00:00.179176,10,0.4263591134195921,10,8,30,25,192,"[880, 8498]",COMPLETE
9627,9627,0.23430741654781623,2.5751123428344727,2021-06-19 22:15:47.526095,2021-06-19 22:15:50.132750,0 days 00:00:02.606655,20,0.7492482924832433,10,1,30,25,192,"[1389, 5145]",COMPLETE
9628,9628,0.3199387490678256,5.6798601150512695,2021-06-19 22:15:50.137454,2021-06-19 22:15:55.828768,0 days 00:00:05.691314,20,0.8047024443354969,1,1,24,17,192,"[900, 8256]",COMPLETE
9629,9629,0.24282778028913468,2.5893969535827637,2021-06-19 22:15:55.833431,2021-06-19 22:15:58.434090,0 days 00:00:02.600659,20,0.775837870117549,10,1,5,25,192,"[3082, 3100]",COMPLETE
9630,9630,0.2308318908926368,2.7761759757995605,2021-06-19 22:15:58.439188,2021-06-19 22:16:01.226632,0 days 00:00:02.787444,20,0.775837870117549,10,1,30,25,192,"[7926, 8024]",COMPLETE
9631,9631,0.2303551422889546,2.5819554328918457,2021-06-19 22:16:01.231573,2021-06-19 22:16:03.825124,0 days 00:00:02.593551,20,0.7044121314824888,10,3,30,26,192,"[7770, 5379]",COMPLETE
9632,9632,0.22765544115912562,2.5925517082214355,2021-06-19 22:16:03.830218,2021-06-19 22:16:06.434016,0 days 00:00:02.603798,20,0.775837870117549,10,1,30,25,192,"[7005, 9180]",COMPLETE
9633,9633,0.23123355793848782,2.5523126125335693,2021-06-19 22:16:06.439110,2021-06-19 22:16:09.003076,0 days 00:00:02.563966,20,0.775837870117549,10,1,21,25,192,"[5145, 1244]",COMPLETE
9634,9634,0.23375328143644153,2.773427963256836,2021-06-19 22:16:09.008125,2021-06-19 22:16:11.792833,0 days 00:00:02.784708,20,0.7044121314824888,10,1,25,26,192,"[8898, 7005]",COMPLETE
9635,9635,0.22845172189752877,2.5437424182891846,2021-06-19 22:16:11.797997,2021-06-19 22:16:14.353434,0 days 00:00:02.555437,20,0.7571825563910002,10,1,30,25,192,"[3100, 8024]",COMPLETE
9636,9636,0.2275041348577357,2.554029703140259,2021-06-19 22:16:14.358465,2021-06-19 22:16:16.923813,0 days 00:00:02.565348,20,0.775837870117549,10,1,30,25,192,"[8261, 5853]",COMPLETE
9637,9637,0.23076375219460948,2.756528615951538,2021-06-19 22:16:16.928949,2021-06-19 22:16:19.696935,0 days 00:00:02.767986,20,0.775837870117549,10,1,30,25,192,"[8531, 8433]",COMPLETE
9638,9638,0.2786852699138747,3.543275833129883,2021-06-19 22:16:19.701835,2021-06-19 22:16:23.256827,0 days 00:00:03.554992,90,0.775837870117549,4,5,18,27,192,"[8935, 8720]",COMPLETE
9639,9639,0.3065133423057796,2.7351174354553223,2021-06-19 22:16:23.261870,2021-06-19 22:16:26.008495,0 days 00:00:02.746625,10,0.7044121314824888,10,1,24,2,192,"[8898, 5379]",COMPLETE
9640,9640,0.23812446172143942,2.884899854660034,2021-06-19 22:16:26.013244,2021-06-19 22:16:28.909470,0 days 00:00:02.896226,20,0.9783733668206822,10,1,25,25,192,"[8256, 8256]",COMPLETE
9641,9641,0.22748209007329412,2.6111843585968018,2021-06-19 22:16:28.914408,2021-06-19 22:16:31.536982,0 days 00:00:02.622574,20,0.775837870117549,10,1,30,25,192,"[8433, 8498]",COMPLETE
9642,9642,0.22634894849705633,2.531276226043701,2021-06-19 22:16:31.541885,2021-06-19 22:16:34.084771,0 days 00:00:02.542886,20,0.775837870117549,10,1,30,26,192,"[6835, 5379]",COMPLETE
9643,9643,0.23141790755256492,2.780216932296753,2021-06-19 22:16:34.089875,2021-06-19 22:16:36.881557,0 days 00:00:02.791682,20,0.775837870117549,10,1,30,23,192,"[3082, 9438]",COMPLETE
9644,9644,0.2329988040648173,2.773005723953247,2021-06-19 22:16:36.886512,2021-06-19 22:16:39.670973,0 days 00:00:02.784461,0,0.8047024443354969,10,1,25,25,192,"[1929, 8256]",COMPLETE
9645,9645,0.22793656097959109,2.8004260063171387,2021-06-19 22:16:39.676097,2021-06-19 22:16:42.488154,0 days 00:00:02.812057,20,0.8047024443354969,10,1,30,25,192,"[4943, 2991]",COMPLETE
9646,9646,0.23002532236252043,2.727634906768799,2021-06-19 22:16:42.493113,2021-06-19 22:16:45.232515,0 days 00:00:02.739402,0,0.775837870117549,10,16,30,25,192,"[8531, 1389]",COMPLETE
9647,9647,0.23608748428877604,2.5587170124053955,2021-06-19 22:16:45.237550,2021-06-19 22:16:47.807724,0 days 00:00:02.570174,20,0.7676062437770479,10,1,11,26,192,"[8498, 6592]",COMPLETE
9648,9648,0.2593182237960555,2.978264808654785,2021-06-19 22:16:47.812871,2021-06-19 22:16:50.803040,0 days 00:00:02.990169,20,0.7492482924832433,6,1,30,25,192,"[6763, 8498]",COMPLETE
9649,9649,0.22927755997120167,2.7760138511657715,2021-06-19 22:16:50.808139,2021-06-19 22:16:53.595899,0 days 00:00:02.787760,20,0.775837870117549,10,1,30,25,192,"[8333, 1929]",COMPLETE
9650,9650,0.23204468810970322,2.5522637367248535,2021-06-19 22:16:53.601013,2021-06-19 22:16:56.212572,0 days 00:00:02.611559,20,0.7044121314824888,10,1,30,25,193,"[8261, 3260]",COMPLETE
9651,9651,0.22894231155661182,2.7818150520324707,2021-06-19 22:16:56.217572,2021-06-19 22:16:59.010700,0 days 00:00:02.793128,20,0.8047024443354969,10,1,24,25,193,"[2063, 2063]",COMPLETE
9652,9652,0.22718174540450262,2.5543882846832275,2021-06-19 22:16:59.015546,2021-06-19 22:17:01.581182,0 days 00:00:02.565636,20,0.7044121314824888,10,1,30,25,193,"[1929, 9057]",COMPLETE
9653,9653,0.23342590060773596,2.5351359844207764,2021-06-19 22:17:01.586339,2021-06-19 22:17:04.132634,0 days 00:00:02.546295,20,0.775837870117549,10,1,30,25,193,"[8433, 8433]",COMPLETE
9654,9654,0.231250786831247,2.520298719406128,2021-06-19 22:17:04.137630,2021-06-19 22:17:06.669291,0 days 00:00:02.531661,10,0.7492482924832433,10,1,30,25,193,"[1028, 1028]",COMPLETE
9655,9655,0.23138098923819625,2.8330559730529785,2021-06-19 22:17:06.674371,2021-06-19 22:17:09.518814,0 days 00:00:02.844443,70,0.775837870117549,10,1,30,25,193,"[5654, 3082]",COMPLETE
9656,9656,0.22971065323470133,2.59183406829834,2021-06-19 22:17:09.523977,2021-06-19 22:17:12.127268,0 days 00:00:02.603291,20,0.775837870117549,10,1,30,26,193,"[6351, 8532]",COMPLETE
9657,9657,0.3116668268671109,2.5844388008117676,2021-06-19 22:17:12.132552,2021-06-19 22:17:14.728874,0 days 00:00:02.596322,20,0.775837870117549,10,1,30,1,193,"[9029, 7926]",COMPLETE
