,number,values_0,values_1,datetime_start,datetime_complete,duration,params_checks,params_n_ratio,params_nskip,params_trees,params_w1,params_w2,system_attrs_nsga2:generation,system_attrs_nsga2:parents,state
7052,7052,0.23328274415160896,2.637974739074707,2021-06-19 19:49:33.384947,2021-06-19 19:49:36.031685,0 days 00:00:02.646738,20,0.7492482924832433,10,1,30,25,141,"[6751, 6763]",COMPLETE
7053,7053,0.22993997335732422,2.7621750831604004,2021-06-19 19:49:36.035372,2021-06-19 19:49:38.806371,0 days 00:00:02.770999,20,0.775837870117549,10,4,24,26,141,"[900, 5853]",COMPLETE
7054,7054,0.23152838725390817,2.649940013885498,2021-06-19 19:49:38.810290,2021-06-19 19:49:41.468632,0 days 00:00:02.658342,20,0.7044121314824888,10,15,30,25,141,"[5495, 3195]",COMPLETE
7055,7055,0.32352746691283724,3.154487371444702,2021-06-19 19:49:41.472574,2021-06-19 19:49:44.635566,0 days 00:00:03.162992,20,0.775837870117549,5,1,30,2,141,"[6968, 6968]",COMPLETE
7056,7056,inf,inf,2021-06-19 19:49:44.639325,2021-06-19 19:49:45.118780,0 days 00:00:00.479455,20,0.47399275431924015,2,1,30,25,141,"[5641, 5853]",COMPLETE
7057,7057,0.2285231824527254,2.8431589603424072,2021-06-19 19:49:45.125437,2021-06-19 19:49:47.997215,0 days 00:00:02.871778,40,0.775837870117549,10,4,30,25,141,"[4419, 1974]",COMPLETE
7058,7058,0.23029368003261716,2.6931350231170654,2021-06-19 19:49:48.000685,2021-06-19 19:49:50.702236,0 days 00:00:02.701551,60,0.7044121314824888,10,15,24,25,141,"[2762, 6684]",COMPLETE
7059,7059,0.2303090954787787,2.5917880535125732,2021-06-19 19:49:50.706026,2021-06-19 19:49:53.306264,0 days 00:00:02.600238,20,0.7044121314824888,10,1,24,26,141,"[3195, 2209]",COMPLETE
7060,7060,0.22967874050676498,2.827969789505005,2021-06-19 19:49:53.310064,2021-06-19 19:49:56.146675,0 days 00:00:02.836611,20,0.8460861139632592,10,14,30,26,141,"[6751, 3260]",COMPLETE
7061,7061,0.23200185027096107,2.5748884677886963,2021-06-19 19:49:56.150323,2021-06-19 19:49:58.733569,0 days 00:00:02.583246,20,0.7044121314824888,10,1,30,25,141,"[1244, 6592]",COMPLETE
7062,7062,0.23254609762940406,2.6147053241729736,2021-06-19 19:49:58.737543,2021-06-19 19:50:01.360851,0 days 00:00:02.623308,20,0.775837870117549,10,14,30,25,141,"[6751, 3082]",COMPLETE
7063,7063,0.23578267585814972,2.7234134674072266,2021-06-19 19:50:01.364615,2021-06-19 19:50:04.096498,0 days 00:00:02.731883,10,0.775837870117549,10,1,21,25,141,"[880, 3760]",COMPLETE
7064,7064,0.2295047741733734,2.6057512760162354,2021-06-19 19:50:04.100417,2021-06-19 19:50:06.714613,0 days 00:00:02.614196,20,0.7492482924832433,10,1,30,26,141,"[1389, 5654]",COMPLETE
7065,7065,0.23662257211680798,2.608504056930542,2021-06-19 19:50:06.718817,2021-06-19 19:50:09.336943,0 days 00:00:02.618126,60,0.7492482924832433,10,1,12,25,141,"[3760, 880]",COMPLETE
7066,7066,0.25961988300211086,2.9331986904144287,2021-06-19 19:50:09.340905,2021-06-19 19:50:12.282730,0 days 00:00:02.941825,40,0.775837870117549,10,7,30,16,141,"[4419, 6968]",COMPLETE
7067,7067,0.22938847149061192,2.55267071723938,2021-06-19 19:50:12.286806,2021-06-19 19:50:14.848154,0 days 00:00:02.561348,20,0.775837870117549,10,1,30,25,141,"[4236, 6968]",COMPLETE
7068,7068,0.24417267897946818,2.553161382675171,2021-06-19 19:50:14.852141,2021-06-19 19:50:17.413839,0 days 00:00:02.561698,60,0.7044121314824888,10,1,2,26,141,"[5379, 5379]",COMPLETE
7069,7069,0.23245729067453264,2.8246946334838867,2021-06-19 19:50:17.417884,2021-06-19 19:50:20.251416,0 days 00:00:02.833532,100,0.7044121314824888,10,1,30,26,141,"[3256, 6835]",COMPLETE
7070,7070,0.23479638769289832,2.5853846073150635,2021-06-19 19:50:20.255371,2021-06-19 19:50:22.849493,0 days 00:00:02.594122,20,0.6415492259649922,10,1,22,26,141,"[3256, 849]",COMPLETE
7071,7071,0.24530499367398229,2.6105663776397705,2021-06-19 19:50:22.853408,2021-06-19 19:50:25.472612,0 days 00:00:02.619204,10,0.775837870117549,10,1,6,26,141,"[1389, 6835]",COMPLETE
7072,7072,0.2356960971198438,2.7578110694885254,2021-06-19 19:50:25.476689,2021-06-19 19:50:28.243771,0 days 00:00:02.767082,10,0.7492482924832433,10,1,14,25,141,"[880, 880]",COMPLETE
7073,7073,0.23001853641525993,2.6025190353393555,2021-06-19 19:50:28.247672,2021-06-19 19:50:30.858706,0 days 00:00:02.611034,20,0.775837870117549,10,1,30,26,141,"[6835, 6835]",COMPLETE
7074,7074,0.23053962929500268,2.5514514446258545,2021-06-19 19:50:30.862727,2021-06-19 19:50:33.422632,0 days 00:00:02.559905,30,0.7044121314824888,10,1,30,26,141,"[2063, 2963]",COMPLETE
7075,7075,0.31994663217275376,9.373010635375977,2021-06-19 19:50:33.426720,2021-06-19 19:50:42.808429,0 days 00:00:09.381709,50,0.7492482924832433,0,1,30,25,141,"[1735, 880]",COMPLETE
7076,7076,0.23236067681155306,2.6558005809783936,2021-06-19 19:50:42.812396,2021-06-19 19:50:45.476879,0 days 00:00:02.664483,20,0.7044121314824888,10,15,30,25,141,"[4236, 5641]",COMPLETE
7077,7077,0.2501219008161531,2.587000608444214,2021-06-19 19:50:45.480651,2021-06-19 19:50:48.076203,0 days 00:00:02.595552,20,0.7492482924832433,10,1,23,17,141,"[2078, 1389]",COMPLETE
7078,7078,0.2307317779109589,2.789062023162842,2021-06-19 19:50:48.079863,2021-06-19 19:50:50.877826,0 days 00:00:02.797963,10,0.775837870117549,10,10,28,25,141,"[2659, 3082]",COMPLETE
7079,7079,0.23410224613409145,2.591635227203369,2021-06-19 19:50:50.881856,2021-06-19 19:50:53.482260,0 days 00:00:02.600404,20,0.6190355629098947,10,1,30,23,141,"[3100, 849]",COMPLETE
7080,7080,0.23382329488742412,2.7634999752044678,2021-06-19 19:50:53.485862,2021-06-19 19:50:56.257934,0 days 00:00:02.772072,20,0.7100511651342796,10,1,18,25,141,"[6763, 2762]",COMPLETE
7081,7081,0.30668998790323626,3.729271650314331,2021-06-19 19:50:56.261872,2021-06-19 19:50:59.999901,0 days 00:00:03.738029,20,0.775837870117549,3,1,23,19,141,"[2078, 6751]",COMPLETE
7082,7082,0.2280864985774768,2.614516019821167,2021-06-19 19:51:00.003942,2021-06-19 19:51:02.627137,0 days 00:00:02.623195,20,0.775837870117549,10,1,30,25,141,"[5852, 1028]",COMPLETE
7083,7083,0.23071292194584203,2.7247533798217773,2021-06-19 19:51:02.631229,2021-06-19 19:51:05.364938,0 days 00:00:02.733709,20,0.775837870117549,10,1,28,25,141,"[5853, 2991]",COMPLETE
7084,7084,0.23990153035574402,2.568190336227417,2021-06-19 19:51:05.368797,2021-06-19 19:51:07.945362,0 days 00:00:02.576565,10,0.603627004462215,10,1,8,25,141,"[4943, 316]",COMPLETE
7085,7085,0.23845698822880504,2.5831851959228516,2021-06-19 19:51:07.949315,2021-06-19 19:51:10.541073,0 days 00:00:02.591758,10,0.603627004462215,10,7,8,25,141,"[316, 316]",COMPLETE
7086,7086,0.2303513138102022,2.7244455814361572,2021-06-19 19:51:10.545100,2021-06-19 19:51:13.277997,0 days 00:00:02.732897,20,0.775837870117549,10,1,30,25,141,"[5853, 5853]",COMPLETE
7087,7087,0.34414672282108033,3.1252734661102295,2021-06-19 19:51:13.281883,2021-06-19 19:51:16.415774,0 days 00:00:03.133891,30,0.7044121314824888,5,1,30,2,141,"[2963, 4236]",COMPLETE
7088,7088,0.2288718172515596,2.5639045238494873,2021-06-19 19:51:16.419774,2021-06-19 19:51:18.992272,0 days 00:00:02.572498,20,0.775837870117549,10,1,30,26,141,"[1974, 5654]",COMPLETE
7089,7089,0.2275781580682101,2.7974483966827393,2021-06-19 19:51:18.996259,2021-06-19 19:51:21.802287,0 days 00:00:02.806028,20,0.7044121314824888,10,9,30,28,141,"[1244, 1244]",COMPLETE
7090,7090,0.23231054488319922,2.6020452976226807,2021-06-19 19:51:21.806187,2021-06-19 19:51:24.416695,0 days 00:00:02.610508,20,0.775837870117549,10,1,30,25,141,"[4781, 6854]",COMPLETE
7091,7091,0.2360187883357539,2.6476922035217285,2021-06-19 19:51:24.420688,2021-06-19 19:51:27.077085,0 days 00:00:02.656397,10,0.775837870117549,10,1,30,29,141,"[7029, 6835]",COMPLETE
7092,7092,0.2281359633146379,2.817943811416626,2021-06-19 19:51:27.080846,2021-06-19 19:51:29.907432,0 days 00:00:02.826586,40,0.775837870117549,10,1,30,25,141,"[3760, 5641]",COMPLETE
7093,7093,0.2826880177722849,2.5772297382354736,2021-06-19 19:51:29.911534,2021-06-19 19:51:32.497474,0 days 00:00:02.585940,20,0.7492482924832433,10,1,19,10,141,"[6763, 4943]",COMPLETE
7094,7094,0.2385674939021268,2.898974895477295,2021-06-19 19:51:32.501480,2021-06-19 19:51:35.409207,0 days 00:00:02.907727,20,0.9704709062834027,10,6,30,26,141,"[7005, 411]",COMPLETE
7095,7095,0.23067670305009555,2.7901952266693115,2021-06-19 19:51:35.413407,2021-06-19 19:51:38.212972,0 days 00:00:02.799565,20,0.7100511651342796,10,15,30,25,141,"[2762, 3100]",COMPLETE
7096,7096,0.2560200264082147,2.836111068725586,2021-06-19 19:51:38.216996,2021-06-19 19:51:41.061749,0 days 00:00:02.844753,10,0.7044121314824888,7,1,24,25,141,"[1389, 5379]",COMPLETE
7097,7097,0.24293375958908953,2.5755577087402344,2021-06-19 19:51:41.065706,2021-06-19 19:51:43.650154,0 days 00:00:02.584448,20,0.7044121314824888,10,1,30,20,141,"[1159, 3260]",COMPLETE
7098,7098,0.2301974540673026,2.86000919342041,2021-06-19 19:51:43.653866,2021-06-19 19:51:46.522577,0 days 00:00:02.868711,40,0.775837870117549,10,9,30,26,141,"[411, 5654]",COMPLETE
7099,7099,0.30481126121709,2.6462185382843018,2021-06-19 19:51:46.526587,2021-06-19 19:51:49.181858,0 days 00:00:02.655271,30,0.7044121314824888,10,9,26,4,141,"[2963, 4879]",COMPLETE
7100,7100,0.23670781753886652,2.786985158920288,2021-06-19 19:51:49.185641,2021-06-19 19:53:03.517589,0 days 00:01:14.331948,20,0.7100511651342796,10,1,9,25,142,"[6219, 2762]",COMPLETE
7101,7101,0.2285743643189212,2.6266043186187744,2021-06-19 19:53:03.525192,2021-06-19 19:53:06.170232,0 days 00:00:02.645040,20,0.8047024443354969,10,1,24,25,142,"[2063, 3100]",COMPLETE
7102,7102,0.29230727413596913,2.584965944290161,2021-06-19 19:53:06.174248,2021-06-19 19:53:08.767989,0 days 00:00:02.593741,20,0.7044121314824888,10,1,24,6,142,"[2209, 1244]",COMPLETE
7103,7103,0.3243356029435786,2.779244899749756,2021-06-19 19:53:08.771990,2021-06-19 19:53:11.560315,0 days 00:00:02.788325,20,0.8047024443354969,10,1,3,2,142,"[849, 4943]",COMPLETE
7104,7104,0.2392892096859477,2.62890625,2021-06-19 19:53:11.564239,2021-06-19 19:53:14.201714,0 days 00:00:02.637475,20,0.7044121314824888,10,1,30,25,142,"[4879, 3260]",COMPLETE
7105,7105,0.23289883707888498,2.5776915550231934,2021-06-19 19:53:14.205741,2021-06-19 19:53:16.792346,0 days 00:00:02.586605,20,0.8473758672183029,10,4,30,25,142,"[6854, 6763]",COMPLETE
7106,7106,0.23088213432757324,2.76765775680542,2021-06-19 19:53:16.796348,2021-06-19 19:53:19.572475,0 days 00:00:02.776127,20,0.775837870117549,10,1,30,25,142,"[5852, 5852]",COMPLETE
7107,7107,0.22917488622418758,2.591240644454956,2021-06-19 19:53:19.576149,2021-06-19 19:53:22.175958,0 days 00:00:02.599809,20,0.775837870117549,10,1,30,26,142,"[6592, 2991]",COMPLETE
7108,7108,0.23345051618148166,2.578821897506714,2021-06-19 19:53:22.180015,2021-06-19 19:53:24.767359,0 days 00:00:02.587344,20,0.8047024443354969,10,1,30,25,142,"[6219, 1028]",COMPLETE
7109,7109,0.23105874835287904,2.718172550201416,2021-06-19 19:53:24.771390,2021-06-19 19:53:27.498275,0 days 00:00:02.726885,20,0.7492482924832433,10,2,30,26,142,"[6835, 1735]",COMPLETE
7110,7110,0.22980144016406914,2.591823101043701,2021-06-19 19:53:27.502162,2021-06-19 19:53:30.102684,0 days 00:00:02.600522,20,0.775837870117549,10,1,30,25,142,"[2963, 5145]",COMPLETE
7111,7111,0.23004601430218738,2.8284413814544678,2021-06-19 19:53:30.106738,2021-06-19 19:53:32.943967,0 days 00:00:02.837229,10,0.7044121314824888,10,1,28,25,142,"[2659, 3100]",COMPLETE
7112,7112,0.2964433466208844,2.556833505630493,2021-06-19 19:53:32.947970,2021-06-19 19:53:35.513275,0 days 00:00:02.565305,20,0.775837870117549,10,1,30,1,142,"[2991, 2991]",COMPLETE
7113,7113,0.23145755399906934,2.655698299407959,2021-06-19 19:53:35.517376,2021-06-19 19:53:38.181530,0 days 00:00:02.664154,100,0.775837870117549,10,1,30,26,142,"[5654, 5654]",COMPLETE
7114,7114,inf,inf,2021-06-19 19:53:38.185760,2021-06-19 19:53:38.612755,0 days 00:00:00.426995,20,0.5438614604886294,10,1,30,0,142,"[7005, 6835]",COMPLETE
7115,7115,0.23157915725417574,2.780146360397339,2021-06-19 19:53:38.622400,2021-06-19 19:53:41.422374,0 days 00:00:02.799974,30,0.7492482924832433,10,1,30,25,142,"[1028, 1735]",COMPLETE
7116,7116,inf,inf,2021-06-19 19:53:41.426065,2021-06-19 19:53:41.820273,0 days 00:00:00.394208,20,0.4801482262381087,4,6,30,26,142,"[6968, 6835]",COMPLETE
7117,7117,0.22864627858483055,2.5810465812683105,2021-06-19 19:53:41.840845,2021-06-19 19:53:44.434908,0 days 00:00:02.594063,20,0.775837870117549,10,1,30,26,142,"[3566, 7029]",COMPLETE
7118,7118,0.235889491624842,2.5515449047088623,2021-06-19 19:53:44.438690,2021-06-19 19:53:46.999124,0 days 00:00:02.560434,20,0.7044121314824888,10,1,14,26,142,"[3082, 2963]",COMPLETE
7119,7119,0.23202849045978763,2.7367825508117676,2021-06-19 19:53:47.003180,2021-06-19 19:53:49.748701,0 days 00:00:02.745521,20,0.7100511651342796,10,4,24,25,142,"[4419, 2762]",COMPLETE
7120,7120,inf,inf,2021-06-19 19:53:49.752709,2021-06-19 19:53:50.278078,0 days 00:00:00.525369,80,0.6026675139091446,8,1,30,25,142,"[2991, 7029]",COMPLETE
7121,7121,0.22779804033304354,2.6352555751800537,2021-06-19 19:53:50.292339,2021-06-19 19:53:52.952560,0 days 00:00:02.660221,80,0.775837870117549,10,1,30,25,142,"[4879, 5495]",COMPLETE
7122,7122,0.23130579067315385,2.7666449546813965,2021-06-19 19:53:52.956538,2021-06-19 19:53:55.731857,0 days 00:00:02.775319,20,0.775837870117549,9,1,30,26,142,"[6854, 6592]",COMPLETE
7123,7123,0.2613685992358076,3.1430506706237793,2021-06-19 19:53:55.735529,2021-06-19 19:53:58.887452,0 days 00:00:03.151923,50,0.775837870117549,6,1,30,25,142,"[7005, 4419]",COMPLETE
7124,7124,0.23065556048717917,2.5836219787597656,2021-06-19 19:53:58.891409,2021-06-19 19:54:01.483613,0 days 00:00:02.592204,20,0.775837870117549,10,1,24,25,142,"[3082, 2063]",COMPLETE
7125,7125,0.2302424070110745,2.6991891860961914,2021-06-19 19:54:01.487659,2021-06-19 19:54:04.195395,0 days 00:00:02.707736,20,0.7044121314824888,10,1,26,25,142,"[411, 6684]",COMPLETE
7126,7126,0.23383045623173615,2.7337486743927,2021-06-19 19:54:04.199499,2021-06-19 19:54:06.941815,0 days 00:00:02.742316,10,0.7492482924832433,10,1,30,25,142,"[1389, 1389]",COMPLETE
7127,7127,inf,inf,2021-06-19 19:54:06.945850,2021-06-19 19:54:07.108041,0 days 00:00:00.162191,20,0.36732571401266223,10,1,30,27,142,"[4781, 5853]",COMPLETE
7128,7128,0.2451431976634692,2.6264233589172363,2021-06-19 19:54:07.114038,2021-06-19 19:54:09.774631,0 days 00:00:02.660593,20,0.7044121314824888,10,1,30,20,142,"[1159, 6592]",COMPLETE
7129,7129,0.23462942639998233,2.7989954948425293,2021-06-19 19:54:09.778436,2021-06-19 19:54:12.586066,0 days 00:00:02.807630,20,0.775837870117549,10,6,30,26,142,"[3100, 6351]",COMPLETE
7130,7130,0.23364877703220563,2.5816810131073,2021-06-19 19:54:12.589651,2021-06-19 19:54:15.179867,0 days 00:00:02.590216,10,0.775837870117549,10,1,30,25,142,"[3760, 1028]",COMPLETE
7131,7131,0.2282482935824817,2.573975086212158,2021-06-19 19:54:15.183955,2021-06-19 19:54:17.766664,0 days 00:00:02.582709,20,0.775837870117549,10,1,30,26,142,"[7029, 5654]",COMPLETE
7132,7132,0.3046250824976095,5.2150352001190186,2021-06-19 19:54:17.770730,2021-06-19 19:54:22.994547,0 days 00:00:05.223817,40,0.9537676201597527,2,1,30,9,142,"[6751, 1735]",COMPLETE
7133,7133,0.27676203225975804,2.576521873474121,2021-06-19 19:54:22.998644,2021-06-19 19:54:25.583949,0 days 00:00:02.585305,20,0.7044121314824888,10,1,30,9,142,"[6968, 2963]",COMPLETE
7134,7134,0.2284643115747024,2.8306565284729004,2021-06-19 19:54:25.588063,2021-06-19 19:54:28.427376,0 days 00:00:02.839313,20,0.8047024443354969,10,15,30,25,142,"[6219, 4879]",COMPLETE
7135,7135,0.22950725179713866,2.5542118549346924,2021-06-19 19:54:28.431245,2021-06-19 19:54:30.993938,0 days 00:00:02.562693,20,0.775837870117549,10,1,30,25,142,"[6592, 5852]",COMPLETE
7136,7136,0.22825088357705514,2.5857796669006348,2021-06-19 19:54:30.997923,2021-06-19 19:54:33.592260,0 days 00:00:02.594337,20,0.8047024443354969,10,1,30,26,142,"[6351, 5641]",COMPLETE
7137,7137,0.2298347502420295,2.7720391750335693,2021-06-19 19:54:33.596287,2021-06-19 19:54:36.376945,0 days 00:00:02.780658,20,0.775837870117549,10,3,30,25,142,"[4331, 5852]",COMPLETE
7138,7138,0.23288529216370032,2.56594181060791,2021-06-19 19:54:36.380932,2021-06-19 19:54:38.955774,0 days 00:00:02.574842,20,0.775837870117549,10,2,30,26,142,"[4331, 5379]",COMPLETE
7139,7139,0.23049557327322615,2.615821599960327,2021-06-19 19:54:38.959853,2021-06-19 19:54:41.585134,0 days 00:00:02.625281,20,0.7044121314824888,10,9,30,25,142,"[3195, 1244]",COMPLETE
7140,7140,0.22973849952226708,2.7759833335876465,2021-06-19 19:54:41.589137,2021-06-19 19:54:44.373595,0 days 00:00:02.784458,40,0.7492482924832433,10,1,30,25,142,"[6751, 6763]",COMPLETE
7141,7141,0.2304534257225185,2.5838258266448975,2021-06-19 19:54:44.377106,2021-06-19 19:54:46.969259,0 days 00:00:02.592153,20,0.8047024443354969,10,1,26,26,142,"[6219, 3256]",COMPLETE
7142,7142,0.23360161655148834,2.6511130332946777,2021-06-19 19:54:46.973262,2021-06-19 19:54:49.632890,0 days 00:00:02.659628,10,0.775837870117549,10,1,30,25,142,"[1028, 7029]",COMPLETE
7143,7143,0.22609476732747058,2.7944345474243164,2021-06-19 19:54:49.637146,2021-06-19 19:54:52.440838,0 days 00:00:02.803692,20,0.775837870117549,10,1,30,26,142,"[6592, 5495]",COMPLETE
7144,7144,0.25940397910606267,2.9227383136749268,2021-06-19 19:54:52.444640,2021-06-19 19:54:55.376163,0 days 00:00:02.931523,20,0.8047024443354969,6,1,29,25,142,"[5145, 2063]",COMPLETE
7145,7145,0.24652733673534327,2.607017755508423,2021-06-19 19:54:55.380385,2021-06-19 19:54:57.996386,0 days 00:00:02.616001,40,0.7492482924832433,10,1,30,20,142,"[3760, 6763]",COMPLETE
7146,7146,0.22955958450087496,2.8472466468811035,2021-06-19 19:54:58.000314,2021-06-19 19:55:00.856116,0 days 00:00:02.855802,20,0.775837870117549,10,1,30,25,142,"[3760, 4879]",COMPLETE
7147,7147,0.2303982330848786,2.6378512382507324,2021-06-19 19:55:00.860186,2021-06-19 19:55:03.507660,0 days 00:00:02.647474,20,0.775837870117549,10,9,19,25,142,"[4419, 5852]",COMPLETE
7148,7148,0.23758090118535835,2.6588311195373535,2021-06-19 19:55:03.511741,2021-06-19 19:55:06.180180,0 days 00:00:02.668439,20,0.7044121314824888,10,9,26,23,142,"[411, 5641]",COMPLETE
7149,7149,0.23558101089720435,2.8377270698547363,2021-06-19 19:55:06.184126,2021-06-19 19:55:09.030627,0 days 00:00:02.846501,10,0.7044121314824888,10,14,30,28,142,"[1389, 4781]",COMPLETE
7150,7150,0.23161619254603666,2.5996077060699463,2021-06-19 19:55:09.034470,2021-06-19 19:55:11.690541,0 days 00:00:02.656071,20,0.8047024443354969,10,1,24,25,143,"[3082, 2063]",COMPLETE
7151,7151,0.23202601301757786,2.647991418838501,2021-06-19 19:55:11.694644,2021-06-19 19:55:14.351231,0 days 00:00:02.656587,20,0.7100511651342796,10,15,24,25,143,"[2762, 2659]",COMPLETE
7152,7152,0.22985151019297909,2.727499485015869,2021-06-19 19:55:14.355320,2021-06-19 19:55:17.091731,0 days 00:00:02.736411,10,0.775837870117549,10,1,30,25,143,"[6854, 3195]",COMPLETE
7153,7153,0.23071187709743332,2.6107773780822754,2021-06-19 19:55:17.095633,2021-06-19 19:55:19.714684,0 days 00:00:02.619051,20,0.8047024443354969,10,1,30,25,143,"[6219, 6219]",COMPLETE
7154,7154,0.23439333698490109,2.5648906230926514,2021-06-19 19:55:19.718226,2021-06-19 19:55:22.291765,0 days 00:00:02.573539,10,0.7044121314824888,10,1,30,25,143,"[1244, 1929]",COMPLETE
7155,7155,0.2293281245468412,2.791703701019287,2021-06-19 19:55:22.295833,2021-06-19 19:55:25.096309,0 days 00:00:02.800476,20,0.775837870117549,10,7,30,26,143,"[5145, 6835]",COMPLETE
7156,7156,inf,inf,2021-06-19 19:55:25.100487,2021-06-19 19:55:25.401286,0 days 00:00:00.300799,20,0.4914276016221323,10,1,30,25,143,"[1929, 2078]",COMPLETE
7157,7157,0.23185865781197834,2.7790627479553223,2021-06-19 19:55:25.418299,2021-06-19 19:55:28.217459,0 days 00:00:02.799160,0,0.775837870117549,10,1,30,25,143,"[3566, 3760]",COMPLETE
7158,7158,inf,inf,2021-06-19 19:55:28.221667,2021-06-19 19:55:28.563668,0 days 00:00:00.342001,20,0.5292082309329406,10,11,30,25,143,"[4236, 6763]",COMPLETE
7159,7159,0.2795861722419602,3.4848921298980713,2021-06-19 19:55:28.581501,2021-06-19 19:55:32.093530,0 days 00:00:03.512029,20,0.9050085350018784,4,1,30,26,143,"[1974, 5495]",COMPLETE
7160,7160,0.2844885677152768,3.7127273082733154,2021-06-19 19:55:32.097549,2021-06-19 19:55:35.819280,0 days 00:00:03.721731,80,0.7044121314824888,4,9,30,25,143,"[1244, 5145]",COMPLETE
7161,7161,0.3127186115403705,2.5864620208740234,2021-06-19 19:55:35.823358,2021-06-19 19:55:38.419003,0 days 00:00:02.595645,0,0.7044121314824888,10,1,30,1,143,"[3260, 3566]",COMPLETE
7162,7162,0.31626114087137613,9.181792259216309,2021-06-19 19:55:38.423088,2021-06-19 19:55:47.613812,0 days 00:00:09.190724,20,0.7492482924832433,0,1,30,25,143,"[6835, 1735]",COMPLETE
7163,7163,inf,inf,2021-06-19 19:55:47.617694,2021-06-19 19:55:47.803208,0 days 00:00:00.185514,90,0.3360977661935003,10,1,24,26,143,"[411, 2063]",COMPLETE
7164,7164,0.24055898452482247,2.6800990104675293,2021-06-19 19:55:47.821804,2021-06-19 19:55:50.516699,0 days 00:00:02.694895,10,0.7492482924832433,8,1,30,25,143,"[1028, 1028]",COMPLETE
7165,7165,0.23323574413397166,2.5852718353271484,2021-06-19 19:55:50.520888,2021-06-19 19:55:53.114966,0 days 00:00:02.594078,40,0.775837870117549,10,1,16,26,143,"[1974, 3760]",COMPLETE
7166,7166,0.2930332050460115,3.9516870975494385,2021-06-19 19:55:53.119088,2021-06-19 19:55:57.079460,0 days 00:00:03.960372,70,0.7044121314824888,3,1,30,25,143,"[4236, 4236]",COMPLETE
7167,7167,0.2349805977285741,2.5592739582061768,2021-06-19 19:55:57.083314,2021-06-19 19:55:59.651370,0 days 00:00:02.568056,20,0.7044121314824888,10,1,30,24,143,"[1159, 4879]",COMPLETE
7168,7168,0.2673202318822014,2.9795546531677246,2021-06-19 19:55:59.655317,2021-06-19 19:56:02.643626,0 days 00:00:02.988309,20,0.7492482924832433,6,1,30,25,143,"[1929, 6763]",COMPLETE
7169,7169,0.3026645562654579,4.524883508682251,2021-06-19 19:56:02.647683,2021-06-19 19:56:07.181110,0 days 00:00:04.533427,20,0.775837870117549,2,1,30,26,143,"[3566, 3566]",COMPLETE
