,number,values_0,values_1,datetime_start,datetime_complete,duration,params_checks,params_n_ratio,params_nskip,params_trees,params_w1,params_w2,system_attrs_nsga2:generation,system_attrs_nsga2:parents,state
7761,7761,0.23201575199394397,2.5381078720092773,2021-06-19 20:30:15.671041,2021-06-19 20:30:18.218402,0 days 00:00:02.547361,20,0.7044121314824888,10,1,30,25,155,"[1735, 1244]",COMPLETE
7762,7762,0.23081603562901667,2.583285331726074,2021-06-19 20:30:18.222666,2021-06-19 20:30:20.815226,0 days 00:00:02.592560,20,0.7854258192595776,10,1,30,25,155,"[7029, 5495]",COMPLETE
7763,7763,0.23875610652307971,2.8121402263641357,2021-06-19 20:30:20.819603,2021-06-19 20:30:23.641456,0 days 00:00:02.821853,20,0.8877301388348338,10,1,11,25,155,"[5853, 6854]",COMPLETE
7764,7764,0.29846855900287517,3.7037229537963867,2021-06-19 20:30:23.645611,2021-06-19 20:30:27.358664,0 days 00:00:03.713053,20,0.8047024443354969,3,1,30,17,155,"[4943, 6592]",COMPLETE
7765,7765,0.22675227902013245,2.6084513664245605,2021-06-19 20:30:27.362642,2021-06-19 20:30:29.980576,0 days 00:00:02.617934,50,0.775837870117549,10,5,30,26,155,"[6351, 5654]",COMPLETE
7766,7766,0.23187392919205552,2.7977840900421143,2021-06-19 20:30:29.984911,2021-06-19 20:30:32.792190,0 days 00:00:02.807279,20,0.7492482924832433,10,1,30,25,155,"[3100, 1735]",COMPLETE
7767,7767,0.22951149582331234,2.579984664916992,2021-06-19 20:30:32.796442,2021-06-19 20:30:35.385811,0 days 00:00:02.589369,20,0.7492482924832433,10,6,27,25,155,"[6835, 6763]",COMPLETE
7768,7768,0.22985678020860414,2.579139232635498,2021-06-19 20:30:35.390022,2021-06-19 20:30:37.978388,0 days 00:00:02.588366,20,0.7044121314824888,10,1,30,25,155,"[1244, 3100]",COMPLETE
7769,7769,0.24242836253298394,2.8079209327697754,2021-06-19 20:30:37.982739,2021-06-19 20:30:40.800179,0 days 00:00:02.817440,20,0.775837870117549,10,1,6,26,155,"[6751, 1244]",COMPLETE
7770,7770,0.22752240998628517,2.5241568088531494,2021-06-19 20:30:40.804104,2021-06-19 20:30:43.337508,0 days 00:00:02.533404,20,0.775837870117549,10,1,30,25,155,"[2991, 7631]",COMPLETE
7771,7771,0.2366513065074114,2.6002821922302246,2021-06-19 20:30:43.341886,2021-06-19 20:30:45.951454,0 days 00:00:02.609568,10,0.6415492259649922,10,1,30,26,155,"[849, 2963]",COMPLETE
7772,7772,0.2372217794962009,2.79569935798645,2021-06-19 20:30:45.955776,2021-06-19 20:30:48.760753,0 days 00:00:02.804977,20,0.775837870117549,10,1,30,30,155,"[5145, 5145]",COMPLETE
7773,7773,0.2825844355870358,2.598284959793091,2021-06-19 20:30:48.764942,2021-06-19 20:30:51.372832,0 days 00:00:02.607890,20,0.775837870117549,10,1,12,11,155,"[6351, 2209]",COMPLETE
7774,7774,0.26618463032227085,2.9407315254211426,2021-06-19 20:30:51.377142,2021-06-19 20:30:54.327349,0 days 00:00:02.950207,20,0.8047024443354969,6,1,30,23,155,"[5641, 849]",COMPLETE
7775,7775,0.22890880117448836,2.6055691242218018,2021-06-19 20:30:54.331609,2021-06-19 20:30:56.946415,0 days 00:00:02.614806,20,0.775837870117549,10,1,30,25,155,"[2991, 7519]",COMPLETE
7776,7776,0.22851157710409875,2.753824472427368,2021-06-19 20:30:56.950584,2021-06-19 20:30:59.713727,0 days 00:00:02.763143,20,0.775837870117549,10,1,30,25,155,"[3082, 5852]",COMPLETE
7777,7777,inf,inf,2021-06-19 20:30:59.718052,2021-06-19 20:31:00.392134,0 days 00:00:00.674082,20,0.5245041779570332,3,1,30,12,155,"[411, 3082]",COMPLETE
7778,7778,0.22839284359804618,2.658231496810913,2021-06-19 20:31:00.400846,2021-06-19 20:31:03.082778,0 days 00:00:02.681932,20,0.8047024443354969,10,1,30,25,155,"[6968, 4943]",COMPLETE
7779,7779,0.32012073119301304,9.256383895874023,2021-06-19 20:31:03.087089,2021-06-19 20:31:12.353208,0 days 00:00:09.266119,20,0.7044121314824888,0,1,30,25,155,"[2963, 6684]",COMPLETE
7780,7780,0.22999462825088457,2.5615947246551514,2021-06-19 20:31:12.357410,2021-06-19 20:31:14.928214,0 days 00:00:02.570804,20,0.775837870117549,10,1,30,25,155,"[5853, 6968]",COMPLETE
7781,7781,0.3223470845155672,9.477039098739624,2021-06-19 20:31:14.932478,2021-06-19 20:31:24.418901,0 days 00:00:09.486423,20,0.775837870117549,0,9,30,25,155,"[1244, 4879]",COMPLETE
7782,7782,0.23476946871509705,2.7549989223480225,2021-06-19 20:31:24.423103,2021-06-19 20:31:27.187614,0 days 00:00:02.764511,20,0.7044121314824888,10,1,30,25,155,"[7005, 3260]",COMPLETE
7783,7783,inf,inf,2021-06-19 20:31:27.191860,2021-06-19 20:31:27.452498,0 days 00:00:00.260638,20,0.47237821531550717,10,9,30,20,155,"[3256, 3260]",COMPLETE
7784,7784,0.22820700145727096,2.564641237258911,2021-06-19 20:31:27.475833,2021-06-19 20:31:30.062103,0 days 00:00:02.586270,20,0.775837870117549,10,1,30,25,155,"[4879, 7519]",COMPLETE
7785,7785,0.23085465050162532,2.625049591064453,2021-06-19 20:31:30.066477,2021-06-19 20:31:32.700969,0 days 00:00:02.634492,40,0.7492482924832433,10,9,23,26,155,"[7631, 2078]",COMPLETE
7786,7786,0.23246138478324305,2.82180118560791,2021-06-19 20:31:32.705546,2021-06-19 20:31:35.537712,0 days 00:00:02.832166,70,0.8047024443354969,10,1,30,24,155,"[1159, 6219]",COMPLETE
7787,7787,0.2842405562450317,3.3818817138671875,2021-06-19 20:31:35.542140,2021-06-19 20:31:38.933511,0 days 00:00:03.391371,20,0.775837870117549,4,1,30,26,155,"[1244, 6835]",COMPLETE
7788,7788,0.27966367695003685,2.6135575771331787,2021-06-19 20:31:38.937809,2021-06-19 20:31:41.560885,0 days 00:00:02.623076,20,0.775837870117549,10,4,30,8,155,"[7631, 7631]",COMPLETE
7789,7789,0.3189570544212081,9.744948387145996,2021-06-19 20:31:41.565155,2021-06-19 20:31:51.319345,0 days 00:00:09.754190,30,0.7044121314824888,0,9,30,26,155,"[2963, 2963]",COMPLETE
7790,7790,0.23320402519636022,2.685886859893799,2021-06-19 20:31:51.323945,2021-06-19 20:31:54.020286,0 days 00:00:02.696341,70,0.7044121314824888,10,13,30,25,155,"[4236, 2991]",COMPLETE
7791,7791,0.2324565062123731,2.792757749557495,2021-06-19 20:31:54.024588,2021-06-19 20:31:56.826717,0 days 00:00:02.802129,20,0.7044121314824888,10,1,30,26,155,"[1159, 3566]",COMPLETE
7792,7792,0.23523332341328274,2.5242116451263428,2021-06-19 20:31:56.830887,2021-06-19 20:31:59.364464,0 days 00:00:02.533577,20,0.7044121314824888,10,1,16,25,155,"[4236, 5853]",COMPLETE
7793,7793,0.2306369977587271,2.5666017532348633,2021-06-19 20:31:59.368818,2021-06-19 20:32:01.944735,0 days 00:00:02.575917,20,0.775837870117549,10,1,30,26,155,"[6351, 6592]",COMPLETE
7794,7794,inf,inf,2021-06-19 20:32:01.949299,2021-06-19 20:32:02.195589,0 days 00:00:00.246290,20,0.35286346160698356,0,1,30,25,155,"[2063, 3260]",COMPLETE
7795,7795,0.23693693311417183,2.791247606277466,2021-06-19 20:32:02.217351,2021-06-19 20:32:05.027173,0 days 00:00:02.809822,20,0.7492482924832433,10,1,23,26,155,"[2078, 2078]",COMPLETE
7796,7796,inf,inf,2021-06-19 20:32:05.031748,2021-06-19 20:32:05.473110,0 days 00:00:00.441362,40,0.573727042832328,10,1,30,25,155,"[7631, 1735]",COMPLETE
7797,7797,0.23257099942909443,2.594773530960083,2021-06-19 20:32:05.510328,2021-06-19 20:32:08.121408,0 days 00:00:02.611080,20,0.7492482924832433,10,1,24,26,155,"[3082, 900]",COMPLETE
7798,7798,0.22723771084290287,2.623950242996216,2021-06-19 20:32:08.125538,2021-06-19 20:32:10.758743,0 days 00:00:02.633205,20,0.775837870117549,10,1,30,25,155,"[4236, 7631]",COMPLETE
7799,7799,0.22669885824745797,2.814746379852295,2021-06-19 20:32:10.763301,2021-06-19 20:32:13.588444,0 days 00:00:02.825143,40,0.775837870117549,10,11,30,26,155,"[7430, 6751]",COMPLETE
7800,7800,0.3283262283113046,3.8741657733917236,2021-06-19 20:32:13.592670,2021-06-19 20:33:29.785419,0 days 00:01:16.192749,20,0.775837870117549,3,1,30,3,156,"[3082, 3082]",COMPLETE
7801,7801,0.28006835291219717,2.965070962905884,2021-06-19 20:33:29.795758,2021-06-19 20:33:32.773207,0 days 00:00:02.977449,0,0.775837870117549,10,1,30,25,156,"[5654, 5495]",COMPLETE
7802,7802,0.257549220619989,2.9082629680633545,2021-06-19 20:33:32.777389,2021-06-19 20:33:35.695255,0 days 00:00:02.917866,20,0.775837870117549,6,1,30,25,156,"[5495, 7770]",COMPLETE
7803,7803,0.2908134695832128,3.7274951934814453,2021-06-19 20:33:35.699615,2021-06-19 20:33:39.436646,0 days 00:00:03.737031,20,0.8047024443354969,3,1,16,25,156,"[4236, 4943]",COMPLETE
7804,7804,0.23560443831845074,2.759697198867798,2021-06-19 20:33:39.440948,2021-06-19 20:33:42.209880,0 days 00:00:02.768932,20,0.7492482924832433,10,1,23,26,156,"[2078, 2078]",COMPLETE
7805,7805,0.2375253334613907,2.5570051670074463,2021-06-19 20:33:42.214060,2021-06-19 20:33:44.780511,0 days 00:00:02.566451,20,0.775837870117549,10,1,9,26,156,"[6968, 6351]",COMPLETE
7806,7806,0.2581620291453603,2.585986614227295,2021-06-19 20:33:44.784708,2021-06-19 20:33:47.380350,0 days 00:00:02.595642,90,0.775837870117549,10,1,18,17,156,"[6351, 6351]",COMPLETE
7807,7807,0.31932780404585137,2.783687114715576,2021-06-19 20:33:47.384757,2021-06-19 20:33:50.178222,0 days 00:00:02.793465,20,0.7044121314824888,10,3,30,4,156,"[5641, 4781]",COMPLETE
7808,7808,0.23317593513983734,2.6440165042877197,2021-06-19 20:33:50.182430,2021-06-19 20:33:52.835804,0 days 00:00:02.653374,20,0.7044121314824888,10,15,30,25,156,"[4236, 6592]",COMPLETE
7809,7809,0.23573574735011496,2.6833817958831787,2021-06-19 20:33:52.839898,2021-06-19 20:33:55.532835,0 days 00:00:02.692937,0,0.775837870117549,10,1,30,25,156,"[3195, 7770]",COMPLETE
7810,7810,0.2292029988932751,2.8340518474578857,2021-06-19 20:33:55.537232,2021-06-19 20:33:58.380985,0 days 00:00:02.843753,20,0.7044121314824888,10,15,30,26,156,"[6835, 3100]",COMPLETE
7811,7811,0.23417768515312848,2.5730299949645996,2021-06-19 20:33:58.384972,2021-06-19 20:34:00.967230,0 days 00:00:02.582258,20,0.7492482924832433,10,1,30,25,156,"[2078, 5641]",COMPLETE
7812,7812,0.2893609637977202,3.7825686931610107,2021-06-19 20:34:00.971294,2021-06-19 20:34:04.763335,0 days 00:00:03.792041,20,0.7044121314824888,3,11,26,25,156,"[3256, 7631]",COMPLETE
7813,7813,0.22997859650118024,2.8113250732421875,2021-06-19 20:34:04.767625,2021-06-19 20:34:07.588532,0 days 00:00:02.820907,20,0.7318754820595559,10,6,30,26,156,"[6351, 3256]",COMPLETE
7814,7814,0.27379360789187335,3.1274025440216064,2021-06-19 20:34:07.592754,2021-06-19 20:34:10.729579,0 days 00:00:03.136825,20,0.7044121314824888,5,1,30,25,156,"[3195, 2078]",COMPLETE
7815,7815,0.2592289753813928,2.6123666763305664,2021-06-19 20:34:10.733977,2021-06-19 20:34:13.355871,0 days 00:00:02.621894,20,0.7044121314824888,10,1,30,14,156,"[3260, 4879]",COMPLETE
7816,7816,0.3204788085004474,9.32417893409729,2021-06-19 20:34:13.360256,2021-06-19 20:34:22.694350,0 days 00:00:09.334094,20,0.8047024443354969,0,1,30,26,156,"[6219, 900]",COMPLETE
7817,7817,0.25292790464801984,2.8381330966949463,2021-06-19 20:34:22.698725,2021-06-19 20:34:25.546544,0 days 00:00:02.847819,20,0.6205398083979489,7,1,30,25,156,"[5641, 6968]",COMPLETE
7818,7818,0.30561020212371476,5.57105827331543,2021-06-19 20:34:25.550834,2021-06-19 20:34:31.131476,0 days 00:00:05.580642,40,0.775837870117549,1,1,30,25,156,"[6968, 3760]",COMPLETE
7819,7819,0.2329705483810575,2.773000717163086,2021-06-19 20:34:31.135858,2021-06-19 20:34:33.918145,0 days 00:00:02.782287,20,0.7044121314824888,10,1,30,25,156,"[1159, 1929]",COMPLETE
7820,7820,0.22899352685561722,2.6217517852783203,2021-06-19 20:34:33.922494,2021-06-19 20:34:36.553473,0 days 00:00:02.630979,20,0.775837870117549,10,1,30,26,156,"[6592, 5654]",COMPLETE
7821,7821,0.32005917034140224,9.19157886505127,2021-06-19 20:34:36.557970,2021-06-19 20:34:45.759984,0 days 00:00:09.202014,10,0.775837870117549,0,1,30,26,156,"[7519, 6854]",COMPLETE
7822,7822,0.2295140696057884,2.664059638977051,2021-06-19 20:34:45.764249,2021-06-19 20:34:48.437847,0 days 00:00:02.673598,30,0.7044121314824888,10,9,30,25,156,"[2963, 1929]",COMPLETE
7823,7823,0.22954858062701228,2.570901393890381,2021-06-19 20:34:48.441984,2021-06-19 20:34:51.022110,0 days 00:00:02.580126,20,0.775837870117549,10,1,30,25,156,"[7519, 5853]",COMPLETE
7824,7824,0.2289494587852052,2.7716057300567627,2021-06-19 20:34:51.026452,2021-06-19 20:34:53.807540,0 days 00:00:02.781088,20,0.775837870117549,10,1,30,25,156,"[1028, 2991]",COMPLETE
7825,7825,0.23309243419208725,2.633566379547119,2021-06-19 20:34:53.811810,2021-06-19 20:34:56.454782,0 days 00:00:02.642972,40,0.775837870117549,10,1,30,25,156,"[3195, 6751]",COMPLETE
7826,7826,0.3022881535837605,6.152822494506836,2021-06-19 20:34:56.458956,2021-06-19 20:35:02.622197,0 days 00:00:06.163241,20,0.9228559547039306,1,1,30,25,156,"[5853, 3100]",COMPLETE
7827,7827,0.24130902938191054,2.7851133346557617,2021-06-19 20:35:02.626762,2021-06-19 20:35:05.422234,0 days 00:00:02.795472,20,0.7694479363148299,10,1,7,25,156,"[2063, 2063]",COMPLETE
7828,7828,0.2435318558865303,2.554067611694336,2021-06-19 20:35:05.426610,2021-06-19 20:35:07.990333,0 days 00:00:02.563723,20,0.7492482924832433,10,1,0,25,156,"[6763, 6763]",COMPLETE
7829,7829,0.2281834739936013,2.655858278274536,2021-06-19 20:35:07.994697,2021-06-19 20:35:10.659905,0 days 00:00:02.665208,10,0.7044121314824888,10,1,24,25,156,"[1389, 5379]",COMPLETE
7830,7830,0.2570382975720378,3.6593706607818604,2021-06-19 20:35:10.664176,2021-06-19 20:35:14.333053,0 days 00:00:03.668877,10,0.958360428580084,6,1,30,25,156,"[4879, 1389]",COMPLETE
7831,7831,0.23498630290880113,2.7299933433532715,2021-06-19 20:35:14.337231,2021-06-19 20:35:17.077064,0 days 00:00:02.739833,20,0.7044121314824888,9,11,30,25,156,"[3100, 3082]",COMPLETE
7832,7832,0.3599310755105613,2.754019260406494,2021-06-19 20:35:17.081112,2021-06-19 20:35:19.844797,0 days 00:00:02.763685,10,0.775837870117549,10,1,30,0,156,"[7770, 1389]",COMPLETE
7833,7833,0.2311423963085972,2.6048195362091064,2021-06-19 20:35:19.849227,2021-06-19 20:35:22.464316,0 days 00:00:02.615089,20,0.775837870117549,10,1,30,26,156,"[2078, 7005]",COMPLETE
7834,7834,0.30383255556549715,5.57650089263916,2021-06-19 20:35:22.468635,2021-06-19 20:35:28.054943,0 days 00:00:05.586308,20,0.775837870117549,1,1,3,25,156,"[7519, 3760]",COMPLETE
7835,7835,0.2314850557848553,2.8451597690582275,2021-06-19 20:35:28.059054,2021-06-19 20:35:30.914064,0 days 00:00:02.855010,0,0.7492482924832433,10,1,16,25,156,"[7735, 1735]",COMPLETE
7836,7836,inf,inf,2021-06-19 20:35:30.918220,2021-06-19 20:35:31.094498,0 days 00:00:00.176278,20,0.3870541867357938,10,1,30,25,156,"[6592, 4943]",COMPLETE
7837,7837,inf,inf,2021-06-19 20:35:31.102133,2021-06-19 20:35:31.555566,0 days 00:00:00.453433,20,0.5879240190184221,10,1,30,25,156,"[7770, 3082]",COMPLETE
7838,7838,0.23045320563089433,2.6320905685424805,2021-06-19 20:35:31.577737,2021-06-19 20:35:34.247141,0 days 00:00:02.669404,40,0.775837870117549,10,1,30,25,156,"[3760, 1159]",COMPLETE
7839,7839,0.233154836600237,2.644115686416626,2021-06-19 20:35:34.251537,2021-06-19 20:35:36.905163,0 days 00:00:02.653626,20,0.7044121314824888,10,16,30,25,156,"[5852, 3195]",COMPLETE
7840,7840,inf,inf,2021-06-19 20:35:36.909365,2021-06-19 20:35:37.289716,0 days 00:00:00.380351,20,0.49473184491803757,10,9,26,25,156,"[3082, 1244]",COMPLETE
7841,7841,0.23197952587377296,2.737328052520752,2021-06-19 20:35:37.301236,2021-06-19 20:35:40.064609,0 days 00:00:02.763373,20,0.775837870117549,10,1,30,26,156,"[6351, 7005]",COMPLETE
7842,7842,0.2298990523817475,2.601410388946533,2021-06-19 20:35:40.068985,2021-06-19 20:35:42.679654,0 days 00:00:02.610669,20,0.775837870117549,10,1,24,26,156,"[900, 7029]",COMPLETE
7843,7843,0.255139455170316,2.8270838260650635,2021-06-19 20:35:42.683901,2021-06-19 20:35:45.520586,0 days 00:00:02.836685,10,0.775837870117549,7,1,30,25,156,"[7519, 6592]",COMPLETE
7844,7844,0.2529971268026301,3.044238805770874,2021-06-19 20:35:45.524993,2021-06-19 20:35:48.578891,0 days 00:00:03.053898,10,0.7492482924832433,7,14,30,25,156,"[1389, 1389]",COMPLETE
7845,7845,0.24300789547049143,2.568556308746338,2021-06-19 20:35:48.583118,2021-06-19 20:35:51.160952,0 days 00:00:02.577834,10,0.775837870117549,10,1,8,26,156,"[6751, 316]",COMPLETE
7846,7846,0.2314344622401193,2.7693185806274414,2021-06-19 20:35:51.164799,2021-06-19 20:35:53.943461,0 days 00:00:02.778662,80,0.8047024443354969,10,1,30,25,156,"[4781, 2063]",COMPLETE
7847,7847,0.3083347748422107,2.5487465858459473,2021-06-19 20:35:53.947280,2021-06-19 20:35:56.505384,0 days 00:00:02.558104,20,0.7492482924832433,10,1,24,1,156,"[1389, 900]",COMPLETE
7848,7848,0.24373026055227287,2.5618414878845215,2021-06-19 20:35:56.509636,2021-06-19 20:35:59.081107,0 days 00:00:02.571471,20,0.7044121314824888,10,1,2,26,156,"[6751, 3260]",COMPLETE
7849,7849,0.23218399418071536,3.1889231204986572,2021-06-19 20:35:59.085386,2021-06-19 20:36:02.283733,0 days 00:00:03.198347,20,0.9604936550747059,10,1,30,26,156,"[6592, 7029]",COMPLETE
7850,7850,0.2319605736636094,2.5731005668640137,2021-06-19 20:36:02.288212,2021-06-19 20:36:04.926230,0 days 00:00:02.638018,10,0.8047024443354969,10,1,20,25,157,"[316, 5641]",COMPLETE
7851,7851,0.2934448424927278,3.7899630069732666,2021-06-19 20:36:04.930540,2021-06-19 20:36:08.730142,0 days 00:00:03.799602,50,0.8047024443354969,3,1,30,25,157,"[5641, 4943]",COMPLETE
7852,7852,inf,inf,2021-06-19 20:36:08.734520,2021-06-19 20:36:08.949826,0 days 00:00:00.215306,20,0.45116950630672337,10,1,30,7,157,"[6592, 6592]",COMPLETE
7853,7853,0.228679900816726,2.782288074493408,2021-06-19 20:36:08.970029,2021-06-19 20:36:11.778858,0 days 00:00:02.808829,20,0.775837870117549,10,1,30,25,157,"[1028, 5852]",COMPLETE
7854,7854,0.23920416146207113,2.5780272483825684,2021-06-19 20:36:11.782949,2021-06-19 20:36:14.370180,0 days 00:00:02.587231,20,0.775837870117549,10,1,6,25,157,"[6968, 6968]",COMPLETE
7855,7855,0.22631657395384394,2.5860538482666016,2021-06-19 20:36:14.374684,2021-06-19 20:36:16.970252,0 days 00:00:02.595568,20,0.775837870117549,10,1,30,25,157,"[3566, 1028]",COMPLETE
7856,7856,0.23006024413407206,2.7598462104797363,2021-06-19 20:36:16.974615,2021-06-19 20:36:19.743830,0 days 00:00:02.769215,20,0.7044121314824888,10,1,30,25,157,"[6968, 2963]",COMPLETE
7857,7857,0.22983089238691648,2.5735249519348145,2021-06-19 20:36:19.747841,2021-06-19 20:36:22.330701,0 days 00:00:02.582860,20,0.7044121314824888,10,1,30,25,157,"[6684, 5495]",COMPLETE
7858,7858,0.2460285095568573,2.7300500869750977,2021-06-19 20:36:22.335077,2021-06-19 20:36:25.074861,0 days 00:00:02.739784,20,0.7044121314824888,10,1,13,30,157,"[1929, 1244]",COMPLETE
7859,7859,0.22917584861013707,2.768059253692627,2021-06-19 20:36:25.079269,2021-06-19 20:36:27.856951,0 days 00:00:02.777682,10,0.603627004462215,10,1,30,25,157,"[4879, 316]",COMPLETE
7860,7860,0.26005517680200924,3.0133888721466064,2021-06-19 20:36:27.860819,2021-06-19 20:36:30.883792,0 days 00:00:03.022973,20,0.775837870117549,6,1,30,26,157,"[2063, 6592]",COMPLETE
7861,7861,0.2302925883940499,2.634334087371826,2021-06-19 20:36:30.888166,2021-06-19 20:36:33.531835,0 days 00:00:02.643669,90,0.7492482924832433,10,1,30,25,157,"[1028, 1028]",COMPLETE
7862,7862,0.23021309462845044,2.5915393829345703,2021-06-19 20:36:33.536202,2021-06-19 20:36:36.137077,0 days 00:00:02.600875,20,0.775837870117549,10,1,28,26,157,"[6835, 6835]",COMPLETE
7863,7863,0.22978303583151724,2.7872865200042725,2021-06-19 20:36:36.141425,2021-06-19 20:36:38.938127,0 days 00:00:02.796702,60,0.775837870117549,10,1,30,25,157,"[6968, 6968]",COMPLETE
7864,7864,0.27843521853004366,2.5665879249572754,2021-06-19 20:36:38.942632,2021-06-19 20:36:41.518740,0 days 00:00:02.576108,20,0.7044121314824888,10,1,30,7,157,"[3082, 4781]",COMPLETE
7865,7865,0.23643079853191937,2.7516634464263916,2021-06-19 20:36:41.522906,2021-06-19 20:36:44.284044,0 days 00:00:02.761138,10,0.7492482924832433,10,1,30,25,157,"[880, 4419]",COMPLETE
7866,7866,0.2331795969982482,2.5560848712921143,2021-06-19 20:36:44.288154,2021-06-19 20:36:46.853471,0 days 00:00:02.565317,20,0.7044121314824888,10,1,30,26,157,"[1159, 7005]",COMPLETE
7867,7867,0.23097175440690781,2.5823774337768555,2021-06-19 20:36:46.857784,2021-06-19 20:36:49.449663,0 days 00:00:02.591879,30,0.775837870117549,10,1,30,25,157,"[2963, 7631]",COMPLETE
7868,7868,0.23106533199788057,2.8896799087524414,2021-06-19 20:36:49.454110,2021-06-19 20:36:52.353747,0 days 00:00:02.899637,40,0.775837870117549,10,9,30,26,157,"[4419, 2963]",COMPLETE
7869,7869,0.2839322182595272,2.5686702728271484,2021-06-19 20:36:52.358072,2021-06-19 20:36:54.936306,0 days 00:00:02.578234,20,0.7044121314824888,10,1,30,8,157,"[2209, 5852]",COMPLETE
7870,7870,0.23331890636727898,2.732130765914917,2021-06-19 20:36:54.940532,2021-06-19 20:36:57.682204,0 days 00:00:02.741672,20,0.7044121314824888,9,9,26,26,157,"[5145, 3256]",COMPLETE
7871,7871,0.22535912017304746,2.7560606002807617,2021-06-19 20:36:57.686609,2021-06-19 20:37:00.452122,0 days 00:00:02.765513,20,0.8047024443354969,10,1,30,25,157,"[4943, 6751]",COMPLETE
7872,7872,0.24415419637059782,2.6806721687316895,2021-06-19 20:37:00.456571,2021-06-19 20:37:03.147735,0 days 00:00:02.691164,20,0.7044121314824888,10,15,2,25,157,"[2209, 5495]",COMPLETE
7873,7873,0.23150431055450915,2.5558674335479736,2021-06-19 20:37:03.152160,2021-06-19 20:37:05.717482,0 days 00:00:02.565322,20,0.7044121314824888,10,1,30,24,157,"[7735, 1159]",COMPLETE
7874,7874,0.2878022618561855,2.782855987548828,2021-06-19 20:37:05.721815,2021-06-19 20:37:08.514115,0 days 00:00:02.792300,20,0.7044121314824888,10,1,30,10,157,"[6684, 6751]",COMPLETE
7875,7875,0.2291406724690378,2.5955638885498047,2021-06-19 20:37:08.518284,2021-06-19 20:37:11.123105,0 days 00:00:02.604821,20,0.775837870117549,10,1,30,25,157,"[5641, 6968]",COMPLETE
7876,7876,inf,inf,2021-06-19 20:37:11.127422,2021-06-19 20:37:11.334319,0 days 00:00:00.206897,20,0.42155778913006736,10,1,30,26,157,"[6351, 6763]",COMPLETE
7877,7877,0.363077439981496,2.594458818435669,2021-06-19 20:37:11.347712,2021-06-19 20:37:13.970628,0 days 00:00:02.622916,20,0.8047024443354969,10,1,1,1,157,"[6219, 2063]",COMPLETE
7878,7878,0.2316917662288426,2.7137365341186523,2021-06-19 20:37:13.974991,2021-06-19 20:37:16.698428,0 days 00:00:02.723437,20,0.775837870117549,10,1,19,24,157,"[1159, 5145]",COMPLETE
7879,7879,0.23698947350250543,2.6352832317352295,2021-06-19 20:37:16.702691,2021-06-19 20:37:19.347765,0 days 00:00:02.645074,20,0.664044008573859,10,10,15,26,157,"[2078, 3260]",COMPLETE
