,number,values_0,values_1,datetime_start,datetime_complete,duration,params_checks,params_n_ratio,params_nskip,params_trees,params_w1,params_w2,system_attrs_nsga2:generation,system_attrs_nsga2:parents,state
6696,6696,0.23549952812780617,2.5883758068084717,2021-06-19 19:30:01.941794,2021-06-19 19:30:04.538221,0 days 00:00:02.596427,10,0.6415492259649922,10,1,22,23,133,"[849, 849]",COMPLETE
6697,6697,0.24511188651352545,2.750114679336548,2021-06-19 19:30:04.542093,2021-06-19 19:30:07.300539,0 days 00:00:02.758446,0,0.7044121314824888,10,1,4,25,133,"[4781, 5641]",COMPLETE
6698,6698,0.24344568156661597,2.543501138687134,2021-06-19 19:30:07.304414,2021-06-19 19:30:09.856331,0 days 00:00:02.551917,20,0.7044121314824888,10,1,3,25,133,"[2465, 1244]",COMPLETE
6699,6699,0.2833811368509513,2.569704294204712,2021-06-19 19:30:09.860128,2021-06-19 19:30:12.438306,0 days 00:00:02.578178,20,0.7044121314824888,10,1,24,4,133,"[5654, 2209]",COMPLETE
6700,6700,0.23524938080668006,2.781705379486084,2021-06-19 19:30:12.442077,2021-06-19 19:31:27.028312,0 days 00:01:14.586235,10,0.7492482924832433,10,1,30,23,134,"[1028, 1028]",COMPLETE
6701,6701,0.2863135263102454,3.9257755279541016,2021-06-19 19:31:27.036049,2021-06-19 19:31:30.973962,0 days 00:00:03.937913,20,0.8669393383382207,3,9,30,25,134,"[2659, 6219]",COMPLETE
6702,6702,0.22755431987402622,2.9027042388916016,2021-06-19 19:31:30.977471,2021-06-19 19:31:33.888353,0 days 00:00:02.910882,30,0.7044121314824888,10,14,30,26,134,"[2078, 2963]",COMPLETE
6703,6703,0.3075661141334645,5.564960241317749,2021-06-19 19:31:33.892156,2021-06-19 19:31:39.465448,0 days 00:00:05.573292,20,0.7044121314824888,1,1,23,26,134,"[2078, 1218]",COMPLETE
6704,6704,0.23192019091239038,2.574037790298462,2021-06-19 19:31:39.469243,2021-06-19 19:31:42.051334,0 days 00:00:02.582091,20,0.7044121314824888,10,1,28,25,134,"[5145, 2659]",COMPLETE
6705,6705,0.22845093875250275,2.772294521331787,2021-06-19 19:31:42.055255,2021-06-19 19:31:44.835741,0 days 00:00:02.780486,20,0.775837870117549,10,1,24,25,134,"[5853, 2063]",COMPLETE
6706,6706,0.2330851805549538,2.632371425628662,2021-06-19 19:31:44.839454,2021-06-19 19:31:47.480084,0 days 00:00:02.640630,20,0.7044121314824888,10,13,30,29,134,"[2963, 1735]",COMPLETE
6707,6707,0.2294405488225023,2.6664278507232666,2021-06-19 19:31:47.483885,2021-06-19 19:31:50.158474,0 days 00:00:02.674589,40,0.775837870117549,10,16,30,25,134,"[3760, 3760]",COMPLETE
6708,6708,0.2307135654647605,2.788343667984009,2021-06-19 19:31:50.162338,2021-06-19 19:31:52.958823,0 days 00:00:02.796485,20,0.7044121314824888,10,15,30,25,134,"[2762, 1159]",COMPLETE
6709,6709,0.24383866943802746,2.6077327728271484,2021-06-19 19:31:52.962684,2021-06-19 19:31:55.578541,0 days 00:00:02.615857,20,0.775837870117549,10,1,2,26,134,"[6592, 6592]",COMPLETE
6710,6710,0.31831393071739383,3.4565181732177734,2021-06-19 19:31:55.582205,2021-06-19 19:31:59.047046,0 days 00:00:03.464841,20,0.775837870117549,4,11,24,4,134,"[2762, 4879]",COMPLETE
6711,6711,0.23100471012217763,2.871760606765747,2021-06-19 19:31:59.050750,2021-06-19 19:32:01.931356,0 days 00:00:02.880606,20,0.775837870117549,10,1,30,25,134,"[5853, 1929]",COMPLETE
6712,6712,0.23226768974062817,2.618252754211426,2021-06-19 19:32:01.935047,2021-06-19 19:32:04.561709,0 days 00:00:02.626662,20,0.7044121314824888,10,1,30,25,134,"[6592, 4781]",COMPLETE
6713,6713,0.23082648020956154,2.7301900386810303,2021-06-19 19:32:04.565275,2021-06-19 19:32:07.303499,0 days 00:00:02.738224,20,0.775837870117549,10,1,30,25,134,"[5853, 4419]",COMPLETE
6714,6714,0.23467587717868368,2.596714496612549,2021-06-19 19:32:07.307272,2021-06-19 19:32:09.912210,0 days 00:00:02.604938,20,0.775837870117549,10,2,30,26,134,"[6351, 880]",COMPLETE
6715,6715,0.26409701072099295,2.584522247314453,2021-06-19 19:32:09.915999,2021-06-19 19:32:12.508829,0 days 00:00:02.592830,20,0.775837870117549,10,1,10,16,134,"[4331, 4419]",COMPLETE
6716,6716,0.23256081804670103,2.7456443309783936,2021-06-19 19:32:12.512450,2021-06-19 19:32:15.266202,0 days 00:00:02.753752,10,0.7044121314824888,10,1,28,25,134,"[2659, 1159]",COMPLETE
6717,6717,0.23601072997406064,2.667999267578125,2021-06-19 19:32:15.269993,2021-06-19 19:32:17.946445,0 days 00:00:02.676452,40,0.7044121314824888,10,14,11,26,134,"[3760, 411]",COMPLETE
6718,6718,0.2866480658377564,2.5362493991851807,2021-06-19 19:32:17.950317,2021-06-19 19:32:20.494741,0 days 00:00:02.544424,20,0.775837870117549,10,1,30,4,134,"[3082, 3082]",COMPLETE
6719,6719,0.24144942801993446,2.797327756881714,2021-06-19 19:32:20.498424,2021-06-19 19:32:23.304292,0 days 00:00:02.805868,10,0.7492482924832433,10,1,4,23,134,"[1028, 6219]",COMPLETE
6720,6720,0.22730928951734403,2.586951494216919,2021-06-19 19:32:23.308131,2021-06-19 19:32:25.903306,0 days 00:00:02.595175,20,0.8047024443354969,10,1,30,25,134,"[2229, 3082]",COMPLETE
6721,6721,0.23122788893789942,2.5516841411590576,2021-06-19 19:32:25.907097,2021-06-19 19:32:28.466695,0 days 00:00:02.559598,20,0.8047024443354969,10,1,30,25,134,"[5336, 5336]",COMPLETE
6722,6722,0.2619130722554875,2.7646021842956543,2021-06-19 19:32:28.470502,2021-06-19 19:32:31.243339,0 days 00:00:02.772837,20,0.7492482924832433,10,1,24,13,134,"[900, 1028]",COMPLETE
6723,6723,0.2430364342593225,2.7232582569122314,2021-06-19 19:32:31.247118,2021-06-19 19:32:33.978837,0 days 00:00:02.731719,40,0.775837870117549,8,2,30,25,134,"[2762, 4419]",COMPLETE
6724,6724,0.3210071249958806,9.030863285064697,2021-06-19 19:32:33.982692,2021-06-19 19:32:43.021734,0 days 00:00:09.039042,20,0.775837870117549,0,1,30,25,134,"[6351, 4943]",COMPLETE
6725,6725,0.24599716075244285,3.0721402168273926,2021-06-19 19:32:43.025747,2021-06-19 19:32:46.106951,0 days 00:00:03.081204,10,0.976125579448464,10,1,30,25,134,"[1735, 880]",COMPLETE
6726,6726,0.2307411777653556,2.5392823219299316,2021-06-19 19:32:46.110679,2021-06-19 19:32:48.658008,0 days 00:00:02.547329,20,0.8047024443354969,10,1,30,25,134,"[5336, 4943]",COMPLETE
6727,6727,0.2328017003999562,2.5523033142089844,2021-06-19 19:32:48.661588,2021-06-19 19:32:51.221998,0 days 00:00:02.560410,10,0.7044121314824888,10,1,24,26,134,"[880, 5379]",COMPLETE
6728,6728,0.27796778640015507,2.7898380756378174,2021-06-19 19:32:51.225856,2021-06-19 19:32:54.024155,0 days 00:00:02.798299,20,0.775837870117549,10,1,30,6,134,"[6351, 3082]",COMPLETE
6729,6729,inf,inf,2021-06-19 19:32:54.027859,2021-06-19 19:32:54.232488,0 days 00:00:00.204629,20,0.44686521885971203,8,6,30,16,134,"[3082, 4236]",COMPLETE
6730,6730,0.3300652878083557,2.599256992340088,2021-06-19 19:32:54.238881,2021-06-19 19:32:56.871767,0 days 00:00:02.632886,20,0.7044121314824888,10,1,30,2,134,"[3100, 1244]",COMPLETE
6731,6731,0.229977826038818,2.7724595069885254,2021-06-19 19:32:56.875535,2021-06-19 19:32:59.656569,0 days 00:00:02.781034,20,0.8047024443354969,10,1,30,25,134,"[2063, 3566]",COMPLETE
6732,6732,0.23224580573937426,2.6149179935455322,2021-06-19 19:32:59.660213,2021-06-19 19:33:02.283433,0 days 00:00:02.623220,80,0.7044121314824888,10,1,30,25,134,"[1159, 880]",COMPLETE
6733,6733,0.22802186755835682,2.5854554176330566,2021-06-19 19:33:02.287210,2021-06-19 19:33:04.880571,0 days 00:00:02.593361,20,0.8047024443354969,10,1,30,25,134,"[5336, 5336]",COMPLETE
6734,6734,0.23003975415706343,2.775608777999878,2021-06-19 19:33:04.884358,2021-06-19 19:33:07.668414,0 days 00:00:02.784056,20,0.8131417602239841,10,1,30,26,134,"[2465, 880]",COMPLETE
6735,6735,0.23663988503187844,2.5665929317474365,2021-06-19 19:33:07.672144,2021-06-19 19:33:10.247098,0 days 00:00:02.574954,10,0.7044121314824888,10,1,9,26,134,"[3256, 2659]",COMPLETE
6736,6736,0.22955852979225574,2.6178512573242188,2021-06-19 19:33:10.251032,2021-06-19 19:33:12.877146,0 days 00:00:02.626114,30,0.775837870117549,10,1,30,25,134,"[4419, 4879]",COMPLETE
6737,6737,0.23026934305037813,2.7565736770629883,2021-06-19 19:33:12.880996,2021-06-19 19:33:15.645943,0 days 00:00:02.764947,20,0.7044121314824888,10,1,26,25,134,"[3256, 2659]",COMPLETE
6738,6738,0.23305652618019473,2.60129451751709,2021-06-19 19:33:15.649957,2021-06-19 19:33:18.260276,0 days 00:00:02.610319,20,0.7044121314824888,10,1,28,25,134,"[3256, 2659]",COMPLETE
6739,6739,0.22995722782312822,2.6281239986419678,2021-06-19 19:33:18.263935,2021-06-19 19:33:20.900102,0 days 00:00:02.636167,40,0.7492482924832433,10,1,30,25,134,"[1389, 1389]",COMPLETE
6740,6740,0.2579107806150799,2.7685680389404297,2021-06-19 19:33:20.903510,2021-06-19 19:33:23.680283,0 days 00:00:02.776773,20,0.7044121314824888,10,1,30,17,134,"[4236, 880]",COMPLETE
6741,6741,0.2451287652893611,2.6453049182891846,2021-06-19 19:33:23.684142,2021-06-19 19:33:26.337809,0 days 00:00:02.653667,40,0.775837870117549,10,1,30,19,134,"[6592, 6592]",COMPLETE
6742,6742,0.22959348900819,2.574772596359253,2021-06-19 19:33:26.341422,2021-06-19 19:33:28.924411,0 days 00:00:02.582989,20,0.7044121314824888,10,1,30,25,134,"[3100, 4236]",COMPLETE
6743,6743,0.26384794756343394,3.137921094894409,2021-06-19 19:33:28.927998,2021-06-19 19:33:32.074747,0 days 00:00:03.146749,20,0.7390998372405985,6,1,24,25,134,"[1929, 5379]",COMPLETE
6744,6744,0.2313155287376402,2.571009874343872,2021-06-19 19:33:32.078562,2021-06-19 19:33:34.658052,0 days 00:00:02.579490,20,0.788167606499175,10,1,30,24,134,"[2229, 2229]",COMPLETE
6745,6745,0.23257992302070757,2.7592813968658447,2021-06-19 19:33:34.661903,2021-06-19 19:33:37.429453,0 days 00:00:02.767550,20,0.8047024443354969,10,5,30,25,134,"[2063, 6219]",COMPLETE
6746,6746,0.2287648324855737,2.5650928020477295,2021-06-19 19:33:37.433155,2021-06-19 19:33:40.006304,0 days 00:00:02.573149,20,0.775837870117549,10,1,30,25,134,"[5852, 5852]",COMPLETE
6747,6747,inf,inf,2021-06-19 19:33:40.010147,2021-06-19 19:33:40.335257,0 days 00:00:00.325110,70,0.5392804089824408,10,1,30,26,134,"[1006, 2078]",COMPLETE
6748,6748,0.2331664671475871,2.5819694995880127,2021-06-19 19:33:40.341459,2021-06-19 19:33:42.946408,0 days 00:00:02.604949,10,0.7044121314824888,10,1,28,25,134,"[2659, 2659]",COMPLETE
6749,6749,0.22922329335697939,2.794724941253662,2021-06-19 19:33:42.950420,2021-06-19 19:33:45.753359,0 days 00:00:02.802939,20,0.7044121314824888,10,9,24,26,134,"[900, 3256]",COMPLETE
6750,6750,inf,inf,2021-06-19 19:33:45.757127,2021-06-19 19:33:46.150592,0 days 00:00:00.393465,20,0.5541279361924855,10,1,30,19,135,"[2960, 6219]",COMPLETE
6751,6751,0.22833846246400194,2.5276920795440674,2021-06-19 19:33:46.168893,2021-06-19 19:33:48.714670,0 days 00:00:02.545777,40,0.775837870117549,10,1,30,26,135,"[4419, 6351]",COMPLETE
6752,6752,0.23325065595124483,2.959486246109009,2021-06-19 19:33:48.718579,2021-06-19 19:33:51.686604,0 days 00:00:02.968025,20,0.9741301965775155,10,12,22,25,135,"[2991, 3760]",COMPLETE
6753,6753,0.22964710654624282,2.725889205932617,2021-06-19 19:33:51.690082,2021-06-19 19:33:54.424013,0 days 00:00:02.733931,20,0.8047024443354969,10,1,30,25,135,"[6351, 4943]",COMPLETE
6754,6754,0.22885902352678456,2.546905755996704,2021-06-19 19:33:54.427934,2021-06-19 19:33:56.982955,0 days 00:00:02.555021,20,0.8047024443354969,10,1,30,25,135,"[5336, 5336]",COMPLETE
6755,6755,0.23362245933340056,2.587463855743408,2021-06-19 19:33:56.986866,2021-06-19 19:33:59.582742,0 days 00:00:02.595876,20,0.7492482924832433,10,1,30,26,135,"[2465, 2078]",COMPLETE
6756,6756,0.25176600208087085,2.8229193687438965,2021-06-19 19:33:59.586530,2021-06-19 19:34:02.417803,0 days 00:00:02.831273,40,0.8047024443354969,10,2,30,15,135,"[2063, 4419]",COMPLETE
6757,6757,inf,inf,2021-06-19 19:34:02.421633,2021-06-19 19:34:02.835977,0 days 00:00:00.414344,10,0.5378049367657327,10,15,2,25,135,"[1028, 2063]",COMPLETE
6758,6758,0.2361779110876364,2.566396713256836,2021-06-19 19:34:02.842769,2021-06-19 19:34:05.430327,0 days 00:00:02.587558,20,0.7044121314824888,10,1,30,25,135,"[3082, 1006]",COMPLETE
6759,6759,0.23178308085868038,2.7984745502471924,2021-06-19 19:34:05.434188,2021-06-19 19:34:08.240996,0 days 00:00:02.806808,20,0.7492482924832433,10,12,30,25,135,"[3100, 1735]",COMPLETE
6760,6760,0.26009840409490614,2.5907435417175293,2021-06-19 19:34:08.244740,2021-06-19 19:34:10.843660,0 days 00:00:02.598920,20,0.8047024443354969,10,1,30,14,135,"[2229, 4943]",COMPLETE
6761,6761,0.2330738053118846,2.578972101211548,2021-06-19 19:34:10.847591,2021-06-19 19:34:13.434712,0 days 00:00:02.587121,20,0.775837870117549,10,1,30,24,135,"[6351, 6351]",COMPLETE
6762,6762,0.23159207113979446,2.7762889862060547,2021-06-19 19:34:13.438554,2021-06-19 19:34:16.223029,0 days 00:00:02.784475,20,0.7044121314824888,10,1,30,26,135,"[5379, 3260]",COMPLETE
6763,6763,0.22920613844415055,2.515958786010742,2021-06-19 19:34:16.226484,2021-06-19 19:34:18.750514,0 days 00:00:02.524030,20,0.7492482924832433,10,1,30,25,135,"[4943, 1735]",COMPLETE
6764,6764,0.23434690029004177,2.5454909801483154,2021-06-19 19:34:18.754376,2021-06-19 19:34:21.307983,0 days 00:00:02.553607,20,0.7492482924832433,10,1,30,26,135,"[3082, 2078]",COMPLETE
6765,6765,0.23100227434943346,2.737891435623169,2021-06-19 19:34:21.311634,2021-06-19 19:34:24.057584,0 days 00:00:02.745950,20,0.775837870117549,10,1,24,25,135,"[2209, 2991]",COMPLETE
6766,6766,0.29039660688827257,2.5777201652526855,2021-06-19 19:34:24.060919,2021-06-19 19:34:26.646718,0 days 00:00:02.585799,20,0.775837870117549,10,1,30,2,135,"[5145, 1929]",COMPLETE
6767,6767,0.22843830756863917,2.6392879486083984,2021-06-19 19:34:26.650175,2021-06-19 19:34:29.297487,0 days 00:00:02.647312,20,0.7044121314824888,10,9,30,24,135,"[1244, 1159]",COMPLETE
6768,6768,0.22724966996960927,2.75856876373291,2021-06-19 19:34:29.301395,2021-06-19 19:34:32.068045,0 days 00:00:02.766650,40,0.775837870117549,10,1,30,25,135,"[1974, 4419]",COMPLETE
6769,6769,0.23523957066632686,2.6503114700317383,2021-06-19 19:34:32.071680,2021-06-19 19:34:34.731250,0 days 00:00:02.659570,20,0.7492482924832433,10,14,13,25,135,"[4943, 1028]",COMPLETE
6770,6770,0.23296751250170683,2.5841803550720215,2021-06-19 19:34:34.738627,2021-06-19 19:34:37.334972,0 days 00:00:02.596345,10,0.7492482924832433,10,1,30,25,135,"[1028, 1974]",COMPLETE
6771,6771,0.23086782445136272,2.8010823726654053,2021-06-19 19:34:37.339027,2021-06-19 19:34:40.149062,0 days 00:00:02.810035,30,0.7044121314824888,10,9,30,26,135,"[6684, 2963]",COMPLETE
6772,6772,0.3096397558243217,5.554142236709595,2021-06-19 19:34:40.152872,2021-06-19 19:34:45.715456,0 days 00:00:05.562584,20,0.8047024443354969,1,1,30,25,135,"[3760, 6219]",COMPLETE
6773,6773,0.23135987358428756,2.6510798931121826,2021-06-19 19:34:45.719404,2021-06-19 19:34:48.379199,0 days 00:00:02.659795,40,0.7044121314824888,10,10,30,25,135,"[5853, 4781]",COMPLETE
6774,6774,0.2362338491649005,2.7502806186676025,2021-06-19 19:34:48.383173,2021-06-19 19:34:51.141694,0 days 00:00:02.758521,0,0.7044121314824888,10,1,30,25,135,"[1974, 6684]",COMPLETE
6775,6775,0.26995582036469296,3.1326904296875,2021-06-19 19:34:51.145598,2021-06-19 19:34:54.286756,0 days 00:00:03.141158,20,0.8047024443354969,5,1,30,25,135,"[5641, 5853]",COMPLETE
6776,6776,0.23648060801588844,2.793747901916504,2021-06-19 19:34:54.290595,2021-06-19 19:34:57.092513,0 days 00:00:02.801918,20,0.7044121314824888,10,1,30,24,135,"[1974, 1159]",COMPLETE
6777,6777,0.2316228699149692,2.5763392448425293,2021-06-19 19:34:57.095989,2021-06-19 19:34:59.680578,0 days 00:00:02.584589,20,0.7044121314824888,10,1,30,24,135,"[1159, 1389]",COMPLETE
6778,6778,0.23448726149247565,2.6325409412384033,2021-06-19 19:34:59.684515,2021-06-19 19:35:02.325546,0 days 00:00:02.641031,20,0.8047024443354969,10,1,30,29,135,"[4943, 2229]",COMPLETE
6779,6779,0.24358093067424755,2.800135612487793,2021-06-19 19:35:02.329017,2021-06-19 19:35:05.137440,0 days 00:00:02.808423,20,0.775837870117549,10,1,1,25,135,"[5852, 5853]",COMPLETE
6780,6780,inf,inf,2021-06-19 19:35:05.140799,2021-06-19 19:35:05.516217,0 days 00:00:00.375418,20,0.4692328100511996,6,1,24,26,135,"[900, 5641]",COMPLETE
6781,6781,inf,inf,2021-06-19 19:35:05.524325,2021-06-19 19:35:05.953261,0 days 00:00:00.428936,20,0.5139060011861767,10,10,26,26,135,"[3256, 1218]",COMPLETE
6782,6782,0.23766165010998938,2.5591065883636475,2021-06-19 19:35:05.961557,2021-06-19 19:35:08.543460,0 days 00:00:02.581903,20,0.7492482924832433,10,1,30,26,135,"[1389, 3566]",COMPLETE
6783,6783,0.23001057737063493,2.581477403640747,2021-06-19 19:35:08.547350,2021-06-19 19:35:11.137135,0 days 00:00:02.589785,100,0.7044121314824888,10,1,23,25,135,"[2078, 1929]",COMPLETE
6784,6784,0.2313502769942126,2.780834436416626,2021-06-19 19:35:11.141118,2021-06-19 19:35:13.930158,0 days 00:00:02.789040,20,0.7100511651342796,10,15,24,25,135,"[3082, 2762]",COMPLETE
6785,6785,0.23141650786442267,2.5518085956573486,2021-06-19 19:35:13.933889,2021-06-19 19:35:16.493803,0 days 00:00:02.559914,20,0.7044121314824888,10,1,30,25,135,"[4331, 3100]",COMPLETE
6786,6786,0.2318653431553282,2.6695711612701416,2021-06-19 19:35:16.497333,2021-06-19 19:35:19.175245,0 days 00:00:02.677912,30,0.8554411416095249,10,15,24,25,135,"[2762, 3256]",COMPLETE
6787,6787,0.29245724556728464,2.721806764602661,2021-06-19 19:35:19.179115,2021-06-19 19:35:21.909357,0 days 00:00:02.730242,20,0.7492482924832433,10,1,30,7,135,"[900, 3082]",COMPLETE
6788,6788,0.23394539722754937,2.650629997253418,2021-06-19 19:35:21.913232,2021-06-19 19:35:24.572018,0 days 00:00:02.658786,20,0.7100511651342796,10,15,24,25,135,"[6219, 2762]",COMPLETE
6789,6789,inf,inf,2021-06-19 19:35:24.575868,2021-06-19 19:35:24.910818,0 days 00:00:00.334950,20,0.4949742451352227,10,2,24,25,135,"[3260, 2762]",COMPLETE
6790,6790,0.22745314488127194,2.6367247104644775,2021-06-19 19:35:24.917743,2021-06-19 19:35:27.578185,0 days 00:00:02.660442,20,0.7044121314824888,10,9,30,26,135,"[5654, 2963]",COMPLETE
6791,6791,0.2285990981474449,2.883941888809204,2021-06-19 19:35:27.582095,2021-06-19 19:35:30.474625,0 days 00:00:02.892530,20,0.9246441210214913,10,1,30,25,135,"[3100, 2465]",COMPLETE
6792,6792,inf,inf,2021-06-19 19:35:30.478522,2021-06-19 19:35:30.683031,0 days 00:00:00.204509,20,0.3955759682534263,10,1,30,25,135,"[5336, 3256]",COMPLETE
6793,6793,0.23270210991140142,2.5856151580810547,2021-06-19 19:35:30.689619,2021-06-19 19:35:33.300766,0 days 00:00:02.611147,20,0.775837870117549,10,1,30,25,135,"[5853, 5853]",COMPLETE
6794,6794,0.2326042194702687,2.7473533153533936,2021-06-19 19:35:33.304346,2021-06-19 19:35:36.060073,0 days 00:00:02.755727,20,0.775837870117549,10,1,30,25,135,"[6592, 4236]",COMPLETE
6795,6795,0.31723234683303075,9.097625255584717,2021-06-19 19:35:36.063807,2021-06-19 19:35:45.169690,0 days 00:00:09.105883,20,0.8047024443354969,0,1,30,25,135,"[4879, 6219]",COMPLETE
6796,6796,0.23672949589393183,2.55625057220459,2021-06-19 19:35:45.173563,2021-06-19 19:35:47.738075,0 days 00:00:02.564512,20,0.7044121314824888,10,1,30,25,135,"[4943, 3260]",COMPLETE
6797,6797,0.2325556413201689,2.8586740493774414,2021-06-19 19:35:47.741639,2021-06-19 19:35:50.608735,0 days 00:00:02.867096,60,0.7044121314824888,10,9,30,25,135,"[2209, 4781]",COMPLETE
6798,6798,0.2437582324071444,2.6880457401275635,2021-06-19 19:35:50.612679,2021-06-19 19:35:53.308867,0 days 00:00:02.696188,20,0.7044121314824888,8,1,30,25,135,"[3100, 3100]",COMPLETE
6799,6799,0.23186140684893086,2.5403623580932617,2021-06-19 19:35:53.312839,2021-06-19 19:35:55.861517,0 days 00:00:02.548678,20,0.7044121314824888,10,1,30,25,135,"[5852, 1218]",COMPLETE
6800,6800,0.2294990811752647,2.7280449867248535,2021-06-19 19:35:55.865374,2021-06-19 19:37:09.906025,0 days 00:01:14.040651,20,0.8047024443354969,10,1,30,25,136,"[880, 6219]",COMPLETE
6801,6801,0.23468974184402416,2.6175765991210938,2021-06-19 19:37:09.913243,2021-06-19 19:37:12.549587,0 days 00:00:02.636344,20,0.7044121314824888,10,1,30,25,136,"[3260, 3260]",COMPLETE
6802,6802,inf,inf,2021-06-19 19:37:12.553512,2021-06-19 19:37:12.762034,0 days 00:00:00.208522,20,0.38696557631490314,10,15,24,26,136,"[4331, 2762]",COMPLETE
6803,6803,0.23544082558318977,2.7339730262756348,2021-06-19 19:37:12.781248,2021-06-19 19:37:15.539501,0 days 00:00:02.758253,20,0.7492482924832433,10,1,23,26,136,"[411, 2078]",COMPLETE
6804,6804,0.2344603077219077,2.875798463821411,2021-06-19 19:37:15.543298,2021-06-19 19:37:18.427411,0 days 00:00:02.884113,20,0.9637000947644592,10,1,30,25,136,"[6219, 316]",COMPLETE
6805,6805,inf,inf,2021-06-19 19:37:18.431318,2021-06-19 19:37:18.738296,0 days 00:00:00.306978,0,0.4199843546001265,10,15,30,25,136,"[5495, 5495]",COMPLETE
6806,6806,0.22951040015322136,2.6260433197021484,2021-06-19 19:37:18.760347,2021-06-19 19:37:21.421005,0 days 00:00:02.660658,20,0.6415492259649922,10,9,22,25,136,"[849, 2960]",COMPLETE
6807,6807,0.2289562902411051,2.7422635555267334,2021-06-19 19:37:21.424976,2021-06-19 19:37:24.175429,0 days 00:00:02.750453,20,0.775837870117549,10,1,30,26,136,"[4781, 4331]",COMPLETE
6808,6808,0.31933071742222224,9.087892532348633,2021-06-19 19:37:24.179267,2021-06-19 19:37:33.275449,0 days 00:00:09.096182,10,0.7492482924832433,0,1,23,23,136,"[2078, 849]",COMPLETE
6809,6809,0.25691133781425846,2.8936514854431152,2021-06-19 19:37:33.279595,2021-06-19 19:37:36.182613,0 days 00:00:02.903018,90,0.775837870117549,10,1,30,13,136,"[3760, 5654]",COMPLETE
6810,6810,0.23524553713481655,2.6001710891723633,2021-06-19 19:37:36.186364,2021-06-19 19:37:38.794983,0 days 00:00:02.608619,20,0.7492482924832433,10,1,17,25,136,"[900, 900]",COMPLETE
6811,6811,0.22925195476197144,2.66507887840271,2021-06-19 19:37:38.798993,2021-06-19 19:37:41.473273,0 days 00:00:02.674280,20,0.7044121314824888,10,1,26,26,136,"[5379, 900]",COMPLETE
6812,6812,0.2289317697970092,2.7600207328796387,2021-06-19 19:37:41.477151,2021-06-19 19:37:44.245356,0 days 00:00:02.768205,10,0.775837870117549,10,1,30,25,136,"[5852, 1389]",COMPLETE
6813,6813,0.2606234225609112,2.9852371215820312,2021-06-19 19:37:44.249226,2021-06-19 19:37:47.242777,0 days 00:00:02.993551,20,0.7044121314824888,6,9,26,26,136,"[3256, 6684]",COMPLETE
6814,6814,0.23126520483999824,2.56076717376709,2021-06-19 19:37:47.246652,2021-06-19 19:37:49.816114,0 days 00:00:02.569462,20,0.7100511651342796,10,1,28,26,136,"[2762, 6351]",COMPLETE
