,number,values_0,values_1,datetime_start,datetime_complete,duration,params_checks,params_n_ratio,params_nskip,params_trees,params_w1,params_w2,system_attrs_nsga2:generation,system_attrs_nsga2:parents,state
5867,5867,0.23357447457687036,2.588703155517578,2021-06-19 18:42:37.381314,2021-06-19 18:42:39.977236,0 days 00:00:02.595922,20,0.8047024443354969,10,1,30,28,117,"[5336, 4523]",COMPLETE
5868,5868,0.2307586460978667,2.84442400932312,2021-06-19 18:42:39.980528,2021-06-19 18:42:42.832924,0 days 00:00:02.852396,20,0.7492482924832433,10,15,30,25,117,"[900, 4236]",COMPLETE
5869,5869,0.230735962672073,2.6379921436309814,2021-06-19 18:42:42.836309,2021-06-19 18:42:45.481450,0 days 00:00:02.645141,20,0.7044121314824888,10,1,30,25,117,"[5654, 1244]",COMPLETE
5870,5870,0.23185622504788075,2.5539989471435547,2021-06-19 18:42:45.484505,2021-06-19 18:42:48.045529,0 days 00:00:02.561024,10,0.6415492259649922,10,1,30,25,117,"[3260, 849]",COMPLETE
5871,5871,0.266217796408532,2.774707317352295,2021-06-19 18:42:48.048632,2021-06-19 18:42:50.830653,0 days 00:00:02.782021,40,0.7492482924832433,10,1,30,13,117,"[880, 5641]",COMPLETE
5872,5872,0.24311599730334363,2.606712579727173,2021-06-19 18:42:50.834163,2021-06-19 18:42:53.448199,0 days 00:00:02.614036,20,0.775837870117549,10,3,30,20,117,"[4943, 4419]",COMPLETE
5873,5873,0.2880911358882324,2.6120893955230713,2021-06-19 18:42:53.451724,2021-06-19 18:42:56.071165,0 days 00:00:02.619441,20,0.7044121314824888,10,1,30,5,117,"[1006, 1006]",COMPLETE
5874,5874,0.24214650606137794,2.726785898208618,2021-06-19 18:42:56.074796,2021-06-19 18:42:58.809144,0 days 00:00:02.734348,10,0.603627004462215,10,1,4,25,117,"[316, 849]",COMPLETE
5875,5875,0.23491519088775892,2.6397578716278076,2021-06-19 18:42:58.812760,2021-06-19 18:43:01.459816,0 days 00:00:02.647056,20,0.7044121314824888,10,15,30,25,117,"[5495, 3483]",COMPLETE
5876,5876,0.24216245701038736,2.833671808242798,2021-06-19 18:43:01.463336,2021-06-19 18:43:04.304695,0 days 00:00:02.841359,90,0.8047024443354969,10,1,5,25,117,"[2960, 4943]",COMPLETE
5877,5877,0.23681165511033472,2.640225410461426,2021-06-19 18:43:04.308128,2021-06-19 18:43:06.955438,0 days 00:00:02.647310,20,0.6444348464751554,9,1,30,25,117,"[3100, 3100]",COMPLETE
5878,5878,0.23758868624994364,2.5860159397125244,2021-06-19 18:43:06.959118,2021-06-19 18:43:09.553151,0 days 00:00:02.594033,20,0.7044121314824888,10,9,30,23,117,"[2960, 849]",COMPLETE
5879,5879,0.23274156747930497,2.9096317291259766,2021-06-19 18:43:09.556632,2021-06-19 18:43:12.473542,0 days 00:00:02.916910,20,0.9151563867763368,10,9,30,22,117,"[1218, 2465]",COMPLETE
5880,5880,0.22767595273515995,2.6039841175079346,2021-06-19 18:43:12.476763,2021-06-19 18:43:15.088619,0 days 00:00:02.611856,40,0.7492482924832433,10,1,30,25,117,"[4419, 1735]",COMPLETE
5881,5881,0.22891007854218487,2.5516092777252197,2021-06-19 18:43:15.092322,2021-06-19 18:43:17.651901,0 days 00:00:02.559579,20,0.7044121314824888,10,1,30,25,117,"[3260, 5641]",COMPLETE
5882,5882,inf,inf,2021-06-19 18:43:17.655413,2021-06-19 18:43:17.830311,0 days 00:00:00.174898,20,0.35972439558504904,10,9,30,25,117,"[1218, 4781]",COMPLETE
5883,5883,inf,inf,2021-06-19 18:43:17.835793,2021-06-19 18:43:18.200258,0 days 00:00:00.364465,20,0.5632047828461266,10,1,30,23,117,"[1929, 849]",COMPLETE
5884,5884,0.22909893393110536,2.7607617378234863,2021-06-19 18:43:18.216056,2021-06-19 18:43:21.000063,0 days 00:00:02.784007,20,0.775837870117549,10,1,30,25,117,"[5145, 2078]",COMPLETE
5885,5885,0.24072733427064888,2.6114308834075928,2021-06-19 18:43:21.003527,2021-06-19 18:43:23.622250,0 days 00:00:02.618723,90,0.7044121314824888,10,1,30,22,117,"[1006, 1159]",COMPLETE
5886,5886,0.23582064587728072,2.6153616905212402,2021-06-19 18:43:23.625476,2021-06-19 18:43:26.248383,0 days 00:00:02.622907,20,0.7492482924832433,10,1,30,27,117,"[1389, 2063]",COMPLETE
5887,5887,0.26196103199712906,3.1564533710479736,2021-06-19 18:43:26.251941,2021-06-19 18:43:29.415679,0 days 00:00:03.163738,20,0.7044121314824888,6,1,8,25,117,"[3195, 316]",COMPLETE
5888,5888,0.2316162079894516,2.6509501934051514,2021-06-19 18:43:29.419226,2021-06-19 18:43:32.077484,0 days 00:00:02.658258,20,0.775837870117549,10,15,20,25,117,"[2762, 3082]",COMPLETE
5889,5889,0.2323418139996887,2.742349147796631,2021-06-19 18:43:32.080973,2021-06-19 18:43:34.830551,0 days 00:00:02.749578,10,0.7044121314824888,10,1,28,25,117,"[4236, 2659]",COMPLETE
5890,5890,0.26343794669494786,2.951857328414917,2021-06-19 18:43:34.833828,2021-06-19 18:43:37.792935,0 days 00:00:02.959107,20,0.8047024443354969,6,1,30,25,117,"[5336, 2063]",COMPLETE
5891,5891,inf,inf,2021-06-19 18:43:37.796514,2021-06-19 18:43:37.961132,0 days 00:00:00.164618,20,0.33693766957101845,10,1,30,25,117,"[3100, 5654]",COMPLETE
5892,5892,0.2932879186108444,3.781200647354126,2021-06-19 18:43:37.967108,2021-06-19 18:43:41.774803,0 days 00:00:03.807695,40,0.7044121314824888,3,3,29,20,117,"[1205, 5705]",COMPLETE
5893,5893,0.3033840474087455,2.8007683753967285,2021-06-19 18:43:41.778136,2021-06-19 18:43:44.586170,0 days 00:00:02.808034,20,0.7044121314824888,10,9,30,4,117,"[3483, 4236]",COMPLETE
5894,5894,0.2307076546505254,2.6037838459014893,2021-06-19 18:43:44.589770,2021-06-19 18:43:47.200892,0 days 00:00:02.611122,20,0.7492482924832433,10,9,23,26,117,"[2078, 3483]",COMPLETE
5895,5895,0.3218719659161612,2.7414326667785645,2021-06-19 18:43:47.204452,2021-06-19 18:43:49.953194,0 days 00:00:02.748742,20,0.7492482924832433,10,1,23,0,117,"[2078, 2078]",COMPLETE
5896,5896,0.23987540944187516,2.5967094898223877,2021-06-19 18:43:49.956627,2021-06-19 18:43:52.560527,0 days 00:00:02.603900,10,0.7492482924832433,10,6,9,26,117,"[745, 2209]",COMPLETE
5897,5897,0.2313922040480491,2.6418704986572266,2021-06-19 18:43:52.564022,2021-06-19 18:43:55.213015,0 days 00:00:02.648993,20,0.7044121314824888,10,1,24,26,117,"[5379, 4523]",COMPLETE
5898,5898,0.24499334716076576,2.7767326831817627,2021-06-19 18:43:55.216274,2021-06-19 18:43:58.001013,0 days 00:00:02.784739,20,0.7492482924832433,10,1,30,20,117,"[1028, 900]",COMPLETE
5899,5899,0.23047850681900178,2.5490782260894775,2021-06-19 18:43:58.004207,2021-06-19 18:44:00.560369,0 days 00:00:02.556162,10,0.7492482924832433,10,1,30,25,117,"[1735, 1735]",COMPLETE
5900,5900,0.2622839674431598,2.5921130180358887,2021-06-19 18:44:00.563861,2021-06-19 18:45:14.219131,0 days 00:01:13.655270,10,0.8047024443354969,10,1,30,14,118,"[4781, 2063]",COMPLETE
5901,5901,0.2327821461835245,2.8524014949798584,2021-06-19 18:45:14.226092,2021-06-19 18:45:17.088263,0 days 00:00:02.862171,10,0.899358030018276,10,1,30,25,118,"[4236, 3260]",COMPLETE
5902,5902,0.23251498450808097,2.7242531776428223,2021-06-19 18:45:17.091832,2021-06-19 18:45:19.823177,0 days 00:00:02.731345,80,0.7044121314824888,10,1,30,25,118,"[1006, 1006]",COMPLETE
5903,5903,0.23216107619886495,2.808218479156494,2021-06-19 18:45:19.826712,2021-06-19 18:45:22.642168,0 days 00:00:02.815456,20,0.7492482924832433,10,1,24,26,118,"[900, 880]",COMPLETE
5904,5904,0.22878341917696113,2.633502960205078,2021-06-19 18:45:22.645561,2021-06-19 18:45:25.286184,0 days 00:00:02.640623,20,0.775837870117549,10,15,30,26,118,"[5654, 2762]",COMPLETE
5905,5905,0.23415684484056729,2.5906500816345215,2021-06-19 18:45:25.289752,2021-06-19 18:45:27.887589,0 days 00:00:02.597837,10,0.7044121314824888,10,1,30,25,118,"[3260, 1389]",COMPLETE
5906,5906,inf,inf,2021-06-19 18:45:27.890980,2021-06-19 18:45:28.253113,0 days 00:00:00.362133,10,0.5402536557120319,10,1,16,19,118,"[2659, 5336]",COMPLETE
5907,5907,0.29455377809076466,3.878575563430786,2021-06-19 18:45:28.264208,2021-06-19 18:45:32.168960,0 days 00:00:03.904752,20,0.8047024443354969,3,1,30,25,118,"[5641, 1735]",COMPLETE
5908,5908,0.23876370596203392,2.546703338623047,2021-06-19 18:45:32.172391,2021-06-19 18:45:34.726371,0 days 00:00:02.553980,20,0.7044121314824888,10,1,6,26,118,"[2209, 2209]",COMPLETE
5909,5909,0.233399432788144,2.587405204772949,2021-06-19 18:45:34.729733,2021-06-19 18:45:37.324456,0 days 00:00:02.594723,20,0.8047024443354969,10,1,30,25,118,"[2229, 5852]",COMPLETE
5910,5910,0.2367741891583894,2.78505277633667,2021-06-19 18:45:37.328071,2021-06-19 18:45:40.121307,0 days 00:00:02.793236,20,0.7044121314824888,10,1,30,23,118,"[5495, 3100]",COMPLETE
5911,5911,0.23297747670844787,2.581881046295166,2021-06-19 18:45:40.124704,2021-06-19 18:45:42.713745,0 days 00:00:02.589041,20,0.7629303646130071,10,1,30,25,118,"[3260, 3100]",COMPLETE
5912,5912,0.23388659078675084,2.6097636222839355,2021-06-19 18:45:42.716947,2021-06-19 18:45:45.334040,0 days 00:00:02.617093,70,0.7044121314824888,10,1,30,25,118,"[4523, 1735]",COMPLETE
5913,5913,0.2890878927289611,3.558199405670166,2021-06-19 18:45:45.337502,2021-06-19 18:45:48.903034,0 days 00:00:03.565532,20,0.7044121314824888,4,9,30,25,118,"[2960, 1028]",COMPLETE
5914,5914,0.235294917493216,2.610658884048462,2021-06-19 18:45:48.906413,2021-06-19 18:45:51.524371,0 days 00:00:02.617958,10,0.7044121314824888,10,9,23,26,118,"[2078, 2960]",COMPLETE
5915,5915,0.23289243269050758,2.7460267543792725,2021-06-19 18:45:51.527969,2021-06-19 18:45:54.281308,0 days 00:00:02.753339,20,0.7814629668814658,10,1,30,26,118,"[5381, 5654]",COMPLETE
5916,5916,0.22914408312122225,2.5504226684570312,2021-06-19 18:45:54.284698,2021-06-19 18:45:56.842332,0 days 00:00:02.557634,20,0.7044121314824888,10,1,30,25,118,"[4236, 2063]",COMPLETE
5917,5917,0.27659732154391875,3.286101818084717,2021-06-19 18:45:56.845875,2021-06-19 18:46:00.139338,0 days 00:00:03.293463,20,0.775837870117549,4,1,26,28,118,"[5853, 411]",COMPLETE
5918,5918,0.2324910369740363,2.750410318374634,2021-06-19 18:46:00.142868,2021-06-19 18:46:02.900537,0 days 00:00:02.757669,20,0.7044121314824888,10,1,30,25,118,"[1929, 4331]",COMPLETE
5919,5919,0.23304320328039954,2.5760021209716797,2021-06-19 18:46:02.903973,2021-06-19 18:46:05.487324,0 days 00:00:02.583351,20,0.8047024443354969,10,1,30,25,118,"[5641, 2229]",COMPLETE
5920,5920,0.2266221344785712,2.6931967735290527,2021-06-19 18:46:05.490886,2021-06-19 18:46:08.191691,0 days 00:00:02.700805,50,0.775837870117549,10,13,30,25,118,"[1974, 2991]",COMPLETE
5921,5921,0.23598953449655147,2.7200114727020264,2021-06-19 18:46:08.195135,2021-06-19 18:46:10.922773,0 days 00:00:02.727638,10,0.8047024443354969,10,1,30,25,118,"[2063, 4781]",COMPLETE
5922,5922,0.22946116906080263,2.567049264907837,2021-06-19 18:46:10.926248,2021-06-19 18:46:13.500413,0 days 00:00:02.574165,20,0.775837870117549,10,1,30,25,118,"[5852, 3566]",COMPLETE
5923,5923,0.32431469601288077,9.12749433517456,2021-06-19 18:46:13.504015,2021-06-19 18:46:22.638852,0 days 00:00:09.134837,10,0.7492482924832433,0,1,29,25,118,"[1028, 316]",COMPLETE
5924,5924,0.22914538260758632,2.5707831382751465,2021-06-19 18:46:22.642304,2021-06-19 18:46:25.220251,0 days 00:00:02.577947,20,0.7044121314824888,10,1,30,26,118,"[2465, 2229]",COMPLETE
5925,5925,0.27880491208052915,2.5632104873657227,2021-06-19 18:46:25.223710,2021-06-19 18:46:27.794235,0 days 00:00:02.570525,20,0.7044121314824888,10,1,24,6,118,"[2209, 4331]",COMPLETE
5926,5926,inf,inf,2021-06-19 18:46:27.797754,2021-06-19 18:46:28.061618,0 days 00:00:00.263864,40,0.47773606074542047,10,1,30,25,118,"[3082, 3760]",COMPLETE
5927,5927,0.23267926494066277,2.764150857925415,2021-06-19 18:46:28.067583,2021-06-19 18:46:30.853102,0 days 00:00:02.785519,40,0.775837870117549,10,1,24,25,118,"[2063, 4419]",COMPLETE
5928,5928,0.3200877414370403,9.013096809387207,2021-06-19 18:46:30.856611,2021-06-19 18:46:39.876914,0 days 00:00:09.020303,20,0.7044121314824888,0,1,30,25,118,"[3260, 3260]",COMPLETE
5929,5929,0.23184995255307858,2.5691187381744385,2021-06-19 18:46:39.880276,2021-06-19 18:46:42.456689,0 days 00:00:02.576413,20,0.7044121314824888,10,1,30,26,118,"[3566, 4236]",COMPLETE
5930,5930,0.2903702311536005,3.2098822593688965,2021-06-19 18:46:42.460361,2021-06-19 18:46:45.677768,0 days 00:00:03.217407,20,0.7044121314824888,5,1,2,14,118,"[5654, 1205]",COMPLETE
5931,5931,0.2315703502654694,2.5603983402252197,2021-06-19 18:46:45.681356,2021-06-19 18:46:48.248853,0 days 00:00:02.567497,20,0.7492482924832433,10,1,29,26,118,"[900, 900]",COMPLETE
5932,5932,0.23408393055896076,2.7304835319519043,2021-06-19 18:46:48.252466,2021-06-19 18:46:50.990095,0 days 00:00:02.737629,30,0.7044121314824888,10,1,30,26,118,"[2963, 3082]",COMPLETE
5933,5933,0.22978130753879958,2.563494920730591,2021-06-19 18:46:50.993521,2021-06-19 18:46:53.564270,0 days 00:00:02.570749,60,0.775837870117549,10,1,30,28,118,"[3082, 4523]",COMPLETE
5934,5934,0.23025588349342918,2.616018056869507,2021-06-19 18:46:53.567755,2021-06-19 18:46:56.190919,0 days 00:00:02.623164,20,0.7492482924832433,10,1,30,25,118,"[5495, 1389]",COMPLETE
5935,5935,0.23224341902523685,2.786268711090088,2021-06-19 18:46:56.194538,2021-06-19 18:46:58.988137,0 days 00:00:02.793599,20,0.7044121314824888,10,1,25,25,118,"[1006, 3100]",COMPLETE
5936,5936,0.2505989048913755,2.5274529457092285,2021-06-19 18:46:58.991564,2021-06-19 18:47:01.526410,0 days 00:00:02.534846,30,0.775837870117549,10,1,30,19,118,"[3082, 5641]",COMPLETE
5937,5937,0.2388113739226708,2.5621559619903564,2021-06-19 18:47:01.530030,2021-06-19 18:47:04.099754,0 days 00:00:02.569724,20,0.8047024443354969,10,9,10,26,118,"[5641, 5381]",COMPLETE
5938,5938,0.2337592063771116,2.845163106918335,2021-06-19 18:47:04.103268,2021-06-19 18:47:06.955837,0 days 00:00:02.852569,10,0.6415492259649922,10,16,18,24,118,"[849, 1159]",COMPLETE
5939,5939,0.23054593978974722,2.5736441612243652,2021-06-19 18:47:06.958835,2021-06-19 18:47:09.539624,0 days 00:00:02.580789,40,0.775837870117549,10,1,30,25,118,"[4419, 2229]",COMPLETE
5940,5940,0.2281917531874079,2.6040022373199463,2021-06-19 18:47:09.542743,2021-06-19 18:47:12.153990,0 days 00:00:02.611247,10,0.7492482924832433,10,1,30,25,118,"[1028, 1389]",COMPLETE
5941,5941,0.22591618709208872,2.8175461292266846,2021-06-19 18:47:12.157336,2021-06-19 18:47:14.982131,0 days 00:00:02.824795,40,0.775837870117549,10,12,30,25,118,"[3760, 3760]",COMPLETE
5942,5942,0.2328445877236463,2.64809250831604,2021-06-19 18:47:14.985639,2021-06-19 18:47:17.640986,0 days 00:00:02.655347,20,0.8153646666145813,10,9,26,25,118,"[880, 3256]",COMPLETE
5943,5943,0.23164553509390184,2.808645248413086,2021-06-19 18:47:17.644410,2021-06-19 18:47:20.460568,0 days 00:00:02.816158,10,0.7044121314824888,10,9,30,26,118,"[2991, 411]",COMPLETE
5944,5944,0.2291458237757336,2.598127603530884,2021-06-19 18:47:20.463549,2021-06-19 18:47:23.068855,0 days 00:00:02.605306,20,0.775837870117549,10,1,30,25,118,"[5145, 1389]",COMPLETE
5945,5945,0.23994451848527346,2.5959386825561523,2021-06-19 18:47:23.072438,2021-06-19 18:47:25.675753,0 days 00:00:02.603315,20,0.7492482924832433,10,1,9,22,118,"[5336, 745]",COMPLETE
5946,5946,0.2733262625588909,3.2662837505340576,2021-06-19 18:47:25.679314,2021-06-19 18:47:28.953063,0 days 00:00:03.273749,30,0.7492482924832433,5,1,28,26,118,"[2659, 900]",COMPLETE
5947,5947,0.235890283495845,2.6373682022094727,2021-06-19 18:47:28.956392,2021-06-19 18:47:31.601141,0 days 00:00:02.644749,80,0.7044121314824888,10,1,30,25,118,"[5852, 5495]",COMPLETE
5948,5948,0.27393898717476195,2.621943712234497,2021-06-19 18:47:31.604386,2021-06-19 18:47:34.234381,0 days 00:00:02.629995,20,0.8047024443354969,10,1,30,11,118,"[5641, 3566]",COMPLETE
5949,5949,0.2286899649236872,2.7771193981170654,2021-06-19 18:47:34.237781,2021-06-19 18:47:37.022239,0 days 00:00:02.784458,20,0.775837870117549,10,1,30,25,118,"[3760, 3566]",COMPLETE
5950,5950,0.2394311703835125,2.5917015075683594,2021-06-19 18:47:37.025673,2021-06-19 18:47:39.673837,0 days 00:00:02.648164,20,0.775837870117549,10,1,24,21,119,"[2063, 5853]",COMPLETE
5951,5951,0.23560555771066755,2.594407796859741,2021-06-19 18:47:39.677294,2021-06-19 18:47:42.279160,0 days 00:00:02.601866,40,0.7044121314824888,10,1,16,26,119,"[5381, 3760]",COMPLETE
5952,5952,inf,inf,2021-06-19 18:47:42.282749,2021-06-19 18:47:42.601277,0 days 00:00:00.318528,20,0.46456408536640387,10,1,9,25,119,"[2762, 745]",COMPLETE
5953,5953,0.2328846209216682,2.7266085147857666,2021-06-19 18:47:42.606510,2021-06-19 18:47:45.374922,0 days 00:00:02.768412,20,0.7044121314824888,10,1,30,25,119,"[3195, 3195]",COMPLETE
5954,5954,0.23169200017182334,2.582416296005249,2021-06-19 18:47:45.378341,2021-06-19 18:47:47.968192,0 days 00:00:02.589851,20,0.7044121314824888,10,1,30,25,119,"[1735, 5495]",COMPLETE
5955,5955,0.2318163349824737,2.7593820095062256,2021-06-19 18:47:47.971542,2021-06-19 18:47:50.738413,0 days 00:00:02.766871,20,0.8047024443354969,10,1,28,26,119,"[2063, 2465]",COMPLETE
5956,5956,inf,inf,2021-06-19 18:47:50.741628,2021-06-19 18:47:51.093216,0 days 00:00:00.351588,20,0.5091152719252952,10,1,30,25,119,"[5641, 2991]",COMPLETE
5957,5957,inf,inf,2021-06-19 18:47:51.102888,2021-06-19 18:47:51.500968,0 days 00:00:00.398080,20,0.4974974862151203,10,9,26,26,119,"[2963, 3256]",COMPLETE
5958,5958,0.23341922704388102,2.5523672103881836,2021-06-19 18:47:51.508904,2021-06-19 18:47:54.094877,0 days 00:00:02.585973,20,0.7044121314824888,10,6,30,25,119,"[1218, 5145]",COMPLETE
5959,5959,0.23192531186787976,2.5774803161621094,2021-06-19 18:47:54.098385,2021-06-19 18:47:56.683172,0 days 00:00:02.584787,20,0.7044121314824888,10,1,23,26,119,"[5381, 2078]",COMPLETE
5960,5960,0.23153895032299482,2.8312911987304688,2021-06-19 18:47:56.686813,2021-06-19 18:47:59.525576,0 days 00:00:02.838763,20,0.8461631483709942,10,1,30,26,119,"[4781, 2209]",COMPLETE
5961,5961,0.2726823169346663,2.69175124168396,2021-06-19 18:47:59.529108,2021-06-19 18:48:02.228276,0 days 00:00:02.699168,20,0.7044121314824888,10,11,26,14,119,"[1205, 411]",COMPLETE
5962,5962,0.23111848608158217,2.6233322620391846,2021-06-19 18:48:02.231990,2021-06-19 18:48:04.863547,0 days 00:00:02.631557,70,0.8047024443354969,10,1,30,26,119,"[5641, 1974]",COMPLETE
5963,5963,0.23152250617417933,2.7708518505096436,2021-06-19 18:48:04.866832,2021-06-19 18:48:07.645082,0 days 00:00:02.778250,20,0.7492482924832433,10,1,30,25,119,"[1389, 1974]",COMPLETE
5964,5964,0.23146504705509127,2.689668893814087,2021-06-19 18:48:07.648630,2021-06-19 18:48:10.345818,0 days 00:00:02.697188,20,0.9257179911855771,10,1,30,25,119,"[1929, 3082]",COMPLETE
5965,5965,0.23420305773102074,2.7629377841949463,2021-06-19 18:48:10.349492,2021-06-19 18:48:13.119994,0 days 00:00:02.770502,10,0.775837870117549,10,1,30,25,119,"[5654, 1028]",COMPLETE
5966,5966,0.22903809585512058,2.573544502258301,2021-06-19 18:48:13.123419,2021-06-19 18:48:15.704296,0 days 00:00:02.580877,20,0.775837870117549,10,1,30,25,119,"[3760, 4781]",COMPLETE
5967,5967,0.22933485515894456,2.56377911567688,2021-06-19 18:48:15.707678,2021-06-19 18:48:18.278853,0 days 00:00:02.571175,20,0.7044121314824888,10,1,30,25,119,"[5145, 4236]",COMPLETE
5968,5968,0.23244965976336396,2.8094356060028076,2021-06-19 18:48:18.282402,2021-06-19 18:48:21.099197,0 days 00:00:02.816795,20,0.775837870117549,10,10,30,25,119,"[3082, 3082]",COMPLETE
5969,5969,0.24327112604015003,2.6945247650146484,2021-06-19 18:48:21.102716,2021-06-19 18:48:23.805050,0 days 00:00:02.702334,90,0.7044121314824888,10,10,1,25,119,"[3760, 4781]",COMPLETE
5970,5970,0.39274409176992026,2.7873260974884033,2021-06-19 18:48:23.808637,2021-06-19 18:48:26.603447,0 days 00:00:02.794810,20,0.9466951004898405,10,1,30,3,119,"[1244, 2229]",COMPLETE
5971,5971,0.26514588963018704,2.746269941329956,2021-06-19 18:48:26.606828,2021-06-19 18:48:29.360566,0 days 00:00:02.753738,20,0.775837870117549,10,1,30,11,119,"[4331, 4879]",COMPLETE
5972,5972,0.2351838611265755,2.596318483352661,2021-06-19 18:48:29.364068,2021-06-19 18:48:31.967582,0 days 00:00:02.603514,20,0.7492482924832433,10,1,30,22,119,"[745, 5852]",COMPLETE
5973,5973,0.23540376083920256,2.553001642227173,2021-06-19 18:48:31.971289,2021-06-19 18:48:34.532294,0 days 00:00:02.561005,10,0.660463540867916,10,1,28,25,119,"[2659, 2659]",COMPLETE
5974,5974,0.3138721084232348,2.717562675476074,2021-06-19 18:48:34.535900,2021-06-19 18:48:37.260834,0 days 00:00:02.724934,10,0.6415492259649922,10,1,22,2,119,"[411, 849]",COMPLETE
5975,5975,0.2417164467683749,2.610023021697998,2021-06-19 18:48:37.264306,2021-06-19 18:48:39.881519,0 days 00:00:02.617213,20,0.7044121314824888,10,9,26,22,119,"[745, 3256]",COMPLETE
5976,5976,0.22784447117930406,2.7944586277008057,2021-06-19 18:48:39.885090,2021-06-19 18:48:42.686936,0 days 00:00:02.801846,20,0.775837870117549,10,8,30,26,119,"[3082, 4331]",COMPLETE
5977,5977,0.23410388809156116,2.545182943344116,2021-06-19 18:48:42.690559,2021-06-19 18:48:45.243862,0 days 00:00:02.553303,20,0.6573012560050132,10,1,30,26,119,"[5654, 1929]",COMPLETE
5978,5978,inf,inf,2021-06-19 18:48:45.247235,2021-06-19 18:48:45.671298,0 days 00:00:00.424063,20,0.5204472177028131,10,1,30,2,119,"[2229, 1205]",COMPLETE
5979,5979,inf,inf,2021-06-19 18:48:45.680445,2021-06-19 18:48:45.870514,0 days 00:00:00.190069,40,0.4054508765682947,10,1,30,25,119,"[4419, 5145]",COMPLETE
5980,5980,0.2304446564374901,2.6305673122406006,2021-06-19 18:48:45.886587,2021-06-19 18:48:48.538307,0 days 00:00:02.651720,80,0.775837870117549,10,1,22,26,119,"[2991, 2078]",COMPLETE
5981,5981,0.2825084897132196,3.5780861377716064,2021-06-19 18:48:48.541432,2021-06-19 18:48:52.126864,0 days 00:00:03.585432,10,0.775837870117549,4,1,30,25,119,"[5853, 1028]",COMPLETE
5982,5982,0.2275748675638334,2.600367546081543,2021-06-19 18:48:52.130051,2021-06-19 18:48:54.737877,0 days 00:00:02.607826,20,0.7009350957848923,10,6,23,25,119,"[2078, 3100]",COMPLETE
5983,5983,0.2260817564819768,2.83187198638916,2021-06-19 18:48:54.741442,2021-06-19 18:48:57.580607,0 days 00:00:02.839165,20,0.7044121314824888,10,9,30,26,119,"[3256, 3100]",COMPLETE
5984,5984,0.2397379747063659,2.594647169113159,2021-06-19 18:48:57.584044,2021-06-19 18:49:00.185905,0 days 00:00:02.601861,10,0.603627004462215,10,1,8,25,119,"[5641, 316]",COMPLETE
5985,5985,0.24275333161288418,2.981424331665039,2021-06-19 18:49:00.189457,2021-06-19 18:49:03.178590,0 days 00:00:02.989133,30,0.9933148897281017,10,1,3,25,119,"[900, 1389]",COMPLETE
