,number,values_0,values_1,datetime_start,datetime_complete,duration,params_checks,params_n_ratio,params_nskip,params_trees,params_w1,params_w2,system_attrs_nsga2:generation,system_attrs_nsga2:parents,state
4919,4919,0.22909485022182435,2.6634953022003174,2021-06-19 17:48:35.989116,2021-06-19 17:48:38.658872,0 days 00:00:02.669756,20,0.775837870117549,10,14,24,26,98,"[900, 3566]",COMPLETE
4920,4920,0.23160402214892534,2.7626922130584717,2021-06-19 17:48:38.661795,2021-06-19 17:48:41.430630,0 days 00:00:02.768835,20,0.7044121314824888,10,1,24,25,98,"[3100, 2762]",COMPLETE
4921,4921,0.2854998072602563,3.3340349197387695,2021-06-19 17:48:41.433807,2021-06-19 17:48:44.774664,0 days 00:00:03.340857,20,0.7044121314824888,4,1,30,26,98,"[4781, 3307]",COMPLETE
4922,4922,0.23028989440935643,2.6017611026763916,2021-06-19 17:48:44.777817,2021-06-19 17:48:47.385641,0 days 00:00:02.607824,40,0.775837870117549,10,1,30,25,98,"[1389, 4419]",COMPLETE
4923,4923,0.23268996647606058,2.776512861251831,2021-06-19 17:48:47.388838,2021-06-19 17:48:50.171464,0 days 00:00:02.782626,20,0.7044121314824888,10,9,26,26,98,"[411, 411]",COMPLETE
4924,4924,0.2436551015403692,2.5542149543762207,2021-06-19 17:48:50.174757,2021-06-19 17:48:52.735823,0 days 00:00:02.561066,20,0.7044121314824888,10,1,3,26,98,"[1159, 2209]",COMPLETE
4925,4925,0.23505018969948227,2.577801465988159,2021-06-19 17:48:52.738919,2021-06-19 17:48:55.322799,0 days 00:00:02.583880,20,0.8047024443354969,10,1,24,23,98,"[849, 2063]",COMPLETE
4926,4926,0.23256788550796714,3.0499117374420166,2021-06-19 17:48:55.325897,2021-06-19 17:48:58.382062,0 days 00:00:03.056165,20,0.9606757503816965,10,1,30,25,98,"[880, 2229]",COMPLETE
4927,4927,0.2309152567853891,2.6407740116119385,2021-06-19 17:48:58.385132,2021-06-19 17:49:01.032008,0 days 00:00:02.646876,20,0.7044121314824888,10,9,26,25,98,"[3256, 1244]",COMPLETE
4928,4928,0.2347100004310934,2.752774715423584,2021-06-19 17:49:01.035196,2021-06-19 17:49:03.794724,0 days 00:00:02.759528,10,0.7044121314824888,10,1,30,25,98,"[1246, 880]",COMPLETE
4929,4929,0.2335235366366872,2.6078758239746094,2021-06-19 17:49:03.797799,2021-06-19 17:49:06.411777,0 days 00:00:02.613978,20,0.7044121314824888,10,1,30,25,98,"[3483, 1929]",COMPLETE
4930,4930,0.22928218711411738,2.6585233211517334,2021-06-19 17:49:06.414913,2021-06-19 17:49:09.079586,0 days 00:00:02.664673,20,0.7044121314824888,10,9,30,26,98,"[849, 908]",COMPLETE
4931,4931,0.3277884623827035,9.215303182601929,2021-06-19 17:49:09.082695,2021-06-19 17:49:18.304434,0 days 00:00:09.221739,20,0.8047024443354969,0,1,5,18,98,"[1745, 2209]",COMPLETE
4932,4932,0.23983567829384447,2.5725691318511963,2021-06-19 17:49:18.307583,2021-06-19 17:49:20.886343,0 days 00:00:02.578760,20,0.775837870117549,10,1,5,25,98,"[4331, 1244]",COMPLETE
4933,4933,0.23068648267232666,2.732522487640381,2021-06-19 17:49:20.889506,2021-06-19 17:49:23.628372,0 days 00:00:02.738866,20,0.8047024443354969,10,1,22,25,98,"[1244, 2063]",COMPLETE
4934,4934,0.24189026757597462,2.7957003116607666,2021-06-19 17:49:23.631518,2021-06-19 17:49:26.433545,0 days 00:00:02.802027,20,0.6396335081604106,8,9,26,26,98,"[4331, 411]",COMPLETE
4935,4935,0.24795869005133503,2.873729944229126,2021-06-19 17:49:26.436781,2021-06-19 17:49:29.316883,0 days 00:00:02.880102,20,0.7044121314824888,8,1,30,25,98,"[1246, 1159]",COMPLETE
4936,4936,0.228878380914033,2.6097564697265625,2021-06-19 17:49:29.319705,2021-06-19 17:49:31.935613,0 days 00:00:02.615908,20,0.8047024443354969,10,1,30,25,98,"[2229, 4845]",COMPLETE
4937,4937,0.31495142136143467,8.979458570480347,2021-06-19 17:49:31.939253,2021-06-19 17:49:40.925376,0 days 00:00:08.986123,20,0.7044121314824888,0,1,24,26,98,"[2209, 2209]",COMPLETE
4938,4938,0.2775540144396286,3.2598342895507812,2021-06-19 17:49:40.928532,2021-06-19 17:49:44.194668,0 days 00:00:03.266136,20,0.7492482924832433,5,1,9,22,98,"[745, 4845]",COMPLETE
4939,4939,0.227419181940592,2.611752510070801,2021-06-19 17:49:44.197705,2021-06-19 17:49:46.815618,0 days 00:00:02.617913,20,0.7044121314824888,10,1,30,26,98,"[3260, 1218]",COMPLETE
4940,4940,inf,inf,2021-06-19 17:49:46.818842,2021-06-19 17:49:47.306977,0 days 00:00:00.488135,70,0.603627004462215,10,1,30,25,98,"[3195, 316]",COMPLETE
4941,4941,0.23341291909579195,2.7730906009674072,2021-06-19 17:49:47.319309,2021-06-19 17:49:50.099224,0 days 00:00:02.779915,20,0.8373119358842627,10,1,30,25,98,"[1006, 1006]",COMPLETE
4942,4942,0.23760898274162523,2.6116585731506348,2021-06-19 17:49:50.101832,2021-06-19 17:49:52.719607,0 days 00:00:02.617775,20,0.7044121314824888,10,1,30,26,98,"[3760, 2963]",COMPLETE
4943,4943,0.22778310964135284,2.533867835998535,2021-06-19 17:49:52.722286,2021-06-19 17:49:55.262288,0 days 00:00:02.540002,20,0.8047024443354969,10,1,30,25,98,"[647, 2229]",COMPLETE
4944,4944,0.23029703520864167,2.7417407035827637,2021-06-19 17:49:55.265067,2021-06-19 17:49:58.012776,0 days 00:00:02.747709,10,0.7492482924832433,10,1,30,25,98,"[316, 880]",COMPLETE
4945,4945,0.23967571165900972,2.608469009399414,2021-06-19 17:49:58.015940,2021-06-19 17:50:00.630639,0 days 00:00:02.614699,20,0.7492482924832433,10,1,10,25,98,"[2229, 1735]",COMPLETE
4946,4946,0.23161198831568403,2.861656427383423,2021-06-19 17:50:00.633574,2021-06-19 17:50:03.502140,0 days 00:00:02.868566,20,0.7044121314824888,10,9,29,25,98,"[2960, 1929]",COMPLETE
4947,4947,0.23488450839071523,2.5355477333068848,2021-06-19 17:50:03.505261,2021-06-19 17:50:06.047171,0 days 00:00:02.541910,20,0.7044121314824888,10,1,18,25,98,"[1656, 2659]",COMPLETE
4948,4948,0.28134980755299877,3.4980759620666504,2021-06-19 17:50:06.050379,2021-06-19 17:50:09.554738,0 days 00:00:03.504359,20,0.7044121314824888,4,11,30,25,98,"[1159, 3100]",COMPLETE
4949,4949,0.22803685294395043,2.7422966957092285,2021-06-19 17:50:09.557690,2021-06-19 17:50:12.306258,0 days 00:00:02.748568,80,0.7492482924832433,10,1,30,25,98,"[880, 880]",COMPLETE
4950,4950,0.28964782043103815,3.3662595748901367,2021-06-19 17:50:12.309267,2021-06-19 17:50:15.729908,0 days 00:00:03.420641,40,0.6594708833954468,4,1,30,23,99,"[3566, 849]",COMPLETE
4951,4951,0.2655635980524392,2.5573065280914307,2021-06-19 17:50:15.732988,2021-06-19 17:50:18.296625,0 days 00:00:02.563637,20,0.603627004462215,10,1,30,14,99,"[4331, 316]",COMPLETE
4952,4952,0.24200320476866002,2.7265541553497314,2021-06-19 17:50:18.299783,2021-06-19 17:50:21.032223,0 days 00:00:02.732440,10,0.7492482924832433,10,1,9,22,99,"[745, 745]",COMPLETE
4953,4953,0.23264771391650235,2.633559465408325,2021-06-19 17:50:21.035265,2021-06-19 17:50:23.674934,0 days 00:00:02.639669,10,0.775837870117549,10,1,30,25,99,"[3566, 1028]",COMPLETE
4954,4954,0.24074457021495646,2.5778191089630127,2021-06-19 17:50:23.678097,2021-06-19 17:50:26.262394,0 days 00:00:02.584297,20,0.775837870117549,10,2,30,21,99,"[2991, 880]",COMPLETE
4955,4955,0.23195156597036334,2.8559916019439697,2021-06-19 17:50:26.265496,2021-06-19 17:50:29.127685,0 days 00:00:02.862189,60,0.7044121314824888,10,9,30,26,99,"[1006, 3307]",COMPLETE
4956,4956,0.2293577642011697,2.596177816390991,2021-06-19 17:50:29.130694,2021-06-19 17:50:31.733086,0 days 00:00:02.602392,20,0.775837870117549,10,1,30,26,99,"[880, 1974]",COMPLETE
4957,4957,0.2309696527401077,2.826575517654419,2021-06-19 17:50:31.736211,2021-06-19 17:50:34.569072,0 days 00:00:02.832861,20,0.7044121314824888,10,14,30,25,99,"[4236, 3260]",COMPLETE
4958,4958,0.26974823837535483,2.5741686820983887,2021-06-19 17:50:34.572125,2021-06-19 17:50:37.152705,0 days 00:00:02.580580,10,0.775837870117549,10,1,30,7,99,"[4331, 1389]",COMPLETE
4959,4959,0.2293381574587666,2.6504065990448,2021-06-19 17:50:37.155872,2021-06-19 17:50:39.812512,0 days 00:00:02.656640,40,0.775837870117549,10,1,30,25,99,"[2991, 3760]",COMPLETE
4960,4960,0.2334760295023691,2.82271671295166,2021-06-19 17:50:39.815646,2021-06-19 17:50:42.644492,0 days 00:00:02.828846,20,0.7044121314824888,10,1,30,26,99,"[1599, 2465]",COMPLETE
4961,4961,0.368785581945333,2.5635411739349365,2021-06-19 17:50:42.647632,2021-06-19 17:50:45.217797,0 days 00:00:02.570165,20,0.7044121314824888,10,4,13,0,99,"[1218, 1006]",COMPLETE
4962,4962,0.23154395276932577,2.7075412273406982,2021-06-19 17:50:45.220923,2021-06-19 17:50:47.934937,0 days 00:00:02.714014,30,0.5763781908413323,10,1,30,25,99,"[4943, 4523]",COMPLETE
4963,4963,0.27671171417055884,2.618995189666748,2021-06-19 17:50:47.938059,2021-06-19 17:50:50.563499,0 days 00:00:02.625440,20,0.7044121314824888,10,9,30,8,99,"[3483, 2963]",COMPLETE
4964,4964,0.23108362161690366,2.5853309631347656,2021-06-19 17:50:50.566598,2021-06-19 17:50:53.158037,0 days 00:00:02.591439,20,0.775837870117549,10,1,30,26,99,"[3566, 4258]",COMPLETE
4965,4965,0.2705343074554967,3.95373797416687,2021-06-19 17:50:53.160942,2021-06-19 17:50:57.121129,0 days 00:00:03.960187,10,0.972291960923882,5,15,30,25,99,"[2762, 880]",COMPLETE
4966,4966,0.23264687960468747,2.6481425762176514,2021-06-19 17:50:57.124166,2021-06-19 17:50:59.778661,0 days 00:00:02.654495,20,0.8047024443354969,10,9,26,26,99,"[411, 647]",COMPLETE
4967,4967,0.2474447431734767,2.7653884887695312,2021-06-19 17:50:59.781498,2021-06-19 17:51:02.553194,0 days 00:00:02.771696,20,0.775837870117549,10,3,30,18,99,"[2229, 4258]",COMPLETE
4968,4968,0.23282662708685492,2.598311424255371,2021-06-19 17:51:02.556270,2021-06-19 17:51:05.160991,0 days 00:00:02.604721,40,0.7492482924832433,10,1,18,25,99,"[3760, 1735]",COMPLETE
4969,4969,0.2359098578222859,2.6254701614379883,2021-06-19 17:51:05.164029,2021-06-19 17:51:07.796603,0 days 00:00:02.632574,0,0.7496900175383862,10,2,30,26,99,"[1218, 3260]",COMPLETE
4970,4970,0.2306648438454414,2.8052046298980713,2021-06-19 17:51:07.799712,2021-06-19 17:51:10.611404,0 days 00:00:02.811692,50,0.7044121314824888,10,9,30,26,99,"[411, 4845]",COMPLETE
4971,4971,0.23091773013911526,2.6378142833709717,2021-06-19 17:51:10.614406,2021-06-19 17:51:13.258585,0 days 00:00:02.644179,20,0.8550769957725111,10,9,30,26,99,"[3307, 1929]",COMPLETE
4972,4972,0.23242063452864603,2.6312685012817383,2021-06-19 17:51:13.261456,2021-06-19 17:51:15.899080,0 days 00:00:02.637624,0,0.7492482924832433,10,1,30,25,99,"[1929, 880]",COMPLETE
4973,4973,0.3011091984914824,4.447190284729004,2021-06-19 17:51:15.902308,2021-06-19 17:51:20.355886,0 days 00:00:04.453578,20,0.8047024443354969,2,1,23,26,99,"[2229, 647]",COMPLETE
4974,4974,0.23390961595544751,2.5714824199676514,2021-06-19 17:51:20.359011,2021-06-19 17:51:22.936662,0 days 00:00:02.577651,20,0.7492482924832433,10,1,30,25,99,"[3483, 1735]",COMPLETE
4975,4975,0.28521051267708475,2.798478364944458,2021-06-19 17:51:22.939383,2021-06-19 17:51:25.744267,0 days 00:00:02.804884,100,0.7683310683705648,10,1,30,5,99,"[4770, 1389]",COMPLETE
4976,4976,0.23229236243652054,2.663411855697632,2021-06-19 17:51:25.746912,2021-06-19 17:51:28.416194,0 days 00:00:02.669282,20,0.7100511651342796,10,15,24,25,99,"[2762, 2762]",COMPLETE
4977,4977,0.22868534562954812,2.619584083557129,2021-06-19 17:51:28.418903,2021-06-19 17:51:31.044530,0 days 00:00:02.625627,20,0.775837870117549,10,1,30,25,99,"[4258, 1735]",COMPLETE
4978,4978,inf,inf,2021-06-19 17:51:31.047609,2021-06-19 17:51:31.213920,0 days 00:00:00.166311,20,0.40535272446971105,10,9,26,26,99,"[411, 316]",COMPLETE
4979,4979,inf,inf,2021-06-19 17:51:31.234415,2021-06-19 17:51:31.363643,0 days 00:00:00.129228,20,0.3010309589059122,10,1,30,25,99,"[1028, 900]",COMPLETE
4980,4980,0.23166543067300896,2.7927820682525635,2021-06-19 17:51:31.370783,2021-06-19 17:51:34.185947,0 days 00:00:02.815164,30,0.7044121314824888,10,9,30,26,99,"[2963, 1159]",COMPLETE
4981,4981,0.23174337513887555,2.5906481742858887,2021-06-19 17:51:34.189019,2021-06-19 17:51:36.785787,0 days 00:00:02.596768,20,0.8047024443354969,10,1,30,25,99,"[2229, 2960]",COMPLETE
4982,4982,0.23033433656599336,2.557086944580078,2021-06-19 17:51:36.788930,2021-06-19 17:51:39.352290,0 days 00:00:02.563360,20,0.7044121314824888,10,1,30,26,99,"[1159, 2209]",COMPLETE
4983,4983,0.22835757141663246,2.868328094482422,2021-06-19 17:51:39.355369,2021-06-19 17:51:42.230216,0 days 00:00:02.874847,20,0.9286409167024969,10,9,30,25,99,"[2762, 1244]",COMPLETE
4984,4984,0.2322835680186878,2.6971025466918945,2021-06-19 17:51:42.233282,2021-06-19 17:51:44.936445,0 days 00:00:02.703163,20,0.7492482924832433,10,1,23,26,99,"[4943, 2078]",COMPLETE
4985,4985,0.2302493839219825,2.737271547317505,2021-06-19 17:51:44.939513,2021-06-19 17:51:47.683423,0 days 00:00:02.743910,20,0.7044121314824888,10,1,30,25,99,"[3260, 3260]",COMPLETE
4986,4986,0.23228050171418685,2.5490188598632812,2021-06-19 17:51:47.686561,2021-06-19 17:51:50.241854,0 days 00:00:02.555293,20,0.7044121314824888,10,1,29,25,99,"[1929, 1929]",COMPLETE
4987,4987,0.29245260287970193,2.5723581314086914,2021-06-19 17:51:50.244983,2021-06-19 17:51:52.823753,0 days 00:00:02.578770,20,0.7044121314824888,10,1,8,9,99,"[2078, 4781]",COMPLETE
4988,4988,0.2956702147437349,4.658299446105957,2021-06-19 17:51:52.826957,2021-06-19 17:51:57.491838,0 days 00:00:04.664881,50,0.7044121314824888,2,9,30,26,99,"[3256, 4943]",COMPLETE
4989,4989,0.22971345818508465,2.620826005935669,2021-06-19 17:51:57.494954,2021-06-19 17:52:00.122214,0 days 00:00:02.627260,20,0.8994717312776075,10,1,30,25,99,"[1929, 1389]",COMPLETE
4990,4990,0.22823196312586302,2.654700756072998,2021-06-19 17:52:00.125391,2021-06-19 17:52:02.786485,0 days 00:00:02.661094,20,0.8047024443354969,10,1,30,25,99,"[4845, 849]",COMPLETE
4991,4991,0.2344267944831258,2.796945571899414,2021-06-19 17:52:02.789673,2021-06-19 17:52:05.593179,0 days 00:00:02.803506,20,0.7044121314824888,10,14,30,29,99,"[2063, 2465]",COMPLETE
4992,4992,0.23659831688859914,2.6125261783599854,2021-06-19 17:52:05.596336,2021-06-19 17:52:08.215004,0 days 00:00:02.618668,20,0.7044121314824888,10,1,30,25,99,"[1929, 1006]",COMPLETE
4993,4993,0.2314959653693282,2.7470860481262207,2021-06-19 17:52:08.218158,2021-06-19 17:52:10.971401,0 days 00:00:02.753243,20,0.7044121314824888,10,1,24,26,99,"[4523, 2209]",COMPLETE
4994,4994,0.2324975498910604,2.565276861190796,2021-06-19 17:52:10.974480,2021-06-19 17:52:13.546010,0 days 00:00:02.571530,20,0.7044121314824888,10,1,24,25,99,"[1218, 2063]",COMPLETE
4995,4995,0.22848697862949743,2.5450966358184814,2021-06-19 17:52:13.549162,2021-06-19 17:52:16.100446,0 days 00:00:02.551284,20,0.7044121314824888,10,1,30,25,99,"[3100, 3260]",COMPLETE
4996,4996,0.2753921273278461,2.714426040649414,2021-06-19 17:52:16.103524,2021-06-19 17:52:18.824246,0 days 00:00:02.720722,20,0.7044121314824888,10,1,30,13,99,"[908, 4258]",COMPLETE
4997,4997,0.23081365816146676,2.6632628440856934,2021-06-19 17:52:18.827432,2021-06-19 17:52:21.496967,0 days 00:00:02.669535,10,0.7044121314824888,10,16,28,25,99,"[3483, 2659]",COMPLETE
4998,4998,0.24362270118294996,2.743222236633301,2021-06-19 17:52:21.499988,2021-06-19 17:52:24.249543,0 days 00:00:02.749555,20,0.7044121314824888,10,1,0,25,99,"[4236, 1246]",COMPLETE
4999,4999,0.2373132425580947,2.5683646202087402,2021-06-19 17:52:24.252714,2021-06-19 17:52:26.827533,0 days 00:00:02.574819,40,0.7044121314824888,10,1,30,22,99,"[1159, 3483]",COMPLETE
5000,5000,0.23225564932398463,2.568251371383667,2021-06-19 17:52:26.830594,2021-06-19 17:53:41.390711,0 days 00:01:14.560117,20,0.5991982112907657,10,1,30,25,100,"[1656, 4258]",COMPLETE
5001,5001,0.23573468771200895,2.816495656967163,2021-06-19 17:53:41.397485,2021-06-19 17:53:44.222484,0 days 00:00:02.824999,70,0.7044121314824888,10,1,24,28,100,"[2063, 3256]",COMPLETE
5002,5002,inf,inf,2021-06-19 17:53:44.225577,2021-06-19 17:53:44.722213,0 days 00:00:00.496636,40,0.5912534555481168,10,13,30,25,100,"[4419, 745]",COMPLETE
5003,5003,0.23406649209170807,2.558415412902832,2021-06-19 17:53:44.727311,2021-06-19 17:53:47.304051,0 days 00:00:02.576740,10,0.7044121314824888,10,1,30,25,100,"[1246, 2465]",COMPLETE
5004,5004,0.2410809957022867,2.5867366790771484,2021-06-19 17:53:47.306769,2021-06-19 17:53:49.899743,0 days 00:00:02.592974,70,0.8047024443354969,10,1,9,22,100,"[745, 2063]",COMPLETE
5005,5005,0.23048820647438298,2.745591878890991,2021-06-19 17:53:49.902470,2021-06-19 17:53:52.654258,0 days 00:00:02.751788,20,0.7044121314824888,10,2,24,26,100,"[4879, 1599]",COMPLETE
5006,5006,0.26939585960180445,2.927570343017578,2021-06-19 17:53:52.656977,2021-06-19 17:53:55.590878,0 days 00:00:02.933901,20,0.7044121314824888,6,1,24,25,100,"[2229, 3195]",COMPLETE
5007,5007,0.23025133955047605,2.732466697692871,2021-06-19 17:53:55.594021,2021-06-19 17:53:58.332712,0 days 00:00:02.738691,20,0.7044121314824888,10,1,30,25,100,"[1028, 3483]",COMPLETE
5008,5008,0.23402714286206128,2.578138828277588,2021-06-19 17:53:58.335667,2021-06-19 17:54:00.919938,0 days 00:00:02.584271,20,0.7044121314824888,10,1,30,25,100,"[3082, 3260]",COMPLETE
5009,5009,0.23872147998113283,2.667092800140381,2021-06-19 17:54:00.922989,2021-06-19 17:54:03.596574,0 days 00:00:02.673585,20,0.7492482924832433,10,1,9,25,100,"[2063, 900]",COMPLETE
5010,5010,0.23203334495891123,2.730410575866699,2021-06-19 17:54:03.599736,2021-06-19 17:54:06.336389,0 days 00:00:02.736653,20,0.7044121314824888,10,1,30,26,100,"[3566, 4523]",COMPLETE
5011,5011,0.22982865164881128,2.593489170074463,2021-06-19 17:54:06.339538,2021-06-19 17:54:08.939002,0 days 00:00:02.599464,20,0.775837870117549,10,1,30,25,100,"[4258, 4258]",COMPLETE
5012,5012,0.2750021145934103,2.5885536670684814,2021-06-19 17:54:08.942218,2021-06-19 17:54:11.537206,0 days 00:00:02.594988,10,0.7492482924832433,10,1,30,12,100,"[1389, 411]",COMPLETE
5013,5013,0.23235467353780812,2.8113996982574463,2021-06-19 17:54:11.540399,2021-06-19 17:54:14.358213,0 days 00:00:02.817814,20,0.7044121314824888,9,9,30,26,100,"[1218, 1028]",COMPLETE
5014,5014,0.2932896476249182,4.56909441947937,2021-06-19 17:54:14.360937,2021-06-19 17:54:18.936349,0 days 00:00:04.575412,10,0.890483480179199,2,9,26,26,100,"[411, 745]",COMPLETE
5015,5015,0.29059402041684457,3.841397523880005,2021-06-19 17:54:18.939491,2021-06-19 17:54:22.787242,0 days 00:00:03.847751,20,0.7044121314824888,3,1,30,25,100,"[1929, 1159]",COMPLETE
5016,5016,0.2340322149190861,2.5506746768951416,2021-06-19 17:54:22.790341,2021-06-19 17:54:25.347507,0 days 00:00:02.557166,60,0.7044121314824888,10,1,30,25,100,"[3082, 3195]",COMPLETE
5017,5017,0.22881903573677692,2.613410711288452,2021-06-19 17:54:25.350494,2021-06-19 17:54:27.970095,0 days 00:00:02.619601,10,0.7492482924832433,10,13,30,25,100,"[1389, 1389]",COMPLETE
5018,5018,0.265599698877839,2.772503614425659,2021-06-19 17:54:27.973295,2021-06-19 17:54:30.752064,0 days 00:00:02.778769,20,0.7492482924832433,10,1,23,15,100,"[2078, 3195]",COMPLETE
5019,5019,0.31694016581297985,8.88865351676941,2021-06-19 17:54:30.755182,2021-06-19 17:54:39.650106,0 days 00:00:08.894924,10,0.7044121314824888,0,1,8,25,100,"[1929, 316]",COMPLETE
5020,5020,0.23402400253861932,2.8000974655151367,2021-06-19 17:54:39.653190,2021-06-19 17:54:42.459677,0 days 00:00:02.806487,40,0.8047024443354969,10,1,23,26,100,"[647, 647]",COMPLETE
5021,5021,0.23371260365615087,2.6931345462799072,2021-06-19 17:54:42.462841,2021-06-19 17:54:45.162990,0 days 00:00:02.700149,20,0.7044121314824888,10,9,14,25,100,"[1244, 2960]",COMPLETE
5022,5022,0.23322923928176373,2.7560598850250244,2021-06-19 17:54:45.165816,2021-06-19 17:54:47.928661,0 days 00:00:02.762845,20,0.7044121314824888,10,1,30,26,100,"[4523, 4331]",COMPLETE
5023,5023,inf,inf,2021-06-19 17:54:47.931472,2021-06-19 17:54:48.357015,0 days 00:00:00.425543,20,0.5425109224009599,10,1,2,14,100,"[3760, 1205]",COMPLETE
5024,5024,inf,inf,2021-06-19 17:54:48.367999,2021-06-19 17:54:48.689190,0 days 00:00:00.321191,20,0.48456463455000554,10,1,8,25,100,"[1735, 1735]",COMPLETE
5025,5025,0.23179796354089732,2.609437942504883,2021-06-19 17:54:48.694830,2021-06-19 17:54:51.324950,0 days 00:00:02.630120,20,0.775837870117549,10,1,30,26,100,"[1735, 3566]",COMPLETE
5026,5026,0.2408646357758457,2.7995693683624268,2021-06-19 17:54:51.328169,2021-06-19 17:54:54.134142,0 days 00:00:02.805973,20,0.7044121314824888,8,9,26,26,100,"[411, 1006]",COMPLETE
5027,5027,0.23445421473718195,2.703023910522461,2021-06-19 17:54:54.137311,2021-06-19 17:54:56.846641,0 days 00:00:02.709330,20,0.7044121314824888,10,1,30,25,100,"[2209, 1929]",COMPLETE
5028,5028,0.2299192006222131,2.6194541454315186,2021-06-19 17:54:56.849731,2021-06-19 17:54:59.475129,0 days 00:00:02.625398,40,0.775837870117549,10,1,30,25,100,"[3760, 3760]",COMPLETE
5029,5029,0.2364463154968303,2.5963733196258545,2021-06-19 17:54:59.478283,2021-06-19 17:55:02.081087,0 days 00:00:02.602804,10,0.603627004462215,10,8,30,25,100,"[1656, 316]",COMPLETE
5030,5030,0.3015594339118294,2.7637529373168945,2021-06-19 17:55:02.084278,2021-06-19 17:55:04.855142,0 days 00:00:02.770864,10,0.7492482924832433,10,5,30,2,100,"[1218, 880]",COMPLETE
5031,5031,0.34872995091963827,2.567890167236328,2021-06-19 17:55:04.858307,2021-06-19 17:55:07.432627,0 days 00:00:02.574320,20,0.615398856010146,10,1,30,2,100,"[4523, 1006]",COMPLETE
5032,5032,0.23019495263110476,2.78757643699646,2021-06-19 17:55:07.435770,2021-06-19 17:55:10.229666,0 days 00:00:02.793896,40,0.775837870117549,10,1,30,26,100,"[1974, 1735]",COMPLETE
5033,5033,0.2673163558500179,2.613919973373413,2021-06-19 17:55:10.232724,2021-06-19 17:55:12.853064,0 days 00:00:02.620340,20,0.775837870117549,10,1,1,13,100,"[4258, 3260]",COMPLETE
5034,5034,0.2591252398680325,2.5935025215148926,2021-06-19 17:55:12.856349,2021-06-19 17:55:15.456062,0 days 00:00:02.599713,20,0.7044121314824888,10,1,28,14,100,"[1205, 2659]",COMPLETE
5035,5035,0.2309501732577852,2.7877819538116455,2021-06-19 17:55:15.459164,2021-06-19 17:55:18.253200,0 days 00:00:02.794036,20,0.7492482924832433,10,9,30,26,100,"[3307, 1389]",COMPLETE
5036,5036,0.23080163360340633,2.5948851108551025,2021-06-19 17:55:18.256318,2021-06-19 17:55:20.857305,0 days 00:00:02.600987,60,0.7492482924832433,10,1,30,25,100,"[1389, 1389]",COMPLETE
5037,5037,0.23505495624968753,2.603919506072998,2021-06-19 17:55:20.860476,2021-06-19 17:55:23.470615,0 days 00:00:02.610139,20,0.7044121314824888,10,1,30,26,100,"[2063, 4770]",COMPLETE
