,number,values_0,values_1,datetime_start,datetime_complete,duration,params_checks,params_n_ratio,params_nskip,params_trees,params_w1,params_w2,system_attrs_nsga2:generation,system_attrs_nsga2:parents,state
6342,6342,0.2306817637130452,2.5633504390716553,2021-06-19 19:09:33.231507,2021-06-19 19:09:35.802587,0 days 00:00:02.571080,20,0.7044121314824888,10,1,30,25,126,"[3082, 1244]",COMPLETE
6343,6343,0.23683353690243558,2.744980812072754,2021-06-19 19:09:35.806285,2021-06-19 19:09:38.559153,0 days 00:00:02.752868,20,0.7044121314824888,10,1,17,26,126,"[2209, 2991]",COMPLETE
6344,6344,0.27536123817247776,3.2791006565093994,2021-06-19 19:09:38.562936,2021-06-19 19:09:41.849894,0 days 00:00:03.286958,20,0.7100511651342796,5,8,24,25,126,"[5641, 2762]",COMPLETE
6345,6345,0.2286924287039128,2.761810302734375,2021-06-19 19:09:41.853650,2021-06-19 19:09:44.623238,0 days 00:00:02.769588,20,0.775837870117549,10,1,30,27,126,"[5145, 3760]",COMPLETE
6346,6346,0.22833855227068645,2.54034686088562,2021-06-19 19:09:44.626493,2021-06-19 19:09:47.174311,0 days 00:00:02.547818,20,0.8047024443354969,10,1,30,25,126,"[1159, 5641]",COMPLETE
6347,6347,inf,inf,2021-06-19 19:09:47.177628,2021-06-19 19:09:47.341483,0 days 00:00:00.163855,20,0.41497923614851195,10,1,30,25,126,"[4943, 3260]",COMPLETE
6348,6348,0.2437863079118073,2.574918031692505,2021-06-19 19:09:47.348323,2021-06-19 19:09:49.950454,0 days 00:00:02.602131,10,0.6415492259649922,10,1,5,23,126,"[849, 4331]",COMPLETE
6349,6349,0.25132241398325916,2.7977046966552734,2021-06-19 19:09:49.954243,2021-06-19 19:09:52.759898,0 days 00:00:02.805655,20,0.8047024443354969,10,5,30,15,126,"[6219, 5495]",COMPLETE
6350,6350,0.23033823481837423,2.6117024421691895,2021-06-19 19:09:52.763703,2021-06-19 19:09:55.432166,0 days 00:00:02.668463,20,0.7044121314824888,10,9,30,25,127,"[1244, 1244]",COMPLETE
6351,6351,0.2262524396982636,2.5633344650268555,2021-06-19 19:09:55.435956,2021-06-19 19:09:58.007235,0 days 00:00:02.571279,20,0.775837870117549,10,1,30,26,127,"[3260, 3566]",COMPLETE
6352,6352,0.23085725429013296,2.7509005069732666,2021-06-19 19:09:58.010978,2021-06-19 19:10:00.769630,0 days 00:00:02.758652,30,0.7044121314824888,10,1,30,28,127,"[4523, 1389]",COMPLETE
6353,6353,0.24985678051419846,2.9459149837493896,2021-06-19 19:10:00.773386,2021-06-19 19:10:03.727246,0 days 00:00:02.953860,40,0.5943668084281226,7,1,30,26,127,"[1218, 3082]",COMPLETE
6354,6354,0.2618994354950654,2.989884376525879,2021-06-19 19:10:03.730684,2021-06-19 19:10:06.728447,0 days 00:00:02.997763,20,0.7492482924832433,7,1,30,21,127,"[1735, 2229]",COMPLETE
6355,6355,0.23000172497350327,2.5838799476623535,2021-06-19 19:10:06.732038,2021-06-19 19:10:09.323403,0 days 00:00:02.591365,20,0.8047024443354969,10,1,30,25,127,"[5641, 5641]",COMPLETE
6356,6356,0.23225091437651815,2.6034138202667236,2021-06-19 19:10:09.327130,2021-06-19 19:10:11.938222,0 days 00:00:02.611092,20,0.7044121314824888,10,1,30,28,127,"[2209, 4523]",COMPLETE
6357,6357,0.23066209727565093,2.723419427871704,2021-06-19 19:10:11.942050,2021-06-19 19:10:14.673086,0 days 00:00:02.731036,10,0.7492482924832433,10,1,24,26,127,"[900, 1389]",COMPLETE
6358,6358,0.22780908961666516,2.6069047451019287,2021-06-19 19:10:14.676739,2021-06-19 19:10:17.291141,0 days 00:00:02.614402,20,0.7044121314824888,10,9,24,26,127,"[2209, 2209]",COMPLETE
6359,6359,0.23473496746310218,2.6215426921844482,2021-06-19 19:10:17.294885,2021-06-19 19:10:19.924186,0 days 00:00:02.629301,20,0.7044121314824888,10,9,30,30,127,"[1244, 4236]",COMPLETE
6360,6360,0.23043347506188885,2.7692372798919678,2021-06-19 19:10:19.927987,2021-06-19 19:10:22.705127,0 days 00:00:02.777140,40,0.775837870117549,10,1,24,25,127,"[2209, 5145]",COMPLETE
6361,6361,0.25294978860475764,2.5772621631622314,2021-06-19 19:10:22.708656,2021-06-19 19:10:25.293682,0 days 00:00:02.585026,10,0.7492482924832433,10,1,30,18,127,"[1028, 5145]",COMPLETE
6362,6362,0.22808617047235474,2.6274142265319824,2021-06-19 19:10:25.297301,2021-06-19 19:10:27.932400,0 days 00:00:02.635099,30,0.775837870117549,10,9,30,25,127,"[2963, 5852]",COMPLETE
6363,6363,0.2325669093820152,2.7809929847717285,2021-06-19 19:10:27.935940,2021-06-19 19:10:30.724593,0 days 00:00:02.788653,20,0.8115230882342443,10,5,30,25,127,"[3100, 3100]",COMPLETE
6364,6364,inf,inf,2021-06-19 19:10:30.728314,2021-06-19 19:10:31.234813,0 days 00:00:00.506499,30,0.5958398382803782,10,1,8,26,127,"[316, 2963]",COMPLETE
6365,6365,0.22858120708014418,2.6279313564300537,2021-06-19 19:10:31.241516,2021-06-19 19:10:33.886479,0 days 00:00:02.644963,20,0.8875148638372932,10,1,30,24,127,"[1159, 1974]",COMPLETE
6366,6366,0.24723961618699863,2.7623064517974854,2021-06-19 19:10:33.890575,2021-06-19 19:10:36.660867,0 days 00:00:02.770292,20,0.7044121314824888,10,9,30,21,127,"[3483, 5379]",COMPLETE
6367,6367,0.22994421842479612,2.5397398471832275,2021-06-19 19:10:36.664497,2021-06-19 19:10:39.211945,0 days 00:00:02.547448,20,0.8047024443354969,10,1,24,26,127,"[2209, 5641]",COMPLETE
6368,6368,0.36938399145376316,9.02285122871399,2021-06-19 19:10:39.215575,2021-06-19 19:10:48.246274,0 days 00:00:09.030699,20,0.7044121314824888,0,1,30,4,127,"[5641, 3260]",COMPLETE
6369,6369,0.32400867690708735,2.722790479660034,2021-06-19 19:10:48.249673,2021-06-19 19:10:50.980328,0 days 00:00:02.730655,10,0.7492482924832433,10,1,30,2,127,"[1389, 5852]",COMPLETE
6370,6370,0.23481508313424868,2.573739528656006,2021-06-19 19:10:50.983584,2021-06-19 19:10:53.565001,0 days 00:00:02.581417,20,0.8047024443354969,10,1,11,25,127,"[5145, 2229]",COMPLETE
6371,6371,0.23085793187494758,2.5563251972198486,2021-06-19 19:10:53.568955,2021-06-19 19:10:56.134078,0 days 00:00:02.565123,30,0.7492482924832433,10,1,25,24,127,"[1159, 900]",COMPLETE
6372,6372,0.29618738945397444,2.71482515335083,2021-06-19 19:10:56.137776,2021-06-19 19:10:58.860341,0 days 00:00:02.722565,10,0.603627004462215,10,1,8,9,127,"[5145, 316]",COMPLETE
6373,6373,0.23876991319331112,2.6723453998565674,2021-06-19 19:10:58.864054,2021-06-19 19:11:01.544220,0 days 00:00:02.680166,0,0.7044121314824888,9,15,24,25,127,"[1218, 2762]",COMPLETE
6374,6374,0.2301376650865886,2.6317858695983887,2021-06-19 19:11:01.548036,2021-06-19 19:11:04.188408,0 days 00:00:02.640372,20,0.8047024443354969,10,1,30,26,127,"[2078, 4943]",COMPLETE
6375,6375,0.23155753094617956,2.720194101333618,2021-06-19 19:11:04.191814,2021-06-19 19:11:06.919632,0 days 00:00:02.727818,20,0.7044121314824888,10,1,30,28,127,"[1929, 4523]",COMPLETE
6376,6376,inf,inf,2021-06-19 19:11:06.923361,2021-06-19 19:11:07.167832,0 days 00:00:00.244471,20,0.3806542442488784,10,7,30,0,127,"[2991, 4943]",COMPLETE
6377,6377,0.23124785057705738,2.6948211193084717,2021-06-19 19:11:07.174828,2021-06-19 19:11:09.895864,0 days 00:00:02.721036,20,0.7983669057699327,10,16,24,25,127,"[2762, 2762]",COMPLETE
6378,6378,0.2779833386443839,2.781344413757324,2021-06-19 19:11:09.899622,2021-06-19 19:11:12.688791,0 days 00:00:02.789169,20,0.775837870117549,10,1,30,6,127,"[5145, 1244]",COMPLETE
6379,6379,inf,inf,2021-06-19 19:11:12.692116,2021-06-19 19:11:13.990862,0 days 00:00:01.298746,20,0.603627004462215,2,1,18,25,127,"[5853, 316]",COMPLETE
6380,6380,0.2436247265084436,2.62587571144104,2021-06-19 19:11:13.997135,2021-06-19 19:11:16.647264,0 days 00:00:02.650129,20,0.7492482924832433,10,16,2,23,127,"[880, 1205]",COMPLETE
6381,6381,0.27701941867277147,2.5449469089508057,2021-06-19 19:11:16.650596,2021-06-19 19:11:19.203514,0 days 00:00:02.552918,20,0.8047024443354969,10,1,30,4,127,"[5336, 5654]",COMPLETE
6382,6382,0.263829525570508,2.820408582687378,2021-06-19 19:11:19.206847,2021-06-19 19:11:22.034899,0 days 00:00:02.828052,10,0.7492482924832433,9,1,30,17,127,"[1028, 1028]",COMPLETE
6383,6383,0.2287240910476793,2.544830322265625,2021-06-19 19:11:22.038428,2021-06-19 19:11:24.591124,0 days 00:00:02.552696,20,0.775837870117549,10,1,27,25,127,"[5145, 3082]",COMPLETE
6384,6384,0.22952330551656744,2.5350077152252197,2021-06-19 19:11:24.594653,2021-06-19 19:11:27.137275,0 days 00:00:02.542622,10,0.7044121314824888,10,1,24,26,127,"[5379, 5379]",COMPLETE
6385,6385,0.2358696869313216,2.764631748199463,2021-06-19 19:11:27.140933,2021-06-19 19:11:29.913370,0 days 00:00:02.772437,20,0.7044121314824888,10,3,17,28,127,"[411, 4523]",COMPLETE
6386,6386,0.22946496984280113,2.6033337116241455,2021-06-19 19:11:29.916939,2021-06-19 19:11:32.528022,0 days 00:00:02.611083,20,0.7044121314824888,10,1,24,25,127,"[5495, 2209]",COMPLETE
6387,6387,0.23577308730104357,2.537475109100342,2021-06-19 19:11:32.531510,2021-06-19 19:11:35.076639,0 days 00:00:02.545129,20,0.7492482924832433,10,1,22,26,127,"[2078, 2078]",COMPLETE
6388,6388,0.23346451704138854,2.7856693267822266,2021-06-19 19:11:35.080355,2021-06-19 19:11:37.873678,0 days 00:00:02.793323,20,0.8047024443354969,10,9,30,26,127,"[2229, 1218]",COMPLETE
6389,6389,0.23067906575523905,2.560589075088501,2021-06-19 19:11:37.877323,2021-06-19 19:11:40.445388,0 days 00:00:02.568065,20,0.7044121314824888,10,9,26,26,127,"[3256, 3256]",COMPLETE
6390,6390,0.23209445899608871,2.6088707447052,2021-06-19 19:11:40.449115,2021-06-19 19:11:43.065636,0 days 00:00:02.616521,10,0.7044121314824888,10,1,24,26,127,"[5379, 316]",COMPLETE
6391,6391,0.23292800046125217,2.743453025817871,2021-06-19 19:11:43.069367,2021-06-19 19:11:45.820801,0 days 00:00:02.751434,20,0.7730599623454756,10,1,30,25,127,"[4781, 2078]",COMPLETE
6392,6392,0.23504846671862836,2.5993459224700928,2021-06-19 19:11:45.824593,2021-06-19 19:11:48.431529,0 days 00:00:02.606936,20,0.7044121314824888,10,1,30,25,127,"[3260, 3260]",COMPLETE
6393,6393,0.24786314537321769,2.9404149055480957,2021-06-19 19:11:48.435006,2021-06-19 19:11:51.383261,0 days 00:00:02.948255,30,0.8890952308576487,7,9,30,26,127,"[5381, 6219]",COMPLETE
6394,6394,0.2338290211870295,2.781670570373535,2021-06-19 19:11:51.386909,2021-06-19 19:11:54.176186,0 days 00:00:02.789277,20,0.775837870117549,10,3,30,26,127,"[1974, 1974]",COMPLETE
6395,6395,0.25885773470458034,2.5875332355499268,2021-06-19 19:11:54.179942,2021-06-19 19:11:56.775303,0 days 00:00:02.595361,20,0.7044121314824888,10,1,23,16,127,"[2078, 3260]",COMPLETE
6396,6396,0.23107210238245288,2.7234890460968018,2021-06-19 19:11:56.778881,2021-06-19 19:11:59.510136,0 days 00:00:02.731255,20,0.775837870117549,10,1,30,26,127,"[3566, 5654]",COMPLETE
6397,6397,0.22929817351830534,2.5613656044006348,2021-06-19 19:11:59.513656,2021-06-19 19:12:02.082739,0 days 00:00:02.569083,20,0.775837870117549,10,1,30,25,127,"[3195, 5145]",COMPLETE
6398,6398,0.22861618169729053,2.6594414710998535,2021-06-19 19:12:02.086468,2021-06-19 19:12:04.753605,0 days 00:00:02.667137,30,0.775837870117549,10,9,30,26,127,"[5381, 5852]",COMPLETE
6399,6399,0.2288161374668214,2.792264699935913,2021-06-19 19:12:04.757196,2021-06-19 19:12:07.557300,0 days 00:00:02.800104,20,0.775837870117549,10,1,30,26,127,"[5654, 2063]",COMPLETE
6400,6400,0.23648328221307993,2.6106855869293213,2021-06-19 19:12:07.560906,2021-06-19 19:13:23.750729,0 days 00:01:16.189823,10,0.7492482924832433,10,1,30,30,128,"[1389, 1389]",COMPLETE
6401,6401,0.2368417858868537,2.6483542919158936,2021-06-19 19:13:23.758755,2021-06-19 19:13:26.417222,0 days 00:00:02.658467,0,0.7044121314824888,10,9,30,26,128,"[5381, 5381]",COMPLETE
6402,6402,0.26804567892921505,2.8072988986968994,2021-06-19 19:13:26.420895,2021-06-19 19:13:29.235998,0 days 00:00:02.815103,10,0.8047024443354969,10,1,30,4,128,"[5336, 1028]",COMPLETE
6403,6403,0.22905648687415334,2.55271315574646,2021-06-19 19:13:29.239501,2021-06-19 19:13:31.800327,0 days 00:00:02.560826,20,0.7044121314824888,10,1,30,26,128,"[4331, 4236]",COMPLETE
6404,6404,0.2275325615129985,2.7726902961730957,2021-06-19 19:13:31.804264,2021-06-19 19:13:34.585568,0 days 00:00:02.781304,20,0.775837870117549,10,1,30,25,128,"[5852, 4879]",COMPLETE
6405,6405,0.23386744611586407,2.6419248580932617,2021-06-19 19:13:34.589207,2021-06-19 19:13:37.238980,0 days 00:00:02.649773,30,0.7044121314824888,10,9,30,25,128,"[2960, 3195]",COMPLETE
6406,6406,0.23520773030731312,2.6182572841644287,2021-06-19 19:13:37.245990,2021-06-19 19:13:39.878653,0 days 00:00:02.632663,20,0.7044121314824888,10,15,17,25,128,"[2960, 2960]",COMPLETE
6407,6407,0.2568177962879924,2.796520948410034,2021-06-19 19:13:39.882108,2021-06-19 19:13:42.686472,0 days 00:00:02.804364,20,0.6415492259649922,10,1,23,17,128,"[849, 2078]",COMPLETE
6408,6408,0.23262816126005303,2.5471718311309814,2021-06-19 19:13:42.690121,2021-06-19 19:13:45.245114,0 days 00:00:02.554993,20,0.7044121314824888,10,1,24,26,128,"[2209, 4236]",COMPLETE
6409,6409,0.2338851451885142,2.5376901626586914,2021-06-19 19:13:45.248823,2021-06-19 19:13:47.794332,0 days 00:00:02.545509,20,0.7044121314824888,10,1,30,26,128,"[5654, 5495]",COMPLETE
6410,6410,0.23396992353072277,2.74277663230896,2021-06-19 19:13:47.797967,2021-06-19 19:13:50.548501,0 days 00:00:02.750534,10,0.7492482924832433,10,1,22,23,128,"[849, 1389]",COMPLETE
6411,6411,0.230393127759365,2.538872480392456,2021-06-19 19:13:50.552022,2021-06-19 19:13:53.098685,0 days 00:00:02.546663,20,0.7044121314824888,10,1,30,26,128,"[3760, 3195]",COMPLETE
6412,6412,0.23275659935484425,2.531738758087158,2021-06-19 19:13:53.102451,2021-06-19 19:13:55.642163,0 days 00:00:02.539712,40,0.7044121314824888,10,1,30,26,128,"[4419, 2209]",COMPLETE
6413,6413,0.2322376787090556,2.7580878734588623,2021-06-19 19:13:55.645680,2021-06-19 19:13:58.411736,0 days 00:00:02.766056,20,0.7492482924832433,10,1,21,25,128,"[1028, 3100]",COMPLETE
6414,6414,0.28034612793715064,3.3728253841400146,2021-06-19 19:13:58.415316,2021-06-19 19:14:01.795884,0 days 00:00:03.380568,10,0.775837870117549,4,1,30,26,128,"[1028, 5654]",COMPLETE
6415,6415,0.2319927184784064,2.6567842960357666,2021-06-19 19:14:01.799810,2021-06-19 19:14:04.465138,0 days 00:00:02.665328,30,0.7044121314824888,10,9,30,26,128,"[5381, 5381]",COMPLETE
6416,6416,0.23363165528006036,2.7410995960235596,2021-06-19 19:14:04.468936,2021-06-19 19:14:07.217778,0 days 00:00:02.748842,20,0.7044121314824888,10,1,30,26,128,"[1929, 4331]",COMPLETE
6417,6417,0.2321293733626951,2.6028215885162354,2021-06-19 19:14:07.221518,2021-06-19 19:14:09.832047,0 days 00:00:02.610529,20,0.775837870117549,10,1,30,25,128,"[1929, 5853]",COMPLETE
6418,6418,0.2529366101213173,2.5820841789245605,2021-06-19 19:14:09.835785,2021-06-19 19:14:12.425722,0 days 00:00:02.589937,20,0.8047024443354969,10,1,30,14,128,"[1006, 4943]",COMPLETE
6419,6419,0.2325739153094101,2.7282166481018066,2021-06-19 19:14:12.429805,2021-06-19 19:14:15.166457,0 days 00:00:02.736652,20,0.775837870117549,10,1,30,26,128,"[1974, 1974]",COMPLETE
6420,6420,0.22912791332738544,2.6771936416625977,2021-06-19 19:14:15.170021,2021-06-19 19:14:17.855149,0 days 00:00:02.685128,10,0.7492482924832433,10,16,30,25,128,"[1389, 1028]",COMPLETE
6421,6421,0.2304908561622402,2.7757511138916016,2021-06-19 19:14:17.858938,2021-06-19 19:14:20.642211,0 days 00:00:02.783273,20,0.7044121314824888,10,9,30,25,128,"[2960, 2960]",COMPLETE
6422,6422,0.24500088076463702,2.986859083175659,2021-06-19 19:14:20.645543,2021-06-19 19:14:23.639948,0 days 00:00:02.994405,20,0.9984519224428625,10,1,30,25,128,"[6219, 6219]",COMPLETE
6423,6423,0.2299238039688859,2.5670149326324463,2021-06-19 19:14:23.643398,2021-06-19 19:14:26.218003,0 days 00:00:02.574605,20,0.7044121314824888,10,1,30,25,128,"[4879, 3483]",COMPLETE
6424,6424,0.23302034996917664,2.836042881011963,2021-06-19 19:14:26.221523,2021-06-19 19:14:29.066167,0 days 00:00:02.844644,20,0.7100511651342796,10,15,30,25,128,"[2762, 1735]",COMPLETE
6425,6425,0.23154891854215476,2.6175730228424072,2021-06-19 19:14:29.069413,2021-06-19 19:14:31.694565,0 days 00:00:02.625152,20,0.6415492259649922,10,1,22,25,128,"[5853, 849]",COMPLETE
6426,6426,0.2410530281700491,2.60455584526062,2021-06-19 19:14:31.698418,2021-06-19 19:14:34.311728,0 days 00:00:02.613310,20,0.7044121314824888,10,9,5,26,128,"[3256, 5641]",COMPLETE
6427,6427,0.22928200983784797,2.7988533973693848,2021-06-19 19:14:34.315500,2021-06-19 19:14:37.122370,0 days 00:00:02.806870,20,0.775837870117549,10,11,30,25,128,"[5852, 2991]",COMPLETE
6428,6428,0.23119556434374597,2.5887553691864014,2021-06-19 19:14:37.125988,2021-06-19 19:14:39.722752,0 days 00:00:02.596764,20,0.7044121314824888,10,9,30,25,128,"[2960, 1244]",COMPLETE
6429,6429,0.31555482856808736,9.694498062133789,2021-06-19 19:14:39.726333,2021-06-19 19:14:49.428831,0 days 00:00:09.702498,20,0.7044121314824888,0,14,30,25,128,"[1244, 4943]",COMPLETE
6430,6430,0.2304446632518881,2.723217725753784,2021-06-19 19:14:49.432779,2021-06-19 19:14:52.164600,0 days 00:00:02.731821,20,0.7044121314824888,10,1,24,26,128,"[6351, 2209]",COMPLETE
6431,6431,0.22975376310696533,2.6415152549743652,2021-06-19 19:14:52.168325,2021-06-19 19:14:54.817621,0 days 00:00:02.649296,20,0.7044121314824888,10,15,30,25,128,"[5495, 2659]",COMPLETE
6432,6432,0.23179503762019413,2.602992296218872,2021-06-19 19:14:54.821408,2021-06-19 19:14:57.432177,0 days 00:00:02.610769,20,0.7492482924832433,10,1,30,24,128,"[1159, 1735]",COMPLETE
6433,6433,0.25489623911321246,2.7758243083953857,2021-06-19 19:14:57.435931,2021-06-19 19:15:00.219580,0 days 00:00:02.783649,20,0.7044121314824888,10,1,30,17,128,"[3100, 3195]",COMPLETE
6434,6434,0.299857484067187,4.311083793640137,2021-06-19 19:15:00.223376,2021-06-19 19:15:04.542350,0 days 00:00:04.318974,20,0.775837870117549,2,1,30,26,128,"[3566, 3566]",COMPLETE
6435,6435,0.2560400375584593,3.1317832469940186,2021-06-19 19:15:04.545769,2021-06-19 19:15:07.685448,0 days 00:00:03.139679,20,0.7492482924832433,7,1,24,25,128,"[4236, 900]",COMPLETE
6436,6436,0.2853674539907911,2.5530991554260254,2021-06-19 19:15:07.689086,2021-06-19 19:15:10.249966,0 days 00:00:02.560880,20,0.7044121314824888,10,1,24,7,128,"[2209, 2209]",COMPLETE
6437,6437,inf,inf,2021-06-19 19:15:10.253677,2021-06-19 19:15:10.446907,0 days 00:00:00.193230,20,0.44088916470854483,10,1,30,25,128,"[2991, 4236]",COMPLETE
6438,6438,0.2328249029738422,2.5474801063537598,2021-06-19 19:15:10.453599,2021-06-19 19:15:13.025032,0 days 00:00:02.571433,10,0.6117537819489445,10,1,24,26,128,"[900, 316]",COMPLETE
6439,6439,0.2370445372555343,2.893254041671753,2021-06-19 19:15:13.028814,2021-06-19 19:15:15.930020,0 days 00:00:02.901206,20,0.7044121314824888,8,1,30,25,128,"[5381, 5641]",COMPLETE
6440,6440,0.22951080456239478,2.575575828552246,2021-06-19 19:15:15.933529,2021-06-19 19:15:18.516735,0 days 00:00:02.583206,20,0.775837870117549,10,1,30,25,128,"[2991, 2991]",COMPLETE
6441,6441,0.23383681332153125,2.6430106163024902,2021-06-19 19:15:18.520482,2021-06-19 19:15:21.171313,0 days 00:00:02.650831,40,0.7044121314824888,10,1,30,25,128,"[1929, 1159]",COMPLETE
6442,6442,0.24270862508031854,2.723360776901245,2021-06-19 19:15:21.175036,2021-06-19 19:15:23.906659,0 days 00:00:02.731623,20,0.7044121314824888,10,1,6,26,128,"[411, 5641]",COMPLETE
6443,6443,0.23248545453221045,2.567653179168701,2021-06-19 19:15:23.910333,2021-06-19 19:15:26.485831,0 days 00:00:02.575498,20,0.8047024443354969,10,1,20,25,128,"[5336, 4781]",COMPLETE
6444,6444,0.3136902821609907,5.912686347961426,2021-06-19 19:15:26.489613,2021-06-19 19:15:32.409913,0 days 00:00:05.920300,20,0.7044121314824888,1,9,30,25,128,"[1244, 1244]",COMPLETE
6445,6445,0.23117776312370886,2.592315673828125,2021-06-19 19:15:32.413332,2021-06-19 19:15:35.013349,0 days 00:00:02.600017,10,0.7044121314824888,10,1,28,25,128,"[5379, 2659]",COMPLETE
6446,6446,0.23374855677568213,2.557781457901001,2021-06-19 19:15:35.017021,2021-06-19 19:15:37.582762,0 days 00:00:02.565741,20,0.8478971741072392,10,1,22,25,128,"[3082, 2229]",COMPLETE
6447,6447,0.2910367266912653,3.855963945388794,2021-06-19 19:15:37.586563,2021-06-19 19:15:41.450337,0 days 00:00:03.863774,20,0.7044121314824888,3,1,30,28,128,"[4523, 1929]",COMPLETE
6448,6448,0.23563578934758211,2.5904252529144287,2021-06-19 19:15:41.453551,2021-06-19 19:15:44.051830,0 days 00:00:02.598279,50,0.7044121314824888,10,1,30,25,128,"[3483, 6219]",COMPLETE
6449,6449,0.22726857491315247,2.577432632446289,2021-06-19 19:15:44.055230,2021-06-19 19:15:46.640390,0 days 00:00:02.585160,20,0.7044121314824888,10,1,30,25,128,"[411, 5853]",COMPLETE
6450,6450,0.2845855253730688,3.2788500785827637,2021-06-19 19:15:46.644223,2021-06-19 19:15:49.979535,0 days 00:00:03.335312,20,0.5746077713789591,5,1,24,26,129,"[5641, 2209]",COMPLETE
6451,6451,0.23053291308489904,2.5469422340393066,2021-06-19 19:15:49.983239,2021-06-19 19:15:52.538480,0 days 00:00:02.555241,10,0.775837870117549,10,1,30,27,129,"[4879, 316]",COMPLETE
6452,6452,0.23430978418398982,2.618079423904419,2021-06-19 19:15:52.542080,2021-06-19 19:15:55.167870,0 days 00:00:02.625790,20,0.7044121314824888,10,9,30,26,129,"[2465, 3483]",COMPLETE
6453,6453,0.2410710091478499,2.723294734954834,2021-06-19 19:15:55.171372,2021-06-19 19:15:57.902766,0 days 00:00:02.731394,20,0.7044121314824888,10,1,3,25,129,"[3100, 6351]",COMPLETE
6454,6454,0.23478528503002957,2.5388174057006836,2021-06-19 19:15:57.906370,2021-06-19 19:16:00.453008,0 days 00:00:02.546638,20,0.7492482924832433,10,1,13,25,129,"[4236, 2078]",COMPLETE
6455,6455,0.23081124180091445,2.648953914642334,2021-06-19 19:16:00.456810,2021-06-19 19:16:03.113445,0 days 00:00:02.656635,20,0.7044121314824888,10,1,30,25,129,"[1159, 4879]",COMPLETE
6456,6456,0.22942612221382574,2.806232213973999,2021-06-19 19:16:03.117252,2021-06-19 19:16:05.932191,0 days 00:00:02.814939,90,0.7044121314824888,10,1,30,26,129,"[4781, 2465]",COMPLETE
6457,6457,0.23233249821861313,2.6078269481658936,2021-06-19 19:16:05.935592,2021-06-19 19:16:08.551154,0 days 00:00:02.615562,20,0.7492482924832433,10,11,30,25,129,"[1735, 1218]",COMPLETE
6458,6458,0.2979630692200293,4.276744365692139,2021-06-19 19:16:08.554992,2021-06-19 19:16:12.839741,0 days 00:00:04.284749,20,0.775837870117549,2,1,30,25,129,"[3082, 1028]",COMPLETE
6459,6459,0.2304604550368276,2.8190064430236816,2021-06-19 19:16:12.843136,2021-06-19 19:16:15.670163,0 days 00:00:02.827027,20,0.7044121314824888,10,9,30,25,129,"[3483, 1006]",COMPLETE
