,number,values_0,values_1,datetime_start,datetime_complete,duration,params_checks,params_n_ratio,params_nskip,params_trees,params_w1,params_w2,system_attrs_nsga2:generation,system_attrs_nsga2:parents,state
866,866,0.23238633663520175,2.5954949855804443,2021-06-19 13:59:47.870342,2021-06-19 13:59:50.467846,0 days 00:00:02.597504,30,0.7492482924832433,10,1,30,25,17,"[840, 488]",COMPLETE
867,867,0.3150728592523519,2.664539337158203,2021-06-19 13:59:50.469409,2021-06-19 13:59:53.135765,0 days 00:00:02.666356,20,0.6459572122253778,10,1,10,3,17,"[573, 758]",COMPLETE
868,868,0.23763026399909334,2.6825876235961914,2021-06-19 13:59:53.137317,2021-06-19 13:59:55.821826,0 days 00:00:02.684509,70,0.6314256997385901,9,2,14,26,17,"[817, 772]",COMPLETE
869,869,0.2313167980428417,2.7689223289489746,2021-06-19 13:59:55.822926,2021-06-19 13:59:58.593776,0 days 00:00:02.770850,40,0.8047024443354969,10,9,23,26,17,"[647, 457]",COMPLETE
870,870,0.2322001146651317,2.577650547027588,2021-06-19 13:59:58.595322,2021-06-19 14:00:01.174676,0 days 00:00:02.579354,90,0.6415492259649922,10,1,18,26,17,"[620, 256]",COMPLETE
871,871,0.2321702644524544,2.5595591068267822,2021-06-19 14:00:01.176204,2021-06-19 14:00:03.737439,0 days 00:00:02.561235,20,0.8047024443354969,10,1,30,27,17,"[366, 647]",COMPLETE
872,872,0.24099270539831366,2.694296360015869,2021-06-19 14:00:03.738997,2021-06-19 14:00:06.434951,0 days 00:00:02.695954,40,0.8047024443354969,10,1,9,23,17,"[779, 779]",COMPLETE
873,873,0.23155255855409182,2.615558624267578,2021-06-19 14:00:06.436419,2021-06-19 14:00:09.053701,0 days 00:00:02.617282,50,0.7044121314824888,10,9,30,27,17,"[480, 816]",COMPLETE
874,874,0.24295294671471365,2.6835062503814697,2021-06-19 14:00:09.055240,2021-06-19 14:00:11.740478,0 days 00:00:02.685238,10,0.603627004462215,10,9,30,23,17,"[779, 475]",COMPLETE
875,875,0.23547721918587297,2.5402417182922363,2021-06-19 14:00:11.742002,2021-06-19 14:00:14.283942,0 days 00:00:02.541940,20,0.629201349454404,10,1,22,25,17,"[258, 511]",COMPLETE
876,876,0.2971255790529651,3.8775501251220703,2021-06-19 14:00:14.285144,2021-06-19 14:00:18.164510,0 days 00:00:03.879366,10,0.7044121314824888,3,9,23,23,17,"[467, 849]",COMPLETE
877,877,0.22813873665292098,2.5971262454986572,2021-06-19 14:00:18.166032,2021-06-19 14:00:20.764860,0 days 00:00:02.598828,20,0.7044121314824888,10,9,30,26,17,"[366, 758]",COMPLETE
878,878,0.23344578765812957,2.5929481983184814,2021-06-19 14:00:20.766387,2021-06-19 14:00:23.361023,0 days 00:00:02.594636,20,0.7044121314824888,10,1,30,26,17,"[647, 258]",COMPLETE
879,879,0.23081563528282217,2.725548267364502,2021-06-19 14:00:23.362523,2021-06-19 14:00:26.089993,0 days 00:00:02.727470,20,0.6415492259649922,10,10,23,25,17,"[553, 620]",COMPLETE
880,880,0.23226157989311513,2.507333278656006,2021-06-19 14:00:26.091432,2021-06-19 14:00:28.600460,0 days 00:00:02.509028,10,0.7492482924832433,10,1,30,25,17,"[600, 600]",COMPLETE
881,881,0.23219698211728723,2.7283356189727783,2021-06-19 14:00:28.601922,2021-06-19 14:00:31.331978,0 days 00:00:02.730056,30,0.7326570215459154,10,1,30,24,17,"[462, 462]",COMPLETE
882,882,0.23791719625806196,2.7257111072540283,2021-06-19 14:00:31.333518,2021-06-19 14:00:34.061094,0 days 00:00:02.727576,10,0.629201349454404,10,15,10,25,17,"[511, 573]",COMPLETE
883,883,0.23800133312172758,2.715416669845581,2021-06-19 14:00:34.062664,2021-06-19 14:00:36.779961,0 days 00:00:02.717297,20,0.7039382016603601,10,7,10,26,17,"[573, 175]",COMPLETE
884,884,0.23178989328319238,2.5544333457946777,2021-06-19 14:00:36.781309,2021-06-19 14:00:39.337488,0 days 00:00:02.556179,20,0.7044121314824888,10,1,22,25,17,"[816, 511]",COMPLETE
885,885,0.23088168740907342,2.5913500785827637,2021-06-19 14:00:39.339047,2021-06-19 14:00:41.932270,0 days 00:00:02.593223,20,0.775837870117549,10,5,24,26,17,"[813, 535]",COMPLETE
886,886,0.2758488810055514,3.663858413696289,2021-06-19 14:00:41.933595,2021-06-19 14:00:45.599510,0 days 00:00:03.665915,40,0.7044121314824888,4,8,30,27,17,"[600, 467]",COMPLETE
887,887,0.2574496362882596,2.8462753295898438,2021-06-19 14:00:45.600783,2021-06-19 14:00:48.448952,0 days 00:00:02.848169,10,0.6459572122253778,7,9,23,23,17,"[542, 413]",COMPLETE
888,888,0.22872720204952107,2.706897497177124,2021-06-19 14:00:48.450359,2021-06-19 14:00:51.159125,0 days 00:00:02.708766,20,0.7044121314824888,10,5,27,24,17,"[759, 535]",COMPLETE
889,889,0.22962826577703283,2.6278769969940186,2021-06-19 14:00:51.160704,2021-06-19 14:00:53.790489,0 days 00:00:02.629785,20,0.7492482924832433,10,12,23,25,17,"[542, 745]",COMPLETE
890,890,0.23414875940976626,2.7100069522857666,2021-06-19 14:00:53.792056,2021-06-19 14:00:56.503765,0 days 00:00:02.711709,0,0.7044121314824888,10,1,26,25,17,"[533, 702]",COMPLETE
891,891,0.2359691571660848,2.6927406787872314,2021-06-19 14:00:56.505323,2021-06-19 14:00:59.199894,0 days 00:00:02.694571,20,0.9272096605310896,10,1,18,26,17,"[256, 849]",COMPLETE
892,892,0.24528070986472925,2.9102370738983154,2021-06-19 14:00:59.201279,2021-06-19 14:01:02.113629,0 days 00:00:02.912350,70,0.8047024443354969,8,1,18,25,17,"[840, 600]",COMPLETE
893,893,0.2349375207633791,2.574045419692993,2021-06-19 14:01:02.115200,2021-06-19 14:01:04.691030,0 days 00:00:02.575830,10,0.775837870117549,10,1,24,23,17,"[849, 813]",COMPLETE
894,894,0.26771064779473575,2.738276720046997,2021-06-19 14:01:04.692151,2021-06-19 14:01:07.432310,0 days 00:00:02.740159,20,0.7044121314824888,10,9,30,15,17,"[457, 779]",COMPLETE
895,895,0.2814542365570757,2.916456460952759,2021-06-19 14:01:07.433761,2021-06-19 14:01:10.352212,0 days 00:00:02.918451,20,0.7039382016603601,7,9,24,13,17,"[175, 366]",COMPLETE
896,896,0.25152892245254216,2.8437201976776123,2021-06-19 14:01:10.353794,2021-06-19 14:01:13.199784,0 days 00:00:02.845990,50,0.7044121314824888,7,1,8,26,17,"[374, 316]",COMPLETE
897,897,0.23145335756457847,2.7231054306030273,2021-06-19 14:01:13.201318,2021-06-19 14:01:15.926090,0 days 00:00:02.724772,20,0.775837870117549,10,10,24,26,17,"[813, 813]",COMPLETE
898,898,0.2379986987789707,2.6121740341186523,2021-06-19 14:01:15.927581,2021-06-19 14:01:18.541687,0 days 00:00:02.614106,20,0.6415492259649922,10,1,30,26,17,"[772, 620]",COMPLETE
899,899,0.22801963787443183,2.7190864086151123,2021-06-19 14:01:18.543227,2021-06-19 14:01:21.264033,0 days 00:00:02.720806,20,0.7044121314824888,10,9,23,26,17,"[672, 759]",COMPLETE
900,900,0.23139779113906364,2.4913175106048584,2021-06-19 14:01:21.265590,2021-06-19 14:02:32.554099,0 days 00:01:11.288509,20,0.7492482924832433,10,1,24,26,18,"[175, 488]",COMPLETE
901,901,0.24629475227265282,2.77933669090271,2021-06-19 14:02:32.556418,2021-06-19 14:02:35.338053,0 days 00:00:02.781635,0,0.7044121314824888,10,4,9,22,18,"[745, 684]",COMPLETE
902,902,0.23111810355891618,2.5711233615875244,2021-06-19 14:02:35.339620,2021-06-19 14:02:37.912485,0 days 00:00:02.572865,20,0.7044121314824888,10,1,24,26,18,"[462, 759]",COMPLETE
903,903,0.22721340145038152,2.7225732803344727,2021-06-19 14:02:37.914335,2021-06-19 14:02:40.638668,0 days 00:00:02.724333,20,0.7044121314824888,10,9,30,26,18,"[877, 840]",COMPLETE
904,904,inf,inf,2021-06-19 14:02:40.640189,2021-06-19 14:02:40.938629,0 days 00:00:00.298440,20,0.4604766474441694,10,9,24,29,18,"[566, 374]",COMPLETE
905,905,0.24084978142639724,2.5075929164886475,2021-06-19 14:02:40.940507,2021-06-19 14:02:43.451324,0 days 00:00:02.510817,20,0.7044121314824888,10,1,9,27,18,"[467, 779]",COMPLETE
906,906,0.28770135550758474,2.783677339553833,2021-06-19 14:02:43.452695,2021-06-19 14:02:46.238345,0 days 00:00:02.785650,80,0.7044121314824888,10,9,26,8,18,"[553, 702]",COMPLETE
907,907,0.2320071772879246,2.6183159351348877,2021-06-19 14:02:46.239923,2021-06-19 14:02:48.859974,0 days 00:00:02.620051,20,0.7044121314824888,10,9,23,26,18,"[467, 759]",COMPLETE
908,908,0.22596455388401215,2.7234368324279785,2021-06-19 14:02:48.861436,2021-06-19 14:02:51.586472,0 days 00:00:02.725036,20,0.7044121314824888,10,9,30,26,18,"[877, 877]",COMPLETE
909,909,inf,inf,2021-06-19 14:02:51.587844,2021-06-19 14:02:51.786962,0 days 00:00:00.199118,20,0.3617943978469502,10,9,30,26,18,"[533, 553]",COMPLETE
910,910,0.2598969239189278,3.126861572265625,2021-06-19 14:02:51.789044,2021-06-19 14:02:54.919730,0 days 00:00:03.130686,80,0.7492482924832433,6,9,30,26,18,"[258, 880]",COMPLETE
911,911,inf,inf,2021-06-19 14:02:54.921295,2021-06-19 14:02:55.385441,0 days 00:00:00.464146,100,0.5743859132677572,10,1,30,25,18,"[316, 457]",COMPLETE
912,912,0.22914518597944922,2.554809093475342,2021-06-19 14:02:55.407180,2021-06-19 14:02:57.965144,0 days 00:00:02.557964,20,0.7039382016603601,10,4,24,26,18,"[566, 175]",COMPLETE
913,913,0.2346721713310642,2.753295660018921,2021-06-19 14:02:57.966661,2021-06-19 14:03:00.721739,0 days 00:00:02.755078,20,0.603627004462215,10,1,30,25,18,"[462, 533]",COMPLETE
914,914,inf,inf,2021-06-19 14:03:00.723324,2021-06-19 14:03:01.185037,0 days 00:00:00.461713,20,0.5304464825612826,10,1,30,23,18,"[672, 779]",COMPLETE
915,915,0.23978625714579022,2.8340671062469482,2021-06-19 14:03:01.187102,2021-06-19 14:03:04.023562,0 days 00:00:02.836460,20,0.962912287204581,10,1,9,25,18,"[511, 779]",COMPLETE
916,916,0.23046675059448252,2.7048141956329346,2021-06-19 14:03:04.025147,2021-06-19 14:03:06.731687,0 days 00:00:02.706540,20,0.7044121314824888,10,7,24,26,18,"[813, 684]",COMPLETE
917,917,0.23672541971787284,2.637171745300293,2021-06-19 14:03:06.733212,2021-06-19 14:03:09.372166,0 days 00:00:02.638954,0,0.7492482924832433,10,1,30,25,18,"[600, 533]",COMPLETE
918,918,0.24201719655322645,2.784778118133545,2021-06-19 14:03:09.373607,2021-06-19 14:03:12.160231,0 days 00:00:02.786624,0,0.775837870117549,10,1,23,23,18,"[573, 542]",COMPLETE
919,919,inf,inf,2021-06-19 14:03:12.161775,2021-06-19 14:03:12.353759,0 days 00:00:00.191984,20,0.42864558780059514,10,1,2,18,18,"[688, 684]",COMPLETE
920,920,0.2394733927615004,2.6308774948120117,2021-06-19 14:03:12.355628,2021-06-19 14:03:14.990084,0 days 00:00:02.634456,20,0.7044121314824888,10,9,7,26,18,"[411, 411]",COMPLETE
921,921,0.22926296705573443,2.7411181926727295,2021-06-19 14:03:14.991654,2021-06-19 14:03:17.734525,0 days 00:00:02.742871,60,0.7044121314824888,10,9,26,26,18,"[702, 759]",COMPLETE
922,922,0.2332745221309946,2.583495616912842,2021-06-19 14:03:17.736099,2021-06-19 14:03:20.321452,0 days 00:00:02.585353,20,0.629201349454404,10,9,30,26,18,"[877, 511]",COMPLETE
923,923,0.24094251348850845,2.6909661293029785,2021-06-19 14:03:20.323017,2021-06-19 14:03:23.015867,0 days 00:00:02.692850,40,0.7492482924832433,10,1,9,22,18,"[433, 745]",COMPLETE
924,924,0.23461254943934115,2.562865972518921,2021-06-19 14:03:23.017414,2021-06-19 14:03:25.582119,0 days 00:00:02.564705,20,0.8378446650481144,10,5,14,24,18,"[662, 535]",COMPLETE
925,925,0.24762751279513753,2.819962978363037,2021-06-19 14:03:25.583682,2021-06-19 14:03:28.405608,0 days 00:00:02.821926,20,0.6459572122253778,8,1,10,25,18,"[811, 413]",COMPLETE
926,926,0.2308486480746461,2.6304214000701904,2021-06-19 14:03:28.407171,2021-06-19 14:03:31.039320,0 days 00:00:02.632149,20,0.7044121314824888,10,9,24,26,18,"[759, 759]",COMPLETE
927,927,inf,inf,2021-06-19 14:03:31.040915,2021-06-19 14:03:31.421694,0 days 00:00:00.380779,20,0.5068298345935549,10,9,14,16,18,"[535, 411]",COMPLETE
928,928,0.23466952845878677,2.6717424392700195,2021-06-19 14:03:31.437667,2021-06-19 14:03:34.114114,0 days 00:00:02.676447,20,0.7044121314824888,10,1,30,30,18,"[316, 848]",COMPLETE
929,929,inf,inf,2021-06-19 14:03:34.115643,2021-06-19 14:03:34.257692,0 days 00:00:00.142049,20,0.40657141854938594,10,1,22,26,18,"[532, 411]",COMPLETE
930,930,0.23363264870526054,2.6526453495025635,2021-06-19 14:03:34.262153,2021-06-19 14:03:36.918535,0 days 00:00:02.656382,0,0.6459572122253778,10,13,14,24,18,"[413, 535]",COMPLETE
931,931,inf,inf,2021-06-19 14:03:36.919882,2021-06-19 14:03:37.114835,0 days 00:00:00.194953,20,0.45205117962481395,10,1,22,25,18,"[884, 620]",COMPLETE
932,932,0.24058035940049766,2.7378408908843994,2021-06-19 14:03:37.133672,2021-06-19 14:03:39.875165,0 days 00:00:02.741493,20,0.8047024443354969,10,9,24,30,18,"[457, 840]",COMPLETE
933,933,0.30069561767825725,3.749497175216675,2021-06-19 14:03:39.876543,2021-06-19 14:03:43.628078,0 days 00:00:03.751535,0,0.6314256997385901,3,15,22,24,18,"[745, 811]",COMPLETE
934,934,0.24085118650406487,2.6275370121002197,2021-06-19 14:03:43.629606,2021-06-19 14:03:46.259045,0 days 00:00:02.629439,20,0.7039382016603601,10,15,9,22,18,"[745, 175]",COMPLETE
935,935,0.24192325042904658,2.7085530757904053,2021-06-19 14:03:46.260619,2021-06-19 14:03:48.970855,0 days 00:00:02.710236,20,0.7044121314824888,10,9,5,26,18,"[899, 899]",COMPLETE
936,936,0.2919109798661502,2.587890386581421,2021-06-19 14:03:48.972495,2021-06-19 14:03:51.562249,0 days 00:00:02.589754,20,0.7044121314824888,10,9,14,11,18,"[877, 535]",COMPLETE
937,937,0.28482596018547374,3.8266236782073975,2021-06-19 14:03:51.563821,2021-06-19 14:03:55.392223,0 days 00:00:03.828402,20,0.7044121314824888,3,1,30,26,18,"[801, 801]",COMPLETE
938,938,0.23333010557756226,2.516864776611328,2021-06-19 14:03:55.393475,2021-06-19 14:03:57.911913,0 days 00:00:02.518438,10,0.7492482924832433,10,1,30,25,18,"[880, 880]",COMPLETE
939,939,0.23681587201715282,2.6808581352233887,2021-06-19 14:03:57.913456,2021-06-19 14:04:00.596203,0 days 00:00:02.682747,80,0.6314256997385901,10,1,14,24,18,"[535, 772]",COMPLETE
940,940,0.22787680968347765,2.7101006507873535,2021-06-19 14:04:00.597781,2021-06-19 14:04:03.309654,0 days 00:00:02.711873,20,0.7492482924832433,10,9,30,26,18,"[759, 488]",COMPLETE
941,941,0.23269744086499253,2.8122920989990234,2021-06-19 14:04:03.311233,2021-06-19 14:04:06.125546,0 days 00:00:02.814313,90,0.7044121314824888,10,9,30,26,18,"[672, 457]",COMPLETE
942,942,0.22977137720672047,2.6067192554473877,2021-06-19 14:04:06.127081,2021-06-19 14:04:08.735736,0 days 00:00:02.608655,20,0.6213555373280988,10,9,23,26,18,"[877, 647]",COMPLETE
943,943,0.22804031310082298,2.7378008365631104,2021-06-19 14:04:08.737300,2021-06-19 14:04:11.476870,0 days 00:00:02.739570,20,0.7044121314824888,10,9,24,26,18,"[175, 758]",COMPLETE
944,944,0.23715635810538274,2.550259590148926,2021-06-19 14:04:11.478156,2021-06-19 14:04:14.030374,0 days 00:00:02.552218,20,0.7044121314824888,10,1,10,25,18,"[684, 884]",COMPLETE
945,945,0.25030404418837165,2.9758477210998535,2021-06-19 14:04:14.031850,2021-06-19 14:04:17.009803,0 days 00:00:02.977953,20,0.7044121314824888,7,9,30,26,18,"[661, 758]",COMPLETE
946,946,0.26343781463745836,2.559767961502075,2021-06-19 14:04:17.011385,2021-06-19 14:04:19.573226,0 days 00:00:02.561841,20,0.8062618080017114,10,1,10,16,18,"[884, 647]",COMPLETE
947,947,0.3143627861055243,9.495471000671387,2021-06-19 14:04:19.574676,2021-06-19 14:04:29.072119,0 days 00:00:09.497443,20,0.8888916269521796,0,1,23,27,18,"[647, 303]",COMPLETE
948,948,0.2324379721745519,2.723240613937378,2021-06-19 14:04:29.073236,2021-06-19 14:04:31.798483,0 days 00:00:02.725247,90,0.6415492259649922,10,9,24,25,18,"[620, 374]",COMPLETE
949,949,0.23633544832858183,2.7717440128326416,2021-06-19 14:04:31.799611,2021-06-19 14:04:34.573560,0 days 00:00:02.773949,50,0.7044121314824888,10,1,30,23,18,"[779, 877]",COMPLETE
950,950,0.23842756175919277,2.6026368141174316,2021-06-19 14:04:34.574969,2021-06-19 14:04:37.227134,0 days 00:00:02.652165,20,0.8047024443354969,10,14,8,25,19,"[848, 840]",COMPLETE
951,951,0.23487845427335646,2.53342342376709,2021-06-19 14:04:37.228260,2021-06-19 14:04:39.763519,0 days 00:00:02.535259,20,0.7044121314824888,10,5,14,24,19,"[535, 553]",COMPLETE
952,952,0.2308711511447294,2.7944631576538086,2021-06-19 14:04:39.764758,2021-06-19 14:04:42.561224,0 days 00:00:02.796466,20,0.8915109282764104,10,9,30,26,19,"[553, 488]",COMPLETE
953,953,0.25033476709491714,2.8326172828674316,2021-06-19 14:04:42.562621,2021-06-19 14:04:45.397055,0 days 00:00:02.834434,20,0.6610604826851917,7,1,24,26,19,"[902, 902]",COMPLETE
954,954,0.2341890198461585,2.690570831298828,2021-06-19 14:04:45.398641,2021-06-19 14:04:48.091037,0 days 00:00:02.692396,20,0.7044121314824888,10,7,24,23,19,"[175, 848]",COMPLETE
955,955,0.2770508956220578,2.559260129928589,2021-06-19 14:04:48.092444,2021-06-19 14:04:50.653617,0 days 00:00:02.561173,20,0.7044121314824888,10,9,23,13,19,"[488, 553]",COMPLETE
956,956,0.23144490208447926,2.776174545288086,2021-06-19 14:04:50.654725,2021-06-19 14:04:53.432799,0 days 00:00:02.778074,20,0.7044121314824888,10,9,30,26,19,"[899, 801]",COMPLETE
957,957,0.2822672286029538,3.4335684776306152,2021-06-19 14:04:53.434187,2021-06-19 14:04:56.869812,0 days 00:00:03.435625,20,0.7044121314824888,4,9,26,27,19,"[908, 303]",COMPLETE
958,958,0.3182580231555006,2.5882198810577393,2021-06-19 14:04:56.871274,2021-06-19 14:04:59.461687,0 days 00:00:02.590413,20,0.6213555373280988,10,9,16,3,19,"[467, 942]",COMPLETE
959,959,0.2365819162108641,2.7787649631500244,2021-06-19 14:04:59.463092,2021-06-19 14:05:02.243855,0 days 00:00:02.780763,0,0.7044121314824888,10,9,24,26,19,"[462, 759]",COMPLETE
960,960,0.23184811229637245,2.51731014251709,2021-06-19 14:05:02.245457,2021-06-19 14:05:04.764877,0 days 00:00:02.519420,10,0.7492482924832433,10,1,23,26,19,"[553, 938]",COMPLETE
961,961,0.23591691896405134,2.7047080993652344,2021-06-19 14:05:04.766362,2021-06-19 14:05:07.473037,0 days 00:00:02.706675,20,0.8705020872476068,10,5,14,24,19,"[912, 535]",COMPLETE
962,962,0.22984829170408388,2.6188766956329346,2021-06-19 14:05:07.474512,2021-06-19 14:05:10.095199,0 days 00:00:02.620687,20,0.8047024443354969,10,1,24,25,19,"[840, 840]",COMPLETE
963,963,0.23602270437289086,2.6870229244232178,2021-06-19 14:05:10.096455,2021-06-19 14:05:12.785330,0 days 00:00:02.688875,20,0.603627004462215,10,1,30,25,19,"[533, 940]",COMPLETE
964,964,0.23170367214878235,2.626056432723999,2021-06-19 14:05:12.786824,2021-06-19 14:05:15.414710,0 days 00:00:02.627886,50,0.7044121314824888,10,1,19,26,19,"[620, 457]",COMPLETE
965,965,0.2948026990670936,2.7237415313720703,2021-06-19 14:05:15.416024,2021-06-19 14:05:18.141609,0 days 00:00:02.725585,20,0.7044121314824888,10,9,23,9,19,"[899, 899]",COMPLETE
966,966,0.22933015363616857,2.5804789066314697,2021-06-19 14:05:18.143159,2021-06-19 14:05:20.725424,0 days 00:00:02.582265,20,0.7044121314824888,10,4,30,26,19,"[684, 366]",COMPLETE
967,967,0.23783570617116834,3.123105049133301,2021-06-19 14:05:20.726946,2021-06-19 14:05:23.851939,0 days 00:00:03.124993,20,0.9993151521554922,10,9,23,26,19,"[940, 672]",COMPLETE
968,968,0.23901333745012115,2.5531058311462402,2021-06-19 14:05:23.853512,2021-06-19 14:05:26.408449,0 days 00:00:02.554937,10,0.603627004462215,10,1,8,26,19,"[316, 672]",COMPLETE
969,969,0.2996286601618976,4.715036869049072,2021-06-19 14:05:26.409968,2021-06-19 14:05:31.127042,0 days 00:00:04.717074,80,0.7044121314824888,2,12,30,26,19,"[258, 848]",COMPLETE
970,970,0.304895793801123,5.516384840011597,2021-06-19 14:05:31.128481,2021-06-19 14:05:36.646654,0 days 00:00:05.518173,20,0.7044121314824888,1,1,22,25,19,"[884, 884]",COMPLETE
971,971,inf,inf,2021-06-19 14:05:36.648259,2021-06-19 14:05:37.117425,0 days 00:00:00.469166,70,0.603627004462215,10,1,2,25,19,"[316, 316]",COMPLETE
972,972,0.23094239705793818,2.6678407192230225,2021-06-19 14:05:37.120950,2021-06-19 14:05:39.791666,0 days 00:00:02.670716,20,0.7044121314824888,10,9,23,26,19,"[877, 942]",COMPLETE
973,973,0.28695003497972205,2.705465078353882,2021-06-19 14:05:39.793221,2021-06-19 14:05:42.500679,0 days 00:00:02.707458,20,0.7044121314824888,10,9,30,7,19,"[366, 758]",COMPLETE
974,974,0.24544557888027888,2.7721853256225586,2021-06-19 14:05:42.502242,2021-06-19 14:05:45.276456,0 days 00:00:02.774214,20,0.6213555373280988,8,9,28,26,19,"[942, 877]",COMPLETE
975,975,inf,inf,2021-06-19 14:05:45.278030,2021-06-19 14:05:47.358071,0 days 00:00:02.080041,30,0.5206507701292136,0,9,19,25,19,"[688, 940]",COMPLETE
976,976,0.2294370284110388,2.7048397064208984,2021-06-19 14:05:47.362970,2021-06-19 14:05:50.071503,0 days 00:00:02.708533,20,0.7044121314824888,10,7,30,26,19,"[813, 877]",COMPLETE
977,977,inf,inf,2021-06-19 14:05:50.073091,2021-06-19 14:05:50.245221,0 days 00:00:00.172130,20,0.4088549158441621,10,1,24,9,19,"[672, 758]",COMPLETE
978,978,0.23044151864009857,2.611562967300415,2021-06-19 14:05:50.247192,2021-06-19 14:05:52.862421,0 days 00:00:02.615229,20,0.7044121314824888,10,9,30,26,19,"[884, 903]",COMPLETE
979,979,0.23540249276679726,2.758341073989868,2021-06-19 14:05:52.864024,2021-06-19 14:05:55.624360,0 days 00:00:02.760336,100,0.7044121314824888,10,1,18,25,19,"[480, 620]",COMPLETE
980,980,0.2321082350356661,2.6035521030426025,2021-06-19 14:05:55.625925,2021-06-19 14:05:58.231287,0 days 00:00:02.605362,20,0.775837870117549,10,7,24,26,19,"[813, 759]",COMPLETE
981,981,0.23255818405417356,2.686885356903076,2021-06-19 14:05:58.232724,2021-06-19 14:06:00.921566,0 days 00:00:02.688842,20,0.629201349454404,10,1,22,25,19,"[303, 511]",COMPLETE
982,982,0.29358983406662986,3.73447847366333,2021-06-19 14:06:00.922989,2021-06-19 14:06:04.659470,0 days 00:00:03.736481,10,0.7044121314824888,3,9,30,26,19,"[877, 880]",COMPLETE
983,983,0.2506733019219676,2.6362345218658447,2021-06-19 14:06:04.661106,2021-06-19 14:06:07.299349,0 days 00:00:02.638243,20,0.7492482924832433,10,13,26,18,19,"[556, 411]",COMPLETE
984,984,0.30646269514796326,5.808624505996704,2021-06-19 14:06:07.300774,2021-06-19 14:06:13.111371,0 days 00:00:05.810597,20,0.7044121314824888,1,9,26,26,19,"[702, 908]",COMPLETE
985,985,0.3965974278014581,2.589104652404785,2021-06-19 14:06:13.112961,2021-06-19 14:06:15.704119,0 days 00:00:02.591158,20,0.7044121314824888,10,9,8,0,19,"[801, 662]",COMPLETE
986,986,0.23179754107376915,2.681558609008789,2021-06-19 14:06:15.705694,2021-06-19 14:06:18.389041,0 days 00:00:02.683347,10,0.7044121314824888,10,1,22,26,19,"[849, 672]",COMPLETE
987,987,0.22966089187021405,2.5753209590911865,2021-06-19 14:06:18.390559,2021-06-19 14:06:20.967741,0 days 00:00:02.577182,20,0.7492482924832433,10,1,30,25,19,"[600, 905]",COMPLETE
