,number,values_0,values_1,datetime_start,datetime_complete,duration,params_checks,params_n_ratio,params_nskip,params_trees,params_w1,params_w2,system_attrs_nsga2:generation,system_attrs_nsga2:parents,state
4444,4444,0.23070105045227032,2.6283862590789795,2021-06-19 17:20:48.650960,2021-06-19 17:20:51.284928,0 days 00:00:02.633968,20,0.8047024443354969,10,9,24,26,88,"[1312, 411]",COMPLETE
4445,4445,0.23119198803610178,2.791619062423706,2021-06-19 17:20:51.287855,2021-06-19 17:20:54.085053,0 days 00:00:02.797198,20,0.7044121314824888,10,9,30,25,88,"[1656, 3483]",COMPLETE
4446,4446,0.23815006336102693,2.640315055847168,2021-06-19 17:20:54.087797,2021-06-19 17:20:56.733609,0 days 00:00:02.645812,20,0.7044121314824888,10,9,30,23,88,"[908, 908]",COMPLETE
4447,4447,0.23881164453812406,2.5666120052337646,2021-06-19 17:20:56.736559,2021-06-19 17:20:59.308813,0 days 00:00:02.572254,10,0.7044121314824888,10,1,24,22,88,"[1599, 745]",COMPLETE
4448,4448,0.23481326029414298,2.9038329124450684,2021-06-19 17:20:59.311695,2021-06-19 17:21:02.221356,0 days 00:00:02.909661,90,0.9376680603401311,10,1,16,25,88,"[2063, 3195]",COMPLETE
4449,4449,0.2391972353433987,2.956570625305176,2021-06-19 17:21:02.224186,2021-06-19 17:21:05.186550,0 days 00:00:02.962364,30,0.9972925561682804,10,1,23,26,88,"[1028, 647]",COMPLETE
4450,4450,0.22721913001901067,2.821652889251709,2021-06-19 17:21:05.189375,2021-06-19 17:21:08.064960,0 days 00:00:02.875585,30,0.7044121314824888,10,9,30,26,89,"[2963, 1897]",COMPLETE
4451,4451,0.22920470043245236,2.6428637504577637,2021-06-19 17:21:08.067579,2021-06-19 17:21:10.716205,0 days 00:00:02.648626,10,0.7492482924832433,10,10,30,26,89,"[1389, 900]",COMPLETE
4452,4452,0.3144241091238223,2.6079318523406982,2021-06-19 17:21:10.719078,2021-06-19 17:21:13.332977,0 days 00:00:02.613899,20,0.775837870117549,10,9,26,1,89,"[2991, 411]",COMPLETE
4453,4453,0.24275629516820868,2.6905581951141357,2021-06-19 17:21:13.335603,2021-06-19 17:21:16.031820,0 days 00:00:02.696217,20,0.7044121314824888,10,1,30,21,89,"[4236, 4236]",COMPLETE
4454,4454,0.2644601272654825,2.616210460662842,2021-06-19 17:21:16.034610,2021-06-19 17:21:18.656629,0 days 00:00:02.622019,20,0.8467217098486346,10,9,30,6,89,"[908, 1735]",COMPLETE
4455,4455,0.23110002025822987,2.5792489051818848,2021-06-19 17:21:18.659429,2021-06-19 17:21:21.244328,0 days 00:00:02.584899,10,0.7044121314824888,10,1,30,25,89,"[1246, 2862]",COMPLETE
4456,4456,0.23249384198627096,2.678103446960449,2021-06-19 17:21:21.247136,2021-06-19 17:21:23.930782,0 days 00:00:02.683646,20,0.7492482924832433,10,1,30,25,89,"[1028, 3100]",COMPLETE
4457,4457,0.23066363829962724,2.5609734058380127,2021-06-19 17:21:23.933739,2021-06-19 17:21:26.500262,0 days 00:00:02.566523,10,0.7044121314824888,10,1,28,25,89,"[1389, 2659]",COMPLETE
4458,4458,0.3103648266364301,5.749454021453857,2021-06-19 17:21:26.503252,2021-06-19 17:21:32.258685,0 days 00:00:05.755433,20,0.7492482924832433,1,1,23,25,89,"[2078, 4419]",COMPLETE
4459,4459,0.2373100370108489,2.54911732673645,2021-06-19 17:21:32.261721,2021-06-19 17:21:34.817035,0 days 00:00:02.555314,10,0.603627004462215,10,1,8,25,89,"[1389, 316]",COMPLETE
4460,4460,0.22782304209180027,2.792501926422119,2021-06-19 17:21:34.819815,2021-06-19 17:21:37.618102,0 days 00:00:02.798287,20,0.7044121314824888,10,9,30,26,89,"[3307, 411]",COMPLETE
4461,4461,0.2641406175025519,2.726947069168091,2021-06-19 17:21:37.620848,2021-06-19 17:21:40.353640,0 days 00:00:02.732792,20,0.7044121314824888,8,1,30,18,89,"[3260, 411]",COMPLETE
4462,4462,0.23906013520006472,2.5462749004364014,2021-06-19 17:21:40.356700,2021-06-19 17:21:42.908937,0 days 00:00:02.552237,40,0.7327023815036532,10,1,10,25,89,"[908, 4419]",COMPLETE
4463,4463,0.24168058352503405,2.6917054653167725,2021-06-19 17:21:42.911800,2021-06-19 17:21:45.609239,0 days 00:00:02.697439,20,0.7044121314824888,10,1,3,25,89,"[1135, 1006]",COMPLETE
4464,4464,inf,inf,2021-06-19 17:21:45.612076,2021-06-19 17:21:45.871286,0 days 00:00:00.259210,10,0.4359263278509667,10,1,8,25,89,"[316, 316]",COMPLETE
4465,4465,0.26097000301542506,2.561248540878296,2021-06-19 17:21:45.875536,2021-06-19 17:21:48.456464,0 days 00:00:02.580928,20,0.7492482924832433,10,1,30,15,89,"[2465, 880]",COMPLETE
4466,4466,0.27226963847689095,2.5762507915496826,2021-06-19 17:21:48.459514,2021-06-19 17:21:51.041797,0 days 00:00:02.582283,50,0.7492482924832433,10,1,30,13,89,"[3100, 1735]",COMPLETE
4467,4467,0.24059078771030334,2.7464816570281982,2021-06-19 17:21:51.044511,2021-06-19 17:21:53.796938,0 days 00:00:02.752427,90,0.775837870117549,10,1,6,25,89,"[1897, 4419]",COMPLETE
4468,4468,0.2315750872465108,2.570678472518921,2021-06-19 17:21:53.799824,2021-06-19 17:21:56.376073,0 days 00:00:02.576249,20,0.7044121314824888,10,1,26,26,89,"[1312, 3256]",COMPLETE
4469,4469,0.22880026730494635,2.8266303539276123,2021-06-19 17:21:56.378887,2021-06-19 17:21:59.211397,0 days 00:00:02.832510,80,0.7492482924832433,10,9,21,26,89,"[1389, 2862]",COMPLETE
4470,4470,0.23800250981125193,2.5488107204437256,2021-06-19 17:21:59.214344,2021-06-19 17:22:01.768839,0 days 00:00:02.554495,10,0.7044121314824888,10,1,8,25,89,"[316, 3483]",COMPLETE
4471,4471,0.23321922792723962,2.5880775451660156,2021-06-19 17:22:01.771621,2021-06-19 17:22:04.365277,0 days 00:00:02.593656,20,0.7492482924832433,10,1,23,26,89,"[2991, 2078]",COMPLETE
4472,4472,0.23250094405973054,2.6777703762054443,2021-06-19 17:22:04.368212,2021-06-19 17:22:07.051619,0 days 00:00:02.683407,20,0.7044121314824888,10,1,24,25,89,"[1599, 3760]",COMPLETE
4473,4473,0.22942820530033034,2.557136297225952,2021-06-19 17:22:07.054602,2021-06-19 17:22:09.617547,0 days 00:00:02.562945,20,0.7044121314824888,10,1,30,25,89,"[1929, 3100]",COMPLETE
4474,4474,0.22966579878334084,2.7391324043273926,2021-06-19 17:22:09.620486,2021-06-19 17:22:12.365238,0 days 00:00:02.744752,20,0.8047024443354969,10,1,26,25,89,"[2063, 3256]",COMPLETE
4475,4475,0.23442360356582226,2.7628026008605957,2021-06-19 17:22:12.367796,2021-06-19 17:22:15.136366,0 days 00:00:02.768570,20,0.7492482924832433,9,15,30,26,89,"[880, 1974]",COMPLETE
4476,4476,0.23451752841854845,2.5648903846740723,2021-06-19 17:22:15.139313,2021-06-19 17:22:17.709951,0 days 00:00:02.570638,10,0.7044121314824888,10,1,30,25,89,"[3100, 2659]",COMPLETE
4477,4477,0.23593404694656725,2.8562917709350586,2021-06-19 17:22:17.712880,2021-06-19 17:22:20.575149,0 days 00:00:02.862269,20,0.7044121314824888,10,10,15,26,89,"[2078, 908]",COMPLETE
4478,4478,0.24075891002550354,2.5988547801971436,2021-06-19 17:22:20.578211,2021-06-19 17:22:23.183068,0 days 00:00:02.604857,20,0.5783671732039936,10,1,30,25,89,"[1735, 3082]",COMPLETE
4479,4479,0.23377028279184683,2.746290683746338,2021-06-19 17:22:23.186029,2021-06-19 17:22:25.937913,0 days 00:00:02.751884,10,0.7044121314824888,10,1,30,26,89,"[3105, 3082]",COMPLETE
4480,4480,0.23387393918324356,2.5701651573181152,2021-06-19 17:22:25.940821,2021-06-19 17:22:28.516703,0 days 00:00:02.575882,30,0.7044121314824888,10,1,30,25,89,"[2963, 1389]",COMPLETE
4481,4481,0.23098169807022118,2.6283721923828125,2021-06-19 17:22:28.519649,2021-06-19 17:22:31.153624,0 days 00:00:02.633975,20,0.7044121314824888,10,9,26,26,89,"[411, 1974]",COMPLETE
4482,4482,0.2333176906574287,2.8071086406707764,2021-06-19 17:22:31.156390,2021-06-19 17:22:33.969292,0 days 00:00:02.812902,20,0.7044121314824888,10,7,30,26,89,"[2862, 1735]",COMPLETE
4483,4483,0.2957234371920574,2.574985980987549,2021-06-19 17:22:33.972074,2021-06-19 17:22:36.552788,0 days 00:00:02.580714,20,0.7044121314824888,10,1,30,2,89,"[3105, 1244]",COMPLETE
4484,4484,0.26266381375583986,2.9466919898986816,2021-06-19 17:22:36.555763,2021-06-19 17:22:39.508370,0 days 00:00:02.952607,20,0.7044121314824888,6,1,30,25,89,"[1599, 2991]",COMPLETE
4485,4485,0.23362973000790566,2.844815969467163,2021-06-19 17:22:39.511318,2021-06-19 17:22:42.362142,0 days 00:00:02.850824,0,0.775837870117549,10,8,30,25,89,"[2229, 4258]",COMPLETE
4486,4486,0.23402250190548227,2.5511720180511475,2021-06-19 17:22:42.365094,2021-06-19 17:22:44.921874,0 days 00:00:02.556780,20,0.7044121314824888,10,1,30,25,89,"[2063, 3100]",COMPLETE
4487,4487,0.2307742561405151,2.736466646194458,2021-06-19 17:22:44.924772,2021-06-19 17:22:47.666984,0 days 00:00:02.742212,20,0.7459975801554324,10,1,30,25,89,"[2229, 1159]",COMPLETE
4488,4488,0.2392616578192766,2.595560073852539,2021-06-19 17:22:47.669727,2021-06-19 17:22:50.271253,0 days 00:00:02.601526,20,0.7044121314824888,10,4,24,30,89,"[3256, 2209]",COMPLETE
4489,4489,0.23164229734047562,2.569262981414795,2021-06-19 17:22:50.274210,2021-06-19 17:22:52.849118,0 days 00:00:02.574908,20,0.7492482924832433,10,1,30,25,89,"[1389, 1929]",COMPLETE
4490,4490,0.22940684287868504,2.710179090499878,2021-06-19 17:22:52.851727,2021-06-19 17:22:55.567633,0 days 00:00:02.715906,10,0.7044121314824888,10,1,30,26,89,"[2465, 1599]",COMPLETE
4491,4491,0.23332451252198935,2.6099586486816406,2021-06-19 17:22:55.570526,2021-06-19 17:22:58.186252,0 days 00:00:02.615726,40,0.7044121314824888,10,1,30,25,89,"[1929, 1135]",COMPLETE
4492,4492,0.2545047478961604,2.5639262199401855,2021-06-19 17:22:58.189193,2021-06-19 17:23:00.758987,0 days 00:00:02.569794,10,0.8135202859133523,10,1,9,17,89,"[2078, 745]",COMPLETE
4493,4493,0.23268529721888348,2.7326698303222656,2021-06-19 17:23:00.761960,2021-06-19 17:23:03.500253,0 days 00:00:02.738293,20,0.7492482924832433,10,1,23,26,89,"[2078, 647]",COMPLETE
4494,4494,0.2698482689102075,2.5596156120300293,2021-06-19 17:23:03.502858,2021-06-19 17:23:06.068390,0 days 00:00:02.565532,20,0.6534946516526325,10,1,2,14,89,"[1205, 1897]",COMPLETE
4495,4495,0.23125594877394107,2.7672455310821533,2021-06-19 17:23:06.071069,2021-06-19 17:23:08.844006,0 days 00:00:02.772937,20,0.7044121314824888,10,9,29,26,89,"[411, 411]",COMPLETE
4496,4496,0.2322536103775672,2.6196537017822266,2021-06-19 17:23:08.846744,2021-06-19 17:23:11.472130,0 days 00:00:02.625386,20,0.6240064051306843,10,1,24,25,89,"[3483, 1312]",COMPLETE
4497,4497,0.23157920093411263,2.6230082511901855,2021-06-19 17:23:11.474972,2021-06-19 17:23:14.103602,0 days 00:00:02.628630,20,0.7044121314824888,10,9,30,25,89,"[2862, 2960]",COMPLETE
4498,4498,0.23097351296902713,2.744041919708252,2021-06-19 17:23:14.106592,2021-06-19 17:23:16.856938,0 days 00:00:02.750346,10,0.7044121314824888,10,1,30,26,89,"[3105, 1006]",COMPLETE
4499,4499,0.23295421615917383,2.5701239109039307,2021-06-19 17:23:16.859843,2021-06-19 17:23:19.435554,0 days 00:00:02.575711,20,0.7492482924832433,10,1,30,25,89,"[880, 4258]",COMPLETE
4500,4500,0.24608322556766274,2.633514881134033,2021-06-19 17:23:19.438307,2021-06-19 17:24:33.791088,0 days 00:01:14.352781,20,0.7044121314824888,10,13,2,27,90,"[1205, 1205]",COMPLETE
4501,4501,0.22943907292682797,2.7772531509399414,2021-06-19 17:24:33.796218,2021-06-19 17:24:36.588673,0 days 00:00:02.792455,20,0.7044121314824888,10,6,30,26,90,"[1599, 1244]",COMPLETE
4502,4502,0.23368844003660202,2.574364423751831,2021-06-19 17:24:36.591622,2021-06-19 17:24:39.171773,0 days 00:00:02.580151,20,0.7492482924832433,10,1,26,26,90,"[900, 1159]",COMPLETE
4503,4503,0.23028485689134373,2.7500643730163574,2021-06-19 17:24:39.174531,2021-06-19 17:24:41.930219,0 days 00:00:02.755688,20,0.8047024443354969,10,1,30,25,90,"[4473, 1745]",COMPLETE
4504,4504,inf,inf,2021-06-19 17:24:41.933167,2021-06-19 17:24:42.398756,0 days 00:00:00.465589,20,0.5747708913296898,10,1,24,26,90,"[2963, 1599]",COMPLETE
4505,4505,0.23572685432949442,2.5693609714508057,2021-06-19 17:24:42.403613,2021-06-19 17:24:44.987910,0 days 00:00:02.584297,20,0.7492482924832433,10,1,30,25,90,"[1159, 1897]",COMPLETE
4506,4506,0.23310194002545437,2.8221993446350098,2021-06-19 17:24:44.990759,2021-06-19 17:24:47.818717,0 days 00:00:02.827958,20,0.9610345459248786,10,1,24,26,90,"[2209, 4236]",COMPLETE
4507,4507,0.22918995081110427,2.759031057357788,2021-06-19 17:24:47.821365,2021-06-19 17:24:50.586010,0 days 00:00:02.764645,40,0.775837870117549,10,1,30,25,90,"[4419, 3760]",COMPLETE
4508,4508,0.23130888288112428,2.622966766357422,2021-06-19 17:24:50.588888,2021-06-19 17:24:53.217609,0 days 00:00:02.628721,40,0.7044121314824888,10,1,30,25,90,"[1656, 4419]",COMPLETE
4509,4509,0.23295648050471907,2.726423978805542,2021-06-19 17:24:53.220518,2021-06-19 17:24:55.952709,0 days 00:00:02.732191,20,0.7044121314824888,10,1,30,25,90,"[1006, 3483]",COMPLETE
4510,4510,inf,inf,2021-06-19 17:24:55.955568,2021-06-19 17:24:56.451210,0 days 00:00:00.495642,100,0.6220292298214497,10,9,30,26,90,"[3760, 3307]",COMPLETE
4511,4511,0.23276603533335335,2.6502981185913086,2021-06-19 17:24:56.456334,2021-06-19 17:24:59.132042,0 days 00:00:02.675708,30,0.7044121314824888,10,1,30,26,90,"[2465, 3105]",COMPLETE
4512,4512,0.23208997087188826,2.6266326904296875,2021-06-19 17:24:59.134925,2021-06-19 17:25:01.767343,0 days 00:00:02.632418,100,0.7492482924832433,10,1,24,26,90,"[908, 900]",COMPLETE
4513,4513,inf,inf,2021-06-19 17:25:01.770335,2021-06-19 17:25:02.071400,0 days 00:00:00.301065,10,0.45547739423250033,10,1,30,25,90,"[3105, 1745]",COMPLETE
4514,4514,0.22958851473542993,2.7793803215026855,2021-06-19 17:25:02.078992,2021-06-19 17:25:04.871879,0 days 00:00:02.792887,10,0.775837870117549,10,1,30,26,90,"[3082, 3105]",COMPLETE
4515,4515,0.32255105542687856,9.045590877532959,2021-06-19 17:25:04.874780,2021-06-19 17:25:13.926357,0 days 00:00:09.051577,10,0.7492482924832433,0,1,30,25,90,"[1897, 4473]",COMPLETE
4516,4516,0.24055616888805348,2.886277914047241,2021-06-19 17:25:13.929297,2021-06-19 17:25:16.821413,0 days 00:00:02.892116,20,0.775837870117549,8,1,30,26,90,"[3307, 3082]",COMPLETE
4517,4517,0.2343262668612789,2.5546951293945312,2021-06-19 17:25:16.824306,2021-06-19 17:25:19.384845,0 days 00:00:02.560539,80,0.7044121314824888,10,1,21,25,90,"[1929, 2209]",COMPLETE
4518,4518,0.23055887848954373,2.6193337440490723,2021-06-19 17:25:19.387829,2021-06-19 17:25:22.012782,0 days 00:00:02.624953,20,0.7044121314824888,10,9,30,25,90,"[2991, 908]",COMPLETE
4519,4519,0.2654733597532114,3.5086824893951416,2021-06-19 17:25:22.015706,2021-06-19 17:25:25.530322,0 days 00:00:03.514616,20,0.9959852271099354,7,1,26,25,90,"[745, 2762]",COMPLETE
4520,4520,0.23875293903179132,2.514970064163208,2021-06-19 17:25:25.533314,2021-06-19 17:25:28.053975,0 days 00:00:02.520661,10,0.7044121314824888,10,1,30,22,90,"[1159, 745]",COMPLETE
4521,4521,0.23026797646364391,2.754819393157959,2021-06-19 17:25:28.056927,2021-06-19 17:25:30.817414,0 days 00:00:02.760487,10,0.7044121314824888,10,1,30,23,90,"[1246, 849]",COMPLETE
4522,4522,0.23407612262382316,2.741690158843994,2021-06-19 17:25:30.820362,2021-06-19 17:25:33.567878,0 days 00:00:02.747516,70,0.7044121314824888,10,1,28,25,90,"[2659, 4236]",COMPLETE
4523,4523,0.23085994667869758,2.5127365589141846,2021-06-19 17:25:33.570902,2021-06-19 17:25:36.089381,0 days 00:00:02.518479,20,0.7044121314824888,10,1,30,28,90,"[4331, 3195]",COMPLETE
4524,4524,0.23721537138720922,2.75287127494812,2021-06-19 17:25:36.092346,2021-06-19 17:25:38.850935,0 days 00:00:02.758589,10,0.7492482924832433,10,14,30,22,90,"[1135, 745]",COMPLETE
4525,4525,0.23428241459295146,2.605095386505127,2021-06-19 17:25:38.853798,2021-06-19 17:25:41.464477,0 days 00:00:02.610679,10,0.7044121314824888,10,1,30,25,90,"[1897, 1599]",COMPLETE
4526,4526,0.22975937633323304,2.581347703933716,2021-06-19 17:25:41.467335,2021-06-19 17:25:44.054340,0 days 00:00:02.587005,20,0.8047024443354969,10,1,24,25,90,"[1312, 4473]",COMPLETE
4527,4527,0.23281908666873158,2.741912603378296,2021-06-19 17:25:44.057313,2021-06-19 17:25:46.805543,0 days 00:00:02.748230,20,0.775837870117549,10,1,30,24,90,"[1159, 3566]",COMPLETE
4528,4528,0.23328068165015944,2.5619072914123535,2021-06-19 17:25:46.808505,2021-06-19 17:25:49.376100,0 days 00:00:02.567595,20,0.7044121314824888,10,1,30,26,90,"[1929, 3307]",COMPLETE
4529,4529,0.24375111353330112,2.7335262298583984,2021-06-19 17:25:49.378916,2021-06-19 17:25:52.118205,0 days 00:00:02.739289,20,0.8047024443354969,8,1,30,25,90,"[1244, 2229]",COMPLETE
4530,4530,0.23099696724795726,2.7609736919403076,2021-06-19 17:25:52.120743,2021-06-19 17:25:54.887436,0 days 00:00:02.766693,20,0.7492482924832433,10,15,30,25,90,"[4473, 880]",COMPLETE
4531,4531,0.2551794650399015,2.681187391281128,2021-06-19 17:25:54.890313,2021-06-19 17:25:57.577382,0 days 00:00:02.687069,20,0.7044121314824888,8,1,30,25,90,"[1135, 4258]",COMPLETE
4532,4532,0.30948716737153137,5.599269151687622,2021-06-19 17:25:57.580308,2021-06-19 17:26:03.185379,0 days 00:00:05.605071,20,0.6024285720001208,1,1,30,25,90,"[1929, 2991]",COMPLETE
4533,4533,0.27390879489060455,2.5995235443115234,2021-06-19 17:26:03.188328,2021-06-19 17:26:05.793574,0 days 00:00:02.605246,20,0.775837870117549,10,1,30,8,90,"[4331, 4331]",COMPLETE
4534,4534,0.2287151351249281,2.7778544425964355,2021-06-19 17:26:05.796362,2021-06-19 17:26:08.579898,0 days 00:00:02.783536,20,0.7044121314824888,10,9,30,26,90,"[3307, 2960]",COMPLETE
4535,4535,0.31285896438271155,3.693464994430542,2021-06-19 17:26:08.582804,2021-06-19 17:26:12.282141,0 days 00:00:03.699337,20,0.7044121314824888,3,1,30,14,90,"[1205, 4258]",COMPLETE
4536,4536,0.2299774599092863,2.6684892177581787,2021-06-19 17:26:12.284888,2021-06-19 17:26:14.959107,0 days 00:00:02.674219,20,0.7044121314824888,10,9,24,26,90,"[2209, 908]",COMPLETE
4537,4537,0.2314698989665185,2.7467780113220215,2021-06-19 17:26:14.962110,2021-06-19 17:26:17.714622,0 days 00:00:02.752512,20,0.7315993716521115,10,1,30,25,90,"[1312, 4473]",COMPLETE
4538,4538,0.2306144687910311,2.689760446548462,2021-06-19 17:26:17.717731,2021-06-19 17:26:20.413904,0 days 00:00:02.696173,20,0.7100511651342796,10,15,24,25,90,"[2762, 1312]",COMPLETE
4539,4539,0.22942634156135297,2.635794162750244,2021-06-19 17:26:20.416906,2021-06-19 17:26:23.058569,0 days 00:00:02.641663,20,0.8150839365311942,10,1,27,26,90,"[2465, 2063]",COMPLETE
4540,4540,0.2763572856930916,3.278379201889038,2021-06-19 17:26:23.061561,2021-06-19 17:26:26.345906,0 days 00:00:03.284345,10,0.7044121314824888,5,1,30,27,90,"[1897, 2659]",COMPLETE
4541,4541,0.23341358831028367,2.5521745681762695,2021-06-19 17:26:26.348779,2021-06-19 17:26:28.906622,0 days 00:00:02.557843,20,0.7492482924832433,10,1,23,26,90,"[1735, 2078]",COMPLETE
4542,4542,0.23049083575754123,2.7367382049560547,2021-06-19 17:26:28.909403,2021-06-19 17:26:31.651769,0 days 00:00:02.742366,10,0.7044121314824888,10,1,28,25,90,"[2659, 2465]",COMPLETE
4543,4543,0.26063861714488473,2.944366931915283,2021-06-19 17:26:31.654754,2021-06-19 17:26:34.605386,0 days 00:00:02.950632,20,0.7492482924832433,6,1,6,26,90,"[2762, 900]",COMPLETE
4544,4544,0.22851802855004447,2.6046128273010254,2021-06-19 17:26:34.608383,2021-06-19 17:26:37.218868,0 days 00:00:02.610485,20,0.7044121314824888,10,1,30,26,90,"[3566, 3195]",COMPLETE
4545,4545,0.3194369482877677,2.758096694946289,2021-06-19 17:26:37.221791,2021-06-19 17:26:39.985715,0 days 00:00:02.763924,20,0.7044121314824888,10,1,30,0,90,"[1028, 1656]",COMPLETE
4546,4546,inf,inf,2021-06-19 17:26:39.988682,2021-06-19 17:26:40.214887,0 days 00:00:00.226205,10,0.44489749359290276,10,1,30,26,90,"[3760, 3307]",COMPLETE
4547,4547,0.2306745658562271,2.626495361328125,2021-06-19 17:26:40.226306,2021-06-19 17:26:42.874404,0 days 00:00:02.648098,20,0.775837870117549,10,13,30,25,90,"[4258, 2963]",COMPLETE
4548,4548,0.22773438464087903,2.5886237621307373,2021-06-19 17:26:42.877397,2021-06-19 17:26:45.471824,0 days 00:00:02.594427,20,0.775837870117549,10,1,30,25,90,"[4258, 3082]",COMPLETE
4549,4549,0.23059808567004741,2.7536418437957764,2021-06-19 17:26:45.474878,2021-06-19 17:26:48.234934,0 days 00:00:02.760056,20,0.7492482924832433,10,7,30,25,90,"[1389, 2229]",COMPLETE
4550,4550,0.23928561312780178,2.558637857437134,2021-06-19 17:26:48.237830,2021-06-19 17:26:50.851516,0 days 00:00:02.613686,10,0.603627004462215,10,1,8,25,91,"[316, 316]",COMPLETE
4551,4551,0.22786524064523284,2.7454233169555664,2021-06-19 17:26:50.854540,2021-06-19 17:26:53.605859,0 days 00:00:02.751319,40,0.775837870117549,10,1,30,25,91,"[3760, 4258]",COMPLETE
4552,4552,0.2301777438833586,2.5575621128082275,2021-06-19 17:26:53.608838,2021-06-19 17:26:56.172186,0 days 00:00:02.563348,20,0.7044121314824888,10,1,23,25,91,"[1656, 647]",COMPLETE
4553,4553,inf,inf,2021-06-19 17:26:56.174878,2021-06-19 17:26:56.363206,0 days 00:00:00.188328,30,0.39908309669352326,9,1,30,25,91,"[2659, 3760]",COMPLETE
4554,4554,0.23835880970449366,2.553826332092285,2021-06-19 17:26:56.368119,2021-06-19 17:26:58.943908,0 days 00:00:02.575789,20,0.7044121314824888,10,2,30,25,91,"[1656, 4548]",COMPLETE
4555,4555,0.23172386361018726,2.785439968109131,2021-06-19 17:26:58.946933,2021-06-19 17:27:01.738357,0 days 00:00:02.791424,20,0.7044121314824888,10,9,24,28,91,"[2209, 2963]",COMPLETE
4556,4556,0.22803235936168567,2.666510581970215,2021-06-19 17:27:01.741319,2021-06-19 17:27:04.413817,0 days 00:00:02.672498,20,0.775837870117549,10,9,30,25,91,"[3082, 4236]",COMPLETE
4557,4557,0.22732408042872976,2.5854320526123047,2021-06-19 17:27:04.416688,2021-06-19 17:27:07.007838,0 days 00:00:02.591150,20,0.775837870117549,10,1,30,26,91,"[2078, 1974]",COMPLETE
4558,4558,0.2333585432309848,2.789654493331909,2021-06-19 17:27:07.010821,2021-06-19 17:27:09.806579,0 days 00:00:02.795758,20,0.775837870117549,10,12,30,26,91,"[3566, 2229]",COMPLETE
4559,4559,0.23297762164852814,2.627204179763794,2021-06-19 17:27:09.809499,2021-06-19 17:27:12.442798,0 days 00:00:02.633299,30,0.6802763073854039,10,1,30,25,91,"[2991, 1006]",COMPLETE
4560,4560,0.2948534697049225,2.773447275161743,2021-06-19 17:27:12.445420,2021-06-19 17:27:15.224762,0 days 00:00:02.779342,20,0.7044121314824888,10,1,30,6,91,"[908, 1974]",COMPLETE
4561,4561,0.23129869949961057,2.5642483234405518,2021-06-19 17:27:15.227644,2021-06-19 17:27:17.797941,0 days 00:00:02.570297,20,0.7044121314824888,10,1,21,26,91,"[3566, 1929]",COMPLETE
