,number,values_0,values_1,datetime_start,datetime_complete,duration,params_checks,params_n_ratio,params_nskip,params_trees,params_w1,params_w2,system_attrs_nsga2:generation,system_attrs_nsga2:parents,state
8473,8473,inf,inf,2021-06-19 21:11:14.697491,2021-06-19 21:11:14.861392,0 days 00:00:00.163901,20,0.3696974694110268,10,1,30,25,169,"[8256, 6684]",COMPLETE
8474,8474,0.23020694082377113,2.645427703857422,2021-06-19 21:11:14.877560,2021-06-19 21:11:17.567180,0 days 00:00:02.689620,40,0.775837870117549,10,1,30,25,169,"[6751, 6684]",COMPLETE
8475,8475,0.2434835314564181,2.7888238430023193,2021-06-19 21:11:17.571979,2021-06-19 21:11:20.371101,0 days 00:00:02.799122,40,0.7044121314824888,10,1,3,25,169,"[6751, 3260]",COMPLETE
8476,8476,0.23026424866981848,2.5496222972869873,2021-06-19 21:11:20.375651,2021-06-19 21:11:22.935329,0 days 00:00:02.559678,20,0.775837870117549,10,1,30,25,169,"[6351, 4781]",COMPLETE
8477,8477,0.23150990670066482,2.5653018951416016,2021-06-19 21:11:22.939756,2021-06-19 21:11:25.515071,0 days 00:00:02.575315,20,0.7044121314824888,10,1,24,25,169,"[5379, 6684]",COMPLETE
8478,8478,0.24302059534585765,2.5584042072296143,2021-06-19 21:11:25.519745,2021-06-19 21:11:28.088679,0 days 00:00:02.568934,20,0.775837870117549,10,1,0,25,169,"[5853, 7631]",COMPLETE
8479,8479,0.23120738806501598,2.749058723449707,2021-06-19 21:11:28.093361,2021-06-19 21:11:30.852582,0 days 00:00:02.759221,20,0.7044121314824888,10,9,30,26,169,"[411, 8074]",COMPLETE
8480,8480,0.23219035188249373,2.650763988494873,2021-06-19 21:11:30.857232,2021-06-19 21:11:33.518005,0 days 00:00:02.660773,20,0.775837870117549,10,1,24,26,169,"[2209, 8433]",COMPLETE
8481,8481,0.23416767199821173,2.87374210357666,2021-06-19 21:11:33.522512,2021-06-19 21:11:36.407347,0 days 00:00:02.884835,20,0.7492482924832433,10,1,23,26,169,"[7770, 2078]",COMPLETE
8482,8482,0.2342701586877303,2.576737642288208,2021-06-19 21:11:36.412157,2021-06-19 21:11:39.000080,0 days 00:00:02.587923,20,0.7709466266223757,10,1,24,25,169,"[900, 6763]",COMPLETE
8483,8483,0.23334750299997883,2.5610930919647217,2021-06-19 21:11:39.004623,2021-06-19 21:11:41.575626,0 days 00:00:02.571003,20,0.775837870117549,10,1,30,25,169,"[8024, 8024]",COMPLETE
8484,8484,0.22914116551673716,2.554391622543335,2021-06-19 21:11:41.580006,2021-06-19 21:11:44.144335,0 days 00:00:02.564329,20,0.775837870117549,10,1,30,26,169,"[5654, 7926]",COMPLETE
8485,8485,0.22813688982255853,2.7908639907836914,2021-06-19 21:11:44.148754,2021-06-19 21:11:46.949917,0 days 00:00:02.801163,20,0.7044121314824888,10,1,30,26,169,"[2963, 6592]",COMPLETE
8486,8486,0.2280715874045444,2.660374641418457,2021-06-19 21:11:46.954707,2021-06-19 21:11:49.626294,0 days 00:00:02.671587,10,0.775837870117549,10,15,30,25,169,"[6968, 1028]",COMPLETE
8487,8487,0.2365598320876902,3.221076726913452,2021-06-19 21:11:49.630855,2021-06-19 21:11:52.862093,0 days 00:00:03.231238,20,0.9861717527963492,10,16,30,26,169,"[2209, 2991]",COMPLETE
8488,8488,0.22952961448260917,2.5735929012298584,2021-06-19 21:11:52.866506,2021-06-19 21:11:55.450217,0 days 00:00:02.583711,20,0.775837870117549,10,1,30,26,169,"[6592, 6968]",COMPLETE
8489,8489,0.2584871265237806,2.944624900817871,2021-06-19 21:11:55.454769,2021-06-19 21:11:58.409761,0 days 00:00:02.954992,20,0.775837870117549,6,1,30,25,169,"[1929, 8333]",COMPLETE
8490,8490,0.2654794097236,3.2318758964538574,2021-06-19 21:11:58.414375,2021-06-19 21:12:01.656492,0 days 00:00:03.242117,20,0.7044121314824888,6,9,30,26,169,"[6351, 6684]",COMPLETE
8491,8491,0.2309098060550153,2.6665725708007812,2021-06-19 21:12:01.660933,2021-06-19 21:12:04.337845,0 days 00:00:02.676912,10,0.775837870117549,10,12,30,26,169,"[6684, 5654]",COMPLETE
8492,8492,0.35572539273775433,2.6562368869781494,2021-06-19 21:12:04.342496,2021-06-19 21:12:07.008937,0 days 00:00:02.666441,20,0.7044121314824888,10,15,30,0,169,"[5495, 5495]",COMPLETE
8493,8493,0.22847169829439168,2.7948789596557617,2021-06-19 21:12:07.013760,2021-06-19 21:12:09.819816,0 days 00:00:02.806056,50,0.775837870117549,10,1,30,25,169,"[8024, 6968]",COMPLETE
8494,8494,0.23333914663486124,2.5902132987976074,2021-06-19 21:12:09.824337,2021-06-19 21:12:12.424597,0 days 00:00:02.600260,20,0.7044121314824888,10,1,23,26,169,"[2209, 6351]",COMPLETE
8495,8495,0.2364071378493622,2.5296854972839355,2021-06-19 21:12:12.429159,2021-06-19 21:12:14.968807,0 days 00:00:02.539648,20,0.7044121314824888,10,1,30,25,169,"[1028, 2209]",COMPLETE
8496,8496,0.22793226166885622,2.5693650245666504,2021-06-19 21:12:14.973331,2021-06-19 21:12:17.552791,0 days 00:00:02.579460,40,0.775837870117549,10,1,30,25,169,"[4419, 1159]",COMPLETE
8497,8497,0.262552456828857,2.783811092376709,2021-06-19 21:12:17.557603,2021-06-19 21:12:20.351575,0 days 00:00:02.793972,20,0.7044121314824888,10,1,30,14,169,"[4781, 4781]",COMPLETE
8498,8498,0.22452293523224048,2.5392696857452393,2021-06-19 21:12:20.356088,2021-06-19 21:12:22.905303,0 days 00:00:02.549215,20,0.775837870117549,10,1,30,25,169,"[8261, 5641]",COMPLETE
8499,8499,0.24048559013975535,2.7421131134033203,2021-06-19 21:12:22.909906,2021-06-19 21:12:25.662620,0 days 00:00:02.752714,80,0.775837870117549,10,9,26,21,169,"[7871, 7735]",COMPLETE
8500,8500,0.2302457390729868,2.94594407081604,2021-06-19 21:12:25.667278,2021-06-19 21:13:40.817184,0 days 00:01:15.149906,40,0.8555588702891759,10,9,24,25,170,"[6751, 2063]",COMPLETE
8501,8501,0.23509388431441156,2.609327554702759,2021-06-19 21:13:40.826786,2021-06-19 21:13:43.449198,0 days 00:00:02.622412,20,0.8047024443354969,10,1,25,25,170,"[8256, 3082]",COMPLETE
8502,8502,0.22752090756161317,2.9289000034332275,2021-06-19 21:13:43.453821,2021-06-19 21:13:46.393364,0 days 00:00:02.939543,80,0.775837870117549,10,12,30,25,170,"[7631, 2063]",COMPLETE
8503,8503,0.22979190961183174,2.5314040184020996,2021-06-19 21:13:46.397647,2021-06-19 21:13:48.939050,0 days 00:00:02.541403,20,0.7044121314824888,10,1,30,25,170,"[3260, 5853]",COMPLETE
8504,8504,0.3061167382457025,5.494439363479614,2021-06-19 21:13:48.943560,2021-06-19 21:13:54.448233,0 days 00:00:05.504673,20,0.775837870117549,1,1,30,25,170,"[8495, 5145]",COMPLETE
8505,8505,inf,inf,2021-06-19 21:13:54.452879,2021-06-19 21:13:54.825857,0 days 00:00:00.372978,20,0.5129454606597499,10,5,29,26,170,"[1929, 2963]",COMPLETE
8506,8506,0.23926404276784777,2.7946789264678955,2021-06-19 21:13:54.833268,2021-06-19 21:13:57.667338,0 days 00:00:02.834070,20,0.603627004462215,10,1,8,25,170,"[2063, 316]",COMPLETE
8507,8507,0.259767498934329,2.8968875408172607,2021-06-19 21:13:57.671715,2021-06-19 21:14:00.578789,0 days 00:00:02.907074,20,0.775837870117549,6,1,30,25,170,"[5145, 5641]",COMPLETE
8508,8508,0.2397925652559682,2.6336185932159424,2021-06-19 21:14:00.583415,2021-06-19 21:14:03.227334,0 days 00:00:02.643919,20,0.7044121314824888,10,2,8,25,170,"[316, 4236]",COMPLETE
8509,8509,0.2358590008084479,2.8468129634857178,2021-06-19 21:14:03.231969,2021-06-19 21:14:06.090103,0 days 00:00:02.858134,20,0.8047024443354969,9,1,30,25,170,"[7871, 1929]",COMPLETE
8510,8510,0.27069449965319203,3.2015023231506348,2021-06-19 21:14:06.094636,2021-06-19 21:14:09.306398,0 days 00:00:03.211762,20,0.775837870117549,5,7,30,25,170,"[5853, 316]",COMPLETE
8511,8511,0.2639954066545883,2.675266981124878,2021-06-19 21:14:09.311264,2021-06-19 21:14:11.998019,0 days 00:00:02.686755,50,0.775837870117549,10,12,30,12,170,"[8416, 6751]",COMPLETE
8512,8512,0.2905073149600695,3.879751443862915,2021-06-19 21:14:12.002311,2021-06-19 21:14:15.892250,0 days 00:00:03.889939,20,0.7492482924832433,3,1,24,25,170,"[2063, 1389]",COMPLETE
8513,8513,0.2671474800887228,2.5711209774017334,2021-06-19 21:14:15.896417,2021-06-19 21:14:18.477564,0 days 00:00:02.581147,20,0.7044121314824888,10,1,30,15,170,"[2209, 6684]",COMPLETE
8514,8514,0.26169875269539256,2.7699625492095947,2021-06-19 21:14:18.482140,2021-06-19 21:14:21.262590,0 days 00:00:02.780450,20,0.9431310567969915,10,1,23,14,170,"[1028, 2078]",COMPLETE
8515,8515,0.2323670139896966,2.84891414642334,2021-06-19 21:14:21.267149,2021-06-19 21:14:24.126358,0 days 00:00:02.859209,40,0.7044121314824888,10,9,30,26,170,"[1028, 8074]",COMPLETE
8516,8516,0.2305134028056241,2.5747177600860596,2021-06-19 21:14:24.130850,2021-06-19 21:14:26.715955,0 days 00:00:02.585105,20,0.7044121314824888,10,1,30,25,170,"[5145, 4781]",COMPLETE
8517,8517,0.42937340766968973,2.6135263442993164,2021-06-19 21:14:26.720356,2021-06-19 21:14:29.343874,0 days 00:00:02.623518,20,0.7044121314824888,10,9,30,0,170,"[1244, 1244]",COMPLETE
8518,8518,0.26543843817396634,3.154092311859131,2021-06-19 21:14:29.348386,2021-06-19 21:14:32.512902,0 days 00:00:03.164516,20,0.8047024443354969,6,1,25,25,170,"[8256, 3100]",COMPLETE
8519,8519,0.23075920533279376,2.6066009998321533,2021-06-19 21:14:32.517274,2021-06-19 21:14:35.133879,0 days 00:00:02.616605,20,0.8855457025729703,10,1,30,25,170,"[1929, 4943]",COMPLETE
8520,8520,0.23208712418844574,2.6647796630859375,2021-06-19 21:14:35.138036,2021-06-19 21:14:37.812897,0 days 00:00:02.674861,90,0.775837870117549,10,3,30,25,170,"[4419, 8451]",COMPLETE
8521,8521,0.23288939772722367,2.8430933952331543,2021-06-19 21:14:37.817086,2021-06-19 21:14:40.670109,0 days 00:00:02.853023,20,0.8551388124793633,10,1,23,26,170,"[2078, 2078]",COMPLETE
8522,8522,0.29190226845602996,2.5739617347717285,2021-06-19 21:14:40.674462,2021-06-19 21:14:43.259505,0 days 00:00:02.585043,10,0.7044121314824888,10,1,24,4,170,"[900, 5379]",COMPLETE
8523,8523,0.2686556103764484,3.30245304107666,2021-06-19 21:14:43.263891,2021-06-19 21:14:46.577584,0 days 00:00:03.313693,60,0.775837870117549,5,9,30,26,170,"[5145, 2963]",COMPLETE
8524,8524,0.2846090709510724,2.558950662612915,2021-06-19 21:14:46.582264,2021-06-19 21:14:49.151720,0 days 00:00:02.569456,20,0.6565304859173289,10,1,30,9,170,"[3100, 4781]",COMPLETE
8525,8525,0.2344513094495796,2.7804014682769775,2021-06-19 21:14:49.156341,2021-06-19 21:14:51.946903,0 days 00:00:02.790562,80,0.6487197526424644,10,1,30,25,170,"[3100, 2078]",COMPLETE
8526,8526,0.32679531136705564,10.260181903839111,2021-06-19 21:14:51.951514,2021-06-19 21:15:02.222105,0 days 00:00:10.270591,50,0.6668106023828997,0,16,30,25,170,"[5495, 6351]",COMPLETE
8527,8527,0.23659014712193327,2.7454700469970703,2021-06-19 21:15:02.226812,2021-06-19 21:15:04.982664,0 days 00:00:02.755852,20,0.7492482924832433,10,1,30,25,170,"[880, 3260]",COMPLETE
8528,8528,0.2634399230166206,2.927069664001465,2021-06-19 21:15:04.987178,2021-06-19 21:15:07.924433,0 days 00:00:02.937255,20,0.7492482924832433,6,1,23,25,170,"[2078, 3760]",COMPLETE
8529,8529,0.24983894665023196,2.5598323345184326,2021-06-19 21:15:07.928812,2021-06-19 21:15:10.498888,0 days 00:00:02.570076,20,0.775837870117549,10,1,30,18,170,"[2991, 8416]",COMPLETE
8530,8530,0.23116023167691077,2.7594079971313477,2021-06-19 21:15:10.503488,2021-06-19 21:15:13.273915,0 days 00:00:02.770427,20,0.775837870117549,10,1,30,25,170,"[6351, 2991]",COMPLETE
8531,8531,0.22708902278752718,2.55057954788208,2021-06-19 21:15:13.278209,2021-06-19 21:15:15.847359,0 days 00:00:02.569150,20,0.775837870117549,10,1,30,25,170,"[3760, 8498]",COMPLETE
8532,8532,0.2311158533007573,2.5151586532592773,2021-06-19 21:15:15.852031,2021-06-19 21:15:18.377592,0 days 00:00:02.525561,20,0.775837870117549,10,1,30,26,170,"[6835, 8024]",COMPLETE
8533,8533,0.22913252199334172,2.775146007537842,2021-06-19 21:15:18.382048,2021-06-19 21:15:21.167190,0 days 00:00:02.785142,20,0.775837870117549,10,1,30,26,170,"[8416, 7631]",COMPLETE
8534,8534,0.23145986949919958,2.5980870723724365,2021-06-19 21:15:21.171703,2021-06-19 21:15:23.781134,0 days 00:00:02.609431,70,0.775837870117549,10,1,30,26,170,"[5145, 5654]",COMPLETE
8535,8535,0.24116389027193982,2.610304594039917,2021-06-19 21:15:23.785571,2021-06-19 21:15:26.406193,0 days 00:00:02.620622,70,0.775837870117549,10,1,30,19,170,"[8261, 5654]",COMPLETE
8536,8536,0.23205745581984935,2.7726778984069824,2021-06-19 21:15:26.410689,2021-06-19 21:15:29.193714,0 days 00:00:02.783025,20,0.7044121314824888,10,1,28,28,170,"[4781, 5145]",COMPLETE
8537,8537,0.231675924273915,2.5430264472961426,2021-06-19 21:15:29.198001,2021-06-19 21:15:31.751003,0 days 00:00:02.553002,20,0.7044121314824888,10,1,30,25,170,"[4781, 8074]",COMPLETE
8538,8538,0.22840408973374257,2.5774505138397217,2021-06-19 21:15:31.755263,2021-06-19 21:15:34.343122,0 days 00:00:02.587859,20,0.775837870117549,10,1,30,25,170,"[3082, 8433]",COMPLETE
8539,8539,0.28255548950859066,3.365528106689453,2021-06-19 21:15:34.347813,2021-06-19 21:15:37.723682,0 days 00:00:03.375869,20,0.775837870117549,4,1,12,25,170,"[3260, 8416]",COMPLETE
8540,8540,0.23326087319295785,2.7701163291931152,2021-06-19 21:15:37.728216,2021-06-19 21:15:40.508366,0 days 00:00:02.780150,20,0.7492482924832433,10,1,30,25,170,"[8433, 880]",COMPLETE
8541,8541,0.22736893324656338,2.6124517917633057,2021-06-19 21:15:40.512586,2021-06-19 21:15:43.135055,0 days 00:00:02.622469,20,0.775837870117549,10,1,30,26,170,"[2209, 7005]",COMPLETE
8542,8542,0.2300362860416763,2.772181510925293,2021-06-19 21:15:43.139724,2021-06-19 21:15:45.922012,0 days 00:00:02.782288,20,0.775837870117549,10,1,30,25,170,"[4419, 8333]",COMPLETE
8543,8543,0.233099655009218,2.580671787261963,2021-06-19 21:15:45.926407,2021-06-19 21:15:48.517260,0 days 00:00:02.590853,20,0.775837870117549,10,1,27,23,170,"[8333, 849]",COMPLETE
8544,8544,0.23353501294673054,2.632434368133545,2021-06-19 21:15:48.521398,2021-06-19 21:15:51.164013,0 days 00:00:02.642615,20,0.775837870117549,9,1,30,25,170,"[8333, 3100]",COMPLETE
8545,8545,0.23081038153151537,2.754047155380249,2021-06-19 21:15:51.168204,2021-06-19 21:15:53.932238,0 days 00:00:02.764034,20,0.775837870117549,10,1,30,25,170,"[8024, 5654]",COMPLETE
8546,8546,0.309681605980018,5.484966278076172,2021-06-19 21:15:53.936672,2021-06-19 21:15:59.431976,0 days 00:00:05.495304,20,0.775837870117549,1,1,30,25,170,"[8261, 8433]",COMPLETE
8547,8547,0.2288338760888588,2.608309030532837,2021-06-19 21:15:59.436494,2021-06-19 21:16:02.054985,0 days 00:00:02.618491,20,0.7492482924832433,10,3,30,25,170,"[1028, 6835]",COMPLETE
8548,8548,0.22943785241656722,2.807554244995117,2021-06-19 21:16:02.059600,2021-06-19 21:16:04.877288,0 days 00:00:02.817688,70,0.775837870117549,10,1,30,25,170,"[8024, 7770]",COMPLETE
8549,8549,0.2810884814292383,3.5102381706237793,2021-06-19 21:16:04.881834,2021-06-19 21:16:08.402447,0 days 00:00:03.520613,20,0.7044121314824888,4,15,30,26,170,"[3100, 2209]",COMPLETE
8550,8550,0.2298120302205533,2.596203088760376,2021-06-19 21:16:08.407044,2021-06-19 21:16:11.061758,0 days 00:00:02.654714,20,0.7044121314824888,10,1,30,26,171,"[1929, 6835]",COMPLETE
8551,8551,0.22842098081855539,2.7846860885620117,2021-06-19 21:16:11.066474,2021-06-19 21:16:13.861287,0 days 00:00:02.794813,20,0.775837870117549,10,1,30,26,171,"[8532, 7926]",COMPLETE
8552,8552,0.22635425388858177,2.6371371746063232,2021-06-19 21:16:13.865741,2021-06-19 21:16:16.513066,0 days 00:00:02.647325,20,0.775837870117549,10,1,30,25,171,"[5654, 8531]",COMPLETE
8553,8553,0.22899812597011943,2.5688750743865967,2021-06-19 21:16:16.517821,2021-06-19 21:16:19.097639,0 days 00:00:02.579818,20,0.775837870117549,10,1,24,26,171,"[5654, 2991]",COMPLETE
8554,8554,0.22783963555139372,2.719480276107788,2021-06-19 21:16:19.102217,2021-06-19 21:16:21.831694,0 days 00:00:02.729477,20,0.775837870117549,10,1,30,25,171,"[8498, 8498]",COMPLETE
8555,8555,0.22703362338397387,2.61226224899292,2021-06-19 21:16:21.836180,2021-06-19 21:16:24.458668,0 days 00:00:02.622488,20,0.775837870117549,10,1,30,25,171,"[880, 8531]",COMPLETE
8556,8556,0.24020840516580894,2.606492757797241,2021-06-19 21:16:24.463293,2021-06-19 21:16:27.080345,0 days 00:00:02.617052,30,0.775837870117549,10,1,8,26,171,"[6351, 6351]",COMPLETE
8557,8557,0.23837829332716912,2.8832218647003174,2021-06-19 21:16:27.085134,2021-06-19 21:16:29.978782,0 days 00:00:02.893648,10,0.6415492259649922,10,14,22,23,171,"[849, 2963]",COMPLETE
8558,8558,0.23745733467246072,2.5451416969299316,2021-06-19 21:16:29.983664,2021-06-19 21:16:32.540017,0 days 00:00:02.556353,10,0.7492482924832433,10,1,30,25,171,"[1929, 880]",COMPLETE
8559,8559,0.24888359621189163,2.551384210586548,2021-06-19 21:16:32.544610,2021-06-19 21:16:35.106178,0 days 00:00:02.561568,20,0.775837870117549,10,1,24,19,171,"[5379, 8531]",COMPLETE
8560,8560,0.23193557479854923,2.7397701740264893,2021-06-19 21:16:35.110721,2021-06-19 21:16:37.860684,0 days 00:00:02.749963,20,0.775837870117549,10,1,24,25,171,"[8261, 2063]",COMPLETE
8561,8561,0.2370032030174278,2.6090850830078125,2021-06-19 21:16:37.865217,2021-06-19 21:16:40.484631,0 days 00:00:02.619414,10,0.7044121314824888,10,1,30,25,171,"[1929, 880]",COMPLETE
8562,8562,0.23291933913196752,2.5802981853485107,2021-06-19 21:16:40.489177,2021-06-19 21:16:43.079702,0 days 00:00:02.590525,20,0.775837870117549,10,1,30,25,171,"[8261, 3100]",COMPLETE
8563,8563,0.2303101889054506,2.7811694145202637,2021-06-19 21:16:43.084341,2021-06-19 21:16:45.875661,0 days 00:00:02.791320,20,0.7044121314824888,10,9,30,26,171,"[2963, 8498]",COMPLETE
8564,8564,0.23121245327656637,2.564737558364868,2021-06-19 21:16:45.880166,2021-06-19 21:16:48.454951,0 days 00:00:02.574785,20,0.775837870117549,10,1,30,25,171,"[7005, 4419]",COMPLETE
8565,8565,0.23331954677613845,2.69169282913208,2021-06-19 21:16:48.459265,2021-06-19 21:16:51.161496,0 days 00:00:02.702231,20,0.7492482924832433,10,16,30,25,171,"[2063, 1389]",COMPLETE
8566,8566,0.23673733815019787,2.7327489852905273,2021-06-19 21:16:51.165747,2021-06-19 21:16:53.908582,0 days 00:00:02.742835,20,0.775837870117549,10,1,30,30,171,"[8416, 7631]",COMPLETE
8567,8567,0.22849999479752373,2.536569118499756,2021-06-19 21:16:53.913084,2021-06-19 21:16:56.459634,0 days 00:00:02.546550,20,0.775837870117549,10,1,30,25,171,"[8416, 8498]",COMPLETE
8568,8568,0.23078456733266334,2.5861032009124756,2021-06-19 21:16:56.464277,2021-06-19 21:16:59.060478,0 days 00:00:02.596201,40,0.775837870117549,10,1,30,25,171,"[4419, 6592]",COMPLETE
8569,8569,0.22804287830474457,2.61336612701416,2021-06-19 21:16:59.065098,2021-06-19 21:17:01.688742,0 days 00:00:02.623644,20,0.775837870117549,10,1,30,26,171,"[6351, 880]",COMPLETE
8570,8570,0.23289133830410289,2.7954821586608887,2021-06-19 21:17:01.693313,2021-06-19 21:17:04.499174,0 days 00:00:02.805861,20,0.8185658532840507,10,1,30,26,171,"[8024, 5379]",COMPLETE
8571,8571,0.22955601455433788,2.5809497833251953,2021-06-19 21:17:04.503865,2021-06-19 21:17:07.094884,0 days 00:00:02.591019,20,0.775837870117549,10,1,30,25,171,"[7926, 8433]",COMPLETE
8572,8572,inf,inf,2021-06-19 21:17:07.099554,2021-06-19 21:17:07.461493,0 days 00:00:00.361939,20,0.4782685994116559,10,1,30,25,171,"[7005, 8498]",COMPLETE
8573,8573,0.23717457103768558,2.801055669784546,2021-06-19 21:17:07.478339,2021-06-19 21:17:10.301233,0 days 00:00:02.822894,20,0.6415492259649922,10,1,30,23,171,"[6351, 849]",COMPLETE
8574,8574,0.23214331242415906,2.521183967590332,2021-06-19 21:17:10.305866,2021-06-19 21:17:12.837537,0 days 00:00:02.531671,20,0.7044121314824888,10,1,30,25,171,"[1929, 1028]",COMPLETE
8575,8575,0.2655524324014663,2.6613197326660156,2021-06-19 21:17:12.842240,2021-06-19 21:17:15.513992,0 days 00:00:02.671752,0,0.775837870117549,10,1,30,25,171,"[7926, 7631]",COMPLETE
8576,8576,0.2307940860260811,2.7226741313934326,2021-06-19 21:17:15.518646,2021-06-19 21:17:18.251445,0 days 00:00:02.732799,20,0.775837870117549,10,1,30,26,171,"[6751, 8498]",COMPLETE
8577,8577,0.30408198658918417,2.596489191055298,2021-06-19 21:17:18.255943,2021-06-19 21:17:20.862637,0 days 00:00:02.606694,20,0.775837870117549,10,1,30,3,171,"[8498, 4781]",COMPLETE
8578,8578,0.2390330045961092,2.5597612857818604,2021-06-19 21:17:20.867233,2021-06-19 21:17:23.437360,0 days 00:00:02.570127,60,0.6320283445886483,10,1,30,24,171,"[1159, 3100]",COMPLETE
8579,8579,0.23203179455684012,2.8050994873046875,2021-06-19 21:17:23.442043,2021-06-19 21:17:26.257486,0 days 00:00:02.815443,20,0.775837870117549,10,12,30,25,171,"[6592, 7631]",COMPLETE
8580,8580,0.23022218610547943,2.535125732421875,2021-06-19 21:17:26.261991,2021-06-19 21:17:28.807097,0 days 00:00:02.545106,20,0.8047024443354969,10,1,30,25,171,"[4943, 4943]",COMPLETE
8581,8581,0.24519256596764494,2.622896909713745,2021-06-19 21:17:28.811777,2021-06-19 21:17:31.445020,0 days 00:00:02.633243,20,0.7044121314824888,10,1,0,22,171,"[1028, 4236]",COMPLETE
8582,8582,0.23177791493050243,2.563544988632202,2021-06-19 21:17:31.449836,2021-06-19 21:17:34.024549,0 days 00:00:02.574713,20,0.7492482924832433,10,1,30,25,171,"[880, 7631]",COMPLETE
8583,8583,0.23546762590763176,2.9189953804016113,2021-06-19 21:17:34.029105,2021-06-19 21:17:36.958512,0 days 00:00:02.929407,20,0.775837870117549,10,12,16,25,171,"[3100, 3082]",COMPLETE
8584,8584,0.23472090994292902,2.5484683513641357,2021-06-19 21:17:36.963382,2021-06-19 21:17:39.523128,0 days 00:00:02.559746,10,0.7044121314824888,10,1,24,25,171,"[5379, 5495]",COMPLETE
8585,8585,0.2797410895261725,2.760781764984131,2021-06-19 21:17:39.527582,2021-06-19 21:17:42.299079,0 days 00:00:02.771497,20,0.775837870117549,10,3,30,5,171,"[6968, 5654]",COMPLETE
8586,8586,0.23534998587271352,2.692237377166748,2021-06-19 21:17:42.303617,2021-06-19 21:17:45.005919,0 days 00:00:02.702302,10,0.8047024443354969,10,1,25,25,171,"[849, 8256]",COMPLETE
8587,8587,0.23103023973896927,2.5904324054718018,2021-06-19 21:17:45.010514,2021-06-19 21:17:47.612324,0 days 00:00:02.601810,20,0.775837870117549,10,6,22,25,171,"[5853, 3100]",COMPLETE
8588,8588,0.22729981460246515,2.605788469314575,2021-06-19 21:17:47.616995,2021-06-19 21:17:50.233266,0 days 00:00:02.616271,60,0.7455027394166561,10,1,30,25,171,"[7770, 6763]",COMPLETE
8589,8589,0.26321696217163204,3.118544340133667,2021-06-19 21:17:50.237886,2021-06-19 21:17:53.366713,0 days 00:00:03.128827,20,0.7044121314824888,6,1,8,25,171,"[8416, 5495]",COMPLETE
8590,8590,0.2751149059251773,2.611001968383789,2021-06-19 21:17:53.370847,2021-06-19 21:17:55.992206,0 days 00:00:02.621359,20,0.775837870117549,10,5,30,9,171,"[8333, 7005]",COMPLETE
