,number,values_0,values_1,datetime_start,datetime_complete,duration,params_checks,params_n_ratio,params_nskip,params_trees,params_w1,params_w2,system_attrs_nsga2:generation,system_attrs_nsga2:parents,state
1943,1943,0.23140947715557347,2.592611074447632,2021-06-19 15:02:30.632091,2021-06-19 15:02:33.227492,0 days 00:00:02.595401,20,0.7044121314824888,10,1,23,26,38,"[908, 1133]",COMPLETE
1944,1944,0.2291812588615345,2.7436859607696533,2021-06-19 15:02:33.229482,2021-06-19 15:02:35.975784,0 days 00:00:02.746302,20,0.7044121314824888,10,9,30,26,38,"[1851, 1851]",COMPLETE
1945,1945,0.27164199590294635,3.104536533355713,2021-06-19 15:02:35.977430,2021-06-19 15:02:39.084742,0 days 00:00:03.107312,20,0.7044121314824888,5,1,30,25,38,"[1656, 1656]",COMPLETE
1946,1946,0.23462250601784368,2.827251672744751,2021-06-19 15:02:39.086646,2021-06-19 15:02:41.916917,0 days 00:00:02.830271,20,0.9254038879996624,10,12,30,25,38,"[1656, 993]",COMPLETE
1947,1947,0.2585962176780266,2.859464168548584,2021-06-19 15:02:41.918893,2021-06-19 15:02:44.781261,0 days 00:00:02.862368,20,0.7044121314824888,7,9,30,26,38,"[1218, 1218]",COMPLETE
1948,1948,0.23290817738911443,2.7384088039398193,2021-06-19 15:02:44.783189,2021-06-19 15:02:47.524594,0 days 00:00:02.741405,20,0.8306331857253977,10,4,23,25,38,"[1028, 1133]",COMPLETE
1949,1949,0.23329376156291562,2.589545249938965,2021-06-19 15:02:47.526359,2021-06-19 15:02:50.118819,0 days 00:00:02.592460,20,0.7044121314824888,10,1,26,26,38,"[1771, 1046]",COMPLETE
1950,1950,0.3224122469427986,9.10999870300293,2021-06-19 15:02:50.120761,2021-06-19 15:02:59.283233,0 days 00:00:09.162472,20,0.6415492259649922,0,1,30,25,39,"[1795, 1929]",COMPLETE
1951,1951,0.23472686545427487,2.5980746746063232,2021-06-19 15:02:59.285072,2021-06-19 15:03:01.885953,0 days 00:00:02.600881,20,0.7492482924832433,10,6,30,25,39,"[1344, 1768]",COMPLETE
1952,1952,0.23064790854568587,2.7451255321502686,2021-06-19 15:03:01.887938,2021-06-19 15:03:04.636523,0 days 00:00:02.748585,50,0.7492482924832433,10,3,16,25,39,"[1416, 880]",COMPLETE
1953,1953,0.231226413870714,2.5835750102996826,2021-06-19 15:03:04.638461,2021-06-19 15:03:07.224954,0 days 00:00:02.586493,10,0.7492482924832433,10,9,30,25,39,"[1028, 745]",COMPLETE
1954,1954,0.23888108506375957,2.5523951053619385,2021-06-19 15:03:07.226913,2021-06-19 15:03:09.782234,0 days 00:00:02.555321,10,0.7492482924832433,10,1,9,25,39,"[960, 556]",COMPLETE
1955,1955,0.29404818695947466,2.731304407119751,2021-06-19 15:03:09.784220,2021-06-19 15:03:12.518545,0 days 00:00:02.734325,10,0.7044121314824888,10,9,23,6,39,"[1160, 1389]",COMPLETE
1956,1956,0.23297626222080642,2.514141321182251,2021-06-19 15:03:12.520468,2021-06-19 15:03:15.037447,0 days 00:00:02.516979,10,0.7492482924832433,10,1,30,25,39,"[1389, 1897]",COMPLETE
1957,1957,0.22963655596867796,2.6886000633239746,2021-06-19 15:03:15.039154,2021-06-19 15:03:17.730564,0 days 00:00:02.691410,20,0.7044121314824888,10,1,23,26,39,"[1133, 1389]",COMPLETE
1958,1958,0.23132386776011782,2.5455174446105957,2021-06-19 15:03:17.732504,2021-06-19 15:03:20.280821,0 days 00:00:02.548317,10,0.7044121314824888,10,1,30,26,39,"[1897, 1218]",COMPLETE
1959,1959,0.24191849173882735,2.5579886436462402,2021-06-19 15:03:20.282759,2021-06-19 15:03:22.843718,0 days 00:00:02.560959,0,0.7044121314824888,10,1,24,25,39,"[1599, 1244]",COMPLETE
1960,1960,0.24746504319423962,3.048496961593628,2021-06-19 15:03:22.845657,2021-06-19 15:03:25.897098,0 days 00:00:03.051441,10,0.7492482924832433,7,9,30,25,39,"[960, 1244]",COMPLETE
1961,1961,0.2302352572791375,2.6092824935913086,2021-06-19 15:03:25.899076,2021-06-19 15:03:28.511317,0 days 00:00:02.612241,100,0.8350615461643598,10,1,24,25,39,"[1312, 1727]",COMPLETE
1962,1962,0.23094989598083004,2.7054810523986816,2021-06-19 15:03:28.513283,2021-06-19 15:03:31.221599,0 days 00:00:02.708316,20,0.7492482924832433,10,6,30,25,39,"[1745, 1674]",COMPLETE
1963,1963,inf,inf,2021-06-19 15:03:31.223544,2021-06-19 15:03:31.612579,0 days 00:00:00.389035,10,0.6017178489132062,10,1,30,26,39,"[903, 1028]",COMPLETE
1964,1964,0.2334860696706736,2.5985310077667236,2021-06-19 15:03:31.617477,2021-06-19 15:03:34.223654,0 days 00:00:02.606177,80,0.7044121314824888,10,1,30,25,39,"[1046, 1246]",COMPLETE
1965,1965,0.2532754797050888,2.986875057220459,2021-06-19 15:03:34.225586,2021-06-19 15:03:37.215421,0 days 00:00:02.989835,20,0.7044121314824888,7,1,24,25,39,"[1016, 1727]",COMPLETE
1966,1966,0.23153436434009206,2.588575601577759,2021-06-19 15:03:37.217252,2021-06-19 15:03:39.808812,0 days 00:00:02.591560,20,0.7044121314824888,10,7,30,26,39,"[908, 1159]",COMPLETE
1967,1967,0.23168696781386908,2.563760280609131,2021-06-19 15:03:39.810457,2021-06-19 15:03:42.377062,0 days 00:00:02.566605,20,0.7492482924832433,10,1,30,24,39,"[1159, 488]",COMPLETE
1968,1968,0.2646786136243842,3.340561628341675,2021-06-19 15:03:42.378978,2021-06-19 15:03:45.722723,0 days 00:00:03.343745,20,0.7044121314824888,5,8,30,28,39,"[1851, 1244]",COMPLETE
1969,1969,0.23182725350764766,2.6215221881866455,2021-06-19 15:03:45.724665,2021-06-19 15:03:48.349117,0 days 00:00:02.624452,20,0.7492482924832433,10,8,23,26,39,"[900, 1344]",COMPLETE
1970,1970,inf,inf,2021-06-19 15:03:48.350745,2021-06-19 15:03:48.692968,0 days 00:00:00.342223,50,0.5304781810729539,10,1,30,26,39,"[1246, 1133]",COMPLETE
1971,1971,0.2355941622883427,2.7256946563720703,2021-06-19 15:03:48.697526,2021-06-19 15:03:51.430813,0 days 00:00:02.733287,20,0.8350615461643598,10,1,24,25,39,"[1727, 1727]",COMPLETE
1972,1972,0.23197004727866655,2.5606882572174072,2021-06-19 15:03:51.432706,2021-06-19 15:03:53.996195,0 days 00:00:02.563489,20,0.7044121314824888,10,1,30,26,39,"[1159, 374]",COMPLETE
1973,1973,0.2334906334675886,2.6901965141296387,2021-06-19 15:03:53.998033,2021-06-19 15:03:56.691066,0 days 00:00:02.693033,10,0.8047024443354969,10,1,20,23,39,"[849, 1942]",COMPLETE
1974,1974,0.22914852414679984,2.528805732727051,2021-06-19 15:03:56.693015,2021-06-19 15:03:59.224644,0 days 00:00:02.531629,20,0.775837870117549,10,1,30,26,39,"[1826, 647]",COMPLETE
1975,1975,0.2420584236749415,2.656017303466797,2021-06-19 15:03:59.226457,2021-06-19 15:04:01.885349,0 days 00:00:02.658892,20,0.7044121314824888,9,1,9,25,39,"[1656, 1656]",COMPLETE
1976,1976,0.23039198805546388,2.8012547492980957,2021-06-19 15:04:01.887261,2021-06-19 15:04:04.691807,0 days 00:00:02.804546,20,0.7044121314824888,10,12,30,26,39,"[1851, 1656]",COMPLETE
1977,1977,0.23102299319372685,2.5795581340789795,2021-06-19 15:04:04.693627,2021-06-19 15:04:07.276085,0 days 00:00:02.582458,10,0.7044121314824888,10,1,26,26,39,"[411, 1246]",COMPLETE
1978,1978,0.2278151247113358,2.7203431129455566,2021-06-19 15:04:07.278013,2021-06-19 15:04:10.001146,0 days 00:00:02.723133,30,0.7492482924832433,10,1,30,25,39,"[1389, 1389]",COMPLETE
1979,1979,0.23636418977441875,2.5593631267547607,2021-06-19 15:04:10.003040,2021-06-19 15:04:12.565346,0 days 00:00:02.562306,10,0.8047024443354969,10,1,30,25,39,"[1789, 1745]",COMPLETE
1980,1980,0.22992692533661735,2.736511468887329,2021-06-19 15:04:12.567040,2021-06-19 15:04:15.306374,0 days 00:00:02.739334,20,0.7044121314824888,10,9,30,26,39,"[374, 905]",COMPLETE
1981,1981,0.23492579720548934,2.561530113220215,2021-06-19 15:04:15.308311,2021-06-19 15:04:17.872804,0 days 00:00:02.564493,20,0.6415492259649922,10,1,22,23,39,"[849, 1789]",COMPLETE
1982,1982,0.23011411842181545,2.6475491523742676,2021-06-19 15:04:17.874727,2021-06-19 15:04:20.525407,0 days 00:00:02.650680,30,0.73339767672075,10,15,24,26,39,"[1219, 1599]",COMPLETE
1983,1983,0.2340517263085902,2.738662004470825,2021-06-19 15:04:20.527336,2021-06-19 15:04:23.268958,0 days 00:00:02.741622,20,0.7044121314824888,10,7,30,25,39,"[1771, 1028]",COMPLETE
1984,1984,0.232282177213693,2.523751974105835,2021-06-19 15:04:23.270619,2021-06-19 15:04:25.797188,0 days 00:00:02.526569,10,0.7044121314824888,10,1,30,25,39,"[1246, 1246]",COMPLETE
1985,1985,0.2329169935426028,2.73404860496521,2021-06-19 15:04:25.799022,2021-06-19 15:04:28.535896,0 days 00:00:02.736874,20,0.7044121314824888,10,1,30,25,39,"[1929, 1135]",COMPLETE
1986,1986,0.2302922678757654,2.6406471729278564,2021-06-19 15:04:28.537393,2021-06-19 15:04:31.180946,0 days 00:00:02.643553,100,0.7044121314824888,10,4,26,26,39,"[411, 411]",COMPLETE
1987,1987,inf,inf,2021-06-19 15:04:31.182811,2021-06-19 15:04:31.319713,0 days 00:00:00.136902,20,0.31379201400147105,8,9,30,3,39,"[1656, 1656]",COMPLETE
1988,1988,0.2340208295918125,2.6675946712493896,2021-06-19 15:04:31.326195,2021-06-19 15:04:33.999796,0 days 00:00:02.673601,20,0.7492482924832433,10,1,24,25,39,"[900, 840]",COMPLETE
1989,1989,0.2433841908214324,3.021951913833618,2021-06-19 15:04:34.001297,2021-06-19 15:04:37.026428,0 days 00:00:03.025131,20,0.987917255633807,10,15,4,26,39,"[900, 1674]",COMPLETE
1990,1990,0.23427463578453128,2.5104305744171143,2021-06-19 15:04:37.027956,2021-06-19 15:04:39.541669,0 days 00:00:02.513713,20,0.7044121314824888,10,1,30,25,39,"[1135, 1416]",COMPLETE
1991,1991,0.2344129501987459,2.7464473247528076,2021-06-19 15:04:39.543203,2021-06-19 15:04:42.292948,0 days 00:00:02.749745,10,0.7492482924832433,10,1,30,25,39,"[1344, 1028]",COMPLETE
1992,1992,0.2317227245276627,2.5728800296783447,2021-06-19 15:04:42.294888,2021-06-19 15:04:44.870778,0 days 00:00:02.575890,20,0.8047024443354969,10,1,17,25,39,"[1745, 1727]",COMPLETE
1993,1993,0.2285824303346986,2.721666097640991,2021-06-19 15:04:44.872682,2021-06-19 15:04:47.597178,0 days 00:00:02.724496,20,0.7044121314824888,10,9,30,26,39,"[1244, 1016]",COMPLETE
1994,1994,0.2884954672157239,3.4207229614257812,2021-06-19 15:04:47.599100,2021-06-19 15:04:51.022898,0 days 00:00:03.423798,30,0.7044121314824888,4,6,30,26,39,"[411, 1674]",COMPLETE
1995,1995,0.23022539992559118,2.792027473449707,2021-06-19 15:04:51.024850,2021-06-19 15:04:53.819850,0 days 00:00:02.795000,20,0.7044121314824888,10,13,23,26,39,"[1135, 1133]",COMPLETE
1996,1996,0.31358388932143083,2.6182193756103516,2021-06-19 15:04:53.821797,2021-06-19 15:04:56.443002,0 days 00:00:02.621205,20,0.7044121314824888,10,1,30,3,39,"[1929, 840]",COMPLETE
1997,1997,0.2410964436510805,2.6120588779449463,2021-06-19 15:04:56.445020,2021-06-19 15:04:59.059906,0 days 00:00:02.614886,10,0.7492482924832433,10,9,9,22,39,"[745, 745]",COMPLETE
1998,1998,0.3177764721674207,5.845697402954102,2021-06-19 15:04:59.061788,2021-06-19 15:05:04.910560,0 days 00:00:05.848772,0,0.7492482924832433,1,1,30,25,39,"[905, 1389]",COMPLETE
1999,1999,0.22887331710399716,2.6021153926849365,2021-06-19 15:05:04.912486,2021-06-19 15:05:07.517452,0 days 00:00:02.604966,20,0.7044121314824888,10,9,26,26,39,"[1851, 411]",COMPLETE
2000,2000,0.24005245385762933,2.686215400695801,2021-06-19 15:05:07.519375,2021-06-19 15:06:23.461415,0 days 00:01:15.942040,20,0.603627004462215,10,6,8,25,40,"[1674, 316]",COMPLETE
2001,2001,0.23186115855368122,2.724430799484253,2021-06-19 15:06:23.464432,2021-06-19 15:06:26.192016,0 days 00:00:02.727584,20,0.7044121314824888,10,1,24,25,40,"[1727, 1705]",COMPLETE
2002,2002,0.23246361452166484,2.6460165977478027,2021-06-19 15:06:26.193839,2021-06-19 15:06:28.842935,0 days 00:00:02.649096,20,0.7044121314824888,10,2,24,25,40,"[1135, 1160]",COMPLETE
2003,2003,0.24042786449707396,2.557758092880249,2021-06-19 15:06:28.844923,2021-06-19 15:06:31.405835,0 days 00:00:02.560912,20,0.7044121314824888,10,1,30,25,40,"[1159, 1028]",COMPLETE
2004,2004,0.2318749973079843,2.79182767868042,2021-06-19 15:06:31.407487,2021-06-19 15:06:34.202337,0 days 00:00:02.794850,10,0.7492482924832433,10,15,30,25,40,"[1389, 1897]",COMPLETE
2005,2005,0.2378993496571332,2.57126522064209,2021-06-19 15:06:34.204245,2021-06-19 15:06:36.778326,0 days 00:00:02.574081,20,0.7044121314824888,10,1,15,26,40,"[1599, 1599]",COMPLETE
2006,2006,inf,inf,2021-06-19 15:06:36.780350,2021-06-19 15:06:37.020801,0 days 00:00:00.240451,20,0.4626810618294649,10,1,11,26,40,"[993, 1674]",COMPLETE
2007,2007,0.23395088074796982,2.720947265625,2021-06-19 15:06:37.033968,2021-06-19 15:06:39.763709,0 days 00:00:02.729741,10,0.8137358842867879,10,1,22,25,40,"[1956, 849]",COMPLETE
2008,2008,0.2352752255100181,2.5787456035614014,2021-06-19 15:06:39.765662,2021-06-19 15:06:42.347298,0 days 00:00:02.581636,20,0.7044121314824888,10,1,30,24,40,"[1159, 1990]",COMPLETE
2009,2009,0.23077977628365556,2.7367310523986816,2021-06-19 15:06:42.349196,2021-06-19 15:06:45.088945,0 days 00:00:02.739749,20,0.7044121314824888,10,14,30,25,40,"[1656, 1028]",COMPLETE
2010,2010,0.23185027599038793,2.5787227153778076,2021-06-19 15:06:45.090900,2021-06-19 15:06:47.672479,0 days 00:00:02.581579,10,0.8047024443354969,10,1,30,26,40,"[1789, 316]",COMPLETE
2011,2011,0.24035104132563243,2.627078056335449,2021-06-19 15:06:47.674402,2021-06-19 15:06:50.304561,0 days 00:00:02.630159,10,0.7044121314824888,10,10,11,27,40,"[905, 1897]",COMPLETE
2012,2012,0.23537261130136117,2.6995019912719727,2021-06-19 15:06:50.306364,2021-06-19 15:06:53.008864,0 days 00:00:02.702500,10,0.7044121314824888,10,1,18,25,40,"[1246, 1656]",COMPLETE
2013,2013,0.24313853088348633,2.6021764278411865,2021-06-19 15:06:53.010822,2021-06-19 15:06:55.616513,0 days 00:00:02.605691,40,0.7044121314824888,10,1,2,25,40,"[1389, 1599]",COMPLETE
2014,2014,0.30491789850500084,2.7338173389434814,2021-06-19 15:06:55.618473,2021-06-19 15:06:58.355467,0 days 00:00:02.736994,20,0.775837870117549,10,9,10,5,40,"[1826, 903]",COMPLETE
2015,2015,0.23240260588619152,2.5914504528045654,2021-06-19 15:06:58.357442,2021-06-19 15:07:00.952032,0 days 00:00:02.594590,20,0.7044121314824888,10,8,30,25,40,"[1727, 1006]",COMPLETE
2016,2016,0.2377932820082375,2.5548226833343506,2021-06-19 15:07:00.954021,2021-06-19 15:07:03.511713,0 days 00:00:02.557692,10,0.603627004462215,10,1,8,25,40,"[316, 840]",COMPLETE
2017,2017,0.23527293557798043,2.6351654529571533,2021-06-19 15:07:03.513425,2021-06-19 15:07:06.151528,0 days 00:00:02.638103,20,0.7044121314824888,10,1,19,27,40,"[905, 905]",COMPLETE
2018,2018,0.23459268106559683,2.558236837387085,2021-06-19 15:07:06.153060,2021-06-19 15:07:08.714215,0 days 00:00:02.561155,20,0.7492482924832433,10,1,30,24,40,"[1159, 1028]",COMPLETE
2019,2019,0.2385133315633441,2.73299241065979,2021-06-19 15:07:08.715765,2021-06-19 15:07:11.451777,0 days 00:00:02.736012,20,0.8350615461643598,10,9,13,25,40,"[1727, 411]",COMPLETE
2020,2020,0.2299735149988749,2.5540771484375,2021-06-19 15:07:11.453304,2021-06-19 15:07:14.010288,0 days 00:00:02.556984,20,0.7044121314824888,10,1,30,25,40,"[647, 1656]",COMPLETE
2021,2021,0.22955209565717613,2.5634939670562744,2021-06-19 15:07:14.011814,2021-06-19 15:07:16.578024,0 days 00:00:02.566210,10,0.7492482924832433,10,1,30,25,40,"[1897, 1897]",COMPLETE
2022,2022,0.2289878136406092,2.761627435684204,2021-06-19 15:07:16.579555,2021-06-19 15:07:19.344224,0 days 00:00:02.764669,20,0.7492482924832433,10,11,30,25,40,"[1768, 1897]",COMPLETE
2023,2023,0.23205814173217812,2.6308727264404297,2021-06-19 15:07:19.345753,2021-06-19 15:07:21.979709,0 days 00:00:02.633956,20,0.8578087000117725,10,13,30,26,40,"[647, 1244]",COMPLETE
2024,2024,0.23475415029289,2.694159507751465,2021-06-19 15:07:21.981252,2021-06-19 15:07:24.678583,0 days 00:00:02.697331,20,0.7491173000622374,10,1,26,29,40,"[1897, 411]",COMPLETE
2025,2025,0.29064195169699936,3.747225761413574,2021-06-19 15:07:24.680435,2021-06-19 15:07:28.430666,0 days 00:00:03.750231,20,0.7492482924832433,3,1,30,26,40,"[1028, 903]",COMPLETE
2026,2026,0.231977207537206,2.7251553535461426,2021-06-19 15:07:28.432662,2021-06-19 15:07:31.161012,0 days 00:00:02.728350,20,0.8047024443354969,10,9,30,25,40,"[1416, 1218]",COMPLETE
2027,2027,0.2296978803333633,2.5806522369384766,2021-06-19 15:07:31.162934,2021-06-19 15:07:33.746442,0 days 00:00:02.583508,20,0.775837870117549,10,1,23,25,40,"[1344, 993]",COMPLETE
2028,2028,0.2331962714190273,2.609429121017456,2021-06-19 15:07:33.748289,2021-06-19 15:07:36.360715,0 days 00:00:02.612426,10,0.7492482924832433,10,14,23,25,40,"[960, 1984]",COMPLETE
2029,2029,0.23166363705405002,2.7113428115844727,2021-06-19 15:07:36.362556,2021-06-19 15:07:39.076774,0 days 00:00:02.714218,10,0.6415492259649922,10,1,24,25,40,"[1312, 1795]",COMPLETE
2030,2030,inf,inf,2021-06-19 15:07:39.078718,2021-06-19 15:07:39.248687,0 days 00:00:00.169969,20,0.37322604600152687,10,1,24,25,40,"[1205, 1727]",COMPLETE
2031,2031,0.23340789992445013,2.581904649734497,2021-06-19 15:07:39.252018,2021-06-19 15:07:41.842067,0 days 00:00:02.590049,10,0.7044121314824888,10,1,30,25,40,"[1344, 1984]",COMPLETE
2032,2032,0.24005513759528435,2.715540885925293,2021-06-19 15:07:41.844107,2021-06-19 15:07:44.562846,0 days 00:00:02.718739,10,0.6415492259649922,10,1,22,26,40,"[1795, 849]",COMPLETE
2033,2033,0.23222390689012962,2.617663621902466,2021-06-19 15:07:44.564838,2021-06-19 15:07:47.185371,0 days 00:00:02.620533,20,0.775837870117549,10,9,30,25,40,"[1218, 1826]",COMPLETE
2034,2034,0.23268283338626308,2.6804134845733643,2021-06-19 15:07:47.187346,2021-06-19 15:07:49.870653,0 days 00:00:02.683307,20,0.7044121314824888,10,1,30,25,40,"[1006, 1929]",COMPLETE
2035,2035,0.23332895320082728,2.5157315731048584,2021-06-19 15:07:49.872539,2021-06-19 15:07:52.391149,0 days 00:00:02.518610,10,0.7492482924832433,10,1,22,26,40,"[849, 960]",COMPLETE
2036,2036,0.2339635400171658,2.7431256771087646,2021-06-19 15:07:52.392961,2021-06-19 15:07:55.139084,0 days 00:00:02.746123,20,0.775837870117549,10,9,17,25,40,"[1826, 1984]",COMPLETE
2037,2037,0.2314648842203881,2.6006646156311035,2021-06-19 15:07:55.140868,2021-06-19 15:07:57.744561,0 days 00:00:02.603693,20,0.7044121314824888,10,6,30,25,40,"[1246, 488]",COMPLETE
2038,2038,0.23521812102714376,2.610990524291992,2021-06-19 15:07:57.746326,2021-06-19 15:08:00.360205,0 days 00:00:02.613879,20,0.7044121314824888,10,9,30,26,40,"[1956, 374]",COMPLETE
2039,2039,0.23627303413792522,2.7259271144866943,2021-06-19 15:08:00.362046,2021-06-19 15:08:03.090964,0 days 00:00:02.728918,20,0.5893599851449393,10,1,30,25,40,"[1006, 1768]",COMPLETE
2040,2040,0.22929513975510019,2.550276041030884,2021-06-19 15:08:03.092969,2021-06-19 15:08:05.646446,0 days 00:00:02.553477,20,0.7492482924832433,10,1,30,25,40,"[488, 647]",COMPLETE
2041,2041,0.23198826424480984,2.7698328495025635,2021-06-19 15:08:05.648441,2021-06-19 15:08:08.421300,0 days 00:00:02.772859,20,0.7044121314824888,10,12,30,26,40,"[1851, 903]",COMPLETE
2042,2042,0.2351726388205313,2.575137138366699,2021-06-19 15:08:08.423242,2021-06-19 15:08:11.001300,0 days 00:00:02.578058,10,0.7044121314824888,10,1,30,25,40,"[1028, 411]",COMPLETE
2043,2043,0.23130547208599206,2.5625176429748535,2021-06-19 15:08:11.003264,2021-06-19 15:08:13.568854,0 days 00:00:02.565590,40,0.7044121314824888,10,1,30,25,40,"[1006, 1344]",COMPLETE
2044,2044,0.2325145834712224,2.7294840812683105,2021-06-19 15:08:13.570793,2021-06-19 15:08:16.303300,0 days 00:00:02.732507,20,0.7044121314824888,10,1,30,26,40,"[993, 1656]",COMPLETE
2045,2045,0.23843851748742853,2.6405413150787354,2021-06-19 15:08:16.305284,2021-06-19 15:08:18.948876,0 days 00:00:02.643592,20,0.9153114220295309,10,1,11,26,40,"[647, 647]",COMPLETE
2046,2046,0.22922663406884042,2.6854679584503174,2021-06-19 15:08:18.950772,2021-06-19 15:08:21.639224,0 days 00:00:02.688452,20,0.7044121314824888,10,1,30,26,40,"[1416, 374]",COMPLETE
2047,2047,inf,inf,2021-06-19 15:08:21.641143,2021-06-19 15:08:22.080874,0 days 00:00:00.439731,10,0.556717594791151,10,6,22,23,40,"[849, 1674]",COMPLETE
2048,2048,0.22763368324399563,2.581749439239502,2021-06-19 15:08:22.100220,2021-06-19 15:08:24.687893,0 days 00:00:02.587673,20,0.8047024443354969,10,1,30,25,40,"[1789, 1135]",COMPLETE
2049,2049,0.23769438719018832,2.713801622390747,2021-06-19 15:08:24.689735,2021-06-19 15:08:27.406597,0 days 00:00:02.716862,10,0.7492482924832433,10,1,17,25,40,"[1929, 1389]",COMPLETE
2050,2050,0.23127225232417498,2.5685198307037354,2021-06-19 15:08:27.408608,2021-06-19 15:08:30.027868,0 days 00:00:02.619260,10,0.7492482924832433,10,9,30,25,41,"[1956, 880]",COMPLETE
2051,2051,0.23713094066298449,2.651371717453003,2021-06-19 15:08:30.029831,2021-06-19 15:08:32.684116,0 days 00:00:02.654285,10,0.603627004462215,10,1,8,25,41,"[647, 316]",COMPLETE
2052,2052,0.2815710211392614,2.6761903762817383,2021-06-19 15:08:32.686083,2021-06-19 15:08:35.365444,0 days 00:00:02.679361,20,0.8047024443354969,10,1,30,5,41,"[2048, 2048]",COMPLETE
2053,2053,0.23293797661676288,2.7174837589263916,2021-06-19 15:08:35.367207,2021-06-19 15:08:38.087796,0 days 00:00:02.720589,40,0.8350615461643598,10,11,30,25,41,"[1727, 1956]",COMPLETE
2054,2054,0.23183490334168072,2.715463876724243,2021-06-19 15:08:38.089718,2021-06-19 15:08:40.808036,0 days 00:00:02.718318,80,0.7492482924832433,10,1,30,25,41,"[488, 488]",COMPLETE
2055,2055,0.30110426728439443,3.0612828731536865,2021-06-19 15:08:40.809916,2021-06-19 15:08:43.874379,0 days 00:00:03.064463,10,0.8047024443354969,5,1,30,10,41,"[1389, 1789]",COMPLETE
2056,2056,0.28413040585009836,2.981740713119507,2021-06-19 15:08:43.876326,2021-06-19 15:08:46.861097,0 days 00:00:02.984771,20,0.7044121314824888,6,9,2,14,41,"[374, 1205]",COMPLETE
2057,2057,0.2337823428341528,2.7298219203948975,2021-06-19 15:08:46.863095,2021-06-19 15:08:49.595891,0 days 00:00:02.732796,10,0.7492482924832433,10,1,23,26,41,"[1984, 960]",COMPLETE
2058,2058,0.2394435853646241,2.636072874069214,2021-06-19 15:08:49.597875,2021-06-19 15:08:52.236849,0 days 00:00:02.638974,10,0.775837870117549,10,1,23,22,41,"[1344, 745]",COMPLETE
2059,2059,0.22993484606771175,2.7176506519317627,2021-06-19 15:08:52.238501,2021-06-19 15:08:54.959396,0 days 00:00:02.720895,20,0.7492482924832433,10,6,30,26,41,"[1674, 1851]",COMPLETE
2060,2060,0.23938492334779743,2.504671573638916,2021-06-19 15:08:54.961425,2021-06-19 15:08:57.469294,0 days 00:00:02.507869,20,0.7492482924832433,10,1,10,25,41,"[1028, 1990]",COMPLETE
2061,2061,0.25110028572460397,2.5831212997436523,2021-06-19 15:08:57.471302,2021-06-19 15:09:00.057631,0 days 00:00:02.586329,70,0.8047024443354969,10,1,4,29,41,"[1312, 1159]",COMPLETE
