,number,values_0,values_1,datetime_start,datetime_complete,duration,params_checks,params_n_ratio,params_nskip,params_trees,params_w1,params_w2,system_attrs_nsga2:generation,system_attrs_nsga2:parents,state
2898,2898,0.27206109122630145,3.3181469440460205,2021-06-19 15:54:24.909572,2021-06-19 15:54:28.231810,0 days 00:00:03.322238,20,0.775837870117549,5,1,22,26,57,"[1974, 900]",COMPLETE
2899,2899,0.27094752733022376,2.6063232421875,2021-06-19 15:54:28.233979,2021-06-19 15:54:30.844219,0 days 00:00:02.610240,20,0.7044121314824888,10,9,2,14,57,"[1205, 1244]",COMPLETE
2900,2900,0.23274294918298513,2.5528082847595215,2021-06-19 15:54:30.846404,2021-06-19 15:55:41.358574,0 days 00:01:10.512170,20,0.775837870117549,10,1,30,26,58,"[1974, 2063]",COMPLETE
2901,2901,0.2964233683197175,4.341515302658081,2021-06-19 15:55:41.362494,2021-06-19 15:55:45.710636,0 days 00:00:04.348142,20,0.7044121314824888,2,1,30,28,58,"[1135, 2554]",COMPLETE
2902,2902,0.23443968898798226,2.5874786376953125,2021-06-19 15:55:45.712928,2021-06-19 15:55:48.304258,0 days 00:00:02.591330,10,0.775837870117549,10,9,30,26,58,"[880, 2297]",COMPLETE
2903,2903,0.23364975294339313,2.728665828704834,2021-06-19 15:55:48.306385,2021-06-19 15:55:51.038747,0 days 00:00:02.732362,10,0.7492482924832433,10,1,30,25,58,"[1389, 1389]",COMPLETE
2904,2904,0.22950216417268432,2.6212141513824463,2021-06-19 15:55:51.041016,2021-06-19 15:55:53.666145,0 days 00:00:02.625129,20,0.8084821952058525,10,9,30,25,58,"[374, 1656]",COMPLETE
2905,2905,0.22709912134434157,2.716130495071411,2021-06-19 15:55:53.668225,2021-06-19 15:55:56.388112,0 days 00:00:02.719887,20,0.8047024443354969,10,1,27,25,58,"[2256, 2256]",COMPLETE
2906,2906,0.22851804570305792,2.6093950271606445,2021-06-19 15:55:56.390242,2021-06-19 15:55:59.004077,0 days 00:00:02.613835,70,0.7492482924832433,10,1,30,25,58,"[1897, 1244]",COMPLETE
2907,2907,inf,inf,2021-06-19 15:55:59.006352,2021-06-19 15:56:01.937104,0 days 00:00:02.930752,50,0.5600550460241739,0,14,30,24,58,"[1159, 1159]",COMPLETE
2908,2908,0.3118381698372936,5.783080339431763,2021-06-19 15:56:01.940246,2021-06-19 15:56:07.731371,0 days 00:00:05.791125,20,0.7044121314824888,1,6,30,25,58,"[2465, 1674]",COMPLETE
2909,2909,0.23851519230047707,2.6521873474121094,2021-06-19 15:56:07.733581,2021-06-19 15:56:10.389762,0 days 00:00:02.656181,40,0.7492482924832433,10,2,8,25,58,"[1028, 316]",COMPLETE
2910,2910,0.23135331995288055,2.5775973796844482,2021-06-19 15:56:10.391750,2021-06-19 15:56:12.973164,0 days 00:00:02.581414,60,0.7044121314824888,10,1,30,25,58,"[2712, 374]",COMPLETE
2911,2911,0.24026422513441387,2.7344415187835693,2021-06-19 15:56:12.975390,2021-06-19 15:56:15.713632,0 days 00:00:02.738242,20,0.7492482924832433,10,1,24,22,58,"[745, 1312]",COMPLETE
2912,2912,0.2334624710537013,2.5764477252960205,2021-06-19 15:56:15.715811,2021-06-19 15:56:18.296084,0 days 00:00:02.580273,10,0.7492482924832433,10,1,30,25,58,"[2712, 1246]",COMPLETE
2913,2913,0.23074012561078516,2.7560062408447266,2021-06-19 15:56:18.298374,2021-06-19 15:56:21.058342,0 days 00:00:02.759968,20,0.7150214562817487,10,9,23,25,58,"[2215, 2495]",COMPLETE
2914,2914,0.23010357693618894,2.5734896659851074,2021-06-19 15:56:21.060668,2021-06-19 15:56:23.638017,0 days 00:00:02.577349,20,0.8047024443354969,10,1,27,25,58,"[2229, 2229]",COMPLETE
2915,2915,0.23009505285406717,2.610877513885498,2021-06-19 15:56:23.640260,2021-06-19 15:56:26.254962,0 days 00:00:02.614702,20,0.775837870117549,10,1,24,25,58,"[2063, 1826]",COMPLETE
2916,2916,0.23157463034114714,2.7129578590393066,2021-06-19 15:56:26.257055,2021-06-19 15:56:28.973983,0 days 00:00:02.716928,10,0.7044121314824888,10,1,24,25,58,"[2659, 2862]",COMPLETE
2917,2917,0.23063539961417737,2.557101249694824,2021-06-19 15:56:28.976257,2021-06-19 15:56:31.537017,0 days 00:00:02.560760,20,0.8047024443354969,10,1,24,25,58,"[2063, 2063]",COMPLETE
2918,2918,0.29219752868427684,2.7546145915985107,2021-06-19 15:56:31.539323,2021-06-19 15:56:34.297990,0 days 00:00:02.758667,20,0.8142344436580891,10,9,13,8,58,"[1826, 2749]",COMPLETE
2919,2919,0.23047984483881365,2.570362091064453,2021-06-19 15:56:34.300277,2021-06-19 15:56:36.874488,0 days 00:00:02.574211,20,0.8047024443354969,10,1,23,25,58,"[1745, 647]",COMPLETE
2920,2920,0.24317962557665773,2.7534196376800537,2021-06-19 15:56:36.876657,2021-06-19 15:56:39.634450,0 days 00:00:02.757793,20,0.7492482924832433,10,1,0,25,58,"[745, 1135]",COMPLETE
2921,2921,inf,inf,2021-06-19 15:56:39.636574,2021-06-19 15:56:40.104332,0 days 00:00:00.467758,20,0.5941826842306275,10,9,30,26,58,"[411, 374]",COMPLETE
2922,2922,0.2288488340609076,2.6349594593048096,2021-06-19 15:56:40.120137,2021-06-19 15:56:42.764906,0 days 00:00:02.644769,20,0.7100511651342796,10,15,24,25,58,"[2762, 411]",COMPLETE
2923,2923,0.2321399677158733,2.56915545463562,2021-06-19 15:56:42.767192,2021-06-19 15:56:45.340390,0 days 00:00:02.573198,20,0.7492482924832433,10,1,21,25,58,"[1735, 1656]",COMPLETE
2924,2924,0.23814707919258754,2.804849147796631,2021-06-19 15:56:45.342680,2021-06-19 15:56:48.151522,0 days 00:00:02.808842,20,0.6415492259649922,10,1,30,26,58,"[849, 2078]",COMPLETE
2925,2925,0.29112861241352944,3.803635597229004,2021-06-19 15:56:48.153880,2021-06-19 15:56:51.961472,0 days 00:00:03.807592,20,0.8047024443354969,3,9,30,26,58,"[2256, 1218]",COMPLETE
2926,2926,0.2393544437892604,2.9295918941497803,2021-06-19 15:56:51.963413,2021-06-19 15:56:54.897102,0 days 00:00:02.933689,0,0.8047024443354969,10,1,30,25,58,"[1416, 1389]",COMPLETE
2927,2927,0.2316229679044489,2.5820810794830322,2021-06-19 15:56:54.899269,2021-06-19 15:56:57.485227,0 days 00:00:02.585958,20,0.7492482924832433,10,1,30,25,58,"[2712, 411]",COMPLETE
2928,2928,0.2333686737857935,2.5860671997070312,2021-06-19 15:56:57.487626,2021-06-19 15:57:00.078226,0 days 00:00:02.590600,10,0.7492482924832433,10,1,18,25,58,"[1389, 1897]",COMPLETE
2929,2929,0.22639310237151478,2.827179431915283,2021-06-19 15:57:00.080421,2021-06-19 15:57:02.911648,0 days 00:00:02.831227,60,0.7492482924832433,10,7,30,25,58,"[2712, 1929]",COMPLETE
2930,2930,0.26664016919376393,3.1959407329559326,2021-06-19 15:57:02.914002,2021-06-19 15:57:06.114163,0 days 00:00:03.200161,20,0.8775032650655334,5,9,24,28,58,"[1599, 2486]",COMPLETE
2931,2931,inf,inf,2021-06-19 15:57:06.116200,2021-06-19 15:57:06.320941,0 days 00:00:00.204741,60,0.42959719657603207,10,1,22,23,58,"[849, 2712]",COMPLETE
2932,2932,0.22813315100870088,2.822430372238159,2021-06-19 15:57:06.325867,2021-06-19 15:57:09.159418,0 days 00:00:02.833551,10,0.7492482924832433,10,9,30,25,58,"[1028, 1218]",COMPLETE
2933,2933,0.23613426391450623,2.7023589611053467,2021-06-19 15:57:09.161467,2021-06-19 15:57:11.867778,0 days 00:00:02.706311,10,0.7492482924832433,9,1,30,25,58,"[1599, 1389]",COMPLETE
2934,2934,0.23066907366241862,2.7203080654144287,2021-06-19 15:57:11.869985,2021-06-19 15:57:14.594133,0 days 00:00:02.724148,20,0.7492482924832433,10,9,24,26,58,"[908, 900]",COMPLETE
2935,2935,0.23968806912487808,2.6336300373077393,2021-06-19 15:57:14.595983,2021-06-19 15:57:17.233467,0 days 00:00:02.637484,60,0.7492482924832433,10,9,8,25,58,"[2826, 316]",COMPLETE
2936,2936,inf,inf,2021-06-19 15:57:17.235456,2021-06-19 15:57:20.838562,0 days 00:00:03.603106,40,0.5788092656828943,0,1,30,0,58,"[2554, 1246]",COMPLETE
2937,2937,0.2334229871763692,2.5846245288848877,2021-06-19 15:57:20.843553,2021-06-19 15:57:23.443471,0 days 00:00:02.599918,20,0.7492482924832433,10,1,23,26,58,"[1159, 2078]",COMPLETE
2938,2938,inf,inf,2021-06-19 15:57:23.445907,2021-06-19 15:57:23.645675,0 days 00:00:00.199768,10,0.3892088236662927,10,1,8,25,58,"[316, 316]",COMPLETE
2939,2939,0.24106962809417118,2.919093370437622,2021-06-19 15:57:23.655633,2021-06-19 15:57:26.585397,0 days 00:00:02.929764,20,0.7044121314824888,8,9,23,26,58,"[2486, 2486]",COMPLETE
2940,2940,0.27416004181001086,2.567619562149048,2021-06-19 15:57:26.587713,2021-06-19 15:57:29.159481,0 days 00:00:02.571768,20,0.7044121314824888,10,3,11,13,58,"[1735, 1656]",COMPLETE
2941,2941,0.22781555766083494,2.724114418029785,2021-06-19 15:57:29.161802,2021-06-19 15:57:31.889789,0 days 00:00:02.727987,20,0.775837870117549,10,1,24,25,58,"[2762, 2314]",COMPLETE
2942,2942,0.23209723629310072,2.6212997436523438,2021-06-19 15:57:31.892116,2021-06-19 15:57:34.517425,0 days 00:00:02.625309,20,0.7492482924832433,10,1,24,24,58,"[1246, 900]",COMPLETE
2943,2943,0.23152939240551887,2.793616771697998,2021-06-19 15:57:34.519811,2021-06-19 15:57:37.317825,0 days 00:00:02.798014,20,0.7492482924832433,10,1,24,26,58,"[2712, 900]",COMPLETE
2944,2944,0.23226980025365335,2.6262309551239014,2021-06-19 15:57:37.320117,2021-06-19 15:57:39.950714,0 days 00:00:02.630597,20,0.7044121314824888,10,9,30,26,58,"[1244, 374]",COMPLETE
2945,2945,0.3233037350900722,9.269788980484009,2021-06-19 15:57:39.952981,2021-06-19 15:57:49.226905,0 days 00:00:09.273924,20,0.8350615461643598,0,1,24,20,58,"[1727, 849]",COMPLETE
2946,2946,0.23081326231205346,2.6171793937683105,2021-06-19 15:57:49.229052,2021-06-19 15:57:51.850093,0 days 00:00:02.621041,20,0.7044121314824888,10,9,30,25,58,"[1244, 1159]",COMPLETE
2947,2947,0.2803429069220813,2.581711530685425,2021-06-19 15:57:51.852448,2021-06-19 15:57:54.438145,0 days 00:00:02.585697,20,0.8047024443354969,10,1,30,4,58,"[1735, 647]",COMPLETE
2948,2948,inf,inf,2021-06-19 15:57:54.440507,2021-06-19 15:57:54.638535,0 days 00:00:00.198028,20,0.43774935396413883,10,9,30,26,58,"[1218, 2486]",COMPLETE
2949,2949,0.23557290342676557,2.7246835231781006,2021-06-19 15:57:54.641752,2021-06-19 15:57:57.380937,0 days 00:00:02.739185,10,0.7044121314824888,10,1,28,26,58,"[2486, 2659]",COMPLETE
2950,2950,0.22917978274211326,2.611213207244873,2021-06-19 15:57:57.383275,2021-06-19 15:58:00.045775,0 days 00:00:02.662500,20,0.7044121314824888,10,1,24,26,59,"[2209, 1159]",COMPLETE
2951,2951,0.2345758052458551,2.868199586868286,2021-06-19 15:58:00.048121,2021-06-19 15:58:02.920362,0 days 00:00:02.872241,20,0.775837870117549,10,15,30,22,59,"[2554, 745]",COMPLETE
2952,2952,0.22795631009117545,2.6100828647613525,2021-06-19 15:58:02.922710,2021-06-19 15:58:05.537402,0 days 00:00:02.614692,20,0.7044121314824888,10,13,28,26,59,"[1218, 2209]",COMPLETE
2953,2953,0.23010616125063116,2.5653626918792725,2021-06-19 15:58:05.539500,2021-06-19 15:58:08.108710,0 days 00:00:02.569210,20,0.775837870117549,10,1,30,26,59,"[1974, 1046]",COMPLETE
2954,2954,0.23300822411099242,2.7434909343719482,2021-06-19 15:58:08.110882,2021-06-19 15:58:10.858232,0 days 00:00:02.747350,20,0.7044121314824888,10,1,30,25,59,"[374, 2256]",COMPLETE
2955,2955,0.22987410979886946,2.5714123249053955,2021-06-19 15:58:10.860189,2021-06-19 15:58:13.435967,0 days 00:00:02.575778,20,0.8047024443354969,10,1,24,25,59,"[1312, 2229]",COMPLETE
2956,2956,0.2416129430896891,2.782979965209961,2021-06-19 15:58:13.437857,2021-06-19 15:58:16.224925,0 days 00:00:02.787068,10,0.603627004462215,10,15,13,25,59,"[2486, 316]",COMPLETE
2957,2957,0.2428560223337162,2.63425612449646,2021-06-19 15:58:16.226948,2021-06-19 15:58:18.865283,0 days 00:00:02.638335,20,0.8047024443354969,10,3,4,23,59,"[2215, 849]",COMPLETE
2958,2958,0.2312835197486252,2.63480806350708,2021-06-19 15:58:18.867620,2021-06-19 15:58:21.507017,0 days 00:00:02.639397,20,0.7044121314824888,10,11,30,26,59,"[1599, 2314]",COMPLETE
2959,2959,0.3037010910843867,4.720844507217407,2021-06-19 15:58:21.509443,2021-06-19 15:58:26.234396,0 days 00:00:04.724953,20,0.7100511651342796,2,15,30,25,59,"[2762, 1244]",COMPLETE
2960,2960,0.22606136814608327,2.6168177127838135,2021-06-19 15:58:26.236760,2021-06-19 15:58:28.857439,0 days 00:00:02.620679,20,0.7044121314824888,10,9,30,25,59,"[2495, 2229]",COMPLETE
2961,2961,0.23172272625964654,2.736354112625122,2021-06-19 15:58:28.859582,2021-06-19 15:58:31.599949,0 days 00:00:02.740367,20,0.7044121314824888,10,1,26,26,59,"[411, 2078]",COMPLETE
2962,2962,0.2395920457464209,2.5743637084960938,2021-06-19 15:58:31.602274,2021-06-19 15:58:34.180709,0 days 00:00:02.578435,20,0.7044121314824888,10,2,24,22,59,"[745, 2862]",COMPLETE
2963,2963,0.22518147286210677,2.633225202560425,2021-06-19 15:58:34.182698,2021-06-19 15:58:36.819958,0 days 00:00:02.637260,30,0.7044121314824888,10,9,30,26,59,"[1826, 908]",COMPLETE
2964,2964,0.23024405617851212,2.68237566947937,2021-06-19 15:58:36.822319,2021-06-19 15:58:39.508740,0 days 00:00:02.686421,20,0.775837870117549,10,1,30,25,59,"[2477, 2297]",COMPLETE
2965,2965,0.23366188217843184,2.5492448806762695,2021-06-19 15:58:39.510942,2021-06-19 15:58:42.064260,0 days 00:00:02.553318,10,0.7044121314824888,10,1,17,25,59,"[1929, 1028]",COMPLETE
2966,2966,0.23900791640551267,2.728785514831543,2021-06-19 15:58:42.066621,2021-06-19 15:58:44.799436,0 days 00:00:02.732815,10,0.7492482924832433,10,1,9,22,59,"[1735, 745]",COMPLETE
2967,2967,0.2563180196386847,2.9733424186706543,2021-06-19 15:58:44.801388,2021-06-19 15:58:47.778782,0 days 00:00:02.977394,20,0.7492482924832433,6,6,30,25,59,"[1389, 1389]",COMPLETE
2968,2968,0.23889344321344225,2.705167531967163,2021-06-19 15:58:47.781119,2021-06-19 15:58:50.490370,0 days 00:00:02.709251,30,0.603627004462215,10,1,8,26,59,"[2209, 316]",COMPLETE
2969,2969,0.26544284741022095,2.933181047439575,2021-06-19 15:58:50.492660,2021-06-19 15:58:53.429843,0 days 00:00:02.937183,10,0.7492482924832433,6,1,9,22,59,"[2826, 745]",COMPLETE
2970,2970,0.3436934338197049,4.447170734405518,2021-06-19 15:58:53.432142,2021-06-19 15:58:57.883579,0 days 00:00:04.451437,0,0.7044121314824888,2,9,30,9,59,"[1244, 1389]",COMPLETE
2971,2971,0.23557733497488867,2.7485899925231934,2021-06-19 15:58:57.885890,2021-06-19 15:59:00.638589,0 days 00:00:02.752699,60,0.7170856833331616,10,4,30,26,59,"[1046, 2712]",COMPLETE
2972,2972,0.2586406426443689,2.641669273376465,2021-06-19 15:59:00.640900,2021-06-19 15:59:03.286649,0 days 00:00:02.645749,0,0.7100511651342796,10,1,30,16,59,"[2762, 1735]",COMPLETE
2973,2973,0.31584572853046844,5.6081273555755615,2021-06-19 15:59:03.288990,2021-06-19 15:59:08.901918,0 days 00:00:05.612928,20,0.7492482924832433,1,1,27,25,59,"[1028, 2929]",COMPLETE
2974,2974,0.23444485774152118,2.5566747188568115,2021-06-19 15:59:08.904250,2021-06-19 15:59:11.464893,0 days 00:00:02.560643,10,0.7492482924832433,10,1,23,25,59,"[1028, 647]",COMPLETE
2975,2975,0.27107234451761686,3.112166166305542,2021-06-19 15:59:11.467258,2021-06-19 15:59:14.583820,0 days 00:00:03.116562,20,0.7044121314824888,5,1,30,25,59,"[2495, 2659]",COMPLETE
2976,2976,0.23504838826006968,2.7134957313537598,2021-06-19 15:59:14.586068,2021-06-19 15:59:17.303417,0 days 00:00:02.717349,20,0.7044121314824888,10,1,30,26,59,"[1218, 1135]",COMPLETE
2977,2977,0.23272260055356653,2.627013683319092,2021-06-19 15:59:17.305789,2021-06-19 15:59:19.936674,0 days 00:00:02.630885,20,0.7044121314824888,10,1,24,25,59,"[2063, 1205]",COMPLETE
2978,2978,0.23428191353451155,2.747283458709717,2021-06-19 15:59:19.939041,2021-06-19 15:59:22.690587,0 days 00:00:02.751546,90,0.6401834217961887,10,1,30,25,59,"[1897, 2063]",COMPLETE
2979,2979,0.2282342676173471,2.5863890647888184,2021-06-19 15:59:22.692983,2021-06-19 15:59:25.283338,0 days 00:00:02.590355,20,0.775837870117549,10,1,30,25,59,"[1826, 1416]",COMPLETE
2980,2980,0.2561967872603373,2.623326539993286,2021-06-19 15:59:25.285711,2021-06-19 15:59:27.913124,0 days 00:00:02.627413,100,0.7492482924832433,10,1,30,14,59,"[2477, 880]",COMPLETE
2981,2981,inf,inf,2021-06-19 15:59:27.915489,2021-06-19 15:59:28.171724,0 days 00:00:00.256235,20,0.46664987873279323,10,9,30,26,59,"[2297, 2256]",COMPLETE
2982,2982,0.23392634432497852,2.730499029159546,2021-06-19 15:59:28.175391,2021-06-19 15:59:30.918763,0 days 00:00:02.743372,20,0.8350615461643598,10,1,24,25,59,"[2063, 1727]",COMPLETE
2983,2983,0.23359302305790441,2.612912893295288,2021-06-19 15:59:30.921149,2021-06-19 15:59:33.538150,0 days 00:00:02.617001,20,0.8047024443354969,10,1,30,22,59,"[1745, 880]",COMPLETE
2984,2984,0.23150849608275414,2.6851415634155273,2021-06-19 15:59:33.540575,2021-06-19 15:59:36.229931,0 days 00:00:02.689356,20,0.7908949520847639,10,1,26,26,59,"[411, 900]",COMPLETE
2985,2985,0.23155213106589478,2.6059353351593018,2021-06-19 15:59:36.232083,2021-06-19 15:59:38.842043,0 days 00:00:02.609960,10,0.8438663737107022,10,7,30,25,59,"[2929, 1246]",COMPLETE
2986,2986,0.2936886101322137,2.5684235095977783,2021-06-19 15:59:38.844303,2021-06-19 15:59:41.416768,0 days 00:00:02.572465,60,0.7492482924832433,10,1,30,7,59,"[1897, 2712]",COMPLETE
2987,2987,0.23129649934719634,2.784543991088867,2021-06-19 15:59:41.419100,2021-06-19 15:59:44.207545,0 days 00:00:02.788445,20,0.7492482924832433,10,1,30,25,59,"[1389, 2465]",COMPLETE
2988,2988,0.22835240296862108,2.588512659072876,2021-06-19 15:59:44.209657,2021-06-19 15:59:46.802075,0 days 00:00:02.592418,20,0.775837870117549,10,1,30,25,59,"[2554, 1244]",COMPLETE
2989,2989,0.2418115021536624,2.7299232482910156,2021-06-19 15:59:46.804369,2021-06-19 15:59:49.538322,0 days 00:00:02.733953,20,0.7044121314824888,10,6,2,26,59,"[1205, 374]",COMPLETE
2990,2990,0.2312469481828715,2.6172420978546143,2021-06-19 15:59:49.540686,2021-06-19 15:59:52.162095,0 days 00:00:02.621409,90,0.7044121314824888,10,1,30,26,59,"[1046, 1674]",COMPLETE
2991,2991,0.22787682102433826,2.5335235595703125,2021-06-19 15:59:52.164296,2021-06-19 15:59:54.701775,0 days 00:00:02.537479,20,0.775837870117549,10,1,30,25,59,"[2554, 1735]",COMPLETE
2992,2992,inf,inf,2021-06-19 15:59:54.703986,2021-06-19 15:59:55.064768,0 days 00:00:00.360782,20,0.49318494582172007,10,9,26,24,59,"[1159, 411]",COMPLETE
2993,2993,0.23278740086332253,2.8102614879608154,2021-06-19 15:59:55.068543,2021-06-19 15:59:57.892004,0 days 00:00:02.823461,20,0.7044121314824888,10,9,30,25,59,"[2862, 1727]",COMPLETE
2994,2994,0.22733913056379335,2.641120433807373,2021-06-19 15:59:57.894416,2021-06-19 16:00:00.539817,0 days 00:00:02.645401,20,0.775837870117549,10,1,30,26,59,"[1599, 2297]",COMPLETE
2995,2995,0.2310168925233783,2.799518585205078,2021-06-19 16:00:00.542098,2021-06-19 16:00:03.345551,0 days 00:00:02.803453,10,0.7492482924832433,10,1,28,25,59,"[1897, 2659]",COMPLETE
2996,2996,0.3205512859925254,9.153292179107666,2021-06-19 16:00:03.347720,2021-06-19 16:00:12.505216,0 days 00:00:09.157496,10,0.8047024443354969,0,1,30,25,59,"[2229, 1006]",COMPLETE
2997,2997,0.24006887498764065,2.7241196632385254,2021-06-19 16:00:12.507099,2021-06-19 16:00:15.235344,0 days 00:00:02.728245,20,0.7044121314824888,10,5,4,26,59,"[900, 2209]",COMPLETE
2998,2998,inf,inf,2021-06-19 16:00:15.237312,2021-06-19 16:00:15.434330,0 days 00:00:00.197018,20,0.31402005205593164,9,9,30,16,59,"[2659, 1218]",COMPLETE
2999,2999,0.23152742376296914,2.557406187057495,2021-06-19 16:00:15.437610,2021-06-19 16:00:18.003628,0 days 00:00:02.566018,20,0.7044121314824888,10,1,30,25,59,"[2314, 2862]",COMPLETE
3000,3000,0.23470753704801237,2.7478697299957275,2021-06-19 16:00:18.005771,2021-06-19 16:01:32.535338,0 days 00:01:14.529567,20,0.7044121314824888,10,9,30,24,60,"[1159, 1244]",COMPLETE
3001,3001,0.2326658900369328,2.715916156768799,2021-06-19 16:01:32.538744,2021-06-19 16:01:35.259314,0 days 00:00:02.720570,20,0.899669187483134,10,15,24,25,60,"[2762, 2215]",COMPLETE
3002,3002,inf,inf,2021-06-19 16:01:35.261466,2021-06-19 16:01:35.453829,0 days 00:00:00.192363,20,0.3927356964666483,10,9,30,26,60,"[2862, 1218]",COMPLETE
3003,3003,0.23019096519490811,2.8113317489624023,2021-06-19 16:01:35.469941,2021-06-19 16:01:38.292626,0 days 00:00:02.822685,20,0.7100511651342796,10,15,30,26,60,"[1218, 2762]",COMPLETE
3004,3004,0.23988552029961388,2.914132595062256,2021-06-19 16:01:38.295016,2021-06-19 16:01:41.213206,0 days 00:00:02.918190,60,0.9804834361675399,10,1,30,25,60,"[1135, 2929]",COMPLETE
3005,3005,0.23535259297630134,2.7123539447784424,2021-06-19 16:01:41.215360,2021-06-19 16:01:43.931596,0 days 00:00:02.716236,40,0.8047024443354969,10,1,23,26,60,"[647, 647]",COMPLETE
3006,3006,0.23123480094105642,2.5968217849731445,2021-06-19 16:01:43.933922,2021-06-19 16:01:46.534847,0 days 00:00:02.600925,80,0.775837870117549,10,1,30,25,60,"[2297, 880]",COMPLETE
3007,3007,0.23783728115569122,2.711522102355957,2021-06-19 16:01:46.536893,2021-06-19 16:01:49.252882,0 days 00:00:02.715989,20,0.7492482924832433,10,1,15,27,60,"[1205, 2078]",COMPLETE
3008,3008,0.23236258307748356,2.582460403442383,2021-06-19 16:01:49.254769,2021-06-19 16:01:51.841164,0 days 00:00:02.586395,20,0.7492482924832433,10,1,30,25,60,"[2477, 1674]",COMPLETE
3009,3009,0.2306224272760242,2.763781785964966,2021-06-19 16:01:51.843112,2021-06-19 16:01:54.610630,0 days 00:00:02.767518,20,0.775837870117549,10,9,30,26,60,"[2297, 2297]",COMPLETE
3010,3010,0.22862418609638996,2.5727710723876953,2021-06-19 16:01:54.612934,2021-06-19 16:01:57.189627,0 days 00:00:02.576693,20,0.7044121314824888,10,1,30,25,60,"[1246, 1006]",COMPLETE
3011,3011,0.22908466120952964,2.6324756145477295,2021-06-19 16:01:57.191939,2021-06-19 16:01:59.828350,0 days 00:00:02.636411,20,0.7044121314824888,10,9,23,26,60,"[647, 908]",COMPLETE
3012,3012,0.23435722874191708,2.7094061374664307,2021-06-19 16:01:59.830691,2021-06-19 16:02:02.544132,0 days 00:00:02.713441,10,0.7598288459577744,10,1,22,25,60,"[849, 2215]",COMPLETE
3013,3013,0.23356174474472002,2.57064151763916,2021-06-19 16:02:02.546444,2021-06-19 16:02:05.120997,0 days 00:00:02.574553,20,0.7492482924832433,10,1,30,25,60,"[900, 1244]",COMPLETE
3014,3014,0.2272682833317731,2.771676778793335,2021-06-19 16:02:05.123413,2021-06-19 16:02:07.899619,0 days 00:00:02.776206,20,0.7044121314824888,10,9,30,25,60,"[2256, 2495]",COMPLETE
3015,3015,0.23156044614747187,2.6030874252319336,2021-06-19 16:02:07.901905,2021-06-19 16:02:10.508911,0 days 00:00:02.607006,20,0.7044121314824888,10,1,30,25,60,"[1929, 2991]",COMPLETE
3016,3016,0.23849942015930417,2.649587631225586,2021-06-19 16:02:10.511531,2021-06-19 16:02:13.165526,0 days 00:00:02.653995,30,0.6415492259649922,10,9,30,23,60,"[849, 2960]",COMPLETE
