,number,values_0,values_1,datetime_start,datetime_complete,duration,params_checks,params_n_ratio,params_nskip,params_trees,params_w1,params_w2,system_attrs_nsga2:generation,system_attrs_nsga2:parents,state
8710,8710,0.25776232583696945,2.7579524517059326,2021-06-19 21:25:45.512373,2021-06-19 21:25:48.280839,0 days 00:00:02.768466,10,0.8569387223344127,10,1,30,14,174,"[880, 316]",COMPLETE
8711,8711,0.23234994415425259,2.595656633377075,2021-06-19 21:25:48.285393,2021-06-19 21:25:50.891203,0 days 00:00:02.605810,20,0.7044121314824888,10,1,30,25,174,"[8532, 4236]",COMPLETE
8712,8712,0.23282661059376444,2.5535635948181152,2021-06-19 21:25:50.895893,2021-06-19 21:25:53.459950,0 days 00:00:02.564057,40,0.6648689429864532,10,1,30,25,174,"[1159, 6968]",COMPLETE
8713,8713,0.2835345254992584,3.350006103515625,2021-06-19 21:25:53.464589,2021-06-19 21:25:56.825133,0 days 00:00:03.360544,20,0.775837870117549,4,2,30,26,174,"[7631, 5654]",COMPLETE
8714,8714,0.23048244323249997,2.8136179447174072,2021-06-19 21:25:56.829795,2021-06-19 21:25:59.653695,0 days 00:00:02.823900,20,0.8047024443354969,10,1,30,25,174,"[8531, 7871]",COMPLETE
8715,8715,0.22903108299525968,2.603710412979126,2021-06-19 21:25:59.658405,2021-06-19 21:26:02.272445,0 days 00:00:02.614040,20,0.775837870117549,10,1,30,25,174,"[3082, 5145]",COMPLETE
8716,8716,0.23858529147908403,2.8185086250305176,2021-06-19 21:26:02.277435,2021-06-19 21:26:05.107329,0 days 00:00:02.829894,20,0.7044121314824888,10,2,30,26,174,"[2209, 8595]",COMPLETE
8717,8717,0.22786971208718176,2.692908525466919,2021-06-19 21:26:05.111860,2021-06-19 21:26:07.815053,0 days 00:00:02.703193,20,0.7044121314824888,10,11,30,25,174,"[3100, 8614]",COMPLETE
8718,8718,0.23359357592997096,2.5781757831573486,2021-06-19 21:26:07.819577,2021-06-19 21:26:10.408317,0 days 00:00:02.588740,30,0.775837870117549,10,1,30,26,174,"[7631, 8532]",COMPLETE
8719,8719,0.2942823471699404,4.712175607681274,2021-06-19 21:26:10.413016,2021-06-19 21:26:15.136040,0 days 00:00:04.723024,40,0.7044121314824888,2,9,23,26,174,"[7926, 1244]",COMPLETE
8720,8720,0.2251141188658641,2.612607955932617,2021-06-19 21:26:15.140731,2021-06-19 21:26:17.763779,0 days 00:00:02.623048,20,0.775837870117549,10,1,30,25,174,"[880, 8614]",COMPLETE
8721,8721,0.2623661724443037,2.834362506866455,2021-06-19 21:26:17.768372,2021-06-19 21:26:20.613308,0 days 00:00:02.844936,20,0.9592423175513045,10,1,30,13,174,"[849, 3260]",COMPLETE
8722,8722,0.23138348474423973,2.784026861190796,2021-06-19 21:26:20.617813,2021-06-19 21:26:23.412651,0 days 00:00:02.794838,10,0.8488507621749006,10,1,24,26,174,"[5379, 5654]",COMPLETE
8723,8723,0.3145501552841354,5.526008367538452,2021-06-19 21:26:23.417107,2021-06-19 21:26:28.953590,0 days 00:00:05.536483,40,0.7044121314824888,1,1,30,25,174,"[4781, 8333]",COMPLETE
8724,8724,0.22815624087566969,2.653106689453125,2021-06-19 21:26:28.958320,2021-06-19 21:26:31.622017,0 days 00:00:02.663697,90,0.775837870117549,10,1,30,25,174,"[6968, 4236]",COMPLETE
8725,8725,0.24057967662856064,3.133424758911133,2021-06-19 21:26:31.626750,2021-06-19 21:26:34.770745,0 days 00:00:03.143995,20,0.9896495866633466,10,1,12,25,174,"[5379, 8498]",COMPLETE
8726,8726,0.23073690669197844,2.601318836212158,2021-06-19 21:26:34.775293,2021-06-19 21:26:37.387165,0 days 00:00:02.611872,60,0.7492482924832433,10,1,23,26,174,"[2078, 2078]",COMPLETE
8727,8727,0.22897444547426243,2.563964366912842,2021-06-19 21:26:37.391869,2021-06-19 21:26:39.966474,0 days 00:00:02.574605,20,0.775837870117549,10,1,30,26,174,"[2991, 7005]",COMPLETE
8728,8728,0.30193604878396463,4.675041913986206,2021-06-19 21:26:39.970973,2021-06-19 21:26:44.656685,0 days 00:00:04.685712,20,0.775837870117549,2,8,30,25,174,"[6351, 4781]",COMPLETE
8729,8729,0.23468292709991764,2.58908748626709,2021-06-19 21:26:44.661169,2021-06-19 21:26:47.260658,0 days 00:00:02.599489,20,0.775837870117549,10,1,16,25,174,"[8614, 1929]",COMPLETE
8730,8730,inf,inf,2021-06-19 21:26:47.265233,2021-06-19 21:26:47.421225,0 days 00:00:00.155992,10,0.4072339177436468,10,1,30,25,174,"[5654, 1389]",COMPLETE
8731,8731,0.2772938639996157,3.3116655349731445,2021-06-19 21:26:47.430910,2021-06-19 21:26:50.784532,0 days 00:00:03.353622,20,0.7044121314824888,4,1,30,25,174,"[1244, 3100]",COMPLETE
8732,8732,0.22906827633123925,2.7800307273864746,2021-06-19 21:26:50.789272,2021-06-19 21:26:53.579702,0 days 00:00:02.790430,20,0.775837870117549,10,1,30,25,174,"[8433, 7926]",COMPLETE
8733,8733,0.23430558281565625,2.60176157951355,2021-06-19 21:26:53.584294,2021-06-19 21:26:56.196584,0 days 00:00:02.612290,20,0.7492482924832433,10,1,23,26,174,"[5145, 900]",COMPLETE
8734,8734,0.23160421769041034,2.5442874431610107,2021-06-19 21:26:56.201315,2021-06-19 21:26:58.756509,0 days 00:00:02.555194,40,0.6699587588897628,10,1,23,25,174,"[5145, 3760]",COMPLETE
8735,8735,0.2686607427318761,2.7828147411346436,2021-06-19 21:26:58.761316,2021-06-19 21:27:01.554925,0 days 00:00:02.793609,40,0.7492482924832433,10,1,30,10,174,"[880, 2991]",COMPLETE
8736,8736,0.22844987396206937,2.602766275405884,2021-06-19 21:27:01.559513,2021-06-19 21:27:04.172573,0 days 00:00:02.613060,20,0.775837870117549,10,1,30,26,174,"[6351, 7005]",COMPLETE
8737,8737,0.23451494513132906,2.5730156898498535,2021-06-19 21:27:04.177227,2021-06-19 21:27:06.760647,0 days 00:00:02.583420,20,0.775837870117549,10,1,30,25,174,"[8673, 6592]",COMPLETE
8738,8738,0.22702691624778507,2.5817787647247314,2021-06-19 21:27:06.765388,2021-06-19 21:27:09.357366,0 days 00:00:02.591978,20,0.775837870117549,10,1,25,25,174,"[7631, 8256]",COMPLETE
8739,8739,0.2319964282808403,2.767824649810791,2021-06-19 21:27:09.362132,2021-06-19 21:27:12.140423,0 days 00:00:02.778291,20,0.7492482924832433,10,1,24,25,174,"[6763, 900]",COMPLETE
8740,8740,0.23271938200424527,2.628105401992798,2021-06-19 21:27:12.145064,2021-06-19 21:27:14.783773,0 days 00:00:02.638709,60,0.775837870117549,10,2,30,28,174,"[8595, 7631]",COMPLETE
8741,8741,0.26399138753211054,3.1630375385284424,2021-06-19 21:27:14.788233,2021-06-19 21:27:17.961714,0 days 00:00:03.173481,20,0.775837870117549,6,1,15,25,174,"[8498, 8261]",COMPLETE
8742,8742,0.23038338418183665,2.5911903381347656,2021-06-19 21:27:17.966157,2021-06-19 21:27:20.567771,0 days 00:00:02.601614,20,0.775837870117549,10,1,30,25,174,"[6968, 7631]",COMPLETE
8743,8743,0.23302664936148507,2.5805375576019287,2021-06-19 21:27:20.572464,2021-06-19 21:27:23.163418,0 days 00:00:02.590954,20,0.7492482924832433,10,3,23,25,174,"[2063, 2078]",COMPLETE
8744,8744,0.24458568666779754,2.922771453857422,2021-06-19 21:27:23.168210,2021-06-19 21:27:26.101416,0 days 00:00:02.933206,20,0.7492482924832433,8,1,24,25,174,"[880, 900]",COMPLETE
8745,8745,0.23948596320744256,2.6073763370513916,2021-06-19 21:27:26.105961,2021-06-19 21:27:28.723774,0 days 00:00:02.617813,10,0.7044121314824888,10,1,7,25,174,"[1244, 1028]",COMPLETE
8746,8746,0.2304063163166893,2.616434097290039,2021-06-19 21:27:28.728394,2021-06-19 21:27:31.355668,0 days 00:00:02.627274,20,0.7820174560131653,10,5,30,25,174,"[1389, 1929]",COMPLETE
8747,8747,0.2383053466453747,2.7414422035217285,2021-06-19 21:27:31.360273,2021-06-19 21:27:34.112262,0 days 00:00:02.751989,20,0.7044121314824888,8,1,23,26,174,"[2078, 4781]",COMPLETE
8748,8748,0.2292262065798632,2.7721681594848633,2021-06-19 21:27:34.117220,2021-06-19 21:27:36.900792,0 days 00:00:02.783572,20,0.775837870117549,10,1,24,25,174,"[2063, 8595]",COMPLETE
8749,8749,inf,inf,2021-06-19 21:27:36.905262,2021-06-19 21:27:37.120868,0 days 00:00:00.215606,20,0.3970828840190608,5,1,10,25,174,"[8614, 2063]",COMPLETE
8750,8750,0.2302064999640028,2.575568914413452,2021-06-19 21:27:37.133223,2021-06-19 21:27:39.799353,0 days 00:00:02.666130,70,0.775837870117549,10,1,30,26,175,"[7005, 5379]",COMPLETE
8751,8751,inf,inf,2021-06-19 21:27:39.804036,2021-06-19 21:27:40.200854,0 days 00:00:00.396818,20,0.528824302449341,10,1,30,26,175,"[8433, 6351]",COMPLETE
8752,8752,0.2299841721385864,2.7249257564544678,2021-06-19 21:27:40.221487,2021-06-19 21:27:42.978027,0 days 00:00:02.756540,20,0.8047024443354969,10,1,25,25,175,"[8256, 8720]",COMPLETE
8753,8753,0.22760332571910477,2.6127424240112305,2021-06-19 21:27:42.982637,2021-06-19 21:27:45.605748,0 days 00:00:02.623111,20,0.775837870117549,10,12,30,25,175,"[7631, 8673]",COMPLETE
8754,8754,0.26116692874206077,2.579956293106079,2021-06-19 21:27:45.610371,2021-06-19 21:27:48.201240,0 days 00:00:02.590869,20,0.6281597458467965,10,1,18,16,175,"[8333, 8595]",COMPLETE
8755,8755,0.23264185423758077,2.576474189758301,2021-06-19 21:27:48.205948,2021-06-19 21:27:50.792760,0 days 00:00:02.586812,20,0.8047024443354969,10,1,30,25,175,"[8727, 2063]",COMPLETE
8756,8756,0.22897129897458796,2.826805591583252,2021-06-19 21:27:50.797564,2021-06-19 21:27:53.635306,0 days 00:00:02.837742,20,0.775837870117549,10,9,30,26,175,"[7926, 8416]",COMPLETE
8757,8757,0.23450384871278493,2.590603828430176,2021-06-19 21:27:53.640048,2021-06-19 21:27:56.240911,0 days 00:00:02.600863,20,0.775837870117549,10,2,30,25,175,"[8498, 8595]",COMPLETE
8758,8758,0.23349635377607636,2.608691692352295,2021-06-19 21:27:56.245687,2021-06-19 21:27:58.864601,0 days 00:00:02.618914,20,0.775837870117549,10,2,30,25,175,"[8595, 7005]",COMPLETE
8759,8759,0.22953199076439304,2.776275873184204,2021-06-19 21:27:58.869208,2021-06-19 21:28:01.655900,0 days 00:00:02.786692,20,0.775837870117549,10,1,24,26,175,"[5145, 2209]",COMPLETE
8760,8760,0.24038978461658955,2.7525386810302734,2021-06-19 21:28:01.660603,2021-06-19 21:28:04.423835,0 days 00:00:02.763232,20,0.775837870117549,8,1,30,25,175,"[5145, 5145]",COMPLETE
8761,8761,0.2319075306586672,2.547358512878418,2021-06-19 21:28:04.428389,2021-06-19 21:28:06.986189,0 days 00:00:02.557800,20,0.7044121314824888,10,1,24,26,175,"[3260, 900]",COMPLETE
8762,8762,0.25956058827541495,2.817128896713257,2021-06-19 21:28:06.990771,2021-06-19 21:28:09.818421,0 days 00:00:02.827650,40,0.775837870117549,10,1,30,15,175,"[2209, 3760]",COMPLETE
8763,8763,0.3536019388898974,8.915434122085571,2021-06-19 21:28:09.823145,2021-06-19 21:28:18.749195,0 days 00:00:08.926050,10,0.6415492259649922,0,1,22,10,175,"[849, 8256]",COMPLETE
8764,8764,0.2314514602184361,2.811068534851074,2021-06-19 21:28:18.753867,2021-06-19 21:28:21.575508,0 days 00:00:02.821641,20,0.7044121314824888,10,1,30,25,175,"[3260, 4781]",COMPLETE
8765,8765,0.22824783063951118,2.6075375080108643,2021-06-19 21:28:21.580238,2021-06-19 21:28:24.199347,0 days 00:00:02.619109,60,0.775837870117549,10,1,30,25,175,"[8433, 8261]",COMPLETE
8766,8766,0.23178425172228315,2.541015625,2021-06-19 21:28:24.204021,2021-06-19 21:28:26.755671,0 days 00:00:02.551650,40,0.7073690738838199,10,1,30,25,175,"[8531, 6751]",COMPLETE
8767,8767,0.2315771276557929,2.7562057971954346,2021-06-19 21:28:26.760390,2021-06-19 21:28:29.526917,0 days 00:00:02.766527,20,0.7044121314824888,10,1,24,26,175,"[8024, 2209]",COMPLETE
8768,8768,0.23019497498341637,2.695962905883789,2021-06-19 21:28:29.531430,2021-06-19 21:28:32.238055,0 days 00:00:02.706625,50,0.775837870117549,10,1,30,26,175,"[6351, 1389]",COMPLETE
8769,8769,inf,inf,2021-06-19 21:28:32.242711,2021-06-19 21:28:32.533247,0 days 00:00:00.290536,20,0.45663503141228357,10,1,30,25,175,"[6763, 1929]",COMPLETE
8770,8770,inf,inf,2021-06-19 21:28:32.551593,2021-06-19 21:28:32.735601,0 days 00:00:00.184008,20,0.3267604059051183,10,1,23,25,175,"[7631, 2078]",COMPLETE
8771,8771,0.22977153333567713,2.6005942821502686,2021-06-19 21:28:32.763509,2021-06-19 21:28:35.391447,0 days 00:00:02.627938,20,0.775837870117549,10,5,30,25,175,"[1244, 5853]",COMPLETE
8772,8772,0.23254322820454223,2.7588746547698975,2021-06-19 21:28:35.396403,2021-06-19 21:28:38.165826,0 days 00:00:02.769423,20,0.775837870117549,10,1,23,25,175,"[4781, 5145]",COMPLETE
8773,8773,0.23256734842099544,2.5902187824249268,2021-06-19 21:28:38.170473,2021-06-19 21:28:40.771158,0 days 00:00:02.600685,20,0.6689192015766424,10,1,30,25,175,"[4943, 7770]",COMPLETE
8774,8774,0.23484015637555214,2.5342013835906982,2021-06-19 21:28:40.775842,2021-06-19 21:28:43.320373,0 days 00:00:02.544531,10,0.7044121314824888,10,1,30,25,175,"[880, 3100]",COMPLETE
8775,8775,0.2294251451652927,2.783029079437256,2021-06-19 21:28:43.325188,2021-06-19 21:28:46.118635,0 days 00:00:02.793447,20,0.775837870117549,10,1,30,26,175,"[7926, 4943]",COMPLETE
8776,8776,0.22933264823331792,2.5612196922302246,2021-06-19 21:28:46.123213,2021-06-19 21:28:48.694916,0 days 00:00:02.571703,20,0.775837870117549,10,1,25,26,175,"[6968, 6835]",COMPLETE
8777,8777,inf,inf,2021-06-19 21:28:48.699554,2021-06-19 21:28:48.870090,0 days 00:00:00.170536,30,0.3011440689584965,10,16,8,25,175,"[7926, 7631]",COMPLETE
8778,8778,0.22791149166902838,2.649315357208252,2021-06-19 21:28:48.892907,2021-06-19 21:28:51.588490,0 days 00:00:02.695583,40,0.7492482924832433,10,10,30,25,175,"[1244, 6763]",COMPLETE
8779,8779,0.23127022987946783,2.8392462730407715,2021-06-19 21:28:51.593315,2021-06-19 21:28:54.442845,0 days 00:00:02.849530,20,0.775837870117549,10,1,21,26,175,"[6835, 6835]",COMPLETE
8780,8780,0.2411702319407763,2.589157819747925,2021-06-19 21:28:54.447478,2021-06-19 21:28:57.047356,0 days 00:00:02.599878,20,0.7492482924832433,10,1,3,25,175,"[8673, 880]",COMPLETE
8781,8781,0.27248813689312035,3.079465627670288,2021-06-19 21:28:57.052198,2021-06-19 21:29:00.142439,0 days 00:00:03.090241,20,0.775837870117549,5,1,30,25,175,"[6968, 880]",COMPLETE
8782,8782,0.23349069925378577,2.841872215270996,2021-06-19 21:29:00.147182,2021-06-19 21:29:02.999526,0 days 00:00:02.852344,20,0.7044121314824888,10,1,29,25,175,"[5853, 4781]",COMPLETE
8783,8783,0.23167617976953958,2.5992658138275146,2021-06-19 21:29:03.004218,2021-06-19 21:29:05.614075,0 days 00:00:02.609857,20,0.775837870117549,10,1,30,25,175,"[880, 8673]",COMPLETE
8784,8784,0.23085342211343501,2.607666254043579,2021-06-19 21:29:05.618836,2021-06-19 21:29:08.236882,0 days 00:00:02.618046,20,0.8047024443354969,10,1,24,25,175,"[2063, 1028]",COMPLETE
8785,8785,0.23179068065870412,2.6766128540039062,2021-06-19 21:29:08.241593,2021-06-19 21:29:10.928743,0 days 00:00:02.687150,20,0.7044121314824888,10,16,30,26,175,"[2963, 7005]",COMPLETE
8786,8786,0.23621070165171595,3.10098934173584,2021-06-19 21:29:10.933439,2021-06-19 21:29:14.045082,0 days 00:00:03.111643,40,0.9812151110691489,10,1,17,25,175,"[5145, 6751]",COMPLETE
8787,8787,0.27707996693405046,3.1855010986328125,2021-06-19 21:29:14.049711,2021-06-19 21:29:17.245819,0 days 00:00:03.196108,20,0.775837870117549,5,1,30,23,175,"[5145, 849]",COMPLETE
8788,8788,0.22942979161300125,2.8076443672180176,2021-06-19 21:29:17.250568,2021-06-19 21:29:20.068908,0 days 00:00:02.818340,20,0.775837870117549,10,1,30,25,175,"[3082, 8720]",COMPLETE
8789,8789,0.32797895562986196,2.6148033142089844,2021-06-19 21:29:20.073622,2021-06-19 21:29:22.699113,0 days 00:00:02.625491,20,0.7044121314824888,10,1,30,4,175,"[1929, 3100]",COMPLETE
8790,8790,0.2329342005525527,2.5809125900268555,2021-06-19 21:29:22.703910,2021-06-19 21:29:25.295529,0 days 00:00:02.591619,10,0.8047024443354969,10,1,24,25,175,"[8024, 2063]",COMPLETE
8791,8791,0.3632451663129569,2.565502166748047,2021-06-19 21:29:25.300175,2021-06-19 21:29:27.876283,0 days 00:00:02.576108,20,0.7044121314824888,10,2,30,0,175,"[3260, 8673]",COMPLETE
8792,8792,0.23800438161649654,2.7570762634277344,2021-06-19 21:29:27.880733,2021-06-19 21:29:30.648767,0 days 00:00:02.768034,50,0.775837870117549,10,1,25,21,175,"[8738, 8333]",COMPLETE
8793,8793,0.22695447226642237,2.592297315597534,2021-06-19 21:29:30.653195,2021-06-19 21:29:33.255691,0 days 00:00:02.602496,20,0.775837870117549,10,1,30,25,175,"[8720, 8720]",COMPLETE
8794,8794,0.27625451412224705,2.7807137966156006,2021-06-19 21:29:33.260455,2021-06-19 21:29:36.051936,0 days 00:00:02.791481,20,0.8047024443354969,10,1,2,12,175,"[2063, 3760]",COMPLETE
8795,8795,inf,inf,2021-06-19 21:29:36.056477,2021-06-19 21:29:36.536788,0 days 00:00:00.480311,20,0.5694953994471145,10,14,24,25,175,"[2063, 1929]",COMPLETE
8796,8796,0.23623269817001272,2.640965223312378,2021-06-19 21:29:36.569416,2021-06-19 21:29:39.234738,0 days 00:00:02.665322,100,0.775837870117549,10,1,23,28,175,"[8627, 2078]",COMPLETE
8797,8797,0.23238192843144262,2.5702052116394043,2021-06-19 21:29:39.239438,2021-06-19 21:29:41.819928,0 days 00:00:02.580490,20,0.7492482924832433,10,1,30,26,175,"[6763, 8727]",COMPLETE
8798,8798,0.2278159097665544,2.5655415058135986,2021-06-19 21:29:41.824554,2021-06-19 21:29:44.400518,0 days 00:00:02.575964,20,0.775837870117549,10,1,30,25,175,"[8498, 7631]",COMPLETE
8799,8799,0.23259935904608456,2.791656970977783,2021-06-19 21:29:44.404958,2021-06-19 21:29:47.207225,0 days 00:00:02.802267,20,0.7492482924832433,10,1,23,26,175,"[2078, 5853]",COMPLETE
8800,8800,0.2375849488123559,2.5447728633880615,2021-06-19 21:29:47.212084,2021-06-19 21:31:01.198669,0 days 00:01:13.986585,20,0.6415492259649922,10,1,30,25,176,"[849, 5853]",COMPLETE
8801,8801,0.2648887356544639,2.9513449668884277,2021-06-19 21:31:01.215188,2021-06-19 21:31:04.180329,0 days 00:00:02.965141,40,0.775837870117549,10,16,24,15,176,"[6751, 2209]",COMPLETE
8802,8802,0.22989549468916307,2.697920083999634,2021-06-19 21:31:04.184902,2021-06-19 21:31:06.893290,0 days 00:00:02.708388,20,0.775837870117549,10,14,30,25,176,"[5853, 8531]",COMPLETE
8803,8803,0.23116716245673607,2.6503124237060547,2021-06-19 21:31:06.898175,2021-06-19 21:31:09.559599,0 days 00:00:02.661424,30,0.7044121314824888,10,9,30,26,176,"[2963, 3100]",COMPLETE
8804,8804,inf,inf,2021-06-19 21:31:09.564654,2021-06-19 21:31:09.969397,0 days 00:00:00.404743,20,0.4769409199630963,4,9,30,25,176,"[1244, 1244]",COMPLETE
8805,8805,0.3146274817200971,5.6236913204193115,2021-06-19 21:31:09.982167,2021-06-19 21:31:15.632571,0 days 00:00:05.650404,10,0.6241976613342805,1,1,30,25,176,"[4781, 316]",COMPLETE
8806,8806,0.2322074910669312,2.519011974334717,2021-06-19 21:31:15.636856,2021-06-19 21:31:18.166300,0 days 00:00:02.529444,20,0.7044121314824888,10,1,30,25,176,"[1159, 2991]",COMPLETE
8807,8807,0.2281493652988964,2.5408127307891846,2021-06-19 21:31:18.171003,2021-06-19 21:31:20.722230,0 days 00:00:02.551227,20,0.775837870117549,10,1,26,26,176,"[8532, 8532]",COMPLETE
8808,8808,0.2689271049495647,2.539640188217163,2021-06-19 21:31:20.726954,2021-06-19 21:31:23.277197,0 days 00:00:02.550243,20,0.775837870117549,10,1,24,14,176,"[2078, 3760]",COMPLETE
8809,8809,0.276095456923576,2.75766921043396,2021-06-19 21:31:23.281461,2021-06-19 21:31:26.049541,0 days 00:00:02.768080,20,0.775837870117549,10,1,30,9,176,"[8333, 900]",COMPLETE
8810,8810,inf,inf,2021-06-19 21:31:26.053806,2021-06-19 21:31:26.232450,0 days 00:00:00.178644,20,0.3671858069630556,10,1,30,29,176,"[8595, 8433]",COMPLETE
8811,8811,0.22899718072623687,2.570221185684204,2021-06-19 21:31:26.247952,2021-06-19 21:31:28.852710,0 days 00:00:02.604758,20,0.775837870117549,10,1,30,26,176,"[8498, 6351]",COMPLETE
8812,8812,0.31497067841586573,5.6512291431427,2021-06-19 21:31:28.857261,2021-06-19 21:31:34.519176,0 days 00:00:05.661915,20,0.775837870117549,1,1,30,24,176,"[7926, 1159]",COMPLETE
8813,8813,0.2308377173604451,2.551536798477173,2021-06-19 21:31:34.523876,2021-06-19 21:31:37.086036,0 days 00:00:02.562160,20,0.7492482924832433,10,1,30,26,176,"[7770, 2078]",COMPLETE
8814,8814,inf,inf,2021-06-19 21:31:37.090699,2021-06-19 21:31:37.579559,0 days 00:00:00.488860,100,0.603627004462215,10,1,26,25,176,"[6968, 316]",COMPLETE
8815,8815,0.22780853601785395,2.5650246143341064,2021-06-19 21:31:37.603106,2021-06-19 21:31:40.194770,0 days 00:00:02.591664,20,0.775837870117549,10,1,30,26,176,"[7005, 8798]",COMPLETE
8816,8816,0.2319795335191329,2.541360378265381,2021-06-19 21:31:40.199607,2021-06-19 21:31:42.751643,0 days 00:00:02.552036,20,0.6316920218601236,10,1,25,25,176,"[7770, 8256]",COMPLETE
8817,8817,0.23157741878310928,2.829908847808838,2021-06-19 21:31:42.756380,2021-06-19 21:31:45.596757,0 days 00:00:02.840377,30,0.8551149249215704,10,9,30,24,176,"[1159, 2963]",COMPLETE
8818,8818,0.2511441544093655,2.999973773956299,2021-06-19 21:31:45.601472,2021-06-19 21:31:48.612148,0 days 00:00:03.010676,20,0.9426195059184923,7,7,30,25,176,"[5853, 8720]",COMPLETE
8819,8819,0.28719605531575376,3.1717889308929443,2021-06-19 21:31:48.617358,2021-06-19 21:31:51.800124,0 days 00:00:03.182766,30,0.7044121314824888,7,9,19,12,176,"[2963, 6751]",COMPLETE
8820,8820,0.24271970369246454,2.6912686824798584,2021-06-19 21:31:51.804764,2021-06-19 21:31:54.506859,0 days 00:00:02.702095,0,0.775837870117549,10,1,13,25,176,"[880, 6592]",COMPLETE
8821,8821,inf,inf,2021-06-19 21:31:54.511538,2021-06-19 21:31:54.839261,0 days 00:00:00.327723,10,0.5210316407039767,10,1,10,22,176,"[7005, 3100]",COMPLETE
8822,8822,0.22920053505869084,2.6055243015289307,2021-06-19 21:31:54.858739,2021-06-19 21:31:57.493938,0 days 00:00:02.635199,20,0.7044121314824888,10,9,30,25,176,"[3260, 4943]",COMPLETE
8823,8823,0.2583393807828845,2.821230411529541,2021-06-19 21:31:57.498651,2021-06-19 21:32:00.330781,0 days 00:00:02.832130,10,0.7492482924832433,10,12,30,15,176,"[1389, 2991]",COMPLETE
8824,8824,0.22667515867059201,2.5790841579437256,2021-06-19 21:32:00.335268,2021-06-19 21:32:02.924842,0 days 00:00:02.589574,20,0.775837870117549,10,1,30,25,176,"[8256, 5853]",COMPLETE
8825,8825,0.2305131910700641,2.5928268432617188,2021-06-19 21:32:02.929571,2021-06-19 21:32:05.533144,0 days 00:00:02.603573,80,0.6415492259649922,10,1,22,25,176,"[1028, 849]",COMPLETE
8826,8826,0.22830223323239118,2.7860159873962402,2021-06-19 21:32:05.537916,2021-06-19 21:32:08.334692,0 days 00:00:02.796776,40,0.775837870117549,10,1,30,26,176,"[6751, 6835]",COMPLETE
8827,8827,0.2329535114231582,2.562849998474121,2021-06-19 21:32:08.339242,2021-06-19 21:32:10.912723,0 days 00:00:02.573481,10,0.775837870117549,10,1,30,25,176,"[880, 8433]",COMPLETE
8828,8828,inf,inf,2021-06-19 21:32:10.917575,2021-06-19 21:32:11.106713,0 days 00:00:00.189138,20,0.37646365931389575,10,1,24,26,176,"[7005, 2209]",COMPLETE
