,number,values_0,values_1,datetime_start,datetime_complete,duration,params_checks,params_n_ratio,params_nskip,params_trees,params_w1,params_w2,system_attrs_nsga2:generation,system_attrs_nsga2:parents,state
8355,8355,inf,inf,2021-06-19 21:04:46.345109,2021-06-19 21:04:46.974246,0 days 00:00:00.629137,20,0.40329758218391687,0,1,30,26,167,"[5379, 3082]",COMPLETE
8356,8356,0.2330655518080454,2.78437876701355,2021-06-19 21:04:46.981757,2021-06-19 21:04:49.786814,0 days 00:00:02.805057,40,0.7044121314824888,10,1,30,25,167,"[3100, 8074]",COMPLETE
8357,8357,0.22965110227862193,2.720224380493164,2021-06-19 21:04:49.790958,2021-06-19 21:04:52.521183,0 days 00:00:02.730225,30,0.775837870117549,9,9,30,26,167,"[6835, 2963]",COMPLETE
8358,8358,0.2417600560094526,2.8049473762512207,2021-06-19 21:04:52.525721,2021-06-19 21:04:55.341693,0 days 00:00:02.815972,40,0.7044121314824888,8,15,30,25,167,"[5495, 4419]",COMPLETE
8359,8359,0.23450805278506245,2.763554573059082,2021-06-19 21:04:55.346198,2021-06-19 21:04:58.119745,0 days 00:00:02.773547,20,0.7492482924832433,10,1,23,25,167,"[2078, 4419]",COMPLETE
8360,8360,0.2697757077967495,2.615756034851074,2021-06-19 21:04:58.124130,2021-06-19 21:05:00.749822,0 days 00:00:02.625692,20,0.7044121314824888,10,9,30,15,167,"[1244, 5145]",COMPLETE
8361,8361,0.23050894268102162,2.685823917388916,2021-06-19 21:05:00.754100,2021-06-19 21:05:03.449755,0 days 00:00:02.695655,40,0.775837870117549,10,3,30,26,167,"[6751, 6751]",COMPLETE
8362,8362,0.27221864739610857,3.298086166381836,2021-06-19 21:05:03.454447,2021-06-19 21:05:06.762784,0 days 00:00:03.308337,20,0.775837870117549,5,1,30,25,167,"[7770, 7519]",COMPLETE
8363,8363,0.22958439518736273,2.5346343517303467,2021-06-19 21:05:06.767175,2021-06-19 21:05:09.311659,0 days 00:00:02.544484,20,0.7044121314824888,10,1,30,26,167,"[4236, 6351]",COMPLETE
8364,8364,0.24180730246209375,2.5948097705841064,2021-06-19 21:05:09.316168,2021-06-19 21:05:11.920982,0 days 00:00:02.604814,20,0.775837870117549,10,1,5,26,167,"[6835, 8261]",COMPLETE
8365,8365,0.2309620477979494,2.5669186115264893,2021-06-19 21:05:11.925476,2021-06-19 21:05:14.502289,0 days 00:00:02.576813,20,0.7492482924832433,10,1,30,25,167,"[8024, 1389]",COMPLETE
8366,8366,0.2281967843340034,2.7468209266662598,2021-06-19 21:05:14.506838,2021-06-19 21:05:17.263533,0 days 00:00:02.756695,20,0.775837870117549,10,1,30,25,167,"[6835, 8024]",COMPLETE
8367,8367,0.26366666093978147,3.0041635036468506,2021-06-19 21:05:17.268150,2021-06-19 21:05:20.282330,0 days 00:00:03.014180,20,0.7044121314824888,6,1,30,25,167,"[4781, 7770]",COMPLETE
8368,8368,0.24087570245530265,2.8066325187683105,2021-06-19 21:05:20.286897,2021-06-19 21:05:23.103632,0 days 00:00:02.816735,20,0.9051121691431026,10,1,30,30,167,"[411, 5654]",COMPLETE
8369,8369,0.23087118112706095,2.579920768737793,2021-06-19 21:05:23.107980,2021-06-19 21:05:25.697761,0 days 00:00:02.589781,70,0.7492482924832433,10,1,30,25,167,"[6763, 6763]",COMPLETE
8370,8370,0.2324259929328387,2.7823519706726074,2021-06-19 21:05:25.702218,2021-06-19 21:05:28.494470,0 days 00:00:02.792252,20,0.9463306085773424,10,1,30,25,167,"[5145, 5145]",COMPLETE
8371,8371,0.22617097019876495,2.7715556621551514,2021-06-19 21:05:28.499027,2021-06-19 21:05:31.280463,0 days 00:00:02.781436,20,0.775837870117549,10,1,30,25,167,"[5853, 5145]",COMPLETE
8372,8372,0.23300667749079798,2.5833346843719482,2021-06-19 21:05:31.284790,2021-06-19 21:05:33.878033,0 days 00:00:02.593243,20,0.7044121314824888,10,1,30,25,167,"[2209, 7519]",COMPLETE
8373,8373,0.22711144740300035,2.604252576828003,2021-06-19 21:05:33.882847,2021-06-19 21:05:36.498072,0 days 00:00:02.615225,20,0.8047024443354969,10,1,30,25,167,"[5641, 2063]",COMPLETE
8374,8374,0.2932058618505737,2.748798131942749,2021-06-19 21:05:36.502654,2021-06-19 21:05:39.261608,0 days 00:00:02.758954,30,0.7492482924832433,10,1,30,5,167,"[2078, 4943]",COMPLETE
8375,8375,0.25109478199967006,2.830989122390747,2021-06-19 21:05:39.266118,2021-06-19 21:05:42.107208,0 days 00:00:02.841090,20,0.775837870117549,7,1,17,25,167,"[3760, 900]",COMPLETE
8376,8376,0.23178182609072112,2.6304214000701904,2021-06-19 21:05:42.111776,2021-06-19 21:05:44.752529,0 days 00:00:02.640753,10,0.7492482924832433,10,14,23,25,167,"[3760, 1389]",COMPLETE
8377,8377,0.2436637636381813,2.5745718479156494,2021-06-19 21:05:44.757115,2021-06-19 21:05:47.341815,0 days 00:00:02.584700,60,0.775837870117549,10,1,0,25,167,"[2209, 3760]",COMPLETE
8378,8378,0.22882802973883581,2.74514102935791,2021-06-19 21:05:47.346187,2021-06-19 21:05:50.101292,0 days 00:00:02.755105,20,0.775837870117549,10,1,30,25,167,"[7926, 8333]",COMPLETE
8379,8379,inf,inf,2021-06-19 21:05:50.105736,2021-06-19 21:05:50.292957,0 days 00:00:00.187221,20,0.41517691940725754,10,1,30,25,167,"[3100, 3100]",COMPLETE
8380,8380,0.23327328929374305,2.601897954940796,2021-06-19 21:05:50.304444,2021-06-19 21:05:52.931402,0 days 00:00:02.626958,20,0.7044121314824888,10,5,30,25,167,"[8261, 3100]",COMPLETE
8381,8381,0.2548486461886582,2.759927749633789,2021-06-19 21:05:52.935875,2021-06-19 21:05:55.705894,0 days 00:00:02.770019,10,0.6415492259649922,10,1,22,18,167,"[849, 849]",COMPLETE
8382,8382,0.23169630102269564,2.569582939147949,2021-06-19 21:05:55.709980,2021-06-19 21:05:58.289254,0 days 00:00:02.579274,20,0.7321556091308238,10,1,30,25,167,"[5641, 5641]",COMPLETE
8383,8383,0.22960506796317215,2.6586530208587646,2021-06-19 21:05:58.293390,2021-06-19 21:06:00.962038,0 days 00:00:02.668648,10,0.890547886707409,10,4,30,25,167,"[6684, 1389]",COMPLETE
8384,8384,0.23379420610753585,2.769523859024048,2021-06-19 21:06:00.966290,2021-06-19 21:06:03.745715,0 days 00:00:02.779425,20,0.7044121314824888,10,1,30,25,167,"[4419, 1244]",COMPLETE
8385,8385,0.22993274068326686,2.5531089305877686,2021-06-19 21:06:03.750089,2021-06-19 21:06:06.313164,0 days 00:00:02.563075,20,0.7492482924832433,10,1,30,25,167,"[3260, 900]",COMPLETE
8386,8386,0.22826805764084435,2.5564329624176025,2021-06-19 21:06:06.317731,2021-06-19 21:06:08.892850,0 days 00:00:02.575119,20,0.7044121314824888,10,1,30,25,167,"[1159, 2991]",COMPLETE
8387,8387,0.22941609216475442,2.6555776596069336,2021-06-19 21:06:08.897044,2021-06-19 21:06:11.562614,0 days 00:00:02.665570,40,0.7044121314824888,10,1,24,26,167,"[5379, 8074]",COMPLETE
8388,8388,0.2279008116902643,2.7912774085998535,2021-06-19 21:06:11.567250,2021-06-19 21:06:14.368411,0 days 00:00:02.801161,20,0.775837870117549,10,1,30,24,167,"[2078, 7735]",COMPLETE
8389,8389,0.31057219206411874,5.456827640533447,2021-06-19 21:06:14.372989,2021-06-19 21:06:19.839962,0 days 00:00:05.466973,20,0.7044121314824888,1,1,30,25,167,"[6592, 1244]",COMPLETE
8390,8390,0.26161788606436154,3.1145379543304443,2021-06-19 21:06:19.844097,2021-06-19 21:06:22.968600,0 days 00:00:03.124503,20,0.775837870117549,6,1,30,26,167,"[6592, 7005]",COMPLETE
8391,8391,0.2314713524559792,2.598783016204834,2021-06-19 21:06:22.973031,2021-06-19 21:06:25.581791,0 days 00:00:02.608760,50,0.775837870117549,10,1,30,25,167,"[5145, 7735]",COMPLETE
8392,8392,0.2325214778725368,2.546346426010132,2021-06-19 21:06:25.586364,2021-06-19 21:06:28.142592,0 days 00:00:02.556228,10,0.7492482924832433,10,1,30,25,167,"[1389, 1389]",COMPLETE
8393,8393,0.2442074102796351,2.747342824935913,2021-06-19 21:06:28.147132,2021-06-19 21:06:30.904630,0 days 00:00:02.757498,20,0.8047024443354969,10,1,2,26,167,"[2063, 5654]",COMPLETE
8394,8394,0.23174935866719276,2.636903762817383,2021-06-19 21:06:30.909211,2021-06-19 21:06:33.556096,0 days 00:00:02.646885,20,0.7044121314824888,10,1,26,25,167,"[6219, 411]",COMPLETE
8395,8395,0.23429613133701363,2.6315104961395264,2021-06-19 21:06:33.560683,2021-06-19 21:06:36.202421,0 days 00:00:02.641738,20,0.7882872727772949,10,1,30,25,167,"[6684, 7631]",COMPLETE
8396,8396,0.22600565224432406,2.768585443496704,2021-06-19 21:06:36.207031,2021-06-19 21:06:38.985884,0 days 00:00:02.778853,20,0.8047024443354969,10,1,30,25,167,"[4943, 5641]",COMPLETE
8397,8397,0.2281726549897111,2.630040407180786,2021-06-19 21:06:38.990361,2021-06-19 21:06:41.630402,0 days 00:00:02.640041,20,0.7044121314824888,10,5,30,25,167,"[6684, 7770]",COMPLETE
8398,8398,0.2870468337190243,3.324449062347412,2021-06-19 21:06:41.634873,2021-06-19 21:06:44.969484,0 days 00:00:03.334611,20,0.7044121314824888,4,1,30,26,167,"[3260, 8074]",COMPLETE
8399,8399,0.24275697338945246,2.6467502117156982,2021-06-19 21:06:44.973687,2021-06-19 21:06:47.630565,0 days 00:00:02.656878,100,0.91971378293583,10,1,1,25,167,"[4236, 4943]",COMPLETE
8400,8400,0.2325912381995743,2.7435007095336914,2021-06-19 21:06:47.635260,2021-06-19 21:08:01.761862,0 days 00:01:14.126602,20,0.7988776751099023,10,1,30,26,168,"[6592, 5654]",COMPLETE
8401,8401,0.2321862508728756,2.693715810775757,2021-06-19 21:08:01.770986,2021-06-19 21:08:04.476684,0 days 00:00:02.705698,80,0.7044121314824888,10,1,21,25,168,"[5654, 3100]",COMPLETE
8402,8402,0.23601412394356286,2.8757057189941406,2021-06-19 21:08:04.481330,2021-06-19 21:08:07.367232,0 days 00:00:02.885902,70,0.6872849673044112,10,9,30,25,168,"[2963, 3082]",COMPLETE
8403,8403,0.23030652075860839,2.5643064975738525,2021-06-19 21:08:07.371736,2021-06-19 21:08:09.945901,0 days 00:00:02.574165,40,0.775837870117549,10,1,30,25,168,"[3082, 3760]",COMPLETE
8404,8404,0.26708027286664127,3.1093590259552,2021-06-19 21:08:09.950531,2021-06-19 21:08:13.070327,0 days 00:00:03.119796,20,0.775837870117549,6,13,30,24,168,"[8024, 1159]",COMPLETE
8405,8405,0.23795313839790033,2.751444101333618,2021-06-19 21:08:13.075029,2021-06-19 21:08:15.837583,0 days 00:00:02.762554,20,0.7044121314824888,10,1,11,23,168,"[849, 6684]",COMPLETE
8406,8406,0.23548953387134278,2.542279005050659,2021-06-19 21:08:15.842163,2021-06-19 21:08:18.394441,0 days 00:00:02.552278,10,0.7492482924832433,10,1,30,25,168,"[880, 880]",COMPLETE
8407,8407,0.22812147504787644,2.623692512512207,2021-06-19 21:08:18.399011,2021-06-19 21:08:21.032816,0 days 00:00:02.633805,20,0.775837870117549,10,11,30,25,168,"[6835, 6763]",COMPLETE
8408,8408,0.23196427849476917,2.8828272819519043,2021-06-19 21:08:21.037217,2021-06-19 21:08:23.930150,0 days 00:00:02.892933,30,0.7044121314824888,10,15,30,26,168,"[3100, 2963]",COMPLETE
8409,8409,0.2286535295355568,2.5790927410125732,2021-06-19 21:08:23.934486,2021-06-19 21:08:26.523910,0 days 00:00:02.589424,20,0.775837870117549,10,1,30,26,168,"[5145, 7631]",COMPLETE
8410,8410,0.23337526628762706,2.574251651763916,2021-06-19 21:08:26.528452,2021-06-19 21:08:29.112785,0 days 00:00:02.584333,20,0.7044121314824888,10,5,30,25,168,"[1929, 5853]",COMPLETE
8411,8411,0.23267348249687994,2.779649257659912,2021-06-19 21:08:29.117282,2021-06-19 21:08:31.907053,0 days 00:00:02.789771,40,0.8140973787799992,10,1,30,26,168,"[6351, 6751]",COMPLETE
8412,8412,0.3145251801009317,5.779951810836792,2021-06-19 21:08:31.911775,2021-06-19 21:08:37.702850,0 days 00:00:05.791075,20,0.7044121314824888,1,9,30,25,168,"[5852, 8074]",COMPLETE
8413,8413,0.22856252021436407,2.572127103805542,2021-06-19 21:08:37.707408,2021-06-19 21:08:40.289490,0 days 00:00:02.582082,20,0.775837870117549,10,1,30,26,168,"[7005, 8261]",COMPLETE
8414,8414,0.22866363153520974,2.8405213356018066,2021-06-19 21:08:40.294091,2021-06-19 21:08:43.144921,0 days 00:00:02.850830,30,0.7044121314824888,10,9,24,26,168,"[2963, 2209]",COMPLETE
8415,8415,0.23065382591347813,2.5987043380737305,2021-06-19 21:08:43.149373,2021-06-19 21:08:45.758112,0 days 00:00:02.608739,20,0.7044121314824888,10,9,23,25,168,"[2963, 7631]",COMPLETE
8416,8416,0.22842056795525992,2.530123472213745,2021-06-19 21:08:45.762564,2021-06-19 21:08:48.302749,0 days 00:00:02.540185,20,0.775837870117549,10,1,30,26,168,"[1929, 7005]",COMPLETE
8417,8417,inf,inf,2021-06-19 21:08:48.307231,2021-06-19 21:08:48.529065,0 days 00:00:00.221834,80,0.34948977293289174,10,1,9,26,168,"[2209, 6968]",COMPLETE
8418,8418,0.30245585890054755,2.723703145980835,2021-06-19 21:08:48.538114,2021-06-19 21:08:51.283158,0 days 00:00:02.745044,20,0.775837870117549,10,1,30,3,168,"[3100, 8024]",COMPLETE
8419,8419,0.22992174132562487,2.5650458335876465,2021-06-19 21:08:51.287680,2021-06-19 21:08:53.862843,0 days 00:00:02.575163,20,0.8047024443354969,10,1,30,25,168,"[3100, 6219]",COMPLETE
8420,8420,0.23284974959543356,2.73472261428833,2021-06-19 21:08:53.867081,2021-06-19 21:08:56.611778,0 days 00:00:02.744697,40,0.9506670946180034,10,1,26,25,168,"[411, 4419]",COMPLETE
8421,8421,0.22812699947738863,2.7641947269439697,2021-06-19 21:08:56.616315,2021-06-19 21:08:59.390459,0 days 00:00:02.774144,20,0.775837870117549,10,1,30,26,168,"[8261, 5654]",COMPLETE
8422,8422,0.23669631482718936,2.555147647857666,2021-06-19 21:08:59.394927,2021-06-19 21:09:01.960262,0 days 00:00:02.565335,40,0.6415492259649922,10,1,30,25,168,"[849, 3760]",COMPLETE
8423,8423,0.2273582520810491,2.6000523567199707,2021-06-19 21:09:01.964851,2021-06-19 21:09:04.574949,0 days 00:00:02.610098,40,0.775837870117549,10,1,30,25,168,"[6751, 6968]",COMPLETE
8424,8424,0.22786509139995445,2.5886409282684326,2021-06-19 21:09:04.579554,2021-06-19 21:09:07.178393,0 days 00:00:02.598839,20,0.7044121314824888,10,9,30,26,168,"[2963, 5495]",COMPLETE
8425,8425,0.23785287828849946,2.7237823009490967,2021-06-19 21:09:07.182639,2021-06-19 21:09:09.916563,0 days 00:00:02.733924,20,0.7492482924832433,10,1,12,25,168,"[1929, 900]",COMPLETE
8426,8426,0.23033946905636185,2.6032087802886963,2021-06-19 21:09:09.920740,2021-06-19 21:09:12.533999,0 days 00:00:02.613259,20,0.8737038770888046,10,1,26,25,168,"[411, 4419]",COMPLETE
8427,8427,inf,inf,2021-06-19 21:09:12.538404,2021-06-19 21:09:12.699810,0 days 00:00:00.161406,20,0.3311902443659253,10,1,30,25,168,"[4943, 3100]",COMPLETE
8428,8428,0.22918335286797492,2.8073205947875977,2021-06-19 21:09:12.722314,2021-06-19 21:09:15.555526,0 days 00:00:02.833212,20,0.775837870117549,10,1,30,24,168,"[7735, 7735]",COMPLETE
8429,8429,0.22863930080829326,2.6432125568389893,2021-06-19 21:09:15.560265,2021-06-19 21:09:18.214463,0 days 00:00:02.654198,20,0.775837870117549,10,9,30,26,168,"[2963, 6835]",COMPLETE
8430,8430,0.22938300246247328,2.5516908168792725,2021-06-19 21:09:18.218974,2021-06-19 21:09:20.780775,0 days 00:00:02.561801,20,0.7044121314824888,10,1,30,26,168,"[6751, 6684]",COMPLETE
8431,8431,0.24701317676468468,2.9037370681762695,2021-06-19 21:09:20.785304,2021-06-19 21:09:23.699222,0 days 00:00:02.913918,0,0.8047024443354969,10,1,30,25,168,"[4943, 6684]",COMPLETE
8432,8432,0.23736111881422628,2.5604782104492188,2021-06-19 21:09:23.703705,2021-06-19 21:09:26.274125,0 days 00:00:02.570420,20,0.7492482924832433,10,1,30,26,168,"[3760, 2078]",COMPLETE
8433,8433,0.22575342130843035,2.5498998165130615,2021-06-19 21:09:26.278694,2021-06-19 21:09:28.838767,0 days 00:00:02.560073,20,0.775837870117549,10,1,30,25,168,"[7770, 7770]",COMPLETE
8434,8434,0.24347313032910434,2.748701810836792,2021-06-19 21:09:28.843190,2021-06-19 21:09:31.602267,0 days 00:00:02.759077,20,0.775837870117549,10,1,2,25,168,"[1159, 5145]",COMPLETE
8435,8435,0.23505569519135325,2.5703530311584473,2021-06-19 21:09:31.606761,2021-06-19 21:09:34.187374,0 days 00:00:02.580613,20,0.775837870117549,10,1,30,29,168,"[7926, 4236]",COMPLETE
8436,8436,0.2315463589371567,2.6477012634277344,2021-06-19 21:09:34.191935,2021-06-19 21:09:36.849539,0 days 00:00:02.657604,30,0.7044121314824888,10,13,30,26,168,"[2963, 2963]",COMPLETE
8437,8437,0.25706520563253765,2.844132661819458,2021-06-19 21:09:36.853744,2021-06-19 21:09:39.708029,0 days 00:00:02.854285,100,0.7492482924832433,10,5,30,13,168,"[1028, 5641]",COMPLETE
8438,8438,0.22940200876715128,2.576148748397827,2021-06-19 21:09:39.712559,2021-06-19 21:09:42.298711,0 days 00:00:02.586152,40,0.7044121314824888,10,1,30,25,168,"[4419, 3260]",COMPLETE
8439,8439,0.22749103220106964,2.5958621501922607,2021-06-19 21:09:42.303281,2021-06-19 21:09:44.908989,0 days 00:00:02.605708,40,0.7492482924832433,10,1,30,26,168,"[8074, 2078]",COMPLETE
8440,8440,0.23234998337795967,2.7565298080444336,2021-06-19 21:09:44.913336,2021-06-19 21:09:47.679804,0 days 00:00:02.766468,20,0.7492482924832433,10,1,30,25,168,"[6592, 1389]",COMPLETE
8441,8441,0.2318238165072955,2.5700089931488037,2021-06-19 21:09:47.684528,2021-06-19 21:09:50.265467,0 days 00:00:02.580939,10,0.775837870117549,10,1,30,26,168,"[849, 6351]",COMPLETE
8442,8442,0.23387494264576955,2.648446798324585,2021-06-19 21:09:50.270106,2021-06-19 21:09:52.928838,0 days 00:00:02.658732,90,0.7044121314824888,10,1,13,25,168,"[6684, 1929]",COMPLETE
8443,8443,inf,inf,2021-06-19 21:09:52.933185,2021-06-19 21:09:53.584014,0 days 00:00:00.650829,20,0.4378240441676366,0,6,22,25,168,"[4781, 1929]",COMPLETE
8444,8444,0.23082851170350663,2.9488842487335205,2021-06-19 21:09:53.596695,2021-06-19 21:09:56.576036,0 days 00:00:02.979341,20,0.775837870117549,10,12,23,26,168,"[2078, 8024]",COMPLETE
8445,8445,0.292607271219414,4.493695020675659,2021-06-19 21:09:56.580197,2021-06-19 21:10:01.084235,0 days 00:00:04.504038,30,0.7044121314824888,2,9,30,26,168,"[2963, 5654]",COMPLETE
8446,8446,0.23737620723130912,2.642920732498169,2021-06-19 21:10:01.088820,2021-06-19 21:10:03.741893,0 days 00:00:02.653073,20,0.6415492259649922,10,1,30,23,168,"[5641, 849]",COMPLETE
8447,8447,0.23403095514388594,2.9574050903320312,2021-06-19 21:10:03.746574,2021-06-19 21:10:06.714416,0 days 00:00:02.967842,80,0.7044121314824888,9,9,30,25,168,"[1929, 1929]",COMPLETE
8448,8448,0.22702045668751816,2.5905957221984863,2021-06-19 21:10:06.718854,2021-06-19 21:10:09.319322,0 days 00:00:02.600468,20,0.775837870117549,10,1,30,26,168,"[5654, 7005]",COMPLETE
8449,8449,0.2304449566707614,2.5990471839904785,2021-06-19 21:10:09.323867,2021-06-19 21:10:11.932887,0 days 00:00:02.609020,20,0.7044121314824888,10,1,26,25,168,"[5145, 411]",COMPLETE
8450,8450,0.26056671715786334,2.830963373184204,2021-06-19 21:10:11.937407,2021-06-19 21:10:14.826318,0 days 00:00:02.888911,60,0.7492482924832433,10,1,18,16,169,"[880, 5641]",COMPLETE
8451,8451,0.22883924696852018,2.547724485397339,2021-06-19 21:10:14.830788,2021-06-19 21:10:17.388626,0 days 00:00:02.557838,20,0.7044121314824888,10,3,30,25,169,"[3260, 5495]",COMPLETE
8452,8452,0.623204944761802,2.8071160316467285,2021-06-19 21:10:17.393145,2021-06-19 21:10:20.210644,0 days 00:00:02.817499,20,0.7044121314824888,7,1,3,0,169,"[1159, 3760]",COMPLETE
8453,8453,0.23440336413046634,2.7785909175872803,2021-06-19 21:10:20.215356,2021-06-19 21:10:23.004346,0 days 00:00:02.788990,50,0.7492482924832433,10,1,30,25,169,"[3260, 1028]",COMPLETE
8454,8454,0.23383079905172768,2.596240282058716,2021-06-19 21:10:23.008922,2021-06-19 21:10:25.616344,0 days 00:00:02.607422,20,0.6209272275823211,10,1,30,26,169,"[7005, 7735]",COMPLETE
8455,8455,0.2328884198432006,2.5853071212768555,2021-06-19 21:10:25.620971,2021-06-19 21:10:28.216214,0 days 00:00:02.595243,20,0.775837870117549,10,1,30,25,169,"[8261, 7005]",COMPLETE
8456,8456,0.23582346962265457,2.790053367614746,2021-06-19 21:10:28.220647,2021-06-19 21:10:31.020800,0 days 00:00:02.800153,20,0.7044121314824888,10,9,14,26,169,"[6684, 8074]",COMPLETE
8457,8457,0.2361629605410473,2.6185240745544434,2021-06-19 21:10:31.025190,2021-06-19 21:10:33.653799,0 days 00:00:02.628609,20,0.7044121314824888,10,1,24,26,169,"[2209, 6835]",COMPLETE
8458,8458,0.26178709419330537,2.9141392707824707,2021-06-19 21:10:33.658394,2021-06-19 21:10:36.583044,0 days 00:00:02.924650,20,0.7044121314824888,6,1,4,25,169,"[7871, 4236]",COMPLETE
8459,8459,0.23151373635994196,2.7527544498443604,2021-06-19 21:10:36.587727,2021-06-19 21:10:39.351109,0 days 00:00:02.763382,60,0.775837870117549,10,1,30,27,169,"[6592, 5379]",COMPLETE
8460,8460,0.23166464265626607,2.6887035369873047,2021-06-19 21:10:39.355642,2021-06-19 21:10:42.054369,0 days 00:00:02.698727,100,0.7044121314824888,10,9,26,25,169,"[880, 411]",COMPLETE
8461,8461,0.23060665466340183,2.58663010597229,2021-06-19 21:10:42.058809,2021-06-19 21:10:44.655354,0 days 00:00:02.596545,40,0.775837870117549,10,1,30,25,169,"[3760, 7631]",COMPLETE
8462,8462,0.2347794752837484,2.7562801837921143,2021-06-19 21:10:44.659627,2021-06-19 21:10:47.425866,0 days 00:00:02.766239,10,0.7044121314824888,10,1,24,26,169,"[1159, 5379]",COMPLETE
8463,8463,0.2386961523020027,2.962139844894409,2021-06-19 21:10:47.430369,2021-06-19 21:10:50.402734,0 days 00:00:02.972365,20,0.9958811362953639,10,1,23,25,169,"[4943, 2078]",COMPLETE
8464,8464,0.28501544012410884,2.8162841796875,2021-06-19 21:10:50.407351,2021-06-19 21:10:53.234281,0 days 00:00:02.826930,20,0.775837870117549,7,1,30,9,169,"[7519, 8024]",COMPLETE
8465,8465,0.23166700968490866,2.7487030029296875,2021-06-19 21:10:53.238627,2021-06-19 21:10:55.997519,0 days 00:00:02.758892,30,0.7044121314824888,10,1,24,25,169,"[5379, 4943]",COMPLETE
8466,8466,0.23222613312777507,2.5623388290405273,2021-06-19 21:10:56.002068,2021-06-19 21:10:58.574591,0 days 00:00:02.572523,20,0.6265203466385172,10,1,30,25,169,"[2209, 8261]",COMPLETE
8467,8467,0.23088544485154955,2.5853536128997803,2021-06-19 21:10:58.579148,2021-06-19 21:11:01.174644,0 days 00:00:02.595496,20,0.863339379250424,10,1,30,25,169,"[3100, 4781]",COMPLETE
8468,8468,0.22958521446768032,2.7134599685668945,2021-06-19 21:11:01.178787,2021-06-19 21:11:03.902206,0 days 00:00:02.723419,20,0.775837870117549,10,1,30,26,169,"[4419, 6835]",COMPLETE
8469,8469,0.26656823195015633,2.731125831604004,2021-06-19 21:11:03.906280,2021-06-19 21:11:06.647517,0 days 00:00:02.741237,20,0.7492482924832433,8,1,30,16,169,"[1389, 8261]",COMPLETE
8470,8470,0.22786570734745834,2.623339891433716,2021-06-19 21:11:06.651696,2021-06-19 21:11:09.285189,0 days 00:00:02.633493,100,0.775837870117549,10,1,30,25,169,"[6968, 2991]",COMPLETE
8471,8471,0.2404780991746828,2.7657461166381836,2021-06-19 21:11:09.289324,2021-06-19 21:11:12.065148,0 days 00:00:02.775824,10,0.8047024443354969,10,1,25,30,169,"[5379, 8256]",COMPLETE
8472,8472,0.2326492828403519,2.6137919425964355,2021-06-19 21:11:12.069326,2021-06-19 21:11:14.693242,0 days 00:00:02.623916,20,0.8803634708790262,10,11,30,25,169,"[2063, 2991]",COMPLETE
