,number,values_0,values_1,datetime_start,datetime_complete,duration,params_checks,params_n_ratio,params_nskip,params_trees,params_w1,params_w2,system_attrs_nsga2:generation,system_attrs_nsga2:parents,state
3611,3611,0.23300996129405108,2.601902961730957,2021-06-19 16:34:50.521540,2021-06-19 16:34:53.128416,0 days 00:00:02.606876,10,0.5855413349131422,10,1,30,25,72,"[2991, 3483]",COMPLETE
3612,3612,inf,inf,2021-06-19 16:34:53.130949,2021-06-19 16:34:53.240654,0 days 00:00:00.109705,20,0.3339121597931247,10,1,9,22,72,"[1159, 745]",COMPLETE
3613,3613,0.25019791398991387,2.8700454235076904,2021-06-19 16:34:53.244934,2021-06-19 16:34:56.133714,0 days 00:00:02.888780,20,0.7044121314824888,8,1,2,25,72,"[3195, 3195]",COMPLETE
3614,3614,0.23391706525267303,2.5872113704681396,2021-06-19 16:34:56.136118,2021-06-19 16:34:58.728331,0 days 00:00:02.592213,20,0.688576754048128,10,4,30,25,72,"[3195, 3483]",COMPLETE
3615,3615,0.23449708455756474,2.81292986869812,2021-06-19 16:34:58.730936,2021-06-19 16:35:01.548911,0 days 00:00:02.817975,50,0.7044121314824888,9,1,30,25,72,"[1006, 1656]",COMPLETE
3616,3616,0.2312232378648262,2.5713438987731934,2021-06-19 16:35:01.551478,2021-06-19 16:35:04.127671,0 days 00:00:02.576193,10,0.7044121314824888,10,1,30,26,72,"[1929, 3105]",COMPLETE
3617,3617,0.23023841221188962,2.5754947662353516,2021-06-19 16:35:04.130284,2021-06-19 16:35:06.710273,0 days 00:00:02.579989,20,0.7044121314824888,10,1,30,25,72,"[1929, 1929]",COMPLETE
3618,3618,0.2278390122431889,2.7312800884246826,2021-06-19 16:35:06.712807,2021-06-19 16:35:09.448772,0 days 00:00:02.735965,20,0.775837870117549,10,1,30,26,72,"[3595, 2209]",COMPLETE
3619,3619,0.2384687975187705,2.581416130065918,2021-06-19 16:35:09.451173,2021-06-19 16:35:12.037267,0 days 00:00:02.586094,20,0.8047024443354969,10,1,8,25,72,"[1312, 316]",COMPLETE
3620,3620,0.2975007057564814,2.780019760131836,2021-06-19 16:35:12.039891,2021-06-19 16:35:14.824979,0 days 00:00:02.785088,10,0.7492482924832433,10,1,30,3,72,"[900, 1897]",COMPLETE
3621,3621,0.23003298506661393,2.605821371078491,2021-06-19 16:35:14.827409,2021-06-19 16:35:17.438069,0 days 00:00:02.610660,50,0.775837870117549,10,1,30,26,72,"[2229, 3566]",COMPLETE
3622,3622,0.2347280954881569,2.5926482677459717,2021-06-19 16:35:17.440463,2021-06-19 16:35:20.037631,0 days 00:00:02.597168,10,0.7492482924832433,10,1,30,25,72,"[1897, 1897]",COMPLETE
3623,3623,0.2741782715187809,2.8110616207122803,2021-06-19 16:35:20.039938,2021-06-19 16:35:22.856488,0 days 00:00:02.816550,10,0.7492482924832433,10,15,30,8,72,"[1205, 1897]",COMPLETE
3624,3624,0.23813377375782652,2.658846616744995,2021-06-19 16:35:22.859076,2021-06-19 16:35:25.522800,0 days 00:00:02.663724,10,0.603627004462215,10,13,8,25,72,"[2229, 316]",COMPLETE
3625,3625,0.22907191176474323,2.6747491359710693,2021-06-19 16:35:25.525413,2021-06-19 16:35:28.205080,0 days 00:00:02.679667,90,0.775837870117549,10,9,30,26,72,"[3566, 3483]",COMPLETE
3626,3626,0.2315061061394706,2.796769857406616,2021-06-19 16:35:28.207710,2021-06-19 16:35:31.009351,0 days 00:00:02.801641,20,0.7044121314824888,10,1,30,26,72,"[2465, 2762]",COMPLETE
3627,3627,0.22867763106415526,2.584669589996338,2021-06-19 16:35:31.012823,2021-06-19 16:35:33.602542,0 days 00:00:02.589719,20,0.775837870117549,10,1,30,24,72,"[3483, 3566]",COMPLETE
3628,3628,0.23688015788789996,2.757866144180298,2021-06-19 16:35:33.605028,2021-06-19 16:35:36.367602,0 days 00:00:02.762574,10,0.5938615438569517,10,1,30,25,72,"[1246, 1246]",COMPLETE
3629,3629,0.23254163193895036,2.596499443054199,2021-06-19 16:35:36.370164,2021-06-19 16:35:38.971647,0 days 00:00:02.601483,10,0.798838162847889,10,1,30,25,72,"[2063, 2991]",COMPLETE
3630,3630,0.24079423779449097,2.5511701107025146,2021-06-19 16:35:38.974027,2021-06-19 16:35:41.529891,0 days 00:00:02.555864,20,0.6415492259649922,10,1,22,23,72,"[849, 2486]",COMPLETE
3631,3631,0.23406998273824897,2.759697198867798,2021-06-19 16:35:41.532262,2021-06-19 16:35:44.296863,0 days 00:00:02.764601,20,0.7492482924832433,10,1,30,25,72,"[2229, 1735]",COMPLETE
3632,3632,0.3312534672102705,2.6205084323883057,2021-06-19 16:35:44.299365,2021-06-19 16:35:46.925195,0 days 00:00:02.625830,90,0.8047024443354969,10,1,7,2,72,"[2063, 2063]",COMPLETE
3633,3633,0.23066395802998024,2.706044912338257,2021-06-19 16:35:46.927667,2021-06-19 16:35:49.638799,0 days 00:00:02.711132,0,0.7044121314824888,10,1,30,25,72,"[1656, 3260]",COMPLETE
3634,3634,0.2769700880963237,3.1145591735839844,2021-06-19 16:35:49.641343,2021-06-19 16:35:52.760650,0 days 00:00:03.119307,10,0.7044121314824888,5,1,30,25,72,"[2209, 1028]",COMPLETE
3635,3635,inf,inf,2021-06-19 16:35:52.763017,2021-06-19 16:35:52.940991,0 days 00:00:00.177974,20,0.3972899825144669,10,1,3,26,72,"[3566, 2078]",COMPLETE
3636,3636,0.23141872220517626,2.6539549827575684,2021-06-19 16:35:52.944652,2021-06-19 16:35:55.608323,0 days 00:00:02.663671,20,0.7492482924832433,10,15,24,26,72,"[2762, 900]",COMPLETE
3637,3637,0.2331779225231584,2.76631236076355,2021-06-19 16:35:55.610900,2021-06-19 16:35:58.381926,0 days 00:00:02.771026,20,0.7492482924832433,10,9,24,26,72,"[900, 2963]",COMPLETE
3638,3638,0.3342974566253416,2.61098313331604,2021-06-19 16:35:58.384504,2021-06-19 16:36:01.000288,0 days 00:00:02.615784,20,0.7044121314824888,10,1,24,0,72,"[2862, 900]",COMPLETE
3639,3639,0.2384239289925321,2.7645070552825928,2021-06-19 16:36:01.003043,2021-06-19 16:36:03.773036,0 days 00:00:02.769993,20,0.8047024443354969,10,1,6,25,72,"[411, 2063]",COMPLETE
3640,3640,0.2486713252940861,2.8932909965515137,2021-06-19 16:36:03.775424,2021-06-19 16:36:06.673789,0 days 00:00:02.898365,50,0.7492482924832433,7,9,22,26,72,"[3307, 880]",COMPLETE
3641,3641,inf,inf,2021-06-19 16:36:06.676333,2021-06-19 16:36:06.830388,0 days 00:00:00.154055,20,0.30801268893530304,5,1,30,25,72,"[1006, 1389]",COMPLETE
3642,3642,0.28264237326911706,3.4821507930755615,2021-06-19 16:36:06.839760,2021-06-19 16:36:10.336545,0 days 00:00:03.496785,20,0.7492482924832433,4,1,30,22,72,"[1735, 3195]",COMPLETE
3643,3643,0.23998482237701427,2.58752703666687,2021-06-19 16:36:10.339082,2021-06-19 16:36:12.931326,0 days 00:00:02.592244,20,0.7492482924832433,10,1,11,26,72,"[900, 900]",COMPLETE
3644,3644,0.2919827920998965,3.409493923187256,2021-06-19 16:36:12.933825,2021-06-19 16:36:16.348282,0 days 00:00:03.414457,70,0.7492482924832433,4,1,30,26,72,"[1218, 1897]",COMPLETE
3645,3645,0.233027824964254,2.711596965789795,2021-06-19 16:36:16.351217,2021-06-19 16:36:19.067690,0 days 00:00:02.716473,20,0.7044121314824888,10,1,30,25,72,"[3105, 1244]",COMPLETE
3646,3646,0.2329350016497094,2.5798285007476807,2021-06-19 16:36:19.070096,2021-06-19 16:36:21.654904,0 days 00:00:02.584808,50,0.7100511651342796,10,3,30,25,72,"[1389, 2762]",COMPLETE
3647,3647,0.2639054043730688,2.5913267135620117,2021-06-19 16:36:21.657525,2021-06-19 16:36:24.253804,0 days 00:00:02.596279,20,0.7044121314824888,10,6,30,14,72,"[2063, 1159]",COMPLETE
3648,3648,0.23083698971332015,2.781235694885254,2021-06-19 16:36:24.256354,2021-06-19 16:36:27.042351,0 days 00:00:02.785997,20,0.7100511651342796,10,15,24,25,72,"[2762, 2762]",COMPLETE
3649,3649,0.2452310310730678,2.6001315116882324,2021-06-19 16:36:27.044890,2021-06-19 16:36:29.650015,0 days 00:00:02.605125,20,0.7044121314824888,10,9,0,26,72,"[2963, 1599]",COMPLETE
3650,3650,0.23009668081017368,2.831007242202759,2021-06-19 16:36:29.652503,2021-06-19 16:36:32.535608,0 days 00:00:02.883105,20,0.7044121314824888,10,9,30,25,73,"[3483, 3483]",COMPLETE
3651,3651,0.23575500182286444,2.566584587097168,2021-06-19 16:36:32.538183,2021-06-19 16:36:35.109572,0 days 00:00:02.571389,10,0.7492482924832433,10,1,30,25,73,"[3595, 1389]",COMPLETE
3652,3652,0.2352089422342646,2.5742180347442627,2021-06-19 16:36:35.112041,2021-06-19 16:36:37.691270,0 days 00:00:02.579229,20,0.5753647442489421,10,1,30,26,73,"[3195, 1218]",COMPLETE
3653,3653,0.23143088046253163,2.6961874961853027,2021-06-19 16:36:37.693706,2021-06-19 16:36:40.394974,0 days 00:00:02.701268,70,0.7044121314824888,10,1,30,25,73,"[1745, 1656]",COMPLETE
3654,3654,inf,inf,2021-06-19 16:36:40.397578,2021-06-19 16:36:40.979874,0 days 00:00:00.582296,90,0.603627004462215,10,15,12,25,73,"[316, 2762]",COMPLETE
3655,3655,0.22789035523976248,2.5696887969970703,2021-06-19 16:36:40.983651,2021-06-19 16:36:43.571735,0 days 00:00:02.588084,20,0.775837870117549,10,1,30,25,73,"[3082, 3595]",COMPLETE
3656,3656,0.2319337919356132,2.723237991333008,2021-06-19 16:36:43.574318,2021-06-19 16:36:46.302332,0 days 00:00:02.728014,10,0.6669216156042537,10,1,30,25,73,"[2963, 1389]",COMPLETE
3657,3657,0.235817514743919,2.54744291305542,2021-06-19 16:36:46.304844,2021-06-19 16:36:48.856967,0 days 00:00:02.552123,20,0.603627004462215,10,1,8,25,73,"[1656, 316]",COMPLETE
3658,3658,0.24302956119114671,2.670225143432617,2021-06-19 16:36:48.859587,2021-06-19 16:36:51.534737,0 days 00:00:02.675150,0,0.775837870117549,10,1,30,25,73,"[2209, 2991]",COMPLETE
3659,3659,0.22995129071831394,2.7175660133361816,2021-06-19 16:36:51.536891,2021-06-19 16:36:54.258940,0 days 00:00:02.722049,20,0.8047024443354969,10,1,30,25,73,"[1745, 1745]",COMPLETE
3660,3660,0.2664512003558583,2.6624910831451416,2021-06-19 16:36:54.261104,2021-06-19 16:36:56.928455,0 days 00:00:02.667351,50,0.7100511651342796,10,15,30,15,73,"[2762, 3100]",COMPLETE
3661,3661,0.23858532070900532,2.884655714035034,2021-06-19 16:36:56.931062,2021-06-19 16:36:59.820554,0 days 00:00:02.889492,20,0.8047024443354969,8,1,30,25,73,"[1312, 3595]",COMPLETE
3662,3662,inf,inf,2021-06-19 16:36:59.823012,2021-06-19 16:37:00.009158,0 days 00:00:00.186146,20,0.36196184638116946,10,10,9,25,73,"[1244, 745]",COMPLETE
3663,3663,0.22871633269578034,2.6449155807495117,2021-06-19 16:37:00.013290,2021-06-19 16:37:02.678152,0 days 00:00:02.664862,60,0.7492482924832433,10,5,30,25,73,"[1897, 3511]",COMPLETE
3664,3664,0.22985884002763043,2.542205810546875,2021-06-19 16:37:02.680746,2021-06-19 16:37:05.227716,0 days 00:00:02.546970,10,0.7492482924832433,10,1,30,25,73,"[880, 1656]",COMPLETE
3665,3665,0.28196215634626226,2.742711067199707,2021-06-19 16:37:05.230529,2021-06-19 16:37:07.978457,0 days 00:00:02.747928,60,0.7492482924832433,10,1,30,4,73,"[880, 1244]",COMPLETE
3666,3666,0.3128056126296074,2.6317713260650635,2021-06-19 16:37:07.981087,2021-06-19 16:37:10.617825,0 days 00:00:02.636738,20,0.7044121314824888,10,9,30,5,73,"[3307, 908]",COMPLETE
3667,3667,0.30114871650305414,2.705073595046997,2021-06-19 16:37:10.620459,2021-06-19 16:37:13.330488,0 days 00:00:02.710029,10,0.7492482924832433,10,1,20,4,73,"[1897, 1389]",COMPLETE
3668,3668,0.2304732919699078,2.5514416694641113,2021-06-19 16:37:13.332803,2021-06-19 16:37:15.888994,0 days 00:00:02.556191,10,0.7044121314824888,10,1,23,25,73,"[2659, 647]",COMPLETE
3669,3669,0.22996222300459784,2.7758777141571045,2021-06-19 16:37:15.891546,2021-06-19 16:37:18.672197,0 days 00:00:02.780651,20,0.7044121314824888,10,9,26,26,73,"[2862, 411]",COMPLETE
3670,3670,0.2285515431678767,2.5819802284240723,2021-06-19 16:37:18.674738,2021-06-19 16:37:21.261587,0 days 00:00:02.586849,20,0.7044121314824888,10,1,24,26,73,"[2209, 2078]",COMPLETE
3671,3671,0.23343080442602127,2.6073477268218994,2021-06-19 16:37:21.264219,2021-06-19 16:37:23.876302,0 days 00:00:02.612083,100,0.7044121314824888,10,1,30,26,73,"[3105, 3105]",COMPLETE
3672,3672,0.2301934304297709,2.727789878845215,2021-06-19 16:37:23.878912,2021-06-19 16:37:26.611623,0 days 00:00:02.732711,20,0.7044121314824888,10,4,30,25,73,"[3260, 2465]",COMPLETE
3673,3673,inf,inf,2021-06-19 16:37:26.614170,2021-06-19 16:37:26.827607,0 days 00:00:00.213437,20,0.36591676639535786,10,9,30,11,73,"[1244, 1974]",COMPLETE
3674,3674,0.2388272555926371,2.6272382736206055,2021-06-19 16:37:26.831527,2021-06-19 16:37:29.469813,0 days 00:00:02.638286,20,0.7295061050574635,10,1,30,29,73,"[1028, 3566]",COMPLETE
3675,3675,0.3278403704601982,2.859372854232788,2021-06-19 16:37:29.472326,2021-06-19 16:37:32.336818,0 days 00:00:02.864492,50,0.7044121314824888,10,13,30,3,73,"[1656, 1929]",COMPLETE
3676,3676,0.23231281768361764,2.5960049629211426,2021-06-19 16:37:32.339407,2021-06-19 16:37:34.940659,0 days 00:00:02.601252,20,0.7492482924832433,10,1,30,25,73,"[3511, 1735]",COMPLETE
3677,3677,0.3102878738699641,5.489508867263794,2021-06-19 16:37:34.943073,2021-06-19 16:37:40.437633,0 days 00:00:05.494560,20,0.7044121314824888,1,1,30,25,73,"[3260, 1135]",COMPLETE
3678,3678,0.2297997668026894,2.744396686553955,2021-06-19 16:37:40.440353,2021-06-19 16:37:43.189857,0 days 00:00:02.749504,80,0.7492482924832433,10,1,30,26,73,"[3595, 900]",COMPLETE
3679,3679,0.2822360998588756,2.8503265380859375,2021-06-19 16:37:43.192464,2021-06-19 16:37:46.047687,0 days 00:00:02.855223,10,0.7044121314824888,7,9,30,11,73,"[745, 2963]",COMPLETE
3680,3680,0.23361779876126298,2.6343259811401367,2021-06-19 16:37:46.050236,2021-06-19 16:37:48.689311,0 days 00:00:02.639075,20,0.7044121314824888,10,9,30,26,73,"[3566, 3256]",COMPLETE
3681,3681,0.2426000185066417,2.9466755390167236,2021-06-19 16:37:48.691962,2021-06-19 16:37:51.643793,0 days 00:00:02.951831,20,0.7044121314824888,8,15,30,25,73,"[3256, 3260]",COMPLETE
3682,3682,0.22910219541017282,2.5997629165649414,2021-06-19 16:37:51.646402,2021-06-19 16:37:54.251043,0 days 00:00:02.604641,20,0.7044121314824888,10,5,30,25,73,"[3483, 3100]",COMPLETE
3683,3683,0.2790806022970914,3.2453510761260986,2021-06-19 16:37:54.253460,2021-06-19 16:37:57.503930,0 days 00:00:03.250470,20,0.8047024443354969,5,1,23,21,73,"[1006, 647]",COMPLETE
3684,3684,0.23420082672201098,2.585822105407715,2021-06-19 16:37:57.506534,2021-06-19 16:38:00.097194,0 days 00:00:02.590660,50,0.7044121314824888,10,1,30,25,73,"[1974, 2960]",COMPLETE
3685,3685,0.23037185945258762,2.807346820831299,2021-06-19 16:38:00.099725,2021-06-19 16:38:02.911950,0 days 00:00:02.812225,10,0.8983236654973132,10,1,30,26,73,"[3105, 2209]",COMPLETE
3686,3686,0.23544005039065183,2.723160982131958,2021-06-19 16:38:02.914668,2021-06-19 16:38:05.643076,0 days 00:00:02.728408,20,0.7044121314824888,10,1,30,26,73,"[1929, 2862]",COMPLETE
3687,3687,inf,inf,2021-06-19 16:38:05.645690,2021-06-19 16:38:05.963718,0 days 00:00:00.318028,20,0.5077058861699284,10,1,30,26,73,"[374, 1312]",COMPLETE
3688,3688,0.23022277663148633,2.562467098236084,2021-06-19 16:38:05.975397,2021-06-19 16:38:08.552115,0 days 00:00:02.576718,10,0.7044121314824888,10,1,30,26,73,"[3566, 3105]",COMPLETE
3689,3689,0.23428676307150975,2.786473274230957,2021-06-19 16:38:08.554774,2021-06-19 16:38:11.345984,0 days 00:00:02.791210,20,0.6415492259649922,10,1,30,25,73,"[849, 3082]",COMPLETE
3690,3690,0.23918627136565274,2.5479543209075928,2021-06-19 16:38:11.348590,2021-06-19 16:38:13.901972,0 days 00:00:02.553382,10,0.775837870117549,10,1,17,22,73,"[3082, 745]",COMPLETE
3691,3691,0.23998501607650144,2.7295985221862793,2021-06-19 16:38:13.904624,2021-06-19 16:38:16.638978,0 days 00:00:02.734354,10,0.8047024443354969,10,1,8,25,73,"[2063, 316]",COMPLETE
3692,3692,0.23302374989375288,2.6111998558044434,2021-06-19 16:38:16.641539,2021-06-19 16:38:19.257662,0 days 00:00:02.616123,20,0.6415492259649922,10,15,22,23,73,"[849, 1244]",COMPLETE
3693,3693,0.2361240998448676,2.5882861614227295,2021-06-19 16:38:19.260329,2021-06-19 16:38:21.853460,0 days 00:00:02.593131,30,0.7044121314824888,10,1,30,28,73,"[2963, 1929]",COMPLETE
3694,3694,0.23068422348585002,2.7962820529937744,2021-06-19 16:38:21.855875,2021-06-19 16:38:24.657033,0 days 00:00:02.801158,20,0.8047024443354969,10,9,26,26,73,"[1312, 3256]",COMPLETE
3695,3695,inf,inf,2021-06-19 16:38:24.659421,2021-06-19 16:38:25.019537,0 days 00:00:00.360116,20,0.4904232968806056,10,15,24,5,73,"[2229, 2762]",COMPLETE
3696,3696,0.23221875775191783,2.5997726917266846,2021-06-19 16:38:25.032130,2021-06-19 16:38:27.648748,0 days 00:00:02.616618,20,0.7044121314824888,10,1,24,26,73,"[1599, 3256]",COMPLETE
3697,3697,0.2266990131820449,2.7317521572113037,2021-06-19 16:38:27.651311,2021-06-19 16:38:30.388066,0 days 00:00:02.736755,20,0.8047024443354969,10,4,30,26,73,"[1745, 2465]",COMPLETE
3698,3698,0.23300087954650037,2.612271547317505,2021-06-19 16:38:30.390508,2021-06-19 16:38:33.008075,0 days 00:00:02.617567,20,0.7044121314824888,10,1,28,25,73,"[1135, 2659]",COMPLETE
3699,3699,0.23045280004876734,2.612445592880249,2021-06-19 16:38:33.010548,2021-06-19 16:38:35.628200,0 days 00:00:02.617652,40,0.775837870117549,10,9,25,25,73,"[2991, 1312]",COMPLETE
3700,3700,0.23240400182469897,2.7753384113311768,2021-06-19 16:38:35.630771,2021-06-19 16:39:51.500035,0 days 00:01:15.869264,20,0.7044121314824888,10,9,30,26,74,"[374, 2862]",COMPLETE
3701,3701,0.23044383015222564,2.7213079929351807,2021-06-19 16:39:51.504554,2021-06-19 16:39:54.231362,0 days 00:00:02.726808,80,0.7044121314824888,10,9,26,25,74,"[1244, 1244]",COMPLETE
3702,3702,0.3117545061864299,3.1009185314178467,2021-06-19 16:39:54.233957,2021-06-19 16:39:57.339889,0 days 00:00:03.105932,10,0.9591662123706848,10,1,22,2,74,"[849, 1599]",COMPLETE
3703,3703,0.279958503508558,3.3557522296905518,2021-06-19 16:39:57.342461,2021-06-19 16:40:00.703132,0 days 00:00:03.360671,20,0.7492482924832433,4,1,30,26,74,"[1735, 647]",COMPLETE
3704,3704,0.23632860005839385,2.5974221229553223,2021-06-19 16:40:00.705843,2021-06-19 16:40:03.308339,0 days 00:00:02.602496,30,0.7044121314824888,10,1,12,24,74,"[2963, 1159]",COMPLETE
3705,3705,0.2370381499198478,2.6968770027160645,2021-06-19 16:40:03.310972,2021-06-19 16:40:06.012881,0 days 00:00:02.701909,10,0.603627004462215,10,1,30,25,74,"[3260, 316]",COMPLETE
3706,3706,0.23301270598999213,2.7328314781188965,2021-06-19 16:40:06.015550,2021-06-19 16:40:08.753329,0 days 00:00:02.737779,90,0.7044121314824888,10,9,30,26,74,"[3256, 374]",COMPLETE
3707,3707,0.2400150164936376,2.713686466217041,2021-06-19 16:40:08.755806,2021-06-19 16:40:11.474191,0 days 00:00:02.718385,10,0.603627004462215,10,1,8,25,74,"[316, 316]",COMPLETE
3708,3708,0.2358579861666895,2.5672597885131836,2021-06-19 16:40:11.476802,2021-06-19 16:40:14.048826,0 days 00:00:02.572024,20,0.7044121314824888,10,1,30,26,74,"[2209, 3595]",COMPLETE
3709,3709,0.27491306930958226,2.7331595420837402,2021-06-19 16:40:14.051346,2021-06-19 16:40:16.789257,0 days 00:00:02.737911,10,0.7492482924832433,10,1,30,9,74,"[3664, 3664]",COMPLETE
3710,3710,0.2290353329769883,2.574268341064453,2021-06-19 16:40:16.791493,2021-06-19 16:40:19.370595,0 days 00:00:02.579102,10,0.7492482924832433,10,1,30,26,74,"[1028, 3307]",COMPLETE
3711,3711,0.24615125823261352,2.717384099960327,2021-06-19 16:40:19.373308,2021-06-19 16:40:22.096094,0 days 00:00:02.722786,20,0.7044121314824888,8,1,30,25,74,"[2229, 1135]",COMPLETE
3712,3712,inf,inf,2021-06-19 16:40:22.098555,2021-06-19 16:40:22.549383,0 days 00:00:00.450828,10,0.603627004462215,10,1,8,25,74,"[316, 3260]",COMPLETE
3713,3713,0.27488235704655956,2.728259801864624,2021-06-19 16:40:22.564810,2021-06-19 16:40:25.305691,0 days 00:00:02.740881,20,0.7492482924832433,10,1,30,12,74,"[880, 1735]",COMPLETE
3714,3714,0.23230360259176355,2.585991382598877,2021-06-19 16:40:25.307997,2021-06-19 16:40:27.898925,0 days 00:00:02.590928,10,0.5939528636960016,10,9,30,25,74,"[1897, 1244]",COMPLETE
3715,3715,0.23221860196675925,2.5762364864349365,2021-06-19 16:40:27.901633,2021-06-19 16:40:30.482691,0 days 00:00:02.581058,10,0.7044121314824888,10,1,23,25,74,"[2486, 3664]",COMPLETE
3716,3716,0.23270819054249972,2.775845766067505,2021-06-19 16:40:30.485248,2021-06-19 16:40:33.265930,0 days 00:00:02.780682,20,0.7044121314824888,10,9,30,24,74,"[1244, 1159]",COMPLETE
3717,3717,0.23289775867305176,2.6254634857177734,2021-06-19 16:40:33.268568,2021-06-19 16:40:35.899356,0 days 00:00:02.630788,20,0.7044121314824888,10,9,30,23,74,"[2991, 411]",COMPLETE
3718,3718,0.22728855521690633,2.787027597427368,2021-06-19 16:40:35.902031,2021-06-19 16:40:38.693810,0 days 00:00:02.791779,20,0.7044121314824888,10,9,26,26,74,"[1246, 3256]",COMPLETE
3719,3719,0.2277405315962304,2.6492581367492676,2021-06-19 16:40:38.696387,2021-06-19 16:40:41.350535,0 days 00:00:02.654148,20,0.7044121314824888,10,16,30,25,74,"[1735, 1006]",COMPLETE
3720,3720,0.273583057058463,2.6240363121032715,2021-06-19 16:40:41.353176,2021-06-19 16:40:43.982262,0 days 00:00:02.629086,20,0.8047024443354969,10,9,30,4,74,"[1745, 2862]",COMPLETE
3721,3721,0.2938888433420787,4.8658225536346436,2021-06-19 16:40:43.984878,2021-06-19 16:40:48.856023,0 days 00:00:04.871145,80,0.775837870117549,2,9,6,26,74,"[374, 3082]",COMPLETE
3722,3722,0.2300743118185234,2.6393649578094482,2021-06-19 16:40:48.858636,2021-06-19 16:40:51.502756,0 days 00:00:02.644120,20,0.7044121314824888,10,1,24,26,74,"[2209, 2078]",COMPLETE
3723,3723,0.2287475696439327,2.7620489597320557,2021-06-19 16:40:51.505396,2021-06-19 16:40:54.272223,0 days 00:00:02.766827,20,0.7044121314824888,10,9,24,25,74,"[1312, 2960]",COMPLETE
3724,3724,0.23207935310095254,2.6248905658721924,2021-06-19 16:40:54.274828,2021-06-19 16:40:56.904506,0 days 00:00:02.629678,20,0.7044121314824888,10,9,30,26,74,"[1006, 2862]",COMPLETE
3725,3725,0.29699991199438236,2.5672075748443604,2021-06-19 16:40:56.907252,2021-06-19 16:40:59.479565,0 days 00:00:02.572313,20,0.7044121314824888,10,1,30,3,74,"[1135, 3105]",COMPLETE
3726,3726,0.2350437890160293,2.8021299839019775,2021-06-19 16:40:59.482161,2021-06-19 16:41:02.289270,0 days 00:00:02.807109,10,0.7044121314824888,10,1,28,25,74,"[2659, 1246]",COMPLETE
3727,3727,0.23481751116356667,2.588587760925293,2021-06-19 16:41:02.291973,2021-06-19 16:41:04.885967,0 days 00:00:02.593994,20,0.78997703666036,10,1,30,25,74,"[3566, 2991]",COMPLETE
3728,3728,0.22848138160117826,2.716777801513672,2021-06-19 16:41:04.888585,2021-06-19 16:41:07.610176,0 days 00:00:02.721591,20,0.775837870117549,10,1,30,25,74,"[2991, 3566]",COMPLETE
3729,3729,0.2281708356577503,2.5758628845214844,2021-06-19 16:41:07.612696,2021-06-19 16:41:10.193160,0 days 00:00:02.580464,20,0.775837870117549,10,1,30,26,74,"[1974, 1974]",COMPLETE
