,number,values_0,values_1,datetime_start,datetime_complete,duration,params_checks,params_n_ratio,params_nskip,params_trees,params_w1,params_w2,system_attrs_nsga2:generation,system_attrs_nsga2:parents,state
622,622,0.2335763029670245,2.556642532348633,2021-06-19 13:46:55.214711,2021-06-19 13:46:57.773088,0 days 00:00:02.558377,20,0.603627004462215,10,1,24,25,12,"[424, 328]",COMPLETE
623,623,0.23169877419117232,2.5972814559936523,2021-06-19 13:46:57.774540,2021-06-19 13:47:00.373417,0 days 00:00:02.598877,20,0.6314256997385901,10,9,21,24,12,"[258, 535]",COMPLETE
624,624,0.2633369682577925,2.756153106689453,2021-06-19 13:47:00.374870,2021-06-19 13:47:03.132728,0 days 00:00:02.757858,100,0.7815688639630782,10,1,10,15,12,"[413, 575]",COMPLETE
625,625,0.23933322025838183,2.5321059226989746,2021-06-19 13:47:03.134190,2021-06-19 13:47:05.667750,0 days 00:00:02.533560,10,0.7492482924832433,10,4,9,25,12,"[556, 556]",COMPLETE
626,626,0.33155604052775944,2.7272093296051025,2021-06-19 13:47:05.669053,2021-06-19 13:47:08.397989,0 days 00:00:02.728936,20,0.7492482924832433,10,6,0,2,12,"[589, 488]",COMPLETE
627,627,0.2944239325643584,2.854692220687866,2021-06-19 13:47:08.399448,2021-06-19 13:47:11.255864,0 days 00:00:02.856416,20,0.7044121314824888,7,9,30,6,12,"[553, 366]",COMPLETE
628,628,0.24552794582987242,2.699261426925659,2021-06-19 13:47:11.256886,2021-06-19 13:47:13.957749,0 days 00:00:02.700863,20,0.8047024443354969,10,7,1,26,12,"[302, 175]",COMPLETE
629,629,0.23113224084128114,2.6187052726745605,2021-06-19 13:47:13.958761,2021-06-19 13:47:16.579154,0 days 00:00:02.620393,20,0.8222850552898042,10,9,29,27,12,"[480, 366]",COMPLETE
630,630,0.2888161601882626,3.449252128601074,2021-06-19 13:47:16.580180,2021-06-19 13:47:20.031066,0 days 00:00:03.450886,10,0.6287743739099865,4,1,30,26,12,"[175, 597]",COMPLETE
631,631,0.22957371479184965,2.6345722675323486,2021-06-19 13:47:20.032151,2021-06-19 13:47:22.668324,0 days 00:00:02.636173,20,0.865458317883941,10,10,26,26,12,"[411, 328]",COMPLETE
632,632,0.2352902300498104,2.7315382957458496,2021-06-19 13:47:22.669736,2021-06-19 13:47:25.402699,0 days 00:00:02.732963,20,0.603627004462215,10,7,24,23,12,"[433, 175]",COMPLETE
633,633,inf,inf,2021-06-19 13:47:25.404155,2021-06-19 13:47:26.833867,0 days 00:00:01.429712,50,0.6314256997385901,2,4,30,26,12,"[535, 547]",COMPLETE
634,634,0.2637742339992434,2.5915350914001465,2021-06-19 13:47:26.838204,2021-06-19 13:47:29.432479,0 days 00:00:02.594275,10,0.8744044899056049,10,7,24,11,12,"[175, 407]",COMPLETE
635,635,0.27704757611250147,2.7036328315734863,2021-06-19 13:47:29.433899,2021-06-19 13:47:32.139119,0 days 00:00:02.705220,10,0.603627004462215,10,15,18,12,12,"[422, 417]",COMPLETE
636,636,0.23351303297443077,2.5602822303771973,2021-06-19 13:47:32.140602,2021-06-19 13:47:34.702628,0 days 00:00:02.562026,0,0.6415492259649922,10,1,19,23,12,"[578, 462]",COMPLETE
637,637,0.23792239677190993,2.577141523361206,2021-06-19 13:47:34.704097,2021-06-19 13:47:37.282849,0 days 00:00:02.578752,20,0.6642241274401264,10,1,10,24,12,"[455, 462]",COMPLETE
638,638,0.2324576902090199,2.728912830352783,2021-06-19 13:47:37.284015,2021-06-19 13:47:40.014742,0 days 00:00:02.730727,60,0.865458317883941,10,12,22,25,12,"[328, 575]",COMPLETE
639,639,0.2742796233563248,2.588679313659668,2021-06-19 13:47:40.016096,2021-06-19 13:47:42.606250,0 days 00:00:02.590154,20,0.865458317883941,10,1,11,12,12,"[356, 422]",COMPLETE
640,640,0.29294824889817805,3.9599568843841553,2021-06-19 13:47:42.607362,2021-06-19 13:47:46.569069,0 days 00:00:03.961707,20,0.7044121314824888,3,15,26,26,12,"[513, 411]",COMPLETE
641,641,inf,inf,2021-06-19 13:47:46.570447,2021-06-19 13:47:46.766179,0 days 00:00:00.195732,20,0.43713830557625266,10,9,30,24,12,"[411, 366]",COMPLETE
642,642,0.2418701116319567,2.647754430770874,2021-06-19 13:47:46.767699,2021-06-19 13:47:49.418534,0 days 00:00:02.650835,0,0.603627004462215,10,1,23,30,12,"[591, 533]",COMPLETE
643,643,inf,inf,2021-06-19 13:47:49.419842,2021-06-19 13:47:49.727114,0 days 00:00:00.307272,20,0.5409211439177202,10,1,30,24,12,"[427, 413]",COMPLETE
644,644,0.23221431964281739,2.822934150695801,2021-06-19 13:47:49.730244,2021-06-19 13:47:52.555773,0 days 00:00:02.825529,50,0.7914490129247066,10,9,22,26,12,"[302, 411]",COMPLETE
645,645,0.24398077213008276,2.556673049926758,2021-06-19 13:47:52.557252,2021-06-19 13:47:55.115622,0 days 00:00:02.558370,20,0.7039382016603601,10,7,0,25,12,"[175, 488]",COMPLETE
646,646,0.23317505708477143,2.7547991275787354,2021-06-19 13:47:55.117102,2021-06-19 13:47:57.873542,0 days 00:00:02.756440,20,0.865458317883941,10,8,22,26,12,"[328, 374]",COMPLETE
647,647,0.229576492393945,2.5305585861206055,2021-06-19 13:47:57.874990,2021-06-19 13:48:00.407022,0 days 00:00:02.532032,20,0.8047024443354969,10,1,23,26,12,"[575, 302]",COMPLETE
648,648,0.23314877050011418,2.7396481037139893,2021-06-19 13:48:00.408397,2021-06-19 13:48:03.149670,0 days 00:00:02.741273,20,0.7044121314824888,10,8,18,26,12,"[417, 256]",COMPLETE
649,649,0.23114719924543425,2.6852619647979736,2021-06-19 13:48:03.151127,2021-06-19 13:48:05.838036,0 days 00:00:02.686909,60,0.7039382016603601,10,12,30,26,12,"[589, 566]",COMPLETE
650,650,inf,inf,2021-06-19 13:48:05.839494,2021-06-19 13:48:06.209111,0 days 00:00:00.369617,20,0.4739949100655867,10,1,30,26,13,"[396, 175]",COMPLETE
651,651,0.23638564778995905,2.6331026554107666,2021-06-19 13:48:06.219441,2021-06-19 13:48:08.855061,0 days 00:00:02.635620,100,0.6693042571589615,10,2,30,25,13,"[600, 554]",COMPLETE
652,652,0.23109028293227424,2.6717946529388428,2021-06-19 13:48:08.856607,2021-06-19 13:48:11.529877,0 days 00:00:02.673270,10,0.7492482924832433,10,4,24,25,13,"[625, 622]",COMPLETE
653,653,0.23914477524103056,2.9787867069244385,2021-06-19 13:48:11.531342,2021-06-19 13:48:14.511699,0 days 00:00:02.980357,20,0.9911905640415963,10,9,30,26,13,"[258, 522]",COMPLETE
654,654,0.23773832358556068,2.6997532844543457,2021-06-19 13:48:14.512849,2021-06-19 13:48:17.214100,0 days 00:00:02.701251,20,0.7039382016603601,10,7,10,26,13,"[573, 404]",COMPLETE
655,655,0.23529514755792033,2.58427357673645,2021-06-19 13:48:17.215278,2021-06-19 13:48:19.801183,0 days 00:00:02.585905,10,0.5869555634703324,10,1,9,25,13,"[422, 556]",COMPLETE
656,656,0.23228756047578494,2.724634885787964,2021-06-19 13:48:19.802648,2021-06-19 13:48:22.528990,0 days 00:00:02.726342,50,0.7492482924832433,10,4,23,26,13,"[591, 467]",COMPLETE
657,657,0.23055909860962875,2.610868453979492,2021-06-19 13:48:22.530330,2021-06-19 13:48:25.142796,0 days 00:00:02.612466,10,0.775837870117549,10,9,30,25,13,"[533, 542]",COMPLETE
658,658,0.26368549529208535,3.096446990966797,2021-06-19 13:48:25.144318,2021-06-19 13:48:28.242482,0 days 00:00:03.098164,10,0.6781150896704856,6,9,30,25,13,"[488, 411]",COMPLETE
659,659,0.2580010994304826,2.553696632385254,2021-06-19 13:48:28.243942,2021-06-19 13:48:30.799254,0 days 00:00:02.555312,20,0.603627004462215,10,7,24,16,13,"[424, 374]",COMPLETE
660,660,0.32022543507378143,2.811828136444092,2021-06-19 13:48:30.800748,2021-06-19 13:48:33.614245,0 days 00:00:02.813497,20,0.7815688639630782,10,12,14,3,13,"[535, 251]",COMPLETE
661,661,0.22924048800852198,2.559997320175171,2021-06-19 13:48:33.615711,2021-06-19 13:48:36.177270,0 days 00:00:02.561559,20,0.7044121314824888,10,9,30,26,13,"[374, 258]",COMPLETE
662,662,0.23170565962407105,2.5781877040863037,2021-06-19 13:48:36.178733,2021-06-19 13:48:38.758426,0 days 00:00:02.579693,20,0.7044121314824888,10,9,26,25,13,"[316, 411]",COMPLETE
663,663,0.2325860425833462,2.683595895767212,2021-06-19 13:48:38.759704,2021-06-19 13:48:41.444820,0 days 00:00:02.685116,40,0.7815688639630782,10,1,22,27,13,"[532, 522]",COMPLETE
664,664,0.2928358176820429,4.484870910644531,2021-06-19 13:48:41.446046,2021-06-19 13:48:45.932607,0 days 00:00:04.486561,10,0.7044121314824888,2,11,19,26,13,"[407, 374]",COMPLETE
665,665,0.2313383706905277,2.657719850540161,2021-06-19 13:48:45.933957,2021-06-19 13:48:48.593339,0 days 00:00:02.659382,50,0.7044121314824888,10,16,30,26,13,"[457, 553]",COMPLETE
666,666,0.2545925167099815,2.8303892612457275,2021-06-19 13:48:48.594710,2021-06-19 13:48:51.426663,0 days 00:00:02.831953,20,0.603627004462215,7,9,4,27,13,"[502, 502]",COMPLETE
667,667,0.2316106096416381,2.6744937896728516,2021-06-19 13:48:51.427943,2021-06-19 13:48:54.103738,0 days 00:00:02.675795,20,0.7044121314824888,10,9,30,27,13,"[366, 366]",COMPLETE
668,668,0.23127425892443104,2.662099599838257,2021-06-19 13:48:54.105219,2021-06-19 13:48:56.768976,0 days 00:00:02.663757,20,0.603627004462215,10,9,28,26,13,"[258, 422]",COMPLETE
669,669,0.24402160331171,2.665031671524048,2021-06-19 13:48:56.770486,2021-06-19 13:48:59.437036,0 days 00:00:02.666550,20,0.7815688639630782,10,1,8,28,13,"[396, 502]",COMPLETE
670,670,0.29704823400765834,2.5884251594543457,2021-06-19 13:48:59.438495,2021-06-19 13:49:02.028812,0 days 00:00:02.590317,10,0.603627004462215,10,5,3,6,13,"[433, 535]",COMPLETE
671,671,0.2389055182297641,2.697502374649048,2021-06-19 13:49:02.030280,2021-06-19 13:49:04.729408,0 days 00:00:02.699128,10,0.7492482924832433,10,1,10,25,13,"[488, 413]",COMPLETE
672,672,0.23259285869522936,2.5429041385650635,2021-06-19 13:49:04.730882,2021-06-19 13:49:07.275502,0 days 00:00:02.544620,20,0.7044121314824888,10,1,23,26,13,"[553, 480]",COMPLETE
673,673,0.23474379171234222,2.609898090362549,2021-06-19 13:49:07.276987,2021-06-19 13:49:09.888388,0 days 00:00:02.611401,20,0.629201349454404,10,1,22,25,13,"[316, 511]",COMPLETE
674,674,inf,inf,2021-06-19 13:49:09.889776,2021-06-19 13:49:10.178330,0 days 00:00:00.288554,20,0.4718432493567448,10,8,30,24,13,"[535, 462]",COMPLETE
675,675,0.22892068111927077,2.666043996810913,2021-06-19 13:49:10.190493,2021-06-19 13:49:12.859560,0 days 00:00:02.669067,20,0.603627004462215,10,1,27,25,13,"[533, 522]",COMPLETE
676,676,0.2318594615099119,2.649212598800659,2021-06-19 13:49:12.861022,2021-06-19 13:49:15.511834,0 days 00:00:02.650812,20,0.7039382016603601,9,12,30,26,13,"[404, 589]",COMPLETE
677,677,0.23834614281191144,2.8228347301483154,2021-06-19 13:49:15.513146,2021-06-19 13:49:18.337742,0 days 00:00:02.824596,70,0.8047024443354969,10,16,9,26,13,"[556, 647]",COMPLETE
678,678,0.23827901967444087,2.533860206604004,2021-06-19 13:49:18.339099,2021-06-19 13:49:20.874503,0 days 00:00:02.535404,0,0.6415492259649922,10,1,22,23,13,"[636, 511]",COMPLETE
679,679,0.2642776727179771,2.7363665103912354,2021-06-19 13:49:20.875978,2021-06-19 13:49:23.614181,0 days 00:00:02.738203,10,0.7492482924832433,9,4,23,17,13,"[625, 591]",COMPLETE
680,680,0.2377052313198743,2.6319332122802734,2021-06-19 13:49:23.615331,2021-06-19 13:49:26.249070,0 days 00:00:02.633739,10,0.7044121314824888,10,14,23,23,13,"[553, 573]",COMPLETE
681,681,0.2339917780502236,2.716771125793457,2021-06-19 13:49:26.250519,2021-06-19 13:49:28.968900,0 days 00:00:02.718381,20,0.7044121314824888,10,9,15,26,13,"[258, 411]",COMPLETE
682,682,0.240482436849035,2.5580620765686035,2021-06-19 13:49:28.970364,2021-06-19 13:49:31.529965,0 days 00:00:02.559601,10,0.603627004462215,10,1,8,23,13,"[636, 316]",COMPLETE
683,683,0.23125049840431652,2.8331024646759033,2021-06-19 13:49:31.531411,2021-06-19 13:49:34.366193,0 days 00:00:02.834782,20,0.7815688639630782,10,13,23,24,13,"[542, 532]",COMPLETE
684,684,0.23125174402817697,2.5539586544036865,2021-06-19 13:49:34.367631,2021-06-19 13:49:36.923098,0 days 00:00:02.555467,20,0.7044121314824888,10,4,23,26,13,"[553, 547]",COMPLETE
685,685,0.22839570278335466,2.7550055980682373,2021-06-19 13:49:36.924624,2021-06-19 13:49:39.681123,0 days 00:00:02.756499,50,0.7044121314824888,10,9,26,26,13,"[547, 475]",COMPLETE
686,686,0.23104074449991757,2.6330044269561768,2021-06-19 13:49:39.682576,2021-06-19 13:49:42.317229,0 days 00:00:02.634653,50,0.7044121314824888,10,8,23,26,13,"[467, 457]",COMPLETE
687,687,0.27014475629170315,3.3428757190704346,2021-06-19 13:49:42.318713,2021-06-19 13:49:45.663308,0 days 00:00:03.344595,20,0.7815688639630782,5,12,20,25,13,"[251, 488]",COMPLETE
688,688,0.23361492880924026,2.553384304046631,2021-06-19 13:49:45.664731,2021-06-19 13:49:48.219622,0 days 00:00:02.554891,20,0.6415492259649922,10,1,19,25,13,"[578, 488]",COMPLETE
689,689,0.238151394110715,2.659512758255005,2021-06-19 13:49:48.221126,2021-06-19 13:49:50.882328,0 days 00:00:02.661202,80,0.6459572122253778,10,9,10,26,13,"[411, 413]",COMPLETE
690,690,0.23537773939055068,2.737903356552124,2021-06-19 13:49:50.883813,2021-06-19 13:49:53.623212,0 days 00:00:02.739399,20,0.6314256997385901,10,7,30,24,13,"[462, 175]",COMPLETE
691,691,0.3824297316555868,2.5406582355499268,2021-06-19 13:49:53.624786,2021-06-19 13:49:56.167166,0 days 00:00:02.542380,20,0.775837870117549,10,3,23,0,13,"[542, 549]",COMPLETE
692,692,0.24914049617355077,3.01882004737854,2021-06-19 13:49:56.168213,2021-06-19 13:49:59.188914,0 days 00:00:03.020701,100,0.7277852493871834,7,4,26,26,13,"[647, 547]",COMPLETE
693,693,0.30201878032873486,5.529831886291504,2021-06-19 13:49:59.189952,2021-06-19 13:50:04.721565,0 days 00:00:05.531613,10,0.7780761596558177,1,4,19,23,13,"[547, 407]",COMPLETE
694,694,0.22913265835980112,2.6929917335510254,2021-06-19 13:50:04.722615,2021-06-19 13:50:07.417422,0 days 00:00:02.694807,20,0.7044121314824888,10,9,23,25,13,"[258, 303]",COMPLETE
695,695,0.340484585892796,5.652367830276489,2021-06-19 13:50:07.418451,2021-06-19 13:50:13.072622,0 days 00:00:05.654171,0,0.7044121314824888,1,9,18,12,13,"[422, 480]",COMPLETE
696,696,0.22878418245661444,2.6921093463897705,2021-06-19 13:50:13.074122,2021-06-19 13:50:15.767741,0 days 00:00:02.693619,50,0.7044121314824888,10,1,30,25,13,"[457, 488]",COMPLETE
697,697,0.238755670775718,2.60345196723938,2021-06-19 13:50:15.769227,2021-06-19 13:50:18.374250,0 days 00:00:02.605023,0,0.7044121314824888,10,9,30,23,13,"[636, 258]",COMPLETE
698,698,0.23725661106793014,2.8097386360168457,2021-06-19 13:50:18.375727,2021-06-19 13:50:21.187035,0 days 00:00:02.811308,20,0.7044121314824888,9,9,15,26,13,"[374, 374]",COMPLETE
699,699,inf,inf,2021-06-19 13:50:21.188194,2021-06-19 13:50:22.095624,0 days 00:00:00.907430,50,0.4840600993159,0,12,23,26,13,"[589, 553]",COMPLETE
700,700,0.2316080884003218,2.6115646362304688,2021-06-19 13:50:22.097323,2021-06-19 13:51:35.936210,0 days 00:01:13.838887,20,0.7044121314824888,10,9,30,27,14,"[366, 366]",COMPLETE
701,701,0.26518690271646983,2.7064642906188965,2021-06-19 13:51:35.938164,2021-06-19 13:51:38.646690,0 days 00:00:02.708526,20,0.6314256997385901,10,1,30,16,14,"[532, 462]",COMPLETE
702,702,0.2294720125944249,2.5974600315093994,2021-06-19 13:51:38.648183,2021-06-19 13:51:41.247339,0 days 00:00:02.599156,60,0.7044121314824888,10,4,26,26,14,"[547, 549]",COMPLETE
703,703,0.23082515253928565,2.6058120727539062,2021-06-19 13:51:41.248854,2021-06-19 13:51:43.856591,0 days 00:00:02.607737,90,0.7492482924832433,10,3,23,26,14,"[591, 553]",COMPLETE
704,704,0.23567318554145603,2.6710093021392822,2021-06-19 13:51:43.858070,2021-06-19 13:51:46.530723,0 days 00:00:02.672653,20,0.7039382016603601,10,1,15,26,14,"[672, 175]",COMPLETE
705,705,0.23848989922384345,2.561077117919922,2021-06-19 13:51:46.532206,2021-06-19 13:51:49.094796,0 days 00:00:02.562590,20,0.6314256997385901,10,1,19,23,14,"[578, 535]",COMPLETE
706,706,0.24253235207658344,2.673185348510742,2021-06-19 13:51:49.095915,2021-06-19 13:51:51.770921,0 days 00:00:02.675006,20,0.8047024443354969,10,1,2,26,14,"[647, 316]",COMPLETE
707,707,0.28036547336000733,3.3917322158813477,2021-06-19 13:51:51.772426,2021-06-19 13:51:55.165800,0 days 00:00:03.393374,20,0.7492482924832433,4,9,30,26,14,"[600, 553]",COMPLETE
708,708,0.23122019444732717,2.796252489089966,2021-06-19 13:51:55.167262,2021-06-19 13:51:57.965163,0 days 00:00:02.797901,50,0.7044121314824888,10,14,23,27,14,"[467, 591]",COMPLETE
709,709,0.23503345914425144,2.577336072921753,2021-06-19 13:51:57.966592,2021-06-19 13:52:00.545459,0 days 00:00:02.578867,20,0.6314256997385901,10,4,14,26,14,"[535, 591]",COMPLETE
710,710,0.2390076885369592,2.5842959880828857,2021-06-19 13:52:00.546926,2021-06-19 13:52:03.132870,0 days 00:00:02.585944,10,0.6415492259649922,10,1,30,23,14,"[578, 413]",COMPLETE
711,711,0.29287719431159026,3.972849130630493,2021-06-19 13:52:03.134365,2021-06-19 13:52:07.108850,0 days 00:00:03.974485,20,0.7044121314824888,3,9,23,26,14,"[553, 553]",COMPLETE
712,712,0.231298887777647,2.6247265338897705,2021-06-19 13:52:07.110287,2021-06-19 13:52:09.736659,0 days 00:00:02.626372,10,0.8670188217146759,10,9,23,27,14,"[480, 413]",COMPLETE
713,713,0.2908212330589403,2.7489333152770996,2021-06-19 13:52:09.738149,2021-06-19 13:52:12.488650,0 days 00:00:02.750501,10,0.603627004462215,10,1,18,12,14,"[685, 422]",COMPLETE
714,714,0.2323006118794997,2.609696865081787,2021-06-19 13:52:12.489955,2021-06-19 13:52:15.101346,0 days 00:00:02.611391,100,0.7044121314824888,10,1,24,27,14,"[522, 600]",COMPLETE
715,715,inf,inf,2021-06-19 13:52:15.102830,2021-06-19 13:52:15.575184,0 days 00:00:00.472354,50,0.603627004462215,10,9,30,26,14,"[502, 457]",COMPLETE
716,716,0.28950325641095687,2.7192118167877197,2021-06-19 13:52:15.576887,2021-06-19 13:52:18.307564,0 days 00:00:02.730677,20,0.629201349454404,10,1,22,3,14,"[522, 511]",COMPLETE
717,717,0.23147769075425023,2.636960029602051,2021-06-19 13:52:18.309104,2021-06-19 13:52:20.947736,0 days 00:00:02.638632,50,0.7044121314824888,10,9,30,26,14,"[457, 553]",COMPLETE
718,718,0.28204434239785897,2.727466583251953,2021-06-19 13:52:20.949210,2021-06-19 13:52:23.678389,0 days 00:00:02.729179,30,0.7492482924832433,10,1,8,12,14,"[556, 316]",COMPLETE
719,719,0.23509042871875202,2.5999433994293213,2021-06-19 13:52:23.679874,2021-06-19 13:52:26.281586,0 days 00:00:02.601712,20,0.7044121314824888,10,9,13,25,14,"[553, 542]",COMPLETE
720,720,0.23415929898244614,2.714016914367676,2021-06-19 13:52:26.283045,2021-06-19 13:52:28.998778,0 days 00:00:02.715733,60,0.8047024443354969,10,1,22,26,14,"[302, 600]",COMPLETE
721,721,0.23611568990461532,2.5385124683380127,2021-06-19 13:52:29.000289,2021-06-19 13:52:31.540369,0 days 00:00:02.540080,10,0.603627004462215,10,1,30,25,14,"[316, 462]",COMPLETE
722,722,0.23656581730625023,2.573340654373169,2021-06-19 13:52:31.541600,2021-06-19 13:52:34.116696,0 days 00:00:02.575096,10,0.7492482924832433,10,2,9,25,14,"[556, 316]",COMPLETE
723,723,0.26350118216736745,2.795027732849121,2021-06-19 13:52:34.118086,2021-06-19 13:52:36.914848,0 days 00:00:02.796762,10,0.7492482924832433,10,13,9,15,14,"[600, 556]",COMPLETE
724,724,0.23548926391963088,2.5557267665863037,2021-06-19 13:52:36.916292,2021-06-19 13:52:39.473720,0 days 00:00:02.557428,20,0.603627004462215,10,1,27,23,14,"[433, 175]",COMPLETE
725,725,0.24058871303588553,2.6936380863189697,2021-06-19 13:52:39.474775,2021-06-19 13:52:42.169968,0 days 00:00:02.695193,10,0.7492482924832433,10,1,9,23,14,"[625, 573]",COMPLETE
726,726,0.23338525593973547,2.628638744354248,2021-06-19 13:52:42.171637,2021-06-19 13:52:44.802123,0 days 00:00:02.630486,20,0.7044121314824888,10,9,30,30,14,"[258, 553]",COMPLETE
727,727,0.23318192756626466,2.7629940509796143,2021-06-19 13:52:44.803263,2021-06-19 13:52:47.567816,0 days 00:00:02.764553,20,0.6314256997385901,10,9,18,26,14,"[462, 256]",COMPLETE
728,728,0.2351467420173812,2.6054399013519287,2021-06-19 13:52:47.569152,2021-06-19 13:52:50.176304,0 days 00:00:02.607152,90,0.6415492259649922,10,1,19,28,14,"[396, 620]",COMPLETE
729,729,0.23079226001543438,2.6277129650115967,2021-06-19 13:52:50.177573,2021-06-19 13:52:52.807058,0 days 00:00:02.629485,70,0.8047024443354969,10,1,22,26,14,"[672, 302]",COMPLETE
730,730,0.258016522943855,3.1419219970703125,2021-06-19 13:52:52.808474,2021-06-19 13:52:55.951906,0 days 00:00:03.143432,20,0.7044121314824888,6,9,23,27,14,"[480, 480]",COMPLETE
731,731,0.29003391963480796,2.6310524940490723,2021-06-19 13:52:55.953427,2021-06-19 13:52:58.586163,0 days 00:00:02.632736,90,0.6415492259649922,10,1,19,7,14,"[620, 636]",COMPLETE
732,732,0.257034319581329,2.8115782737731934,2021-06-19 13:52:58.587657,2021-06-19 13:53:01.401012,0 days 00:00:02.813355,20,0.9022886149028744,9,2,23,19,14,"[554, 684]",COMPLETE
733,733,0.229303305859102,2.630574941635132,2021-06-19 13:53:01.402265,2021-06-19 13:53:04.034372,0 days 00:00:02.632107,20,0.7044121314824888,10,9,23,27,14,"[480, 303]",COMPLETE
734,734,0.23156865943271165,2.6474058628082275,2021-06-19 13:53:04.035516,2021-06-19 13:53:06.684640,0 days 00:00:02.649124,20,0.7044121314824888,10,1,22,26,14,"[256, 511]",COMPLETE
735,735,0.23340412839121805,2.698967933654785,2021-06-19 13:53:06.686135,2021-06-19 13:53:09.386808,0 days 00:00:02.700673,50,0.7044121314824888,10,9,23,28,14,"[547, 480]",COMPLETE
736,736,0.23532057587466565,2.6838538646698,2021-06-19 13:53:09.388330,2021-06-19 13:53:12.073919,0 days 00:00:02.685589,20,0.5946478031205726,10,1,30,23,14,"[533, 636]",COMPLETE
737,737,0.23636697657698072,2.629957437515259,2021-06-19 13:53:12.075427,2021-06-19 13:53:14.706986,0 days 00:00:02.631559,40,0.7044121314824888,10,9,30,24,14,"[374, 532]",COMPLETE
738,738,0.23672926216089546,2.7028005123138428,2021-06-19 13:53:14.708510,2021-06-19 13:53:17.413022,0 days 00:00:02.704512,0,0.7044121314824888,10,9,19,27,14,"[303, 636]",COMPLETE
739,739,0.23247972724252636,2.6442854404449463,2021-06-19 13:53:17.414516,2021-06-19 13:53:20.060605,0 days 00:00:02.646089,20,0.7044121314824888,10,9,25,27,14,"[553, 672]",COMPLETE
740,740,0.2747299551745393,2.750309944152832,2021-06-19 13:53:20.062110,2021-06-19 13:53:22.814282,0 days 00:00:02.752172,20,0.8970524624332243,10,9,14,12,14,"[413, 374]",COMPLETE
741,741,0.29598819637240653,3.5048861503601074,2021-06-19 13:53:22.815329,2021-06-19 13:53:26.322135,0 days 00:00:03.506806,40,0.7044121314824888,4,14,26,23,14,"[407, 411]",COMPLETE
742,742,0.2300548985672982,2.723834991455078,2021-06-19 13:53:26.323174,2021-06-19 13:53:29.048846,0 days 00:00:02.725672,10,0.8047024443354969,10,14,30,26,14,"[302, 258]",COMPLETE
