,number,values_0,values_1,datetime_start,datetime_complete,duration,params_checks,params_n_ratio,params_nskip,params_trees,params_w1,params_w2,system_attrs_nsga2:generation,system_attrs_nsga2:parents,state
743,743,0.24282599884132083,2.5941884517669678,2021-06-19 13:53:29.050336,2021-06-19 13:53:31.646265,0 days 00:00:02.595929,20,0.7044121314824888,10,9,8,27,14,"[467, 480]",COMPLETE
744,744,0.23766000867346357,2.6931917667388916,2021-06-19 13:53:31.647747,2021-06-19 13:53:34.342496,0 days 00:00:02.694749,20,0.603627004462215,10,1,8,25,14,"[316, 522]",COMPLETE
745,745,0.24166209948828482,2.502948045730591,2021-06-19 13:53:34.343993,2021-06-19 13:53:36.848680,0 days 00:00:02.504687,10,0.7492482924832433,10,1,9,22,14,"[556, 433]",COMPLETE
746,746,0.23614787653808997,2.5643696784973145,2021-06-19 13:53:36.849877,2021-06-19 13:53:39.415842,0 days 00:00:02.565965,10,0.7044121314824888,10,1,30,23,14,"[374, 433]",COMPLETE
747,747,0.23655140141381914,2.6426749229431152,2021-06-19 13:53:39.417344,2021-06-19 13:53:42.061790,0 days 00:00:02.644446,50,0.6415492259649922,10,1,11,24,14,"[532, 678]",COMPLETE
748,748,0.24163866182877136,2.557650327682495,2021-06-19 13:53:42.063300,2021-06-19 13:53:44.622794,0 days 00:00:02.559494,10,0.6459572122253778,10,5,10,23,14,"[413, 396]",COMPLETE
749,749,0.2677891501148126,2.7363781929016113,2021-06-19 13:53:44.624343,2021-06-19 13:53:47.362382,0 days 00:00:02.738039,20,0.7044121314824888,10,9,18,17,14,"[175, 256]",COMPLETE
750,750,0.23910265512949083,2.639958620071411,2021-06-19 13:53:47.363766,2021-06-19 13:53:50.052397,0 days 00:00:02.688631,10,0.8047024443354969,10,11,9,25,15,"[556, 647]",COMPLETE
751,751,0.2335043053562585,2.7320778369903564,2021-06-19 13:53:50.053902,2021-06-19 13:53:52.787589,0 days 00:00:02.733687,10,0.7492482924832433,10,1,23,26,15,"[591, 556]",COMPLETE
752,752,0.2349747918612533,2.557518720626831,2021-06-19 13:53:52.789098,2021-06-19 13:53:55.348309,0 days 00:00:02.559211,20,0.629201349454404,10,1,22,25,15,"[511, 411]",COMPLETE
753,753,0.22999744305028783,2.6585049629211426,2021-06-19 13:53:55.349865,2021-06-19 13:53:58.010061,0 days 00:00:02.660196,60,0.799031613049072,10,5,26,26,15,"[535, 702]",COMPLETE
754,754,0.2341688774910464,2.770925760269165,2021-06-19 13:53:58.011414,2021-06-19 13:54:00.783906,0 days 00:00:02.772492,10,0.7815688639630782,10,12,20,25,15,"[251, 688]",COMPLETE
755,755,0.32630313142874307,2.574556350708008,2021-06-19 13:54:00.785309,2021-06-19 13:54:03.361566,0 days 00:00:02.576257,20,0.7039382016603601,10,1,30,2,15,"[566, 533]",COMPLETE
756,756,0.23213357021652842,2.71144700050354,2021-06-19 13:54:03.363052,2021-06-19 13:54:06.076136,0 days 00:00:02.713084,10,0.603627004462215,10,1,27,23,15,"[678, 433]",COMPLETE
757,757,0.23128820237175038,2.729895830154419,2021-06-19 13:54:06.077641,2021-06-19 13:54:08.809309,0 days 00:00:02.731668,100,0.8047024443354969,10,15,23,27,15,"[647, 467]",COMPLETE
758,758,0.2276627736293354,2.7259819507598877,2021-06-19 13:54:08.810703,2021-06-19 13:54:11.538251,0 days 00:00:02.727548,20,0.7044121314824888,10,9,24,26,15,"[566, 661]",COMPLETE
759,759,0.22893739996974902,2.5789635181427,2021-06-19 13:54:11.539728,2021-06-19 13:54:14.120274,0 days 00:00:02.580546,20,0.7044121314824888,10,9,24,26,15,"[256, 566]",COMPLETE
760,760,0.32264166138122413,2.749147415161133,2021-06-19 13:54:14.121777,2021-06-19 13:54:16.872773,0 days 00:00:02.750996,20,0.7044121314824888,10,9,30,3,15,"[366, 662]",COMPLETE
761,761,0.22938865247477397,2.613590955734253,2021-06-19 13:54:16.874294,2021-06-19 13:54:19.489451,0 days 00:00:02.615157,60,0.7044121314824888,10,4,26,26,15,"[684, 702]",COMPLETE
762,762,0.23326676764013646,2.634633779525757,2021-06-19 13:54:19.490926,2021-06-19 13:54:22.127439,0 days 00:00:02.636513,20,0.8047024443354969,10,11,22,26,15,"[566, 647]",COMPLETE
763,763,0.24385122950493188,2.77005672454834,2021-06-19 13:54:22.128851,2021-06-19 13:54:24.900629,0 days 00:00:02.771778,20,0.6314256997385901,10,5,1,24,15,"[535, 462]",COMPLETE
764,764,0.23428655029404305,2.5594589710235596,2021-06-19 13:54:24.902078,2021-06-19 13:54:27.463244,0 days 00:00:02.561166,10,0.603627004462215,10,9,30,26,15,"[366, 475]",COMPLETE
765,765,0.23831486676471553,2.65169620513916,2021-06-19 13:54:27.464772,2021-06-19 13:54:30.118217,0 days 00:00:02.653445,10,0.603627004462215,10,1,15,25,15,"[256, 316]",COMPLETE
766,766,0.24620660311943438,2.627619981765747,2021-06-19 13:54:30.119724,2021-06-19 13:54:32.749088,0 days 00:00:02.629364,50,0.7815688639630782,10,9,7,28,15,"[396, 661]",COMPLETE
767,767,0.24041949618657976,2.7063257694244385,2021-06-19 13:54:32.750596,2021-06-19 13:54:35.458691,0 days 00:00:02.708095,90,0.8047024443354969,10,1,5,26,15,"[302, 620]",COMPLETE
768,768,inf,inf,2021-06-19 13:54:35.460175,2021-06-19 13:54:35.877752,0 days 00:00:00.417577,10,0.603627004462215,10,1,1,25,15,"[721, 554]",COMPLETE
769,769,0.2344294933884938,2.6132447719573975,2021-06-19 13:54:35.879312,2021-06-19 13:54:38.496012,0 days 00:00:02.616700,20,0.629201349454404,10,1,25,25,15,"[662, 511]",COMPLETE
770,770,0.239783268800483,2.7616686820983887,2021-06-19 13:54:38.497355,2021-06-19 13:54:41.260421,0 days 00:00:02.763066,10,0.6459572122253778,10,1,10,23,15,"[573, 573]",COMPLETE
771,771,0.23782962339798971,2.5722098350524902,2021-06-19 13:54:41.261926,2021-06-19 13:54:43.836039,0 days 00:00:02.574113,20,0.7815688639630782,10,1,26,21,15,"[532, 662]",COMPLETE
772,772,0.23393622430593208,2.5392777919769287,2021-06-19 13:54:43.837508,2021-06-19 13:54:46.378368,0 days 00:00:02.540860,20,0.6314256997385901,10,1,30,26,15,"[661, 462]",COMPLETE
773,773,0.23155797145733836,2.7103445529937744,2021-06-19 13:54:46.379527,2021-06-19 13:54:49.091761,0 days 00:00:02.712234,10,0.603627004462215,10,7,30,26,15,"[475, 547]",COMPLETE
774,774,0.24896260538172998,2.6942319869995117,2021-06-19 13:54:49.093131,2021-06-19 13:54:51.789078,0 days 00:00:02.695947,20,0.6459572122253778,8,1,10,25,15,"[622, 573]",COMPLETE
775,775,inf,inf,2021-06-19 13:54:51.790592,2021-06-19 13:54:51.996504,0 days 00:00:00.205912,20,0.3599397602602026,10,9,26,12,15,"[662, 467]",COMPLETE
776,776,inf,inf,2021-06-19 13:54:52.005790,2021-06-19 13:54:52.197294,0 days 00:00:00.191504,10,0.31064137174560996,8,9,23,22,15,"[303, 622]",COMPLETE
777,777,0.3194004284824116,9.246670246124268,2021-06-19 13:54:52.200235,2021-06-19 13:55:01.450606,0 days 00:00:09.250371,30,0.629201349454404,0,1,22,25,15,"[532, 511]",COMPLETE
778,778,0.2333943631742736,2.7716152667999268,2021-06-19 13:55:01.452109,2021-06-19 13:55:04.225284,0 days 00:00:02.773175,50,0.7044121314824888,10,9,30,23,15,"[457, 636]",COMPLETE
779,779,0.23550628895660408,2.53161883354187,2021-06-19 13:55:04.226782,2021-06-19 13:55:06.760194,0 days 00:00:02.533412,20,0.8047024443354969,10,1,9,23,15,"[647, 433]",COMPLETE
780,780,0.23113306958773608,2.677661418914795,2021-06-19 13:55:06.761689,2021-06-19 13:55:09.441102,0 days 00:00:02.679413,20,0.9022886149028744,10,14,30,25,15,"[374, 554]",COMPLETE
781,781,0.2393596296296082,2.720726251602173,2021-06-19 13:55:09.442474,2021-06-19 13:55:12.165112,0 days 00:00:02.722638,10,0.7044121314824888,10,9,13,22,15,"[745, 374]",COMPLETE
782,782,0.2348285355883224,2.7060046195983887,2021-06-19 13:55:12.166603,2021-06-19 13:55:14.874188,0 days 00:00:02.707585,90,0.7044121314824888,10,9,19,27,15,"[303, 620]",COMPLETE
783,783,inf,inf,2021-06-19 13:55:14.875616,2021-06-19 13:55:15.334757,0 days 00:00:00.459141,20,0.5616469564302562,10,1,8,23,15,"[522, 573]",COMPLETE
784,784,0.23908619466186404,2.7561264038085938,2021-06-19 13:55:15.336460,2021-06-19 13:55:18.095313,0 days 00:00:02.758853,20,0.6459572122253778,10,1,10,23,15,"[573, 411]",COMPLETE
785,785,0.23072045745324313,2.6241540908813477,2021-06-19 13:55:18.096548,2021-06-19 13:55:20.722281,0 days 00:00:02.625733,50,0.7044121314824888,10,9,24,26,15,"[175, 457]",COMPLETE
786,786,0.23538100247693639,2.7272541522979736,2021-06-19 13:55:20.723655,2021-06-19 13:55:23.452504,0 days 00:00:02.728849,20,0.6415492259649922,10,9,19,26,15,"[258, 620]",COMPLETE
787,787,0.2852281911076789,2.565613031387329,2021-06-19 13:55:23.454024,2021-06-19 13:55:26.021449,0 days 00:00:02.567425,100,0.7492482924832433,10,1,13,7,15,"[600, 556]",COMPLETE
788,788,inf,inf,2021-06-19 13:55:26.022973,2021-06-19 13:55:26.348015,0 days 00:00:00.325042,20,0.5086749761033436,10,1,21,28,15,"[535, 366]",COMPLETE
789,789,0.24925006776827063,2.872239112854004,2021-06-19 13:55:26.361095,2021-06-19 13:55:29.236727,0 days 00:00:02.875632,0,0.603627004462215,8,9,30,25,15,"[662, 533]",COMPLETE
790,790,0.2390308838899519,2.6102609634399414,2021-06-19 13:55:29.237983,2021-06-19 13:55:31.850166,0 days 00:00:02.612183,0,0.7492482924832433,10,3,9,23,15,"[678, 556]",COMPLETE
791,791,0.24098000815600726,2.698486804962158,2021-06-19 13:55:31.851680,2021-06-19 13:55:34.551969,0 days 00:00:02.700289,20,0.6314256997385901,10,1,14,27,15,"[522, 535]",COMPLETE
792,792,0.23368510793539174,2.7023203372955322,2021-06-19 13:55:34.553486,2021-06-19 13:55:37.257417,0 days 00:00:02.703931,10,0.7044121314824888,10,9,23,23,15,"[413, 553]",COMPLETE
793,793,0.24405995575329392,2.659820318222046,2021-06-19 13:55:37.258787,2021-06-19 13:55:39.920649,0 days 00:00:02.661862,20,0.9022886149028744,10,11,3,27,15,"[366, 554]",COMPLETE
794,794,0.27915715434731886,2.804145097732544,2021-06-19 13:55:39.921878,2021-06-19 13:55:42.727979,0 days 00:00:02.806101,50,0.7815688639630782,9,1,30,11,15,"[396, 462]",COMPLETE
795,795,0.23439078058467788,2.6490225791931152,2021-06-19 13:55:42.729349,2021-06-19 13:55:45.380105,0 days 00:00:02.650756,10,0.7815688639630782,10,11,20,23,15,"[251, 745]",COMPLETE
796,796,0.23349191269179428,2.680849075317383,2021-06-19 13:55:45.381618,2021-06-19 13:55:48.064067,0 days 00:00:02.682449,10,0.7044121314824888,10,4,26,26,15,"[547, 251]",COMPLETE
797,797,0.23215960871428917,2.621601104736328,2021-06-19 13:55:48.065485,2021-06-19 13:55:50.689043,0 days 00:00:02.623558,10,0.8374240987203874,10,8,25,25,15,"[745, 600]",COMPLETE
798,798,0.2532991968207709,2.9994640350341797,2021-06-19 13:55:50.690562,2021-06-19 13:55:53.692156,0 days 00:00:03.001594,20,0.7044121314824888,7,9,17,26,15,"[256, 688]",COMPLETE
799,799,0.2610194261406107,2.718539237976074,2021-06-19 13:55:53.693690,2021-06-19 13:55:56.414396,0 days 00:00:02.720706,100,0.6729716221820838,10,9,11,17,15,"[622, 535]",COMPLETE
800,800,0.23033191309448656,2.896357536315918,2021-06-19 13:55:56.415611,2021-06-19 13:57:11.869476,0 days 00:01:15.453865,100,0.8794302864582317,10,9,26,26,16,"[411, 480]",COMPLETE
801,801,0.2317246597775834,2.57863712310791,2021-06-19 13:57:11.871763,2021-06-19 13:57:14.452741,0 days 00:00:02.580978,20,0.7044121314824888,10,1,30,26,16,"[566, 374]",COMPLETE
802,802,inf,inf,2021-06-19 13:57:14.454233,2021-06-19 13:57:15.052630,0 days 00:00:00.598397,20,0.603627004462215,6,1,24,23,16,"[622, 622]",COMPLETE
803,803,0.23309922480985795,2.7836506366729736,2021-06-19 13:57:15.054462,2021-06-19 13:57:17.841285,0 days 00:00:02.786823,70,0.7044121314824888,10,1,23,27,16,"[647, 467]",COMPLETE
804,804,0.23125016921849867,2.610201358795166,2021-06-19 13:57:17.842701,2021-06-19 13:57:20.454718,0 days 00:00:02.612017,20,0.7044121314824888,10,9,23,25,16,"[467, 662]",COMPLETE
805,805,0.23231096388446115,2.7240543365478516,2021-06-19 13:57:20.456250,2021-06-19 13:57:23.181937,0 days 00:00:02.725687,20,0.775837870117549,10,9,30,25,16,"[661, 542]",COMPLETE
806,806,0.27015606009700216,2.5801000595092773,2021-06-19 13:57:23.183440,2021-06-19 13:57:25.765123,0 days 00:00:02.581683,10,0.603627004462215,10,1,8,16,16,"[316, 316]",COMPLETE
807,807,0.22906093189856297,2.786010265350342,2021-06-19 13:57:25.766661,2021-06-19 13:57:28.554342,0 days 00:00:02.787681,20,0.8047024443354969,10,9,30,26,16,"[779, 258]",COMPLETE
808,808,0.23801729901471075,2.5367958545684814,2021-06-19 13:57:28.555738,2021-06-19 13:57:31.094257,0 days 00:00:02.538519,10,0.603627004462215,10,1,8,25,16,"[316, 411]",COMPLETE
809,809,0.23150161375835884,2.7001116275787354,2021-06-19 13:57:31.095784,2021-06-19 13:57:33.797765,0 days 00:00:02.701981,10,0.7492482924832433,10,8,27,25,16,"[433, 556]",COMPLETE
810,810,0.2501245642001405,2.560108184814453,2021-06-19 13:57:33.799288,2021-06-19 13:57:36.361195,0 days 00:00:02.561907,20,0.7044121314824888,10,1,9,19,16,"[745, 374]",COMPLETE
811,811,0.23570837241192746,2.5320026874542236,2021-06-19 13:57:36.362450,2021-06-19 13:57:38.896122,0 days 00:00:02.533672,20,0.6314256997385901,10,1,22,24,16,"[462, 511]",COMPLETE
812,812,0.23224116505934256,2.696519613265991,2021-06-19 13:57:38.897631,2021-06-19 13:57:41.595883,0 days 00:00:02.698252,60,0.7044121314824888,10,1,24,26,16,"[316, 758]",COMPLETE
813,813,0.23039501424628497,2.5812900066375732,2021-06-19 13:57:41.597408,2021-06-19 13:57:44.180436,0 days 00:00:02.583028,20,0.775837870117549,10,7,24,26,16,"[175, 542]",COMPLETE
814,814,0.2609414271977029,2.704702138900757,2021-06-19 13:57:44.181852,2021-06-19 13:57:46.888441,0 days 00:00:02.706589,50,0.6552609239225046,10,4,26,14,16,"[547, 566]",COMPLETE
815,815,0.2379323663172413,2.650240659713745,2021-06-19 13:57:46.889977,2021-06-19 13:57:49.542043,0 days 00:00:02.652066,100,0.7044121314824888,10,1,8,25,16,"[522, 600]",COMPLETE
816,816,0.22786343208121482,2.776010751724243,2021-06-19 13:57:49.543571,2021-06-19 13:57:52.321405,0 days 00:00:02.777834,50,0.7044121314824888,10,15,30,26,16,"[457, 374]",COMPLETE
817,817,0.23510826179596966,2.539926052093506,2021-06-19 13:57:52.322692,2021-06-19 13:57:54.864388,0 days 00:00:02.541696,20,0.6314256997385901,10,2,14,25,16,"[620, 535]",COMPLETE
818,818,0.23644861971478753,2.6087253093719482,2021-06-19 13:57:54.865908,2021-06-19 13:57:57.476315,0 days 00:00:02.610407,20,0.6415492259649922,10,5,14,24,16,"[407, 535]",COMPLETE
819,819,0.23591409289821952,2.7347497940063477,2021-06-19 13:57:57.477844,2021-06-19 13:58:00.214214,0 days 00:00:02.736370,20,0.629201349454404,10,9,18,25,16,"[511, 256]",COMPLETE
820,820,0.26721505688654423,2.685547113418579,2021-06-19 13:58:00.215628,2021-06-19 13:58:02.902985,0 days 00:00:02.687357,90,0.6415492259649922,10,1,30,15,16,"[475, 620]",COMPLETE
821,821,0.28521276325409906,3.9466168880462646,2021-06-19 13:58:02.904488,2021-06-19 13:58:06.852873,0 days 00:00:03.948385,20,0.7044121314824888,3,9,9,27,16,"[467, 625]",COMPLETE
822,822,0.2375220931893946,2.562993049621582,2021-06-19 13:58:06.854401,2021-06-19 13:58:09.419216,0 days 00:00:02.564815,20,0.7492482924832433,10,1,9,25,16,"[488, 556]",COMPLETE
823,823,0.23192622962665402,2.646270275115967,2021-06-19 13:58:09.420700,2021-06-19 13:58:12.068462,0 days 00:00:02.647762,0,0.6415492259649922,10,1,19,23,16,"[636, 636]",COMPLETE
824,824,inf,inf,2021-06-19 13:58:12.069994,2021-06-19 13:58:12.452209,0 days 00:00:00.382215,100,0.5415560431263629,10,9,24,26,16,"[759, 533]",COMPLETE
825,825,inf,inf,2021-06-19 13:58:12.455943,2021-06-19 13:58:12.627117,0 days 00:00:00.171174,20,0.33238173680645966,10,16,30,25,16,"[625, 488]",COMPLETE
826,826,0.2297502113299019,2.6445088386535645,2021-06-19 13:58:12.632247,2021-06-19 13:58:15.279751,0 days 00:00:02.647504,20,0.7044121314824888,10,4,26,26,16,"[411, 547]",COMPLETE
827,827,0.2509598427539444,2.9096691608428955,2021-06-19 13:58:15.280968,2021-06-19 13:58:18.192363,0 days 00:00:02.911395,10,0.603627004462215,8,15,30,25,16,"[721, 721]",COMPLETE
828,828,inf,inf,2021-06-19 13:58:18.193742,2021-06-19 13:58:18.758384,0 days 00:00:00.564642,50,0.603627004462215,8,9,24,25,16,"[457, 622]",COMPLETE
829,829,inf,inf,2021-06-19 13:58:18.760341,2021-06-19 13:58:18.958741,0 days 00:00:00.198400,20,0.30521596827758674,10,1,4,26,16,"[488, 457]",COMPLETE
830,830,0.28243150712097165,3.4993460178375244,2021-06-19 13:58:18.961727,2021-06-19 13:58:22.464791,0 days 00:00:03.503064,50,0.7044121314824888,4,9,30,28,16,"[396, 480]",COMPLETE
831,831,0.2320755684353694,2.7091002464294434,2021-06-19 13:58:22.466369,2021-06-19 13:58:25.177268,0 days 00:00:02.710899,80,0.7044121314824888,10,1,23,27,16,"[467, 647]",COMPLETE
832,832,0.30422125773940556,5.995181083679199,2021-06-19 13:58:25.178812,2021-06-19 13:58:31.176059,0 days 00:00:05.997247,80,0.7044121314824888,1,9,2,26,16,"[374, 759]",COMPLETE
833,833,inf,inf,2021-06-19 13:58:31.177460,2021-06-19 13:58:31.417087,0 days 00:00:00.239627,20,0.4585040291623995,10,9,23,27,16,"[467, 467]",COMPLETE
834,834,0.23211801477769595,2.75049090385437,2021-06-19 13:58:31.419609,2021-06-19 13:58:34.173244,0 days 00:00:02.753635,90,0.6415492259649922,10,1,19,25,16,"[366, 620]",COMPLETE
835,835,inf,inf,2021-06-19 13:58:34.174782,2021-06-19 13:58:34.666189,0 days 00:00:00.491407,90,0.603627004462215,10,6,8,25,16,"[625, 316]",COMPLETE
836,836,0.23865596990426213,2.6395256519317627,2021-06-19 13:58:34.669782,2021-06-19 13:58:37.312554,0 days 00:00:02.642772,10,0.6459572122253778,10,10,10,25,16,"[413, 556]",COMPLETE
837,837,0.23838992773583018,2.7816483974456787,2021-06-19 13:58:37.314099,2021-06-19 13:58:40.097382,0 days 00:00:02.783283,10,0.6459572122253778,10,9,10,23,16,"[573, 758]",COMPLETE
838,838,0.243132947337865,2.6005265712738037,2021-06-19 13:58:40.098921,2021-06-19 13:58:42.701231,0 days 00:00:02.602310,20,0.7044121314824888,10,9,26,21,16,"[411, 467]",COMPLETE
839,839,0.23423541469125445,2.8971400260925293,2021-06-19 13:58:42.702775,2021-06-19 13:58:45.601794,0 days 00:00:02.899019,20,0.9496510330993289,10,13,19,25,16,"[688, 467]",COMPLETE
840,840,0.22927383173054933,2.5444939136505127,2021-06-19 13:58:45.603296,2021-06-19 13:58:48.149452,0 days 00:00:02.546156,20,0.8047024443354969,10,1,24,25,16,"[622, 647]",COMPLETE
841,841,0.23267530967280242,2.556325674057007,2021-06-19 13:58:48.150623,2021-06-19 13:58:50.708941,0 days 00:00:02.558318,90,0.775837870117549,10,1,23,26,16,"[542, 566]",COMPLETE
842,842,0.228812870189499,2.714143753051758,2021-06-19 13:58:50.710488,2021-06-19 13:58:53.426284,0 days 00:00:02.715796,20,0.7044121314824888,10,9,30,25,16,"[662, 488]",COMPLETE
843,843,0.2297321625776383,2.611863374710083,2021-06-19 13:58:53.427825,2021-06-19 13:58:56.041403,0 days 00:00:02.613578,20,0.8047024443354969,10,9,23,26,16,"[480, 647]",COMPLETE
844,844,0.2310965183616121,2.6683688163757324,2021-06-19 13:58:56.042930,2021-06-19 13:58:58.713271,0 days 00:00:02.670341,100,0.7492482924832433,10,1,21,25,16,"[622, 600]",COMPLETE
845,845,0.2323103520118563,2.5985450744628906,2021-06-19 13:58:58.714791,2021-06-19 13:59:01.315036,0 days 00:00:02.600245,20,0.8047024443354969,10,1,23,27,16,"[647, 467]",COMPLETE
846,846,inf,inf,2021-06-19 13:59:01.316593,2021-06-19 13:59:01.497908,0 days 00:00:00.181315,20,0.4275528073442844,10,1,7,22,16,"[688, 745]",COMPLETE
847,847,0.23683094912540015,2.7184791564941406,2021-06-19 13:59:01.505322,2021-06-19 13:59:04.226634,0 days 00:00:02.721312,50,0.6415492259649922,10,1,13,26,16,"[302, 688]",COMPLETE
848,848,0.23246817921176255,2.5538628101348877,2021-06-19 13:59:04.227953,2021-06-19 13:59:06.783557,0 days 00:00:02.555604,20,0.7044121314824888,10,12,30,23,16,"[251, 374]",COMPLETE
849,849,0.23718616341948054,2.4822511672973633,2021-06-19 13:59:06.785103,2021-06-19 13:59:09.269018,0 days 00:00:02.483915,10,0.6415492259649922,10,1,22,23,16,"[678, 745]",COMPLETE
850,850,0.3007777787145622,2.6360089778900146,2021-06-19 13:59:09.270392,2021-06-19 13:59:11.954505,0 days 00:00:02.684113,10,0.603627004462215,10,1,9,6,17,"[316, 556]",COMPLETE
851,851,0.23846880482603394,2.75813627243042,2021-06-19 13:59:11.956081,2021-06-19 13:59:14.716069,0 days 00:00:02.759988,20,0.8166689299925107,8,7,24,26,17,"[840, 813]",COMPLETE
852,852,0.2367725794624176,2.6903696060180664,2021-06-19 13:59:14.717522,2021-06-19 13:59:17.409678,0 days 00:00:02.692156,20,0.6314256997385901,10,1,30,25,17,"[772, 840]",COMPLETE
853,853,0.23576856862483603,2.613769769668579,2021-06-19 13:59:17.411076,2021-06-19 13:59:20.026644,0 days 00:00:02.615568,20,0.6459572122253778,10,9,24,30,17,"[759, 573]",COMPLETE
854,854,0.23456381001076088,2.668840169906616,2021-06-19 13:59:20.028056,2021-06-19 13:59:22.698719,0 days 00:00:02.670663,20,0.7044121314824888,10,2,30,26,17,"[816, 522]",COMPLETE
855,855,0.2393354178252777,2.6381938457489014,2021-06-19 13:59:22.700264,2021-06-19 13:59:25.340131,0 days 00:00:02.639867,20,0.6314256997385901,10,2,14,24,17,"[817, 462]",COMPLETE
856,856,inf,inf,2021-06-19 13:59:25.341640,2021-06-19 13:59:25.797641,0 days 00:00:00.456001,10,0.5880237335738312,10,9,30,26,17,"[772, 475]",COMPLETE
857,857,0.23532382592047488,2.624667167663574,2021-06-19 13:59:25.799560,2021-06-19 13:59:28.427205,0 days 00:00:02.627645,20,0.7044121314824888,10,9,14,25,17,"[303, 817]",COMPLETE
858,858,0.23184301746576938,2.726605176925659,2021-06-19 13:59:28.428661,2021-06-19 13:59:31.156934,0 days 00:00:02.728273,20,0.7044121314824888,10,9,23,27,17,"[480, 374]",COMPLETE
859,859,0.23044402098425168,2.610429525375366,2021-06-19 13:59:31.158493,2021-06-19 13:59:33.770863,0 days 00:00:02.612370,80,0.7492482924832433,10,1,24,25,17,"[745, 600]",COMPLETE
860,860,0.23061174733333903,2.677788496017456,2021-06-19 13:59:33.772296,2021-06-19 13:59:36.451868,0 days 00:00:02.679572,20,0.7044121314824888,10,1,27,27,17,"[849, 522]",COMPLETE
861,861,0.33184749753612425,2.5813634395599365,2021-06-19 13:59:36.453407,2021-06-19 13:59:39.036394,0 days 00:00:02.582987,20,0.7044121314824888,10,9,30,2,17,"[366, 366]",COMPLETE
862,862,0.2377564068171219,2.8674769401550293,2021-06-19 13:59:39.037490,2021-06-19 13:59:41.906904,0 days 00:00:02.869414,30,0.9547258776227545,10,1,14,24,17,"[462, 535]",COMPLETE
863,863,inf,inf,2021-06-19 13:59:41.908005,2021-06-19 13:59:42.483690,0 days 00:00:00.575685,90,0.5956387557410975,10,13,30,26,17,"[175, 661]",COMPLETE
864,864,0.2335117860902758,2.6479084491729736,2021-06-19 13:59:42.486822,2021-06-19 13:59:45.137676,0 days 00:00:02.650854,90,0.6415492259649922,10,1,19,25,17,"[684, 620]",COMPLETE
865,865,0.2338036315642274,2.7280218601226807,2021-06-19 13:59:45.138984,2021-06-19 13:59:47.869111,0 days 00:00:02.730127,100,0.7039382016603601,10,1,28,23,17,"[175, 849]",COMPLETE
