,number,values_0,values_1,datetime_start,datetime_complete,duration,params_checks,params_n_ratio,params_nskip,params_trees,params_w1,params_w2,system_attrs_nsga2:generation,system_attrs_nsga2:parents,state
4681,4681,0.23136526005883776,2.7108426094055176,2021-06-19 17:34:00.099241,2021-06-19 17:34:02.816068,0 days 00:00:02.716827,100,0.775837870117549,10,1,30,26,93,"[1028, 3566]",COMPLETE
4682,4682,0.28345968809454375,3.271317958831787,2021-06-19 17:34:02.819114,2021-06-19 17:34:06.096637,0 days 00:00:03.277523,20,0.6415492259649922,5,1,24,23,93,"[2762, 849]",COMPLETE
4683,4683,inf,inf,2021-06-19 17:34:06.099421,2021-06-19 17:34:06.294065,0 days 00:00:00.194644,10,0.43981542952027486,10,1,26,26,93,"[1028, 3256]",COMPLETE
4684,4684,0.2296330013425414,2.6393215656280518,2021-06-19 17:34:06.300474,2021-06-19 17:34:08.953745,0 days 00:00:02.653271,0,0.7492482924832433,10,1,23,25,93,"[2078, 1312]",COMPLETE
4685,4685,0.22983562437392135,2.629558801651001,2021-06-19 17:34:08.956824,2021-06-19 17:34:11.592459,0 days 00:00:02.635635,20,0.7492482924832433,10,12,23,26,93,"[2078, 4331]",COMPLETE
4686,4686,0.2992725996512125,3.929752826690674,2021-06-19 17:34:11.595471,2021-06-19 17:34:15.531220,0 days 00:00:03.935749,20,0.7044121314824888,3,9,22,19,93,"[3256, 849]",COMPLETE
4687,4687,0.2333148818704525,2.6170127391815186,2021-06-19 17:34:15.533818,2021-06-19 17:34:18.156444,0 days 00:00:02.622626,20,0.8047024443354969,10,1,23,26,93,"[647, 647]",COMPLETE
4688,4688,0.241221759347659,2.808342695236206,2021-06-19 17:34:18.159239,2021-06-19 17:34:20.974205,0 days 00:00:02.814966,20,0.7044121314824888,10,16,8,25,93,"[3195, 1599]",COMPLETE
4689,4689,inf,inf,2021-06-19 17:34:20.976706,2021-06-19 17:34:21.300239,0 days 00:00:00.323533,10,0.5127134596850573,10,1,9,25,93,"[745, 1028]",COMPLETE
4690,4690,0.2442652542479406,2.5894246101379395,2021-06-19 17:34:21.307878,2021-06-19 17:34:23.909925,0 days 00:00:02.602047,20,0.775837870117549,10,1,21,21,93,"[1745, 3760]",COMPLETE
4691,4691,0.2444808605265949,2.8933441638946533,2021-06-19 17:34:23.912980,2021-06-19 17:34:26.812297,0 days 00:00:02.899317,20,0.9699226005544566,10,1,30,30,93,"[3100, 2991]",COMPLETE
4692,4692,0.23357814734393068,2.740016222000122,2021-06-19 17:34:26.815296,2021-06-19 17:34:29.561173,0 days 00:00:02.745877,40,0.7044121314824888,10,1,30,25,93,"[4419, 2960]",COMPLETE
4693,4693,0.24574878583190868,2.6761929988861084,2021-06-19 17:34:29.564213,2021-06-19 17:34:32.246523,0 days 00:00:02.682310,20,0.7492482924832433,10,9,20,20,93,"[1389, 2465]",COMPLETE
4694,4694,0.24725171631674134,2.7521846294403076,2021-06-19 17:34:32.249577,2021-06-19 17:34:35.008476,0 days 00:00:02.758899,20,0.7044121314824888,10,1,4,22,93,"[1599, 4557]",COMPLETE
4695,4695,0.23076194123491442,2.6417737007141113,2021-06-19 17:34:35.011452,2021-06-19 17:34:37.659347,0 days 00:00:02.647895,20,0.7044121314824888,10,1,28,25,93,"[4236, 2659]",COMPLETE
4696,4696,0.26148641152737684,2.951629400253296,2021-06-19 17:34:37.662168,2021-06-19 17:34:40.620583,0 days 00:00:02.958415,20,0.6322788411422802,6,1,30,26,93,"[3566, 3195]",COMPLETE
4697,4697,0.2321173886607581,2.8464808464050293,2021-06-19 17:34:40.623603,2021-06-19 17:34:43.476278,0 days 00:00:02.852675,80,0.7044121314824888,10,9,30,25,93,"[2960, 1218]",COMPLETE
4698,4698,0.23688770331156975,2.5199906826019287,2021-06-19 17:34:43.479348,2021-06-19 17:34:46.005447,0 days 00:00:02.526099,10,0.6415492259649922,10,1,24,23,93,"[849, 4331]",COMPLETE
4699,4699,0.23069457056598697,2.704427480697632,2021-06-19 17:34:46.008465,2021-06-19 17:34:48.718626,0 days 00:00:02.710161,30,0.9217045221384648,10,9,30,26,93,"[2963, 2963]",COMPLETE
4700,4700,0.26500537432036425,2.7208831310272217,2021-06-19 17:34:48.721528,2021-06-19 17:36:03.179034,0 days 00:01:14.457506,20,0.775837870117549,10,1,30,12,94,"[1974, 4331]",COMPLETE
4701,4701,0.28679575327444756,3.3690123558044434,2021-06-19 17:36:03.185489,2021-06-19 17:36:06.562180,0 days 00:00:03.376691,20,0.7044121314824888,4,1,30,25,94,"[3260, 3260]",COMPLETE
4702,4702,0.2555212820871928,3.0355331897735596,2021-06-19 17:36:06.565126,2021-06-19 17:36:09.606580,0 days 00:00:03.041454,10,0.7492482924832433,7,1,30,25,94,"[4258, 880]",COMPLETE
4703,4703,0.23211154496909678,2.6508305072784424,2021-06-19 17:36:09.609613,2021-06-19 17:36:12.266308,0 days 00:00:02.656695,20,0.7100511651342796,10,15,30,25,94,"[4258, 2762]",COMPLETE
4704,4704,0.2941835804340311,3.8831698894500732,2021-06-19 17:36:12.269036,2021-06-19 17:36:16.158281,0 days 00:00:03.889245,40,0.775837870117549,3,1,30,25,94,"[2762, 3760]",COMPLETE
4705,4705,0.23440659942034417,2.647996664047241,2021-06-19 17:36:16.161271,2021-06-19 17:36:18.815528,0 days 00:00:02.654257,30,0.7044121314824888,9,1,30,25,94,"[1656, 1246]",COMPLETE
4706,4706,0.24171662968225688,2.7009365558624268,2021-06-19 17:36:18.818560,2021-06-19 17:36:21.525452,0 days 00:00:02.706892,10,0.7044121314824888,8,1,11,26,94,"[3105, 3105]",COMPLETE
4707,4707,0.25126191159687333,2.7881486415863037,2021-06-19 17:36:21.528210,2021-06-19 17:36:24.322380,0 days 00:00:02.794170,20,0.7100511651342796,10,9,30,19,94,"[2762, 1244]",COMPLETE
4708,4708,0.23347659453893174,2.620445966720581,2021-06-19 17:36:24.325354,2021-06-19 17:36:26.951828,0 days 00:00:02.626474,100,0.7100511651342796,10,1,30,25,94,"[2762, 3483]",COMPLETE
4709,4709,0.23169213852126894,2.6143414974212646,2021-06-19 17:36:26.954855,2021-06-19 17:36:29.575147,0 days 00:00:02.620292,20,0.7044121314824888,10,1,22,25,94,"[1929, 849]",COMPLETE
4710,4710,0.23116452970644907,2.8109939098358154,2021-06-19 17:36:29.578089,2021-06-19 17:36:32.394885,0 days 00:00:02.816796,20,0.8047024443354969,10,1,30,25,94,"[1006, 647]",COMPLETE
4711,4711,0.2735219521116638,2.6969943046569824,2021-06-19 17:36:32.397921,2021-06-19 17:36:35.100923,0 days 00:00:02.703002,70,0.7044121314824888,10,9,30,14,94,"[3307, 1159]",COMPLETE
4712,4712,0.23324534417985798,2.7106523513793945,2021-06-19 17:36:35.104023,2021-06-19 17:36:37.820685,0 days 00:00:02.716662,20,0.7044121314824888,10,1,30,26,94,"[4557, 3105]",COMPLETE
4713,4713,0.23141587055273583,2.5910027027130127,2021-06-19 17:36:37.823541,2021-06-19 17:36:40.420332,0 days 00:00:02.596791,10,0.7044121314824888,10,1,30,25,94,"[2659, 1974]",COMPLETE
4714,4714,0.23129323458351064,2.638751745223999,2021-06-19 17:36:40.423478,2021-06-19 17:36:43.068935,0 days 00:00:02.645457,20,0.9207449987235947,10,1,27,25,94,"[1735, 3260]",COMPLETE
4715,4715,0.24307213103294523,2.749452829360962,2021-06-19 17:36:43.071965,2021-06-19 17:36:45.827238,0 days 00:00:02.755273,10,0.7044121314824888,10,1,30,22,94,"[745, 3195]",COMPLETE
4716,4716,0.23152544533808295,2.6138193607330322,2021-06-19 17:36:45.830252,2021-06-19 17:36:48.450197,0 days 00:00:02.619945,10,0.8788848673679213,10,1,22,24,94,"[1159, 849]",COMPLETE
4717,4717,0.2288942332792323,2.6237988471984863,2021-06-19 17:36:48.453239,2021-06-19 17:36:51.083237,0 days 00:00:02.629998,80,0.7044121314824888,10,1,30,26,94,"[411, 1656]",COMPLETE
4718,4718,0.23538944488265304,2.7402913570404053,2021-06-19 17:36:51.086249,2021-06-19 17:36:53.832726,0 days 00:00:02.746477,30,0.7044121314824888,10,1,30,26,94,"[647, 2963]",COMPLETE
4719,4719,0.22860103761380385,2.570260763168335,2021-06-19 17:36:53.835696,2021-06-19 17:36:56.411783,0 days 00:00:02.576087,20,0.7044121314824888,10,1,30,26,94,"[1974, 3105]",COMPLETE
4720,4720,0.22878329753843568,2.7616701126098633,2021-06-19 17:36:56.414812,2021-06-19 17:36:59.182358,0 days 00:00:02.767546,20,0.7044121314824888,10,9,30,25,94,"[908, 1006]",COMPLETE
4721,4721,0.23927536742981806,2.569506883621216,2021-06-19 17:36:59.185386,2021-06-19 17:37:01.760723,0 days 00:00:02.575337,10,0.7044121314824888,10,1,7,25,94,"[1246, 1246]",COMPLETE
4722,4722,0.23307915058891102,2.7023985385894775,2021-06-19 17:37:01.763876,2021-06-19 17:37:04.472799,0 days 00:00:02.708923,20,0.8047024443354969,10,1,24,25,94,"[2063, 1929]",COMPLETE
4723,4723,0.23165667235964615,2.8004324436187744,2021-06-19 17:37:04.475939,2021-06-19 17:37:07.282975,0 days 00:00:02.807036,20,0.7044121314824888,10,13,30,26,94,"[2465, 647]",COMPLETE
4724,4724,0.2808867111342446,2.5632598400115967,2021-06-19 17:37:07.285833,2021-06-19 17:37:09.855240,0 days 00:00:02.569407,10,0.7492482924832433,10,1,22,5,94,"[849, 1389]",COMPLETE
4725,4725,0.23994707490591868,2.62984037399292,2021-06-19 17:37:09.858321,2021-06-19 17:37:12.494150,0 days 00:00:02.635829,10,0.7492482924832433,10,1,6,26,94,"[745, 3105]",COMPLETE
4726,4726,0.2281584608583074,2.7587852478027344,2021-06-19 17:37:12.497324,2021-06-19 17:37:15.262901,0 days 00:00:02.765577,20,0.717778124648403,10,1,30,24,94,"[1159, 1389]",COMPLETE
4727,4727,inf,inf,2021-06-19 17:37:15.265953,2021-06-19 17:37:15.709905,0 days 00:00:00.443952,20,0.603627004462215,10,1,8,25,94,"[3195, 316]",COMPLETE
4728,4728,0.23250951945614337,2.5637032985687256,2021-06-19 17:37:15.716445,2021-06-19 17:37:18.295634,0 days 00:00:02.579189,10,0.7044121314824888,10,1,30,25,94,"[1246, 1246]",COMPLETE
4729,4729,0.25930820096777746,2.5531680583953857,2021-06-19 17:37:18.298743,2021-06-19 17:37:20.857878,0 days 00:00:02.559135,20,0.775837870117549,10,1,30,15,94,"[1974, 4331]",COMPLETE
4730,4730,0.24107653444101126,2.7229833602905273,2021-06-19 17:37:20.860908,2021-06-19 17:37:23.589919,0 days 00:00:02.729011,10,0.7492482924832433,10,1,30,21,94,"[1028, 1159]",COMPLETE
4731,4731,0.23367731026259236,2.568791627883911,2021-06-19 17:37:23.592958,2021-06-19 17:37:26.167545,0 days 00:00:02.574587,20,0.7044121314824888,10,1,30,24,94,"[1159, 1159]",COMPLETE
4732,4732,0.23682267832814416,2.7426371574401855,2021-06-19 17:37:26.170523,2021-06-19 17:37:28.919179,0 days 00:00:02.748656,20,0.7492482924832433,10,1,15,26,94,"[1974, 1389]",COMPLETE
4733,4733,0.23117108193383812,2.5392425060272217,2021-06-19 17:37:28.921817,2021-06-19 17:37:31.466879,0 days 00:00:02.545062,20,0.7044121314824888,10,1,30,28,94,"[4523, 1006]",COMPLETE
4734,4734,0.23159021442850988,2.60465145111084,2021-06-19 17:37:31.469930,2021-06-19 17:37:34.080821,0 days 00:00:02.610891,20,0.775837870117549,10,7,30,26,94,"[3256, 1974]",COMPLETE
4735,4735,0.2274690273174664,2.693146228790283,2021-06-19 17:37:34.083824,2021-06-19 17:37:36.783100,0 days 00:00:02.699276,20,0.7673996399250583,10,1,30,25,94,"[1028, 2209]",COMPLETE
4736,4736,0.2299597008265677,2.676516532897949,2021-06-19 17:37:36.785826,2021-06-19 17:37:39.468473,0 days 00:00:02.682647,70,0.7044121314824888,10,7,30,25,94,"[1244, 3195]",COMPLETE
4737,4737,0.2700586746602142,3.2747368812561035,2021-06-19 17:37:39.471261,2021-06-19 17:37:42.752037,0 days 00:00:03.280776,20,0.775837870117549,5,1,30,26,94,"[3566, 1244]",COMPLETE
4738,4738,0.24225323937667587,2.575390338897705,2021-06-19 17:37:42.754973,2021-06-19 17:37:45.336204,0 days 00:00:02.581231,20,0.7492482924832433,10,1,9,22,94,"[745, 900]",COMPLETE
4739,4739,0.23607675376616083,2.5958333015441895,2021-06-19 17:37:45.338953,2021-06-19 17:37:47.940851,0 days 00:00:02.601898,60,0.7044121314824888,10,1,24,25,94,"[2209, 3195]",COMPLETE
4740,4740,0.22994392751325737,2.81123948097229,2021-06-19 17:37:47.943996,2021-06-19 17:37:50.761753,0 days 00:00:02.817757,20,0.7044121314824888,10,9,30,25,94,"[2063, 2960]",COMPLETE
4741,4741,0.242557663910426,2.5823352336883545,2021-06-19 17:37:50.764871,2021-06-19 17:37:53.353394,0 days 00:00:02.588523,40,0.7044121314824888,10,1,24,21,94,"[2762, 1246]",COMPLETE
4742,4742,0.2330153070130934,2.720799446105957,2021-06-19 17:37:53.356382,2021-06-19 17:37:56.083140,0 days 00:00:02.726758,20,0.7994481517982228,10,1,30,26,94,"[1656, 647]",COMPLETE
4743,4743,0.2552019221340763,2.582160472869873,2021-06-19 17:37:56.085775,2021-06-19 17:37:58.673941,0 days 00:00:02.588166,20,0.7044121314824888,10,1,24,18,94,"[2209, 1599]",COMPLETE
4744,4744,0.23007332491275662,2.635615587234497,2021-06-19 17:37:58.676967,2021-06-19 17:38:01.318698,0 days 00:00:02.641731,20,0.7044121314824888,10,9,30,26,94,"[3105, 1218]",COMPLETE
4745,4745,0.2305023848371457,2.7865967750549316,2021-06-19 17:38:01.321303,2021-06-19 17:38:04.113972,0 days 00:00:02.792669,80,0.6648113880685109,10,1,30,27,94,"[4258, 1205]",COMPLETE
4746,4746,0.2293690349685215,2.6402103900909424,2021-06-19 17:38:04.116502,2021-06-19 17:38:06.762665,0 days 00:00:02.646163,20,0.7044121314824888,10,9,30,27,94,"[1244, 4331]",COMPLETE
4747,4747,0.22865843833650318,2.648062229156494,2021-06-19 17:38:06.765451,2021-06-19 17:38:09.419617,0 days 00:00:02.654166,20,0.8865769550239799,10,6,30,25,94,"[1244, 3483]",COMPLETE
4748,4748,0.25543531172013745,3.0864996910095215,2021-06-19 17:38:09.422528,2021-06-19 17:38:12.515598,0 days 00:00:03.093070,20,0.892810495160191,7,1,30,25,94,"[2229, 2229]",COMPLETE
4749,4749,0.28839190935283276,3.6824522018432617,2021-06-19 17:38:12.518382,2021-06-19 17:38:16.207425,0 days 00:00:03.689043,10,0.8047024443354969,3,1,30,25,94,"[2063, 1028]",COMPLETE
4750,4750,inf,inf,2021-06-19 17:38:16.210471,2021-06-19 17:38:16.402385,0 days 00:00:00.191914,20,0.3687127189571647,10,11,30,21,95,"[4258, 3195]",COMPLETE
4751,4751,0.3092551558036508,5.735472679138184,2021-06-19 17:38:16.409323,2021-06-19 17:38:22.173283,0 days 00:00:05.763960,20,0.8338081006756508,1,1,30,25,95,"[1745, 908]",COMPLETE
4752,4752,0.3461723735954553,3.027707815170288,2021-06-19 17:38:22.176310,2021-06-19 17:38:25.210044,0 days 00:00:03.033734,10,0.9954768891888399,10,1,28,25,95,"[2659, 2762]",COMPLETE
4753,4753,inf,inf,2021-06-19 17:38:25.213103,2021-06-19 17:38:25.456580,0 days 00:00:00.243477,40,0.4735225770750714,10,1,30,12,95,"[1929, 3760]",COMPLETE
4754,4754,inf,inf,2021-06-19 17:38:25.461037,2021-06-19 17:38:25.924173,0 days 00:00:00.463136,20,0.5544368787768927,10,1,19,25,95,"[3100, 1246]",COMPLETE
4755,4755,0.23178505714311862,2.8287456035614014,2021-06-19 17:38:25.943709,2021-06-19 17:38:28.782063,0 days 00:00:02.838354,10,0.775837870117549,10,16,28,26,95,"[880, 3566]",COMPLETE
4756,4756,0.2922872923548676,3.8405418395996094,2021-06-19 17:38:28.785146,2021-06-19 17:38:32.631793,0 days 00:00:03.846647,40,0.7044121314824888,3,1,24,26,95,"[3760, 2209]",COMPLETE
4757,4757,0.23250375920399965,2.722944974899292,2021-06-19 17:38:32.634862,2021-06-19 17:38:35.364367,0 days 00:00:02.729505,20,0.7044121314824888,10,1,30,25,95,"[4236, 3260]",COMPLETE
4758,4758,0.24315755573400707,2.59615159034729,2021-06-19 17:38:35.367353,2021-06-19 17:38:37.969660,0 days 00:00:02.602307,10,0.7044121314824888,10,9,2,25,95,"[1244, 745]",COMPLETE
4759,4759,0.2297110073232322,2.595024585723877,2021-06-19 17:38:37.972486,2021-06-19 17:38:40.573541,0 days 00:00:02.601055,10,0.7044121314824888,10,1,25,26,95,"[3105, 2659]",COMPLETE
4760,4760,0.23322619043085693,2.7597527503967285,2021-06-19 17:38:40.576267,2021-06-19 17:38:43.342054,0 days 00:00:02.765787,20,0.775837870117549,10,1,30,26,95,"[2991, 3105]",COMPLETE
4761,4761,0.2313308868802626,2.5601155757904053,2021-06-19 17:38:43.345046,2021-06-19 17:38:45.911314,0 days 00:00:02.566268,10,0.7044121314824888,10,1,30,25,95,"[1656, 2960]",COMPLETE
4762,4762,0.29443385245983567,3.6970248222351074,2021-06-19 17:38:45.914417,2021-06-19 17:38:49.617780,0 days 00:00:03.703363,10,0.7492482924832433,3,1,30,25,95,"[316, 1028]",COMPLETE
4763,4763,0.23187478405529394,2.78393816947937,2021-06-19 17:38:49.620843,2021-06-19 17:38:52.410654,0 days 00:00:02.789811,10,0.7492482924832433,10,9,26,25,95,"[1028, 411]",COMPLETE
4764,4764,0.23651504517441718,2.5894484519958496,2021-06-19 17:38:52.413429,2021-06-19 17:38:55.008963,0 days 00:00:02.595534,10,0.7492482924832433,10,1,11,25,95,"[1312, 745]",COMPLETE
4765,4765,0.23315074991717522,2.7385752201080322,2021-06-19 17:38:55.011835,2021-06-19 17:38:57.756392,0 days 00:00:02.744557,10,0.775837870117549,10,1,30,22,95,"[3082, 745]",COMPLETE
4766,4766,0.22769479403203086,2.584859848022461,2021-06-19 17:38:57.759395,2021-06-19 17:39:00.350111,0 days 00:00:02.590716,20,0.775837870117549,10,1,30,26,95,"[4331, 4419]",COMPLETE
4767,4767,0.22969234863018254,2.6058340072631836,2021-06-19 17:39:00.353171,2021-06-19 17:39:02.965067,0 days 00:00:02.611896,20,0.8047024443354969,10,1,23,25,95,"[647, 316]",COMPLETE
4768,4768,0.23082316154704924,2.739274740219116,2021-06-19 17:39:02.968157,2021-06-19 17:39:05.713323,0 days 00:00:02.745166,20,0.7044121314824888,10,1,30,24,95,"[1389, 1159]",COMPLETE
4769,4769,inf,inf,2021-06-19 17:39:05.716380,2021-06-19 17:39:05.962550,0 days 00:00:00.246170,10,0.3596176731109795,10,9,26,25,95,"[3256, 1389]",COMPLETE
4770,4770,0.23137849588576365,2.526498556137085,2021-06-19 17:39:05.967294,2021-06-19 17:39:08.514795,0 days 00:00:02.547501,20,0.7044121314824888,10,1,30,26,95,"[4258, 2465]",COMPLETE
4771,4771,0.24461291832049434,2.872507333755493,2021-06-19 17:39:08.517613,2021-06-19 17:39:11.396538,0 days 00:00:02.878925,20,0.7492482924832433,8,1,24,25,95,"[1389, 2762]",COMPLETE
4772,4772,0.23056453556739073,2.636054039001465,2021-06-19 17:39:11.399539,2021-06-19 17:39:14.041657,0 days 00:00:02.642118,40,0.7044121314824888,10,9,30,26,95,"[2229, 2963]",COMPLETE
4773,4773,0.22642547569342514,2.654407262802124,2021-06-19 17:39:14.044693,2021-06-19 17:39:16.705123,0 days 00:00:02.660430,10,0.775837870117549,10,14,30,25,95,"[880, 4419]",COMPLETE
4774,4774,0.23259780659351248,2.7222354412078857,2021-06-19 17:39:16.708141,2021-06-19 17:39:19.436956,0 days 00:00:02.728815,20,0.7492482924832433,10,1,30,25,95,"[2209, 880]",COMPLETE
4775,4775,0.2719751726553917,3.1713221073150635,2021-06-19 17:39:19.440145,2021-06-19 17:39:22.617880,0 days 00:00:03.177735,40,0.775837870117549,5,1,30,25,95,"[1929, 3760]",COMPLETE
4776,4776,0.2348438942837461,2.855177640914917,2021-06-19 17:39:22.620694,2021-06-19 17:39:25.482648,0 days 00:00:02.861954,10,0.7100511651342796,10,15,11,25,95,"[2762, 880]",COMPLETE
4777,4777,0.26349257075775445,2.975090503692627,2021-06-19 17:39:25.485599,2021-06-19 17:39:28.466803,0 days 00:00:02.981204,20,0.8047024443354969,6,1,8,25,95,"[316, 2229]",COMPLETE
4778,4778,0.22960163151776622,2.620934247970581,2021-06-19 17:39:28.469393,2021-06-19 17:39:31.096300,0 days 00:00:02.626907,20,0.7492482924832433,10,14,26,26,95,"[2078, 3256]",COMPLETE
4779,4779,0.23319101752127958,2.766772747039795,2021-06-19 17:39:31.098877,2021-06-19 17:39:33.871500,0 days 00:00:02.772623,20,0.775837870117549,10,1,30,25,95,"[1745, 3082]",COMPLETE
4780,4780,0.2370667324973367,2.602769136428833,2021-06-19 17:39:33.874457,2021-06-19 17:39:36.483254,0 days 00:00:02.608797,10,0.7044121314824888,10,3,22,23,95,"[1218, 849]",COMPLETE
4781,4781,0.22801425154517957,2.53454852104187,2021-06-19 17:39:36.486350,2021-06-19 17:39:39.027479,0 days 00:00:02.541129,20,0.7044121314824888,10,1,30,25,95,"[1006, 3100]",COMPLETE
4782,4782,0.3316680262230351,9.58462643623352,2021-06-19 17:39:39.030438,2021-06-19 17:39:48.621412,0 days 00:00:09.590974,100,0.7044121314824888,0,1,30,14,95,"[1205, 1929]",COMPLETE
4783,4783,0.23332743203949963,2.5476746559143066,2021-06-19 17:39:48.624401,2021-06-19 17:39:51.178421,0 days 00:00:02.554020,20,0.7044121314824888,10,1,30,25,95,"[1135, 1135]",COMPLETE
4784,4784,0.26943512601471586,2.7223644256591797,2021-06-19 17:39:51.181423,2021-06-19 17:39:53.909895,0 days 00:00:02.728472,20,0.7044121314824888,10,1,29,13,95,"[3082, 1656]",COMPLETE
4785,4785,0.22954087662450487,2.581578016281128,2021-06-19 17:39:53.912741,2021-06-19 17:39:56.500359,0 days 00:00:02.587618,10,0.7044121314824888,10,7,30,25,95,"[1745, 3105]",COMPLETE
4786,4786,0.27092620674861717,2.553962469100952,2021-06-19 17:39:56.503419,2021-06-19 17:39:59.063616,0 days 00:00:02.560197,20,0.8047024443354969,10,1,30,7,95,"[1745, 2465]",COMPLETE
4787,4787,0.2313408699826623,2.727451801300049,2021-06-19 17:39:59.066614,2021-06-19 17:40:01.799971,0 days 00:00:02.733357,20,0.7044121314824888,10,1,30,28,95,"[2659, 4523]",COMPLETE
4788,4788,0.23183294348427425,2.557884693145752,2021-06-19 17:40:01.802802,2021-06-19 17:40:04.366837,0 days 00:00:02.564035,20,0.7044121314824888,10,1,26,25,95,"[3256, 1656]",COMPLETE
4789,4789,0.23733584668483218,2.7410974502563477,2021-06-19 17:40:04.369631,2021-06-19 17:40:07.116720,0 days 00:00:02.747089,20,0.7492482924832433,10,1,24,26,95,"[900, 3566]",COMPLETE
4790,4790,0.2346793387962149,2.6407358646392822,2021-06-19 17:40:07.119452,2021-06-19 17:40:09.766055,0 days 00:00:02.646603,20,0.8114649490965411,10,9,30,26,95,"[908, 908]",COMPLETE
4791,4791,0.26338532296079514,2.5835304260253906,2021-06-19 17:40:09.768881,2021-06-19 17:40:12.358437,0 days 00:00:02.589556,20,0.7044121314824888,10,1,30,15,95,"[3100, 3100]",COMPLETE
4792,4792,0.23214951640064765,2.851191282272339,2021-06-19 17:40:12.361248,2021-06-19 17:40:15.218377,0 days 00:00:02.857129,20,0.7492482924832433,10,1,30,25,95,"[1929, 1389]",COMPLETE
4793,4793,0.2828932878626676,2.562983512878418,2021-06-19 17:40:15.221202,2021-06-19 17:40:17.790333,0 days 00:00:02.569131,10,0.7044121314824888,10,1,24,9,95,"[2063, 1656]",COMPLETE
4794,4794,0.2306339894546915,2.602458953857422,2021-06-19 17:40:17.793445,2021-06-19 17:40:20.401937,0 days 00:00:02.608492,20,0.7044121314824888,10,1,25,25,95,"[1159, 2762]",COMPLETE
4795,4795,0.22923724490137284,2.8124687671661377,2021-06-19 17:40:20.404884,2021-06-19 17:40:23.223429,0 days 00:00:02.818545,20,0.775837870117549,10,16,30,24,95,"[2991, 1159]",COMPLETE
4796,4796,0.2433235555503478,2.6894989013671875,2021-06-19 17:40:23.226477,2021-06-19 17:40:25.922132,0 days 00:00:02.695655,30,0.7044121314824888,10,13,3,26,95,"[2659, 2963]",COMPLETE
4797,4797,0.22963123731895918,2.7429323196411133,2021-06-19 17:40:25.925150,2021-06-19 17:40:28.674009,0 days 00:00:02.748859,20,0.7044121314824888,10,1,30,25,95,"[1135, 316]",COMPLETE
4798,4798,0.2586944959085297,2.613036870956421,2021-06-19 17:40:28.676834,2021-06-19 17:40:31.296045,0 days 00:00:02.619211,80,0.7492482924832433,10,1,30,13,95,"[1006, 1028]",COMPLETE
4799,4799,0.22725321328164008,2.614755630493164,2021-06-19 17:40:31.298655,2021-06-19 17:40:33.919343,0 days 00:00:02.620688,20,0.8047024443354969,10,1,30,25,95,"[2963, 2063]",COMPLETE
