,number,values_0,values_1,datetime_start,datetime_complete,duration,params_checks,params_n_ratio,params_nskip,params_trees,params_w1,params_w2,system_attrs_nsga2:generation,system_attrs_nsga2:parents,state
2540,2540,0.22810931255981767,2.603001832962036,2021-06-19 15:34:41.657422,2021-06-19 15:34:44.263850,0 days 00:00:02.606428,20,0.8047024443354969,10,1,30,25,50,"[1656, 2282]",COMPLETE
2541,2541,0.2318499455851048,2.7686657905578613,2021-06-19 15:34:44.265977,2021-06-19 15:34:47.038055,0 days 00:00:02.772078,20,0.7044121314824888,10,9,30,25,50,"[1674, 1851]",COMPLETE
2542,2542,0.27983774387780097,2.5849764347076416,2021-06-19 15:34:47.040206,2021-06-19 15:34:49.628728,0 days 00:00:02.588522,20,0.7044121314824888,10,9,30,9,50,"[1218, 2314]",COMPLETE
2543,2543,inf,inf,2021-06-19 15:34:49.630877,2021-06-19 15:34:49.854130,0 days 00:00:00.223253,10,0.4415436364261949,10,9,2,26,50,"[374, 1389]",COMPLETE
2544,2544,0.23057817290892402,2.7678587436676025,2021-06-19 15:34:49.871697,2021-06-19 15:34:52.658275,0 days 00:00:02.786578,20,0.7044121314824888,10,9,24,26,50,"[1851, 1727]",COMPLETE
2545,2545,0.23105269136322115,2.538576126098633,2021-06-19 15:34:52.660418,2021-06-19 15:34:55.202513,0 days 00:00:02.542095,10,0.7044121314824888,10,1,30,25,50,"[1028, 1205]",COMPLETE
2546,2546,0.23611315285590248,2.6763906478881836,2021-06-19 15:34:55.204699,2021-06-19 15:34:57.884753,0 days 00:00:02.680054,20,0.7492482924832433,10,1,15,25,50,"[1735, 900]",COMPLETE
2547,2547,0.2425576534039518,2.5798165798187256,2021-06-19 15:34:57.886782,2021-06-19 15:35:00.470246,0 days 00:00:02.583464,20,0.7044121314824888,10,3,4,26,50,"[1046, 1656]",COMPLETE
2548,2548,0.2321625329902045,2.5877058506011963,2021-06-19 15:35:00.472429,2021-06-19 15:35:03.063585,0 days 00:00:02.591156,20,0.7044121314824888,10,9,24,25,50,"[1218, 2063]",COMPLETE
2549,2549,0.33405244955070745,9.091350555419922,2021-06-19 15:35:03.065777,2021-06-19 15:35:12.160880,0 days 00:00:09.095103,10,0.7492482924832433,0,1,4,17,50,"[960, 316]",COMPLETE
2550,2550,0.23114208444510106,2.5369791984558105,2021-06-19 15:35:12.162825,2021-06-19 15:35:14.750765,0 days 00:00:02.587940,20,0.7044121314824888,10,1,30,25,51,"[2229, 1656]",COMPLETE
2551,2551,0.2911843223351239,2.7333552837371826,2021-06-19 15:35:14.752499,2021-06-19 15:35:17.489423,0 days 00:00:02.736924,20,0.7044121314824888,10,1,30,7,51,"[1389, 908]",COMPLETE
2552,2552,0.23278043515041635,2.647144317626953,2021-06-19 15:35:17.491476,2021-06-19 15:35:20.142173,0 days 00:00:02.650697,20,0.7492482924832433,10,12,30,25,51,"[840, 1735]",COMPLETE
2553,2553,0.3072389937851195,5.64261269569397,2021-06-19 15:35:20.144243,2021-06-19 15:35:25.790449,0 days 00:00:05.646206,20,0.8047024443354969,1,1,23,25,51,"[1727, 647]",COMPLETE
2554,2554,0.2282170766807944,2.5487265586853027,2021-06-19 15:35:25.792563,2021-06-19 15:35:28.344703,0 days 00:00:02.552140,20,0.775837870117549,10,1,30,25,51,"[1974, 1929]",COMPLETE
2555,2555,0.29221405675879364,3.6991536617279053,2021-06-19 15:35:28.346902,2021-06-19 15:35:32.049635,0 days 00:00:03.702733,20,0.7044121314824888,3,1,30,25,51,"[1159, 1389]",COMPLETE
2556,2556,inf,inf,2021-06-19 15:35:32.051820,2021-06-19 15:35:32.230402,0 days 00:00:00.178582,20,0.36094683216652945,10,1,5,0,51,"[2078, 1599]",COMPLETE
2557,2557,0.2307660009125562,2.723578453063965,2021-06-19 15:35:32.256540,2021-06-19 15:35:34.994822,0 days 00:00:02.738282,20,0.7492482924832433,10,1,30,24,51,"[1159, 2477]",COMPLETE
2558,2558,inf,inf,2021-06-19 15:35:34.996994,2021-06-19 15:35:36.365252,0 days 00:00:01.368258,10,0.4677538971920022,0,1,30,28,51,"[880, 900]",COMPLETE
2559,2559,0.23405322058785177,2.570525884628296,2021-06-19 15:35:36.369818,2021-06-19 15:35:38.947855,0 days 00:00:02.578037,20,0.8350615461643598,10,1,30,25,51,"[2465, 1727]",COMPLETE
2560,2560,inf,inf,2021-06-19 15:35:38.949859,2021-06-19 15:35:39.284504,0 days 00:00:00.334645,20,0.4845870487198095,10,9,30,25,51,"[2048, 1218]",COMPLETE
2561,2561,0.272012300917886,2.7015740871429443,2021-06-19 15:35:39.300367,2021-06-19 15:35:42.010925,0 days 00:00:02.710558,10,0.7044121314824888,10,1,30,13,51,"[960, 374]",COMPLETE
2562,2562,0.23593290636630404,2.5783491134643555,2021-06-19 15:35:42.012904,2021-06-19 15:35:44.594811,0 days 00:00:02.581907,20,0.8206981688071191,10,1,30,25,51,"[2229, 1656]",COMPLETE
2563,2563,0.23723124247440933,2.6827566623687744,2021-06-19 15:35:44.596594,2021-06-19 15:35:47.282944,0 days 00:00:02.686350,20,0.7044121314824888,10,1,11,26,51,"[2256, 1046]",COMPLETE
2564,2564,0.26296331065042444,2.643968343734741,2021-06-19 15:35:47.284951,2021-06-19 15:35:49.932596,0 days 00:00:02.647645,50,0.7044121314824888,10,9,30,18,51,"[2215, 1244]",COMPLETE
2565,2565,0.2273534694666043,2.734997510910034,2021-06-19 15:35:49.934546,2021-06-19 15:35:52.672979,0 days 00:00:02.738433,20,0.8047024443354969,10,1,30,25,51,"[2256, 1674]",COMPLETE
2566,2566,0.23353610921666793,2.5686583518981934,2021-06-19 15:35:52.675131,2021-06-19 15:35:55.247261,0 days 00:00:02.572130,20,0.7044121314824888,10,1,30,24,51,"[1159, 411]",COMPLETE
2567,2567,0.30292759953918674,7.25499415397644,2021-06-19 15:35:55.249554,2021-06-19 15:36:02.508615,0 days 00:00:07.259061,20,0.9628868428467083,1,1,2,25,51,"[1205, 1656]",COMPLETE
2568,2568,0.23132391378357822,2.5557138919830322,2021-06-19 15:36:02.510796,2021-06-19 15:36:05.070123,0 days 00:00:02.559327,20,0.7044121314824888,10,9,23,25,51,"[1028, 1244]",COMPLETE
2569,2569,0.2312427957556778,2.579012393951416,2021-06-19 15:36:05.072308,2021-06-19 15:36:07.655121,0 days 00:00:02.582813,20,0.678282987792459,10,1,27,24,51,"[2256, 2229]",COMPLETE
2570,2570,0.23808870748520058,2.7567524909973145,2021-06-19 15:36:07.657224,2021-06-19 15:36:10.417824,0 days 00:00:02.760600,20,0.7044121314824888,10,12,7,26,51,"[1599, 411]",COMPLETE
2571,2571,0.27363480132071716,2.567730188369751,2021-06-19 15:36:10.419991,2021-06-19 15:36:12.991309,0 days 00:00:02.571318,20,0.7044121314824888,10,1,30,4,51,"[2314, 1006]",COMPLETE
2572,2572,0.33482785673891274,2.7023911476135254,2021-06-19 15:36:12.993344,2021-06-19 15:36:15.699418,0 days 00:00:02.706074,20,0.8047024443354969,10,1,10,1,51,"[1929, 1312]",COMPLETE
2573,2573,0.23486905557395912,2.5849757194519043,2021-06-19 15:36:15.701569,2021-06-19 15:36:18.290128,0 days 00:00:02.588559,20,0.775837870117549,10,1,13,25,51,"[1826, 1745]",COMPLETE
2574,2574,0.23474807439788095,2.5852603912353516,2021-06-19 15:36:18.292366,2021-06-19 15:36:20.881547,0 days 00:00:02.589181,20,0.758490800898243,10,1,30,22,51,"[745, 1416]",COMPLETE
2575,2575,0.22978104882266442,2.730517864227295,2021-06-19 15:36:20.883687,2021-06-19 15:36:23.617645,0 days 00:00:02.733958,20,0.7044121314824888,10,9,30,26,51,"[374, 1599]",COMPLETE
2576,2576,0.24060837447050787,2.6039440631866455,2021-06-19 15:36:23.619774,2021-06-19 15:36:26.227298,0 days 00:00:02.607524,20,0.775837870117549,10,9,2,25,51,"[2314, 374]",COMPLETE
2577,2577,0.30898287937118396,5.657651901245117,2021-06-19 15:36:26.229195,2021-06-19 15:36:31.890525,0 days 00:00:05.661330,10,0.8047024443354969,1,1,23,23,51,"[2215, 849]",COMPLETE
2578,2578,0.2358267335162896,2.5359015464782715,2021-06-19 15:36:31.892674,2021-06-19 15:36:34.432048,0 days 00:00:02.539374,10,0.603627004462215,10,1,8,26,51,"[316, 908]",COMPLETE
2579,2579,0.2350414394070765,2.6931869983673096,2021-06-19 15:36:34.434230,2021-06-19 15:36:37.130719,0 days 00:00:02.696489,20,0.7044121314824888,10,1,30,25,51,"[1929, 1929]",COMPLETE
2580,2580,0.2405863891576423,2.6226606369018555,2021-06-19 15:36:37.132787,2021-06-19 15:36:39.759059,0 days 00:00:02.626272,0,0.7044121314824888,10,9,8,25,51,"[411, 316]",COMPLETE
2581,2581,0.2343861633948803,2.567756175994873,2021-06-19 15:36:39.760971,2021-06-19 15:36:42.332034,0 days 00:00:02.571063,10,0.6415492259649922,10,1,22,23,51,"[849, 849]",COMPLETE
2582,2582,0.23202550638367042,2.716895341873169,2021-06-19 15:36:42.334184,2021-06-19 15:36:45.054533,0 days 00:00:02.720349,20,0.7044121314824888,10,1,24,26,51,"[2209, 840]",COMPLETE
2583,2583,0.23425557819165924,2.5687785148620605,2021-06-19 15:36:45.056672,2021-06-19 15:36:47.628722,0 days 00:00:02.572050,20,0.7044121314824888,10,1,30,26,51,"[1046, 1046]",COMPLETE
2584,2584,0.26453643471174415,2.7190160751342773,2021-06-19 15:36:47.630894,2021-06-19 15:36:50.353503,0 days 00:00:02.722609,10,0.7044121314824888,10,1,30,16,51,"[1389, 1135]",COMPLETE
2585,2585,0.314503792985459,5.442168951034546,2021-06-19 15:36:50.355739,2021-06-19 15:36:55.801685,0 days 00:00:05.445946,20,0.7492482924832433,1,1,30,21,51,"[1929, 1735]",COMPLETE
2586,2586,0.29573176283303104,2.7366931438446045,2021-06-19 15:36:55.803590,2021-06-19 15:36:58.543905,0 days 00:00:02.740315,10,0.7044121314824888,10,1,30,4,51,"[1929, 1897]",COMPLETE
2587,2587,0.26791602781158647,3.1455559730529785,2021-06-19 15:36:58.546071,2021-06-19 15:37:01.695351,0 days 00:00:03.149280,20,0.7044121314824888,5,1,10,26,51,"[2060, 1929]",COMPLETE
2588,2588,0.2769330170548678,3.2393460273742676,2021-06-19 15:37:01.697483,2021-06-19 15:37:04.940445,0 days 00:00:03.242962,20,0.775837870117549,5,1,30,25,51,"[2314, 2048]",COMPLETE
2589,2589,0.23309233157145573,2.7062735557556152,2021-06-19 15:37:04.942557,2021-06-19 15:37:07.652441,0 days 00:00:02.709884,60,0.7044121314824888,10,6,30,25,51,"[1705, 1674]",COMPLETE
2590,2590,0.2323900775141528,2.6046767234802246,2021-06-19 15:37:07.654660,2021-06-19 15:37:10.263441,0 days 00:00:02.608781,50,0.7492482924832433,10,1,30,25,51,"[1028, 1218]",COMPLETE
2591,2591,0.29713375000945297,2.8062360286712646,2021-06-19 15:37:10.265662,2021-06-19 15:37:13.075621,0 days 00:00:02.809959,20,0.7044121314824888,10,8,30,3,51,"[1135, 1046]",COMPLETE
2592,2592,0.3032807682890265,2.5537984371185303,2021-06-19 15:37:13.077837,2021-06-19 15:37:15.635316,0 days 00:00:02.557479,40,0.7044121314824888,10,1,30,9,51,"[1656, 1135]",COMPLETE
2593,2593,0.23308009371014254,2.7087411880493164,2021-06-19 15:37:15.637074,2021-06-19 15:37:18.349313,0 days 00:00:02.712239,10,0.7044121314824888,10,1,30,26,51,"[960, 2465]",COMPLETE
2594,2594,inf,inf,2021-06-19 15:37:18.351342,2021-06-19 15:37:18.506180,0 days 00:00:00.154838,20,0.3680867993957968,10,2,24,26,51,"[1735, 900]",COMPLETE
2595,2595,0.23912488722807818,2.9486756324768066,2021-06-19 15:37:18.512550,2021-06-19 15:37:21.482779,0 days 00:00:02.970229,20,0.9758810255663375,10,1,23,26,51,"[2486, 1974]",COMPLETE
2596,2596,0.23014875373204857,2.5491509437561035,2021-06-19 15:37:21.485001,2021-06-19 15:37:24.037712,0 days 00:00:02.552711,20,0.8047024443354969,10,1,30,26,51,"[1974, 840]",COMPLETE
2597,2597,0.234892668166365,2.703097343444824,2021-06-19 15:37:24.039820,2021-06-19 15:37:26.746813,0 days 00:00:02.706993,20,0.7492482924832433,10,1,30,25,51,"[2078, 1929]",COMPLETE
2598,2598,0.2317824811659872,2.5638346672058105,2021-06-19 15:37:26.748927,2021-06-19 15:37:29.316454,0 days 00:00:02.567527,10,0.7044121314824888,10,1,30,25,51,"[1929, 2229]",COMPLETE
2599,2599,0.23303330420327265,2.7976882457733154,2021-06-19 15:37:29.318583,2021-06-19 15:37:32.119998,0 days 00:00:02.801415,60,0.7044121314824888,10,1,19,25,51,"[374, 2063]",COMPLETE
2600,2600,0.27083793715082255,2.578119993209839,2021-06-19 15:37:32.122043,2021-06-19 15:38:46.483936,0 days 00:01:14.361893,20,0.7044121314824888,10,5,2,14,52,"[1205, 1205]",COMPLETE
2601,2601,0.24157370067406825,2.726707935333252,2021-06-19 15:38:46.487858,2021-06-19 15:38:49.219937,0 days 00:00:02.732079,20,0.7044121314824888,10,1,2,25,52,"[2486, 880]",COMPLETE
2602,2602,0.26568316523706903,2.928276777267456,2021-06-19 15:38:49.221996,2021-06-19 15:38:52.154002,0 days 00:00:02.932006,20,0.7044121314824888,6,1,8,25,52,"[1929, 1656]",COMPLETE
2603,2603,0.2887132801070377,2.6938364505767822,2021-06-19 15:38:52.155902,2021-06-19 15:38:54.853354,0 days 00:00:02.697452,20,0.7044121314824888,10,1,30,4,52,"[900, 1046]",COMPLETE
2604,2604,0.28011543817214707,3.109726905822754,2021-06-19 15:38:54.855304,2021-06-19 15:38:57.968658,0 days 00:00:03.113354,10,0.7492482924832433,5,1,23,26,52,"[2078, 960]",COMPLETE
2605,2605,0.23013775508685005,2.5874364376068115,2021-06-19 15:38:57.970722,2021-06-19 15:39:00.561667,0 days 00:00:02.590945,20,0.7492482924832433,10,6,30,25,52,"[1218, 1674]",COMPLETE
2606,2606,0.23887482934559837,2.747830629348755,2021-06-19 15:39:00.563868,2021-06-19 15:39:03.315347,0 days 00:00:02.751479,20,0.7044121314824888,10,1,7,25,52,"[2063, 2465]",COMPLETE
2607,2607,0.23713207991157992,2.851078748703003,2021-06-19 15:39:03.317536,2021-06-19 15:39:06.172503,0 days 00:00:02.854967,20,0.9587801386108172,10,11,10,25,52,"[2297, 2314]",COMPLETE
2608,2608,0.24212872680323036,2.7888286113739014,2021-06-19 15:39:06.174388,2021-06-19 15:39:08.966817,0 days 00:00:02.792429,0,0.775837870117549,10,1,30,25,52,"[2314, 1389]",COMPLETE
2609,2609,0.2401420518565673,2.5551822185516357,2021-06-19 15:39:08.969061,2021-06-19 15:39:11.527864,0 days 00:00:02.558803,10,0.6415492259649922,10,1,12,23,52,"[849, 1897]",COMPLETE
2610,2610,0.22860946813012137,2.592850685119629,2021-06-19 15:39:11.529596,2021-06-19 15:39:14.125933,0 days 00:00:02.596337,20,0.775837870117549,10,1,30,25,52,"[1389, 2314]",COMPLETE
2611,2611,0.27450260501490287,3.289201259613037,2021-06-19 15:39:14.127710,2021-06-19 15:39:17.420813,0 days 00:00:03.293103,10,0.7492482924832433,5,6,30,25,52,"[1674, 1028]",COMPLETE
2612,2612,0.228538121512743,2.588716745376587,2021-06-19 15:39:17.422540,2021-06-19 15:39:20.014740,0 days 00:00:02.592200,20,0.775837870117549,10,1,30,25,52,"[1674, 2554]",COMPLETE
2613,2613,0.23642805540246203,2.7890677452087402,2021-06-19 15:39:20.016546,2021-06-19 15:39:22.809234,0 days 00:00:02.792688,10,0.7492482924832433,10,16,23,26,52,"[960, 1897]",COMPLETE
2614,2614,0.23138791509878828,2.540266275405884,2021-06-19 15:39:22.811049,2021-06-19 15:39:25.354861,0 days 00:00:02.543812,10,0.7044121314824888,10,1,30,26,52,"[1046, 1246]",COMPLETE
2615,2615,0.24052350205845532,2.6316590309143066,2021-06-19 15:39:25.356631,2021-06-19 15:39:27.992066,0 days 00:00:02.635435,50,0.7492482924832433,10,1,10,22,52,"[1727, 2060]",COMPLETE
2616,2616,0.22938960492127683,2.707315444946289,2021-06-19 15:39:27.994133,2021-06-19 15:39:30.704953,0 days 00:00:02.710820,20,0.7044121314824888,10,1,23,25,52,"[647, 1929]",COMPLETE
2617,2617,0.23711374821902748,2.627678871154785,2021-06-19 15:39:30.707083,2021-06-19 15:39:33.338364,0 days 00:00:02.631281,20,0.8933405074934291,10,1,30,26,52,"[1656, 2465]",COMPLETE
2618,2618,0.23481299167865924,2.711754083633423,2021-06-19 15:39:33.340548,2021-06-19 15:39:36.055946,0 days 00:00:02.715398,20,0.7044121314824888,10,1,18,26,52,"[908, 1416]",COMPLETE
2619,2619,0.23130582349437842,2.61696457862854,2021-06-19 15:39:36.058034,2021-06-19 15:39:38.678623,0 days 00:00:02.620589,20,0.7044121314824888,10,5,30,26,52,"[1246, 374]",COMPLETE
2620,2620,0.23052762053806605,2.6159753799438477,2021-06-19 15:39:38.680890,2021-06-19 15:39:41.300876,0 days 00:00:02.619986,90,0.7044121314824888,10,1,26,25,52,"[411, 1897]",COMPLETE
2621,2621,0.22938337472050618,2.7176170349121094,2021-06-19 15:39:41.303016,2021-06-19 15:39:44.023988,0 days 00:00:02.720972,10,0.7492482924832433,10,1,30,25,52,"[1389, 1389]",COMPLETE
2622,2622,inf,inf,2021-06-19 15:39:44.026130,2021-06-19 15:39:44.492766,0 days 00:00:00.466636,20,0.5541855997049647,10,1,30,25,52,"[1745, 1135]",COMPLETE
2623,2623,0.30429566016378756,3.774845838546753,2021-06-19 15:39:44.495861,2021-06-19 15:39:48.278841,0 days 00:00:03.782980,20,0.8047024443354969,3,1,30,16,52,"[2048, 2048]",COMPLETE
2624,2624,0.27131215375937595,3.569023370742798,2021-06-19 15:39:48.281095,2021-06-19 15:39:51.853947,0 days 00:00:03.572852,20,0.7044121314824888,4,5,24,30,52,"[1599, 1046]",COMPLETE
2625,2625,0.30259598514621555,5.460664749145508,2021-06-19 15:39:51.856135,2021-06-19 15:39:57.320527,0 days 00:00:05.464392,10,0.7492482924832433,1,1,15,25,52,"[960, 2477]",COMPLETE
2626,2626,0.22991153288589042,2.7252016067504883,2021-06-19 15:39:57.322715,2021-06-19 15:40:00.051435,0 days 00:00:02.728720,20,0.7044121314824888,10,1,30,25,52,"[1416, 1851]",COMPLETE
2627,2627,0.2357445997542561,2.59535813331604,2021-06-19 15:40:00.053678,2021-06-19 15:40:02.652802,0 days 00:00:02.599124,10,0.5980565133626436,10,1,30,25,52,"[1897, 2314]",COMPLETE
2628,2628,0.23794818632172102,2.6334872245788574,2021-06-19 15:40:02.654968,2021-06-19 15:40:05.292094,0 days 00:00:02.637126,20,0.7044121314824888,10,9,12,26,52,"[1218, 1046]",COMPLETE
2629,2629,0.23085690690304028,2.7399463653564453,2021-06-19 15:40:05.294243,2021-06-19 15:40:08.037813,0 days 00:00:02.743570,50,0.7044121314824888,10,1,30,25,52,"[1244, 1135]",COMPLETE
2630,2630,0.24015704314375694,2.693923234939575,2021-06-19 15:40:08.039993,2021-06-19 15:40:10.737719,0 days 00:00:02.697726,20,0.775837870117549,9,1,11,25,52,"[1135, 2554]",COMPLETE
2631,2631,0.3221663185292133,2.8183159828186035,2021-06-19 15:40:10.739954,2021-06-19 15:40:13.562029,0 days 00:00:02.822075,20,0.8047024443354969,9,1,30,0,52,"[2554, 1745]",COMPLETE
2632,2632,0.23285473336843915,2.660196304321289,2021-06-19 15:40:13.564130,2021-06-19 15:40:16.227841,0 days 00:00:02.663711,20,0.8047024443354969,10,9,23,26,52,"[2215, 1851]",COMPLETE
2633,2633,0.23216476850851384,2.6142215728759766,2021-06-19 15:40:16.229793,2021-06-19 15:40:18.847848,0 days 00:00:02.618055,90,0.7044121314824888,10,1,23,25,52,"[1135, 1046]",COMPLETE
2634,2634,0.24387645032747451,2.7941343784332275,2021-06-19 15:40:18.849647,2021-06-19 15:40:21.647964,0 days 00:00:02.798317,20,0.7044121314824888,10,16,3,26,52,"[2486, 2465]",COMPLETE
2635,2635,0.2904449038333488,3.713390827178955,2021-06-19 15:40:21.649774,2021-06-19 15:40:25.367304,0 days 00:00:03.717530,20,0.7492482924832433,3,1,23,26,52,"[2078, 2554]",COMPLETE
2636,2636,0.2430575353874749,2.7197229862213135,2021-06-19 15:40:25.369046,2021-06-19 15:40:28.092247,0 days 00:00:02.723201,20,0.7044121314824888,10,9,30,21,52,"[1218, 1218]",COMPLETE
2637,2637,0.22852005794698468,2.6216342449188232,2021-06-19 15:40:28.094011,2021-06-19 15:40:30.719269,0 days 00:00:02.625258,100,0.7492482924832433,10,1,30,25,52,"[1897, 2477]",COMPLETE
2638,2638,inf,inf,2021-06-19 15:40:30.721106,2021-06-19 15:40:31.134610,0 days 00:00:00.413504,20,0.5224304154620218,10,1,30,6,52,"[2229, 1974]",COMPLETE
2639,2639,0.28384093374328223,2.583948850631714,2021-06-19 15:40:31.147870,2021-06-19 15:40:33.743600,0 days 00:00:02.595730,20,0.7044121314824888,10,1,9,11,52,"[1929, 1028]",COMPLETE
2640,2640,0.2791114127118537,2.6777589321136475,2021-06-19 15:40:33.745405,2021-06-19 15:40:36.426888,0 days 00:00:02.681483,20,0.7492482924832433,10,1,2,12,52,"[900, 1205]",COMPLETE
2641,2641,0.2691510284861673,2.5508363246917725,2021-06-19 15:40:36.428669,2021-06-19 15:40:38.983054,0 days 00:00:02.554385,20,0.8047024443354969,10,1,2,14,52,"[840, 1205]",COMPLETE
2642,2642,0.23051628410056116,2.6808454990386963,2021-06-19 15:40:38.984871,2021-06-19 15:40:41.669362,0 days 00:00:02.684491,20,0.798561875224289,10,1,30,26,52,"[2078, 2297]",COMPLETE
2643,2643,0.23186450628436675,2.5580990314483643,2021-06-19 15:40:41.671486,2021-06-19 15:40:44.233107,0 days 00:00:02.561621,20,0.7044121314824888,10,2,22,26,52,"[1705, 908]",COMPLETE
2644,2644,0.23716935553392884,2.610706090927124,2021-06-19 15:40:44.235364,2021-06-19 15:40:46.849729,0 days 00:00:02.614365,20,0.8047024443354969,10,4,22,23,52,"[849, 2215]",COMPLETE
2645,2645,0.3373014914438148,5.708893775939941,2021-06-19 15:40:46.851955,2021-06-19 15:40:52.564671,0 days 00:00:05.712716,40,0.8047024443354969,1,1,30,3,52,"[1218, 2256]",COMPLETE
2646,2646,0.3186736605454953,9.080050468444824,2021-06-19 15:40:52.566523,2021-06-19 15:41:01.650295,0 days 00:00:09.083772,20,0.8293174562067702,0,1,24,25,52,"[2048, 1312]",COMPLETE
2647,2647,0.24351985068937732,2.7943708896636963,2021-06-19 15:41:01.652538,2021-06-19 15:41:04.450405,0 days 00:00:02.797867,20,0.7492482924832433,8,1,23,26,52,"[2078, 2078]",COMPLETE
2648,2648,0.23733428595122028,2.6518547534942627,2021-06-19 15:41:04.452614,2021-06-19 15:41:07.108292,0 days 00:00:02.655678,10,0.7492482924832433,10,10,8,25,52,"[880, 316]",COMPLETE
2649,2649,0.2554708716438586,2.9640092849731445,2021-06-19 15:41:07.110322,2021-06-19 15:41:10.078198,0 days 00:00:02.967876,10,0.7044121314824888,7,9,13,25,52,"[1244, 1705]",COMPLETE
2650,2650,0.32510381384754583,9.327195882797241,2021-06-19 15:41:10.080392,2021-06-19 15:41:19.458481,0 days 00:00:09.378089,90,0.7492482924832433,0,1,30,25,53,"[880, 1312]",COMPLETE
2651,2651,0.2847582936680045,3.464916706085205,2021-06-19 15:41:19.460504,2021-06-19 15:41:22.929114,0 days 00:00:03.468610,10,0.7044121314824888,4,1,30,26,53,"[2465, 880]",COMPLETE
2652,2652,0.23093831800219017,2.5882925987243652,2021-06-19 15:41:22.931305,2021-06-19 15:41:25.522983,0 days 00:00:02.591678,20,0.775837870117549,10,9,30,26,53,"[2297, 2297]",COMPLETE
2653,2653,0.2326948315179024,2.6938729286193848,2021-06-19 15:41:25.525050,2021-06-19 15:41:28.222655,0 days 00:00:02.697605,20,0.7379031888536247,10,1,23,26,53,"[1135, 2078]",COMPLETE
2654,2654,0.23426994834469364,2.534759044647217,2021-06-19 15:41:28.224866,2021-06-19 15:41:30.763290,0 days 00:00:02.538424,20,0.7044121314824888,10,2,30,26,53,"[1851, 374]",COMPLETE
2655,2655,0.22946663754926816,2.589148998260498,2021-06-19 15:41:30.765556,2021-06-19 15:41:33.358443,0 days 00:00:02.592887,10,0.7044121314824888,10,9,30,24,53,"[1246, 374]",COMPLETE
2656,2656,0.3595146627655052,3.24399733543396,2021-06-19 15:41:33.360684,2021-06-19 15:41:36.608495,0 days 00:00:03.247811,20,0.8047024443354969,5,1,30,1,53,"[2465, 1745]",COMPLETE
2657,2657,0.26508234590420177,2.676272392272949,2021-06-19 15:41:36.610704,2021-06-19 15:41:39.290865,0 days 00:00:02.680161,20,0.6696705485840144,10,13,24,13,53,"[2209, 1205]",COMPLETE
2658,2658,0.23208599191444226,2.8143632411956787,2021-06-19 15:41:39.293092,2021-06-19 15:41:42.111118,0 days 00:00:02.818026,100,0.6415492259649922,10,1,22,24,53,"[849, 1159]",COMPLETE
