,number,values_0,values_1,datetime_start,datetime_complete,duration,params_checks,params_n_ratio,params_nskip,params_trees,params_w1,params_w2,system_attrs_nsga2:generation,system_attrs_nsga2:parents,state
1108,1108,0.22980274692688674,2.661862850189209,2021-06-19 14:14:16.903249,2021-06-19 14:14:19.567291,0 days 00:00:02.664042,20,0.7044121314824888,10,9,27,25,22,"[661, 542]",COMPLETE
1109,1109,0.23163961178302156,2.6135952472686768,2021-06-19 14:14:19.568747,2021-06-19 14:14:22.184390,0 days 00:00:02.615643,20,0.629201349454404,10,13,23,26,22,"[511, 647]",COMPLETE
1110,1110,0.2380444276039994,2.7055249214172363,2021-06-19 14:14:22.186011,2021-06-19 14:14:24.893492,0 days 00:00:02.707481,30,0.6314256997385901,10,1,30,26,22,"[772, 772]",COMPLETE
1111,1111,0.23005808573023026,2.5717787742614746,2021-06-19 14:14:24.894963,2021-06-19 14:14:27.468799,0 days 00:00:02.573836,20,0.7044121314824888,10,1,30,26,22,"[1016, 1064]",COMPLETE
1112,1112,0.24034580006913714,2.5654184818267822,2021-06-19 14:14:27.470423,2021-06-19 14:14:30.037821,0 days 00:00:02.567398,10,0.7492482924832433,10,1,9,26,22,"[647, 556]",COMPLETE
1113,1113,0.22884308311224955,2.7726378440856934,2021-06-19 14:14:30.039408,2021-06-19 14:14:32.813967,0 days 00:00:02.774559,20,0.7044121314824888,10,9,23,26,22,"[411, 1070]",COMPLETE
1114,1114,0.2351039882557687,2.588758945465088,2021-06-19 14:14:32.815596,2021-06-19 14:14:35.406400,0 days 00:00:02.590804,20,0.7044121314824888,10,9,30,22,22,"[672, 661]",COMPLETE
1115,1115,0.23013562691243095,2.7483460903167725,2021-06-19 14:14:35.407864,2021-06-19 14:14:38.158440,0 days 00:00:02.750576,20,0.7044121314824888,10,12,27,25,22,"[960, 1080]",COMPLETE
1116,1116,0.24301930982232747,2.5076799392700195,2021-06-19 14:14:38.160075,2021-06-19 14:14:40.669838,0 days 00:00:02.509763,10,0.631528025446733,10,1,9,22,22,"[745, 556]",COMPLETE
1117,1117,0.23511036451300718,2.7927405834198,2021-06-19 14:14:40.671331,2021-06-19 14:14:43.466297,0 days 00:00:02.794966,0,0.7044121314824888,10,10,23,26,22,"[647, 411]",COMPLETE
1118,1118,0.22827942491054867,2.580970287322998,2021-06-19 14:14:43.468000,2021-06-19 14:14:46.051213,0 days 00:00:02.583213,20,0.775837870117549,10,9,30,25,22,"[542, 1080]",COMPLETE
1119,1119,0.2445881099625097,2.545926094055176,2021-06-19 14:14:46.052773,2021-06-19 14:14:48.600797,0 days 00:00:02.548024,10,0.6415492259649922,10,1,2,25,22,"[849, 880]",COMPLETE
1120,1120,0.23020350049345317,2.6414830684661865,2021-06-19 14:14:48.602226,2021-06-19 14:14:51.245649,0 days 00:00:02.643423,20,0.8047024443354969,10,1,30,25,22,"[903, 840]",COMPLETE
1121,1121,0.27127455789186816,3.0950944423675537,2021-06-19 14:14:51.247070,2021-06-19 14:14:54.344362,0 days 00:00:03.097292,20,0.8171722282692073,5,1,8,25,22,"[316, 488]",COMPLETE
1122,1122,0.22939779718695638,2.710920572280884,2021-06-19 14:14:54.345832,2021-06-19 14:14:57.058799,0 days 00:00:02.712967,20,0.7044121314824888,10,5,23,25,22,"[488, 1070]",COMPLETE
1123,1123,0.28356148990640473,2.5403976440429688,2021-06-19 14:14:57.060323,2021-06-19 14:14:59.602781,0 days 00:00:02.542458,20,0.7044121314824888,10,1,23,7,22,"[647, 374]",COMPLETE
1124,1124,0.22948286586531516,2.685990571975708,2021-06-19 14:14:59.604236,2021-06-19 14:15:02.292519,0 days 00:00:02.688283,20,0.7044121314824888,10,1,28,26,22,"[908, 1049]",COMPLETE
1125,1125,0.257769016140244,3.1937575340270996,2021-06-19 14:15:02.294156,2021-06-19 14:15:05.490215,0 days 00:00:03.196059,20,0.9454860379805983,6,8,9,27,22,"[672, 905]",COMPLETE
1126,1126,0.23337728567413663,2.5518922805786133,2021-06-19 14:15:05.491749,2021-06-19 14:15:08.045573,0 days 00:00:02.553824,20,0.7044121314824888,10,1,30,26,22,"[1006, 374]",COMPLETE
1127,1127,inf,inf,2021-06-19 14:15:08.047089,2021-06-19 14:15:08.201801,0 days 00:00:00.154712,10,0.3552128411608915,10,1,30,25,22,"[880, 672]",COMPLETE
1128,1128,0.3211304141529195,9.16890835762024,2021-06-19 14:15:08.204110,2021-06-19 14:15:17.376328,0 days 00:00:09.172218,20,0.7044121314824888,0,1,22,26,22,"[1064, 884]",COMPLETE
1129,1129,0.2920902002658056,3.77205491065979,2021-06-19 14:15:17.377769,2021-06-19 14:15:21.151935,0 days 00:00:03.774166,20,0.7044121314824888,3,1,23,26,22,"[905, 960]",COMPLETE
1130,1130,0.23670304793168026,2.523820161819458,2021-06-19 14:15:21.153555,2021-06-19 14:15:23.679310,0 days 00:00:02.525755,10,0.7492482924832433,10,1,12,26,22,"[1063, 900]",COMPLETE
1131,1131,0.38334313887095534,2.562748432159424,2021-06-19 14:15:23.680958,2021-06-19 14:15:26.245769,0 days 00:00:02.564811,20,0.7044121314824888,10,1,9,0,22,"[1080, 905]",COMPLETE
1132,1132,0.23026947210359888,2.692770004272461,2021-06-19 14:15:26.247405,2021-06-19 14:15:28.942350,0 days 00:00:02.694945,40,0.7492482924832433,10,1,23,25,22,"[488, 960]",COMPLETE
1133,1133,0.228804329604668,2.544577121734619,2021-06-19 14:15:28.944020,2021-06-19 14:15:31.490411,0 days 00:00:02.546391,20,0.7044121314824888,10,1,23,26,22,"[672, 672]",COMPLETE
1134,1134,0.2733232215043802,2.727494955062866,2021-06-19 14:15:31.492024,2021-06-19 14:15:34.221742,0 days 00:00:02.729718,70,0.7044121314824888,10,4,23,14,22,"[684, 848]",COMPLETE
1135,1135,0.2283804204990257,2.538872480392456,2021-06-19 14:15:34.223363,2021-06-19 14:15:36.764181,0 days 00:00:02.540818,20,0.7044121314824888,10,1,30,25,22,"[1006, 772]",COMPLETE
1136,1136,0.2356179599332804,2.7528738975524902,2021-06-19 14:15:36.765452,2021-06-19 14:15:39.520407,0 days 00:00:02.754955,20,0.7044121314824888,10,10,30,23,22,"[848, 1006]",COMPLETE
1137,1137,0.2696163096942632,2.8107218742370605,2021-06-19 14:15:39.522022,2021-06-19 14:15:42.335172,0 days 00:00:02.813150,20,0.7039382016603601,7,4,24,17,22,"[1033, 912]",COMPLETE
1138,1138,0.23254175596315593,2.576861619949341,2021-06-19 14:15:42.336827,2021-06-19 14:15:44.915948,0 days 00:00:02.579121,20,0.7044121314824888,10,1,21,26,22,"[1006, 553]",COMPLETE
1139,1139,0.23036163303107968,2.666646957397461,2021-06-19 14:15:44.917589,2021-06-19 14:15:47.586235,0 days 00:00:02.668646,20,0.7044121314824888,10,1,30,26,22,"[903, 647]",COMPLETE
1140,1140,0.23254249055669454,2.552560806274414,2021-06-19 14:15:47.587673,2021-06-19 14:15:50.142322,0 days 00:00:02.554649,10,0.603627004462215,10,1,24,26,22,"[316, 1070]",COMPLETE
1141,1141,0.3164646556033283,10.274477005004883,2021-06-19 14:15:50.143970,2021-06-19 14:16:00.420836,0 days 00:00:10.276866,20,0.9164134916922901,0,9,30,25,22,"[542, 938]",COMPLETE
1142,1142,0.28568107610471344,3.4334399700164795,2021-06-19 14:16:00.421979,2021-06-19 14:16:03.857614,0 days 00:00:03.435635,20,0.7044121314824888,5,9,22,20,22,"[849, 903]",COMPLETE
1143,1143,0.23236979188101908,2.650156021118164,2021-06-19 14:16:03.859193,2021-06-19 14:16:06.511391,0 days 00:00:02.652198,20,0.7492482924832433,10,1,30,26,22,"[258, 900]",COMPLETE
1144,1144,0.28194247786165194,2.6979281902313232,2021-06-19 14:16:06.513021,2021-06-19 14:16:09.213031,0 days 00:00:02.700010,20,0.7044121314824888,10,1,23,13,22,"[672, 1006]",COMPLETE
1145,1145,0.2347000292683483,2.534193277359009,2021-06-19 14:16:09.214297,2021-06-19 14:16:11.750565,0 days 00:00:02.536268,20,0.629201349454404,10,1,22,25,22,"[511, 258]",COMPLETE
1146,1146,0.2432803854828599,2.592038154602051,2021-06-19 14:16:11.752252,2021-06-19 14:16:14.346276,0 days 00:00:02.594024,10,0.603627004462215,10,1,23,25,22,"[960, 316]",COMPLETE
1147,1147,0.23478028812991183,2.6600749492645264,2021-06-19 14:16:14.347916,2021-06-19 14:16:17.009996,0 days 00:00:02.662080,10,0.7492482924832433,10,1,24,25,22,"[912, 880]",COMPLETE
1148,1148,0.23026169137389377,2.561030864715576,2021-06-19 14:16:17.011498,2021-06-19 14:16:19.574589,0 days 00:00:02.563091,20,0.7835183620519521,10,1,30,23,22,"[488, 849]",COMPLETE
1149,1149,0.231214226869983,2.722278356552124,2021-06-19 14:16:19.576159,2021-06-19 14:16:22.300686,0 days 00:00:02.724527,80,0.7492482924832433,10,3,23,26,22,"[1033, 1063]",COMPLETE
1150,1150,0.29317828864376194,2.5979230403900146,2021-06-19 14:16:22.302292,2021-06-19 14:16:24.949297,0 days 00:00:02.647005,20,0.629201349454404,10,9,22,9,23,"[1145, 1118]",COMPLETE
1151,1151,0.23237788968608525,2.936755895614624,2021-06-19 14:16:24.950918,2021-06-19 14:16:27.889845,0 days 00:00:02.938927,60,0.9509809299454381,10,1,30,26,23,"[940, 1033]",COMPLETE
1152,1152,0.26823541063990813,2.5445542335510254,2021-06-19 14:16:27.891486,2021-06-19 14:16:30.438184,0 days 00:00:02.546698,20,0.7044121314824888,10,1,30,8,23,"[990, 903]",COMPLETE
1153,1153,0.23331894411748844,2.745044708251953,2021-06-19 14:16:30.439840,2021-06-19 14:16:33.187046,0 days 00:00:02.747206,10,0.8261410800993059,10,1,30,25,23,"[880, 488]",COMPLETE
1154,1154,0.2388012569924777,2.705451488494873,2021-06-19 14:16:33.188712,2021-06-19 14:16:35.896353,0 days 00:00:02.707641,20,0.7044121314824888,10,1,14,26,23,"[951, 1133]",COMPLETE
1155,1155,0.23549074547145293,2.86350417137146,2021-06-19 14:16:35.897901,2021-06-19 14:16:38.763549,0 days 00:00:02.865648,20,0.9730757306445474,10,9,22,26,23,"[884, 940]",COMPLETE
1156,1156,0.2794869834737342,3.4552531242370605,2021-06-19 14:16:38.765237,2021-06-19 14:16:42.222564,0 days 00:00:03.457327,20,0.7044121314824888,4,1,23,26,23,"[1133, 672]",COMPLETE
1157,1157,0.23349305200005238,2.6066935062408447,2021-06-19 14:16:42.224214,2021-06-19 14:16:44.833035,0 days 00:00:02.608821,20,0.7044121314824888,9,1,26,26,23,"[1049, 759]",COMPLETE
1158,1158,0.2315720683863887,2.7345097064971924,2021-06-19 14:16:44.834693,2021-06-19 14:16:47.571378,0 days 00:00:02.736685,20,0.7044121314824888,10,1,30,25,23,"[1135, 672]",COMPLETE
1159,1159,0.2274211823300041,2.533337354660034,2021-06-19 14:16:47.572796,2021-06-19 14:16:50.108115,0 days 00:00:02.535319,20,0.7044121314824888,10,1,30,24,23,"[1044, 1135]",COMPLETE
1160,1160,0.23069003292742093,2.5351624488830566,2021-06-19 14:16:50.109726,2021-06-19 14:16:52.646846,0 days 00:00:02.537120,20,0.7044121314824888,10,1,23,26,23,"[672, 175]",COMPLETE
1161,1161,0.23651135651373154,2.6858105659484863,2021-06-19 14:16:52.648402,2021-06-19 14:16:55.336202,0 days 00:00:02.687800,10,0.629201349454404,10,1,30,25,23,"[990, 1028]",COMPLETE
1162,1162,0.2328904904636056,2.5616848468780518,2021-06-19 14:16:55.337815,2021-06-19 14:16:57.901612,0 days 00:00:02.563797,20,0.7044121314824888,10,6,30,24,23,"[1044, 1046]",COMPLETE
1163,1163,0.23125116827328843,2.6513824462890625,2021-06-19 14:16:57.903152,2021-06-19 14:17:00.556510,0 days 00:00:02.653358,20,0.7044121314824888,10,1,23,26,23,"[374, 647]",COMPLETE
1164,1164,0.2946582025153741,4.310549974441528,2021-06-19 14:17:00.558103,2021-06-19 14:17:04.870787,0 days 00:00:04.312684,10,0.7492482924832433,2,1,9,25,23,"[745, 316]",COMPLETE
1165,1165,0.254364900480611,2.7019994258880615,2021-06-19 14:17:04.872350,2021-06-19 14:17:07.576447,0 days 00:00:02.704097,20,0.7044121314824888,10,1,30,18,23,"[374, 990]",COMPLETE
1166,1166,0.32065360271563764,2.6580891609191895,2021-06-19 14:17:07.578066,2021-06-19 14:17:10.238387,0 days 00:00:02.660321,20,0.7044121314824888,10,13,30,1,23,"[848, 877]",COMPLETE
1167,1167,0.23205153156045655,2.5744316577911377,2021-06-19 14:17:10.240047,2021-06-19 14:17:12.816648,0 days 00:00:02.576601,40,0.7044121314824888,10,1,30,25,23,"[1135, 1046]",COMPLETE
1168,1168,0.24577426230860847,2.776993751525879,2021-06-19 14:17:12.818288,2021-06-19 14:17:15.597408,0 days 00:00:02.779120,50,0.7039382016603601,10,9,24,21,23,"[175, 175]",COMPLETE
1169,1169,0.22850989146167364,2.6467833518981934,2021-06-19 14:17:15.599050,2021-06-19 14:17:18.247818,0 days 00:00:02.648768,20,0.7044121314824888,10,9,30,26,23,"[877, 488]",COMPLETE
1170,1170,0.22863712563773508,2.7387759685516357,2021-06-19 14:17:18.249468,2021-06-19 14:17:20.990235,0 days 00:00:02.740767,20,0.7044121314824888,10,9,30,26,23,"[1064, 553]",COMPLETE
1171,1171,0.23274984307326335,2.547731399536133,2021-06-19 14:17:20.991864,2021-06-19 14:17:23.541955,0 days 00:00:02.550091,20,0.7044121314824888,10,1,30,25,23,"[488, 877]",COMPLETE
1172,1172,0.23012003058363417,2.784459114074707,2021-06-19 14:17:23.543581,2021-06-19 14:17:26.330074,0 days 00:00:02.786493,20,0.7044121314824888,10,12,30,25,23,"[1145, 848]",COMPLETE
1173,1173,0.25711422124705513,2.8245112895965576,2021-06-19 14:17:26.331468,2021-06-19 14:17:29.158210,0 days 00:00:02.826742,20,0.7044121314824888,7,5,19,24,23,"[877, 535]",COMPLETE
1174,1174,0.23370376859040867,2.6029675006866455,2021-06-19 14:17:29.159370,2021-06-19 14:17:31.764423,0 days 00:00:02.605053,20,0.7492482924832433,10,1,23,26,23,"[745, 647]",COMPLETE
1175,1175,0.22748244894687705,2.780228614807129,2021-06-19 14:17:31.766087,2021-06-19 14:17:34.548311,0 days 00:00:02.782224,20,0.7492482924832433,10,9,30,25,23,"[374, 880]",COMPLETE
1176,1176,0.23076886241547667,2.6146297454833984,2021-06-19 14:17:34.549853,2021-06-19 14:17:37.166702,0 days 00:00:02.616849,20,0.7044121314824888,10,9,30,26,23,"[1070, 908]",COMPLETE
1177,1177,0.23735032235429618,2.7970974445343018,2021-06-19 14:17:37.168346,2021-06-19 14:17:39.967992,0 days 00:00:02.799646,90,0.7492482924832433,10,15,9,25,23,"[745, 316]",COMPLETE
1178,1178,0.23562380455573104,2.567605972290039,2021-06-19 14:17:39.969635,2021-06-19 14:17:42.539375,0 days 00:00:02.569740,20,0.7044121314824888,10,7,14,24,23,"[535, 759]",COMPLETE
1179,1179,0.27578042480429293,3.083277702331543,2021-06-19 14:17:42.540889,2021-06-19 14:17:45.626440,0 days 00:00:03.085551,20,0.7044121314824888,6,1,23,20,23,"[1133, 647]",COMPLETE
1180,1180,0.23167885958174186,2.582181215286255,2021-06-19 14:17:45.627631,2021-06-19 14:17:48.211968,0 days 00:00:02.584337,20,0.7044121314824888,10,10,30,26,23,"[903, 900]",COMPLETE
1181,1181,0.23449731039369776,2.650980234146118,2021-06-19 14:17:48.213601,2021-06-19 14:17:50.866699,0 days 00:00:02.653098,100,0.7044121314824888,10,5,14,26,23,"[951, 900]",COMPLETE
1182,1182,0.2346867610279474,2.706714153289795,2021-06-19 14:17:50.867915,2021-06-19 14:17:53.576895,0 days 00:00:02.708980,20,0.7044121314824888,10,7,30,29,23,"[488, 993]",COMPLETE
1183,1183,0.23317577464716666,2.63562273979187,2021-06-19 14:17:53.578120,2021-06-19 14:17:56.215810,0 days 00:00:02.637690,10,0.7492482924832433,10,1,30,26,23,"[940, 1028]",COMPLETE
1184,1184,0.2343943397945456,2.7338314056396484,2021-06-19 14:17:56.217328,2021-06-19 14:17:58.953431,0 days 00:00:02.736103,80,0.629201349454404,10,5,22,25,23,"[1145, 840]",COMPLETE
1185,1185,0.23433004773818053,2.5383996963500977,2021-06-19 14:17:58.955075,2021-06-19 14:18:01.495482,0 days 00:00:02.540407,10,0.7492482924832433,10,1,22,23,23,"[849, 880]",COMPLETE
1186,1186,0.28360109983945636,3.493868112564087,2021-06-19 14:18:01.497093,2021-06-19 14:18:04.993116,0 days 00:00:03.496023,20,0.7044121314824888,4,1,30,26,23,"[1016, 1064]",COMPLETE
1187,1187,0.23074979991703293,2.5586013793945312,2021-06-19 14:18:04.994316,2021-06-19 14:18:07.555033,0 days 00:00:02.560717,20,0.8047024443354969,10,1,24,25,23,"[840, 542]",COMPLETE
1188,1188,0.22786141639771934,2.770665168762207,2021-06-19 14:18:07.556267,2021-06-19 14:18:10.328917,0 days 00:00:02.772650,20,0.7044121314824888,10,9,30,25,23,"[1006, 411]",COMPLETE
1189,1189,0.23452412650706161,2.5632195472717285,2021-06-19 14:18:10.330557,2021-06-19 14:18:12.895799,0 days 00:00:02.565242,20,0.7044121314824888,10,1,26,26,23,"[553, 1049]",COMPLETE
1190,1190,0.2342706639327991,2.5464131832122803,2021-06-19 14:18:12.897470,2021-06-19 14:18:15.446064,0 days 00:00:02.548594,10,0.7044121314824888,10,1,30,25,23,"[488, 1006]",COMPLETE
1191,1191,0.2379267129120058,2.733445882797241,2021-06-19 14:18:15.447542,2021-06-19 14:18:18.183182,0 days 00:00:02.735640,20,0.7044121314824888,10,5,5,24,23,"[1044, 1044]",COMPLETE
1192,1192,0.23085595647719623,2.6291913986206055,2021-06-19 14:18:18.184614,2021-06-19 14:18:20.815951,0 days 00:00:02.631337,20,0.7044121314824888,10,5,30,24,23,"[374, 535]",COMPLETE
1193,1193,0.23803999283366248,2.7349321842193604,2021-06-19 14:18:20.817600,2021-06-19 14:18:23.554699,0 days 00:00:02.737099,10,0.7492482924832433,9,1,26,25,23,"[488, 1049]",COMPLETE
1194,1194,0.23246320132968484,2.5931382179260254,2021-06-19 14:18:23.556127,2021-06-19 14:18:26.151262,0 days 00:00:02.595135,20,0.629201349454404,10,8,22,25,23,"[511, 511]",COMPLETE
1195,1195,0.27229232095962097,2.6894469261169434,2021-06-19 14:18:26.152971,2021-06-19 14:18:28.844611,0 days 00:00:02.691640,20,0.7044121314824888,10,1,22,11,23,"[1135, 849]",COMPLETE
1196,1196,0.24034128999265714,2.6093649864196777,2021-06-19 14:18:28.845987,2021-06-19 14:18:31.457407,0 days 00:00:02.611420,20,0.8892318567715725,10,5,4,24,23,"[535, 535]",COMPLETE
1197,1197,0.23200953771158142,2.5592057704925537,2021-06-19 14:18:31.458965,2021-06-19 14:18:34.020212,0 days 00:00:02.561247,20,0.7492482924832433,10,1,30,25,23,"[908, 488]",COMPLETE
1198,1198,0.23341898780836792,2.692793130874634,2021-06-19 14:18:34.021887,2021-06-19 14:18:36.716719,0 days 00:00:02.694832,20,0.7044121314824888,10,1,23,26,23,"[1064, 1133]",COMPLETE
1199,1199,0.23910775424202677,2.5943002700805664,2021-06-19 14:18:36.718058,2021-06-19 14:18:39.314599,0 days 00:00:02.596541,40,0.7044121314824888,10,9,6,26,23,"[411, 411]",COMPLETE
1200,1200,0.3162758959088249,10.070600986480713,2021-06-19 14:18:39.316234,2021-06-19 14:20:01.018266,0 days 00:01:21.702032,20,0.9186833927715412,0,1,22,25,24,"[990, 840]",COMPLETE
1201,1201,0.23173619373665516,2.7647650241851807,2021-06-19 14:20:01.020948,2021-06-19 14:20:03.788432,0 days 00:00:02.767484,10,0.7039382016603601,10,7,24,26,24,"[1130, 175]",COMPLETE
1202,1202,0.2292027989303139,2.611600637435913,2021-06-19 14:20:03.790056,2021-06-19 14:20:06.403680,0 days 00:00:02.613624,20,0.7044121314824888,10,9,26,26,24,"[411, 511]",COMPLETE
1203,1203,0.2342909615872387,2.616239547729492,2021-06-19 14:20:06.405353,2021-06-19 14:20:09.023633,0 days 00:00:02.618280,20,0.7044121314824888,10,9,12,26,24,"[258, 1130]",COMPLETE
1204,1204,0.22894727762179587,2.755631685256958,2021-06-19 14:20:09.024926,2021-06-19 14:20:11.782643,0 days 00:00:02.757717,20,0.7044121314824888,10,9,26,26,24,"[1159, 411]",COMPLETE
1205,1205,0.26879681100132347,2.5015804767608643,2021-06-19 14:20:11.784334,2021-06-19 14:20:14.288211,0 days 00:00:02.503877,20,0.7044121314824888,10,1,2,14,24,"[1160, 316]",COMPLETE
1206,1206,0.24088672999794156,2.687635898590088,2021-06-19 14:20:14.289757,2021-06-19 14:20:16.979554,0 days 00:00:02.689797,20,0.775837870117549,10,1,5,24,24,"[1159, 1118]",COMPLETE
1207,1207,0.2314665509256632,2.5601677894592285,2021-06-19 14:20:16.981221,2021-06-19 14:20:19.543430,0 days 00:00:02.562209,20,0.7044121314824888,10,9,30,26,24,"[877, 1006]",COMPLETE
1208,1208,0.23101237767839067,2.728576183319092,2021-06-19 14:20:19.544827,2021-06-19 14:20:22.275541,0 days 00:00:02.730714,70,0.7044121314824888,10,1,30,25,24,"[1028, 374]",COMPLETE
1209,1209,0.2515878972725598,2.559720993041992,2021-06-19 14:20:22.276890,2021-06-19 14:20:24.839100,0 days 00:00:02.562210,20,0.7044121314824888,10,1,22,19,24,"[511, 258]",COMPLETE
1210,1210,0.23162279197398403,2.607149124145508,2021-06-19 14:20:24.840633,2021-06-19 14:20:27.449926,0 days 00:00:02.609293,10,0.7492482924832433,10,12,24,25,24,"[880, 840]",COMPLETE
1211,1211,0.22891237860629038,2.684032678604126,2021-06-19 14:20:27.451548,2021-06-19 14:20:30.137600,0 days 00:00:02.686052,20,0.7492482924832433,10,4,30,26,24,"[940, 684]",COMPLETE
1212,1212,0.2565830934639121,2.8756797313690186,2021-06-19 14:20:30.139199,2021-06-19 14:20:33.017060,0 days 00:00:02.877861,10,0.7492482924832433,7,9,30,26,24,"[908, 960]",COMPLETE
1213,1213,0.23106940967685682,2.751857042312622,2021-06-19 14:20:33.018754,2021-06-19 14:20:35.772861,0 days 00:00:02.754107,20,0.7492482924832433,10,9,30,25,24,"[877, 488]",COMPLETE
1214,1214,0.23145815929929128,2.5463671684265137,2021-06-19 14:20:35.774061,2021-06-19 14:20:38.322459,0 days 00:00:02.548398,20,0.8047024443354969,10,1,23,26,24,"[647, 553]",COMPLETE
1215,1215,0.3098243294973908,5.78838324546814,2021-06-19 14:20:38.323677,2021-06-19 14:20:44.114230,0 days 00:00:05.790553,20,0.7044121314824888,1,9,24,26,24,"[1044, 759]",COMPLETE
1216,1216,0.23284312146713873,2.5436644554138184,2021-06-19 14:20:44.115445,2021-06-19 14:20:46.661141,0 days 00:00:02.545696,10,0.7044121314824888,10,1,30,26,24,"[1044, 1049]",COMPLETE
1217,1217,0.2379754054092718,2.7911148071289062,2021-06-19 14:20:46.662796,2021-06-19 14:20:49.456118,0 days 00:00:02.793322,20,0.629201349454404,10,9,10,25,24,"[1145, 759]",COMPLETE
1218,1218,0.2264919901481915,2.6126184463500977,2021-06-19 14:20:49.457864,2021-06-19 14:20:52.072614,0 days 00:00:02.614750,20,0.7044121314824888,10,9,30,26,24,"[877, 556]",COMPLETE
1219,1219,0.2308159217637712,2.521857976913452,2021-06-19 14:20:52.074250,2021-06-19 14:20:54.598154,0 days 00:00:02.523904,20,0.7044121314824888,10,1,23,26,24,"[672, 1133]",COMPLETE
1220,1220,0.2315088624301313,2.718682050704956,2021-06-19 14:20:54.599753,2021-06-19 14:20:57.320528,0 days 00:00:02.720775,20,0.7044121314824888,10,1,23,26,24,"[553, 993]",COMPLETE
1221,1221,0.2705489448509803,2.5502030849456787,2021-06-19 14:20:57.321850,2021-06-19 14:20:59.874302,0 days 00:00:02.552452,10,0.7492482924832433,10,1,24,12,24,"[759, 1130]",COMPLETE
1222,1222,0.22844919310346237,2.7309377193450928,2021-06-19 14:20:59.875666,2021-06-19 14:21:02.608635,0 days 00:00:02.732969,20,0.7044121314824888,10,9,24,26,24,"[900, 903]",COMPLETE
1223,1223,0.22787644030593743,2.6154465675354004,2021-06-19 14:21:02.610310,2021-06-19 14:21:05.227807,0 days 00:00:02.617497,20,0.7044121314824888,10,9,23,26,24,"[553, 903]",COMPLETE
1224,1224,0.23622000482602765,2.7728939056396484,2021-06-19 14:21:05.229176,2021-06-19 14:21:08.004325,0 days 00:00:02.775149,20,0.7044121314824888,10,1,12,26,24,"[1133, 1130]",COMPLETE
1225,1225,inf,inf,2021-06-19 14:21:08.006220,2021-06-19 14:21:08.199886,0 days 00:00:00.193666,20,0.43343986191827133,10,1,30,25,24,"[877, 1028]",COMPLETE
1226,1226,0.2314271677412134,2.585279941558838,2021-06-19 14:21:08.214929,2021-06-19 14:21:10.807540,0 days 00:00:02.592611,20,0.7492482924832433,10,1,23,25,24,"[1028, 1070]",COMPLETE
