,number,values_0,values_1,datetime_start,datetime_complete,duration,params_checks,params_n_ratio,params_nskip,params_trees,params_w1,params_w2,system_attrs_nsga2:generation,system_attrs_nsga2:parents,state
4089,4089,0.23423087891647243,2.60829758644104,2021-06-19 16:59:40.151630,2021-06-19 16:59:42.781483,0 days 00:00:02.629853,20,0.7044121314824888,10,1,30,26,81,"[2465, 1159]",COMPLETE
4090,4090,0.24510127606219362,2.720257043838501,2021-06-19 16:59:42.784324,2021-06-19 16:59:45.509998,0 days 00:00:02.725674,10,0.7492482924832433,10,1,22,20,81,"[849, 1897]",COMPLETE
4091,4091,0.23245235313478305,2.574558973312378,2021-06-19 16:59:45.512444,2021-06-19 16:59:48.092061,0 days 00:00:02.579617,20,0.7044121314824888,10,1,30,24,81,"[1159, 1159]",COMPLETE
4092,4092,0.2342806650528469,2.7410647869110107,2021-06-19 16:59:48.094399,2021-06-19 16:59:50.840558,0 days 00:00:02.746159,20,0.7492482924832433,10,1,24,26,81,"[2078, 900]",COMPLETE
4093,4093,0.2289089542890583,2.6174683570861816,2021-06-19 16:59:50.842785,2021-06-19 16:59:53.465433,0 days 00:00:02.622648,80,0.8047024443354969,10,1,30,25,81,"[1745, 1006]",COMPLETE
4094,4094,0.2342881721643696,2.598748207092285,2021-06-19 16:59:53.467831,2021-06-19 16:59:56.071758,0 days 00:00:02.603927,20,0.7044121314824888,10,9,30,25,81,"[1929, 1244]",COMPLETE
4095,4095,0.23346055487991704,2.797698736190796,2021-06-19 16:59:56.074601,2021-06-19 16:59:58.877759,0 days 00:00:02.803158,10,0.7044121314824888,9,1,30,25,81,"[3664, 3105]",COMPLETE
4096,4096,0.22971032948628456,2.5714197158813477,2021-06-19 16:59:58.880332,2021-06-19 17:00:01.457019,0 days 00:00:02.576687,10,0.7044121314824888,10,1,30,25,81,"[2659, 1135]",COMPLETE
4097,4097,0.2423761673218198,2.6082851886749268,2021-06-19 17:00:01.459767,2021-06-19 17:00:04.073347,0 days 00:00:02.613580,20,0.8047024443354969,10,1,2,25,81,"[2229, 1205]",COMPLETE
4098,4098,0.23733545957786298,2.740356683731079,2021-06-19 17:00:04.075955,2021-06-19 17:00:06.821680,0 days 00:00:02.745725,20,0.603627004462215,10,1,8,25,81,"[1656, 316]",COMPLETE
4099,4099,0.24424559538911977,2.623581886291504,2021-06-19 17:00:06.824244,2021-06-19 17:00:09.453658,0 days 00:00:02.629414,10,0.7044121314824888,10,9,30,20,81,"[3105, 2963]",COMPLETE
4100,4100,0.22920025206941497,2.8043878078460693,2021-06-19 17:00:09.456259,2021-06-19 17:01:23.877993,0 days 00:01:14.421734,10,0.7044121314824888,10,1,28,25,82,"[2659, 1246]",COMPLETE
4101,4101,0.24338752218838997,2.6218013763427734,2021-06-19 17:01:23.882622,2021-06-19 17:01:26.510421,0 days 00:00:02.627799,20,0.7492482924832433,10,1,2,26,82,"[1897, 900]",COMPLETE
4102,4102,0.22983232758165037,2.6118106842041016,2021-06-19 17:01:26.513102,2021-06-19 17:01:29.130146,0 days 00:00:02.617044,20,0.7044121314824888,10,1,30,25,82,"[3100, 1656]",COMPLETE
4103,4103,0.23083461775645228,2.7686264514923096,2021-06-19 17:01:29.132916,2021-06-19 17:01:31.906551,0 days 00:00:02.773635,20,0.7044121314824888,10,1,30,25,82,"[3260, 3260]",COMPLETE
4104,4104,0.24445814414260292,2.6264140605926514,2021-06-19 17:01:31.909429,2021-06-19 17:01:34.541721,0 days 00:00:02.632292,20,0.7044121314824888,10,1,0,26,82,"[900, 908]",COMPLETE
4105,4105,0.25953590839868146,3.199411392211914,2021-06-19 17:01:34.544575,2021-06-19 17:01:37.749482,0 days 00:00:03.204907,10,0.7492482924832433,6,9,30,25,82,"[880, 3082]",COMPLETE
4106,4106,0.23287103009940774,2.5794010162353516,2021-06-19 17:01:37.752204,2021-06-19 17:01:40.336794,0 days 00:00:02.584590,20,0.7044121314824888,10,1,30,25,82,"[1135, 1218]",COMPLETE
4107,4107,0.2327558442607338,2.5816285610198975,2021-06-19 17:01:40.339570,2021-06-19 17:01:42.926700,0 days 00:00:02.587130,20,0.8047024443354969,10,1,24,23,82,"[1312, 3260]",COMPLETE
4108,4108,0.24208772569182008,2.760011672973633,2021-06-19 17:01:42.929441,2021-06-19 17:01:45.694636,0 days 00:00:02.765195,20,0.7791600264159768,10,1,2,25,82,"[1656, 1656]",COMPLETE
4109,4109,0.23227236808497134,2.5853028297424316,2021-06-19 17:01:45.697011,2021-06-19 17:01:48.287262,0 days 00:00:02.590251,10,0.7044121314824888,10,1,28,25,82,"[2659, 2659]",COMPLETE
4110,4110,0.2319383257125758,2.5730650424957275,2021-06-19 17:01:48.289959,2021-06-19 17:01:50.868314,0 days 00:00:02.578355,20,0.775837870117549,10,1,30,25,82,"[3566, 3100]",COMPLETE
4111,4111,0.23376992669773788,2.701364517211914,2021-06-19 17:01:50.871141,2021-06-19 17:01:53.577721,0 days 00:00:02.706580,20,0.7044121314824888,10,1,23,26,82,"[1218, 2078]",COMPLETE
4112,4112,0.23031278810781805,2.582948684692383,2021-06-19 17:01:53.580574,2021-06-19 17:01:56.168779,0 days 00:00:02.588205,20,0.8047024443354969,10,1,23,26,82,"[647, 1745]",COMPLETE
4113,4113,0.23148538381997766,2.794191598892212,2021-06-19 17:01:56.171580,2021-06-19 17:01:58.971128,0 days 00:00:02.799548,20,0.7521540442903347,10,9,23,24,82,"[1159, 2486]",COMPLETE
4114,4114,0.22897266727036103,2.6057586669921875,2021-06-19 17:01:58.973922,2021-06-19 17:02:01.585041,0 days 00:00:02.611119,20,0.7492482924832433,10,12,30,25,82,"[1312, 880]",COMPLETE
4115,4115,0.2284792151328557,2.576508045196533,2021-06-19 17:02:01.587875,2021-06-19 17:02:04.170017,0 days 00:00:02.582142,20,0.775837870117549,10,1,25,25,82,"[1745, 3082]",COMPLETE
4116,4116,0.22953993477382925,2.783395767211914,2021-06-19 17:02:04.172400,2021-06-19 17:02:06.961008,0 days 00:00:02.788608,20,0.775837870117549,10,9,30,25,82,"[1218, 2991]",COMPLETE
4117,4117,0.2337509942691629,2.7058935165405273,2021-06-19 17:02:06.963769,2021-06-19 17:02:09.675014,0 days 00:00:02.711245,20,0.939053841778146,10,1,24,23,82,"[1312, 1312]",COMPLETE
4118,4118,inf,inf,2021-06-19 17:02:09.677816,2021-06-19 17:02:09.994339,0 days 00:00:00.316523,10,0.5090121595896986,10,1,24,25,82,"[1389, 900]",COMPLETE
4119,4119,0.22964588714651693,2.8191421031951904,2021-06-19 17:02:09.998439,2021-06-19 17:02:12.827973,0 days 00:00:02.829534,20,0.7044121314824888,10,9,30,25,82,"[3260, 3256]",COMPLETE
4120,4120,0.23045572219147592,2.601670503616333,2021-06-19 17:02:12.830837,2021-06-19 17:02:15.437873,0 days 00:00:02.607036,20,0.8047024443354969,10,1,24,25,82,"[4079, 2063]",COMPLETE
4121,4121,0.2319161258433696,2.7544026374816895,2021-06-19 17:02:15.440721,2021-06-19 17:02:18.200427,0 days 00:00:02.759706,20,0.7492482924832433,10,1,30,25,82,"[3100, 880]",COMPLETE
4122,4122,0.23107010108150983,2.642817497253418,2021-06-19 17:02:18.203141,2021-06-19 17:02:20.851378,0 days 00:00:02.648237,80,0.7044121314824888,10,1,30,26,82,"[908, 1028]",COMPLETE
4123,4123,0.2264957138458902,2.6327590942382812,2021-06-19 17:02:20.854108,2021-06-19 17:02:23.492301,0 days 00:00:02.638193,20,0.7044121314824888,10,9,26,26,82,"[1929, 411]",COMPLETE
4124,4124,0.2316379282688825,2.7943179607391357,2021-06-19 17:02:23.495087,2021-06-19 17:02:26.294838,0 days 00:00:02.799751,20,0.7044121314824888,10,14,30,24,82,"[2960, 1159]",COMPLETE
4125,4125,0.2511583594959202,2.816763162612915,2021-06-19 17:02:26.297502,2021-06-19 17:02:29.119411,0 days 00:00:02.821909,20,0.7044121314824888,7,1,24,26,82,"[1599, 1599]",COMPLETE
4126,4126,0.23030503052118234,2.5849249362945557,2021-06-19 17:02:29.122265,2021-06-19 17:02:31.712600,0 days 00:00:02.590335,20,0.7044121314824888,10,1,24,25,82,"[2659, 2063]",COMPLETE
4127,4127,0.23177457713914768,2.781891345977783,2021-06-19 17:02:31.715408,2021-06-19 17:02:34.502474,0 days 00:00:02.787066,20,0.7044121314824888,10,9,30,25,82,"[3483, 3483]",COMPLETE
4128,4128,0.2332152717639763,2.609807014465332,2021-06-19 17:02:34.505204,2021-06-19 17:02:37.120342,0 days 00:00:02.615138,90,0.7044121314824888,10,1,30,26,82,"[2465, 2991]",COMPLETE
4129,4129,0.30417488638946927,4.488152742385864,2021-06-19 17:02:37.123051,2021-06-19 17:02:41.616663,0 days 00:00:04.493612,20,0.7044121314824888,2,1,30,20,82,"[1745, 1159]",COMPLETE
4130,4130,0.2578369016470253,2.5618016719818115,2021-06-19 17:02:41.619235,2021-06-19 17:02:44.186325,0 days 00:00:02.567090,20,0.7044121314824888,10,1,30,14,82,"[1205, 3483]",COMPLETE
4131,4131,0.2275796577764962,2.6275432109832764,2021-06-19 17:02:44.188966,2021-06-19 17:02:46.821860,0 days 00:00:02.632894,90,0.775837870117549,10,1,30,26,82,"[2991, 900]",COMPLETE
4132,4132,0.24149438824583433,2.7353527545928955,2021-06-19 17:02:46.824647,2021-06-19 17:02:49.565417,0 days 00:00:02.740770,40,0.603627004462215,10,1,8,26,82,"[3566, 316]",COMPLETE
4133,4133,0.23145621751847914,2.581124782562256,2021-06-19 17:02:49.568230,2021-06-19 17:02:52.154433,0 days 00:00:02.586203,10,0.7044121314824888,10,1,28,25,82,"[2659, 2659]",COMPLETE
4134,4134,0.24711339753461392,3.0501012802124023,2021-06-19 17:02:52.157178,2021-06-19 17:02:55.212514,0 days 00:00:03.055336,20,0.8982664636778124,7,1,30,26,82,"[3566, 3566]",COMPLETE
4135,4135,0.2331767266664932,2.600393295288086,2021-06-19 17:02:55.215222,2021-06-19 17:02:57.821115,0 days 00:00:02.605893,20,0.775837870117549,10,2,30,25,82,"[2991, 1218]",COMPLETE
4136,4136,0.22892242397933982,2.627593517303467,2021-06-19 17:02:57.823908,2021-06-19 17:03:00.456750,0 days 00:00:02.632842,20,0.7044121314824888,10,1,30,25,82,"[1656, 3260]",COMPLETE
4137,4137,0.23061156174352773,2.912207841873169,2021-06-19 17:03:00.459184,2021-06-19 17:03:03.376840,0 days 00:00:02.917656,20,0.7990508290436167,10,15,24,25,82,"[3760, 1312]",COMPLETE
4138,4138,0.2272526571291244,2.5926876068115234,2021-06-19 17:03:03.379621,2021-06-19 17:03:05.977550,0 days 00:00:02.597929,20,0.7044121314824888,10,1,30,25,82,"[3195, 2078]",COMPLETE
4139,4139,0.23672026066781882,2.8854212760925293,2021-06-19 17:03:05.980231,2021-06-19 17:03:08.871171,0 days 00:00:02.890940,100,0.7044121314824888,10,9,10,26,82,"[908, 2659]",COMPLETE
4140,4140,0.28440624414998184,3.0730981826782227,2021-06-19 17:03:08.873981,2021-06-19 17:03:11.952728,0 days 00:00:03.078747,20,0.7044121314824888,6,13,30,14,82,"[3100, 3483]",COMPLETE
4141,4141,0.2397411998014301,2.6255407333374023,2021-06-19 17:03:11.955473,2021-06-19 17:03:14.586638,0 days 00:00:02.631165,10,0.7492482924832433,10,9,5,25,82,"[3483, 1897]",COMPLETE
4142,4142,0.3001269101488215,4.682236433029175,2021-06-19 17:03:14.589402,2021-06-19 17:03:19.277047,0 days 00:00:04.687645,20,0.7044121314824888,2,9,30,25,82,"[1246, 1244]",COMPLETE
4143,4143,0.23735052327561637,2.6212997436523438,2021-06-19 17:03:19.279790,2021-06-19 17:03:21.906557,0 days 00:00:02.626767,20,0.7492482924832433,10,1,12,26,82,"[2078, 1735]",COMPLETE
4144,4144,0.2325590172846182,2.724557876586914,2021-06-19 17:03:21.909382,2021-06-19 17:03:24.639398,0 days 00:00:02.730016,20,0.8047024443354969,10,1,26,25,82,"[3260, 2063]",COMPLETE
4145,4145,0.23188255289201362,2.6149981021881104,2021-06-19 17:03:24.642179,2021-06-19 17:03:27.262504,0 days 00:00:02.620325,20,0.7044121314824888,10,1,23,25,82,"[2486, 3195]",COMPLETE
4146,4146,0.2277810418697315,2.7983882427215576,2021-06-19 17:03:27.265190,2021-06-19 17:03:30.069435,0 days 00:00:02.804245,20,0.7100511651342796,10,15,24,25,82,"[2762, 4079]",COMPLETE
4147,4147,0.22843747471425846,2.6375062465667725,2021-06-19 17:03:30.072155,2021-06-19 17:03:32.715026,0 days 00:00:02.642871,20,0.7044121314824888,10,9,30,26,82,"[1218, 1974]",COMPLETE
4148,4148,0.28631806629460294,2.603919267654419,2021-06-19 17:03:32.717825,2021-06-19 17:03:35.327105,0 days 00:00:02.609280,10,0.7044121314824888,10,1,24,5,82,"[1135, 3814]",COMPLETE
4149,4149,0.23703593318332147,2.7802927494049072,2021-06-19 17:03:35.329771,2021-06-19 17:03:38.115587,0 days 00:00:02.785816,20,0.6222850429245071,10,1,30,25,82,"[3760, 1974]",COMPLETE
4150,4150,0.23044325612501892,2.683966875076294,2021-06-19 17:03:38.118493,2021-06-19 17:03:40.860586,0 days 00:00:02.742093,10,0.7044121314824888,10,9,30,26,83,"[3511, 3256]",COMPLETE
4151,4151,0.24150364731495869,2.5937018394470215,2021-06-19 17:03:40.863390,2021-06-19 17:03:43.463061,0 days 00:00:02.599671,10,0.7492482924832433,10,1,5,26,83,"[900, 900]",COMPLETE
4152,4152,0.22848058706635258,2.7152583599090576,2021-06-19 17:03:43.465868,2021-06-19 17:03:46.186549,0 days 00:00:02.720681,20,0.7044121314824888,10,1,30,25,83,"[1244, 1312]",COMPLETE
4153,4153,0.24815786139894414,2.756934881210327,2021-06-19 17:03:46.189353,2021-06-19 17:03:48.951716,0 days 00:00:02.762363,10,0.7492482924832433,8,1,8,25,83,"[1897, 745]",COMPLETE
4154,4154,0.23315850263213736,2.7182278633117676,2021-06-19 17:03:48.954511,2021-06-19 17:03:51.678203,0 days 00:00:02.723692,30,0.6415492259649922,10,1,22,26,83,"[849, 2963]",COMPLETE
4155,4155,0.23302277227222987,2.5805418491363525,2021-06-19 17:03:51.680981,2021-06-19 17:03:54.266753,0 days 00:00:02.585772,20,0.7044121314824888,10,1,30,25,83,"[1246, 1135]",COMPLETE
4156,4156,0.23519544692079378,2.613661050796509,2021-06-19 17:03:54.269610,2021-06-19 17:03:56.888525,0 days 00:00:02.618915,10,0.603627004462215,10,1,24,26,83,"[3814, 3566]",COMPLETE
4157,4157,0.23230503114642123,2.9582772254943848,2021-06-19 17:03:56.891332,2021-06-19 17:03:59.855066,0 days 00:00:02.963734,20,0.9509535222855512,10,9,26,26,83,"[3483, 411]",COMPLETE
4158,4158,0.2271893499116108,2.5969414710998535,2021-06-19 17:03:59.857863,2021-06-19 17:04:02.460311,0 days 00:00:02.602448,30,0.8047024443354969,10,1,30,25,83,"[3260, 647]",COMPLETE
4159,4159,0.2336014265453797,2.7257308959960938,2021-06-19 17:04:02.462783,2021-06-19 17:04:05.193811,0 days 00:00:02.731028,20,0.6415492259649922,10,1,22,23,83,"[2229, 849]",COMPLETE
4160,4160,0.2312483387557781,2.661787271499634,2021-06-19 17:04:05.196594,2021-06-19 17:04:07.863596,0 days 00:00:02.667002,20,0.7044121314824888,10,11,30,26,83,"[1218, 1218]",COMPLETE
4161,4161,0.22860097577187308,2.662980556488037,2021-06-19 17:04:07.866296,2021-06-19 17:04:10.534523,0 days 00:00:02.668227,40,0.775837870117549,10,9,30,25,83,"[1244, 3760]",COMPLETE
4162,4162,0.2348928853807276,2.8117072582244873,2021-06-19 17:04:10.537284,2021-06-19 17:04:13.354431,0 days 00:00:02.817147,70,0.8047024443354969,10,1,17,26,83,"[3307, 2229]",COMPLETE
4163,4163,0.23613404086388143,2.5416834354400635,2021-06-19 17:04:13.357247,2021-06-19 17:04:15.904323,0 days 00:00:02.547076,10,0.8047024443354969,10,1,24,25,83,"[4079, 3511]",COMPLETE
4164,4164,0.22948444253286945,2.600698709487915,2021-06-19 17:04:15.907093,2021-06-19 17:04:18.513081,0 days 00:00:02.605988,20,0.7044121314824888,10,1,28,25,83,"[1312, 2659]",COMPLETE
4165,4165,0.22951050487079422,2.7370707988739014,2021-06-19 17:04:18.515868,2021-06-19 17:04:21.258178,0 days 00:00:02.742310,20,0.7044121314824888,10,1,24,25,83,"[2209, 880]",COMPLETE
4166,4166,inf,inf,2021-06-19 17:04:21.261065,2021-06-19 17:04:21.612620,0 days 00:00:00.351555,20,0.5402656642850944,10,9,24,1,83,"[2862, 2063]",COMPLETE
4167,4167,0.23289785776740188,2.683248996734619,2021-06-19 17:04:21.616958,2021-06-19 17:04:24.324311,0 days 00:00:02.707353,20,0.8047024443354969,10,9,24,25,83,"[3483, 1312]",COMPLETE
4168,4168,0.2315548451172044,2.779478073120117,2021-06-19 17:04:24.327152,2021-06-19 17:04:27.112137,0 days 00:00:02.784985,80,0.7044121314824888,10,1,24,25,83,"[1246, 4079]",COMPLETE
4169,4169,0.23628979626645513,2.6925811767578125,2021-06-19 17:04:27.115070,2021-06-19 17:04:29.813673,0 days 00:00:02.698603,50,0.7044121314824888,10,1,30,25,83,"[1028, 1006]",COMPLETE
4170,4170,0.24055168579189506,2.6511292457580566,2021-06-19 17:04:29.816587,2021-06-19 17:04:32.473730,0 days 00:00:02.657143,20,0.7492482924832433,10,1,6,25,83,"[1735, 3511]",COMPLETE
4171,4171,0.22856067692795287,2.716813564300537,2021-06-19 17:04:32.476372,2021-06-19 17:04:35.198609,0 days 00:00:02.722237,20,0.8047024443354969,10,1,30,25,83,"[1244, 2063]",COMPLETE
4172,4172,0.23775355515406335,2.641575336456299,2021-06-19 17:04:35.201331,2021-06-19 17:04:37.848461,0 days 00:00:02.647130,20,0.7492482924832433,10,12,9,25,83,"[745, 1929]",COMPLETE
4173,4173,0.230312115419501,2.8135344982147217,2021-06-19 17:04:37.851273,2021-06-19 17:04:40.670057,0 days 00:00:02.818784,20,0.7044121314824888,10,9,30,26,83,"[1218, 1244]",COMPLETE
4174,4174,0.2339387758129289,2.618373155593872,2021-06-19 17:04:40.672403,2021-06-19 17:04:43.296347,0 days 00:00:02.623944,70,0.7044121314824888,10,1,30,26,83,"[647, 3307]",COMPLETE
4175,4175,0.24165215253066752,2.585933208465576,2021-06-19 17:04:43.299092,2021-06-19 17:04:45.890590,0 days 00:00:02.591498,20,0.7492482924832433,10,1,5,26,83,"[1735, 900]",COMPLETE
4176,4176,0.22987390318841455,2.8040127754211426,2021-06-19 17:04:45.893247,2021-06-19 17:04:48.702617,0 days 00:00:02.809370,30,0.7044121314824888,10,9,30,26,83,"[3307, 1246]",COMPLETE
4177,4177,0.23049009052319305,2.653691053390503,2021-06-19 17:04:48.705428,2021-06-19 17:04:51.364377,0 days 00:00:02.658949,20,0.7044121314824888,10,9,30,26,83,"[1389, 2862]",COMPLETE
4178,4178,0.28649208598817877,3.817563056945801,2021-06-19 17:04:51.366973,2021-06-19 17:04:55.189795,0 days 00:00:03.822822,20,0.8047024443354969,3,1,23,26,83,"[647, 647]",COMPLETE
4179,4179,0.23208986506844823,2.6683390140533447,2021-06-19 17:04:55.192542,2021-06-19 17:04:57.866415,0 days 00:00:02.673873,60,0.7044121314824888,10,9,30,25,83,"[2963, 3195]",COMPLETE
4180,4180,0.23261006229811515,2.539032459259033,2021-06-19 17:04:57.869207,2021-06-19 17:05:00.413636,0 days 00:00:02.544429,20,0.775837870117549,10,1,30,25,83,"[1246, 3760]",COMPLETE
4181,4181,0.22776148531751775,2.8491532802581787,2021-06-19 17:05:00.416305,2021-06-19 17:05:03.270790,0 days 00:00:02.854485,20,0.7044121314824888,10,9,26,26,83,"[411, 3082]",COMPLETE
4182,4182,0.2585400894867303,2.631854295730591,2021-06-19 17:05:03.273621,2021-06-19 17:05:05.911138,0 days 00:00:02.637517,20,0.7044121314824888,10,9,1,30,83,"[1244, 3307]",COMPLETE
4183,4183,0.29305635722584794,2.731593370437622,2021-06-19 17:05:05.914065,2021-06-19 17:05:08.651225,0 days 00:00:02.737160,10,0.7044121314824888,10,1,1,7,83,"[1028, 1599]",COMPLETE
4184,4184,0.2705575704445719,2.58008074760437,2021-06-19 17:05:08.654062,2021-06-19 17:05:11.239703,0 days 00:00:02.585641,20,0.8047024443354969,10,1,23,8,83,"[3256, 647]",COMPLETE
4185,4185,0.233185638854496,2.6339359283447266,2021-06-19 17:05:11.242425,2021-06-19 17:05:13.881714,0 days 00:00:02.639289,20,0.7044121314824888,10,9,24,26,83,"[1599, 3307]",COMPLETE
4186,4186,0.2286597965073902,2.785796880722046,2021-06-19 17:05:13.884526,2021-06-19 17:05:16.675772,0 days 00:00:02.791246,20,0.7492482924832433,10,3,30,25,83,"[1897, 2063]",COMPLETE
4187,4187,0.39008463822989936,2.6568398475646973,2021-06-19 17:05:16.678625,2021-06-19 17:05:19.340974,0 days 00:00:02.662349,0,0.7492482924832433,10,1,24,0,83,"[1599, 745]",COMPLETE
4188,4188,0.23017870211360142,2.736483335494995,2021-06-19 17:05:19.343846,2021-06-19 17:05:22.085589,0 days 00:00:02.741743,20,0.7044121314824888,10,1,26,26,83,"[411, 1205]",COMPLETE
4189,4189,0.23257157708165152,2.8728692531585693,2021-06-19 17:05:22.088145,2021-06-19 17:05:24.966447,0 days 00:00:02.878302,20,0.9609382082816806,10,1,30,26,83,"[3566, 1218]",COMPLETE
4190,4190,0.23398493514027768,2.589876890182495,2021-06-19 17:05:24.968811,2021-06-19 17:05:27.563981,0 days 00:00:02.595170,20,0.7044121314824888,10,1,30,25,83,"[2991, 2960]",COMPLETE
4191,4191,0.23039235617222678,2.764946222305298,2021-06-19 17:05:27.566764,2021-06-19 17:05:30.336977,0 days 00:00:02.770213,20,0.775837870117549,10,9,30,25,83,"[2486, 3082]",COMPLETE
4192,4192,0.22857491379183334,2.5466065406799316,2021-06-19 17:05:30.339730,2021-06-19 17:05:32.891742,0 days 00:00:02.552012,20,0.7044121314824888,10,5,30,25,83,"[3195, 1006]",COMPLETE
4193,4193,0.24382608162001695,2.8862216472625732,2021-06-19 17:05:32.894568,2021-06-19 17:05:35.786289,0 days 00:00:02.891721,20,0.775837870117549,8,1,30,25,83,"[3082, 1735]",COMPLETE
4194,4194,0.23415976184966195,2.5548176765441895,2021-06-19 17:05:35.788822,2021-06-19 17:05:38.349061,0 days 00:00:02.560239,10,0.8430364103065202,10,1,30,25,83,"[1656, 1246]",COMPLETE
4195,4195,0.2932155421614362,3.8839199542999268,2021-06-19 17:05:38.351878,2021-06-19 17:05:42.241294,0 days 00:00:03.889416,20,0.7044121314824888,3,16,24,25,83,"[1135, 2063]",COMPLETE
4196,4196,0.30316766669215045,2.7563681602478027,2021-06-19 17:05:42.244149,2021-06-19 17:05:45.005878,0 days 00:00:02.761729,20,0.7044121314824888,10,1,24,2,83,"[2209, 2209]",COMPLETE
4197,4197,0.2276180751937332,2.6735568046569824,2021-06-19 17:05:45.008342,2021-06-19 17:05:47.687864,0 days 00:00:02.679522,50,0.775837870117549,10,9,30,25,83,"[3082, 1244]",COMPLETE
4198,4198,0.23050460660865696,2.6589081287384033,2021-06-19 17:05:47.690299,2021-06-19 17:05:50.354544,0 days 00:00:02.664245,10,0.7492482924832433,10,11,30,25,83,"[1028, 1312]",COMPLETE
4199,4199,0.32705152364392015,2.7443320751190186,2021-06-19 17:05:50.356983,2021-06-19 17:05:53.106903,0 days 00:00:02.749920,20,0.8401081929958809,10,1,11,1,83,"[2078, 1205]",COMPLETE
4200,4200,0.2301317800230404,2.5507287979125977,2021-06-19 17:05:53.109482,2021-06-19 17:07:07.435710,0 days 00:01:14.326228,20,0.7044121314824888,10,1,24,25,84,"[2762, 3195]",COMPLETE
4201,4201,0.23345537545375972,2.7777483463287354,2021-06-19 17:07:07.440533,2021-06-19 17:07:10.225239,0 days 00:00:02.784706,20,0.7044121314824888,10,1,30,25,84,"[1028, 3260]",COMPLETE
4202,4202,0.2296209567985124,2.5909054279327393,2021-06-19 17:07:10.227984,2021-06-19 17:07:12.824166,0 days 00:00:02.596182,20,0.8047024443354969,10,1,30,25,84,"[2991, 1745]",COMPLETE
4203,4203,0.2333790224903188,2.5641214847564697,2021-06-19 17:07:12.827007,2021-06-19 17:07:15.396438,0 days 00:00:02.569431,20,0.7492482924832433,10,1,30,26,84,"[3566, 2078]",COMPLETE
4204,4204,0.23103043180963914,2.7708475589752197,2021-06-19 17:07:15.399252,2021-06-19 17:07:18.175506,0 days 00:00:02.776254,20,0.7044121314824888,10,9,30,25,84,"[2486, 1246]",COMPLETE
4205,4205,0.2936819877132731,3.6861917972564697,2021-06-19 17:07:18.178357,2021-06-19 17:07:21.870128,0 days 00:00:03.691771,20,0.775837870117549,3,1,30,25,84,"[1745, 3760]",COMPLETE
4206,4206,0.2336603539215852,2.7353968620300293,2021-06-19 17:07:21.872826,2021-06-19 17:07:24.613545,0 days 00:00:02.740719,10,0.6415492259649922,10,1,22,26,84,"[2862, 849]",COMPLETE
