,number,values_0,values_1,datetime_start,datetime_complete,duration,params_checks,params_n_ratio,params_nskip,params_trees,params_w1,params_w2,system_attrs_nsga2:generation,system_attrs_nsga2:parents,state
3136,3136,inf,inf,2021-06-19 16:08:55.448340,2021-06-19 16:08:55.817325,0 days 00:00:00.368985,20,0.4953008614434905,10,9,21,26,62,"[2991, 374]",COMPLETE
3137,3137,0.23103941886949977,2.8440892696380615,2021-06-19 16:08:55.823030,2021-06-19 16:08:58.677975,0 days 00:00:02.854945,70,0.8047024443354969,10,15,23,25,62,"[2215, 2215]",COMPLETE
3138,3138,0.24432486673478193,2.9849562644958496,2021-06-19 16:08:58.680349,2021-06-19 16:09:01.669737,0 days 00:00:02.989388,10,0.9785412554669009,10,1,30,25,62,"[1246, 1244]",COMPLETE
3139,3139,0.23239924161242134,2.597884178161621,2021-06-19 16:09:01.672157,2021-06-19 16:09:04.274354,0 days 00:00:02.602197,20,0.7044121314824888,10,1,28,25,62,"[1656, 2659]",COMPLETE
3140,3140,0.23796505663156864,2.694389820098877,2021-06-19 16:09:04.276591,2021-06-19 16:09:06.975283,0 days 00:00:02.698692,20,0.7492482924832433,10,1,20,26,62,"[900, 900]",COMPLETE
3141,3141,0.23137295937684388,2.6055140495300293,2021-06-19 16:09:06.977599,2021-06-19 16:09:09.587333,0 days 00:00:02.609734,10,0.7044121314824888,10,1,30,25,62,"[1246, 374]",COMPLETE
3142,3142,0.23063568104145504,2.7299020290374756,2021-06-19 16:09:09.589803,2021-06-19 16:09:12.323744,0 days 00:00:02.733941,20,0.7044121314824888,10,9,26,26,62,"[411, 411]",COMPLETE
3143,3143,0.22997497634490352,2.6202926635742188,2021-06-19 16:09:12.326086,2021-06-19 16:09:14.950633,0 days 00:00:02.624547,30,0.7492482924832433,10,7,23,25,62,"[1656, 2078]",COMPLETE
3144,3144,0.2427301345912803,2.650474786758423,2021-06-19 16:09:14.953033,2021-06-19 16:09:17.608002,0 days 00:00:02.654969,10,0.8047024443354969,10,16,2,25,62,"[2229, 2659]",COMPLETE
3145,3145,0.2313484247659584,2.764526128768921,2021-06-19 16:09:17.610392,2021-06-19 16:09:20.379072,0 days 00:00:02.768680,20,0.7044121314824888,10,9,30,25,62,"[2960, 1244]",COMPLETE
3146,3146,0.26933025880021483,2.5834100246429443,2021-06-19 16:09:20.381535,2021-06-19 16:09:22.968845,0 days 00:00:02.587310,20,0.7044121314824888,10,1,2,14,62,"[1205, 1205]",COMPLETE
3147,3147,0.23338761774618882,2.7450335025787354,2021-06-19 16:09:22.971252,2021-06-19 16:09:25.720610,0 days 00:00:02.749358,20,0.7492482924832433,10,9,23,26,62,"[2486, 2078]",COMPLETE
3148,3148,0.2312207718044187,2.557169198989868,2021-06-19 16:09:25.722881,2021-06-19 16:09:28.284187,0 days 00:00:02.561306,20,0.7044121314824888,10,9,30,25,62,"[908, 2314]",COMPLETE
3149,3149,inf,inf,2021-06-19 16:09:28.286313,2021-06-19 16:09:28.681227,0 days 00:00:00.394914,10,0.5159139554163233,10,1,30,3,62,"[2960, 1897]",COMPLETE
3150,3150,0.22863842675658688,2.699423313140869,2021-06-19 16:09:28.684206,2021-06-19 16:09:31.478381,0 days 00:00:02.794175,20,0.8087933571072106,10,1,30,26,63,"[908, 2465]",COMPLETE
3151,3151,0.23173662038503715,2.5882670879364014,2021-06-19 16:09:31.480804,2021-06-19 16:09:34.073554,0 days 00:00:02.592750,20,0.7044121314824888,10,1,30,25,63,"[1656, 1312]",COMPLETE
3152,3152,0.30189255568037415,4.313949823379517,2021-06-19 16:09:34.075942,2021-06-19 16:09:38.393932,0 days 00:00:04.317990,20,0.7044121314824888,2,1,24,26,63,"[1599, 1599]",COMPLETE
3153,3153,0.2576483558458354,2.6998648643493652,2021-06-19 16:09:38.396003,2021-06-19 16:09:41.100312,0 days 00:00:02.704309,10,0.7492482924832433,10,1,30,16,63,"[1389, 2712]",COMPLETE
3154,3154,0.3215210246074084,8.996055841445923,2021-06-19 16:09:41.102678,2021-06-19 16:09:50.103512,0 days 00:00:09.000834,20,0.8047024443354969,0,1,30,25,63,"[1745, 2229]",COMPLETE
3155,3155,0.2797618472304475,2.749674081802368,2021-06-19 16:09:50.105789,2021-06-19 16:09:52.860052,0 days 00:00:02.754263,20,0.7044121314824888,10,9,20,13,63,"[411, 1159]",COMPLETE
3156,3156,0.36229875301112135,2.567674160003662,2021-06-19 16:09:52.862132,2021-06-19 16:09:55.434061,0 days 00:00:02.571929,10,0.7044121314824888,10,1,28,0,63,"[2659, 2659]",COMPLETE
3157,3157,0.22841377689350265,2.792100429534912,2021-06-19 16:09:55.436453,2021-06-19 16:09:58.232874,0 days 00:00:02.796421,20,0.7299560476918772,10,9,30,26,63,"[374, 1244]",COMPLETE
3158,3158,0.23546801418981622,2.691589593887329,2021-06-19 16:09:58.235127,2021-06-19 16:10:00.931166,0 days 00:00:02.696039,10,0.9023318811007071,10,1,22,23,63,"[900, 849]",COMPLETE
3159,3159,0.23036296886107446,2.6014177799224854,2021-06-19 16:10:00.933929,2021-06-19 16:10:03.540120,0 days 00:00:02.606191,20,0.7044121314824888,10,1,30,26,63,"[3105, 2465]",COMPLETE
3160,3160,0.2292747513238989,2.721018075942993,2021-06-19 16:10:03.542522,2021-06-19 16:10:06.267506,0 days 00:00:02.724984,20,0.7044121314824888,10,1,30,26,63,"[2465, 2465]",COMPLETE
3161,3161,0.23169562470162125,2.6106600761413574,2021-06-19 16:10:06.269860,2021-06-19 16:10:08.884955,0 days 00:00:02.615095,20,0.7044121314824888,10,1,30,24,63,"[2862, 1028]",COMPLETE
3162,3162,0.22996780743274026,2.779348850250244,2021-06-19 16:10:08.887331,2021-06-19 16:10:11.670890,0 days 00:00:02.783559,20,0.7492482924832433,10,9,24,25,63,"[2960, 900]",COMPLETE
3163,3163,0.23111985879802516,2.659414768218994,2021-06-19 16:10:11.673204,2021-06-19 16:10:14.337068,0 days 00:00:02.663864,20,0.7100511651342796,10,15,24,25,63,"[2762, 2762]",COMPLETE
3164,3164,0.23631549263548177,2.53802752494812,2021-06-19 16:10:14.339470,2021-06-19 16:10:16.881830,0 days 00:00:02.542360,10,0.7044121314824888,10,1,30,26,63,"[2465, 849]",COMPLETE
3165,3165,0.22915773796707206,2.7614386081695557,2021-06-19 16:10:16.884290,2021-06-19 16:10:19.650048,0 days 00:00:02.765758,20,0.7492482924832433,10,7,30,25,63,"[1735, 3089]",COMPLETE
3166,3166,0.2346220097951199,2.628324270248413,2021-06-19 16:10:19.652460,2021-06-19 16:10:22.285171,0 days 00:00:02.632711,10,0.6355877133705139,10,11,30,25,63,"[3082, 316]",COMPLETE
3167,3167,0.23230185999702366,2.752868413925171,2021-06-19 16:10:22.287430,2021-06-19 16:10:25.045123,0 days 00:00:02.757693,20,0.775837870117549,10,1,21,24,63,"[1974, 1159]",COMPLETE
3168,3168,0.23049917186873256,2.5963730812072754,2021-06-19 16:10:25.047541,2021-06-19 16:10:27.648040,0 days 00:00:02.600499,20,0.7044121314824888,10,10,21,25,63,"[2960, 2960]",COMPLETE
3169,3169,0.22758169492367478,2.615468978881836,2021-06-19 16:10:27.650329,2021-06-19 16:10:30.270016,0 days 00:00:02.619687,20,0.7044121314824888,10,9,30,25,63,"[1244, 1929]",COMPLETE
3170,3170,0.22992671953862565,2.7883880138397217,2021-06-19 16:10:30.272332,2021-06-19 16:10:33.064952,0 days 00:00:02.792620,100,0.7492482924832433,10,1,30,25,63,"[1312, 2477]",COMPLETE
3171,3171,0.23109624942461343,2.568099021911621,2021-06-19 16:10:33.066940,2021-06-19 16:10:35.639226,0 days 00:00:02.572286,20,0.8047024443354969,10,1,30,25,63,"[2991, 1745]",COMPLETE
3172,3172,0.300298326180924,4.245183229446411,2021-06-19 16:10:35.641660,2021-06-19 16:10:39.891198,0 days 00:00:04.249538,20,0.7492482924832433,2,1,24,26,63,"[2209, 1897]",COMPLETE
3173,3173,0.23267441379883894,2.735095262527466,2021-06-19 16:10:39.893607,2021-06-19 16:10:42.633030,0 days 00:00:02.739423,20,0.775837870117549,10,5,30,25,63,"[1244, 3082]",COMPLETE
3174,3174,0.2378815885886574,2.5380218029022217,2021-06-19 16:10:42.635458,2021-06-19 16:10:45.177927,0 days 00:00:02.542469,10,0.7044121314824888,10,1,12,25,63,"[2659, 2862]",COMPLETE
3175,3175,0.22986509236089467,2.8211398124694824,2021-06-19 16:10:45.180413,2021-06-19 16:10:48.005891,0 days 00:00:02.825478,20,0.775837870117549,10,14,30,26,63,"[2465, 2991]",COMPLETE
3176,3176,0.23589669891435514,2.60842227935791,2021-06-19 16:10:48.008302,2021-06-19 16:10:50.620884,0 days 00:00:02.612582,20,0.7044121314824888,10,1,30,28,63,"[1929, 1929]",COMPLETE
3177,3177,0.2373391977971471,2.8636903762817383,2021-06-19 16:10:50.623136,2021-06-19 16:10:53.491061,0 days 00:00:02.867925,100,0.9205546075386117,10,1,19,24,63,"[1159, 1159]",COMPLETE
3178,3178,0.2479919643414893,2.7896203994750977,2021-06-19 16:10:53.493499,2021-06-19 16:10:56.287415,0 days 00:00:02.793916,100,0.775837870117549,8,1,24,25,63,"[900, 3082]",COMPLETE
3179,3179,inf,inf,2021-06-19 16:10:56.289909,2021-06-19 16:10:56.603780,0 days 00:00:00.313871,80,0.499943602906847,10,5,22,23,63,"[2960, 849]",COMPLETE
3180,3180,0.230317998073616,2.6383790969848633,2021-06-19 16:10:56.607162,2021-06-19 16:10:59.257284,0 days 00:00:02.650122,20,0.8047024443354969,10,1,30,26,63,"[2256, 2465]",COMPLETE
3181,3181,0.22980215525459827,2.7734081745147705,2021-06-19 16:10:59.259643,2021-06-19 16:11:02.037777,0 days 00:00:02.778134,100,0.7492482924832433,10,1,30,25,63,"[745, 2477]",COMPLETE
3182,3182,0.22797170416528834,2.6695592403411865,2021-06-19 16:11:02.040055,2021-06-19 16:11:04.714319,0 days 00:00:02.674264,40,0.7492482924832433,10,1,30,25,63,"[2477, 2477]",COMPLETE
3183,3183,0.23942960623114984,2.796999454498291,2021-06-19 16:11:04.716588,2021-06-19 16:11:07.517966,0 days 00:00:02.801378,20,0.7044121314824888,10,11,6,26,63,"[411, 411]",COMPLETE
3184,3184,0.23845911438869324,2.5419631004333496,2021-06-19 16:11:07.520390,2021-06-19 16:11:10.066824,0 days 00:00:02.546434,50,0.7492482924832433,10,1,10,25,63,"[2078, 1656]",COMPLETE
3185,3185,0.2313463364325348,2.613544464111328,2021-06-19 16:11:10.069183,2021-06-19 16:11:12.687021,0 days 00:00:02.617838,10,0.8768848393850228,10,1,30,25,63,"[3082, 880]",COMPLETE
3186,3186,0.2272898099338696,2.7041754722595215,2021-06-19 16:11:12.689166,2021-06-19 16:11:15.397804,0 days 00:00:02.708638,30,0.775837870117549,10,2,30,25,63,"[2991, 2229]",COMPLETE
3187,3187,0.24377567539525405,2.5234200954437256,2021-06-19 16:11:15.400124,2021-06-19 16:11:17.927947,0 days 00:00:02.527823,10,0.7492482924832433,10,1,0,25,63,"[2229, 1389]",COMPLETE
3188,3188,0.24328507637904917,2.758009433746338,2021-06-19 16:11:17.930334,2021-06-19 16:11:20.692508,0 days 00:00:02.762174,20,0.7044121314824888,10,11,1,25,63,"[1656, 1656]",COMPLETE
3189,3189,0.2411961197466534,2.596471071243286,2021-06-19 16:11:20.694561,2021-06-19 16:11:23.295351,0 days 00:00:02.600790,20,0.775837870117549,10,1,6,26,63,"[1312, 1974]",COMPLETE
3190,3190,0.2313610228888776,2.5821309089660645,2021-06-19 16:11:23.297422,2021-06-19 16:11:25.883789,0 days 00:00:02.586367,20,0.7044121314824888,10,9,30,26,63,"[374, 2862]",COMPLETE
3191,3191,0.23189316144012503,2.7425920963287354,2021-06-19 16:11:25.885770,2021-06-19 16:11:28.632484,0 days 00:00:02.746714,10,0.7044121314824888,10,9,30,26,63,"[374, 1897]",COMPLETE
3192,3192,0.23115923415731204,2.655851364135742,2021-06-19 16:11:28.634474,2021-06-19 16:11:31.294583,0 days 00:00:02.660109,100,0.8047024443354969,10,1,30,25,63,"[647, 880]",COMPLETE
3193,3193,0.2318492668369925,2.6474530696868896,2021-06-19 16:11:31.296536,2021-06-19 16:11:33.948256,0 days 00:00:02.651720,60,0.7044121314824888,10,8,30,25,63,"[2929, 374]",COMPLETE
3194,3194,0.2422818928111214,2.8279757499694824,2021-06-19 16:11:33.950700,2021-06-19 16:11:36.783242,0 days 00:00:02.832542,20,0.833848883227885,10,1,5,25,63,"[1135, 1006]",COMPLETE
3195,3195,0.22977511904838632,2.520461320877075,2021-06-19 16:11:36.785276,2021-06-19 16:11:39.310022,0 days 00:00:02.524746,20,0.7044121314824888,10,1,30,25,63,"[2659, 2960]",COMPLETE
3196,3196,0.23405181162624475,2.7473578453063965,2021-06-19 16:11:39.312273,2021-06-19 16:11:42.063888,0 days 00:00:02.751615,20,0.7044121314824888,10,9,30,25,63,"[2078, 2960]",COMPLETE
3197,3197,0.27257452554339834,3.070366621017456,2021-06-19 16:11:42.066172,2021-06-19 16:11:45.140897,0 days 00:00:03.074725,20,0.7492482924832433,5,1,24,26,63,"[900, 1046]",COMPLETE
3198,3198,0.26007940727322437,3.1544225215911865,2021-06-19 16:11:45.143247,2021-06-19 16:11:48.302249,0 days 00:00:03.159002,100,0.7044121314824888,6,1,25,26,63,"[374, 1745]",COMPLETE
3199,3199,0.2633805766932646,2.6019158363342285,2021-06-19 16:11:48.304609,2021-06-19 16:11:50.910975,0 days 00:00:02.606366,20,0.7044121314824888,10,9,27,15,63,"[1929, 411]",COMPLETE
3200,3200,0.23128790865893534,2.593769073486328,2021-06-19 16:11:50.913429,2021-06-19 16:13:05.630107,0 days 00:01:14.716678,20,0.7044121314824888,10,9,30,25,64,"[1028, 374]",COMPLETE
3201,3201,0.2957172058719486,2.810929298400879,2021-06-19 16:13:05.637142,2021-06-19 16:13:08.459504,0 days 00:00:02.822362,0,0.7044121314824888,10,9,30,3,64,"[908, 3089]",COMPLETE
3202,3202,0.23265436268301093,2.616203546524048,2021-06-19 16:13:08.461929,2021-06-19 16:13:11.082349,0 days 00:00:02.620420,20,0.7492482924832433,10,1,30,25,64,"[1929, 900]",COMPLETE
3203,3203,0.23516653035677068,2.66715145111084,2021-06-19 16:13:11.084802,2021-06-19 16:13:13.756250,0 days 00:00:02.671448,20,0.668837832383071,10,1,30,24,64,"[3105, 1159]",COMPLETE
3204,3204,0.23048121389111595,2.6154890060424805,2021-06-19 16:13:13.758600,2021-06-19 16:13:16.378434,0 days 00:00:02.619834,20,0.7044121314824888,10,9,24,25,64,"[1218, 3082]",COMPLETE
3205,3205,0.2704387114667588,2.7683684825897217,2021-06-19 16:13:16.380778,2021-06-19 16:13:19.153486,0 days 00:00:02.772708,20,0.7044121314824888,10,1,30,14,64,"[1929, 1205]",COMPLETE
3206,3206,0.23946201481097532,2.5652518272399902,2021-06-19 16:13:19.155656,2021-06-19 16:13:21.725318,0 days 00:00:02.569662,10,0.7492482924832433,10,1,7,25,64,"[880, 1389]",COMPLETE
3207,3207,0.23028735783146992,2.6606390476226807,2021-06-19 16:13:21.727746,2021-06-19 16:13:24.392917,0 days 00:00:02.665171,30,0.7492482924832433,10,6,30,25,64,"[1735, 316]",COMPLETE
3208,3208,0.23030101311790388,2.7924256324768066,2021-06-19 16:13:24.395430,2021-06-19 16:13:27.192731,0 days 00:00:02.797301,20,0.7044121314824888,10,13,24,26,64,"[2209, 1218]",COMPLETE
3209,3209,0.22936307797818922,2.6238794326782227,2021-06-19 16:13:27.195187,2021-06-19 16:13:29.823421,0 days 00:00:02.628234,20,0.7044121314824888,10,9,30,25,64,"[1218, 2960]",COMPLETE
3210,3210,0.22958353931656536,2.736455202102661,2021-06-19 16:13:29.825864,2021-06-19 16:13:32.566540,0 days 00:00:02.740676,20,0.775837870117549,10,1,30,24,64,"[3082, 3082]",COMPLETE
3211,3211,0.23880254936878148,2.762913942337036,2021-06-19 16:13:32.568913,2021-06-19 16:13:35.336282,0 days 00:00:02.767369,20,0.775837870117549,8,9,30,26,64,"[2862, 3082]",COMPLETE
3212,3212,0.2368471239556979,2.7362618446350098,2021-06-19 16:13:35.338754,2021-06-19 16:13:38.079442,0 days 00:00:02.740688,20,0.9386488032428302,10,1,30,22,64,"[1246, 1159]",COMPLETE
3213,3213,0.23753956142329727,2.822639226913452,2021-06-19 16:13:38.081933,2021-06-19 16:13:40.908831,0 days 00:00:02.826898,10,0.7044121314824888,10,1,8,25,64,"[1159, 316]",COMPLETE
3214,3214,0.29091375428244953,2.5707976818084717,2021-06-19 16:13:40.911270,2021-06-19 16:13:43.486694,0 days 00:00:02.575424,10,0.7044121314824888,10,9,29,6,64,"[1218, 1389]",COMPLETE
3215,3215,0.262227961918501,2.6247949600219727,2021-06-19 16:13:43.489056,2021-06-19 16:13:46.118338,0 days 00:00:02.629282,20,0.7044121314824888,10,9,30,18,64,"[1244, 3089]",COMPLETE
3216,3216,0.2796107866093468,2.7273030281066895,2021-06-19 16:13:46.120731,2021-06-19 16:13:48.852363,0 days 00:00:02.731632,20,0.7044121314824888,10,1,28,10,64,"[2659, 1929]",COMPLETE
3217,3217,0.23103768089346058,2.6205339431762695,2021-06-19 16:13:48.854605,2021-06-19 16:13:51.479473,0 days 00:00:02.624868,30,0.7044121314824888,10,9,30,26,64,"[1244, 2963]",COMPLETE
3218,3218,0.23389929770184348,2.7030811309814453,2021-06-19 16:13:51.481843,2021-06-19 16:13:54.189263,0 days 00:00:02.707420,20,0.7044121314824888,10,1,30,25,64,"[2960, 1159]",COMPLETE
3219,3219,0.23094334241399703,2.5335159301757812,2021-06-19 16:13:54.191438,2021-06-19 16:13:56.728920,0 days 00:00:02.537482,10,0.7044121314824888,10,1,28,25,64,"[2659, 2659]",COMPLETE
3220,3220,0.27765089998232784,3.3539483547210693,2021-06-19 16:13:56.731175,2021-06-19 16:14:00.089758,0 days 00:00:03.358583,10,0.603627004462215,5,13,24,25,64,"[316, 849]",COMPLETE
3221,3221,0.24278918942832953,2.653139591217041,2021-06-19 16:14:00.092115,2021-06-19 16:14:02.749649,0 days 00:00:02.657534,20,0.7044121314824888,10,1,4,26,64,"[880, 2862]",COMPLETE
3222,3222,inf,inf,2021-06-19 16:14:02.752118,2021-06-19 16:14:03.087533,0 days 00:00:00.335415,10,0.5137309348464141,10,10,30,22,64,"[745, 1246]",COMPLETE
3223,3223,inf,inf,2021-06-19 16:14:03.094035,2021-06-19 16:14:03.456556,0 days 00:00:00.362521,10,0.5102711087153903,10,1,30,25,64,"[3105, 880]",COMPLETE
3224,3224,0.3016769120078946,2.6540396213531494,2021-06-19 16:14:03.478278,2021-06-19 16:14:06.146096,0 days 00:00:02.667818,30,0.7044121314824888,10,6,28,3,64,"[2659, 3105]",COMPLETE
3225,3225,inf,inf,2021-06-19 16:14:06.148578,2021-06-19 16:14:06.556397,0 days 00:00:00.407819,20,0.5360128046044578,10,1,24,3,64,"[2712, 900]",COMPLETE
3226,3226,0.22802879749708457,2.7416367530822754,2021-06-19 16:14:06.559822,2021-06-19 16:14:09.318234,0 days 00:00:02.758412,20,0.7044121314824888,10,9,26,25,64,"[411, 2465]",COMPLETE
3227,3227,0.22999812569722144,2.6260006427764893,2021-06-19 16:14:09.320447,2021-06-19 16:14:11.950869,0 days 00:00:02.630422,70,0.775837870117549,10,1,30,25,64,"[2991, 1599]",COMPLETE
3228,3228,0.23016716676578064,2.726147413253784,2021-06-19 16:14:11.953290,2021-06-19 16:14:14.683799,0 days 00:00:02.730509,20,0.775837870117549,10,1,26,25,64,"[3082, 2991]",COMPLETE
3229,3229,inf,inf,2021-06-19 16:14:14.686312,2021-06-19 16:14:15.136038,0 days 00:00:00.449726,10,0.4359549054614982,1,1,30,25,64,"[1745, 2659]",COMPLETE
3230,3230,0.23341315077067143,2.62984561920166,2021-06-19 16:14:15.139206,2021-06-19 16:14:17.782643,0 days 00:00:02.643437,10,0.7492482924832433,10,8,30,25,64,"[2314, 1028]",COMPLETE
3231,3231,0.23114597975699297,2.8611207008361816,2021-06-19 16:14:17.785167,2021-06-19 16:14:20.650947,0 days 00:00:02.865780,20,0.7044121314824888,10,7,24,26,64,"[2209, 2991]",COMPLETE
3232,3232,0.23199038596783378,2.6250526905059814,2021-06-19 16:14:20.652934,2021-06-19 16:14:23.282046,0 days 00:00:02.629112,20,0.7044121314824888,10,9,30,26,64,"[374, 374]",COMPLETE
3233,3233,0.23447065215713483,2.6707372665405273,2021-06-19 16:14:23.284063,2021-06-19 16:14:25.959099,0 days 00:00:02.675036,50,0.7044121314824888,10,9,30,25,64,"[2862, 1656]",COMPLETE
3234,3234,inf,inf,2021-06-19 16:14:25.961115,2021-06-19 16:14:26.211763,0 days 00:00:00.250648,20,0.4773808445236636,9,1,30,25,64,"[3195, 2314]",COMPLETE
3235,3235,0.23022093571283017,2.7492854595184326,2021-06-19 16:14:26.227242,2021-06-19 16:14:28.991927,0 days 00:00:02.764685,20,0.7044121314824888,10,1,24,26,64,"[2209, 1599]",COMPLETE
3236,3236,0.2342847665397866,2.59356427192688,2021-06-19 16:14:28.994361,2021-06-19 16:14:31.592320,0 days 00:00:02.597959,20,0.7044121314824888,10,9,30,23,64,"[2862, 2960]",COMPLETE
3237,3237,0.2288187141164441,2.755358934402466,2021-06-19 16:14:31.594477,2021-06-19 16:14:34.354628,0 days 00:00:02.760151,20,0.775837870117549,10,1,30,26,64,"[1974, 2963]",COMPLETE
3238,3238,0.2319794985979872,2.700279951095581,2021-06-19 16:14:34.356731,2021-06-19 16:14:37.061402,0 days 00:00:02.704671,90,0.7044121314824888,10,9,21,25,64,"[411, 1929]",COMPLETE
3239,3239,0.2391272722265618,2.5721144676208496,2021-06-19 16:14:37.063692,2021-06-19 16:14:39.640278,0 days 00:00:02.576586,10,0.7492482924832433,10,6,9,24,64,"[1159, 745]",COMPLETE
3240,3240,0.2413432352167573,2.7262959480285645,2021-06-19 16:14:39.642632,2021-06-19 16:14:42.373353,0 days 00:00:02.730721,10,0.7492482924832433,10,1,5,22,64,"[2659, 745]",COMPLETE
3241,3241,0.23002921325968018,2.5582261085510254,2021-06-19 16:14:42.375828,2021-06-19 16:14:44.938633,0 days 00:00:02.562805,20,0.7044121314824888,10,1,24,26,64,"[1599, 1599]",COMPLETE
3242,3242,0.23100269567567933,2.796860933303833,2021-06-19 16:14:44.941041,2021-06-19 16:14:47.742387,0 days 00:00:02.801346,60,0.7044121314824888,10,6,30,26,64,"[1929, 1599]",COMPLETE
3243,3243,0.27121415204820404,2.5889670848846436,2021-06-19 16:14:47.744811,2021-06-19 16:14:50.337873,0 days 00:00:02.593062,20,0.7044121314824888,10,1,2,14,64,"[1205, 1205]",COMPLETE
3244,3244,0.23162070366212878,2.543168544769287,2021-06-19 16:14:50.340307,2021-06-19 16:14:52.887611,0 days 00:00:02.547304,10,0.7044121314824888,10,1,30,26,64,"[3105, 3105]",COMPLETE
3245,3245,0.23230808799629088,2.713770866394043,2021-06-19 16:14:52.890087,2021-06-19 16:14:55.608198,0 days 00:00:02.718111,20,0.775837870117549,10,1,30,25,64,"[2229, 2991]",COMPLETE
3246,3246,0.3269085691118818,8.976097106933594,2021-06-19 16:14:55.610592,2021-06-19 16:15:04.591074,0 days 00:00:08.980482,10,0.7044121314824888,0,1,2,25,64,"[1205, 1246]",COMPLETE
3247,3247,0.2300378060912557,2.7208216190338135,2021-06-19 16:15:04.593234,2021-06-19 16:15:07.318473,0 days 00:00:02.725239,20,0.7044121314824888,10,1,24,26,64,"[1599, 1135]",COMPLETE
3248,3248,0.23914690531494406,2.5857458114624023,2021-06-19 16:15:07.320893,2021-06-19 16:15:09.911109,0 days 00:00:02.590216,20,0.6454470223317166,10,1,30,25,64,"[2229, 1006]",COMPLETE
3249,3249,0.2644379682870636,3.0112051963806152,2021-06-19 16:15:09.913596,2021-06-19 16:15:12.929334,0 days 00:00:03.015738,20,0.7044121314824888,6,9,30,25,64,"[2712, 908]",COMPLETE
3250,3250,0.22898859222160792,2.7583320140838623,2021-06-19 16:15:12.931686,2021-06-19 16:15:15.749200,0 days 00:00:02.817514,90,0.7492482924832433,10,1,28,25,65,"[2659, 2712]",COMPLETE
3251,3251,0.23224293087542675,2.5851566791534424,2021-06-19 16:15:15.751621,2021-06-19 16:15:18.341166,0 days 00:00:02.589545,20,0.7044121314824888,10,2,30,25,65,"[3100, 1745]",COMPLETE
3252,3252,0.23276091265515636,2.880305528640747,2021-06-19 16:15:18.343629,2021-06-19 16:15:21.228375,0 days 00:00:02.884746,60,0.9354709297252479,10,7,24,25,65,"[1312, 2929]",COMPLETE
3253,3253,0.2302855984921015,2.6395490169525146,2021-06-19 16:15:21.230791,2021-06-19 16:15:23.874744,0 days 00:00:02.643953,20,0.7044121314824888,10,9,30,26,65,"[2215, 1218]",COMPLETE
3254,3254,0.23289094298617188,2.5889947414398193,2021-06-19 16:15:23.877181,2021-06-19 16:15:26.471162,0 days 00:00:02.593981,10,0.7044121314824888,10,4,30,25,65,"[2209, 880]",COMPLETE
