,number,values_0,values_1,datetime_start,datetime_complete,duration,params_checks,params_n_ratio,params_nskip,params_trees,params_w1,params_w2,system_attrs_nsga2:generation,system_attrs_nsga2:parents,state
7170,7170,0.35663163312288426,2.5564117431640625,2021-06-19 19:56:07.185151,2021-06-19 19:56:09.750520,0 days 00:00:02.565369,20,0.7044121314824888,10,1,30,0,143,"[4236, 7029]",COMPLETE
7171,7171,0.2310402568998381,2.5781142711639404,2021-06-19 19:56:09.754599,2021-06-19 19:56:12.341287,0 days 00:00:02.586688,10,0.7044121314824888,10,1,24,26,143,"[5379, 5379]",COMPLETE
7172,7172,0.23077111126006916,2.7767751216888428,2021-06-19 19:56:12.345147,2021-06-19 19:56:15.131312,0 days 00:00:02.786165,20,0.7492482924832433,10,1,30,26,143,"[900, 6684]",COMPLETE
7173,7173,0.24425157281318513,2.602065086364746,2021-06-19 19:56:15.135174,2021-06-19 19:56:17.745974,0 days 00:00:02.610800,20,0.775837870117549,10,1,2,26,143,"[6351, 900]",COMPLETE
7174,7174,0.26233875350071156,2.5503783226013184,2021-06-19 19:56:17.750032,2021-06-19 19:56:20.309326,0 days 00:00:02.559294,10,0.775837870117549,10,1,30,16,143,"[1974, 6219]",COMPLETE
7175,7175,0.23872426707980948,2.797809362411499,2021-06-19 19:56:20.313866,2021-06-19 19:56:23.120983,0 days 00:00:02.807117,80,0.775837870117549,10,1,8,25,143,"[316, 3082]",COMPLETE
7176,7176,0.32053382649457485,10.142658233642578,2021-06-19 19:56:23.125170,2021-06-19 19:56:33.276890,0 days 00:00:10.151720,80,0.775837870117549,0,9,30,25,143,"[2963, 5853]",COMPLETE
7177,7177,0.3223704925559848,5.627230882644653,2021-06-19 19:56:33.280979,2021-06-19 19:56:38.917302,0 days 00:00:05.636323,20,0.7044121314824888,1,1,28,14,143,"[4879, 2659]",COMPLETE
7178,7178,0.29182643253033913,4.007798194885254,2021-06-19 19:56:38.921264,2021-06-19 19:56:42.937803,0 days 00:00:04.016539,50,0.8047024443354969,3,14,30,26,143,"[4943, 900]",COMPLETE
7179,7179,0.23385121932013936,2.6598641872406006,2021-06-19 19:56:42.941966,2021-06-19 19:56:45.610770,0 days 00:00:02.668804,40,0.923949703137364,10,1,30,26,143,"[6592, 6751]",COMPLETE
7180,7180,0.22994892659174643,2.752711772918701,2021-06-19 19:56:45.614871,2021-06-19 19:56:48.376204,0 days 00:00:02.761333,20,0.775837870117549,10,1,30,26,143,"[6854, 6835]",COMPLETE
7181,7181,0.23149177828375306,2.545194387435913,2021-06-19 19:56:48.380220,2021-06-19 19:56:50.934101,0 days 00:00:02.553881,10,0.603627004462215,10,1,30,26,143,"[316, 6751]",COMPLETE
7182,7182,inf,inf,2021-06-19 19:56:50.938168,2021-06-19 19:56:51.099151,0 days 00:00:00.160983,20,0.44110312716057587,10,1,24,26,143,"[6684, 2209]",COMPLETE
7183,7183,0.23702331993057238,2.5481464862823486,2021-06-19 19:56:51.105925,2021-06-19 19:56:53.696555,0 days 00:00:02.590630,20,0.7492482924832433,10,1,30,26,143,"[3566, 1028]",COMPLETE
7184,7184,0.2342894799062841,2.736051082611084,2021-06-19 19:56:53.700643,2021-06-19 19:56:56.445500,0 days 00:00:02.744857,20,0.775837870117549,10,1,30,30,143,"[6854, 3260]",COMPLETE
7185,7185,0.2318257038669364,2.632002592086792,2021-06-19 19:56:56.449499,2021-06-19 19:56:59.090175,0 days 00:00:02.640676,20,0.7492482924832433,10,9,30,25,143,"[3256, 880]",COMPLETE
7186,7186,0.23315293646710725,2.7559006214141846,2021-06-19 19:56:59.094326,2021-06-19 19:57:01.859064,0 days 00:00:02.764738,10,0.775837870117549,10,1,30,26,143,"[849, 7005]",COMPLETE
7187,7187,0.23032621834568254,2.651855945587158,2021-06-19 19:57:01.863244,2021-06-19 19:57:04.524645,0 days 00:00:02.661401,20,0.7044121314824888,10,9,30,26,143,"[6684, 411]",COMPLETE
7188,7188,0.23377228666711997,2.6322314739227295,2021-06-19 19:57:04.528774,2021-06-19 19:57:07.170167,0 days 00:00:02.641393,20,0.9097117313323895,10,1,30,26,143,"[6351, 3566]",COMPLETE
7189,7189,0.37123861873617775,3.170503616333008,2021-06-19 19:57:07.174233,2021-06-19 19:57:10.353712,0 days 00:00:03.179479,20,0.775837870117549,6,1,30,0,143,"[3566, 2991]",COMPLETE
7190,7190,0.302754091300188,4.450445175170898,2021-06-19 19:57:10.357835,2021-06-19 19:57:14.817167,0 days 00:00:04.459332,20,0.775837870117549,2,9,30,25,143,"[1244, 3082]",COMPLETE
7191,7191,0.22821672704754808,2.585543394088745,2021-06-19 19:57:14.821190,2021-06-19 19:57:17.415323,0 days 00:00:02.594133,20,0.775837870117549,10,1,30,25,143,"[3082, 6854]",COMPLETE
7192,7192,0.2288484964694957,3.009706974029541,2021-06-19 19:57:17.419073,2021-06-19 19:57:20.437409,0 days 00:00:03.018336,0,0.8200374396815198,10,1,30,26,143,"[7005, 7005]",COMPLETE
7193,7193,0.22958748159587222,2.5923800468444824,2021-06-19 19:57:20.441190,2021-06-19 19:57:23.042281,0 days 00:00:02.601091,20,0.7044121314824888,10,9,30,25,143,"[4879, 1929]",COMPLETE
7194,7194,0.230984887839126,2.663182020187378,2021-06-19 19:57:23.046268,2021-06-19 19:57:25.718039,0 days 00:00:02.671771,20,0.775837870117549,10,1,30,25,143,"[5145, 5852]",COMPLETE
7195,7195,inf,inf,2021-06-19 19:57:25.722114,2021-06-19 19:57:25.990400,0 days 00:00:00.268286,20,0.47729199550639895,9,1,30,25,143,"[4781, 5853]",COMPLETE
7196,7196,0.23169880070384796,2.7726073265075684,2021-06-19 19:57:25.996961,2021-06-19 19:57:28.814655,0 days 00:00:02.817694,20,0.7044121314824888,10,1,30,25,143,"[5852, 4781]",COMPLETE
7197,7197,0.22945036222231055,2.5873191356658936,2021-06-19 19:57:28.818646,2021-06-19 19:57:31.414545,0 days 00:00:02.595899,20,0.775837870117549,10,1,30,25,143,"[1028, 2991]",COMPLETE
7198,7198,0.2960036330786232,3.6617095470428467,2021-06-19 19:57:31.418331,2021-06-19 19:57:35.089024,0 days 00:00:03.670693,20,0.7492482924832433,3,1,24,26,143,"[5145, 900]",COMPLETE
7199,7199,0.321829829311679,3.1639060974121094,2021-06-19 19:57:35.092626,2021-06-19 19:57:38.265329,0 days 00:00:03.172703,10,0.9982923527517709,10,1,30,15,143,"[5853, 5379]",COMPLETE
7200,7200,0.23055870887873844,2.6038002967834473,2021-06-19 19:57:38.269167,2021-06-19 19:58:52.583493,0 days 00:01:14.314326,20,0.775837870117549,10,6,30,25,144,"[5852, 5853]",COMPLETE
7201,7201,0.2656463337910784,2.9551825523376465,2021-06-19 19:58:52.590729,2021-06-19 19:58:55.555568,0 days 00:00:02.964839,20,0.6415492259649922,6,1,22,25,144,"[6684, 849]",COMPLETE
7202,7202,0.22854765304507915,2.723515748977661,2021-06-19 19:58:55.559694,2021-06-19 19:58:58.291934,0 days 00:00:02.732240,20,0.7492482924832433,10,1,30,26,144,"[4781, 2078]",COMPLETE
7203,7203,0.23045487445387838,2.584224224090576,2021-06-19 19:58:58.295970,2021-06-19 19:59:00.888818,0 days 00:00:02.592848,20,0.7044121314824888,10,1,24,25,144,"[5379, 4943]",COMPLETE
7204,7204,0.27774777062168293,3.1486198902130127,2021-06-19 19:59:00.892584,2021-06-19 19:59:04.049830,0 days 00:00:03.157246,20,0.7492482924832433,5,1,30,25,144,"[6968, 1735]",COMPLETE
7205,7205,inf,inf,2021-06-19 19:59:04.053632,2021-06-19 19:59:04.256781,0 days 00:00:00.203149,20,0.3421348863222614,9,1,26,26,144,"[3256, 849]",COMPLETE
7206,7206,0.22959772660843508,2.6386711597442627,2021-06-19 19:59:04.263443,2021-06-19 19:59:07.109091,0 days 00:00:02.845648,20,0.7044121314824888,10,13,30,25,144,"[3195, 6968]",COMPLETE
7207,7207,0.23008101063213815,2.588568687438965,2021-06-19 19:59:07.113277,2021-06-19 19:59:09.710581,0 days 00:00:02.597304,40,0.775837870117549,10,1,30,26,144,"[4419, 3256]",COMPLETE
7208,7208,0.2301843570837306,2.792701244354248,2021-06-19 19:59:09.714717,2021-06-19 19:59:12.516601,0 days 00:00:02.801884,20,0.775837870117549,10,16,30,26,144,"[6968, 3566]",COMPLETE
7209,7209,0.22964431547800818,2.7021899223327637,2021-06-19 19:59:12.520569,2021-06-19 19:59:15.231356,0 days 00:00:02.710787,20,0.7044121314824888,10,15,30,25,144,"[2762, 3100]",COMPLETE
7210,7210,0.24532837248356476,2.5592100620269775,2021-06-19 19:59:15.235442,2021-06-19 19:59:17.803251,0 days 00:00:02.567809,10,0.775837870117549,10,1,8,25,144,"[5852, 316]",COMPLETE
7211,7211,0.2308988901120796,2.8244941234588623,2021-06-19 19:59:17.807300,2021-06-19 19:59:20.640572,0 days 00:00:02.833272,20,0.7301346445158513,10,1,30,26,144,"[5654, 6835]",COMPLETE
7212,7212,0.24333393710675608,2.9751102924346924,2021-06-19 19:59:20.644723,2021-06-19 19:59:23.629617,0 days 00:00:02.984894,20,0.9870004336041629,10,1,30,26,144,"[1159, 4781]",COMPLETE
7213,7213,0.2305219896694872,2.548281669616699,2021-06-19 19:59:23.633694,2021-06-19 19:59:26.190854,0 days 00:00:02.557160,10,0.7044121314824888,10,1,30,26,144,"[1244, 5379]",COMPLETE
7214,7214,0.2291222293865404,2.8476831912994385,2021-06-19 19:59:26.194903,2021-06-19 19:59:29.051201,0 days 00:00:02.856298,20,0.775837870117549,10,15,30,25,144,"[3082, 5495]",COMPLETE
7215,7215,0.3017693460528314,2.99000883102417,2021-06-19 19:59:29.055203,2021-06-19 19:59:32.054174,0 days 00:00:02.998971,20,0.7362132348357056,6,1,30,10,144,"[6763, 6219]",COMPLETE
7216,7216,inf,inf,2021-06-19 19:59:32.057803,2021-06-19 19:59:32.314205,0 days 00:00:00.256402,20,0.4681650376294658,10,1,24,26,144,"[2063, 5654]",COMPLETE
7217,7217,0.2287443505217929,2.6456615924835205,2021-06-19 19:59:32.321721,2021-06-19 19:59:34.992511,0 days 00:00:02.670790,30,0.7044121314824888,10,9,30,26,144,"[2963, 5853]",COMPLETE
7218,7218,0.30104966077876044,2.7463223934173584,2021-06-19 19:59:34.996666,2021-06-19 19:59:37.751856,0 days 00:00:02.755190,20,0.7044121314824888,10,1,30,2,144,"[4236, 4236]",COMPLETE
7219,7219,0.23274483614281105,2.6731858253479004,2021-06-19 19:59:37.755582,2021-06-19 19:59:40.437501,0 days 00:00:02.681919,20,0.775837870117549,10,8,22,26,144,"[6351, 4943]",COMPLETE
7220,7220,0.23357431510854193,2.752131700515747,2021-06-19 19:59:40.441569,2021-06-19 19:59:43.202872,0 days 00:00:02.761303,10,0.8047024443354969,10,1,30,25,144,"[4943, 4236]",COMPLETE
7221,7221,0.23308933342656124,2.6228930950164795,2021-06-19 19:59:43.206827,2021-06-19 19:59:45.838910,0 days 00:00:02.632083,20,0.7492482924832433,10,1,22,26,144,"[900, 849]",COMPLETE
7222,7222,0.2300581495577908,2.550220251083374,2021-06-19 19:59:45.842960,2021-06-19 19:59:48.401797,0 days 00:00:02.558837,10,0.775837870117549,10,1,30,25,144,"[4331, 1028]",COMPLETE
7223,7223,0.26936936654651994,3.3711063861846924,2021-06-19 19:59:48.405820,2021-06-19 19:59:51.785760,0 days 00:00:03.379940,20,0.8047024443354969,5,1,30,25,144,"[3082, 6219]",COMPLETE
7224,7224,inf,inf,2021-06-19 19:59:51.789247,2021-06-19 19:59:52.444172,0 days 00:00:00.654925,20,0.43826124154672436,0,1,30,25,144,"[6968, 4943]",COMPLETE
7225,7225,0.23241659243575025,2.6137685775756836,2021-06-19 19:59:52.453341,2021-06-19 19:59:55.095180,0 days 00:00:02.641839,20,0.7492482924832433,10,1,30,25,144,"[6763, 3260]",COMPLETE
7226,7226,0.23436086499940317,2.6023430824279785,2021-06-19 19:59:55.099216,2021-06-19 19:59:57.710299,0 days 00:00:02.611083,20,0.7492482924832433,10,1,30,25,144,"[880, 5495]",COMPLETE
7227,7227,0.2560803397109386,3.0863776206970215,2021-06-19 19:59:57.714225,2021-06-19 20:00:00.809472,0 days 00:00:03.095247,20,0.775837870117549,7,9,30,25,144,"[5853, 3260]",COMPLETE
7228,7228,0.22897674650685093,2.586319923400879,2021-06-19 20:00:00.813488,2021-06-19 20:00:03.408527,0 days 00:00:02.595039,20,0.7044121314824888,10,1,30,25,144,"[4419, 5495]",COMPLETE
7229,7229,0.23110505066333403,2.532158851623535,2021-06-19 20:00:03.412820,2021-06-19 20:00:05.954502,0 days 00:00:02.541682,20,0.775837870117549,10,1,30,26,144,"[6592, 6751]",COMPLETE
7230,7230,0.23062942549883425,2.7667648792266846,2021-06-19 20:00:05.958536,2021-06-19 20:00:08.734219,0 days 00:00:02.775683,20,0.8047024443354969,10,7,30,25,144,"[1974, 4943]",COMPLETE
7231,7231,0.2990264603115819,4.741424560546875,2021-06-19 20:00:08.738201,2021-06-19 20:00:13.488441,0 days 00:00:04.750240,20,0.9285369422959537,2,1,24,24,144,"[5379, 1159]",COMPLETE
7232,7232,0.22724172381693866,2.587702512741089,2021-06-19 20:00:13.492351,2021-06-19 20:00:16.088807,0 days 00:00:02.596456,10,0.7100511651342796,10,7,30,25,144,"[2762, 1389]",COMPLETE
7233,7233,0.23980411333051452,2.7739157676696777,2021-06-19 20:00:16.092900,2021-06-19 20:00:18.875539,0 days 00:00:02.782639,20,0.7492482924832433,10,1,8,25,144,"[316, 6763]",COMPLETE
7234,7234,0.2291791474994843,2.589158535003662,2021-06-19 20:00:18.879718,2021-06-19 20:00:21.477857,0 days 00:00:02.598139,40,0.7044121314824888,10,1,30,25,144,"[3760, 6684]",COMPLETE
7235,7235,0.23243545634967946,2.5620739459991455,2021-06-19 20:00:21.481915,2021-06-19 20:00:24.052809,0 days 00:00:02.570894,20,0.775837870117549,10,1,30,24,144,"[411, 5853]",COMPLETE
7236,7236,0.22985866692656282,2.7616355419158936,2021-06-19 20:00:24.056692,2021-06-19 20:00:26.826695,0 days 00:00:02.770003,20,0.8047024443354969,10,1,30,25,144,"[6219, 6219]",COMPLETE
7237,7237,inf,inf,2021-06-19 20:00:26.830796,2021-06-19 20:00:27.173775,0 days 00:00:00.342979,40,0.5277732674542427,10,1,6,25,144,"[6751, 2063]",COMPLETE
7238,7238,0.2366629621927755,2.549107074737549,2021-06-19 20:00:27.179382,2021-06-19 20:00:29.759596,0 days 00:00:02.580214,20,0.775837870117549,10,1,10,26,144,"[5379, 5853]",COMPLETE
7239,7239,inf,inf,2021-06-19 20:00:29.763768,2021-06-19 20:00:30.114694,0 days 00:00:00.350926,20,0.5181648760830605,10,1,8,25,144,"[6351, 316]",COMPLETE
7240,7240,0.23484736754373653,2.6338231563568115,2021-06-19 20:00:30.126912,2021-06-19 20:00:32.790330,0 days 00:00:02.663418,10,0.7492482924832433,10,1,14,25,144,"[880, 880]",COMPLETE
7241,7241,0.23356765039333813,2.7647359371185303,2021-06-19 20:00:32.794400,2021-06-19 20:00:35.568168,0 days 00:00:02.773768,20,0.775837870117549,10,7,30,26,144,"[6968, 7005]",COMPLETE
7242,7242,0.23052103827891374,2.622152090072632,2021-06-19 20:00:35.572252,2021-06-19 20:00:38.203164,0 days 00:00:02.630912,20,0.7044121314824888,10,15,30,25,144,"[5145, 1929]",COMPLETE
7243,7243,0.23082982079481376,2.88307785987854,2021-06-19 20:00:38.207370,2021-06-19 20:00:41.099333,0 days 00:00:02.891963,20,0.7044121314824888,10,13,30,25,144,"[4236, 3100]",COMPLETE
7244,7244,0.30347704953739396,2.6603691577911377,2021-06-19 20:00:41.103301,2021-06-19 20:00:43.772445,0 days 00:00:02.669144,100,0.775837870117549,10,1,28,1,144,"[7029, 7029]",COMPLETE
7245,7245,0.22907028214734654,2.6099131107330322,2021-06-19 20:00:43.776565,2021-06-19 20:00:46.395282,0 days 00:00:02.618717,20,0.775837870117549,10,1,26,26,144,"[3256, 6751]",COMPLETE
7246,7246,0.22691071143238148,2.8083677291870117,2021-06-19 20:00:46.399278,2021-06-19 20:00:49.216598,0 days 00:00:02.817320,70,0.7492482924832433,10,4,30,26,144,"[3100, 900]",COMPLETE
7247,7247,inf,inf,2021-06-19 20:00:49.220592,2021-06-19 20:00:49.576607,0 days 00:00:00.356015,20,0.49182186067929146,10,1,8,25,144,"[4879, 316]",COMPLETE
7248,7248,0.23045794171038397,2.610241174697876,2021-06-19 20:00:49.583156,2021-06-19 20:00:52.228916,0 days 00:00:02.645760,90,0.7044121314824888,10,1,28,25,144,"[2659, 2659]",COMPLETE
7249,7249,0.23278727227921664,2.55507493019104,2021-06-19 20:00:52.232977,2021-06-19 20:00:54.796962,0 days 00:00:02.563985,20,0.7044121314824888,10,1,24,25,144,"[5145, 5379]",COMPLETE
7250,7250,0.22832915129962078,2.8149704933166504,2021-06-19 20:00:54.800991,2021-06-19 20:00:57.673228,0 days 00:00:02.872237,20,0.7044121314824888,10,9,30,26,145,"[1244, 5654]",COMPLETE
7251,7251,0.23435825992045858,2.546692132949829,2021-06-19 20:00:57.677295,2021-06-19 20:01:00.232606,0 days 00:00:02.555311,20,0.7044121314824888,10,1,30,25,145,"[5495, 4236]",COMPLETE
7252,7252,0.22812606859589735,2.71047306060791,2021-06-19 20:01:00.236804,2021-06-19 20:01:02.956252,0 days 00:00:02.719448,70,0.7492482924832433,10,1,30,25,145,"[1389, 6968]",COMPLETE
7253,7253,inf,inf,2021-06-19 20:01:02.960393,2021-06-19 20:01:03.182565,0 days 00:00:00.222172,20,0.48104850143329414,10,2,30,25,145,"[3082, 4943]",COMPLETE
7254,7254,0.22870060978880738,2.7745606899261475,2021-06-19 20:01:03.190323,2021-06-19 20:01:05.991308,0 days 00:00:02.800985,20,0.8047024443354969,10,1,30,25,145,"[6835, 5641]",COMPLETE
7255,7255,0.23039516769633442,2.6370952129364014,2021-06-19 20:01:05.995503,2021-06-19 20:01:08.641805,0 days 00:00:02.646302,10,0.7492482924832433,10,9,30,25,145,"[1028, 1028]",COMPLETE
7256,7256,0.23008771897390778,2.571488618850708,2021-06-19 20:01:08.646012,2021-06-19 20:01:11.226376,0 days 00:00:02.580364,20,0.7044121314824888,10,1,30,25,145,"[3195, 1159]",COMPLETE
7257,7257,0.2334757763667873,2.7808775901794434,2021-06-19 20:01:11.230502,2021-06-19 20:01:14.020174,0 days 00:00:02.789672,20,0.7044121314824888,10,7,24,26,145,"[2209, 849]",COMPLETE
7258,7258,0.2302756570033321,2.560213565826416,2021-06-19 20:01:14.024006,2021-06-19 20:01:16.593221,0 days 00:00:02.569215,40,0.775837870117549,10,1,30,25,145,"[3760, 6592]",COMPLETE
7259,7259,0.29090397272254054,3.7111706733703613,2021-06-19 20:01:16.597178,2021-06-19 20:01:20.317169,0 days 00:00:03.719991,20,0.7044121314824888,3,1,23,26,145,"[2078, 6684]",COMPLETE
7260,7260,0.23999342753871034,2.757763147354126,2021-06-19 20:01:20.321297,2021-06-19 20:01:23.087702,0 days 00:00:02.766405,10,0.775837870117549,10,1,8,25,145,"[316, 1974]",COMPLETE
7261,7261,0.2296336097928147,2.5419771671295166,2021-06-19 20:01:23.091667,2021-06-19 20:01:25.642363,0 days 00:00:02.550696,20,0.775837870117549,10,1,25,26,145,"[6835, 3566]",COMPLETE
7262,7262,0.2323018226817904,2.660273790359497,2021-06-19 20:01:25.646296,2021-06-19 20:01:28.315419,0 days 00:00:02.669123,40,0.775837870117549,9,1,26,26,145,"[4419, 3256]",COMPLETE
7263,7263,0.2278614335270179,2.7854061126708984,2021-06-19 20:01:28.319381,2021-06-19 20:01:31.113384,0 days 00:00:02.794003,20,0.775837870117549,10,1,30,26,145,"[4331, 6684]",COMPLETE
7264,7264,0.2307536588765228,2.748723030090332,2021-06-19 20:01:31.117052,2021-06-19 20:01:33.874810,0 days 00:00:02.757758,70,0.7100511651342796,10,12,24,25,145,"[4879, 2762]",COMPLETE
7265,7265,0.23458249757023383,2.602644681930542,2021-06-19 20:01:33.878612,2021-06-19 20:01:36.491029,0 days 00:00:02.612417,10,0.6983541750924958,10,1,15,25,145,"[3100, 5654]",COMPLETE
7266,7266,inf,inf,2021-06-19 20:01:36.494739,2021-06-19 20:01:36.986791,0 days 00:00:00.492052,20,0.5787910546730568,10,1,30,25,145,"[3195, 5641]",COMPLETE
7267,7267,0.2381166564787285,2.7113702297210693,2021-06-19 20:01:37.014627,2021-06-19 20:01:39.753251,0 days 00:00:02.738624,10,0.603627004462215,10,1,8,25,145,"[316, 316]",COMPLETE
7268,7268,0.2340211298023369,2.572089433670044,2021-06-19 20:01:39.757115,2021-06-19 20:01:42.338108,0 days 00:00:02.580993,10,0.7492482924832433,10,2,30,25,145,"[1389, 3100]",COMPLETE
7269,7269,0.29472275391780506,3.9374654293060303,2021-06-19 20:01:42.342062,2021-06-19 20:01:46.288460,0 days 00:00:03.946398,20,0.7492482924832433,3,6,30,26,145,"[6592, 6763]",COMPLETE
7270,7270,0.25280690543960627,2.635148763656616,2021-06-19 20:01:46.292447,2021-06-19 20:01:48.936674,0 days 00:00:02.644227,90,0.7100511651342796,10,1,30,18,145,"[3195, 2762]",COMPLETE
7271,7271,0.2321285472505815,2.6350858211517334,2021-06-19 20:01:48.940691,2021-06-19 20:01:51.584579,0 days 00:00:02.643888,20,0.7044121314824888,10,1,30,25,145,"[2209, 4781]",COMPLETE
7272,7272,0.2640260189706737,2.609022855758667,2021-06-19 20:01:51.588582,2021-06-19 20:01:54.206704,0 days 00:00:02.618122,20,0.775837870117549,10,5,30,10,145,"[4331, 5853]",COMPLETE
7273,7273,0.29234480385901523,3.8754591941833496,2021-06-19 20:01:54.210711,2021-06-19 20:01:58.095046,0 days 00:00:03.884335,20,0.7492482924832433,3,1,30,25,145,"[6763, 5145]",COMPLETE
7274,7274,0.23267119836711878,2.599137544631958,2021-06-19 20:01:58.099071,2021-06-19 20:02:00.707255,0 days 00:00:02.608184,20,0.7044121314824888,10,9,30,26,145,"[3260, 411]",COMPLETE
7275,7275,inf,inf,2021-06-19 20:02:00.711336,2021-06-19 20:02:01.178844,0 days 00:00:00.467508,20,0.5843759696677915,10,6,30,20,145,"[3100, 5654]",COMPLETE
7276,7276,0.23167976616798686,2.8214497566223145,2021-06-19 20:02:01.197588,2021-06-19 20:02:04.056595,0 days 00:00:02.859007,20,0.7044121314824888,10,11,30,25,145,"[3260, 3100]",COMPLETE
7277,7277,0.22866316140431886,2.5774624347686768,2021-06-19 20:02:04.060434,2021-06-19 20:02:06.646535,0 days 00:00:02.586101,20,0.8047024443354969,10,1,30,25,145,"[2659, 4943]",COMPLETE
7278,7278,0.24693118426974198,3.0044751167297363,2021-06-19 20:02:06.650612,2021-06-19 20:02:09.664027,0 days 00:00:03.013415,10,0.7044121314824888,7,16,23,26,145,"[5379, 2078]",COMPLETE
7279,7279,0.23092468085022458,2.75585675239563,2021-06-19 20:02:09.667993,2021-06-19 20:02:12.432716,0 days 00:00:02.764723,20,0.7492482924832433,10,1,30,25,145,"[6763, 4236]",COMPLETE
7280,7280,0.23970243616843892,2.5623886585235596,2021-06-19 20:02:12.436528,2021-06-19 20:02:15.007623,0 days 00:00:02.571095,10,0.7044121314824888,10,1,30,26,145,"[3260, 2963]",COMPLETE
7281,7281,0.2311875888683319,2.579669952392578,2021-06-19 20:02:15.011734,2021-06-19 20:02:17.600568,0 days 00:00:02.588834,20,0.7044121314824888,10,1,20,26,145,"[1735, 2209]",COMPLETE
7282,7282,0.23361325620036985,2.7616772651672363,2021-06-19 20:02:17.604694,2021-06-19 20:02:20.375381,0 days 00:00:02.770687,30,0.7044121314824888,10,1,24,26,145,"[5379, 3760]",COMPLETE
7283,7283,0.3061375523884512,2.579552173614502,2021-06-19 20:02:20.379494,2021-06-19 20:02:22.968176,0 days 00:00:02.588682,20,0.775837870117549,10,1,30,2,145,"[6835, 5654]",COMPLETE
7284,7284,0.22694873716430256,2.6808078289031982,2021-06-19 20:02:22.972132,2021-06-19 20:02:25.661738,0 days 00:00:02.689606,40,0.775837870117549,10,7,30,25,145,"[1028, 3760]",COMPLETE
7285,7285,0.22877228426318294,2.779750108718872,2021-06-19 20:02:25.665794,2021-06-19 20:02:28.454892,0 days 00:00:02.789098,20,0.7044121314824888,10,1,30,25,145,"[6684, 6684]",COMPLETE
7286,7286,0.2285164093947032,2.613166332244873,2021-06-19 20:02:28.458983,2021-06-19 20:02:31.080974,0 days 00:00:02.621991,20,0.7044121314824888,10,5,24,26,145,"[2209, 5853]",COMPLETE
7287,7287,0.3096461867434902,3.400831460952759,2021-06-19 20:02:31.085167,2021-06-19 20:02:34.495066,0 days 00:00:03.409899,40,0.7044121314824888,4,1,30,10,145,"[6592, 1929]",COMPLETE
7288,7288,0.23004140567001374,2.8263444900512695,2021-06-19 20:02:34.499164,2021-06-19 20:02:37.334170,0 days 00:00:02.835006,30,0.7044121314824888,10,9,30,26,145,"[3100, 2963]",COMPLETE
