,number,values_0,values_1,datetime_start,datetime_complete,duration,params_checks,params_n_ratio,params_nskip,params_trees,params_w1,params_w2,system_attrs_nsga2:generation,system_attrs_nsga2:parents,state
6105,6105,0.23602777967409033,2.643275737762451,2021-06-19 18:57:02.747804,2021-06-19 18:57:05.398577,0 days 00:00:02.650773,10,0.7044121314824888,10,15,22,23,122,"[849, 5495]",COMPLETE
6106,6106,inf,inf,2021-06-19 18:57:05.402210,2021-06-19 18:57:06.374736,0 days 00:00:00.972526,20,0.5461139582157118,3,1,24,25,122,"[3483, 2209]",COMPLETE
6107,6107,0.2348022043700997,2.7118849754333496,2021-06-19 18:57:06.380250,2021-06-19 18:57:09.132353,0 days 00:00:02.752103,20,0.7044121314824888,10,1,23,28,122,"[1929, 4523]",COMPLETE
6108,6108,inf,inf,2021-06-19 18:57:09.135512,2021-06-19 18:57:09.273544,0 days 00:00:00.138032,20,0.39327645299311187,10,9,26,26,122,"[3566, 3256]",COMPLETE
6109,6109,0.22966182889738643,2.5999438762664795,2021-06-19 18:57:09.279721,2021-06-19 18:57:11.904616,0 days 00:00:02.624895,20,0.775837870117549,10,1,30,26,122,"[5654, 5654]",COMPLETE
6110,6110,0.22944395284163152,2.790018081665039,2021-06-19 18:57:11.907871,2021-06-19 18:57:14.705293,0 days 00:00:02.797422,20,0.7044121314824888,10,9,26,26,122,"[1735, 3256]",COMPLETE
6111,6111,0.23739683106973286,2.562216281890869,2021-06-19 18:57:14.708399,2021-06-19 18:57:17.278148,0 days 00:00:02.569749,0,0.7044121314824888,10,8,24,26,122,"[1159, 2209]",COMPLETE
6112,6112,0.3003828394496018,2.6070053577423096,2021-06-19 18:57:17.281351,2021-06-19 18:57:19.895906,0 days 00:00:02.614555,10,0.7044121314824888,10,9,30,6,122,"[2960, 2659]",COMPLETE
6113,6113,inf,inf,2021-06-19 18:57:19.899075,2021-06-19 18:57:20.246126,0 days 00:00:00.347051,20,0.4760074947852686,10,1,30,25,122,"[3483, 5853]",COMPLETE
6114,6114,0.23110616802564488,2.8063080310821533,2021-06-19 18:57:20.252524,2021-06-19 18:57:23.085130,0 days 00:00:02.832606,20,0.7100511651342796,10,15,24,26,122,"[411, 2762]",COMPLETE
6115,6115,0.22914058598907847,2.5474696159362793,2021-06-19 18:57:23.088557,2021-06-19 18:57:25.643705,0 days 00:00:02.555148,20,0.7044121314824888,10,1,28,26,122,"[2465, 900]",COMPLETE
6116,6116,0.2287180945700402,2.6689517498016357,2021-06-19 18:57:25.647256,2021-06-19 18:57:28.323825,0 days 00:00:02.676569,20,0.7044121314824888,10,9,30,25,122,"[4236, 2960]",COMPLETE
6117,6117,0.23243313205844737,2.6962013244628906,2021-06-19 18:57:28.327184,2021-06-19 18:57:31.030846,0 days 00:00:02.703662,20,0.7492482924832433,10,1,30,26,122,"[5654, 880]",COMPLETE
6118,6118,0.23181450624732278,2.688096761703491,2021-06-19 18:57:31.034416,2021-06-19 18:57:33.730045,0 days 00:00:02.695629,20,0.7044121314824888,10,8,30,25,122,"[1028, 1006]",COMPLETE
6119,6119,0.24046976328295278,3.047868490219116,2021-06-19 18:57:33.733620,2021-06-19 18:57:36.789101,0 days 00:00:03.055481,20,0.9609008725575112,10,1,8,26,122,"[1028, 411]",COMPLETE
6120,6120,0.23276176742900898,2.560365676879883,2021-06-19 18:57:36.792679,2021-06-19 18:57:39.360485,0 days 00:00:02.567806,20,0.7044121314824888,10,1,27,25,122,"[5379, 5495]",COMPLETE
6121,6121,0.23304852597870987,2.6271965503692627,2021-06-19 18:57:39.364109,2021-06-19 18:57:41.998851,0 days 00:00:02.634742,10,0.7492482924832433,10,8,19,25,122,"[1028, 4236]",COMPLETE
6122,6122,0.23470996819535256,2.849804639816284,2021-06-19 18:57:42.002459,2021-06-19 18:57:44.859893,0 days 00:00:02.857434,20,0.6371340337328902,10,16,26,26,122,"[411, 900]",COMPLETE
6123,6123,0.23235705754266875,2.575923442840576,2021-06-19 18:57:44.863427,2021-06-19 18:57:47.446884,0 days 00:00:02.583457,20,0.8047024443354969,10,1,30,25,122,"[5641, 3100]",COMPLETE
6124,6124,0.231820309632141,2.697192907333374,2021-06-19 18:57:47.450550,2021-06-19 18:57:50.155655,0 days 00:00:02.705105,60,0.7044121314824888,10,9,24,25,122,"[2960, 2762]",COMPLETE
6125,6125,0.23646228662548932,2.7400503158569336,2021-06-19 18:57:50.159248,2021-06-19 18:57:52.906959,0 days 00:00:02.747711,40,0.7135520440827152,10,5,8,25,122,"[316, 2963]",COMPLETE
6126,6126,inf,inf,2021-06-19 18:57:52.910385,2021-06-19 18:57:53.148945,0 days 00:00:00.238560,20,0.47033614237645244,10,1,30,25,122,"[3082, 6083]",COMPLETE
6127,6127,inf,inf,2021-06-19 18:57:53.157234,2021-06-19 18:57:53.511099,0 days 00:00:00.353865,20,0.5127012951818197,10,9,30,25,122,"[3483, 316]",COMPLETE
6128,6128,0.23198216872838517,2.64931321144104,2021-06-19 18:57:53.516824,2021-06-19 18:57:56.193148,0 days 00:00:02.676324,20,0.7044121314824888,10,14,30,25,122,"[3483, 2960]",COMPLETE
6129,6129,0.2333968790636432,2.7990715503692627,2021-06-19 18:57:56.196921,2021-06-19 18:57:59.003648,0 days 00:00:02.806727,40,0.7044121314824888,10,1,30,25,122,"[1244, 3760]",COMPLETE
6130,6130,0.2320512839284708,2.5842082500457764,2021-06-19 18:57:59.007233,2021-06-19 18:58:01.599118,0 days 00:00:02.591885,60,0.7044121314824888,10,1,24,26,122,"[3260, 5379]",COMPLETE
6131,6131,0.23183221155558997,2.6146082878112793,2021-06-19 18:58:01.602807,2021-06-19 18:58:04.224949,0 days 00:00:02.622142,20,0.6944318324443303,10,1,30,25,122,"[4236, 2465]",COMPLETE
6132,6132,0.23068832468559983,2.7758121490478516,2021-06-19 18:58:04.228621,2021-06-19 18:58:07.011865,0 days 00:00:02.783244,20,0.8047024443354969,10,1,30,27,122,"[2229, 2229]",COMPLETE
6133,6133,0.26907979685234634,2.5192580223083496,2021-06-19 18:58:07.015379,2021-06-19 18:58:09.542057,0 days 00:00:02.526678,20,0.775837870117549,10,1,30,10,122,"[5852, 4331]",COMPLETE
6134,6134,0.24012183457007752,2.5680689811706543,2021-06-19 18:58:09.545799,2021-06-19 18:58:12.121573,0 days 00:00:02.575774,20,0.7492482924832433,10,1,10,25,122,"[900, 1028]",COMPLETE
6135,6135,0.23177396293285685,2.7506847381591797,2021-06-19 18:58:12.125183,2021-06-19 18:58:14.883375,0 days 00:00:02.758192,20,0.775837870117549,10,1,30,25,122,"[3082, 3566]",COMPLETE
6136,6136,0.2317372447249614,2.602123737335205,2021-06-19 18:58:14.886981,2021-06-19 18:58:17.497471,0 days 00:00:02.610490,20,0.7492482924832433,10,1,26,26,122,"[2078, 900]",COMPLETE
6137,6137,0.23082906408595916,2.583958625793457,2021-06-19 18:58:17.501273,2021-06-19 18:58:20.093701,0 days 00:00:02.592428,20,0.7044121314824888,10,8,30,25,122,"[5336, 1929]",COMPLETE
6138,6138,inf,inf,2021-06-19 18:58:20.097039,2021-06-19 18:58:20.550390,0 days 00:00:00.453351,100,0.5780446481829358,10,1,24,25,122,"[1389, 2762]",COMPLETE
6139,6139,0.27172408849187707,3.36494779586792,2021-06-19 18:58:20.555381,2021-06-19 18:58:23.943291,0 days 00:00:03.387910,40,0.7044121314824888,5,1,30,25,122,"[3760, 2960]",COMPLETE
6140,6140,0.42229378423454966,2.5692155361175537,2021-06-19 18:58:23.946601,2021-06-19 18:58:26.523476,0 days 00:00:02.576875,20,0.7044121314824888,10,1,24,0,122,"[6083, 2209]",COMPLETE
6141,6141,0.2339226390555065,2.545552968978882,2021-06-19 18:58:26.526965,2021-06-19 18:58:29.080094,0 days 00:00:02.553129,20,0.7044121314824888,10,1,30,26,122,"[2465, 5145]",COMPLETE
6142,6142,0.26419842849389896,3.1168060302734375,2021-06-19 18:58:29.083681,2021-06-19 18:58:32.207990,0 days 00:00:03.124309,20,0.7044121314824888,6,1,24,25,122,"[6083, 900]",COMPLETE
6143,6143,0.26004475605990346,2.8093488216400146,2021-06-19 18:58:32.211644,2021-06-19 18:58:35.028650,0 days 00:00:02.817006,20,0.6415492259649922,7,1,30,23,122,"[849, 5852]",COMPLETE
6144,6144,0.23348032630976995,2.6713571548461914,2021-06-19 18:58:35.032305,2021-06-19 18:58:37.711373,0 days 00:00:02.679068,30,0.9173515593563233,10,9,30,28,122,"[2963, 5336]",COMPLETE
6145,6145,0.22853903967034994,2.757232904434204,2021-06-19 18:58:37.715068,2021-06-19 18:58:40.479901,0 days 00:00:02.764833,40,0.775837870117549,10,1,30,25,122,"[5145, 4419]",COMPLETE
6146,6146,0.22979435045986513,2.718817710876465,2021-06-19 18:58:40.483524,2021-06-19 18:58:43.209759,0 days 00:00:02.726235,20,0.9305146424483774,10,15,30,25,122,"[5495, 5495]",COMPLETE
6147,6147,0.27711710403638984,3.2762227058410645,2021-06-19 18:58:43.213416,2021-06-19 18:58:46.497325,0 days 00:00:03.283909,20,0.7044121314824888,5,2,30,25,122,"[4236, 5495]",COMPLETE
6148,6148,0.23150297868991812,2.640590190887451,2021-06-19 18:58:46.500872,2021-06-19 18:58:49.148870,0 days 00:00:02.647998,10,0.7044121314824888,10,9,30,25,122,"[1389, 5381]",COMPLETE
6149,6149,inf,inf,2021-06-19 18:58:49.152508,2021-06-19 18:58:49.323588,0 days 00:00:00.171080,20,0.37486717439278994,10,1,30,25,122,"[2229, 1218]",COMPLETE
6150,6150,0.2397666051153789,2.5693602561950684,2021-06-19 18:58:49.333513,2021-06-19 18:58:51.997381,0 days 00:00:02.663868,20,0.7044121314824888,10,1,13,26,123,"[6141, 4331]",COMPLETE
6151,6151,0.23059949985436215,2.788999319076538,2021-06-19 18:58:52.001043,2021-06-19 18:58:54.797820,0 days 00:00:02.796777,20,0.7044121314824888,10,8,21,25,123,"[5853, 2209]",COMPLETE
6152,6152,0.22810157250669172,2.548543691635132,2021-06-19 18:58:54.801021,2021-06-19 18:58:57.356946,0 days 00:00:02.555925,20,0.775837870117549,10,1,30,25,123,"[5641, 5853]",COMPLETE
6153,6153,0.2670597448917544,2.588657855987549,2021-06-19 18:58:57.360123,2021-06-19 18:58:59.956326,0 days 00:00:02.596203,10,0.7044121314824888,10,1,2,14,123,"[1205, 4879]",COMPLETE
6154,6154,0.23239368002014288,2.7743701934814453,2021-06-19 18:58:59.959851,2021-06-19 18:59:02.741544,0 days 00:00:02.781693,20,0.775837870117549,10,1,30,25,123,"[5145, 5145]",COMPLETE
6155,6155,0.23101121687784398,2.5398874282836914,2021-06-19 18:59:02.744943,2021-06-19 18:59:05.292286,0 days 00:00:02.547343,30,0.7044121314824888,10,1,30,26,123,"[3195, 5381]",COMPLETE
6156,6156,0.2398946516982683,2.572782039642334,2021-06-19 18:59:05.295955,2021-06-19 18:59:07.876279,0 days 00:00:02.580324,30,0.775837870117549,10,1,9,26,123,"[4419, 2963]",COMPLETE
6157,6157,0.30576715489385575,5.693204641342163,2021-06-19 18:59:07.879892,2021-06-19 18:59:13.580777,0 days 00:00:05.700885,50,0.7044121314824888,1,1,30,25,123,"[3195, 1929]",COMPLETE
6158,6158,0.22958589978527774,2.6015636920928955,2021-06-19 18:59:13.584260,2021-06-19 18:59:16.193099,0 days 00:00:02.608839,20,0.7044121314824888,10,9,30,26,123,"[1218, 1218]",COMPLETE
6159,6159,0.22882285442888642,2.7403626441955566,2021-06-19 18:59:16.196691,2021-06-19 18:59:18.944676,0 days 00:00:02.747985,20,0.7044121314824888,10,1,30,25,123,"[3260, 5495]",COMPLETE
6160,6160,0.2328599640655235,2.5788371562957764,2021-06-19 18:59:18.948323,2021-06-19 18:59:21.534530,0 days 00:00:02.586207,20,0.7044121314824888,10,1,30,25,123,"[1006, 1006]",COMPLETE
6161,6161,0.22806978265679503,2.6117985248565674,2021-06-19 18:59:21.537984,2021-06-19 18:59:24.157100,0 days 00:00:02.619116,20,0.7044121314824888,10,9,26,26,123,"[411, 411]",COMPLETE
6162,6162,0.23106691413201813,2.733944892883301,2021-06-19 18:59:24.160620,2021-06-19 18:59:26.902170,0 days 00:00:02.741550,10,0.7044121314824888,10,8,30,25,123,"[2963, 316]",COMPLETE
6163,6163,0.23440722645197187,2.648066759109497,2021-06-19 18:59:26.905809,2021-06-19 18:59:29.561626,0 days 00:00:02.655817,10,0.7044121314824888,9,1,27,30,123,"[3760, 2659]",COMPLETE
6164,6164,inf,inf,2021-06-19 18:59:29.565193,2021-06-19 18:59:29.710847,0 days 00:00:00.145654,20,0.31434403894795565,10,1,30,25,123,"[2960, 4879]",COMPLETE
6165,6165,0.23068885383303725,2.867452383041382,2021-06-19 18:59:29.731486,2021-06-19 18:59:32.620584,0 days 00:00:02.889098,20,0.7044121314824888,10,8,30,25,123,"[4781, 2963]",COMPLETE
6166,6166,0.2699584366123563,3.0921716690063477,2021-06-19 18:59:32.624302,2021-06-19 18:59:35.724902,0 days 00:00:03.100600,20,0.7044121314824888,5,1,30,26,123,"[2991, 1218]",COMPLETE
6167,6167,0.23153270313710073,2.5334086418151855,2021-06-19 18:59:35.728214,2021-06-19 18:59:38.269137,0 days 00:00:02.540923,20,0.7044121314824888,10,1,30,26,123,"[3566, 4523]",COMPLETE
6168,6168,0.23055244019381582,2.803232431411743,2021-06-19 18:59:38.272759,2021-06-19 18:59:41.083566,0 days 00:00:02.810807,40,0.775837870117549,10,1,30,25,123,"[1389, 4879]",COMPLETE
6169,6169,0.2605206373180709,2.604515314102173,2021-06-19 18:59:41.087197,2021-06-19 18:59:43.699212,0 days 00:00:02.612015,30,0.7044121314824888,10,1,30,14,123,"[2991, 2963]",COMPLETE
6170,6170,0.2408860540680252,2.559924364089966,2021-06-19 18:59:43.702724,2021-06-19 18:59:46.270258,0 days 00:00:02.567534,10,0.7492482924832433,10,1,11,25,123,"[1028, 880]",COMPLETE
6171,6171,0.24217096544382255,2.981757402420044,2021-06-19 18:59:46.273897,2021-06-19 18:59:49.263206,0 days 00:00:02.989309,20,0.7044121314824888,8,9,30,25,123,"[1244, 4879]",COMPLETE
6172,6172,0.23421351723282566,2.5546958446502686,2021-06-19 18:59:49.266666,2021-06-19 18:59:51.828845,0 days 00:00:02.562179,20,0.7044121314824888,10,1,22,25,123,"[3260, 3566]",COMPLETE
6173,6173,0.23244663566948323,2.5782244205474854,2021-06-19 18:59:51.832459,2021-06-19 18:59:54.418180,0 days 00:00:02.585721,20,0.7492482924832433,10,1,30,25,123,"[4879, 1389]",COMPLETE
6174,6174,inf,inf,2021-06-19 18:59:54.421844,2021-06-19 18:59:54.596649,0 days 00:00:00.174805,20,0.4342618591989431,10,1,30,26,123,"[4331, 2963]",COMPLETE
6175,6175,0.23673571914077074,2.7542946338653564,2021-06-19 18:59:54.623797,2021-06-19 18:59:57.395011,0 days 00:00:02.771214,20,0.7044121314824888,10,1,30,24,123,"[1159, 1159]",COMPLETE
6176,6176,0.23159756708088441,2.5947206020355225,2021-06-19 18:59:57.401209,2021-06-19 19:00:00.009764,0 days 00:00:02.608555,20,0.8047024443354969,10,1,30,25,123,"[5641, 2229]",COMPLETE
6177,6177,0.29188141150810004,3.8819539546966553,2021-06-19 19:00:00.013241,2021-06-19 19:00:03.902849,0 days 00:00:03.889608,20,0.775837870117549,3,1,30,25,123,"[1974, 3260]",COMPLETE
6178,6178,0.25406594410191136,2.843642473220825,2021-06-19 19:00:03.906307,2021-06-19 19:00:06.757591,0 days 00:00:02.851284,20,0.7044121314824888,7,9,3,25,123,"[2960, 849]",COMPLETE
6179,6179,0.22818495067016972,2.635658025741577,2021-06-19 19:00:06.761171,2021-06-19 19:00:09.404466,0 days 00:00:02.643295,20,0.7044121314824888,10,12,30,26,123,"[5495, 2465]",COMPLETE
6180,6180,0.28135655983724533,2.744579792022705,2021-06-19 19:00:09.407890,2021-06-19 19:00:12.160067,0 days 00:00:02.752177,20,0.775837870117549,10,1,30,4,123,"[3082, 3082]",COMPLETE
6181,6181,0.22973721797122026,2.607445478439331,2021-06-19 19:00:12.163599,2021-06-19 19:00:14.778406,0 days 00:00:02.614807,20,0.7100511651342796,10,15,24,25,123,"[2762, 316]",COMPLETE
6182,6182,0.23133284849721839,2.6968817710876465,2021-06-19 19:00:14.782059,2021-06-19 19:00:17.486391,0 days 00:00:02.704332,20,0.7044121314824888,10,9,29,26,123,"[3256, 3256]",COMPLETE
6183,6183,0.28589621971194196,2.8257875442504883,2021-06-19 19:00:17.490168,2021-06-19 19:00:20.324541,0 days 00:00:02.834373,20,0.7044121314824888,10,9,30,11,123,"[6141, 5381]",COMPLETE
6184,6184,0.23434005436501767,2.5728907585144043,2021-06-19 19:00:20.328164,2021-06-19 19:00:22.908796,0 days 00:00:02.580632,0,0.7044121314824888,10,1,30,25,123,"[5379, 5495]",COMPLETE
6185,6185,0.26938884614163233,3.1460793018341064,2021-06-19 19:00:22.912394,2021-06-19 19:00:26.066155,0 days 00:00:03.153761,20,0.7044121314824888,5,1,30,28,123,"[1218, 1735]",COMPLETE
6186,6186,0.22962532978904585,2.7221839427948,2021-06-19 19:00:26.069789,2021-06-19 19:00:28.799595,0 days 00:00:02.729806,40,0.775837870117549,10,1,30,25,123,"[880, 3760]",COMPLETE
6187,6187,0.23256300738853347,2.554560899734497,2021-06-19 19:00:28.803000,2021-06-19 19:00:31.365040,0 days 00:00:02.562040,20,0.7044121314824888,10,1,30,25,123,"[3566, 1929]",COMPLETE
6188,6188,0.22935391161315183,2.77046799659729,2021-06-19 19:00:31.368332,2021-06-19 19:00:34.146260,0 days 00:00:02.777928,20,0.7044121314824888,10,1,30,25,123,"[3566, 2659]",COMPLETE
6189,6189,0.23432239262466287,2.57186222076416,2021-06-19 19:00:34.149990,2021-06-19 19:00:36.729522,0 days 00:00:02.579532,20,0.7492482924832433,10,1,30,25,123,"[2991, 1389]",COMPLETE
6190,6190,0.2573262089111637,2.533390998840332,2021-06-19 19:00:36.733132,2021-06-19 19:00:39.274064,0 days 00:00:02.540932,10,0.7492482924832433,10,1,30,14,123,"[1389, 1205]",COMPLETE
6191,6191,inf,inf,2021-06-19 19:00:39.277623,2021-06-19 19:00:39.511293,0 days 00:00:00.233670,20,0.38293427936993746,2,2,30,26,123,"[900, 2963]",COMPLETE
6192,6192,0.23050382528063768,2.7670140266418457,2021-06-19 19:00:39.517889,2021-06-19 19:00:42.321645,0 days 00:00:02.803756,20,0.8047024443354969,10,1,24,26,123,"[2063, 6141]",COMPLETE
6193,6193,0.27447723504412913,3.168667793273926,2021-06-19 19:00:42.324931,2021-06-19 19:00:45.501206,0 days 00:00:03.176275,20,0.775837870117549,5,9,30,25,123,"[1244, 3760]",COMPLETE
6194,6194,0.28735736420669106,3.7133426666259766,2021-06-19 19:00:45.504847,2021-06-19 19:00:49.225818,0 days 00:00:03.720971,20,0.8047024443354969,3,1,27,25,123,"[4943, 1389]",COMPLETE
6195,6195,0.24010216335512324,2.757157802581787,2021-06-19 19:00:49.229520,2021-06-19 19:00:51.994478,0 days 00:00:02.764958,20,0.7044121314824888,10,9,6,25,123,"[1735, 2960]",COMPLETE
6196,6196,0.28345730792600127,2.590575933456421,2021-06-19 19:00:51.998101,2021-06-19 19:00:54.596224,0 days 00:00:02.598123,0,0.7044121314824888,10,1,30,26,123,"[6141, 6141]",COMPLETE
6197,6197,0.22760287300190987,2.6900887489318848,2021-06-19 19:00:54.599891,2021-06-19 19:00:57.297615,0 days 00:00:02.697724,40,0.9330529166911183,10,1,28,25,123,"[2659, 2659]",COMPLETE
6198,6198,0.2322828627337498,2.9519731998443604,2021-06-19 19:00:57.301377,2021-06-19 19:01:00.261035,0 days 00:00:02.959658,80,0.7044121314824888,10,15,30,25,123,"[1218, 5495]",COMPLETE
6199,6199,inf,inf,2021-06-19 19:01:00.264542,2021-06-19 19:01:00.751076,0 days 00:00:00.486534,20,0.5929757758260427,10,5,30,25,123,"[1028, 5336]",COMPLETE
6200,6200,0.23127159178637965,2.696669101715088,2021-06-19 19:01:00.758022,2021-06-19 19:02:11.086820,0 days 00:01:10.328798,20,0.7044121314824888,10,9,30,25,124,"[3483, 1218]",COMPLETE
6201,6201,0.34643804036886683,2.7864830493927,2021-06-19 19:02:11.093961,2021-06-19 19:02:13.891678,0 days 00:00:02.797717,10,0.7044121314824888,10,1,29,0,124,"[2963, 1389]",COMPLETE
6202,6202,0.24073811703880857,2.601511001586914,2021-06-19 19:02:13.895237,2021-06-19 19:02:16.504710,0 days 00:00:02.609473,70,0.6772072793132866,10,1,4,23,124,"[1159, 849]",COMPLETE
6203,6203,0.28837090784535374,3.718303918838501,2021-06-19 19:02:16.508601,2021-06-19 19:02:20.235417,0 days 00:00:03.726816,20,0.7044121314824888,3,1,26,26,124,"[411, 1974]",COMPLETE
6204,6204,inf,inf,2021-06-19 19:02:20.238893,2021-06-19 19:02:20.434746,0 days 00:00:00.195853,20,0.38749890161600264,10,9,30,18,124,"[2963, 900]",COMPLETE
6205,6205,0.24113372137109806,2.7802586555480957,2021-06-19 19:02:20.457237,2021-06-19 19:02:23.252500,0 days 00:00:02.795263,20,0.7044121314824888,10,9,2,25,124,"[2762, 3483]",COMPLETE
6206,6206,0.23062213333176462,2.551689386367798,2021-06-19 19:02:23.256155,2021-06-19 19:02:25.815255,0 days 00:00:02.559100,20,0.775837870117549,10,1,30,25,124,"[4781, 5853]",COMPLETE
6207,6207,0.23610245702762162,2.889892339706421,2021-06-19 19:02:25.818939,2021-06-19 19:02:28.716663,0 days 00:00:02.897724,20,0.9633655886560424,10,1,30,26,124,"[4943, 4943]",COMPLETE
6208,6208,0.22966800964020473,2.793174982070923,2021-06-19 19:02:28.723660,2021-06-19 19:02:31.530232,0 days 00:00:02.806572,20,0.7044121314824888,10,16,30,26,124,"[2991, 1218]",COMPLETE
6209,6209,0.2368626852563049,2.567988872528076,2021-06-19 19:02:31.533896,2021-06-19 19:02:34.109164,0 days 00:00:02.575268,10,0.7492482924832433,10,1,30,25,124,"[1389, 1389]",COMPLETE
6210,6210,0.22594439218181422,2.722567319869995,2021-06-19 19:02:34.112750,2021-06-19 19:02:36.842865,0 days 00:00:02.730115,20,0.775837870117549,10,1,30,26,124,"[5853, 5654]",COMPLETE
6211,6211,0.28694509511347016,2.6214165687561035,2021-06-19 19:02:36.849042,2021-06-19 19:02:39.485147,0 days 00:00:02.636105,20,0.7044121314824888,10,1,30,7,124,"[316, 3260]",COMPLETE
6212,6212,0.22990905738719458,2.6240248680114746,2021-06-19 19:02:39.488741,2021-06-19 19:02:42.121152,0 days 00:00:02.632411,10,0.7492482924832433,10,9,30,26,124,"[880, 1218]",COMPLETE
6213,6213,0.23107235908162563,2.7369728088378906,2021-06-19 19:02:42.124686,2021-06-19 19:02:44.869296,0 days 00:00:02.744610,20,0.858375847020594,10,1,30,26,124,"[2465, 5852]",COMPLETE
6214,6214,0.25954210118278154,2.917696952819824,2021-06-19 19:02:44.872848,2021-06-19 19:02:47.798245,0 days 00:00:02.925397,10,0.7492482924832433,6,1,28,25,124,"[2659, 1028]",COMPLETE
6215,6215,0.28495111686837243,2.642761468887329,2021-06-19 19:02:47.801931,2021-06-19 19:02:50.452349,0 days 00:00:02.650418,100,0.775837870117549,10,1,30,3,124,"[3566, 5853]",COMPLETE
6216,6216,0.22839730055852023,2.816545009613037,2021-06-19 19:02:50.455916,2021-06-19 19:02:53.279966,0 days 00:00:02.824050,20,0.7044121314824888,10,9,26,26,124,"[3256, 3256]",COMPLETE
6217,6217,0.2675817146645663,2.5523877143859863,2021-06-19 19:02:53.283731,2021-06-19 19:02:55.843762,0 days 00:00:02.560031,20,0.7100511651342796,10,1,30,12,124,"[2465, 2762]",COMPLETE
6218,6218,inf,inf,2021-06-19 19:02:55.847422,2021-06-19 19:02:56.038253,0 days 00:00:00.190831,20,0.3575792989527935,3,1,30,25,124,"[5853, 3082]",COMPLETE
6219,6219,0.22685768882672483,2.580465793609619,2021-06-19 19:02:56.051193,2021-06-19 19:02:58.651725,0 days 00:00:02.600532,20,0.8047024443354969,10,1,30,25,124,"[2063, 1974]",COMPLETE
6220,6220,0.2315002117654974,2.787285566329956,2021-06-19 19:02:58.655276,2021-06-19 19:03:01.450430,0 days 00:00:02.795154,100,0.7044121314824888,10,1,24,27,124,"[2762, 5379]",COMPLETE
6221,6221,0.2656550670606889,2.684441328048706,2021-06-19 19:03:01.453968,2021-06-19 19:03:04.146152,0 days 00:00:02.692184,40,0.9194752472468197,10,1,21,13,124,"[4419, 4419]",COMPLETE
6222,6222,0.23100618940709539,2.7745864391326904,2021-06-19 19:03:04.149814,2021-06-19 19:03:06.932161,0 days 00:00:02.782347,40,0.7044121314824888,10,1,30,26,124,"[5852, 411]",COMPLETE
6223,6223,0.22867183281852496,2.568697452545166,2021-06-19 19:03:06.935968,2021-06-19 19:03:09.512553,0 days 00:00:02.576585,20,0.8047024443354969,10,1,30,25,124,"[2229, 3256]",COMPLETE
