,number,values_0,values_1,datetime_start,datetime_complete,duration,params_checks,params_n_ratio,params_nskip,params_trees,params_w1,params_w2,system_attrs_nsga2:generation,system_attrs_nsga2:parents,state
5749,5749,inf,inf,2021-06-19 18:36:01.022659,2021-06-19 18:36:01.358875,0 days 00:00:00.336216,20,0.5574292077893914,10,9,30,25,114,"[2229, 3256]",COMPLETE
5750,5750,0.2608523889997776,2.564615249633789,2021-06-19 18:36:01.370016,2021-06-19 18:36:04.040737,0 days 00:00:02.670721,20,0.7044121314824888,10,1,18,14,115,"[1205, 4523]",COMPLETE
5751,5751,0.23306008896044986,2.587531805038452,2021-06-19 18:36:04.044107,2021-06-19 18:36:06.638947,0 days 00:00:02.594840,40,0.7044121314824888,10,1,25,28,115,"[2063, 3195]",COMPLETE
5752,5752,0.2659019064821605,3.090266466140747,2021-06-19 18:36:06.642622,2021-06-19 18:36:09.740803,0 days 00:00:03.098181,20,0.7044121314824888,6,1,20,26,115,"[2465, 2465]",COMPLETE
5753,5753,0.22640652511241965,2.646756172180176,2021-06-19 18:36:09.744334,2021-06-19 18:36:12.398193,0 days 00:00:02.653859,20,0.7044121314824888,10,9,30,26,115,"[411, 5336]",COMPLETE
5754,5754,0.2275344894236512,2.5697107315063477,2021-06-19 18:36:12.401652,2021-06-19 18:36:14.978358,0 days 00:00:02.576706,20,0.775837870117549,10,1,30,25,115,"[3566, 1006]",COMPLETE
5755,5755,0.2312088636554379,2.800748109817505,2021-06-19 18:36:14.981837,2021-06-19 18:36:17.789649,0 days 00:00:02.807812,30,0.7044121314824888,10,9,24,26,115,"[2209, 2963]",COMPLETE
5756,5756,0.24462441035239546,2.5705344676971436,2021-06-19 18:36:17.793148,2021-06-19 18:36:20.371076,0 days 00:00:02.577928,20,0.5975158276414984,10,1,7,23,115,"[1205, 1218]",COMPLETE
5757,5757,0.2580095223411455,2.9943668842315674,2021-06-19 18:36:20.374591,2021-06-19 18:36:23.376272,0 days 00:00:03.001681,20,0.8047024443354969,7,1,30,25,115,"[5336, 5145]",COMPLETE
5758,5758,0.23240351740871273,2.623857259750366,2021-06-19 18:36:23.379654,2021-06-19 18:36:26.010567,0 days 00:00:02.630913,20,0.7044121314824888,10,9,30,25,115,"[2963, 3195]",COMPLETE
5759,5759,0.2335750180548179,2.5741000175476074,2021-06-19 18:36:26.014040,2021-06-19 18:36:28.595188,0 days 00:00:02.581148,20,0.7044121314824888,10,1,30,25,115,"[4781, 2229]",COMPLETE
5760,5760,0.23341874862665815,2.773763656616211,2021-06-19 18:36:28.598313,2021-06-19 18:36:31.379438,0 days 00:00:02.781125,80,0.7044121314824888,10,1,30,25,115,"[4236, 1006]",COMPLETE
5761,5761,0.23010038350144535,2.645177125930786,2021-06-19 18:36:31.382526,2021-06-19 18:36:34.034816,0 days 00:00:02.652290,30,0.775837870117549,10,9,30,25,115,"[3082, 1244]",COMPLETE
5762,5762,0.2926464668922558,3.712841033935547,2021-06-19 18:36:34.038294,2021-06-19 18:36:37.758190,0 days 00:00:03.719896,20,0.7044121314824888,3,1,24,25,115,"[5379, 3195]",COMPLETE
5763,5763,0.23051719984934588,2.778374195098877,2021-06-19 18:36:37.761658,2021-06-19 18:36:40.547111,0 days 00:00:02.785453,20,0.775837870117549,10,1,30,26,115,"[3566, 647]",COMPLETE
5764,5764,0.23436153206971042,2.5645029544830322,2021-06-19 18:36:40.550633,2021-06-19 18:36:43.122297,0 days 00:00:02.571664,20,0.7492482924832433,10,1,23,28,115,"[2078, 4523]",COMPLETE
5765,5765,inf,inf,2021-06-19 18:36:43.125795,2021-06-19 18:36:43.266679,0 days 00:00:00.140884,20,0.4306329801199833,10,1,24,25,115,"[2063, 2659]",COMPLETE
5766,5766,0.2330079767461139,2.825103759765625,2021-06-19 18:36:43.274764,2021-06-19 18:36:46.129941,0 days 00:00:02.855177,20,0.775837870117549,10,1,13,26,115,"[2659, 5654]",COMPLETE
5767,5767,inf,inf,2021-06-19 18:36:46.133369,2021-06-19 18:36:46.567317,0 days 00:00:00.433948,20,0.5426328181537063,10,1,9,25,115,"[4236, 1389]",COMPLETE
5768,5768,0.2617676141783278,2.983571767807007,2021-06-19 18:36:46.574695,2021-06-19 18:36:49.590232,0 days 00:00:03.015537,20,0.7044121314824888,6,1,26,25,115,"[3260, 3256]",COMPLETE
5769,5769,0.22963373363507317,2.5653531551361084,2021-06-19 18:36:49.593838,2021-06-19 18:36:52.166627,0 days 00:00:02.572789,20,0.7044121314824888,10,1,30,25,115,"[1006, 2063]",COMPLETE
5770,5770,inf,inf,2021-06-19 18:36:52.170199,2021-06-19 18:36:52.513751,0 days 00:00:00.343552,20,0.5046597622416666,8,3,7,25,115,"[3260, 3082]",COMPLETE
5771,5771,0.23103813951885477,2.819489002227783,2021-06-19 18:36:52.519409,2021-06-19 18:36:55.376106,0 days 00:00:02.856697,20,0.8047024443354969,10,10,30,25,115,"[4943, 2960]",COMPLETE
5772,5772,0.3078619482463887,4.227262020111084,2021-06-19 18:36:55.379078,2021-06-19 18:36:59.613594,0 days 00:00:04.234516,0,0.8047024443354969,3,1,30,14,115,"[1006, 2063]",COMPLETE
5773,5773,0.2558718934799019,3.202198028564453,2021-06-19 18:36:59.616659,2021-06-19 18:37:02.825940,0 days 00:00:03.209281,20,0.9954724256730474,10,1,30,24,115,"[2991, 1159]",COMPLETE
5774,5774,0.2503672684482014,2.895059108734131,2021-06-19 18:37:02.828992,2021-06-19 18:37:05.731602,0 days 00:00:02.902610,80,0.7492482924832433,7,1,22,26,115,"[849, 2078]",COMPLETE
5775,5775,0.28973680495562176,3.109706401824951,2021-06-19 18:37:05.734902,2021-06-19 18:37:08.851916,0 days 00:00:03.117014,10,0.7044121314824888,5,1,28,16,115,"[2659, 1244]",COMPLETE
5776,5776,0.23144445976786418,2.751969814300537,2021-06-19 18:37:08.855433,2021-06-19 18:37:11.614550,0 days 00:00:02.759117,50,0.7044121314824888,10,1,28,25,115,"[2659, 2991]",COMPLETE
5777,5777,0.23443619309418168,2.5566751956939697,2021-06-19 18:37:11.617854,2021-06-19 18:37:14.181568,0 days 00:00:02.563714,20,0.7044121314824888,10,1,30,28,115,"[5381, 4523]",COMPLETE
5778,5778,0.2717587740321774,2.647193670272827,2021-06-19 18:37:14.184939,2021-06-19 18:37:16.839590,0 days 00:00:02.654651,10,0.9026221960111593,10,1,29,12,115,"[4523, 1389]",COMPLETE
5779,5779,0.24424023954516844,2.94645094871521,2021-06-19 18:37:16.842807,2021-06-19 18:37:19.796429,0 days 00:00:02.953622,0,0.8047024443354969,10,1,30,25,115,"[5641, 1218]",COMPLETE
5780,5780,0.22828502845326004,2.6050422191619873,2021-06-19 18:37:19.799936,2021-06-19 18:37:22.412202,0 days 00:00:02.612266,20,0.7044121314824888,10,9,26,25,115,"[411, 3082]",COMPLETE
5781,5781,0.23013190257566707,2.8030307292938232,2021-06-19 18:37:22.415699,2021-06-19 18:37:25.225640,0 days 00:00:02.809941,30,0.7044121314824888,10,12,30,26,115,"[2963, 2963]",COMPLETE
5782,5782,0.23246768694270453,2.58577036857605,2021-06-19 18:37:25.228558,2021-06-19 18:37:27.821167,0 days 00:00:02.592609,20,0.7044121314824888,10,1,24,26,115,"[2209, 2209]",COMPLETE
5783,5783,0.22819345584049328,2.601210117340088,2021-06-19 18:37:27.824673,2021-06-19 18:37:30.433183,0 days 00:00:02.608510,30,0.7044121314824888,10,6,30,26,115,"[2991, 5381]",COMPLETE
5784,5784,0.23572195451962655,2.7619895935058594,2021-06-19 18:37:30.436637,2021-06-19 18:37:33.205670,0 days 00:00:02.769033,10,0.7044121314824888,10,1,24,26,115,"[2229, 5379]",COMPLETE
5785,5785,0.23950706873192687,2.585334062576294,2021-06-19 18:37:33.209054,2021-06-19 18:37:35.801588,0 days 00:00:02.592534,20,0.7044121314824888,10,1,7,25,115,"[4236, 2063]",COMPLETE
5786,5786,0.2432352942614759,2.5918712615966797,2021-06-19 18:37:35.805062,2021-06-19 18:37:38.404040,0 days 00:00:02.598978,10,0.7044121314824888,10,1,9,22,115,"[745, 5379]",COMPLETE
5787,5787,0.23247638772380236,2.7492411136627197,2021-06-19 18:37:38.407631,2021-06-19 18:37:41.164665,0 days 00:00:02.757034,20,0.775837870117549,10,1,30,25,115,"[5641, 3760]",COMPLETE
5788,5788,0.3002539202253976,2.640460252761841,2021-06-19 18:37:41.167853,2021-06-19 18:37:43.815384,0 days 00:00:02.647531,10,0.7492482924832433,10,15,30,2,115,"[1028, 5495]",COMPLETE
5789,5789,0.23921572050494175,2.5607197284698486,2021-06-19 18:37:43.818423,2021-06-19 18:37:46.386226,0 days 00:00:02.567803,20,0.7044121314824888,10,1,30,21,115,"[1389, 1244]",COMPLETE
5790,5790,0.22833775152540373,2.7099456787109375,2021-06-19 18:37:46.389711,2021-06-19 18:37:49.106920,0 days 00:00:02.717209,20,0.7044121314824888,10,1,30,25,115,"[1929, 4331]",COMPLETE
5791,5791,0.3081050705644562,2.594524383544922,2021-06-19 18:37:49.110167,2021-06-19 18:37:51.711780,0 days 00:00:02.601613,20,0.7044121314824888,10,9,22,3,115,"[2960, 2960]",COMPLETE
5792,5792,0.2711610523859341,3.1080551147460938,2021-06-19 18:37:51.715257,2021-06-19 18:37:54.830533,0 days 00:00:03.115276,20,0.8047024443354969,5,1,21,25,115,"[2063, 647]",COMPLETE
5793,5793,0.2285086176426882,2.8125081062316895,2021-06-19 18:37:54.833869,2021-06-19 18:37:57.653392,0 days 00:00:02.819523,50,0.775837870117549,10,1,30,25,115,"[5705, 3760]",COMPLETE
5794,5794,0.23088758898386605,2.604241132736206,2021-06-19 18:37:57.656849,2021-06-19 18:38:00.268136,0 days 00:00:02.611287,10,0.7044121314824888,10,1,28,25,115,"[3760, 2659]",COMPLETE
5795,5795,0.23154926366589668,2.7608816623687744,2021-06-19 18:38:00.271436,2021-06-19 18:38:03.039322,0 days 00:00:02.767886,10,0.7492482924832433,10,1,30,25,115,"[880, 5145]",COMPLETE
5796,5796,0.2695250601484076,3.085333824157715,2021-06-19 18:38:03.042728,2021-06-19 18:38:06.135987,0 days 00:00:03.093259,20,0.603627004462215,5,1,8,26,115,"[5654, 316]",COMPLETE
5797,5797,inf,inf,2021-06-19 18:38:06.139437,2021-06-19 18:38:06.291189,0 days 00:00:00.151752,20,0.30251208713872263,10,1,30,29,115,"[4781, 2229]",COMPLETE
5798,5798,0.2828825986929783,2.8142340183258057,2021-06-19 18:38:06.306973,2021-06-19 18:38:09.144814,0 days 00:00:02.837841,20,0.7044121314824888,7,1,28,12,115,"[1006, 2659]",COMPLETE
5799,5799,0.22777413625300588,2.769672155380249,2021-06-19 18:38:09.148245,2021-06-19 18:38:11.925238,0 days 00:00:02.776993,20,0.775837870117549,10,1,30,26,115,"[4331, 1929]",COMPLETE
5800,5800,0.25041240147014837,2.8246419429779053,2021-06-19 18:38:11.928686,2021-06-19 18:39:28.712192,0 days 00:01:16.783506,20,0.8047024443354969,7,1,30,26,116,"[2229, 4331]",COMPLETE
5801,5801,0.23127873915228986,3.192357063293457,2021-06-19 18:39:28.719280,2021-06-19 18:39:31.921209,0 days 00:00:03.201929,50,0.9830527452066142,10,1,30,25,116,"[2991, 3566]",COMPLETE
5802,5802,0.2343675775629545,2.602030038833618,2021-06-19 18:39:31.924766,2021-06-19 18:39:34.534804,0 days 00:00:02.610038,50,0.8929664790958785,10,1,22,25,116,"[5705, 849]",COMPLETE
5803,5803,0.2288295757929599,2.6026289463043213,2021-06-19 18:39:34.537972,2021-06-19 18:39:37.147718,0 days 00:00:02.609746,90,0.775837870117549,10,1,30,25,116,"[5705, 2063]",COMPLETE
5804,5804,0.2318091147502054,2.69541335105896,2021-06-19 18:39:37.150850,2021-06-19 18:39:39.853360,0 days 00:00:02.702510,10,0.6415492259649922,10,1,24,25,116,"[2063, 849]",COMPLETE
5805,5805,0.25946314190816017,2.6429197788238525,2021-06-19 18:39:39.856730,2021-06-19 18:39:42.506848,0 days 00:00:02.650118,20,0.8083084202937212,10,9,26,14,116,"[411, 1205]",COMPLETE
5806,5806,0.23180913571207454,2.6211984157562256,2021-06-19 18:39:42.510328,2021-06-19 18:39:45.138709,0 days 00:00:02.628381,20,0.7044121314824888,10,1,23,25,116,"[2078, 3256]",COMPLETE
5807,5807,0.22818542014034152,2.824242353439331,2021-06-19 18:39:45.142134,2021-06-19 18:39:47.973573,0 days 00:00:02.831439,20,0.7044121314824888,10,11,28,26,116,"[3566, 3195]",COMPLETE
5808,5808,0.30033656935845027,4.629051208496094,2021-06-19 18:39:47.977039,2021-06-19 18:39:52.613518,0 days 00:00:04.636479,50,0.775837870117549,2,13,30,27,116,"[5705, 2960]",COMPLETE
5809,5809,0.23048159686677863,2.58905291557312,2021-06-19 18:39:52.616984,2021-06-19 18:39:55.213320,0 days 00:00:02.596336,30,0.7044121314824888,10,1,30,26,116,"[411, 880]",COMPLETE
5810,5810,0.2305657643459189,2.7570903301239014,2021-06-19 18:39:55.216759,2021-06-19 18:39:57.980897,0 days 00:00:02.764138,20,0.775837870117549,10,1,30,25,116,"[3100, 3082]",COMPLETE
5811,5811,0.23633146730711918,2.5836925506591797,2021-06-19 18:39:57.984327,2021-06-19 18:40:00.575088,0 days 00:00:02.590761,20,0.7044121314824888,10,1,30,25,116,"[5705, 3195]",COMPLETE
5812,5812,0.26960701199913556,2.8571760654449463,2021-06-19 18:40:00.578516,2021-06-19 18:40:03.442987,0 days 00:00:02.864471,20,0.7044121314824888,10,1,30,13,116,"[1159, 4331]",COMPLETE
5813,5813,0.2849277156675682,2.560887098312378,2021-06-19 18:40:03.446449,2021-06-19 18:40:06.014476,0 days 00:00:02.568027,20,0.8047024443354969,10,1,17,7,116,"[5641, 5641]",COMPLETE
5814,5814,0.2297319212887969,2.543787717819214,2021-06-19 18:40:06.017682,2021-06-19 18:40:08.568695,0 days 00:00:02.551013,20,0.7100511651342796,10,1,24,26,116,"[1218, 2762]",COMPLETE
5815,5815,0.3205703140150875,2.827071189880371,2021-06-19 18:40:08.571787,2021-06-19 18:40:11.405976,0 days 00:00:02.834189,20,0.7044121314824888,10,9,30,4,116,"[3195, 411]",COMPLETE
5816,5816,0.22999892934919977,2.622837781906128,2021-06-19 18:40:11.409382,2021-06-19 18:40:14.039660,0 days 00:00:02.630278,10,0.7044121314824888,10,9,30,26,116,"[2960, 5495]",COMPLETE
5817,5817,0.23446950655655166,2.7211179733276367,2021-06-19 18:40:14.042958,2021-06-19 18:40:16.771229,0 days 00:00:02.728271,20,0.8047024443354969,8,1,30,28,116,"[4523, 4943]",COMPLETE
5818,5818,0.3088810488596219,2.746530532836914,2021-06-19 18:40:16.774710,2021-06-19 18:40:19.528517,0 days 00:00:02.753807,20,0.7044121314824888,10,11,30,5,116,"[3260, 4419]",COMPLETE
5819,5819,0.24931273292614675,2.8319523334503174,2021-06-19 18:40:19.531991,2021-06-19 18:40:22.371260,0 days 00:00:02.839269,20,0.8047024443354969,7,1,30,25,116,"[3566, 2229]",COMPLETE
5820,5820,0.23522825561950383,2.6293256282806396,2021-06-19 18:40:22.374831,2021-06-19 18:40:25.011322,0 days 00:00:02.636491,20,0.8734230708096118,10,1,24,25,116,"[2762, 5641]",COMPLETE
5821,5821,0.22915276997017062,2.7391884326934814,2021-06-19 18:40:25.014868,2021-06-19 18:40:27.761357,0 days 00:00:02.746489,20,0.8047024443354969,10,1,30,25,116,"[5495, 2229]",COMPLETE
5822,5822,0.23080479121303643,2.662017345428467,2021-06-19 18:40:27.764828,2021-06-19 18:40:30.434139,0 days 00:00:02.669311,10,0.7044121314824888,10,11,24,25,116,"[2209, 3195]",COMPLETE
5823,5823,0.23187369326763588,2.786529064178467,2021-06-19 18:40:30.437690,2021-06-19 18:40:33.231404,0 days 00:00:02.793714,50,0.7044121314824888,10,1,30,25,116,"[2960, 4523]",COMPLETE
5824,5824,0.23394818646871438,2.601332902908325,2021-06-19 18:40:33.234826,2021-06-19 18:40:35.843413,0 days 00:00:02.608587,20,0.775837870117549,9,1,30,28,116,"[3566, 4523]",COMPLETE
5825,5825,0.2924120186067984,3.790113687515259,2021-06-19 18:40:35.846902,2021-06-19 18:40:39.644231,0 days 00:00:03.797329,40,0.7044121314824888,3,1,24,25,116,"[3760, 5379]",COMPLETE
5826,5826,0.22798641107116033,2.754643440246582,2021-06-19 18:40:39.647681,2021-06-19 18:40:42.410165,0 days 00:00:02.762484,20,0.7044121314824888,10,1,30,25,116,"[1218, 3760]",COMPLETE
5827,5827,0.23146320861348402,2.6251707077026367,2021-06-19 18:40:42.413790,2021-06-19 18:40:45.046275,0 days 00:00:02.632485,20,0.7044121314824888,10,1,30,27,116,"[1205, 4523]",COMPLETE
5828,5828,0.23295297264355302,2.645036220550537,2021-06-19 18:40:45.049710,2021-06-19 18:40:47.701842,0 days 00:00:02.652132,20,0.7492482924832433,10,9,26,22,116,"[745, 3256]",COMPLETE
5829,5829,0.291259283554852,3.891258716583252,2021-06-19 18:40:47.705343,2021-06-19 18:40:51.603664,0 days 00:00:03.898321,20,0.7044121314824888,3,1,30,25,116,"[4236, 4236]",COMPLETE
5830,5830,0.23721808218246768,2.659571647644043,2021-06-19 18:40:51.606727,2021-06-19 18:40:54.273482,0 days 00:00:02.666755,10,0.7044121314824888,10,16,30,24,116,"[1159, 1389]",COMPLETE
5831,5831,0.25815690338670144,2.9347827434539795,2021-06-19 18:40:54.277112,2021-06-19 18:40:57.219445,0 days 00:00:02.942333,20,0.8047024443354969,6,1,30,25,116,"[880, 2229]",COMPLETE
5832,5832,0.23164756606250095,2.739973545074463,2021-06-19 18:40:57.222782,2021-06-19 18:40:59.969782,0 days 00:00:02.747000,20,0.7492482924832433,10,1,30,25,116,"[900, 4236]",COMPLETE
5833,5833,0.2422889772216505,2.661667585372925,2021-06-19 18:40:59.973021,2021-06-19 18:41:02.649169,0 days 00:00:02.676148,10,0.775837870117549,10,1,8,25,116,"[316, 4331]",COMPLETE
5834,5834,0.2534057681231818,2.8153069019317627,2021-06-19 18:41:02.652518,2021-06-19 18:41:05.475226,0 days 00:00:02.822708,20,0.775837870117549,7,1,30,25,116,"[1389, 4879]",COMPLETE
5835,5835,inf,inf,2021-06-19 18:41:05.478475,2021-06-19 18:41:06.338900,0 days 00:00:00.860425,20,0.4969745719833286,2,1,30,5,116,"[2465, 5336]",COMPLETE
5836,5836,0.3111901988674186,3.16121506690979,2021-06-19 18:41:06.345822,2021-06-19 18:41:09.527685,0 days 00:00:03.181863,20,0.7492482924832433,5,1,5,7,116,"[4236, 900]",COMPLETE
5837,5837,0.24100469197693675,2.7619242668151855,2021-06-19 18:41:09.531175,2021-06-19 18:41:12.300482,0 days 00:00:02.769307,20,0.9494538290380261,10,1,8,25,116,"[316, 3100]",COMPLETE
5838,5838,0.30164916537480374,4.471328496932983,2021-06-19 18:41:12.303887,2021-06-19 18:41:16.782408,0 days 00:00:04.478521,10,0.7492482924832433,2,1,30,26,116,"[880, 2465]",COMPLETE
5839,5839,0.24128925933295592,2.597155809402466,2021-06-19 18:41:16.785865,2021-06-19 18:41:19.390257,0 days 00:00:02.604392,20,0.8122728786361586,10,1,2,25,116,"[3100, 1205]",COMPLETE
5840,5840,0.26096133305985075,2.948913812637329,2021-06-19 18:41:19.393777,2021-06-19 18:41:22.350122,0 days 00:00:02.956345,20,0.7044121314824888,6,9,30,25,116,"[4781, 1244]",COMPLETE
5841,5841,0.26343599262927986,3.168116331100464,2021-06-19 18:41:22.353478,2021-06-19 18:41:25.528961,0 days 00:00:03.175483,50,0.775837870117549,6,1,0,25,116,"[5705, 3082]",COMPLETE
5842,5842,0.23667497167101387,2.5201096534729004,2021-06-19 18:41:25.532448,2021-06-19 18:41:28.059705,0 days 00:00:02.527257,10,0.7492482924832433,10,1,30,25,116,"[1389, 1028]",COMPLETE
5843,5843,0.2900998170872457,2.8053793907165527,2021-06-19 18:41:28.063158,2021-06-19 18:41:30.875822,0 days 00:00:02.812664,20,0.7044121314824888,10,9,30,11,116,"[4523, 1218]",COMPLETE
5844,5844,0.3319478433638297,3.1182358264923096,2021-06-19 18:41:30.878793,2021-06-19 18:41:34.004059,0 days 00:00:03.125266,20,0.7044121314824888,5,1,30,1,116,"[3195, 3195]",COMPLETE
5845,5845,0.23696139216157155,2.8164944648742676,2021-06-19 18:41:34.007087,2021-06-19 18:41:36.830762,0 days 00:00:02.823675,0,0.8047024443354969,10,15,24,25,116,"[2762, 2063]",COMPLETE
5846,5846,0.24073116881221246,2.744112730026245,2021-06-19 18:41:36.833852,2021-06-19 18:41:39.585218,0 days 00:00:02.751366,20,0.7492482924832433,10,1,9,25,116,"[5336, 745]",COMPLETE
5847,5847,0.23255453518584815,2.58003830909729,2021-06-19 18:41:39.588430,2021-06-19 18:41:42.176190,0 days 00:00:02.587760,20,0.7044121314824888,10,1,30,26,116,"[411, 1159]",COMPLETE
5848,5848,0.3127133657763364,2.7819936275482178,2021-06-19 18:41:42.179623,2021-06-19 18:41:44.968749,0 days 00:00:02.789126,20,0.7044121314824888,10,1,30,1,116,"[2465, 2465]",COMPLETE
5849,5849,0.23104643945331843,2.7086586952209473,2021-06-19 18:41:44.972073,2021-06-19 18:41:47.687847,0 days 00:00:02.715774,20,0.7100511651342796,10,15,30,25,116,"[2762, 2762]",COMPLETE
5850,5850,0.2355537058273144,2.626525640487671,2021-06-19 18:41:47.691383,2021-06-19 18:41:50.373153,0 days 00:00:02.681770,10,0.7044121314824888,10,9,30,25,117,"[2659, 1028]",COMPLETE
5851,5851,0.29690105954433293,3.897723436355591,2021-06-19 18:41:50.376506,2021-06-19 18:41:54.281432,0 days 00:00:03.904926,10,0.775837870117549,3,1,30,26,117,"[1389, 1974]",COMPLETE
5852,5852,0.227684725094329,2.5624067783355713,2021-06-19 18:41:54.284766,2021-06-19 18:41:56.854300,0 days 00:00:02.569534,20,0.775837870117549,10,1,30,25,117,"[5654, 5145]",COMPLETE
5853,5853,0.22861725644510253,2.5155625343322754,2021-06-19 18:41:56.857763,2021-06-19 18:41:59.380464,0 days 00:00:02.522701,20,0.775837870117549,10,1,30,25,117,"[5654, 3100]",COMPLETE
5854,5854,0.22845413151187735,2.7556114196777344,2021-06-19 18:41:59.383877,2021-06-19 18:42:02.146554,0 days 00:00:02.762677,20,0.775837870117549,10,1,30,26,117,"[5336, 5654]",COMPLETE
5855,5855,0.31164366582386777,5.498429298400879,2021-06-19 18:42:02.149854,2021-06-19 18:42:07.655488,0 days 00:00:05.505634,20,0.775837870117549,1,1,30,25,117,"[4523, 3082]",COMPLETE
5856,5856,0.23215174320687865,2.786815881729126,2021-06-19 18:42:07.658742,2021-06-19 18:42:10.453079,0 days 00:00:02.794337,70,0.775837870117549,9,13,30,26,117,"[4331, 1028]",COMPLETE
5857,5857,0.256449284618498,2.7807135581970215,2021-06-19 18:42:10.456613,2021-06-19 18:42:13.244565,0 days 00:00:02.787952,10,0.7492482924832433,10,1,9,17,117,"[745, 745]",COMPLETE
5858,5858,0.22939956430740005,2.5792040824890137,2021-06-19 18:42:13.247818,2021-06-19 18:42:15.833875,0 days 00:00:02.586057,20,0.7044121314824888,10,1,24,26,117,"[2209, 2209]",COMPLETE
5859,5859,0.23869256755314172,2.625375986099243,2021-06-19 18:42:15.837418,2021-06-19 18:42:18.470127,0 days 00:00:02.632709,20,0.7492482924832433,10,1,13,25,117,"[3760, 2078]",COMPLETE
5860,5860,0.2306108892109783,2.7596592903137207,2021-06-19 18:42:18.473852,2021-06-19 18:42:21.241426,0 days 00:00:02.767574,20,0.7044121314824888,10,1,30,25,117,"[3100, 1006]",COMPLETE
5861,5861,0.23473287459789502,2.5943963527679443,2021-06-19 18:42:21.244903,2021-06-19 18:42:23.846571,0 days 00:00:02.601668,20,0.7044121314824888,10,1,30,22,117,"[745, 3483]",COMPLETE
5862,5862,0.2309035087107519,2.567054033279419,2021-06-19 18:42:23.849881,2021-06-19 18:42:26.424235,0 days 00:00:02.574354,20,0.6415492259649922,10,1,22,26,117,"[849, 900]",COMPLETE
5863,5863,0.22760121844311176,2.7290563583374023,2021-06-19 18:42:26.427795,2021-06-19 18:42:29.164107,0 days 00:00:02.736312,20,0.775837870117549,10,1,30,25,117,"[4879, 5145]",COMPLETE
5864,5864,0.22899096245556172,2.661036729812622,2021-06-19 18:42:29.167627,2021-06-19 18:42:31.836254,0 days 00:00:02.668627,20,0.7044121314824888,10,7,30,25,117,"[3260, 4781]",COMPLETE
5865,5865,0.2362035341081693,2.798055648803711,2021-06-19 18:42:31.839949,2021-06-19 18:42:34.646058,0 days 00:00:02.806109,30,0.7044121314824888,10,9,12,26,117,"[2963, 3566]",COMPLETE
5866,5866,0.22971149251811615,2.721061944961548,2021-06-19 18:42:34.649464,2021-06-19 18:42:37.377771,0 days 00:00:02.728307,90,0.775837870117549,10,15,24,25,117,"[2063, 3760]",COMPLETE
