,number,values_0,values_1,datetime_start,datetime_complete,duration,params_checks,params_n_ratio,params_nskip,params_trees,params_w1,params_w2,system_attrs_nsga2:generation,system_attrs_nsga2:parents,state
7643,7643,0.23031906064175314,2.54553484916687,2021-06-19 20:23:42.883673,2021-06-19 20:23:45.438300,0 days 00:00:02.554627,20,0.775837870117549,10,1,30,25,152,"[5145, 4236]",COMPLETE
7644,7644,0.2296044471128864,2.579864025115967,2021-06-19 20:23:45.442398,2021-06-19 20:23:48.031535,0 days 00:00:02.589137,20,0.7821815045615725,10,1,30,25,152,"[6763, 2078]",COMPLETE
7645,7645,0.2294505495734291,2.769803762435913,2021-06-19 20:23:48.035721,2021-06-19 20:23:50.814619,0 days 00:00:02.778898,20,0.775837870117549,10,1,24,26,152,"[2209, 5852]",COMPLETE
7646,7646,0.22893753247238618,2.6616055965423584,2021-06-19 20:23:50.818637,2021-06-19 20:23:53.489386,0 days 00:00:02.670749,40,0.7492482924832433,10,1,23,26,152,"[2078, 3260]",COMPLETE
7647,7647,0.23121840289536774,2.5753424167633057,2021-06-19 20:23:53.493620,2021-06-19 20:23:56.078002,0 days 00:00:02.584382,10,0.7492482924832433,10,1,30,25,152,"[1028, 1735]",COMPLETE
7648,7648,0.2344686171328705,2.740164279937744,2021-06-19 20:23:56.082363,2021-06-19 20:23:58.831598,0 days 00:00:02.749235,20,0.7044121314824888,10,1,30,25,152,"[3566, 1244]",COMPLETE
7649,7649,0.26017652393955193,2.919133186340332,2021-06-19 20:23:58.835639,2021-06-19 20:24:01.763914,0 days 00:00:02.928275,20,0.7044121314824888,6,1,30,25,152,"[7430, 4236]",COMPLETE
7650,7650,0.23023360937960183,2.5928170680999756,2021-06-19 20:24:01.768199,2021-06-19 20:24:04.422811,0 days 00:00:02.654612,20,0.7044121314824888,10,1,30,25,153,"[6835, 1929]",COMPLETE
7651,7651,0.23225073083955397,2.7534515857696533,2021-06-19 20:24:04.426995,2021-06-19 20:24:07.189949,0 days 00:00:02.762954,20,0.7044121314824888,10,1,19,25,153,"[1244, 4781]",COMPLETE
7652,7652,0.2383413368700739,2.5875535011291504,2021-06-19 20:24:07.194081,2021-06-19 20:24:09.790895,0 days 00:00:02.596814,40,0.7222538456196967,10,1,10,25,153,"[1244, 3760]",COMPLETE
7653,7653,0.2321940721738472,2.5638835430145264,2021-06-19 20:24:09.795181,2021-06-19 20:24:12.368305,0 days 00:00:02.573124,20,0.775837870117549,10,1,19,25,153,"[7519, 3082]",COMPLETE
7654,7654,0.23294945207626197,2.5670528411865234,2021-06-19 20:24:12.372701,2021-06-19 20:24:14.949171,0 days 00:00:02.576470,20,0.8304659761448474,10,1,26,25,153,"[411, 3100]",COMPLETE
7655,7655,0.2458456312338713,2.9152255058288574,2021-06-19 20:24:14.953373,2021-06-19 20:24:17.878089,0 days 00:00:02.924716,60,0.775837870117549,8,1,26,25,153,"[3256, 5145]",COMPLETE
7656,7656,0.23384101136650245,2.568303346633911,2021-06-19 20:24:17.882271,2021-06-19 20:24:20.459633,0 days 00:00:02.577362,40,0.775837870117549,10,1,30,26,153,"[6751, 3082]",COMPLETE
7657,7657,0.2993784256814982,2.7948033809661865,2021-06-19 20:24:20.463675,2021-06-19 20:24:23.267733,0 days 00:00:02.804058,20,0.7044121314824888,10,1,30,3,153,"[1159, 7430]",COMPLETE
7658,7658,0.23039521101678342,2.5722427368164062,2021-06-19 20:24:23.271839,2021-06-19 20:24:25.853340,0 days 00:00:02.581501,50,0.7492482924832433,10,1,30,26,153,"[6763, 6592]",COMPLETE
7659,7659,0.23302690471141313,2.546069622039795,2021-06-19 20:24:25.857630,2021-06-19 20:24:28.412839,0 days 00:00:02.555209,20,0.7044121314824888,10,1,30,26,153,"[5654, 1929]",COMPLETE
7660,7660,0.23034153605579538,2.7207860946655273,2021-06-19 20:24:28.417060,2021-06-19 20:24:31.146932,0 days 00:00:02.729872,20,0.775837870117549,10,1,30,25,153,"[5641, 6592]",COMPLETE
7661,7661,0.23177034033617894,2.551854133605957,2021-06-19 20:24:31.151006,2021-06-19 20:24:33.711943,0 days 00:00:02.560937,20,0.7492482924832433,10,1,30,26,153,"[3566, 1735]",COMPLETE
7662,7662,0.2562757527338072,2.945186138153076,2021-06-19 20:24:33.716197,2021-06-19 20:24:36.670803,0 days 00:00:02.954606,20,0.775837870117549,7,12,24,25,153,"[900, 5853]",COMPLETE
7663,7663,0.23697966642422985,2.789222478866577,2021-06-19 20:24:36.675597,2021-06-19 20:24:39.474452,0 days 00:00:02.798855,20,0.7044121314824888,10,1,30,25,153,"[5495, 4419]",COMPLETE
7664,7664,0.22996415075989682,2.559666872024536,2021-06-19 20:24:39.478595,2021-06-19 20:24:42.047364,0 days 00:00:02.568769,20,0.775837870117549,10,1,26,26,153,"[411, 4331]",COMPLETE
7665,7665,0.23084676983434257,2.5875256061553955,2021-06-19 20:24:42.051662,2021-06-19 20:24:44.648617,0 days 00:00:02.596955,100,0.7482527599088844,10,1,24,25,153,"[900, 4236]",COMPLETE
7666,7666,0.22906129620919213,2.769200325012207,2021-06-19 20:24:44.652897,2021-06-19 20:24:47.431159,0 days 00:00:02.778262,30,0.7492482924832433,10,1,30,25,153,"[6763, 6763]",COMPLETE
7667,7667,0.22833201031342065,2.5704543590545654,2021-06-19 20:24:47.435008,2021-06-19 20:24:50.015474,0 days 00:00:02.580466,20,0.775837870117549,10,1,30,24,153,"[5654, 3100]",COMPLETE
7668,7668,0.228912979123796,2.642688751220703,2021-06-19 20:24:50.019787,2021-06-19 20:24:52.672232,0 days 00:00:02.652445,40,0.9024224681377417,10,7,30,25,153,"[4419, 5654]",COMPLETE
7669,7669,0.254093715097308,3.004054069519043,2021-06-19 20:24:52.676474,2021-06-19 20:24:55.689809,0 days 00:00:03.013335,20,0.775837870117549,7,1,30,25,153,"[5853, 4879]",COMPLETE
7670,7670,0.26059904137142703,2.9171578884124756,2021-06-19 20:24:55.693850,2021-06-19 20:24:58.620246,0 days 00:00:02.926396,20,0.775837870117549,6,1,30,25,153,"[6854, 2991]",COMPLETE
7671,7671,0.22934253164418222,2.579474449157715,2021-06-19 20:24:58.624496,2021-06-19 20:25:01.213283,0 days 00:00:02.588787,20,0.8047024443354969,10,1,26,25,153,"[5145, 6219]",COMPLETE
7672,7672,0.24399586741790213,2.8231489658355713,2021-06-19 20:25:01.217749,2021-06-19 20:25:04.051167,0 days 00:00:02.833418,100,0.775837870117549,10,1,3,26,153,"[6751, 5145]",COMPLETE
7673,7673,0.22920443380706756,2.558943033218384,2021-06-19 20:25:04.055287,2021-06-19 20:25:06.623781,0 days 00:00:02.568494,20,0.7044121314824888,10,1,30,25,153,"[4236, 6219]",COMPLETE
7674,7674,0.2723606984080137,2.7908775806427,2021-06-19 20:25:06.628034,2021-06-19 20:25:09.428227,0 days 00:00:02.800193,20,0.7044121314824888,7,1,30,11,153,"[2078, 3100]",COMPLETE
7675,7675,0.2413853881371694,2.8108971118927,2021-06-19 20:25:09.432417,2021-06-19 20:25:12.252687,0 days 00:00:02.820270,40,0.6862893556390672,10,11,3,26,153,"[6751, 4331]",COMPLETE
7676,7676,0.2301218252882749,2.5650486946105957,2021-06-19 20:25:12.256775,2021-06-19 20:25:14.831000,0 days 00:00:02.574225,40,0.775837870117549,10,1,25,26,153,"[4419, 6592]",COMPLETE
7677,7677,0.23253534208730553,2.5501973628997803,2021-06-19 20:25:14.834813,2021-06-19 20:25:17.394109,0 days 00:00:02.559296,20,0.775837870117549,10,1,30,25,153,"[5641, 3760]",COMPLETE
7678,7678,0.23027682255088688,2.8074681758880615,2021-06-19 20:25:17.397928,2021-06-19 20:25:20.214575,0 days 00:00:02.816647,40,0.775837870117549,10,9,30,26,153,"[411, 3566]",COMPLETE
7679,7679,0.23477559521896293,2.572528839111328,2021-06-19 20:25:20.218268,2021-06-19 20:25:22.799744,0 days 00:00:02.581476,20,0.7492482924832433,10,1,30,25,153,"[7005, 1028]",COMPLETE
7680,7680,0.36407410534677054,2.577979564666748,2021-06-19 20:25:22.803966,2021-06-19 20:25:25.391651,0 days 00:00:02.587685,20,0.6517317830612288,10,1,26,1,153,"[411, 900]",COMPLETE
7681,7681,0.22922687282054244,2.7411303520202637,2021-06-19 20:25:25.395882,2021-06-19 20:25:28.146097,0 days 00:00:02.750215,20,0.775837870117549,10,1,24,25,153,"[5853, 900]",COMPLETE
7682,7682,0.23473499383508986,2.568099021911621,2021-06-19 20:25:28.149770,2021-06-19 20:25:30.727160,0 days 00:00:02.577390,20,0.7492482924832433,10,2,10,25,153,"[4236, 1028]",COMPLETE
7683,7683,0.23160288585613026,2.6110923290252686,2021-06-19 20:25:30.731367,2021-06-19 20:25:33.351726,0 days 00:00:02.620359,20,0.8047024443354969,10,1,24,25,153,"[2063, 6751]",COMPLETE
7684,7684,0.2333399791852399,2.773303747177124,2021-06-19 20:25:33.355942,2021-06-19 20:25:36.138358,0 days 00:00:02.782416,20,0.7044121314824888,10,1,30,25,153,"[4236, 2963]",COMPLETE
7685,7685,0.23701836292907938,2.556598424911499,2021-06-19 20:25:36.142409,2021-06-19 20:25:38.708211,0 days 00:00:02.565802,10,0.603627004462215,10,1,8,25,153,"[6592, 316]",COMPLETE
7686,7686,0.2729423680213654,3.096877336502075,2021-06-19 20:25:38.712409,2021-06-19 20:25:41.818538,0 days 00:00:03.106129,20,0.7044121314824888,5,1,24,26,153,"[3195, 2209]",COMPLETE
7687,7687,0.2342913570959934,2.8151321411132812,2021-06-19 20:25:41.822846,2021-06-19 20:25:44.647380,0 days 00:00:02.824534,10,0.775837870117549,9,1,28,25,153,"[5853, 880]",COMPLETE
7688,7688,0.26509622133315924,2.91656756401062,2021-06-19 20:25:44.651355,2021-06-19 20:25:47.577171,0 days 00:00:02.925816,20,0.7044121314824888,6,1,30,26,153,"[5495, 5654]",COMPLETE
7689,7689,0.237206775216354,2.5829479694366455,2021-06-19 20:25:47.581042,2021-06-19 20:25:50.173121,0 days 00:00:02.592079,20,0.7044121314824888,10,1,30,25,153,"[4781, 2209]",COMPLETE
7690,7690,0.23156085859584652,2.8304834365844727,2021-06-19 20:25:50.177407,2021-06-19 20:25:53.017013,0 days 00:00:02.839606,20,0.7044121314824888,10,9,30,26,153,"[1244, 7005]",COMPLETE
7691,7691,0.2337213152823155,2.6672332286834717,2021-06-19 20:25:53.021383,2021-06-19 20:25:55.698011,0 days 00:00:02.676628,20,0.914819166984792,10,1,30,25,153,"[1929, 4331]",COMPLETE
7692,7692,0.2524327880322385,2.762943744659424,2021-06-19 20:25:55.702258,2021-06-19 20:25:58.474566,0 days 00:00:02.772308,20,0.8047024443354969,7,1,30,25,153,"[6219, 3100]",COMPLETE
7693,7693,0.23313124626046416,2.7597217559814453,2021-06-19 20:25:58.478611,2021-06-19 20:26:01.247485,0 days 00:00:02.768874,20,0.7492482924832433,10,1,24,26,153,"[900, 2209]",COMPLETE
7694,7694,0.2300097134541652,2.651691436767578,2021-06-19 20:26:01.251692,2021-06-19 20:26:03.912584,0 days 00:00:02.660892,20,0.7492482924832433,10,15,30,25,153,"[3260, 1389]",COMPLETE
7695,7695,0.2843694575844888,3.0301899909973145,2021-06-19 20:26:03.916444,2021-06-19 20:26:06.956187,0 days 00:00:03.039743,80,0.7044121314824888,6,1,30,14,153,"[5495, 6763]",COMPLETE
7696,7696,0.24143462321702,2.7740776538848877,2021-06-19 20:26:06.960192,2021-06-19 20:26:09.744420,0 days 00:00:02.784228,20,0.7492482924832433,10,1,30,21,153,"[2078, 6968]",COMPLETE
7697,7697,0.23042262558318094,2.609656810760498,2021-06-19 20:26:09.748177,2021-06-19 20:26:12.367001,0 days 00:00:02.618824,40,0.775837870117549,10,1,30,26,153,"[7005, 5654]",COMPLETE
7698,7698,0.22709951127306674,2.6622140407562256,2021-06-19 20:26:12.371251,2021-06-19 20:26:15.042803,0 days 00:00:02.671552,20,0.7044121314824888,10,9,29,25,153,"[4236, 5641]",COMPLETE
7699,7699,0.23626114427026323,2.7389228343963623,2021-06-19 20:26:15.047032,2021-06-19 20:26:17.795301,0 days 00:00:02.748269,20,0.7044121314824888,10,1,30,25,153,"[3260, 1244]",COMPLETE
7700,7700,0.2311301933238395,2.565221071243286,2021-06-19 20:26:17.799304,2021-06-19 20:27:33.413236,0 days 00:01:15.613932,20,0.775837870117549,10,1,30,25,154,"[3566, 5853]",COMPLETE
7701,7701,0.22969774880147903,2.613748550415039,2021-06-19 20:27:33.420804,2021-06-19 20:27:36.044515,0 days 00:00:02.623711,20,0.7044121314824888,10,10,30,25,154,"[7631, 6684]",COMPLETE
7702,7702,0.23070302207767276,2.8057541847229004,2021-06-19 20:27:36.048613,2021-06-19 20:27:38.863576,0 days 00:00:02.814963,20,0.7044121314824888,10,9,26,26,154,"[3256, 3256]",COMPLETE
7703,7703,0.22907844744156558,2.6216039657592773,2021-06-19 20:27:38.867647,2021-06-19 20:27:41.498588,0 days 00:00:02.630941,20,0.775837870117549,10,1,30,26,154,"[6351, 6351]",COMPLETE
7704,7704,0.30649598867763994,2.7632720470428467,2021-06-19 20:27:41.502854,2021-06-19 20:27:44.275217,0 days 00:00:02.772363,20,0.775837870117549,10,1,30,2,154,"[2991, 2991]",COMPLETE
7705,7705,0.22754246992860744,2.5968410968780518,2021-06-19 20:27:44.279468,2021-06-19 20:27:46.885678,0 days 00:00:02.606210,20,0.775837870117549,10,1,26,25,154,"[1028, 2991]",COMPLETE
7706,7706,0.2849506847211208,2.5549888610839844,2021-06-19 20:27:46.889950,2021-06-19 20:27:49.454270,0 days 00:00:02.564320,20,0.775837870117549,10,1,30,6,154,"[7631, 3566]",COMPLETE
7707,7707,0.229548608663183,2.7586002349853516,2021-06-19 20:27:49.458434,2021-06-19 20:27:52.226490,0 days 00:00:02.768056,20,0.775837870117549,10,1,30,25,154,"[3760, 7631]",COMPLETE
7708,7708,0.2545268688974954,2.787872076034546,2021-06-19 20:27:52.230418,2021-06-19 20:27:55.027669,0 days 00:00:02.797251,10,0.6985250297038966,7,1,3,26,154,"[5379, 1389]",COMPLETE
7709,7709,0.23051011320641124,2.5656931400299072,2021-06-19 20:27:55.032034,2021-06-19 20:27:57.606969,0 days 00:00:02.574935,20,0.7044121314824888,10,1,24,26,154,"[3256, 2209]",COMPLETE
7710,7710,0.3238849184716993,2.811370372772217,2021-06-19 20:27:57.611117,2021-06-19 20:28:00.431941,0 days 00:00:02.820824,20,0.6816456083029948,10,1,30,2,154,"[1929, 1735]",COMPLETE
7711,7711,0.22905086007033174,2.6623764038085938,2021-06-19 20:28:00.436006,2021-06-19 20:28:03.107850,0 days 00:00:02.671844,20,0.775837870117549,10,16,30,23,154,"[849, 6351]",COMPLETE
7712,7712,0.23288973673497326,2.5868101119995117,2021-06-19 20:28:03.112404,2021-06-19 20:28:05.709339,0 days 00:00:02.596935,20,0.7492482924832433,10,1,24,26,154,"[900, 900]",COMPLETE
7713,7713,0.23688688788266296,2.7697534561157227,2021-06-19 20:28:05.713659,2021-06-19 20:28:08.492915,0 days 00:00:02.779256,20,0.7492482924832433,10,1,24,29,154,"[2991, 900]",COMPLETE
7714,7714,0.2302794917435136,2.611264944076538,2021-06-19 20:28:08.497084,2021-06-19 20:28:11.117775,0 days 00:00:02.620691,40,0.7044121314824888,10,5,30,28,154,"[4331, 5379]",COMPLETE
7715,7715,0.2531619248978456,2.8704159259796143,2021-06-19 20:28:11.122105,2021-06-19 20:28:14.001931,0 days 00:00:02.879826,20,0.775837870117549,7,7,30,25,154,"[4879, 7631]",COMPLETE
7716,7716,0.23576230342268603,2.7468373775482178,2021-06-19 20:28:14.006224,2021-06-19 20:28:16.762245,0 days 00:00:02.756021,20,0.7492482924832433,10,1,30,25,154,"[3566, 6763]",COMPLETE
7717,7717,0.23534288961829408,2.573596477508545,2021-06-19 20:28:16.766391,2021-06-19 20:28:19.349373,0 days 00:00:02.582982,20,0.775837870117549,10,2,13,25,154,"[6968, 7631]",COMPLETE
7718,7718,inf,inf,2021-06-19 20:28:19.353675,2021-06-19 20:28:19.738109,0 days 00:00:00.384434,90,0.4872328161542643,10,3,30,25,154,"[7029, 1735]",COMPLETE
7719,7719,0.23320191229169843,2.554398775100708,2021-06-19 20:28:19.755185,2021-06-19 20:28:22.334936,0 days 00:00:02.579751,50,0.6750549034236777,10,1,30,25,154,"[1389, 5852]",COMPLETE
7720,7720,0.23067346933861366,2.8183491230010986,2021-06-19 20:28:22.339153,2021-06-19 20:28:25.166660,0 days 00:00:02.827507,20,0.7044121314824888,10,9,26,26,154,"[3256, 3256]",COMPLETE
7721,7721,0.3391011209567102,2.559683322906494,2021-06-19 20:28:25.170771,2021-06-19 20:28:27.739793,0 days 00:00:02.569022,30,0.7044121314824888,10,1,30,0,154,"[3195, 5379]",COMPLETE
7722,7722,0.22935563672686113,2.570017099380493,2021-06-19 20:28:27.744044,2021-06-19 20:28:30.323389,0 days 00:00:02.579345,20,0.775837870117549,10,1,30,25,154,"[3100, 4331]",COMPLETE
7723,7723,0.23459910348001883,2.829688787460327,2021-06-19 20:28:30.327689,2021-06-19 20:28:33.166673,0 days 00:00:02.838984,20,0.7044121314824888,10,9,30,26,154,"[4879, 3256]",COMPLETE
7724,7724,0.2999048929150498,5.548261880874634,2021-06-19 20:28:33.170834,2021-06-19 20:28:38.728804,0 days 00:00:05.557970,30,0.8047024443354969,1,1,3,25,154,"[2063, 7029]",COMPLETE
7725,7725,0.22999137405630624,2.5717251300811768,2021-06-19 20:28:38.733246,2021-06-19 20:28:41.315064,0 days 00:00:02.581818,20,0.8047024443354969,10,1,24,25,154,"[2063, 6763]",COMPLETE
7726,7726,0.24281311910001646,2.7233757972717285,2021-06-19 20:28:41.320105,2021-06-19 20:28:44.059868,0 days 00:00:02.739763,10,0.7044121314824888,10,1,1,25,154,"[3256, 316]",COMPLETE
7727,7727,0.22858263534730702,2.5579373836517334,2021-06-19 20:28:44.064143,2021-06-19 20:28:46.631253,0 days 00:00:02.567110,20,0.775837870117549,10,1,30,25,154,"[7631, 5145]",COMPLETE
7728,7728,0.23318735358810389,2.655174493789673,2021-06-19 20:28:46.635472,2021-06-19 20:28:49.299966,0 days 00:00:02.664494,10,0.8747546823735866,10,13,30,25,154,"[880, 880]",COMPLETE
7729,7729,0.22781385666575452,2.747098445892334,2021-06-19 20:28:49.304204,2021-06-19 20:28:52.060570,0 days 00:00:02.756366,20,0.775837870117549,10,1,30,25,154,"[6592, 6351]",COMPLETE
7730,7730,0.2302226397672988,2.6325252056121826,2021-06-19 20:28:52.064898,2021-06-19 20:28:54.706826,0 days 00:00:02.641928,20,0.775837870117549,10,1,24,26,154,"[2209, 6968]",COMPLETE
7731,7731,0.23392081720927285,2.551621437072754,2021-06-19 20:28:54.711013,2021-06-19 20:28:57.272166,0 days 00:00:02.561153,20,0.6415492259649922,10,1,22,23,154,"[2078, 849]",COMPLETE
7732,7732,0.2304761415961885,2.830728530883789,2021-06-19 20:28:57.276488,2021-06-19 20:29:00.116385,0 days 00:00:02.839897,20,0.7044121314824888,10,9,26,26,154,"[3256, 3566]",COMPLETE
7733,7733,inf,inf,2021-06-19 20:29:00.120698,2021-06-19 20:29:00.568135,0 days 00:00:00.447437,70,0.6057719923391645,10,1,30,24,154,"[1159, 1028]",COMPLETE
7734,7734,0.22791787211079625,2.6229162216186523,2021-06-19 20:29:00.574640,2021-06-19 20:29:03.240480,0 days 00:00:02.665840,20,0.775837870117549,10,1,30,26,154,"[6835, 6835]",COMPLETE
7735,7735,0.2267347402873818,2.5640652179718018,2021-06-19 20:29:03.244839,2021-06-19 20:29:05.818503,0 days 00:00:02.573664,20,0.775837870117549,10,1,30,24,154,"[1929, 5853]",COMPLETE
7736,7736,0.23756175538043484,2.8870742321014404,2021-06-19 20:29:05.822791,2021-06-19 20:29:08.719494,0 days 00:00:02.896703,20,0.9323800578632344,10,1,15,25,154,"[4879, 6968]",COMPLETE
7737,7737,0.3222985759004386,5.459519386291504,2021-06-19 20:29:08.723820,2021-06-19 20:29:14.192798,0 days 00:00:05.468978,10,0.7492482924832433,1,1,30,16,154,"[880, 5145]",COMPLETE
7738,7738,0.25141330456278227,2.853736400604248,2021-06-19 20:29:14.196742,2021-06-19 20:29:17.060001,0 days 00:00:02.863259,70,0.8047024443354969,10,15,22,19,154,"[6219, 849]",COMPLETE
7739,7739,0.23493634293263518,2.6922576427459717,2021-06-19 20:29:17.063703,2021-06-19 20:29:19.765298,0 days 00:00:02.701595,30,0.9253391208328929,10,9,24,26,154,"[4419, 2963]",COMPLETE
7740,7740,0.31795147509016136,3.0945098400115967,2021-06-19 20:29:19.769437,2021-06-19 20:29:22.873575,0 days 00:00:03.104138,20,0.775837870117549,5,1,5,5,154,"[7631, 1389]",COMPLETE
7741,7741,0.27286284873645555,2.7749922275543213,2021-06-19 20:29:22.878007,2021-06-19 20:29:25.662706,0 days 00:00:02.784699,20,0.775837870117549,10,1,30,10,154,"[5852, 3566]",COMPLETE
7742,7742,0.282611874867229,3.3243305683135986,2021-06-19 20:29:25.667079,2021-06-19 20:29:29.001520,0 days 00:00:03.334441,10,0.7492482924832433,4,1,30,26,154,"[880, 4331]",COMPLETE
7743,7743,0.23012547590685675,2.5804169178009033,2021-06-19 20:29:29.005404,2021-06-19 20:29:31.595053,0 days 00:00:02.589649,60,0.775837870117549,10,1,30,26,154,"[2063, 6351]",COMPLETE
7744,7744,0.23043459587527912,2.8098011016845703,2021-06-19 20:29:31.599259,2021-06-19 20:29:34.418626,0 days 00:00:02.819367,20,0.775837870117549,10,5,30,25,154,"[3082, 3082]",COMPLETE
7745,7745,0.2790967281678569,2.552133798599243,2021-06-19 20:29:34.422716,2021-06-19 20:29:36.984129,0 days 00:00:02.561413,10,0.7492482924832433,10,1,22,5,154,"[1028, 849]",COMPLETE
7746,7746,0.23130303397701202,2.570279836654663,2021-06-19 20:29:36.988353,2021-06-19 20:29:39.568037,0 days 00:00:02.579684,20,0.8047024443354969,10,1,24,25,154,"[3082, 2063]",COMPLETE
7747,7747,0.2270285235177687,2.7556521892547607,2021-06-19 20:29:39.572414,2021-06-19 20:29:42.337383,0 days 00:00:02.764969,20,0.7044121314824888,10,3,26,25,154,"[4419, 411]",COMPLETE
7748,7748,0.23560791933856648,2.553917646408081,2021-06-19 20:29:42.341623,2021-06-19 20:29:44.904715,0 days 00:00:02.563092,10,0.7044121314824888,10,1,30,25,154,"[1389, 3195]",COMPLETE
7749,7749,0.23296872878627978,2.583711624145508,2021-06-19 20:29:44.908955,2021-06-19 20:29:47.501840,0 days 00:00:02.592885,20,0.775837870117549,10,1,30,26,154,"[7005, 7029]",COMPLETE
7750,7750,0.2274581442616749,2.843027114868164,2021-06-19 20:29:47.505955,2021-06-19 20:29:50.418486,0 days 00:00:02.912531,20,0.7051186993022018,10,15,30,25,155,"[4943, 5495]",COMPLETE
7751,7751,inf,inf,2021-06-19 20:29:50.422815,2021-06-19 20:29:50.893906,0 days 00:00:00.471091,70,0.5740854817991163,10,1,30,25,155,"[3566, 1929]",COMPLETE
7752,7752,0.31127657524681984,5.516842365264893,2021-06-19 20:29:50.901124,2021-06-19 20:29:56.453779,0 days 00:00:05.552655,20,0.775837870117549,1,1,24,25,155,"[5853, 5379]",COMPLETE
7753,7753,0.29103171146370427,2.770271062850952,2021-06-19 20:29:56.457631,2021-06-19 20:29:59.237577,0 days 00:00:02.779946,20,0.6188436824141301,10,1,30,9,155,"[5852, 5853]",COMPLETE
7754,7754,inf,inf,2021-06-19 20:29:59.241906,2021-06-19 20:29:59.544455,0 days 00:00:00.302549,10,0.5218049622100993,10,1,30,23,155,"[849, 6351]",COMPLETE
7755,7755,0.23310105863948313,2.6240358352661133,2021-06-19 20:29:59.574345,2021-06-19 20:30:02.215037,0 days 00:00:02.640692,20,0.7044121314824888,10,1,30,25,155,"[3100, 3260]",COMPLETE
7756,7756,0.22979434289690392,2.6666746139526367,2021-06-19 20:30:02.219322,2021-06-19 20:30:04.895488,0 days 00:00:02.676166,20,0.7044121314824888,10,14,24,25,155,"[1929, 2209]",COMPLETE
7757,7757,0.23374696516764784,2.555589199066162,2021-06-19 20:30:04.899729,2021-06-19 20:30:07.464535,0 days 00:00:02.564806,10,0.7044121314824888,10,1,30,26,155,"[3100, 7430]",COMPLETE
7758,7758,0.2670113091230577,2.8318326473236084,2021-06-19 20:30:07.468654,2021-06-19 20:30:10.309896,0 days 00:00:02.841242,20,0.8047024443354969,10,1,30,12,155,"[6219, 411]",COMPLETE
7759,7759,0.22881627400375937,2.5966274738311768,2021-06-19 20:30:10.314225,2021-06-19 20:30:12.920241,0 days 00:00:02.606016,20,0.775837870117549,10,1,30,25,155,"[7029, 1735]",COMPLETE
7760,7760,0.2309110491621994,2.732971668243408,2021-06-19 20:30:12.924573,2021-06-19 20:30:15.666830,0 days 00:00:02.742257,10,0.7492482924832433,10,1,30,24,155,"[1389, 880]",COMPLETE
