,number,values_0,values_1,datetime_start,datetime_complete,duration,params_checks,params_n_ratio,params_nskip,params_trees,params_w1,params_w2,system_attrs_nsga2:generation,system_attrs_nsga2:parents,state
255,255,0.3258958514266925,2.8673224449157715,2021-06-19 13:26:51.914633,2021-06-19 13:26:54.783116,0 days 00:00:02.868483,10,0.725311543770375,8,9,14,3,5,"[136, 136]",COMPLETE
256,256,0.2319248105438381,2.5687386989593506,2021-06-19 13:26:54.784218,2021-06-19 13:26:57.354002,0 days 00:00:02.569784,20,0.7044121314824888,10,9,18,26,5,"[213, 213]",COMPLETE
257,257,0.23674705653702952,2.8516411781311035,2021-06-19 13:26:57.354993,2021-06-19 13:27:00.207825,0 days 00:00:02.852832,60,0.6980097073710616,9,13,22,25,5,"[26, 249]",COMPLETE
258,258,0.22806056301033822,2.6045844554901123,2021-06-19 13:27:00.208921,2021-06-19 13:27:02.814535,0 days 00:00:02.605614,20,0.7044121314824888,10,9,30,26,5,"[213, 213]",COMPLETE
259,259,0.31853729204444164,2.712200164794922,2021-06-19 13:27:02.815737,2021-06-19 13:27:05.529165,0 days 00:00:02.713428,20,0.6314256997385901,10,8,18,4,5,"[227, 244]",COMPLETE
260,260,0.31458336008127896,3.4540157318115234,2021-06-19 13:27:05.530424,2021-06-19 13:27:08.985890,0 days 00:00:03.455466,40,0.6314256997385901,4,8,20,12,5,"[236, 156]",COMPLETE
261,261,0.23264684399812588,2.713622570037842,2021-06-19 13:27:08.986842,2021-06-19 13:27:11.701687,0 days 00:00:02.714845,20,0.7815688639630782,10,2,22,26,5,"[244, 235]",COMPLETE
262,262,inf,inf,2021-06-19 13:27:11.703099,2021-06-19 13:27:11.893860,0 days 00:00:00.190761,100,0.47622952909721267,10,8,10,16,5,"[201, 245]",COMPLETE
263,263,0.3248897579449927,9.379637241363525,2021-06-19 13:27:11.895616,2021-06-19 13:27:21.277241,0 days 00:00:09.381625,10,0.7815688639630782,0,9,14,15,5,"[231, 231]",COMPLETE
264,264,0.24411024855277835,2.7296597957611084,2021-06-19 13:27:21.278500,2021-06-19 13:27:24.009212,0 days 00:00:02.730712,10,0.7492482924832433,10,12,10,20,5,"[106, 106]",COMPLETE
265,265,0.3435152418918272,2.7712631225585938,2021-06-19 13:27:24.010314,2021-06-19 13:27:26.782888,0 days 00:00:02.772574,40,0.6707151259602254,8,9,22,2,5,"[84, 195]",COMPLETE
266,266,0.23834111659710247,2.7034506797790527,2021-06-19 13:27:26.784217,2021-06-19 13:27:29.488873,0 days 00:00:02.704656,20,0.7678084037913497,10,7,8,25,5,"[216, 223]",COMPLETE
267,267,0.2519423788969085,2.657177686691284,2021-06-19 13:27:29.490001,2021-06-19 13:27:32.148150,0 days 00:00:02.658149,40,0.8344129800998359,10,7,0,29,5,"[207, 207]",COMPLETE
268,268,0.23788561033542138,2.6735453605651855,2021-06-19 13:27:32.149470,2021-06-19 13:27:34.824077,0 days 00:00:02.674607,20,0.865458317883941,10,1,9,26,5,"[185, 244]",COMPLETE
269,269,0.2742230698453302,2.6492514610290527,2021-06-19 13:27:34.825256,2021-06-19 13:27:37.475834,0 days 00:00:02.650578,10,0.8344129800998359,10,8,0,12,5,"[207, 147]",COMPLETE
270,270,0.24239910412377927,2.535766363143921,2021-06-19 13:27:37.477131,2021-06-19 13:27:40.013801,0 days 00:00:02.536670,20,0.6314256997385901,10,1,14,24,5,"[102, 102]",COMPLETE
271,271,0.2663030354038308,2.7410199642181396,2021-06-19 13:27:40.015118,2021-06-19 13:27:42.757401,0 days 00:00:02.742283,10,0.7851852508309797,10,15,0,13,5,"[154, 212]",COMPLETE
272,272,0.24271881496912445,2.597602605819702,2021-06-19 13:27:42.758709,2021-06-19 13:27:45.357372,0 days 00:00:02.598663,20,0.7735969047093239,10,8,3,26,5,"[216, 244]",COMPLETE
273,273,0.2535165258385634,2.824608325958252,2021-06-19 13:27:45.358691,2021-06-19 13:27:48.184399,0 days 00:00:02.825708,50,0.6415492259649922,8,4,8,23,5,"[76, 14]",COMPLETE
274,274,0.23631152443806,2.633763551712036,2021-06-19 13:27:48.185623,2021-06-19 13:27:50.820559,0 days 00:00:02.634936,60,0.7781037315097247,9,1,22,25,5,"[115, 84]",COMPLETE
275,275,0.23326235352243688,2.684504270553589,2021-06-19 13:27:50.821763,2021-06-19 13:27:53.507460,0 days 00:00:02.685697,20,0.603627004462215,10,1,10,25,5,"[200, 205]",COMPLETE
276,276,0.35547821892917303,2.5645854473114014,2021-06-19 13:27:53.508760,2021-06-19 13:27:56.074441,0 days 00:00:02.565681,20,0.6314256997385901,10,8,17,1,5,"[115, 244]",COMPLETE
277,277,inf,inf,2021-06-19 13:27:56.075646,2021-06-19 13:27:56.279802,0 days 00:00:00.204156,20,0.4201001251204491,10,7,10,16,5,"[200, 216]",COMPLETE
278,278,0.2371134351609486,2.8957576751708984,2021-06-19 13:27:56.296692,2021-06-19 13:27:59.194245,0 days 00:00:02.897553,60,0.7815688639630782,9,8,22,25,5,"[84, 227]",COMPLETE
279,279,0.26499719050544257,2.630284070968628,2021-06-19 13:27:59.195563,2021-06-19 13:28:01.826969,0 days 00:00:02.631406,20,0.7044121314824888,10,14,14,16,5,"[195, 200]",COMPLETE
280,280,0.27650139407041896,2.873891592025757,2021-06-19 13:28:01.828315,2021-06-19 13:28:04.703715,0 days 00:00:02.875400,40,0.7492482924832433,8,8,8,16,5,"[214, 156]",COMPLETE
281,281,0.2310508634330304,2.5945005416870117,2021-06-19 13:28:04.705058,2021-06-19 13:28:07.300994,0 days 00:00:02.595936,30,0.7044121314824888,10,9,23,26,5,"[155, 213]",COMPLETE
282,282,0.24380134326987216,2.789670467376709,2021-06-19 13:28:07.302258,2021-06-19 13:28:10.092998,0 days 00:00:02.790740,10,0.6415492259649922,8,12,8,28,5,"[240, 151]",COMPLETE
283,283,inf,inf,2021-06-19 13:28:10.094309,2021-06-19 13:28:10.270422,0 days 00:00:00.176113,10,0.31957235368677656,10,8,2,19,5,"[136, 156]",COMPLETE
284,284,0.23995650062545518,2.811445713043213,2021-06-19 13:28:10.278238,2021-06-19 13:28:13.092075,0 days 00:00:02.813837,20,0.7044121314824888,10,12,8,24,5,"[241, 213]",COMPLETE
285,285,inf,inf,2021-06-19 13:28:13.092956,2021-06-19 13:28:13.269953,0 days 00:00:00.176997,20,0.4674815873260936,10,14,10,20,5,"[200, 106]",COMPLETE
286,286,0.2338647707524082,2.610684871673584,2021-06-19 13:28:13.271563,2021-06-19 13:28:15.884139,0 days 00:00:02.612576,20,0.7735969047093239,10,7,17,26,5,"[216, 154]",COMPLETE
287,287,0.24160172743753103,2.722459077835083,2021-06-19 13:28:15.885406,2021-06-19 13:28:18.608950,0 days 00:00:02.723544,20,0.7735969047093239,10,7,8,26,5,"[84, 216]",COMPLETE
288,288,0.2744817369676064,2.5818116664886475,2021-06-19 13:28:18.610051,2021-06-19 13:28:21.193296,0 days 00:00:02.583245,10,0.6075692528108703,10,13,9,14,5,"[147, 147]",COMPLETE
289,289,0.2353610950270431,2.836411714553833,2021-06-19 13:28:21.194549,2021-06-19 13:28:24.032077,0 days 00:00:02.837528,60,0.6707151259602254,9,9,22,25,5,"[154, 84]",COMPLETE
290,290,0.23058994916025227,2.616124391555786,2021-06-19 13:28:24.033407,2021-06-19 13:28:26.650605,0 days 00:00:02.617198,20,0.7815688639630782,10,12,22,24,5,"[241, 212]",COMPLETE
291,291,0.3153820705628546,2.8258774280548096,2021-06-19 13:28:26.651823,2021-06-19 13:28:29.479007,0 days 00:00:02.827184,10,0.7815688639630782,8,9,14,5,5,"[174, 231]",COMPLETE
292,292,0.23526610977773318,2.6216466426849365,2021-06-19 13:28:29.479978,2021-06-19 13:28:32.102753,0 days 00:00:02.622775,50,0.6980097073710616,10,8,18,28,5,"[14, 227]",COMPLETE
293,293,0.2708830534406449,2.7735464572906494,2021-06-19 13:28:32.103985,2021-06-19 13:28:34.878917,0 days 00:00:02.774932,40,0.7735969047093239,10,12,20,11,5,"[227, 201]",COMPLETE
294,294,0.24407896990959202,2.7363803386688232,2021-06-19 13:28:34.880099,2021-06-19 13:28:37.617590,0 days 00:00:02.737491,40,0.7735969047093239,8,1,8,27,5,"[155, 141]",COMPLETE
295,295,0.27532372896349183,2.7678892612457275,2021-06-19 13:28:37.618922,2021-06-19 13:28:40.388188,0 days 00:00:02.769266,30,0.6314256997385901,10,12,7,13,5,"[236, 241]",COMPLETE
296,296,0.24037682168110122,2.8302853107452393,2021-06-19 13:28:40.389369,2021-06-19 13:28:43.221006,0 days 00:00:02.831637,20,0.865458317883941,8,13,12,27,5,"[232, 185]",COMPLETE
297,297,0.23252669552258456,2.726438283920288,2021-06-19 13:28:43.222339,2021-06-19 13:28:45.949901,0 days 00:00:02.727562,20,0.7492482924832433,10,5,30,24,5,"[241, 236]",COMPLETE
298,298,0.30291242064911605,5.622474431991577,2021-06-19 13:28:45.951174,2021-06-19 13:28:51.575044,0 days 00:00:05.623870,10,0.6980097073710616,1,9,9,30,5,"[231, 206]",COMPLETE
299,299,0.2498096862222685,2.8632166385650635,2021-06-19 13:28:51.576382,2021-06-19 13:28:54.440709,0 days 00:00:02.864327,10,0.7815688639630782,8,9,20,23,5,"[231, 201]",COMPLETE
300,300,0.2950917350392898,2.609224557876587,2021-06-19 13:28:54.441866,2021-06-19 13:30:08.527463,0 days 00:01:14.085597,50,0.6980097073710616,10,1,18,6,6,"[292, 270]",COMPLETE
301,301,0.23495339608039625,2.789083242416382,2021-06-19 13:30:08.529187,2021-06-19 13:30:11.319823,0 days 00:00:02.790636,20,0.7044121314824888,10,10,14,26,6,"[213, 292]",COMPLETE
302,302,0.23305411050336777,2.5712265968322754,2021-06-19 13:30:11.321109,2021-06-19 13:30:13.893503,0 days 00:00:02.572394,50,0.8047024443354969,10,1,22,26,6,"[250, 250]",COMPLETE
303,303,0.22775824097561426,2.755613088607788,2021-06-19 13:30:13.894836,2021-06-19 13:30:16.651786,0 days 00:00:02.756950,20,0.7044121314824888,10,9,23,27,6,"[216, 281]",COMPLETE
304,304,0.23957306843037715,2.6268246173858643,2021-06-19 13:30:16.652742,2021-06-19 13:30:19.281110,0 days 00:00:02.628368,20,0.8809483655485739,10,10,13,26,6,"[175, 297]",COMPLETE
305,305,0.3172217520114126,3.425940990447998,2021-06-19 13:30:19.282437,2021-06-19 13:30:22.709859,0 days 00:00:03.427422,80,0.7678084037913497,5,9,8,7,6,"[289, 266]",COMPLETE
306,306,0.2766422046664165,2.5894644260406494,2021-06-19 13:30:22.711141,2021-06-19 13:30:25.301965,0 days 00:00:02.590824,20,0.7735969047093239,10,5,10,12,6,"[236, 201]",COMPLETE
307,307,0.27645972770958,2.586766242980957,2021-06-19 13:30:25.303295,2021-06-19 13:30:27.891192,0 days 00:00:02.587897,20,0.865458317883941,10,1,7,12,6,"[236, 185]",COMPLETE
308,308,0.27225447134059505,2.731074333190918,2021-06-19 13:30:27.892434,2021-06-19 13:30:30.625018,0 days 00:00:02.732584,20,0.8437471395365248,10,9,7,13,6,"[281, 236]",COMPLETE
309,309,inf,inf,2021-06-19 13:30:30.626349,2021-06-19 13:30:31.091803,0 days 00:00:00.465454,50,0.5884666009180971,10,8,17,13,6,"[154, 292]",COMPLETE
310,310,0.32047745008310363,2.8257102966308594,2021-06-19 13:30:31.093519,2021-06-19 13:30:33.921787,0 days 00:00:02.828268,20,0.8082700049365283,10,4,17,1,6,"[213, 115]",COMPLETE
311,311,0.23665648887020463,2.585526943206787,2021-06-19 13:30:33.922901,2021-06-19 13:30:36.509662,0 days 00:00:02.586761,20,0.865458317883941,10,1,9,25,6,"[268, 275]",COMPLETE
312,312,0.2720953189391036,2.641822576522827,2021-06-19 13:30:36.510988,2021-06-19 13:30:39.154181,0 days 00:00:02.643193,20,0.7815688639630782,10,12,20,12,6,"[245, 251]",COMPLETE
313,313,0.23506549261147655,2.7207694053649902,2021-06-19 13:30:39.155515,2021-06-19 13:30:41.877425,0 days 00:00:02.721910,10,0.7735969047093239,10,9,20,26,6,"[201, 281]",COMPLETE
314,314,0.23262859238975675,2.6350197792053223,2021-06-19 13:30:41.878747,2021-06-19 13:30:44.514707,0 days 00:00:02.635960,20,0.7735969047093239,10,7,17,26,6,"[286, 286]",COMPLETE
315,315,0.23050143247643176,2.705486536026001,2021-06-19 13:30:44.515936,2021-06-19 13:30:47.222781,0 days 00:00:02.706845,30,0.7044121314824888,10,8,23,28,6,"[281, 292]",COMPLETE
316,316,0.23700153092457535,2.497567653656006,2021-06-19 13:30:47.224133,2021-06-19 13:30:49.722856,0 days 00:00:02.498723,10,0.603627004462215,10,1,8,25,6,"[275, 254]",COMPLETE
317,317,inf,inf,2021-06-19 13:30:49.724452,2021-06-19 13:30:49.892311,0 days 00:00:00.167859,50,0.34581805610369554,2,7,30,14,6,"[209, 297]",COMPLETE
318,318,0.2717208632816594,2.7871811389923096,2021-06-19 13:30:49.896926,2021-06-19 13:30:52.686244,0 days 00:00:02.789318,10,0.7815688639630782,10,13,4,12,6,"[147, 281]",COMPLETE
319,319,0.2578459184163973,2.6707260608673096,2021-06-19 13:30:52.687574,2021-06-19 13:30:55.359610,0 days 00:00:02.672036,20,0.7815688639630782,10,8,18,16,6,"[227, 200]",COMPLETE
320,320,0.23801607203446243,2.805189371109009,2021-06-19 13:30:55.360775,2021-06-19 13:30:58.167292,0 days 00:00:02.806517,70,0.9087442635835989,10,8,18,23,6,"[251, 292]",COMPLETE
321,321,0.24380457357624122,2.6759560108184814,2021-06-19 13:30:58.168668,2021-06-19 13:31:00.845884,0 days 00:00:02.677216,60,0.7781037315097247,9,7,6,25,6,"[274, 26]",COMPLETE
322,322,0.2399454458214431,2.8198585510253906,2021-06-19 13:31:00.847217,2021-06-19 13:31:03.668257,0 days 00:00:02.821040,60,0.6314256997385901,9,1,22,24,6,"[274, 270]",COMPLETE
323,323,0.23544183145303618,2.6155614852905273,2021-06-19 13:31:03.669544,2021-06-19 13:31:06.286319,0 days 00:00:02.616775,20,0.7044121314824888,10,5,30,26,6,"[258, 297]",COMPLETE
324,324,0.2342964252904683,2.7441444396972656,2021-06-19 13:31:06.287652,2021-06-19 13:31:09.032925,0 days 00:00:02.745273,40,0.7815688639630782,9,8,14,28,6,"[227, 253]",COMPLETE
325,325,0.24629511406273835,2.739866018295288,2021-06-19 13:31:09.034251,2021-06-19 13:31:11.775369,0 days 00:00:02.741118,20,0.7044121314824888,10,15,9,20,6,"[281, 185]",COMPLETE
326,326,0.2880023633886304,2.6110990047454834,2021-06-19 13:31:11.776651,2021-06-19 13:31:14.388990,0 days 00:00:02.612339,20,0.7735969047093239,10,14,17,8,6,"[286, 286]",COMPLETE
327,327,0.30789719516957953,2.6973438262939453,2021-06-19 13:31:14.390274,2021-06-19 13:31:17.088930,0 days 00:00:02.698656,10,0.6075692528108703,10,13,14,7,6,"[288, 136]",COMPLETE
328,328,0.23270058462431303,2.5942511558532715,2021-06-19 13:31:17.090262,2021-06-19 13:31:19.685703,0 days 00:00:02.595441,80,0.865458317883941,10,1,22,25,6,"[268, 235]",COMPLETE
329,329,0.24144495602484115,2.6678895950317383,2021-06-19 13:31:19.686937,2021-06-19 13:31:22.356185,0 days 00:00:02.669248,30,0.6314256997385901,10,1,14,24,6,"[270, 115]",COMPLETE
330,330,0.2376452411105232,2.6265246868133545,2021-06-19 13:31:22.357525,2021-06-19 13:31:24.985375,0 days 00:00:02.627850,50,0.6980097073710616,10,15,30,28,6,"[292, 258]",COMPLETE
331,331,0.25157715189403784,2.5450246334075928,2021-06-19 13:31:24.986511,2021-06-19 13:31:27.532735,0 days 00:00:02.546224,20,0.7735969047093239,10,1,10,19,6,"[243, 245]",COMPLETE
332,332,0.26752857325781787,2.697453260421753,2021-06-19 13:31:27.534024,2021-06-19 13:31:30.232755,0 days 00:00:02.698731,10,0.7851852508309797,10,4,14,13,6,"[154, 240]",COMPLETE
333,333,inf,inf,2021-06-19 13:31:30.234097,2021-06-19 13:31:30.660915,0 days 00:00:00.426818,20,0.603627004462215,10,1,10,25,6,"[275, 275]",COMPLETE
334,334,0.23878914089037215,2.9331281185150146,2021-06-19 13:31:30.662275,2021-06-19 13:31:33.597850,0 days 00:00:02.935575,40,0.6707151259602254,9,13,10,25,6,"[289, 152]",COMPLETE
335,335,0.2387393058197284,2.6488037109375,2021-06-19 13:31:33.599138,2021-06-19 13:31:36.249113,0 days 00:00:02.649975,20,0.7492482924832433,9,12,22,25,6,"[289, 241]",COMPLETE
336,336,0.4194701840745474,4.227606534957886,2021-06-19 13:31:36.250450,2021-06-19 13:31:40.479392,0 days 00:00:04.228942,20,0.6314256997385901,2,1,17,1,6,"[290, 115]",COMPLETE
337,337,0.257073908564864,3.032853126525879,2021-06-19 13:31:40.480696,2021-06-19 13:31:43.514799,0 days 00:00:03.034103,20,0.7815688639630782,7,12,22,24,6,"[290, 290]",COMPLETE
338,338,0.23468882420470522,2.5807862281799316,2021-06-19 13:31:43.515940,2021-06-19 13:31:46.098211,0 days 00:00:02.582271,70,0.7044121314824888,10,2,14,26,6,"[213, 243]",COMPLETE
339,339,0.23427481147114312,2.712770938873291,2021-06-19 13:31:46.099555,2021-06-19 13:31:48.813498,0 days 00:00:02.713943,20,0.7492482924832433,10,12,18,28,6,"[241, 292]",COMPLETE
340,340,0.2370513109367278,2.6257708072662354,2021-06-19 13:31:48.814778,2021-06-19 13:31:51.441709,0 days 00:00:02.626931,50,0.7044121314824888,10,8,18,28,6,"[292, 256]",COMPLETE
341,341,0.2394519937031099,3.0129544734954834,2021-06-19 13:31:51.443059,2021-06-19 13:31:54.457318,0 days 00:00:03.014259,60,0.9712656263592254,10,9,8,25,6,"[84, 266]",COMPLETE
342,342,inf,inf,2021-06-19 13:31:54.458586,2021-06-19 13:31:54.848262,0 days 00:00:00.389676,50,0.5110378753677389,8,8,17,1,6,"[276, 276]",COMPLETE
343,343,0.2630685368865098,2.6686301231384277,2021-06-19 13:31:54.849757,2021-06-19 13:31:57.520502,0 days 00:00:02.670745,50,0.769694128249329,10,7,24,14,6,"[297, 209]",COMPLETE
344,344,0.2467420430546695,2.695603370666504,2021-06-19 13:31:57.521710,2021-06-19 13:32:00.218654,0 days 00:00:02.696944,10,0.7815688639630782,10,2,10,20,6,"[238, 251]",COMPLETE
345,345,0.2402970156607516,2.6552116870880127,2021-06-19 13:32:00.219564,2021-06-19 13:32:02.875970,0 days 00:00:02.656406,20,0.7735969047093239,10,7,8,24,6,"[241, 216]",COMPLETE
346,346,0.3424079078116521,9.593581199645996,2021-06-19 13:32:02.877258,2021-06-19 13:32:12.472166,0 days 00:00:09.594908,20,0.7735969047093239,0,8,3,16,6,"[272, 200]",COMPLETE
347,347,0.33861409134338194,2.592418670654297,2021-06-19 13:32:12.473505,2021-06-19 13:32:15.067134,0 days 00:00:02.593629,20,0.7044121314824888,10,9,14,1,6,"[115, 213]",COMPLETE
348,348,0.26424699226212145,2.7730231285095215,2021-06-19 13:32:15.068369,2021-06-19 13:32:17.842742,0 days 00:00:02.774373,10,0.7815688639630782,10,14,5,16,6,"[147, 245]",COMPLETE
349,349,0.26403935993722066,2.579819679260254,2021-06-19 13:32:17.844117,2021-06-19 13:32:20.425221,0 days 00:00:02.581104,10,0.769694128249329,10,7,24,14,6,"[209, 209]",COMPLETE
350,350,0.3393431319489218,2.7027387619018555,2021-06-19 13:32:20.426585,2021-06-19 13:32:23.175064,0 days 00:00:02.748479,20,0.7044121314824888,10,8,17,1,7,"[115, 340]",COMPLETE
351,351,0.2319325426478767,2.638747215270996,2021-06-19 13:32:23.176441,2021-06-19 13:32:25.816352,0 days 00:00:02.639911,20,0.7735969047093239,10,7,17,26,7,"[314, 314]",COMPLETE
352,352,inf,inf,2021-06-19 13:32:25.817702,2021-06-19 13:32:25.992860,0 days 00:00:00.175158,70,0.38455983525866444,10,8,5,20,7,"[323, 272]",COMPLETE
353,353,0.23443907065871053,2.749061107635498,2021-06-19 13:32:25.994820,2021-06-19 13:32:28.745783,0 days 00:00:02.750963,20,0.9455410306904246,10,7,22,25,7,"[339, 26]",COMPLETE
354,354,inf,inf,2021-06-19 13:32:28.747153,2021-06-19 13:32:29.773772,0 days 00:00:01.026619,70,0.603627004462215,3,1,21,25,7,"[272, 275]",COMPLETE
355,355,0.29402667747753347,2.7944130897521973,2021-06-19 13:32:29.775452,2021-06-19 13:32:32.572330,0 days 00:00:02.796878,50,0.7815688639630782,10,1,22,2,7,"[235, 302]",COMPLETE
356,356,0.23965232404675835,2.5500478744506836,2021-06-19 13:32:32.573660,2021-06-19 13:32:35.125132,0 days 00:00:02.551472,20,0.865458317883941,10,1,11,23,7,"[185, 254]",COMPLETE
357,357,inf,inf,2021-06-19 13:32:35.126481,2021-06-19 13:32:35.771468,0 days 00:00:00.644987,20,0.5961059959716198,10,12,10,26,7,"[175, 159]",COMPLETE
358,358,0.27417524913898395,2.76878023147583,2021-06-19 13:32:35.783572,2021-06-19 13:32:38.554538,0 days 00:00:02.770966,40,0.7838220504604831,9,15,18,13,7,"[154, 227]",COMPLETE
359,359,inf,inf,2021-06-19 13:32:38.555937,2021-06-19 13:32:38.787661,0 days 00:00:00.231724,20,0.4518051289473637,10,7,24,14,7,"[236, 175]",COMPLETE
360,360,0.260052625513321,3.194523572921753,2021-06-19 13:32:38.790144,2021-06-19 13:32:41.986650,0 days 00:00:03.196506,50,0.8047024443354969,6,12,22,26,7,"[302, 302]",COMPLETE
361,361,0.29550483598186505,2.635632038116455,2021-06-19 13:32:41.988007,2021-06-19 13:32:44.625160,0 days 00:00:02.637153,30,0.6533493537291565,10,9,9,8,7,"[256, 311]",COMPLETE
362,362,0.2350009336029497,2.629573345184326,2021-06-19 13:32:44.626510,2021-06-19 13:32:47.257254,0 days 00:00:02.630744,20,0.7815688639630782,10,12,22,24,7,"[290, 297]",COMPLETE
363,363,inf,inf,2021-06-19 13:32:47.258151,2021-06-19 13:32:47.505716,0 days 00:00:00.247565,20,0.4455939398031413,10,9,23,26,7,"[258, 303]",COMPLETE
364,364,0.2650344751884752,2.749685287475586,2021-06-19 13:32:47.507451,2021-06-19 13:32:50.259596,0 days 00:00:02.752145,20,0.7492482924832433,10,7,9,16,7,"[200, 286]",COMPLETE
365,365,inf,inf,2021-06-19 13:32:50.260906,2021-06-19 13:32:50.696921,0 days 00:00:00.436015,20,0.603627004462215,10,2,20,14,7,"[275, 288]",COMPLETE
366,366,0.23007573610046997,2.5833914279937744,2021-06-19 13:32:50.708496,2021-06-19 13:32:53.293978,0 days 00:00:02.585482,20,0.7044121314824888,10,9,30,27,7,"[303, 258]",COMPLETE
367,367,0.2345945291578824,2.6990928649902344,2021-06-19 13:32:53.295223,2021-06-19 13:32:55.995619,0 days 00:00:02.700396,20,0.7039382016603601,10,12,14,24,7,"[290, 175]",COMPLETE
368,368,0.2680248205035574,2.561056613922119,2021-06-19 13:32:55.996982,2021-06-19 13:32:58.559443,0 days 00:00:02.562461,10,0.769694128249329,10,7,14,14,7,"[338, 349]",COMPLETE
369,369,0.23356977376139146,2.798985004425049,2021-06-19 13:32:58.560834,2021-06-19 13:33:01.361011,0 days 00:00:02.800177,70,0.7044121314824888,10,15,14,26,7,"[154, 338]",COMPLETE
370,370,0.23648638371931308,2.6105382442474365,2021-06-19 13:33:01.362250,2021-06-19 13:33:03.974243,0 days 00:00:02.611993,20,0.6459572122253778,10,14,10,24,7,"[241, 331]",COMPLETE
371,371,0.26714735464664263,2.7225778102874756,2021-06-19 13:33:03.975597,2021-06-19 13:33:06.699503,0 days 00:00:02.723906,50,0.6980097073710616,10,8,4,14,7,"[288, 292]",COMPLETE
372,372,0.24093894575471905,2.5939812660217285,2021-06-19 13:33:06.700884,2021-06-19 13:33:09.296035,0 days 00:00:02.595151,20,0.7492482924832433,10,8,3,24,7,"[272, 241]",COMPLETE
373,373,0.3469695952068695,9.216058254241943,2021-06-19 13:33:09.297173,2021-06-19 13:33:18.514812,0 days 00:00:09.217639,30,0.6707151259602254,0,2,2,19,7,"[314, 243]",COMPLETE
374,374,0.2272299928408687,2.5800957679748535,2021-06-19 13:33:18.516191,2021-06-19 13:33:21.097587,0 days 00:00:02.581396,20,0.7044121314824888,10,9,30,26,7,"[258, 281]",COMPLETE
375,375,0.24363840569934592,2.692328929901123,2021-06-19 13:33:21.098884,2021-06-19 13:33:23.792531,0 days 00:00:02.693647,20,0.7492482924832433,10,12,2,26,7,"[339, 314]",COMPLETE
376,376,0.24020016696322105,2.816983699798584,2021-06-19 13:33:23.793832,2021-06-19 13:33:26.611991,0 days 00:00:02.818159,50,0.6980097073710616,10,15,9,28,7,"[330, 311]",COMPLETE
377,377,0.24284182841778318,2.8112142086029053,2021-06-19 13:33:26.613338,2021-06-19 13:33:29.425696,0 days 00:00:02.812358,70,0.7044121314824888,8,2,14,26,7,"[338, 338]",COMPLETE
