,number,values_0,values_1,datetime_start,datetime_complete,duration,params_checks,params_n_ratio,params_nskip,params_trees,params_w1,params_w2,system_attrs_nsga2:generation,system_attrs_nsga2:parents,state
3493,3493,0.28154125463812835,3.2817418575286865,2021-06-19 16:28:27.062118,2021-06-19 16:28:30.348610,0 days 00:00:03.286492,20,0.7044121314824888,4,1,24,26,69,"[908, 900]",COMPLETE
3494,3494,0.3024530234815056,2.724405527114868,2021-06-19 16:28:30.351181,2021-06-19 16:28:33.080343,0 days 00:00:02.729162,10,0.8047024443354969,10,7,30,3,69,"[3105, 2229]",COMPLETE
3495,3495,0.23255146355806033,2.7775344848632812,2021-06-19 16:28:33.082892,2021-06-19 16:28:35.865615,0 days 00:00:02.782723,30,0.7492482924832433,10,1,30,25,69,"[1389, 2960]",COMPLETE
3496,3496,0.2687408023580423,3.0033936500549316,2021-06-19 16:28:35.868043,2021-06-19 16:28:38.876141,0 days 00:00:03.008098,20,0.6324221640430967,6,9,30,25,69,"[1244, 1244]",COMPLETE
3497,3497,0.23069086382715123,2.7340753078460693,2021-06-19 16:28:38.878723,2021-06-19 16:28:41.617360,0 days 00:00:02.738637,20,0.7492482924832433,10,1,30,25,69,"[1389, 2063]",COMPLETE
3498,3498,0.23099361640365842,2.680269718170166,2021-06-19 16:28:41.619839,2021-06-19 16:28:44.304765,0 days 00:00:02.684926,20,0.8719195748437096,10,1,30,26,69,"[2465, 3105]",COMPLETE
3499,3499,0.2801836345196428,2.5808074474334717,2021-06-19 16:28:44.307316,2021-06-19 16:28:46.892926,0 days 00:00:02.585610,0,0.7044121314824888,10,1,30,26,69,"[2465, 3307]",COMPLETE
3500,3500,inf,inf,2021-06-19 16:28:46.895411,2021-06-19 16:28:47.389753,0 days 00:00:00.494342,20,0.5282896850463794,10,1,30,26,70,"[1974, 1974]",COMPLETE
3501,3501,0.2316452344551282,2.7088348865509033,2021-06-19 16:28:47.396310,2021-06-19 16:28:50.117410,0 days 00:00:02.721100,20,0.7044121314824888,10,1,30,25,70,"[1135, 1159]",COMPLETE
3502,3502,0.2336189436123417,2.630725860595703,2021-06-19 16:28:50.119874,2021-06-19 16:28:52.755533,0 days 00:00:02.635659,80,0.7492482924832433,10,1,23,26,70,"[2078, 849]",COMPLETE
3503,3503,0.2336184165617639,2.7499256134033203,2021-06-19 16:28:52.757967,2021-06-19 16:28:55.513218,0 days 00:00:02.755251,20,0.7044121314824888,10,9,18,25,70,"[3489, 1006]",COMPLETE
3504,3504,0.23011213763762609,2.5779075622558594,2021-06-19 16:28:55.515767,2021-06-19 16:28:58.098433,0 days 00:00:02.582666,20,0.8047024443354969,10,1,30,25,70,"[1218, 2256]",COMPLETE
3505,3505,0.23278466376734328,2.57643723487854,2021-06-19 16:28:58.100859,2021-06-19 16:29:00.681998,0 days 00:00:02.581139,20,0.7044121314824888,10,3,30,25,70,"[1656, 1006]",COMPLETE
3506,3506,0.23522206850177987,2.8102619647979736,2021-06-19 16:29:00.684505,2021-06-19 16:29:03.499352,0 days 00:00:02.814847,10,0.603627004462215,10,1,30,25,70,"[3260, 316]",COMPLETE
3507,3507,0.23410683419218553,2.55721378326416,2021-06-19 16:29:03.502023,2021-06-19 16:29:06.064434,0 days 00:00:02.562411,10,0.6415553700580625,10,1,30,26,70,"[2762, 3105]",COMPLETE
3508,3508,0.22971931981384092,2.749253749847412,2021-06-19 16:29:06.067014,2021-06-19 16:29:08.820807,0 days 00:00:02.753793,20,0.7044121314824888,10,9,23,26,70,"[1218, 3467]",COMPLETE
3509,3509,0.23444184261343257,2.5606589317321777,2021-06-19 16:29:08.823331,2021-06-19 16:29:11.388618,0 days 00:00:02.565287,10,0.7044121314824888,10,1,22,23,70,"[849, 3483]",COMPLETE
3510,3510,0.22887266227184228,2.743673086166382,2021-06-19 16:29:11.391220,2021-06-19 16:29:14.139494,0 days 00:00:02.748274,20,0.7044121314824888,10,1,30,25,70,"[3483, 2314]",COMPLETE
3511,3511,0.23296096700949184,2.511889696121216,2021-06-19 16:29:14.142067,2021-06-19 16:29:16.658622,0 days 00:00:02.516555,10,0.7044121314824888,10,1,30,25,70,"[2465, 1246]",COMPLETE
3512,3512,0.3005755615670021,2.529398202896118,2021-06-19 16:29:16.661160,2021-06-19 16:29:19.195294,0 days 00:00:02.534134,20,0.7100511651342796,10,4,30,6,70,"[1656, 2762]",COMPLETE
3513,3513,0.296783724206115,4.432212591171265,2021-06-19 16:29:19.197934,2021-06-19 16:29:23.634940,0 days 00:00:04.437006,20,0.775837870117549,2,1,14,26,70,"[1974, 3489]",COMPLETE
3514,3514,0.2510856042864007,2.8034846782684326,2021-06-19 16:29:23.637174,2021-06-19 16:29:26.445474,0 days 00:00:02.808300,20,0.7044121314824888,7,1,30,25,70,"[1929, 3100]",COMPLETE
3515,3515,0.2352275558201813,2.5344371795654297,2021-06-19 16:29:26.447995,2021-06-19 16:29:28.987134,0 days 00:00:02.539139,20,0.8047024443354969,10,1,12,25,70,"[1745, 1745]",COMPLETE
3516,3516,0.23361533689713085,2.7118561267852783,2021-06-19 16:29:28.989567,2021-06-19 16:29:31.706346,0 days 00:00:02.716779,20,0.7036480340654707,10,1,30,25,70,"[3260, 2229]",COMPLETE
3517,3517,0.23850976707415308,2.5990312099456787,2021-06-19 16:29:31.708891,2021-06-19 16:29:34.312633,0 days 00:00:02.603742,20,0.603627004462215,10,1,17,25,70,"[1006, 316]",COMPLETE
3518,3518,0.232215961899886,2.738615036010742,2021-06-19 16:29:34.315200,2021-06-19 16:29:37.058437,0 days 00:00:02.743237,20,0.7044121314824888,10,1,30,25,70,"[1006, 3483]",COMPLETE
3519,3519,0.2309707103043415,2.522855520248413,2021-06-19 16:29:37.060993,2021-06-19 16:29:39.588558,0 days 00:00:02.527565,20,0.7044121314824888,10,1,23,26,70,"[2486, 2991]",COMPLETE
3520,3520,0.27360153287092104,2.768111228942871,2021-06-19 16:29:39.590814,2021-06-19 16:29:42.363753,0 days 00:00:02.772939,90,0.7044121314824888,10,1,24,14,70,"[1205, 2209]",COMPLETE
3521,3521,0.23270823221210213,2.5658626556396484,2021-06-19 16:29:42.366261,2021-06-19 16:29:44.936685,0 days 00:00:02.570424,20,0.7492482924832433,10,1,23,25,70,"[2078, 1028]",COMPLETE
3522,3522,0.31365603683507004,2.613666534423828,2021-06-19 16:29:44.939124,2021-06-19 16:29:47.557614,0 days 00:00:02.618490,20,0.7044121314824888,10,9,2,3,70,"[1205, 3256]",COMPLETE
3523,3523,0.23358463869329968,2.7625598907470703,2021-06-19 16:29:47.560159,2021-06-19 16:29:50.328955,0 days 00:00:02.768796,20,0.7492482924832433,10,13,30,25,70,"[745, 3260]",COMPLETE
3524,3524,0.23244085612165813,2.56194806098938,2021-06-19 16:29:50.331412,2021-06-19 16:29:52.898072,0 days 00:00:02.566660,20,0.785758508203908,10,1,23,25,70,"[3467, 3489]",COMPLETE
3525,3525,0.3316117711184181,3.3699071407318115,2021-06-19 16:29:52.900625,2021-06-19 16:29:56.275239,0 days 00:00:03.374614,20,0.7044121314824888,5,13,30,2,70,"[908, 908]",COMPLETE
3526,3526,0.228017929125913,2.6044833660125732,2021-06-19 16:29:56.277701,2021-06-19 16:29:58.886843,0 days 00:00:02.609142,20,0.7044121314824888,10,9,26,26,70,"[1244, 3256]",COMPLETE
3527,3527,0.23300085800534887,2.5739991664886475,2021-06-19 16:29:58.889353,2021-06-19 16:30:01.467979,0 days 00:00:02.578626,20,0.7044121314824888,10,1,30,25,70,"[3100, 411]",COMPLETE
3528,3528,0.241444966583356,2.707867383956909,2021-06-19 16:30:01.470449,2021-06-19 16:30:04.182935,0 days 00:00:02.712486,10,0.7044121314824888,10,1,30,26,70,"[2862, 3105]",COMPLETE
3529,3529,0.23014999433358438,2.5419325828552246,2021-06-19 16:30:04.185341,2021-06-19 16:30:06.731895,0 days 00:00:02.546554,20,0.8047024443354969,10,1,30,25,70,"[2314, 2063]",COMPLETE
3530,3530,0.2311471830610877,2.57442307472229,2021-06-19 16:30:06.734438,2021-06-19 16:30:09.313431,0 days 00:00:02.578993,20,0.7044121314824888,10,1,30,26,70,"[2991, 1599]",COMPLETE
3531,3531,0.2354832222396138,2.7477824687957764,2021-06-19 16:30:09.316113,2021-06-19 16:30:12.069068,0 days 00:00:02.752955,20,0.7044121314824888,10,1,14,25,70,"[2991, 3260]",COMPLETE
3532,3532,0.23846917323040764,2.5508511066436768,2021-06-19 16:30:12.071627,2021-06-19 16:30:14.627247,0 days 00:00:02.555620,20,0.7044121314824888,10,1,9,26,70,"[2465, 3100]",COMPLETE
3533,3533,0.2279836446889662,2.732645273208618,2021-06-19 16:30:14.629846,2021-06-19 16:30:17.367377,0 days 00:00:02.737531,20,0.775837870117549,10,8,30,25,70,"[3260, 1974]",COMPLETE
3534,3534,inf,inf,2021-06-19 16:30:17.370009,2021-06-19 16:30:17.558990,0 days 00:00:00.188981,20,0.4371807050209535,10,1,30,25,70,"[2659, 2256]",COMPLETE
3535,3535,0.22934589055484073,2.62858510017395,2021-06-19 16:30:17.563879,2021-06-19 16:30:20.208259,0 days 00:00:02.644380,20,0.7044121314824888,10,7,30,25,70,"[2659, 2960]",COMPLETE
3536,3536,0.2299708023580044,2.8189024925231934,2021-06-19 16:30:20.210827,2021-06-19 16:30:23.034798,0 days 00:00:02.823971,20,0.7100511651342796,10,15,24,26,70,"[2762, 2762]",COMPLETE
3537,3537,0.23810773629996593,2.5417537689208984,2021-06-19 16:30:23.037384,2021-06-19 16:30:25.584192,0 days 00:00:02.546808,20,0.775837870117549,10,2,30,29,70,"[3082, 2256]",COMPLETE
3538,3538,0.22900586065914716,2.619793653488159,2021-06-19 16:30:25.586506,2021-06-19 16:30:28.211039,0 days 00:00:02.624533,20,0.7044121314824888,10,6,26,26,70,"[3256, 1006]",COMPLETE
3539,3539,0.23248608692149111,2.6742935180664062,2021-06-19 16:30:28.213543,2021-06-19 16:30:30.892215,0 days 00:00:02.678672,10,0.7492482924832433,10,1,30,25,70,"[1028, 1028]",COMPLETE
3540,3540,0.22997286113659252,2.668912649154663,2021-06-19 16:30:30.894794,2021-06-19 16:30:33.568302,0 days 00:00:02.673508,20,0.7044121314824888,10,9,24,26,70,"[2209, 411]",COMPLETE
3541,3541,0.23211449681032276,2.684455633163452,2021-06-19 16:30:33.570842,2021-06-19 16:30:36.259933,0 days 00:00:02.689091,20,0.7044121314824888,10,1,24,25,70,"[2063, 374]",COMPLETE
3542,3542,0.2275637286361547,2.5832231044769287,2021-06-19 16:30:36.262444,2021-06-19 16:30:38.850049,0 days 00:00:02.587605,20,0.8047024443354969,10,1,30,25,70,"[2256, 2256]",COMPLETE
3543,3543,0.23059187010959617,2.586165189743042,2021-06-19 16:30:38.852654,2021-06-19 16:30:41.443685,0 days 00:00:02.591031,20,0.7070553084263633,10,1,30,25,70,"[2963, 1735]",COMPLETE
3544,3544,0.23267534204125753,2.70782732963562,2021-06-19 16:30:41.446158,2021-06-19 16:30:44.158942,0 days 00:00:02.712784,10,0.7044121314824888,10,1,30,25,70,"[1246, 2862]",COMPLETE
3545,3545,0.3217485986326692,3.3904969692230225,2021-06-19 16:30:44.161372,2021-06-19 16:30:47.556644,0 days 00:00:03.395272,20,0.7492482924832433,4,1,30,7,70,"[880, 900]",COMPLETE
3546,3546,0.22992011086620154,2.759751796722412,2021-06-19 16:30:47.558934,2021-06-19 16:30:50.323794,0 days 00:00:02.764860,20,0.7044121314824888,10,9,30,25,70,"[1244, 908]",COMPLETE
3547,3547,inf,inf,2021-06-19 16:30:50.326305,2021-06-19 16:30:50.563339,0 days 00:00:00.237034,20,0.45792784936553044,10,15,7,26,70,"[2762, 2963]",COMPLETE
3548,3548,0.2380313678428102,2.6615896224975586,2021-06-19 16:30:50.567812,2021-06-19 16:30:53.245180,0 days 00:00:02.677368,20,0.7044121314824888,10,9,26,22,70,"[411, 411]",COMPLETE
3549,3549,0.26423704661446523,2.56242299079895,2021-06-19 16:30:53.247551,2021-06-19 16:30:55.814643,0 days 00:00:02.567092,20,0.7044121314824888,10,2,2,14,70,"[1205, 1205]",COMPLETE
3550,3550,0.2287852655572754,2.7759406566619873,2021-06-19 16:30:55.817151,2021-06-19 16:30:58.646418,0 days 00:00:02.829267,20,0.7044121314824888,10,9,26,26,71,"[411, 908]",COMPLETE
3551,3551,0.22982390419261214,2.5777361392974854,2021-06-19 16:30:58.648978,2021-06-19 16:31:01.231344,0 days 00:00:02.582366,20,0.7044121314824888,10,1,30,26,71,"[1974, 908]",COMPLETE
3552,3552,0.22867926208312186,2.8039982318878174,2021-06-19 16:31:01.234048,2021-06-19 16:31:04.043169,0 days 00:00:02.809121,20,0.8047024443354969,10,1,24,25,71,"[1312, 1389]",COMPLETE
3553,3553,0.23001272244079576,2.6266188621520996,2021-06-19 16:31:04.045707,2021-06-19 16:31:06.676880,0 days 00:00:02.631173,20,0.7044121314824888,10,9,30,26,71,"[2862, 3260]",COMPLETE
3554,3554,0.23652409664240262,2.589979648590088,2021-06-19 16:31:06.679435,2021-06-19 16:31:09.274210,0 days 00:00:02.594775,20,0.7044121314824888,10,1,8,25,71,"[316, 1244]",COMPLETE
3555,3555,0.23074415224104533,2.7183353900909424,2021-06-19 16:31:09.276775,2021-06-19 16:31:11.999870,0 days 00:00:02.723095,20,0.775837870117549,10,1,30,26,71,"[2078, 1974]",COMPLETE
3556,3556,0.3148509144526591,2.56593918800354,2021-06-19 16:31:12.002197,2021-06-19 16:31:14.572842,0 days 00:00:02.570645,10,0.7044121314824888,10,1,30,2,71,"[3105, 1656]",COMPLETE
3557,3557,0.26731686702185864,2.5794260501861572,2021-06-19 16:31:14.575428,2021-06-19 16:31:17.159691,0 days 00:00:02.584263,20,0.6602837436635932,10,1,2,14,71,"[1205, 316]",COMPLETE
3558,3558,0.2661859341109542,3.1616663932800293,2021-06-19 16:31:17.162217,2021-06-19 16:31:20.328722,0 days 00:00:03.166505,20,0.7044121314824888,6,11,23,26,71,"[2963, 2486]",COMPLETE
3559,3559,0.23220871300615095,2.565713405609131,2021-06-19 16:31:20.331287,2021-06-19 16:31:22.901799,0 days 00:00:02.570512,20,0.7044121314824888,10,1,27,25,71,"[2229, 1244]",COMPLETE
3560,3560,0.23024462677794402,2.7527289390563965,2021-06-19 16:31:22.904216,2021-06-19 16:31:25.661641,0 days 00:00:02.757425,20,0.7044121314824888,10,1,30,25,71,"[2314, 1929]",COMPLETE
3561,3561,0.26091400169508394,2.762507438659668,2021-06-19 16:31:25.664272,2021-06-19 16:31:28.432194,0 days 00:00:02.767922,100,0.7492482924832433,10,9,30,9,71,"[908, 2078]",COMPLETE
3562,3562,0.2287388159160488,2.80053448677063,2021-06-19 16:31:28.434754,2021-06-19 16:31:31.239930,0 days 00:00:02.805176,20,0.7044121314824888,10,9,30,26,71,"[3100, 2862]",COMPLETE
3563,3563,0.24348678376083688,2.55592942237854,2021-06-19 16:31:31.242242,2021-06-19 16:31:33.802874,0 days 00:00:02.560632,20,0.7044121314824888,10,1,2,26,71,"[1205, 2209]",COMPLETE
3564,3564,0.23614659140755115,2.589881420135498,2021-06-19 16:31:33.805424,2021-06-19 16:31:36.400202,0 days 00:00:02.594778,20,0.7015569925241061,10,1,30,25,71,"[2465, 880]",COMPLETE
3565,3565,0.28069973006988846,3.5711405277252197,2021-06-19 16:31:36.402773,2021-06-19 16:31:39.978501,0 days 00:00:03.575728,20,0.7044121314824888,4,9,30,25,71,"[1244, 1244]",COMPLETE
3566,3566,0.2270833887191682,2.565882921218872,2021-06-19 16:31:39.981016,2021-06-19 16:31:42.551669,0 days 00:00:02.570653,20,0.775837870117549,10,1,30,26,71,"[1974, 3542]",COMPLETE
3567,3567,0.23345044386350042,2.545628070831299,2021-06-19 16:31:42.553991,2021-06-19 16:31:45.104778,0 days 00:00:02.550787,20,0.7044121314824888,10,1,24,26,71,"[2078, 2209]",COMPLETE
3568,3568,0.31442219648029834,2.7442500591278076,2021-06-19 16:31:45.107345,2021-06-19 16:31:47.856395,0 days 00:00:02.749050,10,0.7044121314824888,10,9,30,4,71,"[1246, 411]",COMPLETE
3569,3569,0.28189186976349145,2.570849657058716,2021-06-19 16:31:47.858985,2021-06-19 16:31:50.434645,0 days 00:00:02.575660,10,0.775837870117549,10,1,9,11,71,"[1246, 2314]",COMPLETE
3570,3570,0.2287621194384534,2.7412209510803223,2021-06-19 16:31:50.437234,2021-06-19 16:31:53.183305,0 days 00:00:02.746071,90,0.7044121314824888,10,1,30,26,71,"[2963, 1656]",COMPLETE
3571,3571,0.22917664947650454,2.5652339458465576,2021-06-19 16:31:53.185876,2021-06-19 16:31:55.756185,0 days 00:00:02.570309,20,0.8047024443354969,10,1,30,25,71,"[1745, 2229]",COMPLETE
3572,3572,0.23318763960172725,2.554029703140259,2021-06-19 16:31:55.758673,2021-06-19 16:31:58.317159,0 days 00:00:02.558486,20,0.7044121314824888,10,9,30,25,71,"[1244, 1244]",COMPLETE
3573,3573,0.23536465540199597,2.745983362197876,2021-06-19 16:31:58.319526,2021-06-19 16:32:01.070193,0 days 00:00:02.750667,20,0.7492482924832433,10,1,23,25,71,"[647, 1897]",COMPLETE
3574,3574,0.23929141603649548,2.6995351314544678,2021-06-19 16:32:01.072866,2021-06-19 16:32:03.777651,0 days 00:00:02.704785,10,0.7951293243493556,10,9,30,26,71,"[374, 1897]",COMPLETE
3575,3575,0.22751016316079462,2.728529214859009,2021-06-19 16:32:03.780229,2021-06-19 16:32:06.513425,0 days 00:00:02.733196,20,0.8047024443354969,10,1,24,25,71,"[2256, 2063]",COMPLETE
3576,3576,inf,inf,2021-06-19 16:32:06.516006,2021-06-19 16:32:06.663109,0 days 00:00:00.147103,20,0.345856370849194,10,1,23,26,71,"[647, 3105]",COMPLETE
3577,3577,0.2420290255666185,2.5485849380493164,2021-06-19 16:32:06.671502,2021-06-19 16:32:09.248252,0 days 00:00:02.576750,20,0.7492482924832433,10,1,9,22,71,"[1745, 745]",COMPLETE
3578,3578,0.22918031780205067,2.8147616386413574,2021-06-19 16:32:09.250656,2021-06-19 16:32:12.070237,0 days 00:00:02.819581,20,0.7807832852484157,10,9,30,25,71,"[411, 3260]",COMPLETE
3579,3579,0.2345158742808276,2.566494941711426,2021-06-19 16:32:12.072767,2021-06-19 16:32:14.643858,0 days 00:00:02.571091,10,0.7492482924832433,10,1,30,25,71,"[1028, 1028]",COMPLETE
3580,3580,0.23208900627830772,2.5912821292877197,2021-06-19 16:32:14.646084,2021-06-19 16:32:17.242569,0 days 00:00:02.596485,90,0.7044121314824888,10,1,30,25,71,"[2991, 1246]",COMPLETE
3581,3581,0.22749923363055252,2.671546459197998,2021-06-19 16:32:17.244708,2021-06-19 16:32:19.920786,0 days 00:00:02.676078,20,0.7044121314824888,10,1,30,26,71,"[1929, 647]",COMPLETE
3582,3582,0.23207519926224776,2.668977737426758,2021-06-19 16:32:19.922944,2021-06-19 16:32:22.596586,0 days 00:00:02.673642,50,0.7044121314824888,10,15,24,26,71,"[2209, 2762]",COMPLETE
3583,3583,0.27020690876115766,2.796586513519287,2021-06-19 16:32:22.598854,2021-06-19 16:32:25.400030,0 days 00:00:02.801176,20,0.7044121314824888,10,9,2,14,71,"[1244, 1205]",COMPLETE
3584,3584,0.22928179670857768,2.622680902481079,2021-06-19 16:32:25.402259,2021-06-19 16:32:28.029624,0 days 00:00:02.627365,20,0.7044121314824888,10,11,24,25,71,"[1656, 2762]",COMPLETE
3585,3585,0.23690211831681787,2.6009111404418945,2021-06-19 16:32:28.031782,2021-06-19 16:32:30.637411,0 days 00:00:02.605629,100,0.6415492259649922,10,1,8,25,71,"[849, 316]",COMPLETE
3586,3586,0.22745833127468051,2.7021231651306152,2021-06-19 16:32:30.640006,2021-06-19 16:32:33.346813,0 days 00:00:02.706807,20,0.775837870117549,10,1,30,25,71,"[1389, 3082]",COMPLETE
3587,3587,0.23571087563059348,2.595224380493164,2021-06-19 16:32:33.349172,2021-06-19 16:32:35.949234,0 days 00:00:02.600062,20,0.7044121314824888,10,9,30,23,71,"[2991, 2862]",COMPLETE
3588,3588,inf,inf,2021-06-19 16:32:35.951679,2021-06-19 16:32:36.286978,0 days 00:00:00.335299,10,0.48338677513482464,10,16,30,23,71,"[1135, 849]",COMPLETE
3589,3589,0.2338232978871918,2.7386205196380615,2021-06-19 16:32:36.291240,2021-06-19 16:32:39.042658,0 days 00:00:02.751418,10,0.7044121314824888,10,1,24,26,71,"[2209, 2209]",COMPLETE
3590,3590,0.24597300687079757,2.8491804599761963,2021-06-19 16:32:39.045040,2021-06-19 16:32:41.899441,0 days 00:00:02.854401,20,0.7044121314824888,7,1,30,26,71,"[2465, 1929]",COMPLETE
3591,3591,0.2301336598723799,2.584195137023926,2021-06-19 16:32:41.901980,2021-06-19 16:32:44.490872,0 days 00:00:02.588892,20,0.7044121314824888,10,1,30,25,71,"[1897, 3195]",COMPLETE
3592,3592,0.229272224612187,2.7159414291381836,2021-06-19 16:32:44.493122,2021-06-19 16:32:47.213679,0 days 00:00:02.720557,10,0.7044121314824888,10,1,30,25,71,"[1656, 1028]",COMPLETE
3593,3593,0.23443529251443318,2.5515997409820557,2021-06-19 16:32:47.216297,2021-06-19 16:32:49.772639,0 days 00:00:02.556342,10,0.7044121314824888,10,1,30,25,71,"[1135, 1028]",COMPLETE
3594,3594,0.23036327722422578,2.780654191970825,2021-06-19 16:32:49.775294,2021-06-19 16:32:52.561087,0 days 00:00:02.785793,20,0.8047024443354969,10,2,30,25,71,"[2229, 2256]",COMPLETE
3595,3595,0.22711791780556556,2.6044700145721436,2021-06-19 16:32:52.563516,2021-06-19 16:32:55.172535,0 days 00:00:02.609019,20,0.775837870117549,10,1,30,25,71,"[2991, 2991]",COMPLETE
3596,3596,0.22971605030166967,2.6115708351135254,2021-06-19 16:32:55.175098,2021-06-19 16:32:57.791472,0 days 00:00:02.616374,20,0.775837870117549,10,1,30,26,71,"[2314, 1218]",COMPLETE
3597,3597,0.23406477439018078,2.7161011695861816,2021-06-19 16:32:57.794058,2021-06-19 16:33:00.515159,0 days 00:00:02.721101,10,0.7044121314824888,10,1,30,25,71,"[1246, 3483]",COMPLETE
3598,3598,0.2358199819230602,2.6556413173675537,2021-06-19 16:33:00.517811,2021-06-19 16:33:03.178405,0 days 00:00:02.660594,20,0.8047024443354969,10,9,16,25,71,"[1312, 908]",COMPLETE
3599,3599,0.23924805181246225,2.7129836082458496,2021-06-19 16:33:03.181007,2021-06-19 16:33:05.898822,0 days 00:00:02.717815,10,0.7044121314824888,10,1,22,23,71,"[849, 2486]",COMPLETE
3600,3600,0.23489834659719597,2.5723726749420166,2021-06-19 16:33:05.901374,2021-06-19 16:34:19.894386,0 days 00:01:13.993012,20,0.7492482924832433,10,1,15,25,72,"[745, 3195]",COMPLETE
3601,3601,0.25207776211983424,2.6912834644317627,2021-06-19 16:34:19.899122,2021-06-19 16:34:22.597041,0 days 00:00:02.697919,20,0.8047024443354969,10,1,30,18,72,"[1312, 2229]",COMPLETE
3602,3602,0.31527782184166186,5.711153984069824,2021-06-19 16:34:22.599643,2021-06-19 16:34:28.315976,0 days 00:00:05.716333,20,0.8496102725312908,1,1,24,13,72,"[3260, 1599]",COMPLETE
3603,3603,0.23418921300384274,2.547008514404297,2021-06-19 16:34:28.318348,2021-06-19 16:34:30.870043,0 days 00:00:02.551695,20,0.775837870117549,10,1,22,23,72,"[1974, 849]",COMPLETE
3604,3604,0.23170107228531736,2.8376057147979736,2021-06-19 16:34:30.872215,2021-06-19 16:34:33.714459,0 days 00:00:02.842244,20,0.7044121314824888,10,9,23,26,72,"[411, 2078]",COMPLETE
3605,3605,0.23355841792783227,2.684391736984253,2021-06-19 16:34:33.716600,2021-06-19 16:34:36.405838,0 days 00:00:02.689238,70,0.7044121314824888,10,8,13,26,72,"[2862, 1159]",COMPLETE
3606,3606,0.2650880075854929,2.9842166900634766,2021-06-19 16:34:36.408408,2021-06-19 16:34:39.397527,0 days 00:00:02.989119,10,0.7492482924832433,6,1,24,25,72,"[900, 1389]",COMPLETE
3607,3607,0.22815428182417127,2.76564359664917,2021-06-19 16:34:39.400142,2021-06-19 16:34:42.170657,0 days 00:00:02.770515,100,0.775837870117549,10,1,30,26,72,"[3566, 2862]",COMPLETE
3608,3608,0.22988722858516908,2.5962207317352295,2021-06-19 16:34:42.173251,2021-06-19 16:34:44.774254,0 days 00:00:02.601003,20,0.7044121314824888,10,1,30,26,72,"[2486, 3082]",COMPLETE
3609,3609,0.2339042505158592,2.679016351699829,2021-06-19 16:34:44.776750,2021-06-19 16:34:47.460576,0 days 00:00:02.683826,20,0.775837870117549,10,1,30,26,72,"[2209, 1974]",COMPLETE
3610,3610,0.32087513291819025,3.0508930683135986,2021-06-19 16:34:47.463079,2021-06-19 16:34:50.518970,0 days 00:00:03.055891,20,0.6593963827997377,5,1,8,4,72,"[3260, 316]",COMPLETE
