,number,values_0,values_1,datetime_start,datetime_complete,duration,params_checks,params_n_ratio,params_nskip,params_trees,params_w1,params_w2,system_attrs_nsga2:generation,system_attrs_nsga2:parents,state
9896,9896,0.233916092114887,2.599835157394409,2021-06-19 22:30:23.156468,2021-06-19 22:30:25.767882,0 days 00:00:02.611414,20,0.775837870117549,10,1,30,25,197,"[6592, 8333]",COMPLETE
9897,9897,0.23219896887477748,2.534526824951172,2021-06-19 22:30:25.773133,2021-06-19 22:30:28.319106,0 days 00:00:02.545973,20,0.775837870117549,10,1,30,25,197,"[8433, 8433]",COMPLETE
9898,9898,0.2522000173699305,3.0278358459472656,2021-06-19 22:30:28.324234,2021-06-19 22:30:31.363743,0 days 00:00:03.039509,20,0.775837870117549,7,1,30,26,197,"[5654, 5145]",COMPLETE
9899,9899,0.2368677898759999,2.6854641437530518,2021-06-19 22:30:31.368612,2021-06-19 22:30:34.065790,0 days 00:00:02.697178,80,0.7492482924832433,10,1,24,26,197,"[9438, 900]",COMPLETE
9900,9900,0.23528596454246703,2.536412477493286,2021-06-19 22:30:34.071053,2021-06-19 22:31:49.160369,0 days 00:01:15.089316,20,0.7044121314824888,10,1,30,24,198,"[1159, 8898]",COMPLETE
9901,9901,0.22999299553771219,2.814758062362671,2021-06-19 22:31:49.171117,2021-06-19 22:31:52.000867,0 days 00:00:02.829750,20,0.775837870117549,10,1,30,25,198,"[8333, 7770]",COMPLETE
9902,9902,0.27573766889566,2.52451753616333,2021-06-19 22:31:52.006183,2021-06-19 22:31:54.542528,0 days 00:00:02.536345,20,0.775837870117549,10,1,30,8,198,"[2078, 7770]",COMPLETE
9903,9903,0.23222583538497352,2.5299341678619385,2021-06-19 22:31:54.547617,2021-06-19 22:31:57.089112,0 days 00:00:02.541495,20,0.7044121314824888,10,1,30,25,198,"[2991, 1929]",COMPLETE
9904,9904,inf,inf,2021-06-19 22:31:57.093936,2021-06-19 22:31:57.405365,0 days 00:00:00.311429,20,0.5179285418656627,10,1,30,25,198,"[3260, 1389]",COMPLETE
9905,9905,0.2280580341045124,2.8046019077301025,2021-06-19 22:31:57.423317,2021-06-19 22:32:00.268441,0 days 00:00:02.845124,20,0.775837870117549,10,3,30,25,198,"[9642, 8531]",COMPLETE
9906,9906,0.2751961852185407,2.654879093170166,2021-06-19 22:32:00.273199,2021-06-19 22:32:02.939751,0 days 00:00:02.666552,60,0.7726995503634615,10,1,22,10,198,"[9834, 849]",COMPLETE
9907,9907,0.23644382701850375,2.565532684326172,2021-06-19 22:32:02.944947,2021-06-19 22:32:05.522647,0 days 00:00:02.577700,20,0.775837870117549,10,1,9,25,198,"[9029, 2991]",COMPLETE
9908,9908,0.23105502337340342,2.555302619934082,2021-06-19 22:32:05.527599,2021-06-19 22:32:08.094626,0 days 00:00:02.567027,20,0.7492482924832433,10,1,30,25,198,"[9692, 880]",COMPLETE
9909,9909,0.2306407061209584,2.774123191833496,2021-06-19 22:32:08.099731,2021-06-19 22:32:10.885743,0 days 00:00:02.786012,50,0.775837870117549,10,1,30,25,198,"[1389, 9438]",COMPLETE
9910,9910,0.235260797881494,2.580833911895752,2021-06-19 22:32:10.890956,2021-06-19 22:32:13.483483,0 days 00:00:02.592527,20,0.7492482924832433,10,1,23,24,198,"[2078, 1159]",COMPLETE
9911,9911,inf,inf,2021-06-19 22:32:13.488626,2021-06-19 22:32:13.661315,0 days 00:00:00.172689,20,0.4113389375716843,10,1,11,19,198,"[8720, 6592]",COMPLETE
9912,9912,0.2303698120370108,2.77721905708313,2021-06-19 22:32:13.671334,2021-06-19 22:32:16.484122,0 days 00:00:02.812788,40,0.8047024443354969,10,1,24,25,198,"[2063, 3760]",COMPLETE
9913,9913,0.3047562453295307,2.5586764812469482,2021-06-19 22:32:16.489234,2021-06-19 22:32:19.059577,0 days 00:00:02.570343,20,0.7044121314824888,10,1,5,6,198,"[1159, 1929]",COMPLETE
9914,9914,0.2303477032089938,2.698437213897705,2021-06-19 22:32:19.064892,2021-06-19 22:32:21.775339,0 days 00:00:02.710447,0,0.775837870117549,10,1,30,26,198,"[900, 9029]",COMPLETE
9915,9915,0.2965521709129396,4.618297576904297,2021-06-19 22:32:21.780626,2021-06-19 22:32:26.410892,0 days 00:00:04.630266,50,0.775837870117549,2,1,30,25,198,"[7005, 1244]",COMPLETE
9916,9916,0.24250236155948354,2.5655035972595215,2021-06-19 22:32:26.415953,2021-06-19 22:32:28.993094,0 days 00:00:02.577141,20,0.5891867599706391,10,1,30,25,198,"[8261, 9692]",COMPLETE
9917,9917,0.23076536428319672,2.5885555744171143,2021-06-19 22:32:28.998173,2021-06-19 22:32:31.598567,0 days 00:00:02.600394,20,0.775837870117549,10,1,30,26,198,"[6351, 6835]",COMPLETE
9918,9918,0.23218350714895425,2.593111753463745,2021-06-19 22:32:31.603990,2021-06-19 22:32:34.209971,0 days 00:00:02.605981,20,0.7044121314824888,10,1,30,25,198,"[3100, 5853]",COMPLETE
9919,9919,0.23167006896736003,2.8673582077026367,2021-06-19 22:32:34.215121,2021-06-19 22:32:37.094488,0 days 00:00:02.879367,20,0.775837870117549,10,4,30,26,198,"[5654, 8024]",COMPLETE
9920,9920,0.23018412185235676,2.6283156871795654,2021-06-19 22:32:37.099637,2021-06-19 22:32:39.740077,0 days 00:00:02.640440,20,0.775837870117549,10,10,25,25,198,"[7770, 8256]",COMPLETE
9921,9921,0.23584250429203937,2.5425729751586914,2021-06-19 22:32:39.745404,2021-06-19 22:32:42.299891,0 days 00:00:02.554487,20,0.7492482924832433,10,1,30,25,198,"[1028, 3082]",COMPLETE
9922,9922,0.23045895986551052,2.77139949798584,2021-06-19 22:32:42.305125,2021-06-19 22:32:45.088558,0 days 00:00:02.783433,10,0.775837870117549,10,1,30,25,198,"[5853, 316]",COMPLETE
9923,9923,0.2710409787472232,3.116598129272461,2021-06-19 22:32:45.093543,2021-06-19 22:32:48.222183,0 days 00:00:03.128640,0,0.727135696710743,5,1,30,26,198,"[9642, 8433]",COMPLETE
9924,9924,0.2865655530725209,2.5676186084747314,2021-06-19 22:32:48.227212,2021-06-19 22:32:50.806869,0 days 00:00:02.579657,20,0.775837870117549,10,1,30,7,198,"[7926, 1389]",COMPLETE
9925,9925,0.2287794771626349,2.806318759918213,2021-06-19 22:32:50.811594,2021-06-19 22:32:53.629512,0 days 00:00:02.817918,60,0.775837870117549,10,1,30,25,198,"[8720, 6835]",COMPLETE
9926,9926,0.2596775052049985,2.6898460388183594,2021-06-19 22:32:53.634495,2021-06-19 22:32:56.336009,0 days 00:00:02.701514,0,0.775837870117549,10,1,30,18,198,"[7926, 7926]",COMPLETE
9927,9927,0.22666630251210138,2.545203447341919,2021-06-19 22:32:56.340998,2021-06-19 22:32:58.898000,0 days 00:00:02.557002,20,0.775837870117549,10,1,30,25,198,"[8024, 5654]",COMPLETE
9928,9928,0.23526595302747083,2.79984450340271,2021-06-19 22:32:58.902693,2021-06-19 22:33:01.713991,0 days 00:00:02.811298,10,0.6415492259649922,10,11,22,23,198,"[849, 849]",COMPLETE
9929,9929,0.25787939852211483,2.5679521560668945,2021-06-19 22:33:01.718990,2021-06-19 22:33:04.299803,0 days 00:00:02.580813,10,0.775837870117549,10,1,30,13,198,"[1929, 8935]",COMPLETE
9930,9930,0.23876534757763546,2.609461784362793,2021-06-19 22:33:04.304953,2021-06-19 22:33:06.926536,0 days 00:00:02.621583,10,0.7492482924832433,10,1,8,25,198,"[1028, 316]",COMPLETE
9931,9931,0.24306523950787148,2.8072588443756104,2021-06-19 22:33:06.932012,2021-06-19 22:33:09.751447,0 days 00:00:02.819435,20,0.775837870117549,10,15,0,25,198,"[9683, 9685]",COMPLETE
9932,9932,inf,inf,2021-06-19 22:33:09.756502,2021-06-19 22:33:09.941488,0 days 00:00:00.184986,20,0.3386383200710123,10,3,30,25,198,"[5145, 5654]",COMPLETE
9933,9933,0.2339812440301519,2.5531105995178223,2021-06-19 22:33:09.961680,2021-06-19 22:33:12.552632,0 days 00:00:02.590952,20,0.775837870117549,10,1,17,26,198,"[7005, 8898]",COMPLETE
9934,9934,0.25173062394638707,2.781898021697998,2021-06-19 22:33:12.557736,2021-06-19 22:33:15.351498,0 days 00:00:02.793762,20,0.7044121314824888,7,1,30,25,198,"[3100, 8720]",COMPLETE
9935,9935,0.2402855987844042,2.897733211517334,2021-06-19 22:33:15.356550,2021-06-19 22:33:18.265720,0 days 00:00:02.909170,20,0.7044121314824888,8,1,30,25,198,"[3100, 3100]",COMPLETE
9936,9936,0.24758147817052623,2.5762827396392822,2021-06-19 22:33:18.270582,2021-06-19 22:33:20.858698,0 days 00:00:02.588116,20,0.775837870117549,10,1,0,21,198,"[9057, 8498]",COMPLETE
9937,9937,0.23428392664163636,2.532907009124756,2021-06-19 22:33:20.863935,2021-06-19 22:33:23.408333,0 days 00:00:02.544398,20,0.775837870117549,10,1,30,22,198,"[6835, 6835]",COMPLETE
9938,9938,0.2327175554780005,2.562990665435791,2021-06-19 22:33:23.413551,2021-06-19 22:33:25.988551,0 days 00:00:02.575000,10,0.7044121314824888,10,1,30,25,198,"[3100, 8898]",COMPLETE
9939,9939,0.2436099301977729,2.7305052280426025,2021-06-19 22:33:25.993788,2021-06-19 22:33:28.736171,0 days 00:00:02.742383,20,0.775837870117549,10,1,0,26,198,"[7926, 7926]",COMPLETE
9940,9940,0.23006678350608833,2.608750581741333,2021-06-19 22:33:28.741018,2021-06-19 22:33:31.361807,0 days 00:00:02.620789,10,0.655345451936632,10,6,30,25,198,"[9368, 5379]",COMPLETE
9941,9941,0.23350399658265714,2.6894373893737793,2021-06-19 22:33:31.366937,2021-06-19 22:33:34.068570,0 days 00:00:02.701633,60,0.7044121314824888,10,1,30,24,198,"[1159, 9057]",COMPLETE
9942,9942,0.23468425616646826,2.7909011840820312,2021-06-19 22:33:34.073915,2021-06-19 22:33:36.876966,0 days 00:00:02.803051,10,0.775837870117549,10,1,19,25,198,"[9692, 8935]",COMPLETE
9943,9943,0.23013113296200197,2.5932857990264893,2021-06-19 22:33:36.882677,2021-06-19 22:33:39.489042,0 days 00:00:02.606365,10,0.775837870117549,10,5,30,25,198,"[8498, 880]",COMPLETE
9944,9944,0.23979433444002554,2.6717872619628906,2021-06-19 22:33:39.494515,2021-06-19 22:33:42.178413,0 days 00:00:02.683898,0,0.775837870117549,10,1,30,25,198,"[8498, 9834]",COMPLETE
9945,9945,0.29439964798604534,4.54028582572937,2021-06-19 22:33:42.183621,2021-06-19 22:33:46.735860,0 days 00:00:04.552239,40,0.8264713279666229,2,1,14,26,198,"[9692, 6751]",COMPLETE
9946,9946,0.23263638553279078,2.6833667755126953,2021-06-19 22:33:46.740611,2021-06-19 22:33:49.435646,0 days 00:00:02.695035,20,0.9091280639792745,10,2,30,26,198,"[1244, 2078]",COMPLETE
9947,9947,0.297627615038664,4.501363515853882,2021-06-19 22:33:49.440552,2021-06-19 22:33:53.953699,0 days 00:00:04.513147,20,0.775837870117549,2,1,30,26,198,"[8898, 9642]",COMPLETE
9948,9948,0.2979563830855862,3.157700300216675,2021-06-19 22:33:53.958605,2021-06-19 22:33:57.128077,0 days 00:00:03.169472,20,0.775837870117549,6,8,23,9,198,"[2078, 6592]",COMPLETE
9949,9949,0.23290477385525934,2.528085708618164,2021-06-19 22:33:57.133294,2021-06-19 22:33:59.673443,0 days 00:00:02.540149,20,0.775837870117549,10,1,30,28,198,"[9683, 2991]",COMPLETE
9950,9950,0.23454860371241196,2.5955984592437744,2021-06-19 22:33:59.678582,2021-06-19 22:34:02.334159,0 days 00:00:02.655577,10,0.6415492259649922,10,1,22,25,199,"[3100, 849]",COMPLETE
9951,9951,0.23567370346038385,3.0295352935791016,2021-06-19 22:34:02.339498,2021-06-19 22:34:05.381215,0 days 00:00:03.041717,20,0.9634210785931094,10,1,30,25,199,"[3100, 7631]",COMPLETE
9952,9952,0.2314502875172226,2.611379623413086,2021-06-19 22:34:05.386390,2021-06-19 22:34:08.009534,0 days 00:00:02.623144,60,0.7044121314824888,10,1,30,25,199,"[9642, 3260]",COMPLETE
9953,9953,0.2353446469989687,2.5670320987701416,2021-06-19 22:34:08.014689,2021-06-19 22:34:10.593428,0 days 00:00:02.578739,20,0.7004232479296992,10,1,30,26,199,"[9692, 7005]",COMPLETE
9954,9954,0.2320884630434233,2.809765338897705,2021-06-19 22:34:10.598772,2021-06-19 22:34:13.421439,0 days 00:00:02.822667,20,0.7044121314824888,10,9,30,25,199,"[1244, 1929]",COMPLETE
9955,9955,inf,inf,2021-06-19 22:34:13.426179,2021-06-19 22:34:13.745650,0 days 00:00:00.319471,20,0.5440214534391583,10,1,30,25,199,"[3100, 5853]",COMPLETE
9956,9956,0.24973523178712193,2.750063896179199,2021-06-19 22:34:13.762644,2021-06-19 22:34:16.545019,0 days 00:00:02.782375,20,0.7492482924832433,7,1,30,25,199,"[9685, 6763]",COMPLETE
9957,9957,0.2258691195408631,2.585573196411133,2021-06-19 22:34:16.550235,2021-06-19 22:34:19.147807,0 days 00:00:02.597572,20,0.775837870117549,10,11,30,26,199,"[9692, 9438]",COMPLETE
9958,9958,0.22952495824785027,2.754711627960205,2021-06-19 22:34:19.153070,2021-06-19 22:34:21.919752,0 days 00:00:02.766682,20,0.775837870117549,10,1,24,26,199,"[9683, 5379]",COMPLETE
9959,9959,inf,inf,2021-06-19 22:34:21.924891,2021-06-19 22:34:22.117304,0 days 00:00:00.192413,20,0.43122190363498303,10,11,30,25,199,"[8933, 9029]",COMPLETE
9960,9960,0.23076977487041356,2.6874265670776367,2021-06-19 22:34:22.136067,2021-06-19 22:34:24.852957,0 days 00:00:02.716890,20,0.775837870117549,10,6,30,25,199,"[7770, 9685]",COMPLETE
9961,9961,inf,inf,2021-06-19 22:34:24.858330,2021-06-19 22:34:25.012965,0 days 00:00:00.154635,20,0.3286716785609751,10,1,30,25,199,"[8433, 9057]",COMPLETE
9962,9962,0.23171245111000913,2.613175630569458,2021-06-19 22:34:25.034474,2021-06-19 22:34:27.676094,0 days 00:00:02.641620,20,0.7044121314824888,10,1,30,26,199,"[6835, 1244]",COMPLETE
9963,9963,0.2355025371692575,2.7636661529541016,2021-06-19 22:34:27.681749,2021-06-19 22:34:30.458457,0 days 00:00:02.776708,10,0.7492482924832433,10,1,30,25,199,"[6835, 1389]",COMPLETE
9964,9964,0.2531709056611873,3.081763744354248,2021-06-19 22:34:30.463458,2021-06-19 22:34:33.557482,0 days 00:00:03.094024,20,0.9844118003631879,10,1,30,19,199,"[9438, 9927]",COMPLETE
9965,9965,0.23040130624715027,2.5824239253997803,2021-06-19 22:34:33.562880,2021-06-19 22:34:36.158415,0 days 00:00:02.595535,50,0.775837870117549,10,1,30,25,199,"[7770, 3100]",COMPLETE
9966,9966,0.23365674109126439,2.750652313232422,2021-06-19 22:34:36.163641,2021-06-19 22:34:38.926000,0 days 00:00:02.762359,20,0.775837870117549,10,1,30,25,199,"[9057, 7005]",COMPLETE
9967,9967,0.24247612415192568,2.5755984783172607,2021-06-19 22:34:38.931341,2021-06-19 22:34:41.518883,0 days 00:00:02.587542,20,0.7492482924832433,10,1,3,24,199,"[2078, 1159]",COMPLETE
9968,9968,0.28667665386312546,2.9796125888824463,2021-06-19 22:34:41.529520,2021-06-19 22:34:44.526056,0 days 00:00:02.996536,20,0.9970376833026566,10,1,30,25,199,"[6351, 8498]",COMPLETE
9969,9969,0.3201133530152479,9.256645917892456,2021-06-19 22:34:44.531256,2021-06-19 22:34:53.799843,0 days 00:00:09.268587,20,0.7492482924832433,0,1,30,26,199,"[7926, 880]",COMPLETE
9970,9970,inf,inf,2021-06-19 22:34:53.805154,2021-06-19 22:34:54.166813,0 days 00:00:00.361659,20,0.502092711050928,10,1,18,26,199,"[9642, 900]",COMPLETE
9971,9971,0.2775655018872547,3.1698529720306396,2021-06-19 22:34:54.178420,2021-06-19 22:34:57.376178,0 days 00:00:03.197758,20,0.775837870117549,5,1,24,26,199,"[9642, 2063]",COMPLETE
9972,9972,0.22890310433507205,2.7247776985168457,2021-06-19 22:34:57.381448,2021-06-19 22:35:00.117993,0 days 00:00:02.736545,10,0.7044121314824888,10,1,24,26,199,"[5379, 900]",COMPLETE
9973,9973,0.22845423442899837,2.5941433906555176,2021-06-19 22:35:00.123117,2021-06-19 22:35:02.729004,0 days 00:00:02.605887,20,0.775837870117549,10,1,30,25,199,"[9927, 7631]",COMPLETE
9974,9974,0.22758200317105462,2.7065625190734863,2021-06-19 22:35:02.734277,2021-06-19 22:35:05.452988,0 days 00:00:02.718711,80,0.775837870117549,10,1,30,26,199,"[6592, 7631]",COMPLETE
9975,9975,0.23300988299028408,2.8035027980804443,2021-06-19 22:35:05.458162,2021-06-19 22:35:08.273823,0 days 00:00:02.815661,100,0.775837870117549,10,1,30,26,199,"[9642, 3760]",COMPLETE
9976,9976,0.22973273412235262,2.586472511291504,2021-06-19 22:35:08.278906,2021-06-19 22:35:10.876934,0 days 00:00:02.598028,10,0.8047024443354969,10,1,24,25,199,"[5379, 8256]",COMPLETE
9977,9977,0.23610539493350727,2.565154552459717,2021-06-19 22:35:10.882154,2021-06-19 22:35:13.459173,0 days 00:00:02.577019,10,0.775837870117549,10,1,23,25,199,"[8333, 1028]",COMPLETE
9978,9978,0.2732465225561948,2.8262290954589844,2021-06-19 22:35:13.463969,2021-06-19 22:35:16.301805,0 days 00:00:02.837836,10,0.7492482924832433,10,11,30,8,199,"[8933, 1028]",COMPLETE
9979,9979,0.23826947083670097,2.6663904190063477,2021-06-19 22:35:16.307085,2021-06-19 22:35:18.995080,0 days 00:00:02.687995,80,0.693435783543267,10,8,30,25,199,"[5145, 9642]",COMPLETE
9980,9980,0.22843343504980637,2.5815019607543945,2021-06-19 22:35:18.999815,2021-06-19 22:35:21.592903,0 days 00:00:02.593088,20,0.7044121314824888,10,1,30,25,199,"[1244, 8433]",COMPLETE
9981,9981,inf,inf,2021-06-19 22:35:21.597707,2021-06-19 22:35:21.845176,0 days 00:00:00.247469,20,0.46884178363625645,10,5,0,25,199,"[9057, 6968]",COMPLETE
9982,9982,0.3317899188086962,2.5833444595336914,2021-06-19 22:35:21.856617,2021-06-19 22:35:24.475898,0 days 00:00:02.619281,20,0.775837870117549,10,1,30,0,199,"[1244, 7005]",COMPLETE
9983,9983,0.22857474991675295,2.8178110122680664,2021-06-19 22:35:24.481172,2021-06-19 22:35:27.311069,0 days 00:00:02.829897,20,0.775837870117549,10,1,30,26,199,"[6835, 9642]",COMPLETE
9984,9984,0.23658402417866492,2.5920097827911377,2021-06-19 22:35:27.316525,2021-06-19 22:35:29.921517,0 days 00:00:02.604992,20,0.5954908174632462,10,1,30,26,199,"[6751, 8256]",COMPLETE
9985,9985,0.22790449831255788,2.6071133613586426,2021-06-19 22:35:29.926720,2021-06-19 22:35:32.545523,0 days 00:00:02.618803,20,0.775837870117549,10,1,30,26,199,"[6835, 3760]",COMPLETE
9986,9986,0.23825505227561666,2.6994130611419678,2021-06-19 22:35:32.550702,2021-06-19 22:35:35.261928,0 days 00:00:02.711226,10,0.6415492259649922,10,1,22,25,199,"[5853, 849]",COMPLETE
9987,9987,0.23422010786240297,2.5893521308898926,2021-06-19 22:35:35.267254,2021-06-19 22:35:37.868460,0 days 00:00:02.601206,10,0.7492482924832433,10,1,30,25,199,"[5654, 6763]",COMPLETE
9988,9988,0.2792883801406144,3.1344492435455322,2021-06-19 22:35:37.873301,2021-06-19 22:35:41.019585,0 days 00:00:03.146284,20,0.775837870117549,5,1,26,25,199,"[1028, 7005]",COMPLETE
9989,9989,0.22810796996779156,2.781808853149414,2021-06-19 22:35:41.024468,2021-06-19 22:35:43.818128,0 days 00:00:02.793660,100,0.775837870117549,10,1,30,26,199,"[9438, 6751]",COMPLETE
9990,9990,0.2269849995007768,2.675900936126709,2021-06-19 22:35:43.823029,2021-06-19 22:35:46.510873,0 days 00:00:02.687844,40,0.775837870117549,10,10,30,26,199,"[6751, 9029]",COMPLETE
9991,9991,0.3099116025049194,6.701964378356934,2021-06-19 22:35:46.515804,2021-06-19 22:35:53.229672,0 days 00:00:06.713868,0,0.8047024443354969,1,1,23,26,199,"[5654, 2063]",COMPLETE
9992,9992,0.23134647108904788,2.568535804748535,2021-06-19 22:35:53.234378,2021-06-19 22:35:55.814453,0 days 00:00:02.580075,10,0.775837870117549,10,1,30,27,199,"[8935, 9029]",COMPLETE
9993,9993,0.23089896735264304,2.6210498809814453,2021-06-19 22:35:55.819833,2021-06-19 22:35:58.453091,0 days 00:00:02.633258,20,0.775837870117549,10,10,30,25,199,"[7770, 8498]",COMPLETE
9994,9994,inf,inf,2021-06-19 22:35:58.458328,2021-06-19 22:35:58.920889,0 days 00:00:00.462561,20,0.5739700591071881,10,1,11,24,199,"[1159, 3100]",COMPLETE
9995,9995,0.2311012421828462,2.7595810890197754,2021-06-19 22:35:58.935391,2021-06-19 22:36:01.722528,0 days 00:00:02.787137,20,0.7492482924832433,10,1,24,25,199,"[6763, 2063]",COMPLETE
9996,9996,0.23036726794603266,2.6754038333892822,2021-06-19 22:36:01.727734,2021-06-19 22:36:04.414996,0 days 00:00:02.687262,40,0.775837870117549,10,10,30,25,199,"[3760, 9057]",COMPLETE
9997,9997,0.23211469015334854,2.6806437969207764,2021-06-19 22:36:04.420197,2021-06-19 22:36:07.112557,0 days 00:00:02.692360,100,0.8047024443354969,10,1,25,25,199,"[8256, 9692]",COMPLETE
9998,9998,0.2286772704311715,2.614506244659424,2021-06-19 22:36:07.117983,2021-06-19 22:36:09.745463,0 days 00:00:02.627480,20,0.775837870117549,10,1,30,25,199,"[8933, 3260]",COMPLETE
9999,9999,0.2731039827787913,2.9199001789093018,2021-06-19 22:36:09.750689,2021-06-19 22:36:12.682783,0 days 00:00:02.932094,0,0.775837870117549,10,1,30,25,199,"[880, 8498]",COMPLETE
