,number,values_0,values_1,datetime_start,datetime_complete,duration,params_checks,params_n_ratio,params_nskip,params_trees,params_w1,params_w2,system_attrs_nsga2:generation,system_attrs_nsga2:parents,state
3969,3969,0.2334190401743395,2.5961153507232666,2021-06-19 16:54:16.798219,2021-06-19 16:54:19.399518,0 days 00:00:02.601299,20,0.7044121314824888,10,1,30,25,79,"[1205, 3664]",COMPLETE
3970,3970,0.2709576315710712,2.6191158294677734,2021-06-19 16:54:19.402260,2021-06-19 16:54:22.026708,0 days 00:00:02.624448,0,0.7044121314824888,10,1,2,14,79,"[1389, 1205]",COMPLETE
3971,3971,0.2313577723870099,2.746960401535034,2021-06-19 16:54:22.029414,2021-06-19 16:54:24.781536,0 days 00:00:02.752122,10,0.7492482924832433,10,7,30,26,79,"[1389, 2963]",COMPLETE
3972,3972,0.23171808483509548,2.572765588760376,2021-06-19 16:54:24.784251,2021-06-19 16:54:27.362123,0 days 00:00:02.577872,10,0.7044121314824888,10,1,30,26,79,"[3105, 1246]",COMPLETE
3973,3973,0.23077242605018836,2.7671523094177246,2021-06-19 16:54:27.364873,2021-06-19 16:54:30.137402,0 days 00:00:02.772529,20,0.7044121314824888,10,5,30,26,79,"[3105, 1656]",COMPLETE
3974,3974,0.28504974542617484,3.765443801879883,2021-06-19 16:54:30.140092,2021-06-19 16:54:33.910881,0 days 00:00:03.770789,20,0.7044121314824888,3,1,30,29,79,"[1218, 2465]",COMPLETE
3975,3975,0.2269365258427638,2.7934072017669678,2021-06-19 16:54:33.913630,2021-06-19 16:54:36.711965,0 days 00:00:02.798335,20,0.7044121314824888,10,9,30,26,79,"[908, 908]",COMPLETE
3976,3976,0.2395826124317644,2.5681543350219727,2021-06-19 16:54:36.714551,2021-06-19 16:54:39.287852,0 days 00:00:02.573301,10,0.7492482924832433,10,1,6,25,79,"[880, 1028]",COMPLETE
3977,3977,0.27561467133200074,3.345334053039551,2021-06-19 16:54:39.290634,2021-06-19 16:54:42.641430,0 days 00:00:03.350796,20,0.7492482924832433,4,1,12,25,79,"[2659, 1735]",COMPLETE
3978,3978,0.25438587877009167,3.02085018157959,2021-06-19 16:54:42.644162,2021-06-19 16:54:45.670395,0 days 00:00:03.026233,70,0.8047024443354969,7,1,24,26,79,"[2063, 647]",COMPLETE
3979,3979,0.24187942599270346,2.615739345550537,2021-06-19 16:54:45.672711,2021-06-19 16:54:48.293679,0 days 00:00:02.620968,20,0.603627004462215,9,1,8,25,79,"[316, 2862]",COMPLETE
3980,3980,0.23166923611045773,2.575415849685669,2021-06-19 16:54:48.296142,2021-06-19 16:54:50.876635,0 days 00:00:02.580493,20,0.8047024443354969,10,1,23,26,79,"[2465, 647]",COMPLETE
3981,3981,0.23221111787985252,2.7721920013427734,2021-06-19 16:54:50.879402,2021-06-19 16:54:53.656662,0 days 00:00:02.777260,20,0.7044121314824888,10,1,28,25,79,"[2063, 2659]",COMPLETE
3982,3982,0.318610078973,9.876357555389404,2021-06-19 16:54:53.659389,2021-06-19 16:55:03.541274,0 days 00:00:09.881885,40,0.7672966446710674,0,11,27,21,79,"[3760, 849]",COMPLETE
3983,3983,0.23001253350406045,2.7748875617980957,2021-06-19 16:55:03.543825,2021-06-19 16:55:06.323784,0 days 00:00:02.779959,20,0.7410758574215806,10,12,23,26,79,"[647, 647]",COMPLETE
3984,3984,0.23342938701228913,2.612290859222412,2021-06-19 16:55:06.326471,2021-06-19 16:55:08.943800,0 days 00:00:02.617329,20,0.7044121314824888,10,1,30,25,79,"[1205, 3260]",COMPLETE
3985,3985,inf,inf,2021-06-19 16:55:08.946572,2021-06-19 16:55:09.352206,0 days 00:00:00.405634,20,0.5542177348619454,10,3,23,25,79,"[1028, 647]",COMPLETE
3986,3986,0.2342628557432596,2.7584688663482666,2021-06-19 16:55:09.356263,2021-06-19 16:55:12.151320,0 days 00:00:02.795057,60,0.7044121314824888,10,1,30,25,79,"[3260, 3082]",COMPLETE
3987,3987,0.25035424145367224,2.7982234954833984,2021-06-19 16:55:12.153907,2021-06-19 16:55:14.957526,0 days 00:00:02.803619,10,0.7492482924832433,7,1,30,25,79,"[316, 880]",COMPLETE
3988,3988,0.23327994894264853,2.60001540184021,2021-06-19 16:55:14.960251,2021-06-19 16:55:17.565369,0 days 00:00:02.605118,10,0.7044121314824888,10,1,30,25,79,"[908, 1389]",COMPLETE
3989,3989,0.23413466326278867,2.7430014610290527,2021-06-19 16:55:17.567884,2021-06-19 16:55:20.315970,0 days 00:00:02.748086,20,0.7044121314824888,10,1,28,26,79,"[2659, 1599]",COMPLETE
3990,3990,0.2987340306220993,4.340196371078491,2021-06-19 16:55:20.318472,2021-06-19 16:55:24.663875,0 days 00:00:04.345403,20,0.775837870117549,2,1,30,25,79,"[3260, 3082]",COMPLETE
3991,3991,0.23484685868971658,2.753255605697632,2021-06-19 16:55:24.666629,2021-06-19 16:55:27.424943,0 days 00:00:02.758314,20,0.7044121314824888,10,1,30,26,79,"[2465, 1745]",COMPLETE
3992,3992,0.26176985762928795,3.562540292739868,2021-06-19 16:55:27.427961,2021-06-19 16:55:30.996120,0 days 00:00:03.568159,20,0.9738626013406129,6,9,30,25,79,"[1244, 2862]",COMPLETE
3993,3993,inf,inf,2021-06-19 16:55:30.998840,2021-06-19 16:55:31.102644,0 days 00:00:00.103804,70,0.3046016916037134,10,1,30,25,79,"[1656, 1656]",COMPLETE
3994,3994,0.23101547474982415,2.615544080734253,2021-06-19 16:55:31.107228,2021-06-19 16:55:33.738099,0 days 00:00:02.630871,20,0.7044121314824888,10,1,30,25,79,"[1929, 1656]",COMPLETE
3995,3995,inf,inf,2021-06-19 16:55:33.740782,2021-06-19 16:55:33.921563,0 days 00:00:00.180781,20,0.4183344161105098,10,11,30,26,79,"[908, 1745]",COMPLETE
3996,3996,0.33639631032905876,9.79389238357544,2021-06-19 16:55:33.936058,2021-06-19 16:55:43.741991,0 days 00:00:09.805933,30,0.8047024443354969,0,9,30,8,79,"[1312, 2963]",COMPLETE
3997,3997,0.23089467536135,2.616880178451538,2021-06-19 16:55:43.744689,2021-06-19 16:55:46.366924,0 days 00:00:02.622235,30,0.775837870117549,10,4,30,25,79,"[1974, 1389]",COMPLETE
3998,3998,inf,inf,2021-06-19 16:55:46.369559,2021-06-19 16:55:47.049571,0 days 00:00:00.680012,20,0.5720788942478805,6,9,30,25,79,"[3483, 3260]",COMPLETE
3999,3999,0.23274758493202805,2.768812894821167,2021-06-19 16:55:47.053507,2021-06-19 16:55:49.846401,0 days 00:00:02.792894,20,0.7492482924832433,10,1,30,26,79,"[2991, 2078]",COMPLETE
4000,4000,inf,inf,2021-06-19 16:55:49.849224,2021-06-19 16:55:50.050223,0 days 00:00:00.200999,20,0.3043866056849838,10,1,30,26,80,"[1974, 1974]",COMPLETE
4001,4001,0.2357992800956215,2.5929508209228516,2021-06-19 16:55:50.082304,2021-06-19 16:55:52.685591,0 days 00:00:02.603287,20,0.7492482924832433,10,1,17,26,80,"[2209, 3664]",COMPLETE
4002,4002,0.2311467748672896,2.8092689514160156,2021-06-19 16:55:52.688303,2021-06-19 16:55:55.502950,0 days 00:00:02.814647,20,0.775837870117549,9,5,30,25,80,"[3082, 1135]",COMPLETE
4003,4003,0.23271264505865447,2.533292293548584,2021-06-19 16:55:55.505651,2021-06-19 16:55:58.043833,0 days 00:00:02.538182,20,0.7492482924832433,10,1,24,26,80,"[900, 900]",COMPLETE
4004,4004,0.2358970316627759,2.6739418506622314,2021-06-19 16:55:58.046619,2021-06-19 16:56:00.726045,0 days 00:00:02.679426,40,0.8015242895276127,10,7,14,26,80,"[2078, 316]",COMPLETE
4005,4005,0.23008941453569445,2.846526622772217,2021-06-19 16:56:00.728846,2021-06-19 16:56:03.580792,0 days 00:00:02.851946,20,0.6769096626861013,10,1,30,25,80,"[1735, 1929]",COMPLETE
4006,4006,0.31997850532007194,2.6030523777008057,2021-06-19 16:56:03.583404,2021-06-19 16:56:06.192065,0 days 00:00:02.608661,20,0.7044121314824888,10,9,27,2,80,"[3814, 908]",COMPLETE
4007,4007,0.23946126358151237,2.7516703605651855,2021-06-19 16:56:06.194758,2021-06-19 16:56:08.951506,0 days 00:00:02.756748,20,0.603627004462215,10,1,30,25,80,"[1218, 316]",COMPLETE
4008,4008,0.2595522466857833,2.632324695587158,2021-06-19 16:56:08.954229,2021-06-19 16:56:11.591631,0 days 00:00:02.637402,10,0.603627004462215,10,1,24,16,80,"[3814, 3814]",COMPLETE
4009,4009,0.231384207138606,2.5963680744171143,2021-06-19 16:56:11.594193,2021-06-19 16:56:14.196315,0 days 00:00:02.602122,20,0.7044121314824888,10,9,24,26,80,"[1735, 908]",COMPLETE
4010,4010,0.2339986048127991,2.9715914726257324,2021-06-19 16:56:14.198874,2021-06-19 16:56:17.175492,0 days 00:00:02.976618,20,0.9572329534415602,10,1,30,25,80,"[1656, 1656]",COMPLETE
4011,4011,0.22933574198461537,2.584470748901367,2021-06-19 16:56:17.178311,2021-06-19 16:56:19.767933,0 days 00:00:02.589622,20,0.7044121314824888,10,1,30,25,80,"[1135, 1159]",COMPLETE
4012,4012,0.25451573524874993,2.8792576789855957,2021-06-19 16:56:19.770680,2021-06-19 16:56:22.655183,0 days 00:00:02.884503,10,0.7492482924832433,8,1,9,22,80,"[745, 880]",COMPLETE
4013,4013,0.2940130315894277,4.492940902709961,2021-06-19 16:56:22.657900,2021-06-19 16:56:27.156102,0 days 00:00:04.498202,30,0.7044121314824888,2,9,21,26,80,"[2063, 2963]",COMPLETE
4014,4014,0.2295412578696619,2.648434638977051,2021-06-19 16:56:27.158452,2021-06-19 16:56:29.811997,0 days 00:00:02.653545,20,0.7044121314824888,10,9,26,26,80,"[3256, 1599]",COMPLETE
4015,4015,0.2693801723814341,2.8130414485931396,2021-06-19 16:56:29.814351,2021-06-19 16:56:32.633228,0 days 00:00:02.818877,40,0.7145356666234195,10,1,2,14,80,"[3195, 1205]",COMPLETE
4016,4016,0.23260206304621003,2.556067943572998,2021-06-19 16:56:32.637710,2021-06-19 16:56:35.206205,0 days 00:00:02.568495,20,0.7044121314824888,10,1,30,25,80,"[1159, 2659]",COMPLETE
4017,4017,0.2741828031286211,3.285654067993164,2021-06-19 16:56:35.208587,2021-06-19 16:56:38.499424,0 days 00:00:03.290837,20,0.775837870117549,5,1,30,25,80,"[3260, 3760]",COMPLETE
4018,4018,0.24270997219876572,2.6912786960601807,2021-06-19 16:56:38.501620,2021-06-19 16:56:41.198084,0 days 00:00:02.696464,20,0.7044121314824888,10,13,2,25,80,"[1244, 1205]",COMPLETE
4019,4019,inf,inf,2021-06-19 16:56:41.200397,2021-06-19 16:56:41.375415,0 days 00:00:00.175018,90,0.4290620827088447,10,1,30,26,80,"[411, 1028]",COMPLETE
4020,4020,0.2272959639041187,2.5866403579711914,2021-06-19 16:56:41.390847,2021-06-19 16:56:43.986660,0 days 00:00:02.595813,20,0.775837870117549,10,1,30,26,80,"[1974, 3100]",COMPLETE
4021,4021,0.2272862309977908,2.7821009159088135,2021-06-19 16:56:43.989219,2021-06-19 16:56:46.776296,0 days 00:00:02.787077,20,0.7044121314824888,10,9,26,26,80,"[3256, 3256]",COMPLETE
4022,4022,0.2347939682813667,2.6516852378845215,2021-06-19 16:56:46.779006,2021-06-19 16:56:49.436068,0 days 00:00:02.657062,30,0.8445067674577775,10,1,30,26,80,"[908, 2991]",COMPLETE
4023,4023,0.2705518794179354,2.716823101043701,2021-06-19 16:56:49.438959,2021-06-19 16:56:52.161685,0 days 00:00:02.722726,10,0.798791201216016,10,1,30,12,80,"[2229, 3511]",COMPLETE
4024,4024,0.2523793513113806,2.781343936920166,2021-06-19 16:56:52.164383,2021-06-19 16:56:54.950893,0 days 00:00:02.786510,20,0.7044121314824888,7,1,13,25,80,"[1135, 1135]",COMPLETE
4025,4025,0.22861561061444322,2.621727466583252,2021-06-19 16:56:54.953660,2021-06-19 16:56:57.580524,0 days 00:00:02.626864,20,0.7044121314824888,10,1,30,25,80,"[1135, 2209]",COMPLETE
4026,4026,0.23111341919931117,2.783653497695923,2021-06-19 16:56:57.583227,2021-06-19 16:57:00.371992,0 days 00:00:02.788765,20,0.7044121314824888,10,9,30,26,80,"[411, 1929]",COMPLETE
4027,4027,0.23439461024481673,2.7589452266693115,2021-06-19 16:57:00.374733,2021-06-19 16:57:03.138888,0 days 00:00:02.764155,80,0.7044121314824888,10,1,30,25,80,"[3483, 3260]",COMPLETE
4028,4028,0.23106542463823956,2.5528321266174316,2021-06-19 16:57:03.141978,2021-06-19 16:57:05.700531,0 days 00:00:02.558553,20,0.7044121314824888,10,1,26,26,80,"[3256, 900]",COMPLETE
4029,4029,0.232249687760089,2.7662150859832764,2021-06-19 16:57:05.703205,2021-06-19 16:57:08.474739,0 days 00:00:02.771534,70,0.7044121314824888,10,1,30,26,80,"[1006, 3566]",COMPLETE
4030,4030,0.23760858927600706,2.638350009918213,2021-06-19 16:57:08.477412,2021-06-19 16:57:11.121154,0 days 00:00:02.643742,20,0.7492482924832433,10,1,17,26,80,"[900, 3082]",COMPLETE
4031,4031,0.26571790494224723,2.7779901027679443,2021-06-19 16:57:11.123474,2021-06-19 16:57:13.906670,0 days 00:00:02.783196,20,0.7044121314824888,10,1,30,15,80,"[1656, 3307]",COMPLETE
4032,4032,0.23315574452954121,2.5409390926361084,2021-06-19 16:57:13.909364,2021-06-19 16:57:16.455788,0 days 00:00:02.546424,30,0.7044121314824888,10,1,24,26,80,"[647, 2209]",COMPLETE
4033,4033,0.23282906557316876,2.5594656467437744,2021-06-19 16:57:16.458415,2021-06-19 16:57:19.022974,0 days 00:00:02.564559,20,0.7044121314824888,10,1,30,25,80,"[1656, 1735]",COMPLETE
4034,4034,0.23547595029626386,2.7591826915740967,2021-06-19 16:57:19.025716,2021-06-19 16:57:21.790288,0 days 00:00:02.764572,0,0.7044121314824888,10,1,29,24,80,"[1159, 3195]",COMPLETE
4035,4035,0.2666425729967718,3.143928050994873,2021-06-19 16:57:21.793107,2021-06-19 16:57:24.942346,0 days 00:00:03.149239,20,0.7044121314824888,5,1,4,26,80,"[1599, 1599]",COMPLETE
4036,4036,0.23221526829821607,2.796623945236206,2021-06-19 16:57:24.944955,2021-06-19 16:57:27.746832,0 days 00:00:02.801877,80,0.8047024443354969,10,1,30,25,80,"[908, 1312]",COMPLETE
4037,4037,0.24295461277647248,2.6313745975494385,2021-06-19 16:57:27.749584,2021-06-19 16:57:30.386550,0 days 00:00:02.636966,20,0.7238900850421706,10,14,1,26,80,"[2229, 3105]",COMPLETE
4038,4038,0.24201871904929592,2.678165912628174,2021-06-19 16:57:30.388999,2021-06-19 16:57:33.072288,0 days 00:00:02.683289,20,0.8047024443354969,10,1,2,25,80,"[2229, 1205]",COMPLETE
4039,4039,inf,inf,2021-06-19 16:57:33.075060,2021-06-19 16:57:33.389213,0 days 00:00:00.314153,20,0.5206904650484763,10,1,30,25,80,"[3195, 2862]",COMPLETE
4040,4040,0.22929991969066948,2.759185552597046,2021-06-19 16:57:33.394383,2021-06-19 16:57:36.175718,0 days 00:00:02.781335,20,0.7044121314824888,10,9,26,26,80,"[411, 411]",COMPLETE
4041,4041,0.2329452945031221,2.6498336791992188,2021-06-19 16:57:36.177941,2021-06-19 16:57:38.832828,0 days 00:00:02.654887,20,0.7044121314824888,10,9,23,26,80,"[2078, 1218]",COMPLETE
4042,4042,0.22822299335144938,2.593392848968506,2021-06-19 16:57:38.835109,2021-06-19 16:57:41.433529,0 days 00:00:02.598420,20,0.8047024443354969,10,1,30,25,80,"[1159, 2229]",COMPLETE
4043,4043,0.2923059589086994,2.726987838745117,2021-06-19 16:57:41.436351,2021-06-19 16:57:44.168781,0 days 00:00:02.732430,30,0.7044121314824888,10,1,30,3,80,"[2229, 2963]",COMPLETE
4044,4044,0.24345979732217898,2.794426441192627,2021-06-19 16:57:44.171551,2021-06-19 16:57:46.971473,0 days 00:00:02.799922,20,0.775837870117549,8,14,30,26,80,"[3100, 3566]",COMPLETE
4045,4045,0.2938129877745014,2.6882517337799072,2021-06-19 16:57:46.974238,2021-06-19 16:57:49.667820,0 days 00:00:02.693582,20,0.7044121314824888,10,1,6,8,80,"[1159, 3566]",COMPLETE
4046,4046,0.24929399197714103,2.6624090671539307,2021-06-19 16:57:49.670423,2021-06-19 16:57:52.338012,0 days 00:00:02.667589,40,0.7044121314824888,10,9,30,20,80,"[908, 908]",COMPLETE
4047,4047,0.2360735901685817,2.632776975631714,2021-06-19 16:57:52.340666,2021-06-19 16:57:54.978836,0 days 00:00:02.638170,20,0.8047024443354969,10,1,24,25,80,"[2465, 1312]",COMPLETE
4048,4048,0.22994260418050894,2.7727348804473877,2021-06-19 16:57:54.981618,2021-06-19 16:57:57.759584,0 days 00:00:02.777966,80,0.8047024443354969,10,1,30,25,80,"[1745, 316]",COMPLETE
4049,4049,0.23236739704513557,2.6286895275115967,2021-06-19 16:57:57.762327,2021-06-19 16:58:00.396165,0 days 00:00:02.633838,30,0.7044121314824888,10,1,30,25,80,"[2963, 1929]",COMPLETE
4050,4050,0.2705168411815112,3.0933854579925537,2021-06-19 16:58:00.398497,2021-06-19 16:58:03.544593,0 days 00:00:03.146096,20,0.7044121314824888,7,1,30,16,81,"[3511, 2960]",COMPLETE
4051,4051,0.22947016349044452,2.593231439590454,2021-06-19 16:58:03.546888,2021-06-19 16:58:06.145185,0 days 00:00:02.598297,20,0.775837870117549,10,1,30,26,81,"[3566, 1974]",COMPLETE
4052,4052,0.23082892764381352,2.618436574935913,2021-06-19 16:58:06.147957,2021-06-19 16:58:08.771667,0 days 00:00:02.623710,10,0.775837870117549,10,1,30,26,81,"[3566, 1897]",COMPLETE
4053,4053,0.23358052083172698,2.7680277824401855,2021-06-19 16:58:08.774433,2021-06-19 16:58:11.547581,0 days 00:00:02.773148,10,0.7044121314824888,10,1,30,26,81,"[3105, 2465]",COMPLETE
4054,4054,0.2340755947776796,2.7984235286712646,2021-06-19 16:58:11.550351,2021-06-19 16:58:14.354177,0 days 00:00:02.803826,20,0.9461465542847374,10,1,30,25,81,"[3195, 1389]",COMPLETE
4055,4055,0.2312776618858932,2.741314172744751,2021-06-19 16:58:14.356984,2021-06-19 16:58:17.103488,0 days 00:00:02.746504,20,0.775837870117549,10,1,30,25,81,"[3082, 3100]",COMPLETE
4056,4056,0.23420550582423577,2.558664083480835,2021-06-19 16:58:17.106247,2021-06-19 16:58:19.669987,0 days 00:00:02.563740,20,0.7044121314824888,10,1,24,26,81,"[2209, 2209]",COMPLETE
4057,4057,0.28102251730403466,2.5965845584869385,2021-06-19 16:58:19.672735,2021-06-19 16:58:22.274789,0 days 00:00:02.602054,0,0.7044121314824888,10,1,30,25,81,"[1929, 1656]",COMPLETE
4058,4058,0.23766078018217657,2.7353477478027344,2021-06-19 16:58:22.277593,2021-06-19 16:58:25.018041,0 days 00:00:02.740448,10,0.7044121314824888,10,1,15,26,81,"[3105, 3105]",COMPLETE
4059,4059,0.3002217177954867,4.304447412490845,2021-06-19 16:58:25.020800,2021-06-19 16:58:29.330494,0 days 00:00:04.309694,20,0.775837870117549,2,1,30,25,81,"[3256, 2991]",COMPLETE
4060,4060,0.23434373991867796,2.6890382766723633,2021-06-19 16:58:29.333308,2021-06-19 16:58:32.027602,0 days 00:00:02.694294,90,0.6415492259649922,10,9,22,23,81,"[849, 411]",COMPLETE
4061,4061,0.26211404155051077,3.2187650203704834,2021-06-19 16:58:32.030463,2021-06-19 16:58:35.255171,0 days 00:00:03.224708,20,0.7492482924832433,6,13,24,25,81,"[1389, 2063]",COMPLETE
4062,4062,0.23211595100249077,2.623682737350464,2021-06-19 16:58:35.258053,2021-06-19 16:58:37.887687,0 days 00:00:02.629634,50,0.7492482924832433,10,1,30,26,81,"[880, 3814]",COMPLETE
4063,4063,inf,inf,2021-06-19 16:58:37.890420,2021-06-19 16:58:38.021405,0 days 00:00:00.130985,20,0.32018786560188806,10,9,24,4,81,"[900, 908]",COMPLETE
4064,4064,0.23118699973643864,2.778362512588501,2021-06-19 16:58:38.031776,2021-06-19 16:58:40.833349,0 days 00:00:02.801573,60,0.7044121314824888,10,1,24,25,81,"[2209, 2659]",COMPLETE
4065,4065,0.23202137983364846,2.6100082397460938,2021-06-19 16:58:40.836043,2021-06-19 16:58:43.451367,0 days 00:00:02.615324,20,0.7044121314824888,10,9,30,25,81,"[1135, 2960]",COMPLETE
4066,4066,0.23459990545837406,2.5882809162139893,2021-06-19 16:58:43.454184,2021-06-19 16:58:46.047854,0 days 00:00:02.593670,20,0.590638711964427,10,1,30,25,81,"[411, 3100]",COMPLETE
4067,4067,0.23223611481845985,3.15891432762146,2021-06-19 16:58:46.050551,2021-06-19 16:58:49.214884,0 days 00:00:03.164333,30,0.9718724877647464,9,10,30,26,81,"[900, 2963]",COMPLETE
4068,4068,0.23741231356282977,2.6496524810791016,2021-06-19 16:58:49.217587,2021-06-19 16:58:51.872545,0 days 00:00:02.654958,20,0.7044121314824888,10,9,11,26,81,"[1599, 3307]",COMPLETE
4069,4069,0.23378601919061814,2.7652547359466553,2021-06-19 16:58:51.875390,2021-06-19 16:58:54.646455,0 days 00:00:02.771065,20,0.6718593618702099,10,1,30,25,81,"[3195, 3483]",COMPLETE
4070,4070,inf,inf,2021-06-19 16:58:54.649168,2021-06-19 16:58:54.819225,0 days 00:00:00.170057,10,0.34950621826250655,10,1,10,25,81,"[1246, 1205]",COMPLETE
4071,4071,0.2284927794938465,2.6525895595550537,2021-06-19 16:58:54.826628,2021-06-19 16:58:57.501787,0 days 00:00:02.675159,20,0.7044121314824888,10,9,30,26,81,"[2963, 2465]",COMPLETE
4072,4072,0.31484098902291124,2.6491949558258057,2021-06-19 16:58:57.504660,2021-06-19 16:59:00.159295,0 days 00:00:02.654635,30,0.7044121314824888,10,9,23,3,81,"[908, 2963]",COMPLETE
4073,4073,0.27296923709181414,3.164476156234741,2021-06-19 16:59:00.161979,2021-06-19 16:59:03.331956,0 days 00:00:03.169977,10,0.775837870117549,6,1,30,23,81,"[3082, 849]",COMPLETE
4074,4074,0.23081264463904055,2.635524034500122,2021-06-19 16:59:03.334714,2021-06-19 16:59:05.975471,0 days 00:00:02.640757,20,0.7100511651342796,10,15,28,25,81,"[2659, 2762]",COMPLETE
4075,4075,0.23101460238259144,2.7498936653137207,2021-06-19 16:59:05.978234,2021-06-19 16:59:08.733286,0 days 00:00:02.755052,20,0.7044121314824888,10,1,30,25,81,"[3260, 2960]",COMPLETE
4076,4076,0.2287503036016848,2.651428461074829,2021-06-19 16:59:08.735725,2021-06-19 16:59:11.392962,0 days 00:00:02.657237,90,0.8047024443354969,10,1,28,25,81,"[2659, 1312]",COMPLETE
4077,4077,0.24558746829815245,2.6410233974456787,2021-06-19 16:59:11.395562,2021-06-19 16:59:14.042090,0 days 00:00:02.646528,20,0.7044121314824888,10,14,2,22,81,"[316, 1205]",COMPLETE
4078,4078,0.23385085253589596,2.7220394611358643,2021-06-19 16:59:14.044430,2021-06-19 16:59:16.771679,0 days 00:00:02.727249,50,0.7044121314824888,10,1,30,25,81,"[1929, 3195]",COMPLETE
4079,4079,0.2313227644815148,2.5330495834350586,2021-06-19 16:59:16.774378,2021-06-19 16:59:19.312789,0 days 00:00:02.538411,10,0.8047024443354969,10,1,24,25,81,"[3814, 2229]",COMPLETE
4080,4080,0.2633412631472948,3.2435154914855957,2021-06-19 16:59:19.315564,2021-06-19 16:59:22.564548,0 days 00:00:03.248984,20,0.8584414253353976,6,15,24,26,81,"[2762, 2486]",COMPLETE
4081,4081,0.2316913671233924,2.638484239578247,2021-06-19 16:59:22.567217,2021-06-19 16:59:25.210837,0 days 00:00:02.643620,20,0.7100511651342796,10,15,24,25,81,"[2960, 2762]",COMPLETE
4082,4082,0.26555857240096414,3.473741054534912,2021-06-19 16:59:25.213608,2021-06-19 16:59:28.692700,0 days 00:00:03.479092,10,0.9578385761627151,6,1,30,25,81,"[3760, 2659]",COMPLETE
4083,4083,0.22883762163461885,2.750269651412964,2021-06-19 16:59:28.695500,2021-06-19 16:59:31.450934,0 days 00:00:02.755434,20,0.8047024443354969,10,1,30,25,81,"[3260, 1745]",COMPLETE
4084,4084,inf,inf,2021-06-19 16:59:31.453558,2021-06-19 16:59:31.926424,0 days 00:00:00.472866,70,0.603627004462215,10,1,24,26,81,"[2762, 3814]",COMPLETE
4085,4085,0.23200545149126717,2.615795850753784,2021-06-19 16:59:31.930664,2021-06-19 16:59:34.559648,0 days 00:00:02.628984,20,0.7492482924832433,10,1,30,25,81,"[2209, 1897]",COMPLETE
4086,4086,0.22991276541048125,2.784447431564331,2021-06-19 16:59:34.562253,2021-06-19 16:59:37.351882,0 days 00:00:02.789629,20,0.7044121314824888,10,9,30,25,81,"[1218, 3100]",COMPLETE
4087,4087,0.22860986749676382,2.6080501079559326,2021-06-19 16:59:37.354538,2021-06-19 16:59:39.967694,0 days 00:00:02.613156,10,0.7044121314824888,10,9,30,25,81,"[3105, 1244]",COMPLETE
4088,4088,inf,inf,2021-06-19 16:59:39.970462,2021-06-19 16:59:40.144307,0 days 00:00:00.173845,60,0.30889222996647653,10,9,14,26,81,"[2229, 2963]",COMPLETE
