,number,values_0,values_1,datetime_start,datetime_complete,duration,params_checks,params_n_ratio,params_nskip,params_trees,params_w1,params_w2,system_attrs_nsga2:generation,system_attrs_nsga2:parents,state
7880,7880,0.26462428677447775,2.5800185203552246,2021-06-19 20:37:19.352200,2021-06-19 20:37:21.941792,0 days 00:00:02.589592,20,0.7044121314824888,10,1,30,12,157,"[880, 6684]",COMPLETE
7881,7881,0.23293938217657326,2.770657777786255,2021-06-19 20:37:21.946023,2021-06-19 20:37:24.733038,0 days 00:00:02.787015,20,0.775837870117549,10,3,30,25,157,"[5853, 6835]",COMPLETE
7882,7882,0.23096111816378112,2.610513925552368,2021-06-19 20:37:24.737402,2021-06-19 20:37:27.358240,0 days 00:00:02.620838,20,0.7492482924832433,10,1,30,25,157,"[6763, 1735]",COMPLETE
7883,7883,0.23319535555405724,2.5277459621429443,2021-06-19 20:37:27.362628,2021-06-19 20:37:29.899961,0 days 00:00:02.537333,20,0.7044121314824888,10,1,30,26,157,"[3256, 4236]",COMPLETE
7884,7884,0.2365617319125,2.8197500705718994,2021-06-19 20:37:29.904195,2021-06-19 20:37:32.733311,0 days 00:00:02.829116,10,0.7492482924832433,10,1,30,26,157,"[6854, 1028]",COMPLETE
7885,7885,0.23057197600231039,2.5667762756347656,2021-06-19 20:37:32.737471,2021-06-19 20:37:35.313529,0 days 00:00:02.576058,20,0.8047024443354969,10,1,30,25,157,"[5641, 4943]",COMPLETE
7886,7886,0.23133031223131675,2.624516725540161,2021-06-19 20:37:35.317950,2021-06-19 20:37:37.952114,0 days 00:00:02.634164,20,0.775837870117549,10,1,30,25,157,"[7631, 2991]",COMPLETE
7887,7887,0.2371186368299246,2.6070806980133057,2021-06-19 20:37:37.956261,2021-06-19 20:37:40.572863,0 days 00:00:02.616602,0,0.6947922633885619,10,1,30,26,157,"[6592, 849]",COMPLETE
7888,7888,0.23180898452024473,2.7841556072235107,2021-06-19 20:37:40.577220,2021-06-19 20:37:43.371730,0 days 00:00:02.794510,20,0.8047024443354969,10,1,24,26,157,"[7005, 2063]",COMPLETE
7889,7889,0.23482770564363745,2.6229751110076904,2021-06-19 20:37:43.375782,2021-06-19 20:37:46.008188,0 days 00:00:02.632406,20,0.7044121314824888,10,1,30,25,157,"[3100, 3100]",COMPLETE
7890,7890,0.2302907388505491,2.7348692417144775,2021-06-19 20:37:46.012505,2021-06-19 20:37:48.756993,0 days 00:00:02.744488,20,0.775837870117549,10,1,30,25,157,"[5853, 3195]",COMPLETE
7891,7891,0.23193316124794322,2.5671544075012207,2021-06-19 20:37:48.761193,2021-06-19 20:37:51.337706,0 days 00:00:02.576513,20,0.7044121314824888,10,1,30,25,157,"[7005, 6684]",COMPLETE
7892,7892,0.23080019517096373,2.6879711151123047,2021-06-19 20:37:51.342061,2021-06-19 20:37:54.039612,0 days 00:00:02.697551,20,0.7044121314824888,10,7,30,25,157,"[4419, 3100]",COMPLETE
7893,7893,0.23346493309607277,2.8306756019592285,2021-06-19 20:37:54.043809,2021-06-19 20:37:56.883912,0 days 00:00:02.840103,10,0.7492482924832433,10,1,30,25,157,"[1389, 1389]",COMPLETE
7894,7894,0.2304464892889789,2.5727694034576416,2021-06-19 20:37:56.888179,2021-06-19 20:37:59.471289,0 days 00:00:02.583110,20,0.7492482924832433,10,1,30,25,157,"[5145, 6763]",COMPLETE
7895,7895,0.2520480762500422,2.8671019077301025,2021-06-19 20:37:59.475628,2021-06-19 20:38:02.352317,0 days 00:00:02.876689,20,0.775837870117549,7,1,30,25,157,"[3082, 2991]",COMPLETE
7896,7896,0.31291864419063686,2.5590426921844482,2021-06-19 20:38:02.356980,2021-06-19 20:38:04.926657,0 days 00:00:02.569677,20,0.775837870117549,10,1,4,3,157,"[3082, 3256]",COMPLETE
7897,7897,0.22710392188029047,2.735424518585205,2021-06-19 20:38:04.930959,2021-06-19 20:38:07.675780,0 days 00:00:02.744821,20,0.775837870117549,10,1,30,25,157,"[6968, 4879]",COMPLETE
7898,7898,0.23280380448518856,2.6226565837860107,2021-06-19 20:38:07.680212,2021-06-19 20:38:10.312700,0 days 00:00:02.632488,20,0.8047024443354969,10,8,24,26,157,"[2063, 6854]",COMPLETE
7899,7899,inf,inf,2021-06-19 20:38:10.316845,2021-06-19 20:38:10.546468,0 days 00:00:00.229623,20,0.326983007612907,10,1,30,25,157,"[6684, 2209]",COMPLETE
7900,7900,0.2962490653203332,3.8759889602661133,2021-06-19 20:38:10.557716,2021-06-19 20:39:26.253882,0 days 00:01:15.696166,20,0.8047024443354969,3,1,30,25,158,"[6219, 7631]",COMPLETE
7901,7901,inf,inf,2021-06-19 20:39:26.262982,2021-06-19 20:39:27.018089,0 days 00:00:00.755107,40,0.539284077325411,3,1,30,25,158,"[5641, 6219]",COMPLETE
7902,7902,0.2933756284570124,2.6521074771881104,2021-06-19 20:39:27.033436,2021-06-19 20:39:29.742045,0 days 00:00:02.708609,20,0.7492482924832433,10,16,24,4,158,"[2078, 2209]",COMPLETE
7903,7903,0.23298050805474926,2.715017080307007,2021-06-19 20:39:29.746226,2021-06-19 20:39:32.470768,0 days 00:00:02.724542,20,0.775837870117549,10,10,26,26,158,"[411, 5654]",COMPLETE
7904,7904,0.23262844071525662,2.7826197147369385,2021-06-19 20:39:32.475146,2021-06-19 20:39:35.267583,0 days 00:00:02.792437,20,0.775837870117549,10,1,30,29,158,"[7855, 6351]",COMPLETE
7905,7905,0.2435827859718614,2.774545907974243,2021-06-19 20:39:35.272149,2021-06-19 20:39:38.057244,0 days 00:00:02.785095,20,0.775837870117549,8,15,30,25,158,"[5495, 7631]",COMPLETE
7906,7906,0.2367762873774781,2.609616279602051,2021-06-19 20:39:38.061250,2021-06-19 20:39:40.680359,0 days 00:00:02.619109,20,0.7044121314824888,10,1,29,24,158,"[4236, 1159]",COMPLETE
7907,7907,0.23498723950194322,2.7845141887664795,2021-06-19 20:39:40.684761,2021-06-19 20:39:43.478889,0 days 00:00:02.794128,20,0.6415492259649922,10,8,22,23,158,"[5641, 849]",COMPLETE
7908,7908,0.23142069384517283,2.5635757446289062,2021-06-19 20:39:43.483213,2021-06-19 20:39:46.056184,0 days 00:00:02.572971,40,0.775837870117549,10,1,30,25,158,"[4419, 2209]",COMPLETE
7909,7909,0.30911036481052456,2.7698051929473877,2021-06-19 20:39:46.060504,2021-06-19 20:39:48.839884,0 days 00:00:02.779380,20,0.7044121314824888,10,1,30,6,158,"[1389, 3195]",COMPLETE
7910,7910,0.22937208247958532,2.6026320457458496,2021-06-19 20:39:48.844126,2021-06-19 20:39:51.456184,0 days 00:00:02.612058,20,0.775837870117549,10,1,30,26,158,"[6751, 900]",COMPLETE
7911,7911,0.32151184707974867,13.449382305145264,2021-06-19 20:39:51.460245,2021-06-19 20:40:04.919115,0 days 00:00:13.458870,20,0.9875492949375408,0,1,30,25,158,"[7871, 7005]",COMPLETE
7912,7912,0.2683254912121193,2.5698904991149902,2021-06-19 20:40:04.923432,2021-06-19 20:40:07.502811,0 days 00:00:02.579379,20,0.775837870117549,10,1,30,9,158,"[7871, 3082]",COMPLETE
7913,7913,0.23133050855466147,2.634991407394409,2021-06-19 20:40:07.506887,2021-06-19 20:40:10.151246,0 days 00:00:02.644359,30,0.7044121314824888,10,9,30,26,158,"[2963, 7005]",COMPLETE
7914,7914,0.22748686857783174,2.7694036960601807,2021-06-19 20:40:10.155707,2021-06-19 20:40:12.934395,0 days 00:00:02.778688,20,0.775837870117549,10,1,30,24,158,"[7735, 7735]",COMPLETE
7915,7915,0.26225343074511276,2.547229528427124,2021-06-19 20:40:12.938875,2021-06-19 20:40:15.496225,0 days 00:00:02.557350,20,0.775837870117549,10,1,5,14,158,"[7855, 2991]",COMPLETE
7916,7916,0.2345966309853744,2.556081533432007,2021-06-19 20:40:15.500750,2021-06-19 20:40:18.066508,0 days 00:00:02.565758,20,0.8133601928460465,10,1,30,26,158,"[5654, 6592]",COMPLETE
7917,7917,0.2913847926772214,3.0820157527923584,2021-06-19 20:40:18.070478,2021-06-19 20:40:21.161987,0 days 00:00:03.091509,20,0.775837870117549,6,1,30,7,158,"[7631, 7735]",COMPLETE
7918,7918,0.23009460636147175,2.578632116317749,2021-06-19 20:40:21.166253,2021-06-19 20:40:23.754366,0 days 00:00:02.588113,20,0.7492482924832433,10,1,30,25,158,"[3195, 1028]",COMPLETE
7919,7919,0.2569907947810765,3.3753209114074707,2021-06-19 20:40:23.758773,2021-06-19 20:40:27.143940,0 days 00:00:03.385167,20,0.9934441530126614,7,1,30,25,158,"[6968, 3100]",COMPLETE
7920,7920,0.22662322438972654,2.7828521728515625,2021-06-19 20:40:27.148325,2021-06-19 20:40:29.940582,0 days 00:00:02.792257,20,0.775837870117549,10,1,30,24,158,"[7735, 6351]",COMPLETE
7921,7921,0.23511945011130095,2.59533953666687,2021-06-19 20:40:29.944930,2021-06-19 20:40:32.550198,0 days 00:00:02.605268,50,0.7492482924832433,10,1,15,26,158,"[7631, 2078]",COMPLETE
7922,7922,0.23867276908312057,2.5869240760803223,2021-06-19 20:40:32.554453,2021-06-19 20:40:35.150806,0 days 00:00:02.596353,10,0.7492482924832433,10,1,30,30,158,"[880, 1028]",COMPLETE
7923,7923,0.228014849360416,2.7871785163879395,2021-06-19 20:40:35.155146,2021-06-19 20:40:37.951902,0 days 00:00:02.796756,40,0.8047024443354969,10,1,30,25,158,"[2063, 7519]",COMPLETE
7924,7924,0.29196826199869214,3.5528650283813477,2021-06-19 20:40:37.956165,2021-06-19 20:40:41.518938,0 days 00:00:03.562773,10,0.603627004462215,4,8,30,26,158,"[6835, 316]",COMPLETE
7925,7925,inf,inf,2021-06-19 20:40:41.523446,2021-06-19 20:40:41.690656,0 days 00:00:00.167210,20,0.3324572086774538,10,1,30,25,158,"[6763, 6763]",COMPLETE
7926,7926,0.2291544586889128,2.5135271549224854,2021-06-19 20:40:41.699561,2021-06-19 20:40:44.237756,0 days 00:00:02.538195,20,0.775837870117549,10,1,30,26,158,"[6835, 6684]",COMPLETE
7927,7927,0.2602845188604727,3.208817481994629,2021-06-19 20:40:44.242034,2021-06-19 20:40:47.471055,0 days 00:00:03.229021,60,0.775837870117549,6,1,30,25,158,"[5853, 4419]",COMPLETE
7928,7928,0.2320740438498584,2.578984498977661,2021-06-19 20:40:47.475368,2021-06-19 20:40:50.063755,0 days 00:00:02.588387,20,0.8047024443354969,10,1,30,25,158,"[4943, 3195]",COMPLETE
7929,7929,0.23029816177577977,2.625936985015869,2021-06-19 20:40:50.068106,2021-06-19 20:40:52.703737,0 days 00:00:02.635631,50,0.7492482924832433,10,1,24,25,158,"[1389, 2209]",COMPLETE
7930,7930,0.2965390469665335,4.461461782455444,2021-06-19 20:40:52.708051,2021-06-19 20:40:57.179397,0 days 00:00:04.471346,20,0.8047024443354969,2,1,30,25,158,"[7735, 4943]",COMPLETE
7931,7931,0.22731477763319147,2.7046029567718506,2021-06-19 20:40:57.183880,2021-06-19 20:40:59.897857,0 days 00:00:02.713977,20,0.7492482924832433,10,9,30,25,158,"[6763, 1244]",COMPLETE
7932,7932,0.23025927831902668,2.8227925300598145,2021-06-19 20:40:59.902296,2021-06-19 20:41:02.734910,0 days 00:00:02.832614,20,0.8110310124497508,10,1,30,25,158,"[7871, 7631]",COMPLETE
7933,7933,inf,inf,2021-06-19 20:41:02.739212,2021-06-19 20:41:02.892723,0 days 00:00:00.153511,20,0.40222226347889833,10,1,30,25,158,"[880, 6219]",COMPLETE
7934,7934,0.22930168396446454,2.6763792037963867,2021-06-19 20:41:02.903975,2021-06-19 20:41:05.631103,0 days 00:00:02.727128,30,0.8595458501084494,10,14,30,26,158,"[2963, 3260]",COMPLETE
7935,7935,0.239492546176975,2.609367609024048,2021-06-19 20:41:05.635588,2021-06-19 20:41:08.254591,0 days 00:00:02.619003,40,0.603627004462215,10,1,30,26,158,"[6751, 316]",COMPLETE
7936,7936,0.32080933570006503,9.169069051742554,2021-06-19 20:41:08.258634,2021-06-19 20:41:17.437379,0 days 00:00:09.178745,20,0.7044121314824888,0,1,24,25,158,"[1244, 1735]",COMPLETE
7937,7937,0.22878542872385327,2.6300928592681885,2021-06-19 20:41:17.441742,2021-06-19 20:41:20.081631,0 days 00:00:02.639889,20,0.7044121314824888,10,9,30,25,158,"[7631, 3260]",COMPLETE
7938,7938,0.2838994720042002,3.3176090717315674,2021-06-19 20:41:20.085889,2021-06-19 20:41:23.413054,0 days 00:00:03.327165,20,0.7492482924832433,4,1,30,25,158,"[1929, 2078]",COMPLETE
7939,7939,0.31726901462094464,5.5906081199646,2021-06-19 20:41:23.417469,2021-06-19 20:41:29.017758,0 days 00:00:05.600289,10,0.6415492259649922,1,1,0,23,158,"[849, 1159]",COMPLETE
7940,7940,0.2334666469093079,2.5699260234832764,2021-06-19 20:41:29.022169,2021-06-19 20:41:31.601640,0 days 00:00:02.579471,10,0.7492482924832433,10,1,22,23,158,"[849, 1735]",COMPLETE
7941,7941,0.2297712757867766,2.583828926086426,2021-06-19 20:41:31.606309,2021-06-19 20:41:34.200702,0 days 00:00:02.594393,40,0.775837870117549,10,1,30,25,158,"[5145, 6751]",COMPLETE
7942,7942,0.2336633454731814,2.8774211406707764,2021-06-19 20:41:34.205138,2021-06-19 20:41:37.091954,0 days 00:00:02.886816,30,0.7044121314824888,10,9,30,26,158,"[2963, 7005]",COMPLETE
7943,7943,0.23368274039684525,2.5652992725372314,2021-06-19 20:41:37.096583,2021-06-19 20:41:39.672274,0 days 00:00:02.575691,20,0.6121701066112466,10,1,30,24,158,"[1159, 1159]",COMPLETE
7944,7944,0.2300292682227934,2.7066421508789062,2021-06-19 20:41:39.676728,2021-06-19 20:41:42.392978,0 days 00:00:02.716250,20,0.7044121314824888,10,1,30,25,158,"[1028, 1159]",COMPLETE
7945,7945,inf,inf,2021-06-19 20:41:42.397237,2021-06-19 20:41:42.598062,0 days 00:00:00.200825,70,0.46855787469131494,10,1,26,7,158,"[316, 411]",COMPLETE
7946,7946,inf,inf,2021-06-19 20:41:42.605126,2021-06-19 20:41:42.779756,0 days 00:00:00.174630,20,0.3219780088124384,10,1,30,6,158,"[1929, 3260]",COMPLETE
7947,7947,0.2377190867496569,2.5417819023132324,2021-06-19 20:41:42.788917,2021-06-19 20:41:45.364629,0 days 00:00:02.575712,20,0.7492482924832433,10,1,17,25,158,"[900, 5853]",COMPLETE
7948,7948,0.2285422047857509,2.611506462097168,2021-06-19 20:41:45.369154,2021-06-19 20:41:47.990271,0 days 00:00:02.621117,20,0.7044121314824888,10,9,23,25,158,"[411, 4781]",COMPLETE
7949,7949,0.2577772293633855,3.168476104736328,2021-06-19 20:41:47.994727,2021-06-19 20:41:51.173928,0 days 00:00:03.179201,40,0.775837870117549,6,2,30,26,158,"[6751, 3760]",COMPLETE
7950,7950,0.2532301793297328,2.7342588901519775,2021-06-19 20:41:51.178353,2021-06-19 20:41:53.971402,0 days 00:00:02.793049,0,0.7044121314824888,10,9,0,25,159,"[1244, 1159]",COMPLETE
7951,7951,0.23218824000973748,2.624049663543701,2021-06-19 20:41:53.975807,2021-06-19 20:41:56.609730,0 days 00:00:02.633923,20,0.7215932900715718,10,2,30,25,159,"[6763, 1389]",COMPLETE
7952,7952,0.2328349233276762,2.7505533695220947,2021-06-19 20:41:56.614171,2021-06-19 20:41:59.374314,0 days 00:00:02.760143,20,0.775837870117549,10,2,30,25,159,"[4236, 7631]",COMPLETE
7953,7953,inf,inf,2021-06-19 20:41:59.378680,2021-06-19 20:41:59.586797,0 days 00:00:00.208117,80,0.3359674488575063,10,1,30,25,159,"[6763, 6854]",COMPLETE
7954,7954,0.2999974707588841,4.308130741119385,2021-06-19 20:41:59.595442,2021-06-19 20:42:03.926623,0 days 00:00:04.331181,20,0.775837870117549,2,1,30,26,159,"[2991, 3566]",COMPLETE
7955,7955,0.22976610382242982,2.741832733154297,2021-06-19 20:42:03.931092,2021-06-19 20:42:06.682585,0 days 00:00:02.751493,30,0.7044121314824888,10,1,30,26,159,"[7519, 2963]",COMPLETE
7956,7956,0.24441133555433336,2.7400758266448975,2021-06-19 20:42:06.686854,2021-06-19 20:42:09.436496,0 days 00:00:02.749642,20,0.7492482924832433,8,1,30,25,159,"[5495, 1735]",COMPLETE
7957,7957,0.29608128967703806,3.6686863899230957,2021-06-19 20:42:09.440690,2021-06-19 20:42:13.119103,0 days 00:00:03.678413,20,0.7044121314824888,3,1,30,25,159,"[4236, 1929]",COMPLETE
7958,7958,0.3018974434709943,4.447275400161743,2021-06-19 20:42:13.123116,2021-06-19 20:42:17.579961,0 days 00:00:04.456845,10,0.7492482924832433,2,1,30,25,159,"[1028, 6854]",COMPLETE
7959,7959,0.243446377470463,2.60630464553833,2021-06-19 20:42:17.583737,2021-06-19 20:42:20.199472,0 days 00:00:02.615735,20,0.7044121314824888,10,9,2,26,159,"[411, 5495]",COMPLETE
7960,7960,0.22823800527446872,2.592174530029297,2021-06-19 20:42:20.203927,2021-06-19 20:42:22.805709,0 days 00:00:02.601782,20,0.775837870117549,10,1,30,27,159,"[5852, 6751]",COMPLETE
7961,7961,0.23360430590374798,2.8407411575317383,2021-06-19 20:42:22.809812,2021-06-19 20:42:25.660299,0 days 00:00:02.850487,20,0.8960177276041383,10,1,30,26,159,"[3256, 6968]",COMPLETE
7962,7962,0.2307271405417152,2.655522108078003,2021-06-19 20:42:25.664465,2021-06-19 20:42:28.329651,0 days 00:00:02.665186,20,0.7492482924832433,10,16,24,25,159,"[316, 900]",COMPLETE
7963,7963,inf,inf,2021-06-19 20:42:28.333993,2021-06-19 20:42:28.503165,0 days 00:00:00.169172,20,0.3576299327458663,10,1,30,26,159,"[6592, 3566]",COMPLETE
7964,7964,0.23158445536959574,2.560762882232666,2021-06-19 20:42:28.516252,2021-06-19 20:42:31.110706,0 days 00:00:02.594454,20,0.775837870117549,10,1,30,22,159,"[5853, 7735]",COMPLETE
7965,7965,0.23656588413670604,2.8133363723754883,2021-06-19 20:42:31.115126,2021-06-19 20:42:33.938434,0 days 00:00:02.823308,40,0.7920387446136039,10,9,10,25,159,"[411, 4419]",COMPLETE
7966,7966,0.2347847854632875,2.630620002746582,2021-06-19 20:42:33.942685,2021-06-19 20:42:36.583037,0 days 00:00:02.640352,0,0.7044121314824888,10,14,30,25,159,"[3100, 7005]",COMPLETE
7967,7967,0.22958559921067279,2.560816764831543,2021-06-19 20:42:36.587320,2021-06-19 20:42:39.157556,0 days 00:00:02.570236,20,0.775837870117549,10,1,30,26,159,"[5641, 6854]",COMPLETE
7968,7968,0.22651705773460004,2.7879202365875244,2021-06-19 20:42:39.161742,2021-06-19 20:42:41.959145,0 days 00:00:02.797403,40,0.7492482924832433,10,1,30,26,159,"[6763, 6763]",COMPLETE
7969,7969,0.23977151403859207,2.5767359733581543,2021-06-19 20:42:41.963392,2021-06-19 20:42:44.549541,0 days 00:00:02.586149,20,0.8047024443354969,10,1,24,30,159,"[2063, 2063]",COMPLETE
7970,7970,0.2541904407827907,2.827467441558838,2021-06-19 20:42:44.553590,2021-06-19 20:42:47.390777,0 days 00:00:02.837187,20,0.7492482924832433,7,1,30,25,159,"[6763, 5853]",COMPLETE
7971,7971,0.23968600435882062,2.7523324489593506,2021-06-19 20:42:47.395169,2021-06-19 20:42:50.157018,0 days 00:00:02.761849,10,0.603627004462215,10,1,8,25,159,"[316, 7871]",COMPLETE
7972,7972,0.23591077564909466,2.655963897705078,2021-06-19 20:42:50.161256,2021-06-19 20:42:52.826663,0 days 00:00:02.665407,20,0.7044121314824888,10,15,30,23,159,"[849, 5495]",COMPLETE
7973,7973,0.24451033488004614,2.635507345199585,2021-06-19 20:42:52.830768,2021-06-19 20:42:55.475935,0 days 00:00:02.645167,20,0.7044121314824888,10,9,0,26,159,"[1244, 3256]",COMPLETE
7974,7974,0.23458338324243855,2.7706093788146973,2021-06-19 20:42:55.480369,2021-06-19 20:42:58.260601,0 days 00:00:02.780232,10,0.6723400135542899,10,1,24,26,159,"[6751, 5379]",COMPLETE
7975,7975,0.2360516488702418,2.569622278213501,2021-06-19 20:42:58.264861,2021-06-19 20:43:00.843916,0 days 00:00:02.579055,10,0.7492482924832433,10,1,22,23,159,"[1389, 849]",COMPLETE
7976,7976,0.24935632872649505,2.6361560821533203,2021-06-19 20:43:00.847982,2021-06-19 20:43:03.493829,0 days 00:00:02.645847,40,0.775837870117549,10,1,30,17,159,"[3760, 7926]",COMPLETE
7977,7977,0.23128294754303974,2.9130711555480957,2021-06-19 20:43:03.498012,2021-06-19 20:43:06.420960,0 days 00:00:02.922948,30,0.775837870117549,10,9,30,25,159,"[1244, 7770]",COMPLETE
7978,7978,0.23209980253603296,2.568610429763794,2021-06-19 20:43:06.425222,2021-06-19 20:43:09.003536,0 days 00:00:02.578314,40,0.653626202639692,10,1,30,26,159,"[316, 3760]",COMPLETE
7979,7979,0.3084376504155452,2.5544023513793945,2021-06-19 20:43:09.007866,2021-06-19 20:43:11.572250,0 days 00:00:02.564384,20,0.8047024443354969,10,1,30,3,159,"[6219, 2991]",COMPLETE
7980,7980,0.23656701696730031,2.75968337059021,2021-06-19 20:43:11.576543,2021-06-19 20:43:14.345836,0 days 00:00:02.769293,40,0.6917085817549578,10,1,24,25,159,"[2063, 3760]",COMPLETE
7981,7981,0.2332457949196919,2.6149792671203613,2021-06-19 20:43:14.350117,2021-06-19 20:43:16.974476,0 days 00:00:02.624359,20,0.7492482924832433,10,13,23,26,159,"[2078, 2078]",COMPLETE
7982,7982,0.2276858619048812,2.566175699234009,2021-06-19 20:43:16.978848,2021-06-19 20:43:19.554443,0 days 00:00:02.575595,20,0.775837870117549,10,1,30,26,159,"[3256, 7005]",COMPLETE
7983,7983,0.23449048202374953,2.761653184890747,2021-06-19 20:43:19.558775,2021-06-19 20:43:22.330438,0 days 00:00:02.771663,20,0.849780106765964,10,1,30,25,159,"[5641, 6763]",COMPLETE
7984,7984,0.2845793880358481,3.7127127647399902,2021-06-19 20:43:22.334647,2021-06-19 20:43:26.057006,0 days 00:00:03.722359,20,0.7058229671523053,3,1,24,26,159,"[5654, 900]",COMPLETE
7985,7985,0.23445766560696343,2.6254920959472656,2021-06-19 20:43:26.061411,2021-06-19 20:43:28.696573,0 days 00:00:02.635162,10,0.7492482924832433,9,1,30,25,159,"[1028, 1028]",COMPLETE
7986,7986,inf,inf,2021-06-19 20:43:28.700962,2021-06-19 20:43:29.151186,0 days 00:00:00.450224,20,0.5822010585586999,10,1,7,26,159,"[5654, 7926]",COMPLETE
7987,7987,inf,inf,2021-06-19 20:43:29.162335,2021-06-19 20:43:29.650716,0 days 00:00:00.488381,20,0.5819846195460616,10,1,22,19,159,"[3566, 3760]",COMPLETE
7988,7988,0.2323901324509708,2.8292999267578125,2021-06-19 20:43:29.660449,2021-06-19 20:43:32.513507,0 days 00:00:02.853058,80,0.7044121314824888,10,1,30,26,159,"[3260, 5654]",COMPLETE
7989,7989,0.23187204195250705,2.5945208072662354,2021-06-19 20:43:32.517860,2021-06-19 20:43:35.122042,0 days 00:00:02.604182,10,0.7492482924832433,10,1,30,25,159,"[880, 4236]",COMPLETE
7990,7990,0.22935828085228943,2.588559865951538,2021-06-19 20:43:35.126653,2021-06-19 20:43:37.725641,0 days 00:00:02.598988,20,0.775837870117549,10,1,30,25,159,"[2991, 5852]",COMPLETE
7991,7991,0.23370477237185838,2.7183678150177,2021-06-19 20:43:37.730013,2021-06-19 20:43:40.457977,0 days 00:00:02.727964,20,0.7044121314824888,10,1,30,25,159,"[900, 1244]",COMPLETE
7992,7992,inf,inf,2021-06-19 20:43:40.462340,2021-06-19 20:43:40.774880,0 days 00:00:00.312540,20,0.5167873238404933,10,1,30,25,159,"[5654, 5641]",COMPLETE
7993,7993,0.2352493272033248,2.5739152431488037,2021-06-19 20:43:40.789076,2021-06-19 20:43:43.387636,0 days 00:00:02.598560,10,0.7044121314824888,10,1,9,25,159,"[880, 2209]",COMPLETE
7994,7994,inf,inf,2021-06-19 20:43:43.391937,2021-06-19 20:43:43.563326,0 days 00:00:00.171389,20,0.39363601951003746,10,1,30,26,159,"[6592, 6592]",COMPLETE
7995,7995,0.2716217061904669,2.6246933937072754,2021-06-19 20:43:43.572499,2021-06-19 20:43:46.227984,0 days 00:00:02.655485,70,0.7492482924832433,10,1,23,11,159,"[5654, 2078]",COMPLETE
7996,7996,0.2320564756114171,2.883718729019165,2021-06-19 20:43:46.232335,2021-06-19 20:43:49.125727,0 days 00:00:02.893392,40,0.6748169363056811,10,9,30,25,159,"[1244, 6835]",COMPLETE
7997,7997,inf,inf,2021-06-19 20:43:49.130150,2021-06-19 20:43:49.280957,0 days 00:00:00.150807,80,0.41198866303915316,10,1,30,26,159,"[5654, 5145]",COMPLETE
7998,7998,0.23416011906458098,2.6208643913269043,2021-06-19 20:43:49.300843,2021-06-19 20:43:51.953776,0 days 00:00:02.652933,30,0.7044121314824888,10,1,30,26,159,"[5853, 2209]",COMPLETE
