,number,values_0,values_1,datetime_start,datetime_complete,duration,params_checks,params_n_ratio,params_nskip,params_trees,params_w1,params_w2,system_attrs_nsga2:generation,system_attrs_nsga2:parents,state
6578,6578,0.23304814160394408,2.5804457664489746,2021-06-19 19:23:17.350425,2021-06-19 19:23:19.938566,0 days 00:00:02.588141,20,0.7167086230884723,10,1,30,25,131,"[3195, 3195]",COMPLETE
6579,6579,0.2929568311006369,3.9047417640686035,2021-06-19 19:23:19.942339,2021-06-19 19:23:23.855398,0 days 00:00:03.913059,20,0.7044121314824888,3,15,30,25,131,"[1929, 5495]",COMPLETE
6580,6580,0.23909497847727984,2.934324026107788,2021-06-19 19:23:23.859109,2021-06-19 19:23:26.801497,0 days 00:00:02.942388,20,0.7044121314824888,8,9,26,26,131,"[6351, 3256]",COMPLETE
6581,6581,0.2533856730948519,2.825788974761963,2021-06-19 19:23:26.805154,2021-06-19 19:23:29.639096,0 days 00:00:02.833942,40,0.7044121314824888,7,1,13,25,131,"[2659, 1006]",COMPLETE
6582,6582,0.2350704844945378,2.7222981452941895,2021-06-19 19:23:29.642924,2021-06-19 19:23:32.373304,0 days 00:00:02.730380,80,0.8047024443354969,10,1,30,29,131,"[4943, 1389]",COMPLETE
6583,6583,0.23879446669146748,2.7592685222625732,2021-06-19 19:23:32.377108,2021-06-19 19:23:35.144464,0 days 00:00:02.767356,20,0.775837870117549,10,1,9,26,131,"[6351, 2063]",COMPLETE
6584,6584,0.2316702697847761,2.657421350479126,2021-06-19 19:23:35.147788,2021-06-19 19:23:37.813161,0 days 00:00:02.665373,10,0.7044121314824888,10,9,30,25,131,"[3483, 5381]",COMPLETE
6585,6585,0.25735134169193336,3.035126209259033,2021-06-19 19:23:37.816896,2021-06-19 19:23:40.860297,0 days 00:00:03.043401,20,0.775837870117549,6,9,30,26,131,"[3566, 5654]",COMPLETE
6586,6586,0.23179902870296695,2.7844977378845215,2021-06-19 19:23:40.863998,2021-06-19 19:23:43.656450,0 days 00:00:02.792452,10,0.7492482924832433,10,1,30,26,131,"[1028, 5654]",COMPLETE
6587,6587,0.23189098495226665,2.590719699859619,2021-06-19 19:23:43.660253,2021-06-19 19:23:46.259044,0 days 00:00:02.598791,30,0.8755106433528743,10,1,30,26,131,"[4236, 1974]",COMPLETE
6588,6588,0.23682107500771213,2.9072389602661133,2021-06-19 19:23:46.262799,2021-06-19 19:23:49.178291,0 days 00:00:02.915492,0,0.775837870117549,10,9,30,26,131,"[5853, 1218]",COMPLETE
6589,6589,0.23367018271288584,2.6713263988494873,2021-06-19 19:23:49.181986,2021-06-19 19:23:51.861137,0 days 00:00:02.679151,20,0.7044121314824888,10,1,22,23,131,"[849, 3100]",COMPLETE
6590,6590,0.24525506769415636,2.5750250816345215,2021-06-19 19:23:51.864945,2021-06-19 19:23:54.448075,0 days 00:00:02.583130,20,0.7044121314824888,10,1,0,26,131,"[411, 2659]",COMPLETE
6591,6591,0.23161497235528752,2.833115339279175,2021-06-19 19:23:54.451906,2021-06-19 19:23:57.293440,0 days 00:00:02.841534,50,0.7044121314824888,10,9,22,26,131,"[411, 849]",COMPLETE
6592,6592,0.22611290076297325,2.5708484649658203,2021-06-19 19:23:57.297394,2021-06-19 19:23:59.876958,0 days 00:00:02.579564,20,0.775837870117549,10,1,30,26,131,"[6351, 5145]",COMPLETE
6593,6593,0.2296265705052027,2.568429946899414,2021-06-19 19:23:59.880691,2021-06-19 19:24:02.457065,0 days 00:00:02.576374,20,0.7044121314824888,10,1,30,26,131,"[5654, 3260]",COMPLETE
6594,6594,0.23333289679810898,2.8153233528137207,2021-06-19 19:24:02.460865,2021-06-19 19:24:05.284438,0 days 00:00:02.823573,0,0.7100511651342796,10,12,24,25,131,"[3260, 2762]",COMPLETE
6595,6595,0.2353357739876308,2.588634967803955,2021-06-19 19:24:05.288108,2021-06-19 19:24:07.885160,0 days 00:00:02.597052,20,0.775837870117549,10,6,29,27,131,"[1218, 5145]",COMPLETE
6596,6596,0.2289898962634093,2.6462934017181396,2021-06-19 19:24:07.889068,2021-06-19 19:24:10.543533,0 days 00:00:02.654465,20,0.7044121314824888,10,9,26,26,131,"[411, 1244]",COMPLETE
6597,6597,0.22807261186892147,2.7756524085998535,2021-06-19 19:24:10.547272,2021-06-19 19:24:13.331110,0 days 00:00:02.783838,20,0.8047024443354969,10,1,30,26,131,"[1218, 2229]",COMPLETE
6598,6598,0.23405905652686965,2.6323211193084717,2021-06-19 19:24:13.334793,2021-06-19 19:24:15.974766,0 days 00:00:02.639973,20,0.7044121314824888,10,9,30,25,131,"[1244, 1244]",COMPLETE
6599,6599,0.23448581529458912,2.6074955463409424,2021-06-19 19:24:15.978359,2021-06-19 19:24:18.593932,0 days 00:00:02.615573,20,0.7100511651342796,10,1,30,25,131,"[2762, 1159]",COMPLETE
6600,6600,0.2306923516547655,2.84761381149292,2021-06-19 19:24:18.597754,2021-06-19 19:25:34.388073,0 days 00:01:15.790319,20,0.917906096457511,10,1,30,25,132,"[6592, 3100]",COMPLETE
6601,6601,0.22888310640255374,2.587063789367676,2021-06-19 19:25:34.394638,2021-06-19 19:25:36.993899,0 days 00:00:02.599261,20,0.775837870117549,10,1,30,25,132,"[4236, 2991]",COMPLETE
6602,6602,0.2293363615014991,2.82106614112854,2021-06-19 19:25:36.997701,2021-06-19 19:25:39.826921,0 days 00:00:02.829220,20,0.7044121314824888,10,9,30,25,132,"[3483, 3483]",COMPLETE
6603,6603,0.23420359021422832,2.5645697116851807,2021-06-19 19:25:39.830676,2021-06-19 19:25:42.403313,0 days 00:00:02.572637,20,0.7044121314824888,10,1,30,24,132,"[3260, 1159]",COMPLETE
6604,6604,0.2270496405856404,2.5798490047454834,2021-06-19 19:25:42.407146,2021-06-19 19:25:44.995090,0 days 00:00:02.587944,40,0.7044121314824888,10,1,30,25,132,"[5654, 1929]",COMPLETE
6605,6605,0.23078381444715954,2.7535135746002197,2021-06-19 19:25:44.998865,2021-06-19 19:25:47.760450,0 days 00:00:02.761585,20,0.8047024443354969,10,1,23,25,132,"[2991, 2229]",COMPLETE
6606,6606,inf,inf,2021-06-19 19:25:47.764224,2021-06-19 19:25:47.928132,0 days 00:00:00.163908,20,0.3149290046634184,9,5,30,25,132,"[2209, 5145]",COMPLETE
6607,6607,0.23289739528294978,2.5652687549591064,2021-06-19 19:25:47.945852,2021-06-19 19:25:50.530283,0 days 00:00:02.584431,20,0.7044121314824888,10,1,30,25,132,"[3100, 2229]",COMPLETE
6608,6608,0.3441259386284975,2.632054567337036,2021-06-19 19:25:50.534060,2021-06-19 19:25:53.174210,0 days 00:00:02.640150,20,0.7044121314824888,10,9,30,1,132,"[5495, 1218]",COMPLETE
6609,6609,0.23456520943609696,2.7389872074127197,2021-06-19 19:25:53.177943,2021-06-19 19:25:55.925003,0 days 00:00:02.747060,20,0.7044121314824888,10,1,30,25,132,"[3260, 2209]",COMPLETE
6610,6610,0.22905350437839847,2.538437604904175,2021-06-19 19:25:55.928676,2021-06-19 19:25:58.474944,0 days 00:00:02.546268,20,0.7044121314824888,10,1,30,25,132,"[2229, 3100]",COMPLETE
6611,6611,0.23710817997995515,2.609628200531006,2021-06-19 19:25:58.478827,2021-06-19 19:26:01.096725,0 days 00:00:02.617898,70,0.7251345587402227,10,1,9,25,132,"[2659, 4331]",COMPLETE
6612,6612,0.23011032008132498,2.732304334640503,2021-06-19 19:26:01.100615,2021-06-19 19:26:03.841110,0 days 00:00:02.740495,20,0.7492482924832433,10,1,30,26,132,"[1218, 1735]",COMPLETE
6613,6613,0.24602536680014428,2.6224710941314697,2021-06-19 19:26:03.844674,2021-06-19 19:26:06.475049,0 days 00:00:02.630375,20,0.775837870117549,10,1,2,26,132,"[5654, 5654]",COMPLETE
6614,6614,0.2966653594950732,2.538724422454834,2021-06-19 19:26:06.478902,2021-06-19 19:26:09.025787,0 days 00:00:02.546885,20,0.7492482924832433,10,1,10,7,132,"[1028, 4943]",COMPLETE
6615,6615,0.23115608745587696,2.725738763809204,2021-06-19 19:26:09.029583,2021-06-19 19:26:11.763333,0 days 00:00:02.733750,20,0.7044121314824888,10,1,28,25,132,"[2659, 5853]",COMPLETE
6616,6616,0.2407788783882649,2.5682239532470703,2021-06-19 19:26:11.767175,2021-06-19 19:26:14.343587,0 days 00:00:02.576412,10,0.7492482924832433,10,1,30,26,132,"[1389, 1974]",COMPLETE
6617,6617,0.30068884769360404,2.8922760486602783,2021-06-19 19:26:14.347396,2021-06-19 19:26:17.247909,0 days 00:00:02.900513,80,0.7044121314824888,10,14,30,7,132,"[1028, 3195]",COMPLETE
6618,6618,0.2278471401367021,2.579551935195923,2021-06-19 19:26:17.251479,2021-06-19 19:26:19.839049,0 days 00:00:02.587570,40,0.775837870117549,10,1,30,25,132,"[3100, 3760]",COMPLETE
6619,6619,0.23215539583063632,2.6133196353912354,2021-06-19 19:26:19.842427,2021-06-19 19:26:22.463789,0 days 00:00:02.621362,50,0.7044121314824888,10,1,30,24,132,"[1159, 1159]",COMPLETE
6620,6620,0.23169074975585874,2.752331256866455,2021-06-19 19:26:22.467371,2021-06-19 19:26:25.228023,0 days 00:00:02.760652,20,0.7044121314824888,10,1,30,25,132,"[2063, 3256]",COMPLETE
6621,6621,0.26499578775691635,2.635610580444336,2021-06-19 19:26:25.231752,2021-06-19 19:26:27.875445,0 days 00:00:02.643693,90,0.775837870117549,10,1,22,14,132,"[5852, 4419]",COMPLETE
6622,6622,0.2911949532895759,3.5083181858062744,2021-06-19 19:26:27.879335,2021-06-19 19:26:31.395953,0 days 00:00:03.516618,20,0.775837870117549,4,15,30,20,132,"[5495, 3760]",COMPLETE
6623,6623,0.2292001280749501,2.7938179969787598,2021-06-19 19:26:31.399769,2021-06-19 19:26:34.201614,0 days 00:00:02.801845,20,0.7044121314824888,10,1,26,26,132,"[3256, 316]",COMPLETE
6624,6624,0.26175696676454846,3.0814197063446045,2021-06-19 19:26:34.205348,2021-06-19 19:26:37.295089,0 days 00:00:03.089741,40,0.7044121314824888,6,15,4,26,132,"[2465, 5495]",COMPLETE
6625,6625,0.23435619345827235,2.6520183086395264,2021-06-19 19:26:37.298550,2021-06-19 19:26:39.958745,0 days 00:00:02.660195,60,0.7044121314824888,10,11,9,26,132,"[5654, 2960]",COMPLETE
6626,6626,0.2922968259877495,4.542644023895264,2021-06-19 19:26:39.962440,2021-06-19 19:26:44.513363,0 days 00:00:04.550923,30,0.775837870117549,2,1,12,26,132,"[316, 6592]",COMPLETE
6627,6627,0.23107377103878043,2.5802624225616455,2021-06-19 19:26:44.516731,2021-06-19 19:26:47.104875,0 days 00:00:02.588144,40,0.775837870117549,10,1,30,25,132,"[3760, 2209]",COMPLETE
6628,6628,0.29351715446818777,4.445725679397583,2021-06-19 19:26:47.108665,2021-06-19 19:26:51.563075,0 days 00:00:04.454410,20,0.7492482924832433,2,9,4,26,132,"[2465, 900]",COMPLETE
6629,6629,0.2340887871520269,2.817868709564209,2021-06-19 19:26:51.566912,2021-06-19 19:26:54.392915,0 days 00:00:02.826003,10,0.775837870117549,10,1,30,25,132,"[880, 2991]",COMPLETE
6630,6630,0.229878665020357,2.5746214389801025,2021-06-19 19:26:54.396774,2021-06-19 19:26:56.979712,0 days 00:00:02.582938,20,0.775837870117549,10,1,30,25,132,"[316, 4879]",COMPLETE
6631,6631,0.23349365797075952,2.6247873306274414,2021-06-19 19:26:56.983387,2021-06-19 19:26:59.615986,0 days 00:00:02.632599,20,0.7892349310085682,10,1,30,25,132,"[2991, 2991]",COMPLETE
6632,6632,0.22986578182473044,2.7983040809631348,2021-06-19 19:26:59.619655,2021-06-19 19:27:02.426189,0 days 00:00:02.806534,10,0.7492482924832433,10,1,30,25,132,"[6219, 880]",COMPLETE
6633,6633,0.3202801456503159,9.034996271133423,2021-06-19 19:27:02.429932,2021-06-19 19:27:11.472887,0 days 00:00:09.042955,20,0.7044121314824888,0,1,23,25,132,"[4236, 2078]",COMPLETE
6634,6634,0.23555530087372142,3.013115882873535,2021-06-19 19:27:11.476608,2021-06-19 19:27:14.498077,0 days 00:00:03.021469,20,0.9573277212752982,10,1,24,25,132,"[5145, 2063]",COMPLETE
6635,6635,0.2413455316726919,2.605117082595825,2021-06-19 19:27:14.501676,2021-06-19 19:27:17.114907,0 days 00:00:02.613231,60,0.6415492259649922,10,1,3,23,132,"[1974, 849]",COMPLETE
6636,6636,0.2373378506720342,2.6280453205108643,2021-06-19 19:27:17.118648,2021-06-19 19:27:19.754884,0 days 00:00:02.636236,90,0.7044121314824888,10,1,11,26,132,"[3100, 1218]",COMPLETE
6637,6637,0.22697888108344874,2.7877588272094727,2021-06-19 19:27:19.758708,2021-06-19 19:27:22.554897,0 days 00:00:02.796189,60,0.775837870117549,10,1,30,25,132,"[4879, 1389]",COMPLETE
6638,6638,0.29408786554737826,3.721970558166504,2021-06-19 19:27:22.558624,2021-06-19 19:27:26.288848,0 days 00:00:03.730224,10,0.7044121314824888,3,1,25,25,132,"[411, 2659]",COMPLETE
6639,6639,0.22979870052296472,2.54476261138916,2021-06-19 19:27:26.292680,2021-06-19 19:27:28.845441,0 days 00:00:02.552761,40,0.775837870117549,10,1,30,25,132,"[4419, 849]",COMPLETE
6640,6640,0.23125150284117013,2.7705440521240234,2021-06-19 19:27:28.849303,2021-06-19 19:27:31.627946,0 days 00:00:02.778643,20,0.7044121314824888,10,1,30,25,132,"[2960, 1929]",COMPLETE
6641,6641,0.23008997988272203,2.587519884109497,2021-06-19 19:27:31.631839,2021-06-19 19:27:34.228236,0 days 00:00:02.596397,20,0.7044121314824888,10,1,28,25,132,"[5336, 2659]",COMPLETE
6642,6642,0.23557595012206672,2.5699105262756348,2021-06-19 19:27:34.232102,2021-06-19 19:27:36.810194,0 days 00:00:02.578092,20,0.7044121314824888,10,1,30,25,132,"[4236, 6351]",COMPLETE
6643,6643,0.31785577685298283,9.376212120056152,2021-06-19 19:27:36.813996,2021-06-19 19:27:46.198606,0 days 00:00:09.384610,30,0.7044121314824888,0,1,30,26,132,"[6592, 2963]",COMPLETE
6644,6644,0.23113054400861643,2.585545063018799,2021-06-19 19:27:46.202390,2021-06-19 19:27:48.796014,0 days 00:00:02.593624,20,0.775837870117549,10,1,22,25,132,"[3082, 849]",COMPLETE
6645,6645,0.2872119766266138,3.3070321083068848,2021-06-19 19:27:48.799782,2021-06-19 19:27:52.115153,0 days 00:00:03.315371,20,0.7492482924832433,4,1,30,26,132,"[2078, 3100]",COMPLETE
6646,6646,0.2661002053134685,3.0412967205047607,2021-06-19 19:27:52.119027,2021-06-19 19:27:55.168638,0 days 00:00:03.049611,10,0.6415492259649922,6,1,30,25,132,"[849, 880]",COMPLETE
6647,6647,0.24141478402446825,2.6153335571289062,2021-06-19 19:27:55.172281,2021-06-19 19:27:57.795574,0 days 00:00:02.623293,20,0.7044121314824888,10,1,2,25,132,"[4236, 4236]",COMPLETE
6648,6648,0.2827881105487572,3.4516830444335938,2021-06-19 19:27:57.799494,2021-06-19 19:28:01.259372,0 days 00:00:03.459878,60,0.775837870117549,4,1,30,26,132,"[1974, 1974]",COMPLETE
6649,6649,0.22889866869576397,2.7386608123779297,2021-06-19 19:28:01.263232,2021-06-19 19:28:04.009911,0 days 00:00:02.746679,20,0.775837870117549,10,1,30,26,132,"[6592, 1929]",COMPLETE
6650,6650,0.23545908516249936,2.579526901245117,2021-06-19 19:28:04.013748,2021-06-19 19:28:06.649499,0 days 00:00:02.635751,20,0.775837870117549,10,1,12,25,133,"[2209, 3082]",COMPLETE
6651,6651,0.2310504377920366,2.8028979301452637,2021-06-19 19:28:06.653326,2021-06-19 19:28:09.464421,0 days 00:00:02.811095,0,0.7044121314824888,10,13,30,25,133,"[4781, 1735]",COMPLETE
6652,6652,0.23226323500174662,2.595750570297241,2021-06-19 19:28:09.468160,2021-06-19 19:28:12.072045,0 days 00:00:02.603885,20,0.7044121314824888,10,9,30,25,133,"[1389, 1244]",COMPLETE
6653,6653,inf,inf,2021-06-19 19:28:12.075452,2021-06-19 19:28:12.407645,0 days 00:00:00.332193,20,0.4702187245718585,10,1,30,26,133,"[5654, 1389]",COMPLETE
6654,6654,0.23553230222567992,2.5602967739105225,2021-06-19 19:28:12.415126,2021-06-19 19:28:14.994346,0 days 00:00:02.579220,10,0.7044121314824888,10,1,30,23,133,"[1929, 2659]",COMPLETE
6655,6655,0.23690095949164625,2.7034478187561035,2021-06-19 19:28:14.998260,2021-06-19 19:28:17.709734,0 days 00:00:02.711474,10,0.8047024443354969,10,1,30,25,133,"[5336, 880]",COMPLETE
6656,6656,0.23124961946305234,2.556931257247925,2021-06-19 19:28:17.713451,2021-06-19 19:28:20.278400,0 days 00:00:02.564949,20,0.775837870117549,10,1,30,25,133,"[4943, 5145]",COMPLETE
6657,6657,0.2376102174902154,2.5582754611968994,2021-06-19 19:28:20.282173,2021-06-19 19:28:22.848308,0 days 00:00:02.566135,20,0.7044121314824888,10,1,30,24,133,"[1159, 1159]",COMPLETE
6658,6658,0.24237880193704564,2.895636796951294,2021-06-19 19:28:22.851693,2021-06-19 19:28:25.755461,0 days 00:00:02.903768,20,0.6205812680032946,8,1,30,25,133,"[1006, 4943]",COMPLETE
6659,6659,0.23101986289440754,2.6280972957611084,2021-06-19 19:28:25.759171,2021-06-19 19:28:28.395366,0 days 00:00:02.636195,30,0.7044121314824888,10,9,30,25,133,"[2963, 5145]",COMPLETE
6660,6660,inf,inf,2021-06-19 19:28:28.399217,2021-06-19 19:28:28.929644,0 days 00:00:00.530427,90,0.6105713781686852,10,9,30,25,133,"[2963, 1244]",COMPLETE
6661,6661,0.2520966154528916,2.965053081512451,2021-06-19 19:28:28.936633,2021-06-19 19:28:31.929501,0 days 00:00:02.992868,20,0.7044121314824888,6,1,30,30,133,"[1006, 4331]",COMPLETE
6662,6662,0.2954271032052475,2.8068900108337402,2021-06-19 19:28:31.933354,2021-06-19 19:28:34.748341,0 days 00:00:02.814987,20,0.7044121314824888,10,9,26,4,133,"[411, 411]",COMPLETE
6663,6663,0.24056564757074292,2.732125997543335,2021-06-19 19:28:34.752240,2021-06-19 19:28:37.492740,0 days 00:00:02.740500,0,0.775837870117549,10,1,30,25,133,"[6592, 5336]",COMPLETE
6664,6664,0.22893012683096095,2.789297342300415,2021-06-19 19:28:37.496628,2021-06-19 19:28:40.294025,0 days 00:00:02.797397,20,0.775837870117549,10,9,30,25,133,"[1244, 3566]",COMPLETE
6665,6665,0.23761918880247007,2.682636260986328,2021-06-19 19:28:40.297770,2021-06-19 19:28:42.988637,0 days 00:00:02.690867,10,0.8047024443354969,10,11,8,25,133,"[2063, 316]",COMPLETE
6666,6666,0.23275877662668124,2.684666872024536,2021-06-19 19:28:42.992633,2021-06-19 19:28:45.686281,0 days 00:00:02.693648,40,0.7044121314824888,10,15,30,25,133,"[4419, 5495]",COMPLETE
6667,6667,0.23094264161373432,2.833062171936035,2021-06-19 19:28:45.689935,2021-06-19 19:28:48.531255,0 days 00:00:02.841320,40,0.8047024443354969,10,1,30,25,133,"[6604, 4943]",COMPLETE
6668,6668,0.2741739343885862,2.5613465309143066,2021-06-19 19:28:48.534836,2021-06-19 19:28:51.104283,0 days 00:00:02.569447,20,0.7044121314824888,10,1,30,8,133,"[3260, 3100]",COMPLETE
6669,6669,0.22872098455582798,2.6332147121429443,2021-06-19 19:28:51.108110,2021-06-19 19:28:53.749488,0 days 00:00:02.641378,60,0.775837870117549,10,1,26,25,133,"[411, 5853]",COMPLETE
6670,6670,inf,inf,2021-06-19 19:28:53.753407,2021-06-19 19:28:54.009080,0 days 00:00:00.255673,20,0.4531680873560517,10,1,30,28,133,"[5379, 1929]",COMPLETE
6671,6671,0.2470054042146673,2.6961958408355713,2021-06-19 19:28:54.025368,2021-06-19 19:28:56.744067,0 days 00:00:02.718699,20,0.7044121314824888,10,3,17,20,133,"[4523, 4236]",COMPLETE
6672,6672,0.23251198727068967,2.5847809314727783,2021-06-19 19:28:56.747660,2021-06-19 19:28:59.340539,0 days 00:00:02.592879,20,0.7044121314824888,10,4,26,26,133,"[2209, 3256]",COMPLETE
6673,6673,0.23372335582944304,2.585390090942383,2021-06-19 19:28:59.344415,2021-06-19 19:29:01.938125,0 days 00:00:02.593710,60,0.7044121314824888,10,1,30,25,133,"[2465, 1929]",COMPLETE
6674,6674,0.23208849798368897,2.7778232097625732,2021-06-19 19:29:01.942154,2021-06-19 19:29:04.728642,0 days 00:00:02.786488,40,0.775837870117549,10,1,30,25,133,"[4419, 4419]",COMPLETE
6675,6675,0.2531739235050303,2.885066270828247,2021-06-19 19:29:04.732080,2021-06-19 19:29:07.625364,0 days 00:00:02.893284,10,0.7044121314824888,7,1,30,25,133,"[1389, 6604]",COMPLETE
6676,6676,0.2315736566650548,2.5902585983276367,2021-06-19 19:29:07.629228,2021-06-19 19:29:10.227689,0 days 00:00:02.598461,20,0.775837870117549,10,1,30,26,133,"[6351, 6351]",COMPLETE
6677,6677,0.22942745676410137,2.783390760421753,2021-06-19 19:29:10.231588,2021-06-19 19:29:13.023487,0 days 00:00:02.791899,100,0.775837870117549,10,1,30,26,133,"[2229, 6592]",COMPLETE
6678,6678,0.23240407626685275,2.6167075634002686,2021-06-19 19:29:13.027298,2021-06-19 19:29:15.652376,0 days 00:00:02.625078,20,0.7044121314824888,10,7,24,25,133,"[2063, 2659]",COMPLETE
6679,6679,0.27230644346870947,2.621381998062134,2021-06-19 19:29:15.656327,2021-06-19 19:29:18.285917,0 days 00:00:02.629590,20,0.7044121314824888,10,15,26,12,133,"[3256, 3256]",COMPLETE
6680,6680,0.23079447620345728,2.7478153705596924,2021-06-19 19:29:18.289780,2021-06-19 19:29:21.046498,0 days 00:00:02.756718,20,0.7044121314824888,10,1,30,25,133,"[4943, 1218]",COMPLETE
6681,6681,0.23312547575189296,2.5589733123779297,2021-06-19 19:29:21.050217,2021-06-19 19:29:23.617343,0 days 00:00:02.567126,10,0.7044121314824888,10,1,30,25,133,"[5379, 880]",COMPLETE
6682,6682,0.23285255984976977,2.5511186122894287,2021-06-19 19:29:23.621183,2021-06-19 19:29:26.180467,0 days 00:00:02.559284,20,0.775837870117549,10,1,16,25,133,"[2063, 3760]",COMPLETE
6683,6683,0.22811859233075193,2.751189708709717,2021-06-19 19:29:26.184241,2021-06-19 19:29:28.943654,0 days 00:00:02.759413,20,0.8047024443354969,10,1,30,24,133,"[1159, 5336]",COMPLETE
6684,6684,0.2267329128162862,2.5657644271850586,2021-06-19 19:29:28.947730,2021-06-19 19:29:31.522438,0 days 00:00:02.574708,20,0.7044121314824888,10,1,30,25,133,"[3260, 1218]",COMPLETE
6685,6685,0.2329361249257652,2.5503170490264893,2021-06-19 19:29:31.526296,2021-06-19 19:29:34.084603,0 days 00:00:02.558307,20,0.775837870117549,10,1,30,26,133,"[1159, 5654]",COMPLETE
6686,6686,0.23214366810601642,2.768301486968994,2021-06-19 19:29:34.088417,2021-06-19 19:29:36.865017,0 days 00:00:02.776600,80,0.7044121314824888,10,1,30,25,133,"[3260, 4523]",COMPLETE
6687,6687,0.28991235606051663,3.7552754878997803,2021-06-19 19:29:36.868890,2021-06-19 19:29:40.632421,0 days 00:00:03.763531,20,0.7044121314824888,3,1,28,25,133,"[4331, 2659]",COMPLETE
6688,6688,0.2278549720858734,2.5765297412872314,2021-06-19 19:29:40.636459,2021-06-19 19:29:43.221893,0 days 00:00:02.585434,20,0.8047024443354969,10,1,30,24,133,"[6219, 1159]",COMPLETE
6689,6689,0.2895061962603356,2.739490270614624,2021-06-19 19:29:43.225578,2021-06-19 19:29:45.973343,0 days 00:00:02.747765,20,0.8047024443354969,10,1,30,1,133,"[6219, 1218]",COMPLETE
6690,6690,0.23018677953763492,2.57901930809021,2021-06-19 19:29:45.977171,2021-06-19 19:29:48.564343,0 days 00:00:02.587172,40,0.775837870117549,10,1,30,25,133,"[4419, 4331]",COMPLETE
6691,6691,0.23881543186176699,2.636629819869995,2021-06-19 19:29:48.568196,2021-06-19 19:29:51.213075,0 days 00:00:02.644879,10,0.603627004462215,10,7,8,25,133,"[5145, 316]",COMPLETE
6692,6692,0.23031603293028063,2.7262778282165527,2021-06-19 19:29:51.216676,2021-06-19 19:29:53.951133,0 days 00:00:02.734457,10,0.7044121314824888,10,1,27,25,133,"[5379, 1006]",COMPLETE
6693,6693,0.23067280213747976,2.608812093734741,2021-06-19 19:29:53.955003,2021-06-19 19:29:56.571944,0 days 00:00:02.616941,40,0.7492482924832433,10,1,30,26,133,"[900, 3760]",COMPLETE
6694,6694,0.23609808892047704,2.774482488632202,2021-06-19 19:29:56.575752,2021-06-19 19:29:59.358499,0 days 00:00:02.782747,20,0.7492482924832433,10,1,23,26,133,"[6351, 2078]",COMPLETE
6695,6695,0.22853753589495243,2.5675158500671387,2021-06-19 19:29:59.362260,2021-06-19 19:30:01.937795,0 days 00:00:02.575535,20,0.8047024443354969,10,1,30,25,133,"[5641, 5145]",COMPLETE
