,number,values_0,values_1,datetime_start,datetime_complete,duration,params_checks,params_n_ratio,params_nskip,params_trees,params_w1,params_w2,system_attrs_nsga2:generation,system_attrs_nsga2:parents,state
5394,5394,0.2794592998865939,3.029684543609619,2021-06-19 18:15:14.348976,2021-06-19 18:15:17.385392,0 days 00:00:03.036416,30,0.7044121314824888,6,9,30,18,107,"[2963, 2963]",COMPLETE
5395,5395,0.2310006401939724,2.7518181800842285,2021-06-19 18:15:17.388396,2021-06-19 18:15:20.146881,0 days 00:00:02.758485,20,0.7492482924832433,10,9,30,25,107,"[2960, 1389]",COMPLETE
5396,5396,0.24476390911476872,2.7610113620758057,2021-06-19 18:15:20.150017,2021-06-19 18:15:22.917752,0 days 00:00:02.767735,10,0.6415492259649922,9,1,23,23,107,"[849, 2078]",COMPLETE
5397,5397,0.2320050219327663,2.5679759979248047,2021-06-19 18:15:22.921090,2021-06-19 18:15:25.495876,0 days 00:00:02.574786,10,0.7044121314824888,10,1,30,25,107,"[1028, 3483]",COMPLETE
5398,5398,0.2577257248259139,2.8140292167663574,2021-06-19 18:15:25.499103,2021-06-19 18:15:28.320010,0 days 00:00:02.820907,0,0.7492482924832433,10,1,30,19,107,"[2963, 900]",COMPLETE
5399,5399,0.23243712436672448,2.5987627506256104,2021-06-19 18:15:28.323323,2021-06-19 18:15:30.928630,0 days 00:00:02.605307,20,0.7044121314824888,10,1,30,25,107,"[2960, 2991]",COMPLETE
5400,5400,0.23062182190081218,2.6051948070526123,2021-06-19 18:15:30.932074,2021-06-19 18:16:44.961623,0 days 00:01:14.029549,20,0.775837870117549,10,1,30,26,108,"[2209, 1974]",COMPLETE
5401,5401,0.2295812509298777,2.621964693069458,2021-06-19 18:16:44.967261,2021-06-19 18:16:47.596368,0 days 00:00:02.629107,20,0.775837870117549,10,1,30,26,108,"[4331, 2229]",COMPLETE
5402,5402,0.23064829852417165,2.6373212337493896,2021-06-19 18:16:47.599671,2021-06-19 18:16:50.244056,0 days 00:00:02.644385,10,0.7044121314824888,10,13,30,25,108,"[3760, 3195]",COMPLETE
5403,5403,0.3363162630499403,2.782310724258423,2021-06-19 18:16:50.247571,2021-06-19 18:16:53.037390,0 days 00:00:02.789819,20,0.7492482924832433,10,1,24,0,108,"[3256, 900]",COMPLETE
5404,5404,0.23692152974480338,2.599797010421753,2021-06-19 18:16:53.040515,2021-06-19 18:16:55.646973,0 days 00:00:02.606458,20,0.775837870117549,10,1,24,30,108,"[5145, 2762]",COMPLETE
5405,5405,0.23612741568124457,2.562096118927002,2021-06-19 18:16:55.650338,2021-06-19 18:16:58.219032,0 days 00:00:02.568694,20,0.7044121314824888,10,1,30,25,108,"[3760, 1006]",COMPLETE
5406,5406,0.23354595449338753,2.755492687225342,2021-06-19 18:16:58.222368,2021-06-19 18:17:00.984485,0 days 00:00:02.762117,20,0.775837870117549,10,1,30,25,108,"[3566, 1735]",COMPLETE
5407,5407,0.23244110050545796,2.653777599334717,2021-06-19 18:17:00.987866,2021-06-19 18:17:03.648434,0 days 00:00:02.660568,100,0.775837870117549,10,3,30,25,108,"[2991, 4419]",COMPLETE
5408,5408,0.2319218830697885,2.7932872772216797,2021-06-19 18:17:03.651677,2021-06-19 18:17:06.451511,0 days 00:00:02.799834,20,0.7044121314824888,10,9,30,26,108,"[1218, 1218]",COMPLETE
5409,5409,0.23136894497762692,2.5952794551849365,2021-06-19 18:17:06.454782,2021-06-19 18:17:09.056480,0 days 00:00:02.601698,20,0.7044121314824888,10,9,26,26,108,"[3256, 3256]",COMPLETE
5410,5410,0.2718688065090068,2.5853850841522217,2021-06-19 18:17:09.059533,2021-06-19 18:17:11.651794,0 days 00:00:02.592261,20,0.7044121314824888,10,2,30,12,108,"[3100, 849]",COMPLETE
5411,5411,0.2391008277568202,2.727025032043457,2021-06-19 18:17:11.655162,2021-06-19 18:17:14.389069,0 days 00:00:02.733907,10,0.6415492259649922,10,1,30,29,108,"[849, 4943]",COMPLETE
5412,5412,0.22872792976406695,2.629131555557251,2021-06-19 18:17:14.392148,2021-06-19 18:17:17.027938,0 days 00:00:02.635790,20,0.8609387769631232,10,1,30,25,108,"[4331, 4236]",COMPLETE
5413,5413,0.23289121170577481,2.8443634510040283,2021-06-19 18:17:17.031311,2021-06-19 18:17:19.882548,0 days 00:00:02.851237,20,0.9556125385237211,10,1,30,25,108,"[5145, 4943]",COMPLETE
5414,5414,0.2354085472323664,2.7447221279144287,2021-06-19 18:17:19.885842,2021-06-19 18:17:22.637304,0 days 00:00:02.751462,20,0.7044121314824888,10,1,30,28,108,"[3100, 1006]",COMPLETE
5415,5415,0.23175556631904276,2.6008999347686768,2021-06-19 18:17:22.640622,2021-06-19 18:17:25.248129,0 days 00:00:02.607507,30,0.7044121314824888,10,1,30,25,108,"[880, 5381]",COMPLETE
5416,5416,0.3207621389809097,2.622835874557495,2021-06-19 18:17:25.251564,2021-06-19 18:17:27.881872,0 days 00:00:02.630308,20,0.8779518669636954,10,5,7,2,108,"[1159, 5379]",COMPLETE
5417,5417,0.23315057402390843,2.7764949798583984,2021-06-19 18:17:27.884925,2021-06-19 18:17:30.668265,0 days 00:00:02.783340,10,0.8348500784515609,10,9,30,23,108,"[880, 1244]",COMPLETE
5418,5418,0.2347590567358669,2.610217571258545,2021-06-19 18:17:30.671581,2021-06-19 18:17:33.288474,0 days 00:00:02.616893,20,0.5998475389891565,10,1,30,26,108,"[1974, 3760]",COMPLETE
5419,5419,0.2314246934917912,2.7804648876190186,2021-06-19 18:17:33.291794,2021-06-19 18:17:36.078900,0 days 00:00:02.787106,20,0.7044121314824888,10,9,30,26,108,"[5145, 1218]",COMPLETE
5420,5420,0.22940795702962868,2.58235764503479,2021-06-19 18:17:36.082140,2021-06-19 18:17:38.671350,0 days 00:00:02.589210,20,0.8047024443354969,10,1,30,26,108,"[1735, 4845]",COMPLETE
5421,5421,0.23219015924430453,2.580409288406372,2021-06-19 18:17:38.674690,2021-06-19 18:17:41.261653,0 days 00:00:02.586963,20,0.7044121314824888,10,1,30,25,108,"[3100, 4879]",COMPLETE
5422,5422,0.31137094710952873,5.615577220916748,2021-06-19 18:17:41.264966,2021-06-19 18:17:46.887363,0 days 00:00:05.622397,20,0.7044121314824888,1,1,30,26,108,"[2963, 3082]",COMPLETE
5423,5423,0.23389926418474546,2.550689697265625,2021-06-19 18:17:46.890733,2021-06-19 18:17:49.448178,0 days 00:00:02.557445,20,0.8188072168176381,10,1,23,26,108,"[2078, 900]",COMPLETE
5424,5424,0.31232148986231834,2.5588974952697754,2021-06-19 18:17:49.451508,2021-06-19 18:17:52.017213,0 days 00:00:02.565705,90,0.7044121314824888,10,1,8,3,108,"[316, 3260]",COMPLETE
5425,5425,0.2641803215948868,2.769207239151001,2021-06-19 18:17:52.020445,2021-06-19 18:17:54.796459,0 days 00:00:02.776014,70,0.7044121314824888,10,1,30,16,108,"[3566, 3100]",COMPLETE
5426,5426,0.23131491557951578,2.598780393600464,2021-06-19 18:17:54.799787,2021-06-19 18:17:57.405519,0 days 00:00:02.605732,20,0.8047024443354969,10,1,30,25,108,"[3100, 4845]",COMPLETE
5427,5427,0.2439358170895485,3.0481133460998535,2021-06-19 18:17:57.408689,2021-06-19 18:18:00.463946,0 days 00:00:03.055257,20,0.9626897755969024,10,1,20,29,108,"[4419, 1006]",COMPLETE
5428,5428,0.23553678782968518,2.6287248134613037,2021-06-19 18:18:00.467087,2021-06-19 18:18:03.102818,0 days 00:00:02.635731,10,0.59444992831921,10,1,30,25,108,"[3195, 5379]",COMPLETE
5429,5429,0.2773533108303111,2.5566775798797607,2021-06-19 18:18:03.105883,2021-06-19 18:18:05.669593,0 days 00:00:02.563710,20,0.7044121314824888,10,4,26,12,108,"[411, 5381]",COMPLETE
5430,5430,0.2285717975445516,2.7107272148132324,2021-06-19 18:18:05.672939,2021-06-19 18:18:08.390509,0 days 00:00:02.717570,20,0.7044121314824888,10,1,30,25,108,"[4236, 5145]",COMPLETE
5431,5431,0.22987524477589188,2.565157890319824,2021-06-19 18:18:08.393876,2021-06-19 18:18:10.965912,0 days 00:00:02.572036,20,0.7492482924832433,10,1,30,25,108,"[647, 1735]",COMPLETE
5432,5432,0.2762616494568353,3.2720420360565186,2021-06-19 18:18:10.969283,2021-06-19 18:18:14.248060,0 days 00:00:03.278777,20,0.7044121314824888,5,1,30,25,108,"[1656, 4943]",COMPLETE
5433,5433,0.2352381592171991,2.6952402591705322,2021-06-19 18:18:14.251127,2021-06-19 18:18:16.953754,0 days 00:00:02.702627,20,0.7044121314824888,8,1,24,28,108,"[2063, 4523]",COMPLETE
5434,5434,0.234122579240636,2.552964210510254,2021-06-19 18:18:16.956647,2021-06-19 18:18:19.516028,0 days 00:00:02.559381,20,0.7044121314824888,10,1,30,25,108,"[4781, 4781]",COMPLETE
5435,5435,0.2744834754556272,2.739138126373291,2021-06-19 18:18:19.519250,2021-06-19 18:18:22.265100,0 days 00:00:02.745850,40,0.775837870117549,10,1,30,6,108,"[4419, 2078]",COMPLETE
5436,5436,0.23297420590111098,2.6419081687927246,2021-06-19 18:18:22.268283,2021-06-19 18:18:24.916907,0 days 00:00:02.648624,10,0.7492482924832433,10,14,30,25,108,"[880, 3260]",COMPLETE
5437,5437,inf,inf,2021-06-19 18:18:24.920466,2021-06-19 18:18:25.113874,0 days 00:00:00.193408,20,0.3450923757530896,10,9,26,26,108,"[411, 4879]",COMPLETE
5438,5438,0.23415500629727357,2.6418328285217285,2021-06-19 18:18:25.123201,2021-06-19 18:18:27.809785,0 days 00:00:02.686584,90,0.7044121314824888,10,1,30,24,108,"[1929, 1159]",COMPLETE
5439,5439,0.32032164092094767,2.728517532348633,2021-06-19 18:18:27.813050,2021-06-19 18:18:30.548417,0 days 00:00:02.735367,20,0.7492482924832433,10,1,24,1,108,"[5379, 900]",COMPLETE
5440,5440,0.23362588017131,2.597041368484497,2021-06-19 18:18:30.551780,2021-06-19 18:18:33.155601,0 days 00:00:02.603821,20,0.7044121314824888,10,1,30,26,108,"[2209, 1656]",COMPLETE
5441,5441,0.23415605278885743,2.826021194458008,2021-06-19 18:18:33.158769,2021-06-19 18:18:35.991549,0 days 00:00:02.832780,20,0.8539641709536794,10,1,30,25,108,"[5145, 1735]",COMPLETE
5442,5442,0.23080552585315808,2.63840389251709,2021-06-19 18:18:35.994471,2021-06-19 18:18:38.639712,0 days 00:00:02.645241,40,0.7044121314824888,10,1,30,25,108,"[3760, 2465]",COMPLETE
5443,5443,0.23028905070938066,2.5782992839813232,2021-06-19 18:18:38.643077,2021-06-19 18:18:41.228950,0 days 00:00:02.585873,20,0.8290887743759381,10,1,30,25,108,"[3100, 908]",COMPLETE
5444,5444,0.23747589236863195,2.737074613571167,2021-06-19 18:18:41.232292,2021-06-19 18:18:43.976151,0 days 00:00:02.743859,20,0.775837870117549,10,1,11,26,108,"[3566, 3566]",COMPLETE
5445,5445,0.23111743469558718,2.7153756618499756,2021-06-19 18:18:43.979381,2021-06-19 18:18:46.701467,0 days 00:00:02.722086,20,0.922587412603153,10,1,30,25,108,"[2063, 3195]",COMPLETE
5446,5446,0.23420200481152745,2.608156442642212,2021-06-19 18:18:46.704726,2021-06-19 18:18:49.319693,0 days 00:00:02.614967,30,0.7044121314824888,10,9,20,25,108,"[5381, 1389]",COMPLETE
5447,5447,0.23157441120248,2.6992027759552,2021-06-19 18:18:49.323047,2021-06-19 18:18:52.028898,0 days 00:00:02.705851,10,0.7492482924832433,10,1,30,25,108,"[1028, 1656]",COMPLETE
5448,5448,0.2330677706172801,2.5337960720062256,2021-06-19 18:18:52.032007,2021-06-19 18:18:54.572847,0 days 00:00:02.540840,50,0.775837870117549,10,1,18,25,108,"[5145, 1389]",COMPLETE
5449,5449,0.23526646333884066,2.5569255352020264,2021-06-19 18:18:54.575708,2021-06-19 18:18:57.139208,0 days 00:00:02.563500,10,0.8047024443354969,10,1,24,25,108,"[5379, 2063]",COMPLETE
5450,5450,0.28395871074669443,3.4833767414093018,2021-06-19 18:18:57.142246,2021-06-19 18:19:00.680188,0 days 00:00:03.537942,10,0.7492482924832433,4,1,30,25,109,"[1389, 1974]",COMPLETE
5451,5451,0.2347432819533583,2.72503662109375,2021-06-19 18:19:00.683195,2021-06-19 18:19:03.415051,0 days 00:00:02.731856,20,0.7044121314824888,9,9,26,26,109,"[4523, 411]",COMPLETE
5452,5452,0.2848559327089256,2.8878798484802246,2021-06-19 18:19:03.418261,2021-06-19 18:19:06.313177,0 days 00:00:02.894916,80,0.7044121314824888,10,9,30,11,109,"[2465, 411]",COMPLETE
5453,5453,0.2811936697596224,3.1257951259613037,2021-06-19 18:19:06.316240,2021-06-19 18:19:09.448919,0 days 00:00:03.132679,10,0.603627004462215,5,1,2,20,109,"[2229, 316]",COMPLETE
5454,5454,0.2327465634691125,2.6317875385284424,2021-06-19 18:19:09.452281,2021-06-19 18:19:12.090759,0 days 00:00:02.638478,20,0.8047024443354969,10,9,30,25,109,"[5336, 5235]",COMPLETE
5455,5455,0.2827829858758297,2.737903118133545,2021-06-19 18:19:12.094096,2021-06-19 18:19:14.838825,0 days 00:00:02.744729,20,0.7044121314824888,10,1,30,9,109,"[1159, 745]",COMPLETE
5456,5456,0.2711077334597262,3.1727516651153564,2021-06-19 18:19:14.842010,2021-06-19 18:19:18.021748,0 days 00:00:03.179738,20,0.8047024443354969,5,9,26,26,109,"[411, 2063]",COMPLETE
5457,5457,0.22914406533892331,2.7391276359558105,2021-06-19 18:19:18.025096,2021-06-19 18:19:20.770877,0 days 00:00:02.745781,20,0.7044121314824888,10,1,30,25,109,"[1929, 1006]",COMPLETE
5458,5458,0.2304849591732892,2.5886683464050293,2021-06-19 18:19:20.774139,2021-06-19 18:19:23.369382,0 days 00:00:02.595243,30,0.7044121314824888,10,1,30,26,109,"[5381, 3195]",COMPLETE
5459,5459,0.22966333284097162,2.566493511199951,2021-06-19 18:19:23.372337,2021-06-19 18:19:25.945436,0 days 00:00:02.573099,40,0.775837870117549,10,1,30,25,109,"[4879, 4419]",COMPLETE
5460,5460,inf,inf,2021-06-19 18:19:25.948810,2021-06-19 18:19:26.088937,0 days 00:00:00.140127,20,0.3114982152596186,10,9,26,26,109,"[3256, 1929]",COMPLETE
5461,5461,0.23122015766683113,2.823101043701172,2021-06-19 18:19:26.104829,2021-06-19 18:19:28.948379,0 days 00:00:02.843550,30,0.7044121314824888,10,9,30,26,109,"[2963, 5381]",COMPLETE
5462,5462,0.2299732317317646,2.606520652770996,2021-06-19 18:19:28.951584,2021-06-19 18:19:31.564926,0 days 00:00:02.613342,10,0.7492482924832433,10,9,30,26,109,"[1028, 908]",COMPLETE
5463,5463,0.23100362493655568,2.594275712966919,2021-06-19 18:19:31.568394,2021-06-19 18:19:34.169549,0 days 00:00:02.601155,20,0.8494495640504525,10,1,30,25,109,"[2465, 1028]",COMPLETE
5464,5464,0.2368369463986602,2.850080966949463,2021-06-19 18:19:34.172899,2021-06-19 18:19:37.029850,0 days 00:00:02.856951,40,0.7492482924832433,9,1,30,25,109,"[4419, 1389]",COMPLETE
5465,5465,0.23240340737071688,2.611156463623047,2021-06-19 18:19:37.033307,2021-06-19 18:19:39.652167,0 days 00:00:02.618860,10,0.7044121314824888,10,16,18,25,109,"[5381, 5448]",COMPLETE
5466,5466,0.2694238253389801,2.5641918182373047,2021-06-19 18:19:39.655323,2021-06-19 18:19:42.226377,0 days 00:00:02.571054,20,0.6990837306563829,10,1,2,14,109,"[1205, 1205]",COMPLETE
5467,5467,inf,inf,2021-06-19 18:19:42.229748,2021-06-19 18:19:42.559483,0 days 00:00:00.329735,20,0.5545628472580837,10,9,26,26,109,"[5235, 411]",COMPLETE
5468,5468,0.2346795290546354,2.7256124019622803,2021-06-19 18:19:42.566812,2021-06-19 18:19:45.317269,0 days 00:00:02.750457,20,0.7044121314824888,10,1,30,26,109,"[908, 2078]",COMPLETE
5469,5469,0.23010282476209068,2.657270908355713,2021-06-19 18:19:45.320398,2021-06-19 18:19:47.984568,0 days 00:00:02.664170,60,0.7044121314824888,10,9,30,26,109,"[2762, 5381]",COMPLETE
5470,5470,0.24182970300958997,2.7212307453155518,2021-06-19 18:19:47.987718,2021-06-19 18:19:50.715706,0 days 00:00:02.727988,10,0.7492482924832433,10,1,9,25,109,"[745, 3260]",COMPLETE
5471,5471,0.23133779616787928,2.9290010929107666,2021-06-19 18:19:50.718731,2021-06-19 18:19:53.655180,0 days 00:00:02.936449,20,0.9763414962882933,10,1,30,26,109,"[1974, 1244]",COMPLETE
5472,5472,0.22995660245760297,2.5468647480010986,2021-06-19 18:19:53.658231,2021-06-19 18:19:56.211912,0 days 00:00:02.553681,10,0.7044121314824888,10,1,30,25,109,"[2659, 1389]",COMPLETE
5473,5473,0.26944875925132145,2.8116016387939453,2021-06-19 18:19:56.215038,2021-06-19 18:19:59.033592,0 days 00:00:02.818554,50,0.775837870117549,10,9,30,9,109,"[3566, 1218]",COMPLETE
5474,5474,0.23735357611175037,2.6209304332733154,2021-06-19 18:19:59.036975,2021-06-19 18:20:01.664643,0 days 00:00:02.627668,40,0.7044121314824888,10,1,30,25,109,"[5379, 3760]",COMPLETE
5475,5475,0.2338471183743696,2.794722318649292,2021-06-19 18:20:01.668125,2021-06-19 18:20:04.470252,0 days 00:00:02.802127,20,0.7044121314824888,10,1,30,26,109,"[2991, 2465]",COMPLETE
5476,5476,0.23867234969983092,2.583702325820923,2021-06-19 18:20:04.473533,2021-06-19 18:20:07.064710,0 days 00:00:02.591177,20,0.8047024443354969,10,1,5,26,109,"[2063, 4331]",COMPLETE
5477,5477,0.28095772262817537,2.6249687671661377,2021-06-19 18:20:07.068090,2021-06-19 18:20:09.700176,0 days 00:00:02.632086,70,0.7044121314824888,10,1,28,5,109,"[1028, 1006]",COMPLETE
5478,5478,0.22926156923581995,2.757896661758423,2021-06-19 18:20:09.703336,2021-06-19 18:20:12.467754,0 days 00:00:02.764418,20,0.7044121314824888,10,9,30,26,109,"[5235, 5235]",COMPLETE
5479,5479,0.22954171949808005,2.67844295501709,2021-06-19 18:20:12.470550,2021-06-19 18:20:15.155716,0 days 00:00:02.685166,20,0.7044121314824888,10,16,30,26,109,"[5381, 4943]",COMPLETE
5480,5480,0.23271427997428087,2.5524163246154785,2021-06-19 18:20:15.158749,2021-06-19 18:20:17.717806,0 days 00:00:02.559057,20,0.775837870117549,10,1,30,25,109,"[2991, 3082]",COMPLETE
5481,5481,0.23737444645304098,2.791410446166992,2021-06-19 18:20:17.720719,2021-06-19 18:20:20.518886,0 days 00:00:02.798167,10,0.7044121314824888,10,7,26,22,109,"[745, 3256]",COMPLETE
5482,5482,inf,inf,2021-06-19 18:20:20.521794,2021-06-19 18:20:20.989726,0 days 00:00:00.467932,20,0.5563863760136334,10,1,30,25,109,"[4781, 4781]",COMPLETE
5483,5483,0.2575337727540117,2.8097951412200928,2021-06-19 18:20:20.997676,2021-06-19 18:20:23.821658,0 days 00:00:02.823982,20,0.8451614748833531,7,1,30,22,109,"[1006, 3100]",COMPLETE
5484,5484,0.2583993198175304,2.877204656600952,2021-06-19 18:20:23.824571,2021-06-19 18:20:26.708557,0 days 00:00:02.883986,20,0.963860049723259,10,1,30,16,109,"[1929, 4879]",COMPLETE
5485,5485,0.23656859401284655,2.703117609024048,2021-06-19 18:20:26.711788,2021-06-19 18:20:29.421658,0 days 00:00:02.709870,10,0.7492482924832433,10,1,24,22,109,"[1028, 5379]",COMPLETE
5486,5486,0.2678192993443328,2.6925745010375977,2021-06-19 18:20:29.425036,2021-06-19 18:20:32.124471,0 days 00:00:02.699435,20,0.7044121314824888,10,14,30,14,109,"[4236, 1205]",COMPLETE
5487,5487,0.22985691212231382,2.7126171588897705,2021-06-19 18:20:32.127947,2021-06-19 18:20:34.847936,0 days 00:00:02.719989,20,0.775837870117549,10,1,30,26,109,"[2960, 3566]",COMPLETE
5488,5488,0.2770385531682436,2.60711669921875,2021-06-19 18:20:34.850837,2021-06-19 18:20:37.464886,0 days 00:00:02.614049,10,0.7044121314824888,10,4,30,6,109,"[3483, 745]",COMPLETE
5489,5489,0.26478253870554275,2.6457877159118652,2021-06-19 18:20:37.468194,2021-06-19 18:20:40.121006,0 days 00:00:02.652812,10,0.7492482924832433,10,5,22,14,109,"[849, 1389]",COMPLETE
5490,5490,0.3064691905763206,2.7412705421447754,2021-06-19 18:20:40.124303,2021-06-19 18:20:42.872705,0 days 00:00:02.748402,40,0.603627004462215,10,1,8,5,109,"[3760, 316]",COMPLETE
5491,5491,0.22910677446179897,2.632920503616333,2021-06-19 18:20:42.875985,2021-06-19 18:20:45.515953,0 days 00:00:02.639968,100,0.775837870117549,10,3,26,25,109,"[1974, 880]",COMPLETE
5492,5492,0.23105391347792056,2.635589122772217,2021-06-19 18:20:45.519134,2021-06-19 18:20:48.161679,0 days 00:00:02.642545,20,0.7044121314824888,10,7,30,26,109,"[5235, 1244]",COMPLETE
5493,5493,0.2341742137493871,2.7394838333129883,2021-06-19 18:20:48.165038,2021-06-19 18:20:50.911263,0 days 00:00:02.746225,20,0.7100511651342796,10,1,24,25,109,"[3082, 2762]",COMPLETE
5494,5494,0.2296548801750565,2.6886391639709473,2021-06-19 18:20:50.914585,2021-06-19 18:20:53.610012,0 days 00:00:02.695427,10,0.910704296469856,10,9,30,26,109,"[5235, 745]",COMPLETE
5495,5495,0.22553857783985487,2.6396408081054688,2021-06-19 18:20:53.613440,2021-06-19 18:20:56.260030,0 days 00:00:02.646590,20,0.7044121314824888,10,15,30,25,109,"[900, 3260]",COMPLETE
5496,5496,0.23075381920580995,2.748293876647949,2021-06-19 18:20:56.263376,2021-06-19 18:20:59.018515,0 days 00:00:02.755139,30,0.8451550940546542,10,1,30,25,109,"[4236, 3760]",COMPLETE
5497,5497,0.23536206417507521,2.6572442054748535,2021-06-19 18:20:59.021730,2021-06-19 18:21:01.685838,0 days 00:00:02.664108,20,0.6415492259649922,10,13,22,23,109,"[1974, 849]",COMPLETE
5498,5498,0.23418156712934216,2.800004005432129,2021-06-19 18:21:01.689178,2021-06-19 18:21:04.496054,0 days 00:00:02.806876,20,0.8047024443354969,10,16,30,25,109,"[5336, 908]",COMPLETE
5499,5499,0.2432224355761482,2.52978253364563,2021-06-19 18:21:04.499162,2021-06-19 18:21:07.035780,0 days 00:00:02.536618,20,0.7044121314824888,10,1,2,25,109,"[1389, 3100]",COMPLETE
5500,5500,0.22954775534916105,2.656059980392456,2021-06-19 18:21:07.039198,2021-06-19 18:22:21.255011,0 days 00:01:14.215813,20,0.775837870117549,10,9,30,25,110,"[1244, 4331]",COMPLETE
5501,5501,inf,inf,2021-06-19 18:22:21.262098,2021-06-19 18:22:21.718426,0 days 00:00:00.456328,10,0.571614361672364,10,1,9,22,110,"[745, 745]",COMPLETE
5502,5502,0.2321232642637745,2.8619203567504883,2021-06-19 18:22:21.723681,2021-06-19 18:22:24.604955,0 days 00:00:02.881274,20,0.775837870117549,10,15,30,25,110,"[5145, 5145]",COMPLETE
5503,5503,0.2395758803096361,2.5896167755126953,2021-06-19 18:22:24.608287,2021-06-19 18:22:27.204723,0 days 00:00:02.596436,20,0.7044121314824888,10,1,8,25,110,"[1244, 4781]",COMPLETE
5504,5504,0.23194693169302164,2.733433485031128,2021-06-19 18:22:27.208053,2021-06-19 18:22:29.948154,0 days 00:00:02.740101,10,0.7044121314824888,10,1,24,26,110,"[5379, 2209]",COMPLETE
5505,5505,0.2299239082137856,2.694239616394043,2021-06-19 18:22:29.951414,2021-06-19 18:22:32.652633,0 days 00:00:02.701219,20,0.7044121314824888,10,13,26,26,110,"[3256, 2078]",COMPLETE
5506,5506,0.27696044017487254,3.115684747695923,2021-06-19 18:22:32.656017,2021-06-19 18:22:35.778595,0 days 00:00:03.122578,10,0.7044121314824888,5,1,20,25,110,"[3100, 1028]",COMPLETE
5507,5507,0.23193682692817025,2.759345054626465,2021-06-19 18:22:35.781938,2021-06-19 18:22:38.548154,0 days 00:00:02.766216,10,0.7044121314824888,10,1,30,25,110,"[1028, 4523]",COMPLETE
5508,5508,0.22945778551479024,2.6081411838531494,2021-06-19 18:22:38.551445,2021-06-19 18:22:41.166235,0 days 00:00:02.614790,40,0.775837870117549,10,1,30,25,110,"[4419, 5336]",COMPLETE
5509,5509,0.2314936680111363,2.6119327545166016,2021-06-19 18:22:41.169526,2021-06-19 18:22:43.788366,0 days 00:00:02.618840,100,0.7044121314824888,10,1,28,25,110,"[5491, 1205]",COMPLETE
5510,5510,0.24313461719949186,2.8745522499084473,2021-06-19 18:22:43.791716,2021-06-19 18:22:46.673274,0 days 00:00:02.881558,40,0.9031687482795285,10,8,1,25,110,"[900, 3760]",COMPLETE
5511,5511,0.23767445605736545,2.6434175968170166,2021-06-19 18:22:46.676765,2021-06-19 18:22:49.327721,0 days 00:00:02.650956,20,0.603627004462215,10,1,8,25,110,"[1218, 316]",COMPLETE
