,number,values_0,values_1,datetime_start,datetime_complete,duration,params_checks,params_n_ratio,params_nskip,params_trees,params_w1,params_w2,system_attrs_nsga2:generation,system_attrs_nsga2:parents,state
6934,6934,0.23089881293821213,2.6428444385528564,2021-06-19 19:43:05.439096,2021-06-19 19:43:08.090199,0 days 00:00:02.651103,20,0.7044121314824888,10,1,30,25,138,"[1159, 6684]",COMPLETE
6935,6935,0.2678094164394009,2.6321139335632324,2021-06-19 19:43:08.094276,2021-06-19 19:43:10.735792,0 days 00:00:02.641516,70,0.775837870117549,10,1,30,8,138,"[3760, 4331]",COMPLETE
6936,6936,0.23299071014030462,2.7476613521575928,2021-06-19 19:43:10.739570,2021-06-19 19:43:13.495613,0 days 00:00:02.756043,20,0.7044121314824888,10,1,30,25,138,"[5145, 3260]",COMPLETE
6937,6937,0.23082480682721887,2.63047456741333,2021-06-19 19:43:13.499530,2021-06-19 19:43:16.138827,0 days 00:00:02.639297,10,0.8047024443354969,10,11,30,25,138,"[2063, 880]",COMPLETE
6938,6938,0.23148907199681573,2.6544692516326904,2021-06-19 19:43:16.142632,2021-06-19 19:43:18.805857,0 days 00:00:02.663225,20,0.8073449029689683,10,12,23,26,138,"[6351, 2078]",COMPLETE
6939,6939,0.2427964080799349,2.92702579498291,2021-06-19 19:43:18.809411,2021-06-19 19:43:21.744926,0 days 00:00:02.935515,20,0.8587501080855404,8,1,22,25,138,"[6351, 3082]",COMPLETE
6940,6940,0.23292450708710655,2.630316734313965,2021-06-19 19:43:21.748442,2021-06-19 19:43:24.387070,0 days 00:00:02.638628,20,0.8960075789978981,10,1,30,26,138,"[3082, 5654]",COMPLETE
6941,6941,0.23686853052309811,2.5593128204345703,2021-06-19 19:43:24.390800,2021-06-19 19:43:26.958867,0 days 00:00:02.568067,10,0.775837870117549,10,1,17,26,138,"[4331, 849]",COMPLETE
6942,6942,0.2309546556806583,2.779203414916992,2021-06-19 19:43:26.962803,2021-06-19 19:43:29.750363,0 days 00:00:02.787560,20,0.7044121314824888,10,1,24,25,138,"[3100, 900]",COMPLETE
6943,6943,0.2367210331208527,2.5704660415649414,2021-06-19 19:43:29.754302,2021-06-19 19:43:32.333126,0 days 00:00:02.578824,10,0.7492482924832433,10,1,30,26,138,"[1389, 6751]",COMPLETE
6944,6944,0.22813000294257096,2.540435314178467,2021-06-19 19:43:32.337106,2021-06-19 19:43:34.885928,0 days 00:00:02.548822,20,0.8047024443354969,10,1,30,25,138,"[2960, 2063]",COMPLETE
6945,6945,0.2293469172590568,2.8815767765045166,2021-06-19 19:43:34.889741,2021-06-19 19:43:37.780032,0 days 00:00:02.890291,80,0.7492482924832433,10,13,30,26,138,"[1974, 880]",COMPLETE
6946,6946,0.23088544489251026,2.57563853263855,2021-06-19 19:43:37.783995,2021-06-19 19:43:40.368119,0 days 00:00:02.584124,20,0.7044121314824888,10,1,30,25,138,"[4236, 1389]",COMPLETE
6947,6947,0.23730351903105845,2.7054028511047363,2021-06-19 19:43:40.372027,2021-06-19 19:43:43.085916,0 days 00:00:02.713889,10,0.7492482924832433,10,1,8,25,138,"[880, 316]",COMPLETE
6948,6948,0.23960265641421769,2.5958259105682373,2021-06-19 19:43:43.089650,2021-06-19 19:43:45.694014,0 days 00:00:02.604364,20,0.7044121314824888,10,1,30,23,138,"[4943, 3195]",COMPLETE
6949,6949,0.22931222965799752,2.610525131225586,2021-06-19 19:43:45.698033,2021-06-19 19:43:48.317257,0 days 00:00:02.619224,20,0.775837870117549,10,4,30,26,138,"[6351, 4879]",COMPLETE
6950,6950,inf,inf,2021-06-19 19:43:48.321259,2021-06-19 19:43:48.828798,0 days 00:00:00.507539,20,0.5797418109952659,10,1,30,3,139,"[5145, 6592]",COMPLETE
6951,6951,0.23180689869201315,2.7732675075531006,2021-06-19 19:43:48.836947,2021-06-19 19:43:51.629348,0 days 00:00:02.792401,10,0.775837870117549,10,1,30,26,139,"[1389, 6351]",COMPLETE
6952,6952,0.23284373728671226,2.576878309249878,2021-06-19 19:43:51.633125,2021-06-19 19:43:54.218522,0 days 00:00:02.585397,20,0.7044121314824888,10,1,24,26,139,"[6592, 2209]",COMPLETE
6953,6953,inf,inf,2021-06-19 19:43:54.222490,2021-06-19 19:43:54.401083,0 days 00:00:00.178593,40,0.30887707084988386,2,1,30,25,139,"[4419, 2063]",COMPLETE
6954,6954,0.2698684824409499,2.896005868911743,2021-06-19 19:43:54.405918,2021-06-19 19:43:57.323795,0 days 00:00:02.917877,10,0.7044121314824888,6,1,28,24,139,"[2659, 1159]",COMPLETE
6955,6955,0.23104579815696066,2.8407201766967773,2021-06-19 19:43:57.327873,2021-06-19 19:44:00.177088,0 days 00:00:02.849215,20,0.7044121314824888,10,1,30,27,139,"[3195, 4523]",COMPLETE
6956,6956,0.3330954792012863,2.658984661102295,2021-06-19 19:44:00.180965,2021-06-19 19:44:02.848593,0 days 00:00:02.667628,60,0.775837870117549,10,1,30,0,139,"[6835, 1735]",COMPLETE
6957,6957,0.22875736561885554,2.695734977722168,2021-06-19 19:44:02.852693,2021-06-19 19:44:05.557778,0 days 00:00:02.705085,40,0.775837870117549,10,16,30,26,139,"[5853, 6751]",COMPLETE
6958,6958,0.23012076263497447,2.795032024383545,2021-06-19 19:44:05.561580,2021-06-19 19:44:08.365060,0 days 00:00:02.803480,20,0.8047024443354969,10,1,24,25,139,"[2063, 2063]",COMPLETE
6959,6959,0.23873244146568973,2.6096787452697754,2021-06-19 19:44:08.368999,2021-06-19 19:44:10.987566,0 days 00:00:02.618567,10,0.775837870117549,10,9,8,25,139,"[5853, 316]",COMPLETE
6960,6960,0.2847230557055709,2.6473214626312256,2021-06-19 19:44:10.991519,2021-06-19 19:44:13.647598,0 days 00:00:02.656079,20,0.7044121314824888,10,15,24,9,139,"[2762, 2659]",COMPLETE
6961,6961,0.2302517860794463,2.813771963119507,2021-06-19 19:44:13.651573,2021-06-19 19:44:16.473910,0 days 00:00:02.822337,90,0.775837870117549,10,1,30,26,139,"[4943, 4331]",COMPLETE
6962,6962,0.2299730626079738,2.6209113597869873,2021-06-19 19:44:16.477837,2021-06-19 19:44:19.107451,0 days 00:00:02.629614,40,0.7044121314824888,10,1,24,26,139,"[2209, 2960]",COMPLETE
6963,6963,0.32307720265838147,2.603415012359619,2021-06-19 19:44:19.111349,2021-06-19 19:44:21.723262,0 days 00:00:02.611913,20,0.775837870117549,10,1,30,1,139,"[5145, 4236]",COMPLETE
6964,6964,0.22909616608637834,2.723361015319824,2021-06-19 19:44:21.727307,2021-06-19 19:44:24.458857,0 days 00:00:02.731550,20,0.7044121314824888,10,1,30,25,139,"[3195, 3195]",COMPLETE
6965,6965,0.22855590951912108,2.585063934326172,2021-06-19 19:44:24.462818,2021-06-19 19:44:27.056326,0 days 00:00:02.593508,20,0.7044121314824888,10,1,26,25,139,"[411, 2659]",COMPLETE
6966,6966,0.22966797295312624,2.7409555912017822,2021-06-19 19:44:27.060282,2021-06-19 19:44:29.809948,0 days 00:00:02.749666,20,0.775837870117549,10,1,30,26,139,"[3566, 1974]",COMPLETE
6967,6967,0.23742552051436358,2.6194682121276855,2021-06-19 19:44:29.813845,2021-06-19 19:44:32.441755,0 days 00:00:02.627910,20,0.775837870117549,10,1,9,26,139,"[5654, 3082]",COMPLETE
6968,6968,0.2266146362208189,2.5513017177581787,2021-06-19 19:44:32.445735,2021-06-19 19:44:35.005447,0 days 00:00:02.559712,20,0.775837870117549,10,1,30,25,139,"[2991, 1929]",COMPLETE
6969,6969,0.2373501429070867,2.8201730251312256,2021-06-19 19:44:35.009395,2021-06-19 19:44:37.838278,0 days 00:00:02.828883,20,0.7044121314824888,10,9,17,25,139,"[2960, 5641]",COMPLETE
6970,6970,0.23382909789519737,2.7223169803619385,2021-06-19 19:44:37.841957,2021-06-19 19:44:40.573015,0 days 00:00:02.731058,50,0.9377709491840511,10,1,30,25,139,"[4943, 4879]",COMPLETE
6971,6971,0.22989307121435953,2.5833122730255127,2021-06-19 19:44:40.577062,2021-06-19 19:44:43.168830,0 days 00:00:02.591768,20,0.7044121314824888,10,1,30,25,139,"[3260, 3260]",COMPLETE
6972,6972,0.2311299329781329,2.754408597946167,2021-06-19 19:44:43.172727,2021-06-19 19:44:45.935706,0 days 00:00:02.762979,20,0.7044121314824888,10,1,30,25,139,"[6351, 4781]",COMPLETE
6973,6973,0.23563814757683896,2.58353328704834,2021-06-19 19:44:45.939593,2021-06-19 19:44:48.531622,0 days 00:00:02.592029,20,0.6415492259649922,10,1,22,23,139,"[849, 411]",COMPLETE
6974,6974,0.23541061784465397,2.7045674324035645,2021-06-19 19:44:48.535578,2021-06-19 19:44:51.248817,0 days 00:00:02.713239,20,0.7044121314824888,10,10,30,26,139,"[1159, 2209]",COMPLETE
6975,6975,0.29196720307338325,2.7301266193389893,2021-06-19 19:44:51.252758,2021-06-19 19:44:53.991415,0 days 00:00:02.738657,10,0.7492482924832433,10,1,30,11,139,"[1389, 1389]",COMPLETE
6976,6976,inf,inf,2021-06-19 19:44:53.995320,2021-06-19 19:44:54.141983,0 days 00:00:00.146663,10,0.39357294293312606,10,1,30,26,139,"[1028, 2963]",COMPLETE
6977,6977,0.23079680802689032,2.5892727375030518,2021-06-19 19:44:54.148623,2021-06-19 19:44:56.790820,0 days 00:00:02.642197,20,0.775837870117549,10,1,30,25,139,"[5654, 1028]",COMPLETE
6978,6978,0.22911345479769302,2.6172266006469727,2021-06-19 19:44:56.794520,2021-06-19 19:44:59.420593,0 days 00:00:02.626073,10,0.775837870117549,10,13,24,25,139,"[5852, 2063]",COMPLETE
6979,6979,inf,inf,2021-06-19 19:44:59.424494,2021-06-19 19:44:59.611467,0 days 00:00:00.186973,20,0.40007342649119787,10,1,30,25,139,"[2078, 5853]",COMPLETE
6980,6980,0.3017089028864196,4.593034505844116,2021-06-19 19:44:59.622150,2021-06-19 19:45:04.237640,0 days 00:00:04.615490,40,0.8047024443354969,2,2,30,25,139,"[3100, 2229]",COMPLETE
6981,6981,0.23128854004055238,2.575075149536133,2021-06-19 19:45:04.241491,2021-06-19 19:45:06.825028,0 days 00:00:02.583537,20,0.775837870117549,10,1,30,26,139,"[6854, 1028]",COMPLETE
6982,6982,0.23297373749169165,2.828108310699463,2021-06-19 19:45:06.829059,2021-06-19 19:45:09.665909,0 days 00:00:02.836850,20,0.7044121314824888,10,14,30,25,139,"[4236, 1244]",COMPLETE
6983,6983,0.23122934437831852,2.633660078048706,2021-06-19 19:45:09.669770,2021-06-19 19:45:12.311938,0 days 00:00:02.642168,100,0.7492482924832433,10,1,30,25,139,"[880, 1389]",COMPLETE
6984,6984,0.23074690993667987,2.5639841556549072,2021-06-19 19:45:12.315943,2021-06-19 19:45:14.888706,0 days 00:00:02.572763,90,0.775837870117549,10,1,30,27,139,"[5641, 5853]",COMPLETE
6985,6985,0.2321998517035408,2.7687554359436035,2021-06-19 19:45:14.892667,2021-06-19 19:45:17.669857,0 days 00:00:02.777190,20,0.7044121314824888,10,1,30,24,139,"[1159, 2960]",COMPLETE
6986,6986,0.23238461167875793,2.563778877258301,2021-06-19 19:45:17.673619,2021-06-19 19:45:20.245734,0 days 00:00:02.572115,20,0.7044121314824888,10,1,30,25,139,"[6835, 4781]",COMPLETE
6987,6987,0.2567096578655092,2.601287364959717,2021-06-19 19:45:20.249700,2021-06-19 19:45:22.859455,0 days 00:00:02.609755,10,0.7492482924832433,10,1,30,16,139,"[1389, 1389]",COMPLETE
6988,6988,0.2710538595121828,2.731534481048584,2021-06-19 19:45:22.863411,2021-06-19 19:45:25.603448,0 days 00:00:02.740037,20,0.7044121314824888,10,1,30,9,139,"[1159, 2960]",COMPLETE
6989,6989,0.2301798380950295,2.6056745052337646,2021-06-19 19:45:25.607352,2021-06-19 19:45:28.221347,0 days 00:00:02.613995,20,0.775837870117549,10,1,30,25,139,"[6763, 4419]",COMPLETE
6990,6990,0.2329028541241545,2.577439308166504,2021-06-19 19:45:28.225319,2021-06-19 19:45:30.811254,0 days 00:00:02.585935,20,0.7044121314824888,10,1,30,25,139,"[1929, 6854]",COMPLETE
6991,6991,0.2295882970850787,2.7806918621063232,2021-06-19 19:45:30.815298,2021-06-19 19:45:33.604544,0 days 00:00:02.789246,30,0.775837870117549,10,1,30,26,139,"[6592, 6592]",COMPLETE
6992,6992,0.2943877437976518,4.320789337158203,2021-06-19 19:45:33.608253,2021-06-19 19:45:37.937516,0 days 00:00:04.329263,20,0.775837870117549,2,1,30,26,139,"[6592, 4331]",COMPLETE
6993,6993,inf,inf,2021-06-19 19:45:37.941327,2021-06-19 19:45:38.146487,0 days 00:00:00.205160,20,0.4049132050584565,10,1,30,25,139,"[6684, 6763]",COMPLETE
6994,6994,0.23598729881701042,2.651283025741577,2021-06-19 19:45:38.163132,2021-06-19 19:45:40.831438,0 days 00:00:02.668306,20,0.603627004462215,10,3,30,25,139,"[316, 4523]",COMPLETE
6995,6995,0.23013060735426136,2.723116636276245,2021-06-19 19:45:40.835688,2021-06-19 19:45:43.568213,0 days 00:00:02.732525,30,0.775837870117549,10,1,30,26,139,"[6751, 2659]",COMPLETE
6996,6996,inf,inf,2021-06-19 19:45:43.572166,2021-06-19 19:45:43.731937,0 days 00:00:00.159771,10,0.3521658509652651,10,1,30,25,139,"[880, 1389]",COMPLETE
6997,6997,0.3038560972388803,4.308573961257935,2021-06-19 19:45:43.747202,2021-06-19 19:45:48.080935,0 days 00:00:04.333733,20,0.7044121314824888,2,1,24,25,139,"[2209, 4236]",COMPLETE
6998,6998,0.28874632814445444,2.841087579727173,2021-06-19 19:45:48.084973,2021-06-19 19:45:50.935663,0 days 00:00:02.850690,20,0.884900290395845,10,9,30,2,139,"[2960, 1159]",COMPLETE
6999,6999,inf,inf,2021-06-19 19:45:50.939580,2021-06-19 19:45:51.098136,0 days 00:00:00.158556,20,0.31143598060720423,10,1,23,26,139,"[2078, 6835]",COMPLETE
7000,7000,0.2411163404443445,2.731093406677246,2021-06-19 19:45:51.116937,2021-06-19 19:47:05.998616,0 days 00:01:14.881679,10,0.7492482924832433,8,1,30,25,140,"[6763, 316]",COMPLETE
7001,7001,0.23372790458088627,2.7206006050109863,2021-06-19 19:47:06.006347,2021-06-19 19:47:08.739178,0 days 00:00:02.732831,40,0.7044121314824888,10,15,30,25,140,"[5495, 3760]",COMPLETE
7002,7002,0.2272706088918899,2.772826671600342,2021-06-19 19:47:08.743230,2021-06-19 19:47:11.524349,0 days 00:00:02.781119,20,0.8047024443354969,10,1,30,25,140,"[2229, 2229]",COMPLETE
7003,7003,0.2314438187801796,2.5927391052246094,2021-06-19 19:47:11.528032,2021-06-19 19:47:14.129365,0 days 00:00:02.601333,20,0.8047024443354969,10,1,24,25,140,"[6219, 900]",COMPLETE
7004,7004,0.2870150178876377,3.3734889030456543,2021-06-19 19:47:14.132936,2021-06-19 19:47:17.515121,0 days 00:00:03.382185,40,0.6433340664557295,4,1,25,26,140,"[5379, 3760]",COMPLETE
7005,7005,0.2244413710179305,2.7901835441589355,2021-06-19 19:47:17.518843,2021-06-19 19:47:20.317353,0 days 00:00:02.798510,20,0.775837870117549,10,1,30,26,140,"[6351, 880]",COMPLETE
7006,7006,0.23785424150879036,3.050074338912964,2021-06-19 19:47:20.321030,2021-06-19 19:47:23.380472,0 days 00:00:03.059442,20,0.9769407509585242,9,1,24,25,140,"[2063, 2209]",COMPLETE
7007,7007,0.2283931182959775,2.5915403366088867,2021-06-19 19:47:23.384002,2021-06-19 19:47:25.983975,0 days 00:00:02.599973,20,0.775837870117549,10,1,30,26,140,"[6592, 6751]",COMPLETE
7008,7008,0.22815880476830136,2.7216684818267822,2021-06-19 19:47:25.987853,2021-06-19 19:47:28.717899,0 days 00:00:02.730046,20,0.775837870117549,10,1,30,25,140,"[5145, 5145]",COMPLETE
7009,7009,0.2387357023693586,2.5530333518981934,2021-06-19 19:47:28.721651,2021-06-19 19:47:31.283055,0 days 00:00:02.561404,10,0.6415492259649922,10,1,8,25,140,"[316, 849]",COMPLETE
7010,7010,0.23633515394320725,2.85925555229187,2021-06-19 19:47:31.287084,2021-06-19 19:47:34.154804,0 days 00:00:02.867720,20,0.7044121314824888,10,1,30,25,140,"[2229, 3195]",COMPLETE
7011,7011,0.22939103806823594,2.575148344039917,2021-06-19 19:47:34.158713,2021-06-19 19:47:36.742271,0 days 00:00:02.583558,20,0.775837870117549,10,1,30,26,140,"[1974, 5654]",COMPLETE
7012,7012,0.2370731198970971,2.5581138134002686,2021-06-19 19:47:36.746303,2021-06-19 19:47:39.313181,0 days 00:00:02.566878,20,0.7044121314824888,10,1,11,25,140,"[3260, 3256]",COMPLETE
7013,7013,0.28578230491845175,3.58673095703125,2021-06-19 19:47:39.317178,2021-06-19 19:47:42.912244,0 days 00:00:03.595066,40,0.775837870117549,4,1,30,25,140,"[3760, 3760]",COMPLETE
7014,7014,0.2301038668794882,2.6182401180267334,2021-06-19 19:47:42.915981,2021-06-19 19:47:45.542689,0 days 00:00:02.626708,20,0.8047024443354969,10,7,30,25,140,"[4943, 5853]",COMPLETE
7015,7015,0.22917173736362112,2.5874698162078857,2021-06-19 19:47:45.546234,2021-06-19 19:47:48.142245,0 days 00:00:02.596011,20,0.7100511651342796,10,1,30,25,140,"[2762, 3100]",COMPLETE
7016,7016,0.2285573556166261,2.795473337173462,2021-06-19 19:47:48.146183,2021-06-19 19:47:50.950272,0 days 00:00:02.804089,20,0.775837870117549,10,9,30,26,140,"[5654, 1244]",COMPLETE
7017,7017,0.2291774086239482,2.6161134243011475,2021-06-19 19:47:50.954149,2021-06-19 19:47:53.578648,0 days 00:00:02.624499,20,0.775837870117549,10,1,30,25,140,"[5852, 4419]",COMPLETE
7018,7018,0.23758428537617177,2.559843063354492,2021-06-19 19:47:53.582814,2021-06-19 19:47:56.151812,0 days 00:00:02.568998,20,0.7044121314824888,10,1,17,24,140,"[1159, 6351]",COMPLETE
7019,7019,0.22781352107292754,2.743501901626587,2021-06-19 19:47:56.155631,2021-06-19 19:47:58.907587,0 days 00:00:02.751956,20,0.775837870117549,10,1,30,25,140,"[6751, 3260]",COMPLETE
7020,7020,0.22803951114959073,2.6531474590301514,2021-06-19 19:47:58.911540,2021-06-19 19:48:01.573336,0 days 00:00:02.661796,20,0.7106549589235791,10,16,30,26,140,"[1929, 3566]",COMPLETE
7021,7021,0.3198477343504749,9.106249570846558,2021-06-19 19:48:01.577406,2021-06-19 19:48:10.692501,0 days 00:00:09.115095,20,0.7492482924832433,0,1,30,26,140,"[6351, 2078]",COMPLETE
7022,7022,0.23367443690242873,2.7887794971466064,2021-06-19 19:48:10.696554,2021-06-19 19:48:13.494044,0 days 00:00:02.797490,20,0.775837870117549,10,5,30,26,140,"[5654, 5379]",COMPLETE
7023,7023,0.23144369267096054,2.581298589706421,2021-06-19 19:48:13.497912,2021-06-19 19:48:16.087819,0 days 00:00:02.589907,20,0.7044121314824888,10,1,30,26,140,"[2209, 6751]",COMPLETE
7024,7024,0.2336550251855672,2.7543418407440186,2021-06-19 19:48:16.091778,2021-06-19 19:48:18.854965,0 days 00:00:02.763187,20,0.775837870117549,10,1,16,26,140,"[1735, 5654]",COMPLETE
7025,7025,0.22916062493535683,2.60667085647583,2021-06-19 19:48:18.858634,2021-06-19 19:48:21.473641,0 days 00:00:02.615007,20,0.775837870117549,10,1,30,26,140,"[3566, 4331]",COMPLETE
7026,7026,0.27299407972186973,2.5907392501831055,2021-06-19 19:48:21.477655,2021-06-19 19:48:24.077306,0 days 00:00:02.599651,20,0.775837870117549,10,7,0,12,140,"[4879, 900]",COMPLETE
7027,7027,0.2339333599741391,2.75588059425354,2021-06-19 19:48:24.081533,2021-06-19 19:48:26.846913,0 days 00:00:02.765380,20,0.7492482924832433,10,1,20,26,140,"[6219, 900]",COMPLETE
7028,7028,0.23608324976261502,2.556628465652466,2021-06-19 19:48:26.850797,2021-06-19 19:48:29.415947,0 days 00:00:02.565150,10,0.6790058990296549,10,1,30,25,140,"[5495, 1028]",COMPLETE
7029,7029,0.22658121244874907,2.588385581970215,2021-06-19 19:48:29.419741,2021-06-19 19:48:32.016492,0 days 00:00:02.596751,20,0.775837870117549,10,1,30,25,140,"[3100, 4879]",COMPLETE
7030,7030,0.22941829445550926,2.777892589569092,2021-06-19 19:48:32.020196,2021-06-19 19:48:34.806547,0 days 00:00:02.786351,20,0.775837870117549,10,9,30,25,140,"[2963, 6968]",COMPLETE
7031,7031,0.23511708841711576,2.5397560596466064,2021-06-19 19:48:34.810391,2021-06-19 19:48:37.358932,0 days 00:00:02.548541,20,0.775837870117549,10,1,12,25,140,"[3760, 5852]",COMPLETE
7032,7032,0.27520621441796583,3.135244369506836,2021-06-19 19:48:37.362911,2021-06-19 19:48:40.506687,0 days 00:00:03.143776,20,0.775837870117549,5,1,30,26,140,"[6592, 6351]",COMPLETE
7033,7033,0.2318786989062773,2.7478749752044678,2021-06-19 19:48:40.510275,2021-06-19 19:48:43.266696,0 days 00:00:02.756421,40,0.775837870117549,10,1,30,26,140,"[4331, 4419]",COMPLETE
7034,7034,0.23094171116248768,2.577418088912964,2021-06-19 19:48:43.270582,2021-06-19 19:48:45.856535,0 days 00:00:02.585953,30,0.7044121314824888,10,1,30,26,140,"[3195, 3566]",COMPLETE
7035,7035,0.2297424273174194,2.644808292388916,2021-06-19 19:48:45.860549,2021-06-19 19:48:48.514011,0 days 00:00:02.653462,20,0.7044121314824888,10,1,30,25,140,"[3100, 4236]",COMPLETE
7036,7036,inf,inf,2021-06-19 19:48:48.517914,2021-06-19 19:48:48.677909,0 days 00:00:00.159995,10,0.30516119377704803,10,1,11,18,140,"[316, 1028]",COMPLETE
7037,7037,0.3076289119881389,5.695026636123657,2021-06-19 19:48:48.707743,2021-06-19 19:48:54.422984,0 days 00:00:05.715241,20,0.775837870117549,1,1,30,25,140,"[5145, 3082]",COMPLETE
7038,7038,0.2345778794521341,2.606271505355835,2021-06-19 19:48:54.426949,2021-06-19 19:48:57.041887,0 days 00:00:02.614938,50,0.665092377079191,10,1,30,25,140,"[3760, 4781]",COMPLETE
7039,7039,0.23491579614132846,2.9214088916778564,2021-06-19 19:48:57.045911,2021-06-19 19:48:59.975989,0 days 00:00:02.930078,40,0.775837870117549,9,10,30,25,140,"[5853, 6751]",COMPLETE
7040,7040,0.22785792442954333,2.632495641708374,2021-06-19 19:48:59.979934,2021-06-19 19:49:02.621029,0 days 00:00:02.641095,40,0.7044121314824888,10,1,30,25,140,"[3260, 6684]",COMPLETE
7041,7041,0.23257506428759903,2.6391921043395996,2021-06-19 19:49:02.624916,2021-06-19 19:49:05.272717,0 days 00:00:02.647801,20,0.775837870117549,10,7,30,26,140,"[4331, 6763]",COMPLETE
7042,7042,0.23077242597498607,2.835331439971924,2021-06-19 19:49:05.276727,2021-06-19 19:49:08.120455,0 days 00:00:02.843728,20,0.7044121314824888,10,9,30,26,140,"[6751, 1244]",COMPLETE
7043,7043,0.23145763384939075,2.609393358230591,2021-06-19 19:49:08.124375,2021-06-19 19:49:10.742203,0 days 00:00:02.617828,20,0.7044121314824888,10,1,24,26,140,"[2209, 6835]",COMPLETE
7044,7044,0.22717477013670903,2.6747026443481445,2021-06-19 19:49:10.746171,2021-06-19 19:49:13.430370,0 days 00:00:02.684199,20,0.7044121314824888,10,8,30,25,140,"[6684, 1244]",COMPLETE
7045,7045,0.3371469126260187,2.8266165256500244,2021-06-19 19:49:13.434453,2021-06-19 19:49:16.269815,0 days 00:00:02.835362,90,0.775837870117549,10,1,10,2,140,"[5853, 3195]",COMPLETE
7046,7046,0.2315738231649296,2.5930986404418945,2021-06-19 19:49:16.273827,2021-06-19 19:49:18.875609,0 days 00:00:02.601782,20,0.7492482924832433,10,1,30,25,140,"[1389, 4879]",COMPLETE
7047,7047,0.28796648679712067,2.6257882118225098,2021-06-19 19:49:18.879619,2021-06-19 19:49:21.514236,0 days 00:00:02.634617,30,0.7044121314824888,10,9,26,8,140,"[2963, 411]",COMPLETE
7048,7048,0.23051802966534796,2.7156002521514893,2021-06-19 19:49:21.518030,2021-06-19 19:49:24.242109,0 days 00:00:02.724079,10,0.7044121314824888,10,1,24,26,140,"[5379, 5379]",COMPLETE
7049,7049,0.29588698713569234,2.571089744567871,2021-06-19 19:49:24.246041,2021-06-19 19:49:26.825571,0 days 00:00:02.579530,20,0.775837870117549,10,1,30,4,140,"[5145, 5145]",COMPLETE
7050,7050,0.2881637783301516,3.881309747695923,2021-06-19 19:49:26.829435,2021-06-19 19:49:30.767108,0 days 00:00:03.937673,20,0.775837870117549,3,1,30,26,141,"[3566, 4879]",COMPLETE
7051,7051,0.22675879242006855,2.601423501968384,2021-06-19 19:49:30.771010,2021-06-19 19:49:33.380954,0 days 00:00:02.609944,20,0.775837870117549,10,1,30,25,141,"[5145, 4943]",COMPLETE
