,number,values_0,values_1,datetime_start,datetime_complete,duration,params_checks,params_n_ratio,params_nskip,params_trees,params_w1,params_w2,system_attrs_nsga2:generation,system_attrs_nsga2:parents,state
5038,5038,0.22807536225082897,2.7385575771331787,2021-06-19 17:55:23.473595,2021-06-19 17:55:26.218979,0 days 00:00:02.745384,20,0.7044121314824888,10,1,30,25,100,"[4781, 1735]",COMPLETE
5039,5039,0.23058822469003207,2.609623670578003,2021-06-19 17:55:26.222035,2021-06-19 17:55:28.837958,0 days 00:00:02.615923,40,0.775837870117549,10,1,27,25,100,"[3760, 4419]",COMPLETE
5040,5040,0.23166281317881457,2.931231737136841,2021-06-19 17:55:28.841080,2021-06-19 17:55:31.778951,0 days 00:00:02.937871,40,0.9512238144958971,10,1,30,25,100,"[316, 4236]",COMPLETE
5041,5041,0.26620775052081647,2.6218760013580322,2021-06-19 17:55:31.782064,2021-06-19 17:55:34.410496,0 days 00:00:02.628432,20,0.8047024443354969,10,9,26,10,100,"[1218, 2063]",COMPLETE
5042,5042,0.2316300070290593,2.612973690032959,2021-06-19 17:55:34.413672,2021-06-19 17:55:37.032813,0 days 00:00:02.619141,10,0.7492482924832433,10,1,30,25,100,"[880, 1028]",COMPLETE
5043,5043,0.23387507979435443,2.853365182876587,2021-06-19 17:55:37.035678,2021-06-19 17:55:39.895326,0 days 00:00:02.859648,20,0.7492482924832433,10,15,24,26,100,"[2762, 2078]",COMPLETE
5044,5044,0.23314760111846358,2.570068120956421,2021-06-19 17:55:39.898344,2021-06-19 17:55:42.474876,0 days 00:00:02.576532,10,0.7778372098142523,10,1,30,25,100,"[1389, 4845]",COMPLETE
5045,5045,0.23324451208869046,2.596280813217163,2021-06-19 17:55:42.477901,2021-06-19 17:55:45.080692,0 days 00:00:02.602791,70,0.7492482924832433,10,1,30,27,100,"[745, 880]",COMPLETE
5046,5046,0.23168656183822478,2.782352924346924,2021-06-19 17:55:45.083624,2021-06-19 17:55:47.872500,0 days 00:00:02.788876,10,0.7492482924832433,10,9,30,25,100,"[2963, 880]",COMPLETE
5047,5047,0.22966979326726053,2.613478660583496,2021-06-19 17:55:47.875747,2021-06-19 17:55:50.496279,0 days 00:00:02.620532,20,0.7044121314824888,10,14,26,25,100,"[1656, 411]",COMPLETE
5048,5048,0.23535457909238636,2.611729145050049,2021-06-19 17:55:50.499435,2021-06-19 17:55:53.117511,0 days 00:00:02.618076,20,0.7044121314824888,10,9,13,25,100,"[4236, 2960]",COMPLETE
5049,5049,0.23312164807862149,2.731834888458252,2021-06-19 17:55:53.120600,2021-06-19 17:55:55.858843,0 days 00:00:02.738243,30,0.603627004462215,10,1,30,27,100,"[316, 2963]",COMPLETE
5050,5050,0.23339497598446624,2.559617042541504,2021-06-19 17:55:55.862041,2021-06-19 17:55:58.475815,0 days 00:00:02.613774,10,0.7044121314824888,10,1,26,28,101,"[411, 4523]",COMPLETE
5051,5051,0.23943490594747194,2.723764419555664,2021-06-19 17:55:58.479052,2021-06-19 17:56:01.209516,0 days 00:00:02.730464,20,0.6624501613826308,10,1,10,25,101,"[1599, 880]",COMPLETE
5052,5052,0.2293902677820327,2.5881359577178955,2021-06-19 17:56:01.212643,2021-06-19 17:56:03.807052,0 days 00:00:02.594409,30,0.775837870117549,10,1,30,25,101,"[3760, 2963]",COMPLETE
5053,5053,0.2288744625309311,2.579284429550171,2021-06-19 17:56:03.810243,2021-06-19 17:56:06.395631,0 days 00:00:02.585388,20,0.775837870117549,10,1,30,26,101,"[4331, 4331]",COMPLETE
5054,5054,0.23224299947564198,2.7800846099853516,2021-06-19 17:56:06.398824,2021-06-19 17:56:09.185110,0 days 00:00:02.786286,40,0.775837870117549,10,1,30,25,101,"[4419, 3760]",COMPLETE
5055,5055,0.23391638851370122,2.5887410640716553,2021-06-19 17:56:09.188102,2021-06-19 17:56:11.783252,0 days 00:00:02.595150,20,0.7044121314824888,10,1,30,25,101,"[2465, 2229]",COMPLETE
5056,5056,0.27630735893034825,2.7694344520568848,2021-06-19 17:56:11.786413,2021-06-19 17:56:14.562298,0 days 00:00:02.775885,20,0.7044121314824888,8,9,30,17,101,"[908, 4770]",COMPLETE
5057,5057,0.2305699681403502,2.903789758682251,2021-06-19 17:56:14.565423,2021-06-19 17:56:17.475661,0 days 00:00:02.910238,20,0.775837870117549,10,1,26,25,101,"[3760, 4879]",COMPLETE
5058,5058,0.2516630598294959,2.609644889831543,2021-06-19 17:56:17.478825,2021-06-19 17:56:20.095016,0 days 00:00:02.616191,90,0.8047024443354969,10,1,30,16,101,"[2229, 4236]",COMPLETE
5059,5059,0.2293961380102705,2.7532966136932373,2021-06-19 17:56:20.097841,2021-06-19 17:56:22.857387,0 days 00:00:02.759546,20,0.7044121314824888,10,1,30,26,101,"[1218, 3566]",COMPLETE
5060,5060,0.23188982894568758,2.670583963394165,2021-06-19 17:56:22.860545,2021-06-19 17:56:25.537275,0 days 00:00:02.676730,20,0.7492482924832433,10,1,30,25,101,"[2960, 1028]",COMPLETE
5061,5061,0.23091161016553566,2.6362082958221436,2021-06-19 17:56:25.540607,2021-06-19 17:56:28.183101,0 days 00:00:02.642494,20,0.775837870117549,10,9,30,25,101,"[1244, 5011]",COMPLETE
5062,5062,0.2682756638878532,3.257019519805908,2021-06-19 17:56:28.186276,2021-06-19 17:56:31.449636,0 days 00:00:03.263360,20,0.775837870117549,5,1,30,26,101,"[2465, 4331]",COMPLETE
5063,5063,inf,inf,2021-06-19 17:56:31.452739,2021-06-19 17:56:31.631701,0 days 00:00:00.178962,20,0.38854922698881245,10,1,24,26,101,"[1159, 1974]",COMPLETE
5064,5064,0.25498252089150747,2.6649298667907715,2021-06-19 17:56:31.652141,2021-06-19 17:56:34.329932,0 days 00:00:02.677791,20,0.8449081947621739,10,11,30,18,101,"[4781, 4236]",COMPLETE
5065,5065,0.22876927165342756,2.5977623462677,2021-06-19 17:56:34.333154,2021-06-19 17:56:36.937247,0 days 00:00:02.604093,20,0.7651836917410315,10,9,26,26,101,"[411, 411]",COMPLETE
5066,5066,0.22940036852982768,2.7871875762939453,2021-06-19 17:56:36.940448,2021-06-19 17:56:39.733970,0 days 00:00:02.793522,20,0.775837870117549,10,1,30,25,101,"[4879, 3100]",COMPLETE
5067,5067,0.22880135757944267,2.619595766067505,2021-06-19 17:56:39.737144,2021-06-19 17:56:42.363289,0 days 00:00:02.626145,20,0.7044121314824888,10,9,30,26,101,"[4781, 2963]",COMPLETE
5068,5068,0.26975457101510725,2.8334405422210693,2021-06-19 17:56:42.366497,2021-06-19 17:56:45.206435,0 days 00:00:02.839938,30,0.7044121314824888,10,10,30,15,101,"[908, 2963]",COMPLETE
5069,5069,0.22775630601106187,2.576085090637207,2021-06-19 17:56:45.209484,2021-06-19 17:56:47.791763,0 days 00:00:02.582279,20,0.775837870117549,10,1,30,25,101,"[3566, 1028]",COMPLETE
5070,5070,0.23190154833762464,2.581754207611084,2021-06-19 17:56:47.794947,2021-06-19 17:56:50.383235,0 days 00:00:02.588288,20,0.7492482924832433,10,3,24,25,101,"[3100, 900]",COMPLETE
5071,5071,0.23479062222401145,2.7343921661376953,2021-06-19 17:56:50.386507,2021-06-19 17:56:53.127236,0 days 00:00:02.740729,20,0.7100511651342796,10,1,24,23,101,"[2762, 2465]",COMPLETE
5072,5072,0.22942408816307291,2.6003124713897705,2021-06-19 17:56:53.130128,2021-06-19 17:56:55.736686,0 days 00:00:02.606558,20,0.7044121314824888,10,1,30,25,101,"[2991, 4781]",COMPLETE
5073,5073,0.23264550734363162,2.788327932357788,2021-06-19 17:56:55.739903,2021-06-19 17:56:58.534410,0 days 00:00:02.794507,10,0.7044121314824888,10,1,30,25,101,"[1028, 2963]",COMPLETE
5074,5074,0.24360832370506383,2.779386043548584,2021-06-19 17:56:58.537052,2021-06-19 17:57:01.322788,0 days 00:00:02.785736,70,0.775837870117549,8,1,30,25,101,"[2960, 5011]",COMPLETE
5075,5075,0.23679982915232511,2.5912835597991943,2021-06-19 17:57:01.325996,2021-06-19 17:57:03.923614,0 days 00:00:02.597618,20,0.775837870117549,10,1,30,22,101,"[3082, 3082]",COMPLETE
5076,5076,0.2691826144969156,2.799699544906616,2021-06-19 17:57:03.926760,2021-06-19 17:57:06.732848,0 days 00:00:02.806088,20,0.7492482924832433,9,1,23,14,101,"[1205, 2078]",COMPLETE
5077,5077,0.23718768994256148,2.6048424243927,2021-06-19 17:57:06.736025,2021-06-19 17:57:09.347137,0 days 00:00:02.611112,10,0.7492482924832433,10,1,30,25,101,"[1028, 3100]",COMPLETE
5078,5078,0.22977703760554602,2.5933244228363037,2021-06-19 17:57:09.350430,2021-06-19 17:57:11.950719,0 days 00:00:02.600289,20,0.7492482924832433,10,1,30,25,101,"[1389, 3260]",COMPLETE
5079,5079,0.23372263499331886,2.7975287437438965,2021-06-19 17:57:11.954030,2021-06-19 17:57:14.758609,0 days 00:00:02.804579,20,0.7044121314824888,9,1,23,26,101,"[2078, 4523]",COMPLETE
5080,5080,0.23048319196060515,2.618699073791504,2021-06-19 17:57:14.761696,2021-06-19 17:57:17.386568,0 days 00:00:02.624872,20,0.7044121314824888,10,1,30,26,101,"[4845, 1218]",COMPLETE
5081,5081,0.3005927880654075,4.58181619644165,2021-06-19 17:57:17.389772,2021-06-19 17:57:21.978381,0 days 00:00:04.588609,20,0.775837870117549,2,15,15,26,101,"[3760, 2465]",COMPLETE
5082,5082,inf,inf,2021-06-19 17:57:21.981535,2021-06-19 17:57:22.154215,0 days 00:00:00.172680,10,0.3596704181129441,10,1,30,25,101,"[2960, 745]",COMPLETE
5083,5083,0.3361864648619349,2.782780170440674,2021-06-19 17:57:22.167316,2021-06-19 17:57:24.963799,0 days 00:00:02.796483,70,0.7044121314824888,10,1,30,2,101,"[1656, 1389]",COMPLETE
5084,5084,0.2731395558296731,3.1695396900177,2021-06-19 17:57:24.967030,2021-06-19 17:57:28.142959,0 days 00:00:03.175929,20,0.7492482924832433,5,9,30,25,101,"[880, 2960]",COMPLETE
5085,5085,0.32027131386506147,10.48847484588623,2021-06-19 17:57:28.146120,2021-06-19 17:57:38.641235,0 days 00:00:10.495115,90,0.8047024443354969,0,9,24,25,101,"[2063, 2960]",COMPLETE
5086,5086,0.2339401550244711,2.5742063522338867,2021-06-19 17:57:38.644363,2021-06-19 17:57:41.224836,0 days 00:00:02.580473,20,0.7492482924832433,10,1,30,25,101,"[1028, 2991]",COMPLETE
5087,5087,0.23316146819915579,2.6338160037994385,2021-06-19 17:57:41.228036,2021-06-19 17:57:43.868488,0 days 00:00:02.640452,100,0.7044121314824888,10,1,30,25,101,"[3260, 4879]",COMPLETE
5088,5088,0.23310915879813035,2.8020384311676025,2021-06-19 17:57:43.871511,2021-06-19 17:57:46.679800,0 days 00:00:02.808289,20,0.7044121314824888,10,9,30,25,101,"[3483, 1735]",COMPLETE
5089,5089,0.2272269363326416,2.567392110824585,2021-06-19 17:57:46.683026,2021-06-19 17:57:49.256678,0 days 00:00:02.573652,20,0.775837870117549,10,1,30,25,101,"[4331, 4879]",COMPLETE
5090,5090,0.23176883480841495,2.726905584335327,2021-06-19 17:57:49.259846,2021-06-19 17:57:51.993127,0 days 00:00:02.733281,10,0.7044121314824888,10,1,30,25,101,"[1929, 1246]",COMPLETE
5091,5091,0.2765230451959683,2.57629656791687,2021-06-19 17:57:51.996238,2021-06-19 17:57:54.579028,0 days 00:00:02.582790,20,0.775837870117549,10,1,30,8,101,"[4419, 2991]",COMPLETE
5092,5092,0.232640974714422,2.600712299346924,2021-06-19 17:57:54.582072,2021-06-19 17:57:57.189097,0 days 00:00:02.607025,20,0.8047024443354969,10,1,24,25,101,"[3256, 2063]",COMPLETE
5093,5093,0.26534509604046663,2.7517240047454834,2021-06-19 17:57:57.192125,2021-06-19 17:57:59.950293,0 days 00:00:02.758168,20,0.775837870117549,10,1,30,10,101,"[1974, 2960]",COMPLETE
5094,5094,0.23125720119495533,2.68306565284729,2021-06-19 17:57:59.953355,2021-06-19 17:58:02.642742,0 days 00:00:02.689387,20,0.7044121314824888,10,15,24,25,101,"[3483, 2762]",COMPLETE
5095,5095,0.23840031778925044,2.7959179878234863,2021-06-19 17:58:02.645946,2021-06-19 17:58:05.448068,0 days 00:00:02.802122,10,0.603627004462215,10,1,8,25,101,"[316, 316]",COMPLETE
5096,5096,0.23019615605133362,2.6132452487945557,2021-06-19 17:58:05.451169,2021-06-19 17:58:08.070872,0 days 00:00:02.619703,60,0.7044121314824888,10,1,24,26,101,"[2465, 1599]",COMPLETE
5097,5097,0.2287040601273579,2.579235076904297,2021-06-19 17:58:08.074130,2021-06-19 17:58:10.659595,0 days 00:00:02.585465,10,0.7044121314824888,10,9,22,26,101,"[3256, 849]",COMPLETE
5098,5098,0.23582983588967193,2.7406961917877197,2021-06-19 17:58:10.662840,2021-06-19 17:58:13.410143,0 days 00:00:02.747303,10,0.7492482924832433,10,1,30,28,101,"[1389, 4943]",COMPLETE
5099,5099,0.2843219646425625,2.6034841537475586,2021-06-19 17:58:13.413245,2021-06-19 17:58:16.023099,0 days 00:00:02.609854,20,0.7044121314824888,10,1,30,7,101,"[4523, 3082]",COMPLETE
5100,5100,0.24240742601503437,2.674039840698242,2021-06-19 17:58:16.026236,2021-06-19 17:59:29.370100,0 days 00:01:13.343864,0,0.775837870117549,10,1,29,25,102,"[4419, 4943]",COMPLETE
5101,5101,0.2568041581602079,2.7928197383880615,2021-06-19 17:59:29.375549,2021-06-19 17:59:32.177713,0 days 00:00:02.802164,80,0.7492482924832433,10,1,9,17,102,"[745, 745]",COMPLETE
5102,5102,0.2341968786281739,2.6462056636810303,2021-06-19 17:59:32.180912,2021-06-19 17:59:34.833702,0 days 00:00:02.652790,100,0.7044121314824888,10,1,14,25,102,"[1205, 2960]",COMPLETE
5103,5103,0.23236395424467252,2.7950596809387207,2021-06-19 17:59:34.836779,2021-06-19 17:59:37.638184,0 days 00:00:02.801405,20,0.7492482924832433,10,9,23,26,102,"[2078, 3256]",COMPLETE
5104,5104,0.2313372442410103,2.5899553298950195,2021-06-19 17:59:37.641284,2021-06-19 17:59:40.237501,0 days 00:00:02.596217,20,0.7044121314824888,10,1,24,26,102,"[908, 2209]",COMPLETE
5105,5105,0.23291495218893668,2.569993019104004,2021-06-19 17:59:40.240711,2021-06-19 17:59:42.817143,0 days 00:00:02.576432,20,0.7044121314824888,10,5,30,25,102,"[3100, 2063]",COMPLETE
5106,5106,0.2315820466008041,2.7642295360565186,2021-06-19 17:59:42.820340,2021-06-19 17:59:45.590919,0 days 00:00:02.770579,20,0.8047024443354969,10,1,30,25,102,"[3483, 4845]",COMPLETE
5107,5107,0.2385657936130967,2.582139492034912,2021-06-19 17:59:45.594107,2021-06-19 17:59:48.182628,0 days 00:00:02.588521,10,0.775837870117549,10,1,30,30,102,"[1028, 3566]",COMPLETE
5108,5108,0.23323126955410362,2.8493282794952393,2021-06-19 17:59:48.185467,2021-06-19 17:59:51.041745,0 days 00:00:02.856278,40,0.7044121314824888,10,14,30,25,102,"[1006, 1006]",COMPLETE
5109,5109,0.25470763327444407,2.6416213512420654,2021-06-19 17:59:51.044911,2021-06-19 17:59:53.692940,0 days 00:00:02.648029,20,0.7044121314824888,10,1,30,17,102,"[1028, 4236]",COMPLETE
5110,5110,0.2282481325576718,2.5700230598449707,2021-06-19 17:59:53.696163,2021-06-19 17:59:56.272681,0 days 00:00:02.576518,20,0.7690618888881089,10,1,30,26,102,"[2465, 5069]",COMPLETE
5111,5111,0.2320151321974388,2.7263312339782715,2021-06-19 17:59:56.275911,2021-06-19 17:59:59.008469,0 days 00:00:02.732558,20,0.7044121314824888,10,1,30,25,102,"[4236, 3100]",COMPLETE
5112,5112,0.23408419703611433,2.5927016735076904,2021-06-19 17:59:59.011574,2021-06-19 18:00:01.610602,0 days 00:00:02.599028,20,0.7492482924832433,10,1,30,25,102,"[1028, 2991]",COMPLETE
5113,5113,0.22756995530038554,2.625570297241211,2021-06-19 18:00:01.613892,2021-06-19 18:00:04.246407,0 days 00:00:02.632515,20,0.7044121314824888,10,9,26,26,102,"[316, 411]",COMPLETE
5114,5114,0.23572195229236356,2.7755939960479736,2021-06-19 18:00:04.249597,2021-06-19 18:00:07.031267,0 days 00:00:02.781670,20,0.7492482924832433,10,1,23,26,102,"[2078, 2078]",COMPLETE
5115,5115,0.2333887122224301,2.6250531673431396,2021-06-19 18:00:07.034510,2021-06-19 18:00:09.666556,0 days 00:00:02.632046,30,0.7044121314824888,10,9,30,26,102,"[2963, 411]",COMPLETE
5116,5116,0.23115808906322893,2.6206741333007812,2021-06-19 18:00:09.669640,2021-06-19 18:00:12.296653,0 days 00:00:02.627013,20,0.7044121314824888,10,9,26,26,102,"[2963, 3256]",COMPLETE
5117,5117,inf,inf,2021-06-19 18:00:12.299381,2021-06-19 18:00:12.906752,0 days 00:00:00.607371,10,0.5244301179458107,10,9,22,25,102,"[849, 2960]",COMPLETE
5118,5118,0.2385417580145283,2.646897792816162,2021-06-19 18:00:12.912252,2021-06-19 18:00:15.576698,0 days 00:00:02.664446,20,0.7044121314824888,10,1,11,25,102,"[4236, 1599]",COMPLETE
5119,5119,0.24334252625603997,2.593766927719116,2021-06-19 18:00:15.580052,2021-06-19 18:00:18.180273,0 days 00:00:02.600221,20,0.7044121314824888,10,1,2,26,102,"[1205, 1599]",COMPLETE
5120,5120,0.23522465845988744,2.6731116771698,2021-06-19 18:00:18.183445,2021-06-19 18:00:20.862920,0 days 00:00:02.679475,20,0.7044121314824888,10,1,30,24,102,"[1159, 4523]",COMPLETE
5121,5121,0.23601706201007758,2.5933914184570312,2021-06-19 18:00:20.866041,2021-06-19 18:00:23.465795,0 days 00:00:02.599754,10,0.6415492259649922,10,1,22,25,102,"[849, 1028]",COMPLETE
5122,5122,0.24323588089126685,2.6638059616088867,2021-06-19 18:00:23.469059,2021-06-19 18:00:26.139504,0 days 00:00:02.670445,20,0.7492482924832433,10,8,30,20,102,"[900, 3260]",COMPLETE
5123,5123,0.23642707953461942,2.7315499782562256,2021-06-19 18:00:26.142710,2021-06-19 18:00:28.880658,0 days 00:00:02.737948,20,0.7044121314824888,10,1,30,25,102,"[4845, 1656]",COMPLETE
5124,5124,0.2454060054376834,2.721438407897949,2021-06-19 18:00:28.883806,2021-06-19 18:00:31.611731,0 days 00:00:02.727925,20,0.775837870117549,8,1,28,26,102,"[2078, 3760]",COMPLETE
5125,5125,0.23567795746120257,2.6036465167999268,2021-06-19 18:00:31.614926,2021-06-19 18:00:34.224926,0 days 00:00:02.610000,10,0.6415492259649922,10,1,16,23,102,"[849, 849]",COMPLETE
5126,5126,0.22836853859392087,2.8096649646759033,2021-06-19 18:00:34.228265,2021-06-19 18:00:37.044865,0 days 00:00:02.816600,20,0.775837870117549,10,9,30,26,102,"[3307, 4331]",COMPLETE
5127,5127,0.23992672117911593,2.608690023422241,2021-06-19 18:00:37.048087,2021-06-19 18:00:39.663359,0 days 00:00:02.615272,20,0.7044121314824888,10,9,6,25,102,"[1218, 1244]",COMPLETE
5128,5128,0.2856353910306012,2.765801191329956,2021-06-19 18:00:39.666526,2021-06-19 18:00:42.438813,0 days 00:00:02.772287,20,0.775837870117549,10,1,30,6,102,"[4781, 3082]",COMPLETE
5129,5129,0.23280766026940922,2.7943673133850098,2021-06-19 18:00:42.441926,2021-06-19 18:00:45.242906,0 days 00:00:02.800980,90,0.8734186964671056,10,12,29,28,102,"[4523, 4523]",COMPLETE
5130,5130,0.24499276193279987,2.733706474304199,2021-06-19 18:00:45.246018,2021-06-19 18:00:47.986499,0 days 00:00:02.740481,20,0.7044121314824888,8,1,2,28,102,"[4523, 1599]",COMPLETE
5131,5131,0.22976389350299437,2.733330011367798,2021-06-19 18:00:47.989773,2021-06-19 18:00:50.729729,0 days 00:00:02.739956,20,0.7044121314824888,10,1,21,25,102,"[1599, 1006]",COMPLETE
5132,5132,0.27290040468555904,2.9038658142089844,2021-06-19 18:00:50.733032,2021-06-19 18:00:53.643802,0 days 00:00:02.910770,20,0.775837870117549,7,4,30,16,102,"[5089, 880]",COMPLETE
5133,5133,0.23038066063243082,2.5627329349517822,2021-06-19 18:00:53.647000,2021-06-19 18:00:56.216189,0 days 00:00:02.569189,20,0.7044121314824888,10,1,30,25,102,"[900, 3100]",COMPLETE
5134,5134,0.2319678719188286,2.7813775539398193,2021-06-19 18:00:56.219240,2021-06-19 18:00:59.007079,0 days 00:00:02.787839,20,0.8047024443354969,10,1,24,25,102,"[2229, 2229]",COMPLETE
5135,5135,0.23221627963270228,2.6429524421691895,2021-06-19 18:00:59.010086,2021-06-19 18:01:01.659438,0 days 00:00:02.649352,20,0.775837870117549,10,13,30,25,102,"[3100, 4879]",COMPLETE
5136,5136,0.2305248927614631,2.7980728149414062,2021-06-19 18:01:01.662325,2021-06-19 18:01:04.466777,0 days 00:00:02.804452,30,0.7044121314824888,10,9,30,25,102,"[5069, 2963]",COMPLETE
5137,5137,0.3103177955433274,2.6925101280212402,2021-06-19 18:01:04.469819,2021-06-19 18:01:07.168911,0 days 00:00:02.699092,20,0.775837870117549,10,10,5,4,102,"[2991, 4879]",COMPLETE
5138,5138,0.23871184110333968,2.561527729034424,2021-06-19 18:01:07.172023,2021-06-19 18:01:09.740659,0 days 00:00:02.568636,10,0.7492482924832433,10,1,8,25,102,"[1246, 900]",COMPLETE
5139,5139,0.22920642009510808,2.7657289505004883,2021-06-19 18:01:09.743829,2021-06-19 18:01:12.516006,0 days 00:00:02.772177,20,0.7044121314824888,10,9,30,26,102,"[2963, 3256]",COMPLETE
5140,5140,0.23704822436245107,2.576096296310425,2021-06-19 18:01:12.518938,2021-06-19 18:01:15.101551,0 days 00:00:02.582613,40,0.7044121314824888,10,2,30,25,102,"[4236, 1929]",COMPLETE
5141,5141,0.2279666813779164,2.653282880783081,2021-06-19 18:01:15.104739,2021-06-19 18:01:17.764578,0 days 00:00:02.659839,20,0.7044121314824888,10,11,30,28,102,"[4523, 4781]",COMPLETE
5142,5142,inf,inf,2021-06-19 18:01:17.767797,2021-06-19 18:01:21.657866,0 days 00:00:03.890069,80,0.6051980841437561,0,1,30,25,102,"[2659, 1244]",COMPLETE
5143,5143,0.23964311545259448,2.7079546451568604,2021-06-19 18:01:21.662906,2021-06-19 18:01:24.402711,0 days 00:00:02.739805,20,0.922985145370723,10,9,10,25,102,"[1244, 2991]",COMPLETE
5144,5144,inf,inf,2021-06-19 18:01:24.405987,2021-06-19 18:01:24.579459,0 days 00:00:00.173472,40,0.3639702847974573,10,1,30,14,102,"[3760, 1929]",COMPLETE
5145,5145,0.22682352324335403,2.543856143951416,2021-06-19 18:01:24.584539,2021-06-19 18:01:27.157951,0 days 00:00:02.573412,20,0.775837870117549,10,1,30,25,102,"[2991, 2991]",COMPLETE
5146,5146,0.24316956846347507,2.766237497329712,2021-06-19 18:01:27.161189,2021-06-19 18:01:29.933765,0 days 00:00:02.772576,40,0.775837870117549,10,1,2,25,102,"[4419, 1205]",COMPLETE
5147,5147,0.2417924567777342,2.628878593444824,2021-06-19 18:01:29.936947,2021-06-19 18:01:32.572300,0 days 00:00:02.635353,20,0.775837870117549,10,1,30,20,102,"[5089, 2229]",COMPLETE
5148,5148,0.23751050822563674,2.76530122756958,2021-06-19 18:01:32.575364,2021-06-19 18:01:35.347201,0 days 00:00:02.771837,20,0.775837870117549,10,1,26,21,102,"[4879, 4236]",COMPLETE
5149,5149,0.24290227145491392,2.5837717056274414,2021-06-19 18:01:35.350360,2021-06-19 18:01:37.940794,0 days 00:00:02.590434,20,0.6273160130039246,10,1,2,26,102,"[1218, 1205]",COMPLETE
5150,5150,0.2875505568432067,2.563046932220459,2021-06-19 18:01:37.944022,2021-06-19 18:01:40.562318,0 days 00:00:02.618296,20,0.7044121314824888,10,1,26,3,103,"[4943, 411]",COMPLETE
5151,5151,0.22951150742638152,2.727449417114258,2021-06-19 18:01:40.565587,2021-06-19 18:01:43.299368,0 days 00:00:02.733781,20,0.7044121314824888,10,1,30,25,103,"[3195, 3195]",COMPLETE
5152,5152,0.24161330187068236,2.6368978023529053,2021-06-19 18:01:43.302526,2021-06-19 18:01:45.945703,0 days 00:00:02.643177,20,0.7044121314824888,10,9,2,25,103,"[1205, 2960]",COMPLETE
5153,5153,0.23206964900023636,2.637892723083496,2021-06-19 18:01:45.949025,2021-06-19 18:01:48.594231,0 days 00:00:02.645206,20,0.775837870117549,10,4,22,25,103,"[4879, 3195]",COMPLETE
5154,5154,0.22812170660438266,2.823589324951172,2021-06-19 18:01:48.597422,2021-06-19 18:01:51.427435,0 days 00:00:02.830013,20,0.7492482924832433,10,15,24,25,103,"[900, 2063]",COMPLETE
5155,5155,0.240346562216358,2.594320297241211,2021-06-19 18:01:51.430549,2021-06-19 18:01:54.031152,0 days 00:00:02.600603,20,0.7492482924832433,10,1,9,22,103,"[647, 745]",COMPLETE
