,number,values_0,values_1,datetime_start,datetime_complete,duration,params_checks,params_n_ratio,params_nskip,params_trees,params_w1,params_w2,system_attrs_nsga2:generation,system_attrs_nsga2:parents,state
2062,2062,0.2618691539952936,2.8238563537597656,2021-06-19 15:09:00.059587,2021-06-19 15:09:02.886571,0 days 00:00:02.826984,20,0.8347675425130612,10,1,30,16,41,"[993, 1974]",COMPLETE
2063,2063,0.22998337786744885,2.507728338241577,2021-06-19 15:09:02.888592,2021-06-19 15:09:05.399561,0 days 00:00:02.510969,20,0.8047024443354969,10,1,24,25,41,"[1312, 1974]",COMPLETE
2064,2064,0.2333603627051658,2.7249600887298584,2021-06-19 15:09:05.401521,2021-06-19 15:09:08.129525,0 days 00:00:02.728004,40,0.8047024443354969,10,1,30,25,41,"[1745, 1897]",COMPLETE
2065,2065,0.23011129381772832,2.5522611141204834,2021-06-19 15:09:08.131526,2021-06-19 15:09:10.686700,0 days 00:00:02.555174,20,0.8047024443354969,10,1,24,25,41,"[1312, 1745]",COMPLETE
2066,2066,0.2297698502684382,2.7456417083740234,2021-06-19 15:09:10.688631,2021-06-19 15:09:13.437177,0 days 00:00:02.748546,20,0.7044121314824888,10,9,26,26,41,"[411, 908]",COMPLETE
2067,2067,0.2329140039209475,2.576061725616455,2021-06-19 15:09:13.439126,2021-06-19 15:09:16.018225,0 days 00:00:02.579099,20,0.8047024443354969,10,7,24,25,41,"[993, 840]",COMPLETE
2068,2068,0.22997851901215147,2.7923567295074463,2021-06-19 15:09:16.020240,2021-06-19 15:09:18.815806,0 days 00:00:02.795566,60,0.7492482924832433,10,7,29,27,41,"[488, 905]",COMPLETE
2069,2069,0.2317066870389668,2.6908838748931885,2021-06-19 15:09:18.817765,2021-06-19 15:09:21.511876,0 days 00:00:02.694111,0,0.7834104129475037,10,9,22,25,41,"[1244, 1705]",COMPLETE
2070,2070,0.23171599626014086,2.589895725250244,2021-06-19 15:09:21.513785,2021-06-19 15:09:24.106604,0 days 00:00:02.592819,10,0.7044121314824888,10,1,30,25,41,"[1956, 905]",COMPLETE
2071,2071,0.23137583678768542,2.6894259452819824,2021-06-19 15:09:24.108357,2021-06-19 15:09:26.800671,0 days 00:00:02.692314,20,0.7044121314824888,10,1,30,25,41,"[1160, 1990]",COMPLETE
2072,2072,0.22985366720815906,2.5915474891662598,2021-06-19 15:09:26.802439,2021-06-19 15:09:29.396909,0 days 00:00:02.594470,20,0.7044121314824888,10,9,30,26,41,"[903, 411]",COMPLETE
2073,2073,inf,inf,2021-06-19 15:09:29.398659,2021-06-19 15:09:29.843561,0 days 00:00:00.444902,10,0.5379852742885947,10,1,30,26,41,"[1795, 1974]",COMPLETE
2074,2074,0.24089043270307653,2.681894540786743,2021-06-19 15:09:29.852867,2021-06-19 15:09:32.543397,0 days 00:00:02.690530,10,0.603627004462215,10,1,8,25,41,"[316, 1028]",COMPLETE
2075,2075,0.23421044744757,2.5349457263946533,2021-06-19 15:09:32.545368,2021-06-19 15:09:35.083230,0 days 00:00:02.537862,10,0.7492482924832433,10,1,23,26,41,"[960, 1046]",COMPLETE
2076,2076,0.23197054386175972,2.545661449432373,2021-06-19 15:09:35.085296,2021-06-19 15:09:37.633935,0 days 00:00:02.548639,10,0.7044121314824888,10,1,30,24,41,"[880, 1159]",COMPLETE
2077,2077,0.22946284555214003,2.7354683876037598,2021-06-19 15:09:37.635879,2021-06-19 15:09:40.374426,0 days 00:00:02.738547,50,0.7044121314824888,10,9,30,25,41,"[1851, 880]",COMPLETE
2078,2078,0.23178730230115763,2.4917116165161133,2021-06-19 15:09:40.376417,2021-06-19 15:09:42.871046,0 days 00:00:02.494629,20,0.7492482924832433,10,1,23,26,41,"[960, 2048]",COMPLETE
2079,2079,0.2385252045919533,2.8083810806274414,2021-06-19 15:09:42.872948,2021-06-19 15:09:45.684368,0 days 00:00:02.811420,0,0.775837870117549,10,1,30,25,41,"[1344, 1745]",COMPLETE
2080,2080,0.2302197258709359,2.5513265132904053,2021-06-19 15:09:45.686393,2021-06-19 15:09:48.241220,0 days 00:00:02.554827,20,0.6532611673048785,10,1,25,26,41,"[900, 1416]",COMPLETE
2081,2081,inf,inf,2021-06-19 15:09:48.243239,2021-06-19 15:09:48.580741,0 days 00:00:00.337502,20,0.4891102511246683,10,1,24,25,41,"[1735, 1599]",COMPLETE
2082,2082,0.2969110878982239,2.723179340362549,2021-06-19 15:09:48.589765,2021-06-19 15:09:51.327364,0 days 00:00:02.737599,0,0.7044121314824888,10,1,30,9,41,"[1006, 1897]",COMPLETE
2083,2083,0.22893539876242402,2.5490026473999023,2021-06-19 15:09:51.329389,2021-06-19 15:09:53.881195,0 days 00:00:02.551806,20,0.7044121314824888,10,1,24,26,41,"[1599, 1599]",COMPLETE
2084,2084,0.233561125951896,2.5764505863189697,2021-06-19 15:09:53.883224,2021-06-19 15:09:56.462576,0 days 00:00:02.579352,10,0.7044121314824888,10,7,30,25,41,"[1246, 1246]",COMPLETE
2085,2085,0.2337330278748303,2.7156829833984375,2021-06-19 15:09:56.464218,2021-06-19 15:09:59.183053,0 days 00:00:02.718835,90,0.7044121314824888,10,1,19,26,41,"[1851, 1851]",COMPLETE
2086,2086,0.23177060281387915,2.5479249954223633,2021-06-19 15:09:59.184741,2021-06-19 15:10:01.735586,0 days 00:00:02.550845,20,0.7044121314824888,10,1,30,25,41,"[1046, 1006]",COMPLETE
2087,2087,0.3185028238025253,9.632123231887817,2021-06-19 15:10:01.737587,2021-06-19 15:10:11.372888,0 days 00:00:09.635301,20,0.7044121314824888,0,9,30,26,41,"[993, 1218]",COMPLETE
2088,2088,0.26981796322352464,3.202256441116333,2021-06-19 15:10:11.374854,2021-06-19 15:10:14.580255,0 days 00:00:03.205401,40,0.7044121314824888,5,9,23,26,41,"[647, 903]",COMPLETE
2089,2089,0.22835229558561887,2.6627848148345947,2021-06-19 15:10:14.582128,2021-06-19 15:10:17.247962,0 days 00:00:02.665834,20,0.7044121314824888,10,7,30,26,41,"[1046, 1218]",COMPLETE
2090,2090,0.2289270922487907,2.580634832382202,2021-06-19 15:10:17.249960,2021-06-19 15:10:19.833592,0 days 00:00:02.583632,20,0.7044121314824888,10,1,30,26,41,"[1851, 1416]",COMPLETE
2091,2091,inf,inf,2021-06-19 15:10:19.835500,2021-06-19 15:10:20.146078,0 days 00:00:00.310578,20,0.46849303426459316,10,1,20,26,41,"[1942, 1974]",COMPLETE
2092,2092,0.23590040152535338,2.755675792694092,2021-06-19 15:10:20.150679,2021-06-19 15:10:22.912310,0 days 00:00:02.761631,10,0.8350615461643598,10,1,17,26,41,"[1795, 1727]",COMPLETE
2093,2093,0.24028672025281256,2.5468878746032715,2021-06-19 15:10:22.914017,2021-06-19 15:10:25.464103,0 days 00:00:02.550086,20,0.775837870117549,10,1,18,22,41,"[1205, 1974]",COMPLETE
2094,2094,0.3069852883410266,2.5482139587402344,2021-06-19 15:10:25.466050,2021-06-19 15:10:28.017566,0 days 00:00:02.551516,50,0.7044121314824888,10,1,8,5,41,"[1219, 1851]",COMPLETE
2095,2095,0.2426019714430098,2.7295114994049072,2021-06-19 15:10:28.019347,2021-06-19 15:10:30.752029,0 days 00:00:02.732682,20,0.7044121314824888,10,14,3,26,41,"[1929, 1160]",COMPLETE
2096,2096,0.23279035023087002,2.653623342514038,2021-06-19 15:10:30.753982,2021-06-19 15:10:33.410698,0 days 00:00:02.656716,40,0.7492482924832433,10,1,30,24,41,"[488, 1159]",COMPLETE
2097,2097,inf,inf,2021-06-19 15:10:33.412456,2021-06-19 15:10:33.870976,0 days 00:00:00.458520,20,0.559327736299648,9,1,24,24,41,"[1159, 1312]",COMPLETE
2098,2098,0.2365113188444059,2.740774393081665,2021-06-19 15:10:33.878255,2021-06-19 15:10:36.624585,0 days 00:00:02.746330,10,0.7492482924832433,10,1,24,26,41,"[1599, 960]",COMPLETE
2099,2099,0.23387501307370337,2.6060831546783447,2021-06-19 15:10:36.626539,2021-06-19 15:10:39.235696,0 days 00:00:02.609157,20,0.6841361770262422,10,9,30,25,41,"[1674, 1218]",COMPLETE
2100,2100,0.23061026352073882,2.5308589935302734,2021-06-19 15:10:39.237757,2021-06-19 15:11:53.544666,0 days 00:01:14.306909,20,0.7492482924832433,10,1,30,25,42,"[1735, 1246]",COMPLETE
2101,2101,0.2339182845371189,2.587799072265625,2021-06-19 15:11:53.547911,2021-06-19 15:11:56.145741,0 days 00:00:02.597830,20,0.8047024443354969,10,1,30,25,42,"[1745, 908]",COMPLETE
2102,2102,0.3137877714262043,5.661278009414673,2021-06-19 15:11:56.147756,2021-06-19 15:12:01.812217,0 days 00:00:05.664461,20,0.8047024443354969,1,1,25,25,42,"[2060, 1745]",COMPLETE
2103,2103,inf,inf,2021-06-19 15:12:01.814265,2021-06-19 15:12:01.962027,0 days 00:00:00.147762,20,0.3111436112479416,5,1,30,3,42,"[1851, 2083]",COMPLETE
2104,2104,0.23400541247482937,2.6372227668762207,2021-06-19 15:12:01.972795,2021-06-19 15:12:04.617257,0 days 00:00:02.644462,20,0.8047024443354969,10,13,22,23,42,"[849, 1745]",COMPLETE
2105,2105,0.23815703794926063,2.5966856479644775,2021-06-19 15:12:04.619295,2021-06-19 15:12:07.218963,0 days 00:00:02.599668,20,0.775837870117549,10,9,10,25,42,"[1826, 2060]",COMPLETE
2106,2106,0.23519792682514742,2.790334701538086,2021-06-19 15:12:07.220941,2021-06-19 15:12:10.014258,0 days 00:00:02.793317,10,0.7492482924832433,10,1,23,25,42,"[960, 880]",COMPLETE
2107,2107,0.22849024386452096,2.701106548309326,2021-06-19 15:12:10.016263,2021-06-19 15:12:12.720513,0 days 00:00:02.704250,80,0.8047024443354969,10,9,30,25,42,"[1416, 1244]",COMPLETE
2108,2108,0.23499133897177127,2.7463219165802,2021-06-19 15:12:12.722528,2021-06-19 15:12:15.471985,0 days 00:00:02.749457,70,0.6415492259649922,10,1,22,26,42,"[849, 960]",COMPLETE
2109,2109,0.2383666242766493,2.5988807678222656,2021-06-19 15:12:15.473756,2021-06-19 15:12:18.075740,0 days 00:00:02.601984,10,0.7492482924832433,10,9,30,22,42,"[745, 1159]",COMPLETE
2110,2110,0.22935192203499985,2.763110399246216,2021-06-19 15:12:18.077712,2021-06-19 15:12:20.843966,0 days 00:00:02.766254,20,0.775837870117549,10,9,26,26,42,"[1244, 1974]",COMPLETE
2111,2111,0.2557242286271264,2.558471918106079,2021-06-19 15:12:20.845964,2021-06-19 15:12:23.407631,0 days 00:00:02.561667,10,0.7492482924832433,10,1,5,19,42,"[1735, 1705]",COMPLETE
2112,2112,0.22791872269422836,2.5974574089050293,2021-06-19 15:12:23.409587,2021-06-19 15:12:26.010194,0 days 00:00:02.600607,80,0.7492482924832433,10,1,24,25,42,"[488, 900]",COMPLETE
2113,2113,0.23185697969345578,2.7812132835388184,2021-06-19 15:12:26.012266,2021-06-19 15:12:28.796683,0 days 00:00:02.784417,20,0.7044121314824888,10,1,28,24,42,"[1135, 1160]",COMPLETE
2114,2114,0.23065649607439634,2.6186702251434326,2021-06-19 15:12:28.798478,2021-06-19 15:12:31.420185,0 days 00:00:02.621707,20,0.775837870117549,10,9,23,25,42,"[1826, 1160]",COMPLETE
2115,2115,0.23042491828048148,2.700740098953247,2021-06-19 15:12:31.422170,2021-06-19 15:12:34.125932,0 days 00:00:02.703762,20,0.775837870117549,10,1,23,26,42,"[1826, 2078]",COMPLETE
2116,2116,0.2357136842191896,2.6336889266967773,2021-06-19 15:12:34.127901,2021-06-19 15:12:36.764577,0 days 00:00:02.636676,20,0.7492482924832433,10,1,30,25,42,"[2060, 1159]",COMPLETE
2117,2117,0.23052400871387776,2.6111841201782227,2021-06-19 15:12:36.766568,2021-06-19 15:12:39.380724,0 days 00:00:02.614156,20,0.7044121314824888,10,9,30,26,42,"[1735, 903]",COMPLETE
2118,2118,0.28782033968655824,3.8388731479644775,2021-06-19 15:12:39.382669,2021-06-19 15:12:43.224824,0 days 00:00:03.842155,0,0.7044121314824888,3,1,8,24,42,"[2083, 1159]",COMPLETE
2119,2119,0.2293241182812154,2.5927469730377197,2021-06-19 15:12:43.226702,2021-06-19 15:12:45.822493,0 days 00:00:02.595791,20,0.7492482924832433,10,9,30,25,42,"[908, 1674]",COMPLETE
2120,2120,0.22734770791003234,2.7617123126983643,2021-06-19 15:12:45.824495,2021-06-19 15:12:48.589397,0 days 00:00:02.764902,100,0.8047024443354969,10,1,30,27,42,"[1246, 1416]",COMPLETE
2121,2121,0.2806348014289857,2.5910046100616455,2021-06-19 15:12:48.591324,2021-06-19 15:12:51.185531,0 days 00:00:02.594207,20,0.8047024443354969,10,1,29,10,42,"[960, 2063]",COMPLETE
2122,2122,0.23449830067962513,2.713701009750366,2021-06-19 15:12:51.187466,2021-06-19 15:12:53.904149,0 days 00:00:02.716683,20,0.7044121314824888,10,1,30,25,42,"[1006, 1389]",COMPLETE
2123,2123,0.2664008863080672,2.5834426879882812,2021-06-19 15:12:53.906147,2021-06-19 15:12:56.492957,0 days 00:00:02.586810,20,0.7492482924832433,10,4,30,11,42,"[1735, 1046]",COMPLETE
2124,2124,0.2626190305711015,2.699679374694824,2021-06-19 15:12:56.494963,2021-06-19 15:12:59.197878,0 days 00:00:02.702915,10,0.7044121314824888,10,1,30,13,42,"[1159, 1389]",COMPLETE
2125,2125,0.35585489228762257,2.6421773433685303,2021-06-19 15:12:59.199840,2021-06-19 15:13:01.845210,0 days 00:00:02.645370,20,0.775837870117549,10,8,23,0,42,"[1344, 2063]",COMPLETE
2126,2126,0.22987258069235922,2.5839381217956543,2021-06-19 15:13:01.847101,2021-06-19 15:13:04.434358,0 days 00:00:02.587257,20,0.7044121314824888,10,9,23,26,42,"[1244, 960]",COMPLETE
2127,2127,0.23171738493916397,2.721130132675171,2021-06-19 15:13:04.436364,2021-06-19 15:13:07.160603,0 days 00:00:02.724239,20,0.8047024443354969,10,5,30,26,42,"[1974, 1789]",COMPLETE
2128,2128,0.3107332320886953,5.398561477661133,2021-06-19 15:13:07.162551,2021-06-19 15:13:12.564331,0 days 00:00:05.401780,10,0.7044121314824888,1,1,30,22,42,"[1389, 1135]",COMPLETE
2129,2129,0.2638763292651352,2.8433995246887207,2021-06-19 15:13:12.566356,2021-06-19 15:13:15.413072,0 days 00:00:02.846716,10,0.7044121314824888,8,1,30,17,42,"[1929, 993]",COMPLETE
2130,2130,inf,inf,2021-06-19 15:13:15.414981,2021-06-19 15:13:15.610176,0 days 00:00:00.195195,20,0.3477103979719485,10,1,30,24,42,"[1974, 1159]",COMPLETE
2131,2131,0.2369265526265007,2.6314425468444824,2021-06-19 15:13:15.612933,2021-06-19 15:13:18.251068,0 days 00:00:02.638135,20,0.7044121314824888,10,14,10,26,42,"[1218, 2060]",COMPLETE
2132,2132,0.2328411212345712,2.739229917526245,2021-06-19 15:13:18.253172,2021-06-19 15:13:20.995459,0 days 00:00:02.742287,20,0.7044121314824888,10,1,23,26,42,"[1205, 647]",COMPLETE
2133,2133,0.2291300008263826,2.569488286972046,2021-06-19 15:13:20.997441,2021-06-19 15:13:23.569942,0 days 00:00:02.572501,20,0.7044121314824888,10,1,30,26,42,"[374, 1159]",COMPLETE
2134,2134,0.23065209178577567,2.6018667221069336,2021-06-19 15:13:23.571940,2021-06-19 15:13:26.177002,0 days 00:00:02.605062,20,0.7044121314824888,10,6,24,24,42,"[2083, 1599]",COMPLETE
2135,2135,0.24164577842445162,2.725986957550049,2021-06-19 15:13:26.178702,2021-06-19 15:13:28.908022,0 days 00:00:02.729320,50,0.7044121314824888,10,1,5,25,42,"[1006, 1984]",COMPLETE
2136,2136,0.23249315865029246,2.5708720684051514,2021-06-19 15:13:28.909593,2021-06-19 15:13:31.483608,0 days 00:00:02.574015,20,0.7492482924832433,10,4,30,25,42,"[900, 1244]",COMPLETE
2137,2137,0.262458703288241,2.713709831237793,2021-06-19 15:13:31.485544,2021-06-19 15:13:34.202397,0 days 00:00:02.716853,20,0.7044121314824888,10,1,26,13,42,"[411, 900]",COMPLETE
2138,2138,0.2857859138391019,3.4250378608703613,2021-06-19 15:13:34.204440,2021-06-19 15:13:37.632710,0 days 00:00:03.428270,50,0.7044121314824888,4,1,24,25,42,"[2063, 1246]",COMPLETE
2139,2139,0.22916288070319266,2.7313408851623535,2021-06-19 15:13:37.634698,2021-06-19 15:13:40.369108,0 days 00:00:02.734410,20,0.775837870117549,10,1,30,25,42,"[1826, 316]",COMPLETE
2140,2140,0.22921145043726576,2.603410482406616,2021-06-19 15:13:40.371099,2021-06-19 15:13:42.977500,0 days 00:00:02.606401,20,0.7044121314824888,10,6,26,26,42,"[411, 411]",COMPLETE
2141,2141,0.23085046146191301,2.5787370204925537,2021-06-19 15:13:42.979541,2021-06-19 15:13:45.561276,0 days 00:00:02.581735,20,0.8047024443354969,10,1,30,26,42,"[1416, 1974]",COMPLETE
2142,2142,0.2334066685918479,2.749300003051758,2021-06-19 15:13:45.563298,2021-06-19 15:13:48.315673,0 days 00:00:02.752375,10,0.7492482924832433,10,1,30,26,42,"[1897, 1974]",COMPLETE
2143,2143,0.23029998496733606,2.61008620262146,2021-06-19 15:13:48.317653,2021-06-19 15:13:50.930878,0 days 00:00:02.613225,100,0.7492482924832433,10,1,30,26,42,"[488, 1768]",COMPLETE
2144,2144,0.22802136733530756,2.7517893314361572,2021-06-19 15:13:50.932960,2021-06-19 15:13:53.687785,0 days 00:00:02.754825,50,0.775837870117549,10,1,30,24,42,"[1974, 1974]",COMPLETE
2145,2145,0.24124801756508624,2.640125274658203,2021-06-19 15:13:53.689793,2021-06-19 15:13:56.333166,0 days 00:00:02.643373,10,0.6186914538356298,9,1,8,25,42,"[1416, 316]",COMPLETE
2146,2146,0.23667447131386793,2.558678388595581,2021-06-19 15:13:56.335177,2021-06-19 15:13:58.896876,0 days 00:00:02.561699,20,0.7044121314824888,10,1,10,26,42,"[1160, 2060]",COMPLETE
2147,2147,0.23675457217313423,2.746152400970459,2021-06-19 15:13:58.898891,2021-06-19 15:14:01.648234,0 days 00:00:02.749343,20,0.7044121314824888,9,2,30,25,42,"[1705, 1735]",COMPLETE
2148,2148,0.23503856627732317,2.5722219944000244,2021-06-19 15:14:01.650261,2021-06-19 15:14:04.225820,0 days 00:00:02.575559,20,0.7492482924832433,10,1,30,22,42,"[745, 993]",COMPLETE
2149,2149,0.23872144234069695,2.7710025310516357,2021-06-19 15:14:04.227643,2021-06-19 15:14:07.001921,0 days 00:00:02.774278,20,0.7044121314824888,10,14,9,26,42,"[2083, 647]",COMPLETE
2150,2150,0.2300480998459182,2.634906053543091,2021-06-19 15:14:07.003686,2021-06-19 15:14:09.689294,0 days 00:00:02.685608,20,0.677855684755979,10,1,30,25,43,"[2083, 488]",COMPLETE
2151,2151,0.23167924173083473,2.612792491912842,2021-06-19 15:14:09.691335,2021-06-19 15:14:12.307629,0 days 00:00:02.616294,10,0.7492482924832433,10,6,30,26,43,"[960, 880]",COMPLETE
2152,2152,0.23252940027300445,2.7455570697784424,2021-06-19 15:14:12.309665,2021-06-19 15:14:15.058431,0 days 00:00:02.748766,20,0.7044121314824888,10,9,30,23,43,"[374, 2078]",COMPLETE
2153,2153,0.22872489480918087,2.6420834064483643,2021-06-19 15:14:15.060398,2021-06-19 15:14:17.705645,0 days 00:00:02.645247,20,0.7492482924832433,10,12,30,25,43,"[316, 1768]",COMPLETE
2154,2154,0.2955998295765101,2.7788639068603516,2021-06-19 15:14:17.707641,2021-06-19 15:14:20.489734,0 days 00:00:02.782093,10,0.7492482924832433,9,1,8,8,43,"[316, 960]",COMPLETE
2155,2155,0.2292539451060672,2.587235450744629,2021-06-19 15:14:20.491557,2021-06-19 15:14:23.081792,0 days 00:00:02.590235,20,0.7044121314824888,10,9,25,26,43,"[908, 908]",COMPLETE
2156,2156,0.23023909400646025,2.5525615215301514,2021-06-19 15:14:23.083361,2021-06-19 15:14:25.638936,0 days 00:00:02.555575,20,0.8047024443354969,10,1,24,26,43,"[1599, 1789]",COMPLETE
2157,2157,0.23298446358024452,2.6830146312713623,2021-06-19 15:14:25.640565,2021-06-19 15:14:28.326621,0 days 00:00:02.686056,20,0.7492482924832433,10,1,23,26,43,"[745, 2078]",COMPLETE
2158,2158,0.2765785960181687,3.3965744972229004,2021-06-19 15:14:28.328664,2021-06-19 15:14:31.728446,0 days 00:00:03.399782,20,0.8047024443354969,4,1,3,25,43,"[1006, 2048]",COMPLETE
2159,2159,0.2352423048131834,2.8183226585388184,2021-06-19 15:14:31.730534,2021-06-19 15:14:34.552473,0 days 00:00:02.821939,20,0.9302248620538043,10,1,17,26,43,"[993, 1599]",COMPLETE
2160,2160,0.22870769584235573,2.631394386291504,2021-06-19 15:14:34.554461,2021-06-19 15:14:37.189059,0 days 00:00:02.634598,20,0.8559310504664617,10,9,30,26,43,"[1851, 1246]",COMPLETE
2161,2161,0.2294334050659979,2.7300682067871094,2021-06-19 15:14:37.190976,2021-06-19 15:14:39.924060,0 days 00:00:02.733084,20,0.8047024443354969,10,1,24,25,43,"[2063, 1735]",COMPLETE
2162,2162,0.23193741969522538,2.6285762786865234,2021-06-19 15:14:39.925916,2021-06-19 15:14:42.557502,0 days 00:00:02.631586,20,0.7044121314824888,10,9,23,26,43,"[1851, 1219]",COMPLETE
2163,2163,0.2333501063943415,2.605802059173584,2021-06-19 15:14:42.559548,2021-06-19 15:14:45.168689,0 days 00:00:02.609141,20,0.7044121314824888,10,1,30,25,43,"[1984, 1218]",COMPLETE
2164,2164,0.23729227949685444,2.767850160598755,2021-06-19 15:14:45.170709,2021-06-19 15:14:47.941869,0 days 00:00:02.771160,20,0.7044121314824888,10,9,30,23,43,"[1416, 903]",COMPLETE
2165,2165,0.26580376770753267,2.6162056922912598,2021-06-19 15:14:47.943925,2021-06-19 15:14:50.563156,0 days 00:00:02.619231,20,0.6415492259649922,10,1,2,14,43,"[849, 1205]",COMPLETE
2166,2166,0.24481064312662856,2.7004194259643555,2021-06-19 15:14:50.565223,2021-06-19 15:14:53.268856,0 days 00:00:02.703633,20,0.8047024443354969,10,1,0,25,43,"[1389, 1312]",COMPLETE
2167,2167,0.2273792777473386,2.6065540313720703,2021-06-19 15:14:53.270880,2021-06-19 15:14:55.880635,0 days 00:00:02.609755,20,0.7044121314824888,10,9,28,26,43,"[908, 488]",COMPLETE
2168,2168,0.23338233501910796,2.7211248874664307,2021-06-19 15:14:55.882609,2021-06-19 15:14:58.606941,0 days 00:00:02.724332,60,0.7044121314824888,10,1,22,25,43,"[849, 1705]",COMPLETE
2169,2169,0.23075486077848398,2.5841310024261475,2021-06-19 15:14:58.608958,2021-06-19 15:15:01.196128,0 days 00:00:02.587170,20,0.7044121314824888,10,9,30,26,43,"[411, 1851]",COMPLETE
2170,2170,0.28414076941355393,2.587970018386841,2021-06-19 15:15:01.197788,2021-06-19 15:15:03.789298,0 days 00:00:02.591510,50,0.7492482924832433,10,1,2,9,43,"[488, 1246]",COMPLETE
2171,2171,0.25169565855756787,2.9225473403930664,2021-06-19 15:15:03.791315,2021-06-19 15:15:06.717168,0 days 00:00:02.925853,20,0.7044121314824888,7,1,6,26,43,"[1705, 647]",COMPLETE
2172,2172,0.23084557922263604,2.611163377761841,2021-06-19 15:15:06.719143,2021-06-19 15:15:09.333328,0 days 00:00:02.614185,20,0.7492482924832433,10,1,30,25,43,"[2100, 1046]",COMPLETE
2173,2173,0.23494204939456112,2.7708563804626465,2021-06-19 15:15:09.335187,2021-06-19 15:15:12.109088,0 days 00:00:02.773901,20,0.7044121314824888,10,9,30,24,43,"[1244, 1159]",COMPLETE
2174,2174,0.24885886126754203,2.7782020568847656,2021-06-19 15:15:12.111123,2021-06-19 15:15:14.892318,0 days 00:00:02.781195,20,0.7492482924832433,7,1,24,26,43,"[900, 900]",COMPLETE
2175,2175,0.24102407528650066,2.7804741859436035,2021-06-19 15:15:14.894352,2021-06-19 15:15:17.677827,0 days 00:00:02.783475,100,0.8047024443354969,10,1,30,20,43,"[2120, 2120]",COMPLETE
2176,2176,0.22837493669174108,2.5618090629577637,2021-06-19 15:15:17.679891,2021-06-19 15:15:20.245095,0 days 00:00:02.565204,20,0.8047024443354969,10,1,24,25,43,"[2063, 745]",COMPLETE
2177,2177,0.23011082113661518,2.711622714996338,2021-06-19 15:15:20.246959,2021-06-19 15:15:22.961454,0 days 00:00:02.714495,20,0.7044121314824888,10,1,30,24,43,"[1159, 1159]",COMPLETE
2178,2178,0.3191232505683177,9.441818237304688,2021-06-19 15:15:22.963427,2021-06-19 15:15:32.408424,0 days 00:00:09.444997,10,0.7044121314824888,0,9,30,26,43,"[374, 1028]",COMPLETE
2179,2179,0.29006975162220344,3.6579983234405518,2021-06-19 15:15:32.410454,2021-06-19 15:15:36.071818,0 days 00:00:03.661364,20,0.7044121314824888,3,1,30,26,43,"[1974, 908]",COMPLETE
2180,2180,0.23113189052826985,2.73249888420105,2021-06-19 15:15:36.073863,2021-06-19 15:15:38.809482,0 days 00:00:02.735619,30,0.7492482924832433,10,1,24,26,43,"[900, 900]",COMPLETE
