,number,values_0,values_1,datetime_start,datetime_complete,duration,params_checks,params_n_ratio,params_nskip,params_trees,params_w1,params_w2,system_attrs_nsga2:generation,system_attrs_nsga2:parents,state
9066,9066,0.23682644906176897,2.5717852115631104,2021-06-19 21:45:17.532322,2021-06-19 21:45:20.115074,0 days 00:00:02.582752,20,0.6287359519702342,10,1,30,26,181,"[8532, 5853]",COMPLETE
9067,9067,0.2362796502654494,2.571397542953491,2021-06-19 21:45:20.119965,2021-06-19 21:45:22.702017,0 days 00:00:02.582052,10,0.7492482924832433,10,1,30,26,181,"[1389, 2963]",COMPLETE
9068,9068,0.2660586066319747,2.5605990886688232,2021-06-19 21:45:22.706910,2021-06-19 21:45:25.278359,0 days 00:00:02.571449,20,0.7492482924832433,10,1,30,11,181,"[6763, 6763]",COMPLETE
9069,9069,0.23201938860293203,2.7880570888519287,2021-06-19 21:45:25.282925,2021-06-19 21:45:28.081719,0 days 00:00:02.798794,10,0.7492482924832433,10,2,30,25,181,"[5654, 880]",COMPLETE
9070,9070,0.22989750644270984,2.572777509689331,2021-06-19 21:45:28.086433,2021-06-19 21:45:30.669820,0 days 00:00:02.583387,20,0.8047024443354969,10,1,30,25,181,"[1159, 4943]",COMPLETE
9071,9071,0.23219741356512907,2.8442742824554443,2021-06-19 21:45:30.674687,2021-06-19 21:45:33.529939,0 days 00:00:02.855252,20,0.775837870117549,10,5,30,26,181,"[7631, 8416]",COMPLETE
9072,9072,0.2638633494200054,3.111692190170288,2021-06-19 21:45:33.534701,2021-06-19 21:45:36.657396,0 days 00:00:03.122695,20,0.6678851156447294,5,1,30,27,181,"[6968, 8935]",COMPLETE
9073,9073,0.26168078770024256,2.6611483097076416,2021-06-19 21:45:36.661990,2021-06-19 21:45:39.333973,0 days 00:00:02.671983,40,0.775837870117549,10,1,30,13,181,"[6751, 8416]",COMPLETE
9074,9074,0.2335851179026056,2.5396885871887207,2021-06-19 21:45:39.339120,2021-06-19 21:45:41.890800,0 days 00:00:02.551680,10,0.7492482924832433,10,1,24,26,181,"[6763, 2209]",COMPLETE
9075,9075,0.23353791566889284,2.7793314456939697,2021-06-19 21:45:41.895711,2021-06-19 21:45:44.685879,0 days 00:00:02.790168,10,0.7492482924832433,10,1,30,25,181,"[6835, 1028]",COMPLETE
9076,9076,0.23350871853883326,2.5588603019714355,2021-06-19 21:45:44.690558,2021-06-19 21:45:47.260275,0 days 00:00:02.569717,10,0.775837870117549,10,1,30,27,181,"[8935, 880]",COMPLETE
9077,9077,0.23608157638924063,2.789973020553589,2021-06-19 21:45:47.265136,2021-06-19 21:45:50.065723,0 days 00:00:02.800587,20,0.775837870117549,10,1,9,25,181,"[6968, 6968]",COMPLETE
9078,9078,0.23182839089324195,2.5524027347564697,2021-06-19 21:45:50.070382,2021-06-19 21:45:52.633291,0 days 00:00:02.562909,60,0.775837870117549,10,1,30,25,181,"[5853, 5853]",COMPLETE
9079,9079,0.2292303299835076,2.5941944122314453,2021-06-19 21:45:52.638176,2021-06-19 21:45:55.243461,0 days 00:00:02.605285,20,0.775837870117549,10,1,30,26,181,"[5145, 6592]",COMPLETE
9080,9080,0.228564222843342,2.5964128971099854,2021-06-19 21:45:55.248313,2021-06-19 21:45:57.855441,0 days 00:00:02.607128,20,0.775837870117549,10,1,30,25,181,"[8498, 5853]",COMPLETE
9081,9081,0.2302003870149379,2.7556724548339844,2021-06-19 21:45:57.860318,2021-06-19 21:46:00.626644,0 days 00:00:02.766326,20,0.775837870117549,10,1,30,25,181,"[1929, 3082]",COMPLETE
9082,9082,0.22949461587902273,2.6367619037628174,2021-06-19 21:46:00.631086,2021-06-19 21:46:03.278641,0 days 00:00:02.647555,20,0.775837870117549,10,8,30,25,181,"[8024, 5853]",COMPLETE
9083,9083,0.23767546067655573,2.6222476959228516,2021-06-19 21:46:03.283134,2021-06-19 21:46:05.916144,0 days 00:00:02.633010,20,0.775837870117549,10,1,14,25,181,"[5145, 9029]",COMPLETE
9084,9084,0.319244424137326,9.199514389038086,2021-06-19 21:46:05.920770,2021-06-19 21:46:15.132321,0 days 00:00:09.211551,20,0.775837870117549,0,1,30,25,181,"[8261, 1028]",COMPLETE
9085,9085,0.2687327563406019,2.5898325443267822,2021-06-19 21:46:15.136763,2021-06-19 21:46:17.737308,0 days 00:00:02.600545,20,0.775837870117549,10,1,30,12,181,"[3260, 8261]",COMPLETE
9086,9086,inf,inf,2021-06-19 21:46:17.742181,2021-06-19 21:46:17.917334,0 days 00:00:00.175153,20,0.3052844679480945,9,1,25,8,181,"[8898, 8333]",COMPLETE
9087,9087,0.23770785868006158,2.9766688346862793,2021-06-19 21:46:17.949189,2021-06-19 21:46:20.943098,0 days 00:00:02.993909,20,0.9508775720233698,10,2,16,25,181,"[3760, 9029]",COMPLETE
9088,9088,0.23141757617818245,2.638411045074463,2021-06-19 21:46:20.947880,2021-06-19 21:46:23.597073,0 days 00:00:02.649193,20,0.775837870117549,10,8,30,25,181,"[6763, 8261]",COMPLETE
9089,9089,0.25049030310023856,2.832448720932007,2021-06-19 21:46:23.601857,2021-06-19 21:46:26.445204,0 days 00:00:02.843347,20,0.7044121314824888,7,1,30,25,181,"[3100, 3100]",COMPLETE
9090,9090,0.2316082449754441,2.7501676082611084,2021-06-19 21:46:26.450324,2021-06-19 21:46:29.211596,0 days 00:00:02.761272,20,0.775837870117549,10,1,30,25,181,"[2991, 8333]",COMPLETE
9091,9091,0.22974884709814677,2.5625483989715576,2021-06-19 21:46:29.216049,2021-06-19 21:46:31.789166,0 days 00:00:02.573117,20,0.775837870117549,10,1,30,26,181,"[8261, 7005]",COMPLETE
9092,9092,0.2298710747863784,2.5960495471954346,2021-06-19 21:46:31.794384,2021-06-19 21:46:34.402171,0 days 00:00:02.607787,20,0.8047024443354969,10,1,25,25,181,"[880, 8256]",COMPLETE
9093,9093,0.23758335310739573,2.780489921569824,2021-06-19 21:46:34.406860,2021-06-19 21:46:37.197957,0 days 00:00:02.791097,20,0.775837870117549,10,1,10,25,181,"[8261, 8261]",COMPLETE
9094,9094,0.23706181517739883,2.575695037841797,2021-06-19 21:46:37.203013,2021-06-19 21:46:39.790496,0 days 00:00:02.587483,20,0.775837870117549,10,1,8,25,181,"[8498, 316]",COMPLETE
9095,9095,0.2341590955500104,2.5893943309783936,2021-06-19 21:46:39.795348,2021-06-19 21:46:42.395456,0 days 00:00:02.600108,20,0.7492482924832433,10,1,23,26,181,"[1159, 2078]",COMPLETE
9096,9096,0.22567550408232614,2.8133459091186523,2021-06-19 21:46:42.400584,2021-06-19 21:46:45.224905,0 days 00:00:02.824321,20,0.775837870117549,10,1,30,25,181,"[2991, 2991]",COMPLETE
9097,9097,0.2332194879557239,2.5815322399139404,2021-06-19 21:46:45.229574,2021-06-19 21:46:47.821649,0 days 00:00:02.592075,20,0.775837870117549,10,2,30,26,181,"[8595, 6592]",COMPLETE
9098,9098,0.2624621752443872,2.5065691471099854,2021-06-19 21:46:47.826551,2021-06-19 21:46:50.344277,0 days 00:00:02.517726,20,0.775837870117549,10,1,30,12,181,"[8333, 3082]",COMPLETE
9099,9099,0.22632245290580974,2.6963934898376465,2021-06-19 21:46:50.349151,2021-06-19 21:46:53.056493,0 days 00:00:02.707342,70,0.775837870117549,10,15,30,26,181,"[8416, 6592]",COMPLETE
9100,9100,0.2283355622494514,2.816909074783325,2021-06-19 21:46:53.061282,2021-06-19 21:48:08.634692,0 days 00:01:15.573410,20,0.775837870117549,10,12,30,25,182,"[8531, 5145]",COMPLETE
9101,9101,0.2331550243655504,2.592947006225586,2021-06-19 21:48:08.643211,2021-06-19 21:48:11.248862,0 days 00:00:02.605651,20,0.7492482924832433,10,1,30,25,182,"[6763, 9029]",COMPLETE
9102,9102,0.2644586699433076,2.608386516571045,2021-06-19 21:48:11.253725,2021-06-19 21:48:13.873177,0 days 00:00:02.619452,60,0.775837870117549,10,1,30,14,182,"[8531, 8935]",COMPLETE
9103,9103,0.3713131985368025,2.7487237453460693,2021-06-19 21:48:13.878108,2021-06-19 21:48:16.637938,0 days 00:00:02.759830,10,0.775837870117549,10,1,30,3,182,"[8498, 880]",COMPLETE
9104,9104,0.23452926836662288,2.5842702388763428,2021-06-19 21:48:16.642794,2021-06-19 21:48:19.238024,0 days 00:00:02.595230,10,0.6415492259649922,10,1,22,23,182,"[849, 9057]",COMPLETE
9105,9105,0.2270053345602992,2.790076494216919,2021-06-19 21:48:19.242728,2021-06-19 21:48:22.043524,0 days 00:00:02.800796,20,0.775837870117549,10,1,30,25,182,"[8433, 8261]",COMPLETE
9106,9106,0.23126494729661193,2.623642921447754,2021-06-19 21:48:22.048312,2021-06-19 21:48:24.682805,0 days 00:00:02.634493,20,0.7044121314824888,10,13,24,25,182,"[8898, 4943]",COMPLETE
9107,9107,inf,inf,2021-06-19 21:48:24.687222,2021-06-19 21:48:24.868758,0 days 00:00:00.181536,20,0.3971505053581215,10,1,30,25,182,"[8333, 5145]",COMPLETE
9108,9108,0.23091509399209512,2.5644726753234863,2021-06-19 21:48:24.894867,2021-06-19 21:48:27.486112,0 days 00:00:02.591245,20,0.7044121314824888,10,1,30,24,182,"[7770, 1159]",COMPLETE
9109,9109,0.22923524073694931,2.6480298042297363,2021-06-19 21:48:27.490902,2021-06-19 21:48:30.149570,0 days 00:00:02.658668,20,0.775837870117549,10,11,30,26,182,"[8933, 8933]",COMPLETE
9110,9110,0.2316520172857123,2.854656934738159,2021-06-19 21:48:30.154432,2021-06-19 21:48:33.020144,0 days 00:00:02.865712,20,0.775837870117549,10,8,23,27,182,"[2078, 2991]",COMPLETE
9111,9111,0.22778108453093499,2.5889101028442383,2021-06-19 21:48:33.025111,2021-06-19 21:48:35.625153,0 days 00:00:02.600042,60,0.775837870117549,10,1,30,26,182,"[7631, 8532]",COMPLETE
9112,9112,0.2345326612213245,2.805633068084717,2021-06-19 21:48:35.630170,2021-06-19 21:48:38.446520,0 days 00:00:02.816350,20,0.603627004462215,10,1,30,25,182,"[316, 1159]",COMPLETE
9113,9113,0.32958808173006765,8.997636795043945,2021-06-19 21:48:38.451248,2021-06-19 21:48:47.459999,0 days 00:00:09.008751,10,0.7044121314824888,0,1,30,15,182,"[3260, 3260]",COMPLETE
9114,9114,0.22664197524702676,2.721907377243042,2021-06-19 21:48:47.464934,2021-06-19 21:48:50.197814,0 days 00:00:02.732880,80,0.775837870117549,10,11,30,26,182,"[8933, 8933]",COMPLETE
9115,9115,0.23693871192397653,2.7953035831451416,2021-06-19 21:48:50.202690,2021-06-19 21:48:53.009146,0 days 00:00:02.806456,20,0.775837870117549,10,1,30,24,182,"[1159, 6592]",COMPLETE
9116,9116,0.23138103655471057,2.5743906497955322,2021-06-19 21:48:53.013878,2021-06-19 21:48:55.598907,0 days 00:00:02.585029,10,0.7492482924832433,10,1,30,26,182,"[8898, 1389]",COMPLETE
9117,9117,0.2663883709736295,2.921929359436035,2021-06-19 21:48:55.603657,2021-06-19 21:48:58.536725,0 days 00:00:02.933068,20,0.775837870117549,6,1,9,24,182,"[1028, 3082]",COMPLETE
9118,9118,0.23127621214652877,2.6103596687316895,2021-06-19 21:48:58.541617,2021-06-19 21:49:01.162746,0 days 00:00:02.621129,20,0.7044121314824888,10,9,30,25,182,"[8416, 1244]",COMPLETE
9119,9119,0.30827056955164883,3.1349990367889404,2021-06-19 21:49:01.167592,2021-06-19 21:49:04.313654,0 days 00:00:03.146062,20,0.7492482924832433,6,1,1,7,182,"[900, 2063]",COMPLETE
9120,9120,0.2456848647733786,2.7847118377685547,2021-06-19 21:49:04.318504,2021-06-19 21:49:07.114041,0 days 00:00:02.795537,100,0.7044121314824888,8,1,26,25,182,"[1929, 1929]",COMPLETE
9121,9121,0.2299021644451581,2.8306822776794434,2021-06-19 21:49:07.119333,2021-06-19 21:49:09.960859,0 days 00:00:02.841526,20,0.775837870117549,10,1,30,26,182,"[6351, 8720]",COMPLETE
9122,9122,0.22805791045297086,2.550785541534424,2021-06-19 21:49:09.965598,2021-06-19 21:49:12.526953,0 days 00:00:02.561355,20,0.775837870117549,10,1,30,25,182,"[6968, 6968]",COMPLETE
9123,9123,0.23038876107148404,2.603924512863159,2021-06-19 21:49:12.531737,2021-06-19 21:49:15.146520,0 days 00:00:02.614783,20,0.775837870117549,10,1,30,26,182,"[8416, 1389]",COMPLETE
9124,9124,0.25830713377544356,2.592982053756714,2021-06-19 21:49:15.151298,2021-06-19 21:49:17.755073,0 days 00:00:02.603775,20,0.7044121314824888,10,1,30,17,182,"[1159, 8935]",COMPLETE
9125,9125,0.2337042121414702,2.8243227005004883,2021-06-19 21:49:17.760017,2021-06-19 21:49:20.595415,0 days 00:00:02.835398,20,0.775837870117549,10,12,30,26,182,"[6835, 8498]",COMPLETE
9126,9126,0.23154915587594438,2.6518304347991943,2021-06-19 21:49:20.599916,2021-06-19 21:49:23.262648,0 days 00:00:02.662732,20,0.775837870117549,10,13,22,26,182,"[6351, 8433]",COMPLETE
9127,9127,0.24011922411452988,2.741471529006958,2021-06-19 21:49:23.267526,2021-06-19 21:49:26.019958,0 days 00:00:02.752432,10,0.7492482924832433,10,1,30,29,182,"[1389, 8256]",COMPLETE
9128,9128,inf,inf,2021-06-19 21:49:26.024713,2021-06-19 21:49:26.237639,0 days 00:00:00.212926,60,0.3998543389020301,10,1,30,25,182,"[1159, 1389]",COMPLETE
9129,9129,0.30858495713935247,5.571648359298706,2021-06-19 21:49:26.258346,2021-06-19 21:49:31.860466,0 days 00:00:05.602120,20,0.7044121314824888,1,1,30,25,182,"[8333, 3260]",COMPLETE
9130,9130,0.2964616067761627,3.8190536499023438,2021-06-19 21:49:31.865421,2021-06-19 21:49:35.696537,0 days 00:00:03.831116,10,0.775837870117549,3,11,30,25,182,"[316, 8933]",COMPLETE
9131,9131,0.23014387990618593,2.7536351680755615,2021-06-19 21:49:35.701407,2021-06-19 21:49:38.465776,0 days 00:00:02.764369,20,0.775837870117549,10,1,24,26,182,"[2209, 8333]",COMPLETE
9132,9132,0.23327108394628326,2.6952221393585205,2021-06-19 21:49:38.470556,2021-06-19 21:49:41.176765,0 days 00:00:02.706209,40,0.775837870117549,10,14,30,30,182,"[5145, 6751]",COMPLETE
9133,9133,0.23249574488524205,2.582712411880493,2021-06-19 21:49:41.181772,2021-06-19 21:49:43.776453,0 days 00:00:02.594681,20,0.7044121314824888,10,1,30,25,182,"[1389, 3260]",COMPLETE
9134,9134,0.28065742023912565,3.51947021484375,2021-06-19 21:49:43.781281,2021-06-19 21:49:47.311873,0 days 00:00:03.530592,20,0.775837870117549,4,1,30,26,182,"[2078, 3082]",COMPLETE
9135,9135,0.23386414306487785,2.5908544063568115,2021-06-19 21:49:47.316575,2021-06-19 21:49:49.918554,0 days 00:00:02.601979,60,0.7492482924832433,10,1,23,25,182,"[1389, 2078]",COMPLETE
9136,9136,0.25365822547030764,2.888882637023926,2021-06-19 21:49:49.923552,2021-06-19 21:49:52.823555,0 days 00:00:02.900003,20,0.775837870117549,7,1,25,25,182,"[6968, 8720]",COMPLETE
9137,9137,0.23293220050542443,2.799191951751709,2021-06-19 21:49:52.828448,2021-06-19 21:49:55.638703,0 days 00:00:02.810255,20,0.7492482924832433,10,1,25,26,182,"[900, 8256]",COMPLETE
9138,9138,0.23135820473759475,2.5706329345703125,2021-06-19 21:49:55.643439,2021-06-19 21:49:58.224681,0 days 00:00:02.581242,20,0.8047024443354969,10,1,30,25,182,"[6968, 4943]",COMPLETE
9139,9139,0.26427326096273085,2.6229655742645264,2021-06-19 21:49:58.229450,2021-06-19 21:50:00.863399,0 days 00:00:02.633949,20,0.775837870117549,10,7,30,10,182,"[6968, 8720]",COMPLETE
9140,9140,0.22897924771787787,2.6269707679748535,2021-06-19 21:50:00.868006,2021-06-19 21:50:03.505686,0 days 00:00:02.637680,20,0.775837870117549,10,9,30,25,182,"[3082, 3082]",COMPLETE
9141,9141,0.23339489645519035,2.7548646926879883,2021-06-19 21:50:03.510544,2021-06-19 21:50:06.276227,0 days 00:00:02.765683,10,0.603627004462215,10,1,30,25,182,"[316, 1929]",COMPLETE
9142,9142,0.2683477154519897,2.939012050628662,2021-06-19 21:50:06.281122,2021-06-19 21:50:09.230945,0 days 00:00:02.949823,20,0.7492482924832433,6,1,23,25,182,"[8498, 2078]",COMPLETE
9143,9143,0.31947507624923704,9.301695108413696,2021-06-19 21:50:09.235814,2021-06-19 21:50:18.548514,0 days 00:00:09.312700,30,0.775837870117549,0,1,30,25,182,"[7631, 6751]",COMPLETE
9144,9144,0.23343725112477037,2.5841426849365234,2021-06-19 21:50:18.553445,2021-06-19 21:50:21.148502,0 days 00:00:02.595057,20,0.7492482924832433,10,1,24,26,182,"[9057, 2078]",COMPLETE
9145,9145,0.23578863701550917,2.51379656791687,2021-06-19 21:50:21.153367,2021-06-19 21:50:23.678299,0 days 00:00:02.524932,10,0.6286359508262901,10,1,29,26,182,"[8898, 8720]",COMPLETE
9146,9146,0.23074135691628916,2.763667345046997,2021-06-19 21:50:23.683012,2021-06-19 21:50:26.457495,0 days 00:00:02.774483,20,0.7044121314824888,10,1,22,25,182,"[1244, 316]",COMPLETE
9147,9147,0.23332703786456835,2.5420007705688477,2021-06-19 21:50:26.462222,2021-06-19 21:50:29.015075,0 days 00:00:02.552853,10,0.7492482924832433,10,1,17,25,182,"[316, 1028]",COMPLETE
9148,9148,0.2292462820398657,2.6956357955932617,2021-06-19 21:50:29.019735,2021-06-19 21:50:31.726264,0 days 00:00:02.706529,20,0.7492482924832433,10,14,30,25,182,"[900, 8261]",COMPLETE
9149,9149,0.22975152783372974,2.634539842605591,2021-06-19 21:50:31.731318,2021-06-19 21:50:34.377799,0 days 00:00:02.646481,20,0.775837870117549,10,1,24,26,182,"[6351, 900]",COMPLETE
9150,9150,0.23571198454685635,2.7532031536102295,2021-06-19 21:50:34.382698,2021-06-19 21:50:37.194669,0 days 00:00:02.811971,10,0.775837870117549,10,1,30,25,183,"[8531, 1389]",COMPLETE
9151,9151,0.23479566000785423,2.722896099090576,2021-06-19 21:50:37.199503,2021-06-19 21:50:39.933593,0 days 00:00:02.734090,90,0.775837870117549,10,9,30,22,183,"[7631, 2963]",COMPLETE
9152,9152,0.2541862573242458,2.5676708221435547,2021-06-19 21:50:39.938420,2021-06-19 21:50:42.517055,0 days 00:00:02.578635,10,0.7510773842688736,10,1,30,15,183,"[6835, 880]",COMPLETE
9153,9153,0.23099620362805076,2.805389404296875,2021-06-19 21:50:42.522064,2021-06-19 21:50:45.338595,0 days 00:00:02.816531,20,0.775837870117549,10,1,30,25,183,"[8433, 8333]",COMPLETE
9154,9154,0.23063900871144197,2.732686996459961,2021-06-19 21:50:45.343507,2021-06-19 21:50:48.087291,0 days 00:00:02.743784,20,0.775837870117549,10,1,30,26,183,"[9029, 6592]",COMPLETE
9155,9155,0.23108608836071393,2.603785991668701,2021-06-19 21:50:48.092113,2021-06-19 21:50:50.706792,0 days 00:00:02.614679,20,0.7044121314824888,10,4,24,25,183,"[8261, 2209]",COMPLETE
9156,9156,0.2306731424482885,2.7604918479919434,2021-06-19 21:50:50.711602,2021-06-19 21:50:53.482887,0 days 00:00:02.771285,10,0.7492482924832433,10,1,30,26,183,"[5379, 6763]",COMPLETE
9157,9157,0.23036435599004873,2.579277992248535,2021-06-19 21:50:53.487729,2021-06-19 21:50:56.078062,0 days 00:00:02.590333,40,0.775837870117549,10,1,30,26,183,"[8024, 7926]",COMPLETE
9158,9158,0.23415434558336307,2.5651066303253174,2021-06-19 21:50:56.082458,2021-06-19 21:50:58.658516,0 days 00:00:02.576058,10,0.775837870117549,10,1,24,25,183,"[8531, 2063]",COMPLETE
9159,9159,0.23044862253883475,2.804145097732544,2021-06-19 21:50:58.663362,2021-06-19 21:51:01.478440,0 days 00:00:02.815078,20,0.775837870117549,10,11,30,28,183,"[8933, 6968]",COMPLETE
9160,9160,inf,inf,2021-06-19 21:51:01.483178,2021-06-19 21:51:01.711502,0 days 00:00:00.228324,30,0.40544472751337896,10,13,30,25,183,"[4943, 5853]",COMPLETE
9161,9161,0.22900013814072934,2.60146427154541,2021-06-19 21:51:01.722436,2021-06-19 21:51:04.367824,0 days 00:00:02.645388,20,0.8047024443354969,10,1,30,25,183,"[2063, 8024]",COMPLETE
9162,9162,0.23472227429735734,2.7634003162384033,2021-06-19 21:51:04.372760,2021-06-19 21:51:07.147124,0 days 00:00:02.774364,10,0.8026777332323647,10,1,23,25,183,"[9029, 1028]",COMPLETE
9163,9163,0.23149029574494984,2.5691144466400146,2021-06-19 21:51:07.151929,2021-06-19 21:51:09.731844,0 days 00:00:02.579915,30,0.775837870117549,10,1,30,25,183,"[8416, 2991]",COMPLETE
9164,9164,0.23151304520593347,2.554172992706299,2021-06-19 21:51:09.736772,2021-06-19 21:51:12.301979,0 days 00:00:02.565207,20,0.775837870117549,10,1,30,25,183,"[1929, 9098]",COMPLETE
9165,9165,0.23001999101151904,2.62833309173584,2021-06-19 21:51:12.306757,2021-06-19 21:51:14.946187,0 days 00:00:02.639430,40,0.775837870117549,10,4,30,25,183,"[8024, 6751]",COMPLETE
9166,9166,0.31402197326113046,2.9961135387420654,2021-06-19 21:51:14.951030,2021-06-19 21:51:17.958161,0 days 00:00:03.007131,20,0.775837870117549,7,1,30,4,183,"[6968, 9029]",COMPLETE
9167,9167,0.23069891155312813,2.591395378112793,2021-06-19 21:51:17.962942,2021-06-19 21:51:20.564920,0 days 00:00:02.601978,20,0.775837870117549,10,1,30,25,183,"[8720, 8720]",COMPLETE
9168,9168,0.24596165313751256,2.8189384937286377,2021-06-19 21:51:20.569755,2021-06-19 21:51:23.399993,0 days 00:00:02.830238,30,0.7044121314824888,10,9,30,20,183,"[2963, 8261]",COMPLETE
9169,9169,0.31116247330638436,5.905218839645386,2021-06-19 21:51:23.404623,2021-06-19 21:51:29.320982,0 days 00:00:05.916359,20,0.775837870117549,1,16,30,25,183,"[7631, 3082]",COMPLETE
9170,9170,0.24005258333983615,2.8789658546447754,2021-06-19 21:51:29.325756,2021-06-19 21:51:32.216012,0 days 00:00:02.890256,10,0.9659522771894138,10,1,30,26,183,"[1028, 880]",COMPLETE
9171,9171,0.23239214574571457,2.7414021492004395,2021-06-19 21:51:32.220893,2021-06-19 21:51:34.973252,0 days 00:00:02.752359,10,0.775837870117549,10,1,30,25,183,"[8333, 8935]",COMPLETE
9172,9172,0.25389699712041913,2.6869845390319824,2021-06-19 21:51:34.977818,2021-06-19 21:51:37.675737,0 days 00:00:02.697919,20,0.7492482924832433,10,1,30,19,183,"[6592, 6763]",COMPLETE
9173,9173,0.23445490147398018,2.5984878540039062,2021-06-19 21:51:37.680726,2021-06-19 21:51:40.290198,0 days 00:00:02.609472,10,0.7492482924832433,10,1,30,25,183,"[9029, 880]",COMPLETE
9174,9174,0.22700559110843205,2.7723464965820312,2021-06-19 21:51:40.294749,2021-06-19 21:51:43.077774,0 days 00:00:02.783025,20,0.775837870117549,10,1,30,26,183,"[6351, 6351]",COMPLETE
9175,9175,0.2294182227511584,2.5723683834075928,2021-06-19 21:51:43.082709,2021-06-19 21:51:45.665923,0 days 00:00:02.583214,20,0.775837870117549,10,1,30,26,183,"[7005, 7005]",COMPLETE
9176,9176,0.24016814679709222,2.698777914047241,2021-06-19 21:51:45.670874,2021-06-19 21:51:48.380643,0 days 00:00:02.709769,20,0.775837870117549,8,1,30,25,183,"[8433, 3100]",COMPLETE
9177,9177,0.24193720192614238,2.6737399101257324,2021-06-19 21:51:48.385615,2021-06-19 21:51:51.070314,0 days 00:00:02.684699,20,0.775837870117549,8,1,30,25,183,"[8024, 8498]",COMPLETE
9178,9178,0.23500012637996834,2.791682720184326,2021-06-19 21:51:51.075192,2021-06-19 21:51:53.877782,0 days 00:00:02.802590,10,0.775837870117549,10,1,30,25,183,"[880, 7631]",COMPLETE
9179,9179,0.22846126666444552,2.5536763668060303,2021-06-19 21:51:53.882498,2021-06-19 21:51:56.447149,0 days 00:00:02.564651,20,0.775837870117549,10,1,30,25,183,"[1159, 8433]",COMPLETE
9180,9180,0.22644188670285048,2.5628268718719482,2021-06-19 21:51:56.451665,2021-06-19 21:51:59.025406,0 days 00:00:02.573741,20,0.775837870117549,10,1,30,25,183,"[8532, 8531]",COMPLETE
9181,9181,0.2319839164360686,2.771760940551758,2021-06-19 21:51:59.030394,2021-06-19 21:52:01.812946,0 days 00:00:02.782552,20,0.775837870117549,10,1,30,25,183,"[8024, 8333]",COMPLETE
9182,9182,0.24037443474036135,2.6122186183929443,2021-06-19 21:52:01.817916,2021-06-19 21:52:04.441505,0 days 00:00:02.623589,80,0.7044121314824888,10,1,30,22,183,"[1159, 1389]",COMPLETE
9183,9183,0.22865220875234082,2.648390531539917,2021-06-19 21:52:04.446338,2021-06-19 21:52:07.105698,0 days 00:00:02.659360,20,0.775837870117549,10,1,30,25,183,"[7631, 3760]",COMPLETE
