,number,values_0,values_1,datetime_start,datetime_complete,duration,params_checks,params_n_ratio,params_nskip,params_trees,params_w1,params_w2,system_attrs_nsga2:generation,system_attrs_nsga2:parents,state
4562,4562,0.22911520249810757,2.5631213188171387,2021-06-19 17:27:17.800981,2021-06-19 17:27:20.370029,0 days 00:00:02.569048,20,0.8047024443354969,10,1,30,25,91,"[1735, 2063]",COMPLETE
4563,4563,0.2318396419923787,2.758573293685913,2021-06-19 17:27:20.373288,2021-06-19 17:27:23.137733,0 days 00:00:02.764445,20,0.7044121314824888,10,6,30,25,91,"[3082, 1159]",COMPLETE
4564,4564,0.22796971570759725,2.579134225845337,2021-06-19 17:27:23.140658,2021-06-19 17:27:25.725506,0 days 00:00:02.584848,20,0.775837870117549,10,1,30,26,91,"[3105, 3566]",COMPLETE
4565,4565,0.23337534743786065,2.601158857345581,2021-06-19 17:27:25.728513,2021-06-19 17:27:28.335538,0 days 00:00:02.607025,100,0.7044121314824888,10,1,30,25,91,"[1205, 1135]",COMPLETE
4566,4566,0.23527990175809685,2.8498551845550537,2021-06-19 17:27:28.338554,2021-06-19 17:27:31.194212,0 days 00:00:02.855658,0,0.775837870117549,10,1,30,26,91,"[1656, 3566]",COMPLETE
4567,4567,0.2289066192313014,2.5930049419403076,2021-06-19 17:27:31.197121,2021-06-19 17:27:33.796132,0 days 00:00:02.599011,20,0.7873294229219501,10,9,30,25,91,"[2960, 1244]",COMPLETE
4568,4568,0.23227719877762007,2.723820447921753,2021-06-19 17:27:33.799125,2021-06-19 17:27:36.528635,0 days 00:00:02.729510,20,0.7044121314824888,10,1,30,25,91,"[3100, 3082]",COMPLETE
4569,4569,0.2321314393998388,2.6934704780578613,2021-06-19 17:27:36.531365,2021-06-19 17:27:39.230670,0 days 00:00:02.699305,20,0.9277669338042294,10,1,30,25,91,"[2465, 2229]",COMPLETE
4570,4570,0.2358451372717054,2.6493468284606934,2021-06-19 17:27:39.233653,2021-06-19 17:27:41.888920,0 days 00:00:02.655267,30,0.8061146375782084,10,9,30,21,91,"[2963, 2960]",COMPLETE
4571,4571,0.22836956458845462,2.713050127029419,2021-06-19 17:27:41.891777,2021-06-19 17:27:44.610669,0 days 00:00:02.718892,20,0.7044121314824888,10,1,30,24,91,"[3100, 1159]",COMPLETE
4572,4572,0.28909228184586594,3.6769676208496094,2021-06-19 17:27:44.613488,2021-06-19 17:27:48.296574,0 days 00:00:03.683086,10,0.7492482924832433,3,1,22,25,91,"[1028, 3195]",COMPLETE
4573,4573,0.24001525650908018,2.896899938583374,2021-06-19 17:27:48.299279,2021-06-19 17:27:51.201906,0 days 00:00:02.902627,20,0.7044121314824888,8,1,30,25,91,"[1656, 1656]",COMPLETE
4574,4574,0.22967874669070454,2.612111806869507,2021-06-19 17:27:51.204842,2021-06-19 17:27:53.822614,0 days 00:00:02.617772,20,0.7044121314824888,10,9,24,26,91,"[1312, 908]",COMPLETE
4575,4575,0.23068421591589924,2.5777652263641357,2021-06-19 17:27:53.825607,2021-06-19 17:27:56.409067,0 days 00:00:02.583460,20,0.8047024443354969,10,1,30,25,91,"[1312, 1656]",COMPLETE
4576,4576,0.2323197296671138,2.7123525142669678,2021-06-19 17:27:56.411945,2021-06-19 17:27:59.129997,0 days 00:00:02.718052,20,0.7044121314824888,10,1,30,24,91,"[3307, 1159]",COMPLETE
4577,4577,0.23901455985243744,2.638859987258911,2021-06-19 17:27:59.132738,2021-06-19 17:28:01.777439,0 days 00:00:02.644701,10,0.7492482924832433,10,1,18,22,91,"[745, 1028]",COMPLETE
4578,4578,0.23952480247189098,2.6651692390441895,2021-06-19 17:28:01.780617,2021-06-19 17:28:04.452338,0 days 00:00:02.671721,40,0.7044121314824888,10,8,30,22,91,"[1929, 4419]",COMPLETE
4579,4579,0.23422994732172173,2.7128374576568604,2021-06-19 17:28:04.455349,2021-06-19 17:28:07.173946,0 days 00:00:02.718597,20,0.7492482924832433,10,1,30,25,91,"[2960, 1735]",COMPLETE
4580,4580,0.243855765862359,2.566857099533081,2021-06-19 17:28:07.176953,2021-06-19 17:28:09.749722,0 days 00:00:02.572769,10,0.7044121314824888,10,1,0,25,91,"[1246, 4419]",COMPLETE
4581,4581,0.23027175691837845,2.7931153774261475,2021-06-19 17:28:09.752742,2021-06-19 17:28:12.551622,0 days 00:00:02.798880,20,0.775837870117549,10,9,30,26,91,"[3566, 3566]",COMPLETE
4582,4582,0.23220977815090507,2.613583564758301,2021-06-19 17:28:12.554406,2021-06-19 17:28:15.173693,0 days 00:00:02.619287,10,0.7492482924832433,10,1,30,25,91,"[2063, 880]",COMPLETE
4583,4583,0.22774345798152928,2.5861008167266846,2021-06-19 17:28:15.176551,2021-06-19 17:28:17.772889,0 days 00:00:02.596338,20,0.775837870117549,10,1,30,25,91,"[1006, 4258]",COMPLETE
4584,4584,0.23535437291741534,2.7727668285369873,2021-06-19 17:28:17.775771,2021-06-19 17:28:20.554467,0 days 00:00:02.778696,20,0.775837870117549,10,13,15,26,91,"[3566, 2659]",COMPLETE
4585,4585,0.22872139777864475,2.570935010910034,2021-06-19 17:28:20.557425,2021-06-19 17:28:23.134418,0 days 00:00:02.576993,30,0.7044121314824888,10,1,30,25,91,"[2229, 2963]",COMPLETE
4586,4586,0.24111158170247002,2.6520767211914062,2021-06-19 17:28:23.137087,2021-06-19 17:28:25.795126,0 days 00:00:02.658039,40,0.775837870117549,10,9,5,26,91,"[3566, 908]",COMPLETE
4587,4587,0.2349403236882297,2.7899789810180664,2021-06-19 17:28:25.797696,2021-06-19 17:28:28.593312,0 days 00:00:02.795616,20,0.7044121314824888,10,1,30,25,91,"[3100, 4258]",COMPLETE
4588,4588,0.23038157396801442,2.620529890060425,2021-06-19 17:28:28.596292,2021-06-19 17:28:31.222798,0 days 00:00:02.626506,20,0.7044121314824888,10,9,26,24,91,"[1159, 3256]",COMPLETE
4589,4589,inf,inf,2021-06-19 17:28:31.225763,2021-06-19 17:28:31.364101,0 days 00:00:00.138338,20,0.3053642194580138,10,6,30,25,91,"[880, 4523]",COMPLETE
4590,4590,0.2552260569914406,3.4167699813842773,2021-06-19 17:28:31.369562,2021-06-19 17:28:34.815747,0 days 00:00:03.446185,100,0.7492482924832433,6,11,30,28,91,"[4523, 1389]",COMPLETE
4591,4591,0.22752033347492542,2.623551368713379,2021-06-19 17:28:34.818304,2021-06-19 17:28:37.447477,0 days 00:00:02.629173,20,0.8047024443354969,10,1,23,25,91,"[2229, 647]",COMPLETE
4592,4592,0.2889678155837848,4.116411924362183,2021-06-19 17:28:37.450549,2021-06-19 17:28:41.572931,0 days 00:00:04.122382,20,0.775837870117549,3,14,30,25,91,"[2659, 3082]",COMPLETE
4593,4593,0.2309017269685923,2.5664756298065186,2021-06-19 17:28:41.575822,2021-06-19 17:28:44.148064,0 days 00:00:02.572242,20,0.775837870117549,10,1,30,26,91,"[4331, 1929]",COMPLETE
4594,4594,0.24985684014618242,2.7199718952178955,2021-06-19 17:28:44.150966,2021-06-19 17:28:46.876792,0 days 00:00:02.725826,20,0.7044121314824888,8,1,13,24,91,"[1159, 1159]",COMPLETE
4595,4595,0.22785949076129902,2.7843453884124756,2021-06-19 17:28:46.879567,2021-06-19 17:28:49.669596,0 days 00:00:02.790029,20,0.7044121314824888,10,1,30,25,91,"[1244, 1135]",COMPLETE
4596,4596,0.23201249706339394,2.536938428878784,2021-06-19 17:28:49.672529,2021-06-19 17:28:52.215341,0 days 00:00:02.542812,10,0.7044121314824888,10,1,28,25,91,"[2659, 2659]",COMPLETE
4597,4597,0.2712886618141536,2.9333362579345703,2021-06-19 17:28:52.218360,2021-06-19 17:28:55.157791,0 days 00:00:02.939431,10,0.9604875778955324,10,1,30,13,91,"[1389, 1159]",COMPLETE
4598,4598,0.23279301240516753,2.7764782905578613,2021-06-19 17:28:55.160826,2021-06-19 17:28:57.943345,0 days 00:00:02.782519,70,0.7044121314824888,10,1,30,26,91,"[1218, 4258]",COMPLETE
4599,4599,0.22927264186568672,2.6439666748046875,2021-06-19 17:28:57.946203,2021-06-19 17:29:00.596056,0 days 00:00:02.649853,90,0.7492482924832433,10,1,30,26,91,"[1218, 2078]",COMPLETE
4600,4600,0.2501855925256561,2.781954288482666,2021-06-19 17:29:00.598801,2021-06-19 17:30:16.101631,0 days 00:01:15.502830,10,0.7492482924832433,10,1,30,16,92,"[1006, 1389]",COMPLETE
4601,4601,0.22890316659127774,2.625631809234619,2021-06-19 17:30:16.106504,2021-06-19 17:30:18.738286,0 days 00:00:02.631782,20,0.7044121314824888,10,1,26,25,92,"[3256, 1929]",COMPLETE
4602,4602,0.27459953228179934,3.1070051193237305,2021-06-19 17:30:18.741104,2021-06-19 17:30:21.853976,0 days 00:00:03.112872,20,0.7044121314824888,5,1,30,25,92,"[3100, 3260]",COMPLETE
4603,4603,0.3126143425688799,5.921645164489746,2021-06-19 17:30:21.857043,2021-06-19 17:30:27.784674,0 days 00:00:05.927631,30,0.7044121314824888,1,9,30,26,92,"[2063, 2963]",COMPLETE
4604,4604,0.23752638560813108,2.577193260192871,2021-06-19 17:30:27.787665,2021-06-19 17:30:30.370711,0 days 00:00:02.583046,10,0.567999158772461,10,1,23,26,92,"[1389, 647]",COMPLETE
4605,4605,0.3250091285343073,9.589868307113647,2021-06-19 17:30:30.373674,2021-06-19 17:30:39.969649,0 days 00:00:09.595975,10,0.7044121314824888,0,9,30,25,92,"[3256, 2960]",COMPLETE
4606,4606,0.23584895759089397,2.5701889991760254,2021-06-19 17:30:39.972458,2021-06-19 17:30:42.548539,0 days 00:00:02.576081,20,0.7044121314824888,10,1,30,23,92,"[2465, 3082]",COMPLETE
4607,4607,0.23044539026753708,2.5790607929229736,2021-06-19 17:30:42.551441,2021-06-19 17:30:45.136251,0 days 00:00:02.584810,40,0.775837870117549,10,1,30,25,92,"[3760, 3760]",COMPLETE
4608,4608,0.23787610807108622,2.6983354091644287,2021-06-19 17:30:45.139233,2021-06-19 17:30:47.843326,0 days 00:00:02.704093,10,0.7733658139267239,10,1,15,25,92,"[1028, 1028]",COMPLETE
4609,4609,0.23103952158805838,2.5816853046417236,2021-06-19 17:30:47.846281,2021-06-19 17:30:50.433702,0 days 00:00:02.587421,20,0.7044121314824888,10,1,30,26,92,"[2209, 3566]",COMPLETE
4610,4610,0.23897216556219691,2.7590370178222656,2021-06-19 17:30:50.436713,2021-06-19 17:30:53.201387,0 days 00:00:02.764674,20,0.7492482924832433,10,1,23,26,92,"[2078, 2078]",COMPLETE
4611,4611,0.23557031331555764,2.583634376525879,2021-06-19 17:30:53.204330,2021-06-19 17:30:55.793965,0 days 00:00:02.589635,40,0.7044121314824888,10,1,30,24,92,"[3307, 1159]",COMPLETE
4612,4612,0.23464700690120915,2.610492706298828,2021-06-19 17:30:55.796953,2021-06-19 17:30:58.413501,0 days 00:00:02.616548,10,0.7044121314824888,10,14,30,29,92,"[1389, 2960]",COMPLETE
4613,4613,0.23246086135243751,2.829576015472412,2021-06-19 17:30:58.416569,2021-06-19 17:31:01.251943,0 days 00:00:02.835374,20,0.7044121314824888,10,9,30,25,92,"[1312, 2963]",COMPLETE
4614,4614,inf,inf,2021-06-19 17:31:01.254540,2021-06-19 17:31:01.417782,0 days 00:00:00.163242,20,0.3333387389227211,10,9,26,11,92,"[3256, 849]",COMPLETE
4615,4615,inf,inf,2021-06-19 17:31:01.422672,2021-06-19 17:31:01.673127,0 days 00:00:00.250455,20,0.3961264491208725,3,9,30,22,92,"[1218, 3260]",COMPLETE
4616,4616,0.28212924039236786,3.5711159706115723,2021-06-19 17:31:01.690734,2021-06-19 17:31:05.286270,0 days 00:00:03.595536,20,0.7100511651342796,4,15,30,25,92,"[3566, 2762]",COMPLETE
4617,4617,0.2325677446466046,2.8144333362579346,2021-06-19 17:31:05.289521,2021-06-19 17:31:08.110408,0 days 00:00:02.820887,20,0.9209225140628898,10,1,30,25,92,"[4236, 3100]",COMPLETE
4618,4618,0.2346042479234522,2.559629201889038,2021-06-19 17:31:08.113067,2021-06-19 17:31:10.678348,0 days 00:00:02.565281,10,0.7492482924832433,10,1,30,25,92,"[3566, 1028]",COMPLETE
4619,4619,0.23106906708146197,2.6465179920196533,2021-06-19 17:31:10.681034,2021-06-19 17:31:13.333378,0 days 00:00:02.652344,20,0.8047024443354969,10,1,23,26,92,"[647, 2078]",COMPLETE
4620,4620,inf,inf,2021-06-19 17:31:13.336062,2021-06-19 17:31:13.603727,0 days 00:00:00.267665,20,0.4554006854631779,10,1,24,25,92,"[1312, 1745]",COMPLETE
4621,4621,0.23284888269992365,2.7050998210906982,2021-06-19 17:31:13.614481,2021-06-19 17:31:16.327996,0 days 00:00:02.713515,20,0.7492482924832433,10,1,30,25,92,"[1028, 4236]",COMPLETE
4622,4622,inf,inf,2021-06-19 17:31:16.331046,2021-06-19 17:31:16.639519,0 days 00:00:00.308473,20,0.5042042093451651,10,1,30,26,92,"[4523, 3566]",COMPLETE
4623,4623,0.27002721272317654,2.689189910888672,2021-06-19 17:31:16.645905,2021-06-19 17:31:19.354785,0 days 00:00:02.708880,20,0.7044121314824888,10,16,2,14,92,"[1205, 1006]",COMPLETE
4624,4624,0.3254127788716073,9.511095762252808,2021-06-19 17:31:19.357764,2021-06-19 17:31:28.875213,0 days 00:00:09.517449,20,0.8811054211063194,0,1,30,26,92,"[1135, 2963]",COMPLETE
4625,4625,0.23410460364101632,2.6184890270233154,2021-06-19 17:31:28.878307,2021-06-19 17:31:31.502772,0 days 00:00:02.624465,30,0.7492482924832433,10,1,14,26,92,"[2465, 900]",COMPLETE
4626,4626,0.23476964240807122,2.8697338104248047,2021-06-19 17:31:31.505759,2021-06-19 17:31:34.381465,0 days 00:00:02.875706,20,0.8306021320892834,9,1,30,25,92,"[4557, 3760]",COMPLETE
4627,4627,0.2346590822323796,2.5922017097473145,2021-06-19 17:31:34.384558,2021-06-19 17:31:36.982750,0 days 00:00:02.598192,20,0.8047024443354969,10,1,11,25,92,"[2063, 3100]",COMPLETE
4628,4628,0.22754469988475481,2.7497072219848633,2021-06-19 17:31:36.985529,2021-06-19 17:31:39.741341,0 days 00:00:02.755812,80,0.8519484447696191,10,9,30,26,92,"[4557, 3483]",COMPLETE
4629,4629,0.2430761749792727,2.7351460456848145,2021-06-19 17:31:39.743932,2021-06-19 17:31:42.484824,0 days 00:00:02.740892,20,0.7044121314824888,10,1,2,25,92,"[1205, 2063]",COMPLETE
4630,4630,0.23193256001779736,2.5703577995300293,2021-06-19 17:31:42.487564,2021-06-19 17:31:45.063744,0 days 00:00:02.576180,20,0.7044121314824888,10,1,30,25,92,"[3260, 2991]",COMPLETE
4631,4631,0.2580973728038496,2.558270215988159,2021-06-19 17:31:45.066432,2021-06-19 17:31:47.631243,0 days 00:00:02.564811,10,0.8237251268386534,10,1,30,15,92,"[3105, 2659]",COMPLETE
4632,4632,0.23181926890761098,2.6903767585754395,2021-06-19 17:31:47.634143,2021-06-19 17:31:50.330237,0 days 00:00:02.696094,20,0.7044121314824888,10,1,30,25,92,"[3082, 1599]",COMPLETE
4633,4633,inf,inf,2021-06-19 17:31:50.333201,2021-06-19 17:31:50.848334,0 days 00:00:00.515133,50,0.603627004462215,10,15,8,12,92,"[316, 4236]",COMPLETE
4634,4634,0.23235117037232497,2.676279067993164,2021-06-19 17:31:50.852906,2021-06-19 17:31:53.557027,0 days 00:00:02.704121,20,0.7044121314824888,10,1,30,26,92,"[1006, 3307]",COMPLETE
4635,4635,0.2320688683589359,2.75577712059021,2021-06-19 17:31:53.559897,2021-06-19 17:31:56.321622,0 days 00:00:02.761725,10,0.775837870117549,10,6,30,25,92,"[3082, 880]",COMPLETE
4636,4636,0.23814700138012312,2.6273105144500732,2021-06-19 17:31:56.324573,2021-06-19 17:31:58.957869,0 days 00:00:02.633296,20,0.7492482924832433,10,11,17,22,92,"[745, 2078]",COMPLETE
4637,4637,0.23019289473355356,2.5780348777770996,2021-06-19 17:31:58.960963,2021-06-19 17:32:01.545372,0 days 00:00:02.584409,10,0.7044121314824888,10,1,24,26,92,"[2209, 745]",COMPLETE
4638,4638,0.24252279397354698,2.7271623611450195,2021-06-19 17:32:01.548003,2021-06-19 17:32:04.281086,0 days 00:00:02.733083,20,0.7044121314824888,10,1,3,25,92,"[3195, 1929]",COMPLETE
4639,4639,0.23369782265138758,2.5917346477508545,2021-06-19 17:32:04.283672,2021-06-19 17:32:06.881301,0 days 00:00:02.597629,20,0.7492482924832433,10,1,19,26,92,"[2465, 1389]",COMPLETE
4640,4640,0.3419801949638011,2.557258129119873,2021-06-19 17:32:06.883875,2021-06-19 17:32:09.447024,0 days 00:00:02.563149,30,0.7044121314824888,10,1,24,0,92,"[2209, 2963]",COMPLETE
4641,4641,0.2396764232245376,2.746525526046753,2021-06-19 17:32:09.450083,2021-06-19 17:32:12.202455,0 days 00:00:02.752372,70,0.7044121314824888,10,1,8,25,92,"[4236, 316]",COMPLETE
4642,4642,0.23027514182774686,2.610304117202759,2021-06-19 17:32:12.205423,2021-06-19 17:32:14.821477,0 days 00:00:02.616054,10,0.7492482924832433,10,1,30,25,92,"[880, 880]",COMPLETE
4643,4643,0.22981567745524428,2.7604191303253174,2021-06-19 17:32:14.824453,2021-06-19 17:32:17.590783,0 days 00:00:02.766330,80,0.7044121314824888,10,1,30,25,92,"[316, 1929]",COMPLETE
4644,4644,0.2291878215063212,2.564174175262451,2021-06-19 17:32:17.593732,2021-06-19 17:32:20.163782,0 days 00:00:02.570050,20,0.7044121314824888,10,1,25,25,92,"[900, 1006]",COMPLETE
4645,4645,0.2335447826096253,2.653636932373047,2021-06-19 17:32:20.166793,2021-06-19 17:32:22.826612,0 days 00:00:02.659819,40,0.9212516793034706,10,1,30,26,92,"[1974, 316]",COMPLETE
4646,4646,0.3165020766636172,2.8333470821380615,2021-06-19 17:32:22.829572,2021-06-19 17:32:25.668907,0 days 00:00:02.839335,60,0.7044121314824888,10,9,30,4,92,"[1218, 1159]",COMPLETE
4647,4647,0.2461094656084159,2.6049885749816895,2021-06-19 17:32:25.671837,2021-06-19 17:32:28.282792,0 days 00:00:02.610955,40,0.7492482924832433,10,1,10,21,92,"[2078, 4419]",COMPLETE
4648,4648,0.22961386424068395,2.535057544708252,2021-06-19 17:32:28.285841,2021-06-19 17:32:30.826842,0 days 00:00:02.541001,20,0.7044121314824888,10,1,30,26,92,"[316, 908]",COMPLETE
4649,4649,inf,inf,2021-06-19 17:32:30.829831,2021-06-19 17:32:31.309716,0 days 00:00:00.479885,20,0.5962583425794152,10,1,30,25,92,"[4236, 4236]",COMPLETE
4650,4650,0.2541159339025249,2.9874911308288574,2021-06-19 17:32:31.315854,2021-06-19 17:32:34.393170,0 days 00:00:03.077316,20,0.7044121314824888,7,1,30,25,93,"[4236, 1735]",COMPLETE
4651,4651,0.23855069945785334,2.5909423828125,2021-06-19 17:32:34.395863,2021-06-19 17:32:36.992726,0 days 00:00:02.596863,20,0.7044121314824888,10,9,8,25,93,"[1244, 316]",COMPLETE
4652,4652,0.2307023186388539,2.7088446617126465,2021-06-19 17:32:36.995776,2021-06-19 17:32:39.710751,0 days 00:00:02.714975,20,0.7220223392233235,10,1,24,26,93,"[3105, 900]",COMPLETE
4653,4653,0.22846890227099942,2.640962600708008,2021-06-19 17:32:39.713742,2021-06-19 17:32:42.360635,0 days 00:00:02.646893,20,0.7044121314824888,10,9,30,25,93,"[3256, 3483]",COMPLETE
4654,4654,0.23149635267214164,2.7481491565704346,2021-06-19 17:32:42.363615,2021-06-19 17:32:45.117476,0 days 00:00:02.753861,20,0.7044121314824888,10,1,30,25,93,"[1006, 1006]",COMPLETE
4655,4655,0.2615661589853757,2.951240062713623,2021-06-19 17:32:45.120475,2021-06-19 17:32:48.077765,0 days 00:00:02.957290,20,0.8737051251254713,6,1,30,24,93,"[1974, 1159]",COMPLETE
4656,4656,0.23135786253497453,2.604602575302124,2021-06-19 17:32:48.080782,2021-06-19 17:32:50.691252,0 days 00:00:02.610470,100,0.7492482924832433,10,1,24,26,93,"[900, 900]",COMPLETE
4657,4657,inf,inf,2021-06-19 17:32:50.694169,2021-06-19 17:32:50.879484,0 days 00:00:00.185315,20,0.4197977554669978,10,9,30,26,93,"[3307, 3307]",COMPLETE
4658,4658,0.23116913348352938,2.8384807109832764,2021-06-19 17:32:50.884250,2021-06-19 17:32:53.748195,0 days 00:00:02.863945,20,0.705159155572145,10,9,26,26,93,"[3256, 3260]",COMPLETE
4659,4659,0.2356503218531511,2.633110284805298,2021-06-19 17:32:53.751134,2021-06-19 17:32:56.390009,0 days 00:00:02.638875,20,0.6774235897670586,10,9,30,25,93,"[3082, 3082]",COMPLETE
4660,4660,0.2422183343075231,2.7032549381256104,2021-06-19 17:32:56.393020,2021-06-19 17:32:59.102283,0 days 00:00:02.709263,100,0.7044121314824888,10,9,2,25,93,"[1244, 1244]",COMPLETE
4661,4661,0.2316417667316654,2.7631607055664062,2021-06-19 17:32:59.105286,2021-06-19 17:33:01.874338,0 days 00:00:02.769052,10,0.775837870117549,10,6,30,25,93,"[880, 4419]",COMPLETE
4662,4662,0.23262348954438933,2.6090502738952637,2021-06-19 17:33:01.876994,2021-06-19 17:33:04.492181,0 days 00:00:02.615187,20,0.8047024443354969,10,1,23,26,93,"[647, 647]",COMPLETE
4663,4663,inf,inf,2021-06-19 17:33:04.495152,2021-06-19 17:33:04.628574,0 days 00:00:00.133422,20,0.3223296890070995,10,1,30,25,93,"[1745, 3760]",COMPLETE
4664,4664,0.23999378378272135,2.907353162765503,2021-06-19 17:33:04.633829,2021-06-19 17:33:07.560953,0 days 00:00:02.927124,20,0.7044121314824888,8,1,30,25,93,"[3100, 1006]",COMPLETE
4665,4665,0.2327290877538531,2.5813519954681396,2021-06-19 17:33:07.563963,2021-06-19 17:33:10.151124,0 days 00:00:02.587161,20,0.7044121314824888,10,1,30,25,93,"[2465, 4236]",COMPLETE
4666,4666,0.23002843328083197,2.740128993988037,2021-06-19 17:33:10.154108,2021-06-19 17:33:12.900025,0 days 00:00:02.745917,20,0.775837870117549,10,1,30,26,93,"[2963, 2991]",COMPLETE
4667,4667,0.22680974303239695,2.6981208324432373,2021-06-19 17:33:12.902888,2021-06-19 17:33:15.606954,0 days 00:00:02.704066,20,0.7044121314824888,10,9,30,26,93,"[3260, 1218]",COMPLETE
4668,4668,0.23143024394314704,2.5625839233398438,2021-06-19 17:33:15.609948,2021-06-19 17:33:18.178293,0 days 00:00:02.568345,10,0.7492482924832433,10,1,30,25,93,"[1028, 1028]",COMPLETE
4669,4669,0.23201652606948184,2.779036045074463,2021-06-19 17:33:18.181310,2021-06-19 17:33:20.966115,0 days 00:00:02.784805,20,0.7044121314824888,10,9,30,25,93,"[1312, 1244]",COMPLETE
4670,4670,0.27634550957532095,3.3176803588867188,2021-06-19 17:33:20.969063,2021-06-19 17:33:24.292620,0 days 00:00:03.323557,20,0.7492482924832433,4,1,30,25,93,"[1735, 3566]",COMPLETE
4671,4671,0.30700923329514523,5.725099563598633,2021-06-19 17:33:24.295596,2021-06-19 17:33:30.026744,0 days 00:00:05.731148,20,0.7044121314824888,1,9,17,22,93,"[2960, 1244]",COMPLETE
4672,4672,0.23650788267557676,2.7937886714935303,2021-06-19 17:33:30.029747,2021-06-19 17:33:32.829281,0 days 00:00:02.799534,10,0.7492482924832433,9,1,30,25,93,"[1389, 1389]",COMPLETE
4673,4673,0.24401150620582407,2.616605520248413,2021-06-19 17:33:32.832360,2021-06-19 17:33:35.455254,0 days 00:00:02.622894,20,0.775837870117549,10,6,0,26,93,"[3566, 2991]",COMPLETE
4674,4674,0.29178008082928625,2.762470006942749,2021-06-19 17:33:35.458407,2021-06-19 17:33:38.227614,0 days 00:00:02.769207,10,0.8420926620528064,10,3,30,7,93,"[2465, 2659]",COMPLETE
4675,4675,0.3154811953606825,9.088944673538208,2021-06-19 17:33:38.230607,2021-06-19 17:33:47.325558,0 days 00:00:09.094951,20,0.775837870117549,0,1,30,25,93,"[1929, 4258]",COMPLETE
4676,4676,0.3073111105180807,4.5010600090026855,2021-06-19 17:33:47.328592,2021-06-19 17:33:51.835869,0 days 00:00:04.507277,0,0.7044121314824888,2,1,2,14,93,"[1656, 1205]",COMPLETE
4677,4677,0.23002176523468643,2.6085100173950195,2021-06-19 17:33:51.838783,2021-06-19 17:33:54.453143,0 days 00:00:02.614360,20,0.7044121314824888,10,9,24,25,93,"[3483, 2762]",COMPLETE
4678,4678,inf,inf,2021-06-19 17:33:54.456152,2021-06-19 17:33:54.719698,0 days 00:00:00.263546,20,0.414404371824054,10,16,30,25,93,"[880, 900]",COMPLETE
4679,4679,0.22814873919118964,2.6040005683898926,2021-06-19 17:33:54.725438,2021-06-19 17:33:57.341689,0 days 00:00:02.616251,20,0.7044121314824888,10,9,26,26,93,"[3256, 1218]",COMPLETE
4680,4680,0.23612563222738883,2.7456142902374268,2021-06-19 17:33:57.344712,2021-06-19 17:34:00.096238,0 days 00:00:02.751526,10,0.7932651367640018,10,1,30,25,93,"[3195, 1389]",COMPLETE
