,number,values_0,values_1,datetime_start,datetime_complete,duration,params_checks,params_n_ratio,params_nskip,params_trees,params_w1,params_w2,system_attrs_nsga2:generation,system_attrs_nsga2:parents,state
2778,2778,0.2688832304061441,3.0794684886932373,2021-06-19 15:48:01.356527,2021-06-19 15:48:04.439911,0 days 00:00:03.083384,40,0.7044121314824888,5,1,2,25,55,"[1312, 1205]",COMPLETE
2779,2779,0.2606484465251168,2.6340548992156982,2021-06-19 15:48:04.442133,2021-06-19 15:48:07.080165,0 days 00:00:02.638032,20,0.8047024443354969,9,1,23,18,55,"[2229, 647]",COMPLETE
2780,2780,0.23048092606884552,2.7652804851531982,2021-06-19 15:48:07.082332,2021-06-19 15:48:09.851505,0 days 00:00:02.769173,20,0.7044121314824888,10,13,24,25,55,"[1312, 2659]",COMPLETE
2781,2781,0.25136424266917284,2.5580954551696777,2021-06-19 15:48:09.853742,2021-06-19 15:48:12.415790,0 days 00:00:02.562048,20,0.7044121314824888,10,1,30,18,55,"[1656, 1218]",COMPLETE
2782,2782,0.23406219778905657,2.528923273086548,2021-06-19 15:48:12.418028,2021-06-19 15:48:14.950757,0 days 00:00:02.532729,20,0.7044121314824888,10,2,30,25,55,"[1656, 2256]",COMPLETE
2783,2783,0.234185282276413,2.6940159797668457,2021-06-19 15:48:14.952887,2021-06-19 15:48:17.650570,0 days 00:00:02.697683,20,0.7492482924832433,10,1,30,25,55,"[1674, 2477]",COMPLETE
2784,2784,0.2326727729457321,2.5757992267608643,2021-06-19 15:48:17.652738,2021-06-19 15:48:20.232214,0 days 00:00:02.579476,20,0.7492482924832433,10,1,30,25,55,"[2554, 2060]",COMPLETE
2785,2785,0.23383912660828604,2.7742481231689453,2021-06-19 15:48:20.234198,2021-06-19 15:48:23.012539,0 days 00:00:02.778341,20,0.8190196815359552,9,4,30,25,55,"[1735, 1246]",COMPLETE
2786,2786,0.2312912619899734,2.538083076477051,2021-06-19 15:48:23.014473,2021-06-19 15:48:25.556238,0 days 00:00:02.541765,20,0.8047024443354969,10,1,30,25,55,"[1745, 1826]",COMPLETE
2787,2787,0.2556087815964507,2.717747211456299,2021-06-19 15:48:25.558144,2021-06-19 15:48:28.279780,0 days 00:00:02.721636,10,0.7492482924832433,10,1,30,17,55,"[2477, 2060]",COMPLETE
2788,2788,0.2286280564977471,2.5495481491088867,2021-06-19 15:48:28.282013,2021-06-19 15:48:30.835222,0 days 00:00:02.553209,20,0.8047024443354969,10,1,30,25,55,"[2215, 1416]",COMPLETE
2789,2789,0.2341207016759067,2.8100087642669678,2021-06-19 15:48:30.837503,2021-06-19 15:48:33.651408,0 days 00:00:02.813905,50,0.7044121314824888,10,2,23,25,55,"[1135, 2486]",COMPLETE
2790,2790,0.23048167011343149,2.6465775966644287,2021-06-19 15:48:33.653418,2021-06-19 15:48:36.303683,0 days 00:00:02.650265,20,0.8047024443354969,10,15,23,25,55,"[2712, 2215]",COMPLETE
2791,2791,0.23323820950038243,2.570366621017456,2021-06-19 15:48:36.305935,2021-06-19 15:48:38.880041,0 days 00:00:02.574106,20,0.7044121314824888,10,1,30,28,55,"[1656, 1656]",COMPLETE
2792,2792,0.22795644117498823,2.7316296100616455,2021-06-19 15:48:38.882256,2021-06-19 15:48:41.617752,0 days 00:00:02.735496,70,0.8047024443354969,10,1,30,24,55,"[1745, 1159]",COMPLETE
2793,2793,0.24395100180336582,2.547274351119995,2021-06-19 15:48:41.619950,2021-06-19 15:48:44.171101,0 days 00:00:02.551151,20,0.7757544213582919,10,1,0,26,55,"[900, 2495]",COMPLETE
2794,2794,0.2290102117961464,2.760512113571167,2021-06-19 15:48:44.173352,2021-06-19 15:48:46.937865,0 days 00:00:02.764513,80,0.775837870117549,10,2,30,25,55,"[1929, 1826]",COMPLETE
2795,2795,0.2402503024700135,2.542891502380371,2021-06-19 15:48:46.940132,2021-06-19 15:48:49.487051,0 days 00:00:02.546919,10,0.7492482924832433,10,1,3,25,55,"[1929, 1389]",COMPLETE
2796,2796,0.2293866018680712,2.595921277999878,2021-06-19 15:48:49.489374,2021-06-19 15:48:52.089013,0 days 00:00:02.599639,20,0.7044121314824888,10,15,30,25,55,"[1929, 2215]",COMPLETE
2797,2797,0.24619968774678902,3.0595943927764893,2021-06-19 15:48:52.091280,2021-06-19 15:48:55.154651,0 days 00:00:03.063371,20,0.9856230650923072,10,6,30,25,55,"[647, 1674]",COMPLETE
2798,2798,0.3007351127261111,4.314760446548462,2021-06-19 15:48:55.156887,2021-06-19 15:48:59.475487,0 days 00:00:04.318600,10,0.8047024443354969,2,1,22,25,55,"[2215, 849]",COMPLETE
2799,2799,0.2361719271098978,2.7935492992401123,2021-06-19 15:48:59.477769,2021-06-19 15:49:02.275325,0 days 00:00:02.797556,20,0.9093627582242716,10,1,18,27,55,"[2749, 1656]",COMPLETE
2800,2800,0.22760236870922343,2.7012364864349365,2021-06-19 15:49:02.277633,2021-06-19 15:50:16.631039,0 days 00:01:14.353406,20,0.7044121314824888,10,9,30,26,56,"[2297, 411]",COMPLETE
2801,2801,0.23144116205873871,2.7783164978027344,2021-06-19 15:50:16.635267,2021-06-19 15:50:19.418830,0 days 00:00:02.783563,20,0.775837870117549,10,2,30,25,56,"[2314, 2314]",COMPLETE
2802,2802,0.22995088242874626,2.56339168548584,2021-06-19 15:50:19.420934,2021-06-19 15:50:21.988023,0 days 00:00:02.567089,20,0.775837870117549,10,1,24,26,56,"[1974, 900]",COMPLETE
2803,2803,0.23160019227797535,2.603349208831787,2021-06-19 15:50:21.990063,2021-06-19 15:50:24.597241,0 days 00:00:02.607178,20,0.7044121314824888,10,9,23,25,56,"[2486, 1006]",COMPLETE
2804,2804,0.24828800658915387,2.7279908657073975,2021-06-19 15:50:24.599470,2021-06-19 15:50:27.331403,0 days 00:00:02.731933,20,0.603627004462215,10,1,5,20,56,"[316, 2215]",COMPLETE
2805,2805,0.23010508483686612,2.697389841079712,2021-06-19 15:50:27.333738,2021-06-19 15:50:30.035188,0 days 00:00:02.701450,90,0.7044121314824888,10,8,26,26,56,"[411, 900]",COMPLETE
2806,2806,0.23036226111128327,2.7837395668029785,2021-06-19 15:50:30.037374,2021-06-19 15:50:32.824835,0 days 00:00:02.787461,20,0.7044121314824888,10,1,30,26,56,"[1389, 2209]",COMPLETE
2807,2807,inf,inf,2021-06-19 15:50:32.826921,2021-06-19 15:50:33.505042,0 days 00:00:00.678121,10,0.5420092991154428,5,1,24,25,56,"[2659, 900]",COMPLETE
2808,2808,0.3058434228652572,2.6124911308288574,2021-06-19 15:50:33.518316,2021-06-19 15:50:36.139780,0 days 00:00:02.621464,20,0.7044121314824888,10,1,28,1,56,"[2659, 1656]",COMPLETE
2809,2809,0.23579757969287557,2.6085336208343506,2021-06-19 15:50:36.141994,2021-06-19 15:50:38.754377,0 days 00:00:02.612383,20,0.7492482924832433,10,1,18,26,56,"[1046, 1028]",COMPLETE
2810,2810,0.29392242194070145,4.791635274887085,2021-06-19 15:50:38.756669,2021-06-19 15:50:43.552245,0 days 00:00:04.795576,20,0.8047024443354969,2,12,26,26,56,"[647, 2775]",COMPLETE
2811,2811,0.3548682751942789,2.5787951946258545,2021-06-19 15:50:43.554394,2021-06-19 15:50:46.137648,0 days 00:00:02.583254,20,0.7044121314824888,10,1,19,0,56,"[2229, 1929]",COMPLETE
2812,2812,0.2341402490645918,2.789888620376587,2021-06-19 15:50:46.139769,2021-06-19 15:50:48.933534,0 days 00:00:02.793765,20,0.8047024443354969,10,9,21,26,56,"[374, 1416]",COMPLETE
2813,2813,0.23094563439924642,2.621931552886963,2021-06-19 15:50:48.935719,2021-06-19 15:50:51.561511,0 days 00:00:02.625792,100,0.7492482924832433,10,1,24,26,56,"[2297, 900]",COMPLETE
2814,2814,0.23967706495263716,2.710486650466919,2021-06-19 15:50:51.563737,2021-06-19 15:50:54.277942,0 days 00:00:02.714205,20,0.7492482924832433,10,1,9,25,56,"[745, 1735]",COMPLETE
2815,2815,0.2343711013639739,2.5727925300598145,2021-06-19 15:50:54.280191,2021-06-19 15:50:56.856754,0 days 00:00:02.576563,20,0.8047024443354969,10,1,30,25,56,"[1218, 2229]",COMPLETE
2816,2816,0.22986028123443994,2.6115479469299316,2021-06-19 15:50:56.859003,2021-06-19 15:50:59.474271,0 days 00:00:02.615268,20,0.8047024443354969,10,1,30,25,56,"[647, 2256]",COMPLETE
2817,2817,inf,inf,2021-06-19 15:50:59.476527,2021-06-19 15:50:59.990318,0 days 00:00:00.513791,10,0.5307671150086555,10,12,30,25,56,"[880, 1135]",COMPLETE
2818,2818,0.24127892787980268,2.8671352863311768,2021-06-19 15:50:59.994835,2021-06-19 15:51:02.878281,0 days 00:00:02.883446,20,0.603627004462215,10,5,8,25,56,"[316, 1727]",COMPLETE
2819,2819,0.23147455118554636,2.704379081726074,2021-06-19 15:51:02.880430,2021-06-19 15:51:05.588869,0 days 00:00:02.708439,100,0.7044121314824888,10,9,26,25,56,"[411, 1674]",COMPLETE
2820,2820,inf,inf,2021-06-19 15:51:05.591130,2021-06-19 15:51:05.913610,0 days 00:00:00.322480,20,0.4798447599697804,7,1,30,2,56,"[1159, 1159]",COMPLETE
2821,2821,0.23006796296511797,2.7292656898498535,2021-06-19 15:51:05.937823,2021-06-19 15:51:08.675414,0 days 00:00:02.737591,20,0.7492482924832433,10,1,30,25,56,"[1389, 908]",COMPLETE
2822,2822,0.22933147021147562,2.5732898712158203,2021-06-19 15:51:08.677507,2021-06-19 15:51:11.255029,0 days 00:00:02.577522,20,0.7044121314824888,10,1,30,25,56,"[1735, 1218]",COMPLETE
2823,2823,0.236392187284615,2.754878520965576,2021-06-19 15:51:11.257001,2021-06-19 15:51:14.015770,0 days 00:00:02.758769,20,0.7044121314824888,10,9,30,30,56,"[1135, 908]",COMPLETE
2824,2824,0.23636827448612568,2.598048210144043,2021-06-19 15:51:14.018045,2021-06-19 15:51:16.620188,0 days 00:00:02.602143,20,0.6924145394087291,10,5,23,26,56,"[2465, 647]",COMPLETE
2825,2825,0.23185209134693627,2.5720064640045166,2021-06-19 15:51:16.622037,2021-06-19 15:51:19.197903,0 days 00:00:02.575866,20,0.7004630663538646,10,1,30,25,56,"[1826, 1389]",COMPLETE
2826,2826,0.22661640657397,2.795308828353882,2021-06-19 15:51:19.200171,2021-06-19 15:51:21.999169,0 days 00:00:02.798998,60,0.7492482924832433,10,9,30,25,56,"[2495, 2712]",COMPLETE
2827,2827,0.23372426343536204,2.6124320030212402,2021-06-19 15:51:22.001382,2021-06-19 15:51:24.617728,0 days 00:00:02.616346,20,0.6048105695167443,10,3,30,25,56,"[1135, 1735]",COMPLETE
2828,2828,0.22792295368614623,2.7507083415985107,2021-06-19 15:51:24.619970,2021-06-19 15:51:27.374409,0 days 00:00:02.754439,20,0.8047024443354969,10,1,23,25,56,"[1929, 2215]",COMPLETE
2829,2829,0.23093791155264617,2.5694973468780518,2021-06-19 15:51:27.376723,2021-06-19 15:51:29.949992,0 days 00:00:02.573269,20,0.775837870117549,10,1,30,25,56,"[2495, 1974]",COMPLETE
2830,2830,0.23184810806454273,2.6756467819213867,2021-06-19 15:51:29.952297,2021-06-19 15:51:32.631804,0 days 00:00:02.679507,70,0.7492482924832433,10,1,24,26,56,"[900, 1974]",COMPLETE
2831,2831,0.2356528950771108,2.77231764793396,2021-06-19 15:51:32.634022,2021-06-19 15:51:35.410219,0 days 00:00:02.776197,20,0.8142344436580891,10,9,18,25,56,"[2749, 2495]",COMPLETE
2832,2832,inf,inf,2021-06-19 15:51:35.412465,2021-06-19 15:51:35.983519,0 days 00:00:00.571054,20,0.541384560092028,7,1,30,25,56,"[2229, 2297]",COMPLETE
2833,2833,0.23156919209755158,2.7583212852478027,2021-06-19 15:51:35.988689,2021-06-19 15:51:38.756177,0 days 00:00:02.767488,20,0.8047024443354969,10,9,24,25,56,"[908, 1312]",COMPLETE
2834,2834,0.23342118817334323,2.78029203414917,2021-06-19 15:51:38.758530,2021-06-19 15:51:41.543093,0 days 00:00:02.784563,50,0.7044121314824888,10,1,30,25,56,"[2554, 1006]",COMPLETE
2835,2835,0.23042395811468405,2.609807252883911,2021-06-19 15:51:41.545362,2021-06-19 15:51:44.158979,0 days 00:00:02.613617,20,0.7492482924832433,10,9,30,26,56,"[908, 900]",COMPLETE
2836,2836,0.30777231367285024,2.548649311065674,2021-06-19 15:51:44.160821,2021-06-19 15:51:46.713481,0 days 00:00:02.552660,20,0.7044121314824888,10,1,30,5,56,"[2486, 1246]",COMPLETE
2837,2837,0.23319035936204094,2.718862533569336,2021-06-19 15:51:46.715575,2021-06-19 15:51:49.438373,0 days 00:00:02.722798,20,0.8047024443354969,10,1,11,25,56,"[1312, 2256]",COMPLETE
2838,2838,0.27402838013384506,2.5699820518493652,2021-06-19 15:51:49.440400,2021-06-19 15:51:52.014256,0 days 00:00:02.573856,20,0.7100511651342796,10,1,20,14,56,"[1205, 2762]",COMPLETE
2839,2839,0.2389865634983104,2.70487380027771,2021-06-19 15:51:52.016525,2021-06-19 15:51:54.725208,0 days 00:00:02.708683,10,0.7044121314824888,10,1,30,24,56,"[1159, 1705]",COMPLETE
2840,2840,0.23171753439496495,2.637343645095825,2021-06-19 15:51:54.727455,2021-06-19 15:51:57.368821,0 days 00:00:02.641366,10,0.867624926494136,10,8,28,25,56,"[2659, 1929]",COMPLETE
2841,2841,0.2618315485097313,2.550727605819702,2021-06-19 15:51:57.370994,2021-06-19 15:51:59.925596,0 days 00:00:02.554602,20,0.7044121314824888,10,1,30,13,56,"[1929, 1244]",COMPLETE
2842,2842,0.29538802856704693,4.63906717300415,2021-06-19 15:51:59.927911,2021-06-19 15:52:04.570846,0 days 00:00:04.642935,20,0.7044121314824888,2,9,30,25,56,"[1135, 1244]",COMPLETE
2843,2843,0.3114606707850296,5.472572326660156,2021-06-19 15:52:04.573143,2021-06-19 15:52:10.049567,0 days 00:00:05.476424,20,0.7492482924832433,1,1,30,25,56,"[2229, 2712]",COMPLETE
2844,2844,0.29218880017094073,4.049090147018433,2021-06-19 15:52:10.051887,2021-06-19 15:52:14.104923,0 days 00:00:04.053036,20,0.7044121314824888,3,15,30,26,56,"[2762, 374]",COMPLETE
2845,2845,0.23190047670701947,2.6921300888061523,2021-06-19 15:52:14.107143,2021-06-19 15:52:16.803139,0 days 00:00:02.695996,20,0.9241708186195243,10,1,30,25,56,"[2477, 1416]",COMPLETE
2846,2846,0.2889535864509222,2.7271246910095215,2021-06-19 15:52:16.805446,2021-06-19 15:52:19.536698,0 days 00:00:02.731252,20,0.865061817641479,10,2,1,8,56,"[2749, 2078]",COMPLETE
2847,2847,0.231964919285598,2.549844264984131,2021-06-19 15:52:19.538943,2021-06-19 15:52:22.092527,0 days 00:00:02.553584,20,0.7044121314824888,10,1,24,25,56,"[1656, 2209]",COMPLETE
2848,2848,0.23967713727989173,2.561962127685547,2021-06-19 15:52:22.094804,2021-06-19 15:52:24.660586,0 days 00:00:02.565782,20,0.775837870117549,10,1,9,22,56,"[745, 1974]",COMPLETE
2849,2849,0.23042965296165693,2.704055070877075,2021-06-19 15:52:24.662739,2021-06-19 15:52:27.370716,0 days 00:00:02.707977,20,0.8047024443354969,10,1,30,25,56,"[1656, 1416]",COMPLETE
2850,2850,0.23044095146545318,2.7312755584716797,2021-06-19 15:52:27.373001,2021-06-19 15:52:30.155858,0 days 00:00:02.782857,20,0.7044121314824888,10,1,24,26,57,"[2495, 1599]",COMPLETE
2851,2851,0.26853903979460164,2.8705620765686035,2021-06-19 15:52:30.158004,2021-06-19 15:52:33.032455,0 days 00:00:02.874451,20,0.7044121314824888,10,15,2,14,57,"[2215, 1205]",COMPLETE
2852,2852,0.22837297898916184,2.664682149887085,2021-06-19 15:52:33.034579,2021-06-19 15:52:35.703154,0 days 00:00:02.668575,70,0.775837870117549,10,9,30,26,57,"[2314, 908]",COMPLETE
2853,2853,0.2976007978369459,5.984486103057861,2021-06-19 15:52:35.705434,2021-06-19 15:52:41.693979,0 days 00:00:05.988545,10,0.9821635064479051,2,9,30,26,57,"[908, 1028]",COMPLETE
2854,2854,0.23144866523266613,2.5890183448791504,2021-06-19 15:52:41.696165,2021-06-19 15:52:44.288915,0 days 00:00:02.592750,60,0.7044121314824888,10,1,30,25,57,"[1246, 1246]",COMPLETE
2855,2855,inf,inf,2021-06-19 15:52:44.291185,2021-06-19 15:52:44.450253,0 days 00:00:00.159068,20,0.313923425546777,10,1,6,26,57,"[1159, 2209]",COMPLETE
2856,2856,0.28902011924691545,3.7825629711151123,2021-06-19 15:52:44.453887,2021-06-19 15:52:48.256169,0 days 00:00:03.802282,60,0.7492482924832433,3,1,30,25,57,"[2826, 2554]",COMPLETE
2857,2857,0.24184134356767806,2.711087942123413,2021-06-19 15:52:48.258521,2021-06-19 15:52:50.973528,0 days 00:00:02.715007,20,0.7492482924832433,10,1,7,26,57,"[2078, 374]",COMPLETE
2858,2858,inf,inf,2021-06-19 15:52:50.975842,2021-06-19 15:52:51.377883,0 days 00:00:00.402041,60,0.5193653728325731,10,9,16,25,57,"[2229, 2712]",COMPLETE
2859,2859,0.23005297401730163,2.699085235595703,2021-06-19 15:52:51.410769,2021-06-19 15:52:54.116669,0 days 00:00:02.705900,20,0.7044121314824888,10,15,24,26,57,"[1046, 2209]",COMPLETE
2860,2860,0.22934748091897236,2.765573024749756,2021-06-19 15:52:54.118890,2021-06-19 15:52:56.888246,0 days 00:00:02.769356,20,0.7044121314824888,10,9,30,24,57,"[1159, 1244]",COMPLETE
2861,2861,inf,inf,2021-06-19 15:52:56.890538,2021-06-19 15:52:57.240609,0 days 00:00:00.350071,20,0.54275629775361,10,9,30,25,57,"[2229, 2297]",COMPLETE
2862,2862,0.22636291001923034,2.650484561920166,2021-06-19 15:52:57.244071,2021-06-19 15:52:59.903829,0 days 00:00:02.659758,20,0.7044121314824888,10,9,30,26,57,"[2256, 1218]",COMPLETE
2863,2863,0.23215061821088154,2.736907958984375,2021-06-19 15:52:59.906128,2021-06-19 15:53:02.647005,0 days 00:00:02.740877,20,0.7044121314824888,10,1,24,25,57,"[1244, 1312]",COMPLETE
2864,2864,0.22991137898904423,2.6219682693481445,2021-06-19 15:53:02.649283,2021-06-19 15:53:05.275188,0 days 00:00:02.625905,20,0.8635802941845339,10,1,30,24,57,"[1745, 1159]",COMPLETE
2865,2865,0.233129255076891,2.5972964763641357,2021-06-19 15:53:05.277126,2021-06-19 15:53:07.878370,0 days 00:00:02.601244,20,0.8047024443354969,10,2,21,25,57,"[1416, 1705]",COMPLETE
2866,2866,inf,inf,2021-06-19 15:53:07.880667,2021-06-19 15:53:08.336371,0 days 00:00:00.455704,20,0.5745134624390948,10,1,30,28,57,"[1745, 1745]",COMPLETE
2867,2867,0.22972912926432626,2.749908924102783,2021-06-19 15:53:08.348047,2021-06-19 15:53:11.113780,0 days 00:00:02.765733,20,0.7492482924832433,10,1,30,25,57,"[1028, 2477]",COMPLETE
2868,2868,0.23646250207336986,2.854694128036499,2021-06-19 15:53:11.116081,2021-06-19 15:53:13.974641,0 days 00:00:02.858560,10,0.9386681538176918,10,1,30,25,57,"[745, 2495]",COMPLETE
2869,2869,inf,inf,2021-06-19 15:53:13.976866,2021-06-19 15:53:14.459448,0 days 00:00:00.482582,20,0.5685704898725314,10,12,26,25,57,"[411, 2749]",COMPLETE
2870,2870,0.23132762411627977,2.707036018371582,2021-06-19 15:53:14.474220,2021-06-19 15:53:17.190819,0 days 00:00:02.716599,10,0.7044121314824888,10,1,30,25,57,"[1705, 1246]",COMPLETE
2871,2871,0.2302700765940018,2.6242692470550537,2021-06-19 15:53:17.192750,2021-06-19 15:53:19.820966,0 days 00:00:02.628216,100,0.7044121314824888,10,1,30,25,57,"[1159, 2477]",COMPLETE
2872,2872,0.2329307195043592,2.7224693298339844,2021-06-19 15:53:19.823048,2021-06-19 15:53:22.549298,0 days 00:00:02.726250,20,0.8142344436580891,10,1,18,25,57,"[2749, 374]",COMPLETE
2873,2873,0.23384626944543485,2.6103217601776123,2021-06-19 15:53:22.551562,2021-06-19 15:53:25.165867,0 days 00:00:02.614305,60,0.7492482924832433,10,5,12,25,57,"[2826, 1705]",COMPLETE
2874,2874,0.27214977174555466,2.5677523612976074,2021-06-19 15:53:25.168140,2021-06-19 15:53:27.739849,0 days 00:00:02.571709,20,0.7044121314824888,10,1,23,12,57,"[1599, 2486]",COMPLETE
2875,2875,0.23113561003723251,2.7935867309570312,2021-06-19 15:53:27.742142,2021-06-19 15:53:30.539495,0 days 00:00:02.797353,20,0.7100511651342796,10,15,24,25,57,"[1312, 2762]",COMPLETE
2876,2876,0.3101250792132822,2.562659740447998,2021-06-19 15:53:30.541797,2021-06-19 15:53:33.108416,0 days 00:00:02.566619,10,0.7044121314824888,10,1,19,6,57,"[1246, 849]",COMPLETE
2877,2877,0.23093915285976133,2.8161141872406006,2021-06-19 15:53:33.110736,2021-06-19 15:53:35.930608,0 days 00:00:02.819872,50,0.7044121314824888,10,9,30,26,57,"[374, 374]",COMPLETE
2878,2878,0.22940414080186555,2.63543438911438,2021-06-19 15:53:35.932777,2021-06-19 15:53:38.572658,0 days 00:00:02.639881,20,0.8142192900185818,10,9,24,26,57,"[2209, 2297]",COMPLETE
2879,2879,0.23647695825036666,2.614656925201416,2021-06-19 15:53:38.574852,2021-06-19 15:53:41.193398,0 days 00:00:02.618546,20,0.7492482924832433,10,1,30,26,57,"[374, 1735]",COMPLETE
2880,2880,0.2348841951920175,2.788759231567383,2021-06-19 15:53:41.195630,2021-06-19 15:53:43.988312,0 days 00:00:02.792682,20,0.7100511651342796,10,15,29,25,57,"[1218, 2762]",COMPLETE
2881,2881,inf,inf,2021-06-19 15:53:43.990598,2021-06-19 15:53:44.137351,0 days 00:00:00.146753,20,0.3604084830210794,10,1,30,14,57,"[1205, 1826]",COMPLETE
2882,2882,0.22983355152810564,2.633287191390991,2021-06-19 15:53:44.141418,2021-06-19 15:53:46.792973,0 days 00:00:02.651555,60,0.7492482924832433,10,1,30,25,57,"[316, 2712]",COMPLETE
2883,2883,0.2432741320610999,2.738255739212036,2021-06-19 15:53:46.795214,2021-06-19 15:53:49.537420,0 days 00:00:02.742206,20,0.775837870117549,10,1,3,26,57,"[1974, 2229]",COMPLETE
2884,2884,0.22758934781406187,2.5913097858428955,2021-06-19 15:53:49.539688,2021-06-19 15:53:52.134785,0 days 00:00:02.595097,20,0.7044121314824888,10,1,24,25,57,"[1929, 2063]",COMPLETE
2885,2885,0.2309329061330789,2.7694613933563232,2021-06-19 15:53:52.136961,2021-06-19 15:53:54.910408,0 days 00:00:02.773447,30,0.7044121314824888,10,9,30,26,57,"[411, 1897]",COMPLETE
2886,2886,0.27668443116784286,2.937089443206787,2021-06-19 15:53:54.912611,2021-06-19 15:53:57.853808,0 days 00:00:02.941197,20,0.8047024443354969,6,1,11,17,57,"[2749, 1416]",COMPLETE
2887,2887,0.23674950812872217,2.711019277572632,2021-06-19 15:53:57.856080,2021-06-19 15:54:00.571155,0 days 00:00:02.715075,60,0.7044121314824888,10,9,7,25,57,"[2712, 2209]",COMPLETE
2888,2888,0.2303486893251472,2.852407217025757,2021-06-19 15:54:00.573322,2021-06-19 15:54:03.429687,0 days 00:00:02.856365,70,0.8047024443354969,10,1,30,26,57,"[647, 1135]",COMPLETE
2889,2889,0.23031826109286727,2.64697265625,2021-06-19 15:54:03.432020,2021-06-19 15:54:06.082589,0 days 00:00:02.650569,20,0.775837870117549,10,1,30,26,57,"[1974, 1974]",COMPLETE
2890,2890,0.2334906639492351,2.7829535007476807,2021-06-19 15:54:06.084966,2021-06-19 15:54:08.872446,0 days 00:00:02.787480,20,0.7044121314824888,10,9,30,23,57,"[1389, 1218]",COMPLETE
2891,2891,0.23493626545188837,2.5309276580810547,2021-06-19 15:54:08.874595,2021-06-19 15:54:11.409245,0 days 00:00:02.534650,10,0.6415492259649922,10,1,22,23,57,"[849, 849]",COMPLETE
2892,2892,0.2368925275830791,2.643286943435669,2021-06-19 15:54:11.411439,2021-06-19 15:54:14.058500,0 days 00:00:02.647061,10,0.6415492259649922,10,1,28,25,57,"[2659, 849]",COMPLETE
2893,2893,0.22997946838816702,2.7462823390960693,2021-06-19 15:54:14.060676,2021-06-19 15:54:16.811328,0 days 00:00:02.750652,20,0.8142344436580891,10,1,30,25,57,"[2749, 2256]",COMPLETE
2894,2894,0.2314365931779816,2.5790185928344727,2021-06-19 15:54:16.813676,2021-06-19 15:54:19.396541,0 days 00:00:02.582865,20,0.7044121314824888,10,2,24,26,57,"[1599, 1599]",COMPLETE
2895,2895,inf,inf,2021-06-19 15:54:19.398738,2021-06-19 15:54:19.558010,0 days 00:00:00.159272,20,0.36874973794483235,10,1,30,26,57,"[1974, 2486]",COMPLETE
2896,2896,0.3349270940428325,2.780061721801758,2021-06-19 15:54:19.561228,2021-06-19 15:54:22.348679,0 days 00:00:02.787451,20,0.8047024443354969,10,1,23,2,57,"[2215, 1312]",COMPLETE
2897,2897,0.2735670511020239,2.5521585941314697,2021-06-19 15:54:22.350942,2021-06-19 15:54:24.907222,0 days 00:00:02.556280,20,0.5717530481880817,10,1,11,16,57,"[647, 1246]",COMPLETE
