,number,values_0,values_1,datetime_start,datetime_complete,duration,params_checks,params_n_ratio,params_nskip,params_trees,params_w1,params_w2,system_attrs_nsga2:generation,system_attrs_nsga2:parents,state
9658,9658,inf,inf,2021-06-19 22:17:14.734063,2021-06-19 22:17:14.912985,0 days 00:00:00.178922,40,0.3039221401903262,5,1,27,25,193,"[1028, 3760]",COMPLETE
9659,9659,inf,inf,2021-06-19 22:17:14.923703,2021-06-19 22:17:15.095438,0 days 00:00:00.171735,20,0.3860590834588776,10,1,30,12,193,"[8333, 3760]",COMPLETE
9660,9660,0.25568543291956436,2.7901246547698975,2021-06-19 22:17:15.109768,2021-06-19 22:17:17.942848,0 days 00:00:02.833080,20,0.775837870117549,10,1,30,12,193,"[8333, 3760]",COMPLETE
9661,9661,inf,inf,2021-06-19 22:17:17.947761,2021-06-19 22:17:18.295482,0 days 00:00:00.347721,20,0.566174995609299,10,1,30,25,193,"[9438, 8498]",COMPLETE
9662,9662,inf,inf,2021-06-19 22:17:18.316497,2021-06-19 22:17:18.487242,0 days 00:00:00.170745,20,0.38350591758042063,10,1,30,25,193,"[1929, 1389]",COMPLETE
9663,9663,0.2722471092948536,2.6246800422668457,2021-06-19 22:17:18.501795,2021-06-19 22:17:21.168842,0 days 00:00:02.667047,20,0.8047024443354969,10,1,30,7,193,"[9286, 2063]",COMPLETE
9664,9664,0.23957013240691494,2.765745162963867,2021-06-19 22:17:21.174320,2021-06-19 22:17:23.952711,0 days 00:00:02.778391,20,0.775837870117549,10,1,9,26,193,"[3082, 3082]",COMPLETE
9665,9665,0.23097629886064316,2.5757405757904053,2021-06-19 22:17:23.957686,2021-06-19 22:17:26.544817,0 days 00:00:02.587131,20,0.775837870117549,10,1,26,26,193,"[9642, 9642]",COMPLETE
9666,9666,0.3030918839503492,4.2519850730896,2021-06-19 22:17:26.549874,2021-06-19 22:17:30.813595,0 days 00:00:04.263721,20,0.775837870117549,2,1,30,25,193,"[2991, 7926]",COMPLETE
9667,9667,0.23288758954657923,2.813208818435669,2021-06-19 22:17:30.818661,2021-06-19 22:17:33.643482,0 days 00:00:02.824821,40,0.775837870117549,10,4,24,25,193,"[900, 8720]",COMPLETE
9668,9668,0.2584031265242108,2.5917320251464844,2021-06-19 22:17:33.648473,2021-06-19 22:17:36.251444,0 days 00:00:02.602971,20,0.775837870117549,10,1,30,13,193,"[8433, 8433]",COMPLETE
9669,9669,0.23995725271061344,2.561187267303467,2021-06-19 22:17:36.256716,2021-06-19 22:17:38.829646,0 days 00:00:02.572930,20,0.7044121314824888,10,1,4,25,193,"[1159, 8531]",COMPLETE
9670,9670,0.22868482200131732,2.6275858879089355,2021-06-19 22:17:38.834662,2021-06-19 22:17:41.473683,0 days 00:00:02.639021,20,0.7044121314824888,10,11,30,26,193,"[8933, 1929]",COMPLETE
9671,9671,0.22768110318951865,2.8835504055023193,2021-06-19 22:17:41.478826,2021-06-19 22:17:44.374077,0 days 00:00:02.895251,20,0.775837870117549,9,6,30,27,193,"[5853, 8935]",COMPLETE
9672,9672,0.22912224416834007,2.5441346168518066,2021-06-19 22:17:44.379114,2021-06-19 22:17:46.934651,0 days 00:00:02.555537,20,0.803281147539574,10,1,30,25,193,"[2991, 5853]",COMPLETE
9673,9673,0.2310317525018998,2.550224781036377,2021-06-19 22:17:46.939728,2021-06-19 22:17:49.501626,0 days 00:00:02.561898,20,0.775837870117549,10,1,21,25,193,"[8720, 9368]",COMPLETE
9674,9674,0.2305890120472581,2.769275426864624,2021-06-19 22:17:49.506726,2021-06-19 22:17:52.287363,0 days 00:00:02.780637,70,0.775837870117549,10,1,30,25,193,"[8261, 8261]",COMPLETE
9675,9675,0.22783117674711573,2.5704526901245117,2021-06-19 22:17:52.292445,2021-06-19 22:17:54.874109,0 days 00:00:02.581664,20,0.775837870117549,10,1,30,26,193,"[6835, 6835]",COMPLETE
9676,9676,inf,inf,2021-06-19 22:17:54.879241,2021-06-19 22:17:55.335945,0 days 00:00:00.456704,20,0.603627004462215,10,1,14,23,193,"[316, 900]",COMPLETE
9677,9677,0.23989228979428143,2.5466394424438477,2021-06-19 22:17:55.366228,2021-06-19 22:17:57.934881,0 days 00:00:02.568653,20,0.775837870117549,10,1,7,26,193,"[9286, 2991]",COMPLETE
9678,9678,0.23951692825436982,2.8889715671539307,2021-06-19 22:17:57.939996,2021-06-19 22:18:00.840648,0 days 00:00:02.900652,0,0.775837870117549,10,1,30,26,193,"[6592, 7926]",COMPLETE
9679,9679,0.2280477384624564,2.623856544494629,2021-06-19 22:18:00.845632,2021-06-19 22:18:03.481012,0 days 00:00:02.635380,20,0.775837870117549,10,9,30,25,193,"[8532, 1244]",COMPLETE
9680,9680,0.23130661060436145,2.762923240661621,2021-06-19 22:18:03.486393,2021-06-19 22:18:06.262057,0 days 00:00:02.775664,20,0.8047024443354969,10,2,24,25,193,"[2063, 8024]",COMPLETE
9681,9681,0.22990013327755626,2.5821211338043213,2021-06-19 22:18:06.267035,2021-06-19 22:18:08.860463,0 days 00:00:02.593428,20,0.7044121314824888,10,1,30,24,193,"[8933, 1159]",COMPLETE
9682,9682,0.23332466524096504,2.6123671531677246,2021-06-19 22:18:08.865274,2021-06-19 22:18:11.489099,0 days 00:00:02.623825,40,0.7044121314824888,10,1,30,25,193,"[3260, 6751]",COMPLETE
9683,9683,0.2273993974514701,2.5368237495422363,2021-06-19 22:18:11.494244,2021-06-19 22:18:14.042356,0 days 00:00:02.548112,20,0.775837870117549,10,1,30,26,193,"[8933, 6351]",COMPLETE
9684,9684,0.2419140493840192,2.779890298843384,2021-06-19 22:18:14.047375,2021-06-19 22:18:16.838668,0 days 00:00:02.791293,10,0.775837870117549,10,1,8,25,193,"[316, 2991]",COMPLETE
9685,9685,0.230466615499034,2.5130016803741455,2021-06-19 22:18:16.843611,2021-06-19 22:18:19.368633,0 days 00:00:02.525022,20,0.7476529268840479,10,1,30,25,193,"[9057, 3100]",COMPLETE
9686,9686,0.22799550882806546,2.562854051589966,2021-06-19 22:18:19.373672,2021-06-19 22:18:21.947781,0 days 00:00:02.574109,20,0.775837870117549,10,1,30,25,193,"[1028, 8261]",COMPLETE
9687,9687,0.4122911929993519,3.172898769378662,2021-06-19 22:18:21.952913,2021-06-19 22:18:25.137380,0 days 00:00:03.184467,0,0.9250162630831704,10,1,23,26,193,"[849, 2078]",COMPLETE
9688,9688,0.28445257071746044,3.4215965270996094,2021-06-19 22:18:25.142390,2021-06-19 22:18:28.575328,0 days 00:00:03.432938,20,0.775837870117549,4,1,30,26,193,"[5145, 5654]",COMPLETE
9689,9689,0.2942886786117704,2.830909013748169,2021-06-19 22:18:28.580168,2021-06-19 22:18:31.422564,0 days 00:00:02.842396,20,0.6549627761123762,10,1,24,7,193,"[2063, 7770]",COMPLETE
9690,9690,0.31016083406081696,5.45646071434021,2021-06-19 22:18:31.427536,2021-06-19 22:18:36.895360,0 days 00:00:05.467824,20,0.775837870117549,1,1,30,25,193,"[3100, 8531]",COMPLETE
9691,9691,0.30739680885834747,2.6366870403289795,2021-06-19 22:18:36.900188,2021-06-19 22:18:39.548596,0 days 00:00:02.648408,20,0.621155940852081,10,9,30,5,193,"[1244, 5853]",COMPLETE
9692,9692,0.2261423800834172,2.537235975265503,2021-06-19 22:18:39.553285,2021-06-19 22:18:42.101779,0 days 00:00:02.548494,20,0.775837870117549,10,1,30,25,193,"[5145, 9368]",COMPLETE
9693,9693,0.23262076037210225,2.798191785812378,2021-06-19 22:18:42.106929,2021-06-19 22:18:44.916873,0 days 00:00:02.809944,20,0.9030135326301023,10,1,30,26,193,"[2078, 880]",COMPLETE
9694,9694,inf,inf,2021-06-19 22:18:44.921843,2021-06-19 22:18:45.135025,0 days 00:00:00.213182,10,0.44586555917444937,10,1,25,26,193,"[8898, 316]",COMPLETE
9695,9695,0.23026688952594668,2.554286479949951,2021-06-19 22:18:45.147378,2021-06-19 22:18:47.750289,0 days 00:00:02.602911,20,0.775837870117549,10,1,30,26,193,"[9180, 6351]",COMPLETE
9696,9696,0.28750698651416745,3.907649278640747,2021-06-19 22:18:47.755185,2021-06-19 22:18:51.674399,0 days 00:00:03.919214,40,0.775837870117549,3,1,30,25,193,"[8498, 3760]",COMPLETE
9697,9697,0.2306530118205529,2.593337059020996,2021-06-19 22:18:51.679080,2021-06-19 22:18:54.283781,0 days 00:00:02.604701,20,0.7492482924832433,10,1,30,26,193,"[7005, 6763]",COMPLETE
9698,9698,0.232296109227485,2.535252571105957,2021-06-19 22:18:54.288998,2021-06-19 22:18:56.836274,0 days 00:00:02.547276,20,0.8016070739355303,10,1,24,26,193,"[9286, 6351]",COMPLETE
9699,9699,0.2734995366041037,3.1928372383117676,2021-06-19 22:18:56.841349,2021-06-19 22:19:00.045673,0 days 00:00:03.204324,20,0.775837870117549,5,1,30,25,193,"[8333, 8720]",COMPLETE
9700,9700,0.2354927928137968,2.882948398590088,2021-06-19 22:19:00.050804,2021-06-19 22:20:20.736248,0 days 00:01:20.685444,20,0.8047024443354969,9,6,24,26,194,"[6351, 2063]",COMPLETE
9701,9701,0.23396043645454218,2.615428924560547,2021-06-19 22:20:20.749318,2021-06-19 22:20:23.383619,0 days 00:00:02.634301,20,0.775837870117549,10,5,23,25,194,"[1929, 5654]",COMPLETE
9702,9702,0.25871361150862743,2.9126267433166504,2021-06-19 22:20:23.388829,2021-06-19 22:20:26.312930,0 days 00:00:02.924101,20,0.775837870117549,6,1,30,26,194,"[7926, 1389]",COMPLETE
9703,9703,0.23753101382016614,2.7569799423217773,2021-06-19 22:20:26.318098,2021-06-19 22:20:29.096838,0 days 00:00:02.778740,20,0.73160898764414,10,1,22,25,194,"[8720, 9685]",COMPLETE
9704,9704,0.2317593148926936,2.587280750274658,2021-06-19 22:20:29.101889,2021-06-19 22:20:31.700570,0 days 00:00:02.598681,10,0.603627004462215,10,1,25,26,194,"[316, 8898]",COMPLETE
9705,9705,0.22873246759972074,2.860846757888794,2021-06-19 22:20:31.705701,2021-06-19 22:20:34.578386,0 days 00:00:02.872685,20,0.775837870117549,10,14,30,25,194,"[9368, 9286]",COMPLETE
9706,9706,0.3010010822775914,5.552583456039429,2021-06-19 22:20:34.583265,2021-06-19 22:20:40.147400,0 days 00:00:05.564135,40,0.8047024443354969,1,1,10,26,194,"[8256, 6751]",COMPLETE
9707,9707,0.2314704476051756,2.580353021621704,2021-06-19 22:20:40.152614,2021-06-19 22:20:42.744468,0 days 00:00:02.591854,20,0.7492482924832433,10,1,30,25,194,"[6763, 9642]",COMPLETE
9708,9708,0.23505945688464472,2.5625624656677246,2021-06-19 22:20:42.749833,2021-06-19 22:20:45.325155,0 days 00:00:02.575322,20,0.7044121314824888,10,3,30,24,194,"[6592, 1159]",COMPLETE
9709,9709,0.2282609999753978,2.7914681434631348,2021-06-19 22:20:45.329974,2021-06-19 22:20:48.132782,0 days 00:00:02.802808,60,0.775837870117549,10,1,30,25,194,"[8333, 8333]",COMPLETE
9710,9710,0.24121479875976845,2.64922833442688,2021-06-19 22:20:48.137750,2021-06-19 22:20:50.798491,0 days 00:00:02.660741,20,0.775837870117549,10,16,30,19,194,"[5853, 7631]",COMPLETE
9711,9711,0.23153239017752097,2.6206798553466797,2021-06-19 22:20:50.803629,2021-06-19 22:20:53.435779,0 days 00:00:02.632150,40,0.775837870117549,10,9,30,26,194,"[3082, 6751]",COMPLETE
9712,9712,0.25835481737820365,3.0617053508758545,2021-06-19 22:20:53.440866,2021-06-19 22:20:56.514550,0 days 00:00:03.073684,60,0.7044121314824888,7,1,30,24,194,"[9368, 1159]",COMPLETE
9713,9713,0.22998869287630136,2.7069475650787354,2021-06-19 22:20:56.519857,2021-06-19 22:20:59.239637,0 days 00:00:02.719780,20,0.8807790390066488,10,15,30,25,194,"[7770, 3100]",COMPLETE
9714,9714,0.24223190350339158,2.876926898956299,2021-06-19 22:20:59.244805,2021-06-19 22:21:02.133352,0 days 00:00:02.888547,20,0.775837870117549,10,13,3,26,194,"[6592, 900]",COMPLETE
9715,9715,0.23162227532899046,2.5664420127868652,2021-06-19 22:21:02.138637,2021-06-19 22:21:04.717787,0 days 00:00:02.579150,20,0.775837870117549,10,1,25,25,194,"[7770, 6835]",COMPLETE
9716,9716,0.2333406119084918,2.5825355052948,2021-06-19 22:21:04.722956,2021-06-19 22:21:07.316836,0 days 00:00:02.593880,20,0.7492482924832433,10,1,30,25,194,"[900, 1244]",COMPLETE
9717,9717,0.22914465303960038,2.581468105316162,2021-06-19 22:21:07.321949,2021-06-19 22:21:09.914814,0 days 00:00:02.592865,20,0.775837870117549,10,1,30,26,194,"[9642, 849]",COMPLETE
9718,9718,0.2367695216960634,2.767207145690918,2021-06-19 22:21:09.919987,2021-06-19 22:21:12.698798,0 days 00:00:02.778811,20,0.7492482924832433,10,1,29,25,194,"[880, 3082]",COMPLETE
9719,9719,0.23930278744387162,2.547431230545044,2021-06-19 22:21:12.703924,2021-06-19 22:21:15.262854,0 days 00:00:02.558930,20,0.775837870117549,10,1,24,21,194,"[8531, 900]",COMPLETE
9720,9720,0.2276368347149579,2.663747549057007,2021-06-19 22:21:15.272869,2021-06-19 22:21:17.953147,0 days 00:00:02.680278,20,0.775837870117549,10,14,30,26,194,"[3100, 7926]",COMPLETE
9721,9721,0.24123425694647158,3.0650289058685303,2021-06-19 22:21:17.958539,2021-06-19 22:21:21.036229,0 days 00:00:03.077690,20,0.9674224512973031,10,1,30,25,194,"[6763, 1244]",COMPLETE
9722,9722,0.22702502544172706,2.615210771560669,2021-06-19 22:21:21.041345,2021-06-19 22:21:23.667951,0 days 00:00:02.626606,20,0.775837870117549,10,11,30,26,194,"[8933, 7005]",COMPLETE
9723,9723,0.2341907729583908,2.5729470252990723,2021-06-19 22:21:23.672946,2021-06-19 22:21:26.257711,0 days 00:00:02.584765,40,0.7115068317366069,10,4,14,26,194,"[1028, 6751]",COMPLETE
9724,9724,inf,inf,2021-06-19 22:21:26.262780,2021-06-19 22:21:26.822680,0 days 00:00:00.559900,10,0.5937885089455075,10,1,30,25,194,"[9692, 880]",COMPLETE
9725,9725,0.23002035856173456,2.706800699234009,2021-06-19 22:21:26.832406,2021-06-19 22:21:29.577542,0 days 00:00:02.745136,40,0.7044121314824888,10,1,25,25,194,"[3760, 8898]",COMPLETE
9726,9726,0.2271952163182774,2.6013081073760986,2021-06-19 22:21:29.582645,2021-06-19 22:21:32.195370,0 days 00:00:02.612725,20,0.775837870117549,10,1,30,25,194,"[8935, 9692]",COMPLETE
9727,9727,0.22906381650467747,2.6194777488708496,2021-06-19 22:21:32.200750,2021-06-19 22:21:34.833065,0 days 00:00:02.632315,30,0.775837870117549,10,1,30,25,194,"[9692, 5654]",COMPLETE
9728,9728,0.2649147857313481,3.1192996501922607,2021-06-19 22:21:34.838338,2021-06-19 22:21:37.970350,0 days 00:00:03.132012,20,0.775837870117549,6,1,25,25,194,"[8531, 8256]",COMPLETE
9729,9729,0.23071827390537952,2.547123670578003,2021-06-19 22:21:37.975570,2021-06-19 22:21:40.534184,0 days 00:00:02.558614,20,0.775837870117549,10,1,30,26,194,"[7926, 9286]",COMPLETE
9730,9730,0.23778844757016834,2.5281898975372314,2021-06-19 22:21:40.539317,2021-06-19 22:21:43.079021,0 days 00:00:02.539704,30,0.7492482924832433,10,1,30,25,194,"[1389, 1389]",COMPLETE
9731,9731,0.22834695064922084,2.7565560340881348,2021-06-19 22:21:43.083966,2021-06-19 22:21:45.851900,0 days 00:00:02.767934,20,0.775837870117549,10,1,30,25,194,"[6351, 9685]",COMPLETE
9732,9732,0.361617252418998,5.491502285003662,2021-06-19 22:21:45.857141,2021-06-19 22:21:51.360685,0 days 00:00:05.503544,30,0.7492482924832433,1,1,30,6,194,"[1389, 2078]",COMPLETE
9733,9733,0.2411443633167323,2.545822858810425,2021-06-19 22:21:51.365808,2021-06-19 22:21:53.923250,0 days 00:00:02.557442,20,0.7044121314824888,10,1,5,25,194,"[3260, 8498]",COMPLETE
9734,9734,0.23557174710846826,2.786583662033081,2021-06-19 22:21:53.928323,2021-06-19 22:21:56.726540,0 days 00:00:02.798217,20,0.6724947864765147,10,1,30,25,194,"[8256, 8935]",COMPLETE
9735,9735,0.23413088591556114,2.598015546798706,2021-06-19 22:21:56.731639,2021-06-19 22:21:59.341005,0 days 00:00:02.609366,30,0.7492482924832433,10,1,30,25,194,"[6763, 6763]",COMPLETE
9736,9736,0.23221941511462735,2.597696542739868,2021-06-19 22:21:59.346375,2021-06-19 22:22:01.956684,0 days 00:00:02.610309,40,0.775837870117549,10,1,30,26,194,"[3760, 6835]",COMPLETE
9737,9737,0.22963193188576614,2.769080638885498,2021-06-19 22:22:01.961885,2021-06-19 22:22:04.743718,0 days 00:00:02.781833,20,0.775837870117549,10,1,30,25,194,"[7770, 9057]",COMPLETE
9738,9738,0.23147922764398562,2.585721731185913,2021-06-19 22:22:04.748828,2021-06-19 22:22:07.345922,0 days 00:00:02.597094,20,0.8047024443354969,10,1,24,25,194,"[3260, 2063]",COMPLETE
9739,9739,0.232295207911131,2.570950508117676,2021-06-19 22:22:07.350937,2021-06-19 22:22:09.933324,0 days 00:00:02.582387,40,0.775837870117549,10,1,30,25,194,"[6968, 6751]",COMPLETE
9740,9740,0.2270295107719362,2.8837175369262695,2021-06-19 22:22:09.938466,2021-06-19 22:22:12.833675,0 days 00:00:02.895209,20,0.775837870117549,10,15,30,25,194,"[8531, 8531]",COMPLETE
9741,9741,0.23019826497305423,2.6003146171569824,2021-06-19 22:22:12.838723,2021-06-19 22:22:15.450603,0 days 00:00:02.611880,20,0.775837870117549,10,1,30,25,194,"[5853, 5853]",COMPLETE
9742,9742,0.24219202213537155,2.5626213550567627,2021-06-19 22:22:15.455395,2021-06-19 22:22:18.029671,0 days 00:00:02.574276,60,0.8047024443354969,10,1,3,25,194,"[6763, 8256]",COMPLETE
9743,9743,0.22720392532477288,2.7692229747772217,2021-06-19 22:22:18.034773,2021-06-19 22:22:20.815483,0 days 00:00:02.780710,20,0.775837870117549,10,1,30,25,194,"[7631, 9029]",COMPLETE
9744,9744,0.2358984563605772,2.628044605255127,2021-06-19 22:22:20.820423,2021-06-19 22:22:23.459897,0 days 00:00:02.639474,20,0.8047024443354969,9,1,25,25,194,"[9438, 8256]",COMPLETE
9745,9745,0.230967219316213,2.6768712997436523,2021-06-19 22:22:23.464757,2021-06-19 22:22:26.153336,0 days 00:00:02.688579,10,0.8016466677809335,10,11,30,25,194,"[2991, 8933]",COMPLETE
9746,9746,0.23338898479292125,2.5433895587921143,2021-06-19 22:22:26.158324,2021-06-19 22:22:28.713315,0 days 00:00:02.554991,20,0.775837870117549,10,1,30,25,194,"[5145, 5145]",COMPLETE
9747,9747,0.3160861896837889,5.639378547668457,2021-06-19 22:22:28.718202,2021-06-19 22:22:34.369095,0 days 00:00:05.650893,10,0.7492482924832433,1,1,30,25,194,"[1389, 880]",COMPLETE
9748,9748,0.22872049665133168,2.5834739208221436,2021-06-19 22:22:34.374258,2021-06-19 22:22:36.969792,0 days 00:00:02.595534,20,0.775837870117549,10,1,30,26,194,"[880, 7926]",COMPLETE
9749,9749,inf,inf,2021-06-19 22:22:36.974951,2021-06-19 22:22:37.391239,0 days 00:00:00.416288,20,0.5340211015470324,10,1,29,26,194,"[9286, 8333]",COMPLETE
9750,9750,0.2456566337450299,2.889946222305298,2021-06-19 22:22:37.405033,2021-06-19 22:22:40.403126,0 days 00:00:02.998093,10,0.775837870117549,8,1,8,25,195,"[8498, 316]",COMPLETE
9751,9751,0.23081292153894462,2.608205556869507,2021-06-19 22:22:40.408428,2021-06-19 22:22:43.028556,0 days 00:00:02.620128,20,0.775837870117549,10,12,30,25,195,"[5853, 7926]",COMPLETE
9752,9752,0.23306552534697098,2.610964059829712,2021-06-19 22:22:43.033652,2021-06-19 22:22:45.656110,0 days 00:00:02.622458,20,0.775837870117549,9,1,30,25,195,"[2991, 8498]",COMPLETE
9753,9753,0.2329048582773758,2.5840134620666504,2021-06-19 22:22:45.661241,2021-06-19 22:22:48.256947,0 days 00:00:02.595706,20,0.7492482924832433,10,1,20,25,195,"[5853, 6763]",COMPLETE
9754,9754,0.22841452294348816,2.766052722930908,2021-06-19 22:22:48.261815,2021-06-19 22:22:51.039064,0 days 00:00:02.777249,20,0.775837870117549,10,1,30,26,195,"[9683, 9683]",COMPLETE
9755,9755,0.24320615712160326,2.5714893341064453,2021-06-19 22:22:51.044189,2021-06-19 22:22:53.627347,0 days 00:00:02.583158,10,0.603627004462215,10,6,3,25,195,"[8024, 316]",COMPLETE
9756,9756,0.23562600309481374,2.5679421424865723,2021-06-19 22:22:53.632541,2021-06-19 22:22:56.212086,0 days 00:00:02.579545,10,0.775837870117549,10,1,30,25,195,"[8333, 5145]",COMPLETE
9757,9757,0.2325466503415814,2.773334503173828,2021-06-19 22:22:56.217144,2021-06-19 22:22:59.002125,0 days 00:00:02.784981,20,0.775837870117549,10,1,15,25,195,"[2078, 8333]",COMPLETE
9758,9758,0.23225877755327237,2.538443088531494,2021-06-19 22:22:59.007195,2021-06-19 22:23:01.557232,0 days 00:00:02.550037,20,0.7044121314824888,10,1,30,25,195,"[9692, 3260]",COMPLETE
9759,9759,inf,inf,2021-06-19 22:23:01.562412,2021-06-19 22:23:01.878910,0 days 00:00:00.316498,20,0.48034683784522536,10,1,30,26,195,"[9683, 7770]",COMPLETE
9760,9760,0.22699053841108668,2.8194329738616943,2021-06-19 22:23:01.892501,2021-06-19 22:23:04.741088,0 days 00:00:02.848587,20,0.7476529268840479,10,7,30,25,195,"[9685, 9685]",COMPLETE
9761,9761,0.23910229090170115,2.5658440589904785,2021-06-19 22:23:04.746079,2021-06-19 22:23:07.323600,0 days 00:00:02.577521,10,0.5945540743090075,10,1,12,25,195,"[8498, 5853]",COMPLETE
9762,9762,0.2451522736206927,2.5341618061065674,2021-06-19 22:23:07.328807,2021-06-19 22:23:09.874539,0 days 00:00:02.545732,20,0.775837870117549,10,1,2,25,195,"[8333, 8256]",COMPLETE
9763,9763,0.3013064748745918,2.8077402114868164,2021-06-19 22:23:09.879654,2021-06-19 22:23:12.699397,0 days 00:00:02.819743,20,0.775837870117549,7,1,22,9,195,"[8261, 8720]",COMPLETE
9764,9764,0.23195616602377464,2.778794288635254,2021-06-19 22:23:12.704502,2021-06-19 22:23:15.494762,0 days 00:00:02.790260,10,0.775837870117549,10,12,30,25,195,"[8935, 8433]",COMPLETE
9765,9765,0.2307541161656413,2.5846025943756104,2021-06-19 22:23:15.499807,2021-06-19 22:23:18.095854,0 days 00:00:02.596047,40,0.8047024443354969,10,1,30,26,195,"[2063, 6751]",COMPLETE
9766,9766,0.232429826213688,2.6247196197509766,2021-06-19 22:23:18.101006,2021-06-19 22:23:20.737124,0 days 00:00:02.636118,10,0.7492482924832433,10,1,30,26,195,"[5654, 1389]",COMPLETE
9767,9767,0.23132282978563884,2.7276227474212646,2021-06-19 22:23:20.742350,2021-06-19 22:23:23.482304,0 days 00:00:02.739954,20,0.775837870117549,10,1,30,25,195,"[7770, 7770]",COMPLETE
9768,9768,0.2267254958795613,2.554767370223999,2021-06-19 22:23:23.487496,2021-06-19 22:23:26.053867,0 days 00:00:02.566371,20,0.775837870117549,10,1,30,25,195,"[8261, 6592]",COMPLETE
9769,9769,0.23187421457325905,2.5875797271728516,2021-06-19 22:23:26.058703,2021-06-19 22:23:28.657649,0 days 00:00:02.598946,20,0.7476529268840479,10,1,30,25,195,"[9685, 9685]",COMPLETE
9770,9770,0.23303837588525753,2.758111000061035,2021-06-19 22:23:28.662465,2021-06-19 22:23:31.432173,0 days 00:00:02.769708,20,0.7044121314824888,10,1,19,25,195,"[5145, 1929]",COMPLETE
9771,9771,0.23355290867845316,2.575406312942505,2021-06-19 22:23:31.437282,2021-06-19 22:23:34.024117,0 days 00:00:02.586835,20,0.775837870117549,10,1,30,25,195,"[8531, 9692]",COMPLETE
9772,9772,0.3437652815386339,3.7789766788482666,2021-06-19 22:23:34.029272,2021-06-19 22:23:37.820075,0 days 00:00:03.790803,20,0.7492482924832433,3,1,24,2,195,"[900, 900]",COMPLETE
9773,9773,0.23122748661413425,2.8390607833862305,2021-06-19 22:23:37.825412,2021-06-19 22:23:40.676501,0 days 00:00:02.851089,20,0.8047024443354969,10,1,23,25,195,"[8720, 2063]",COMPLETE
9774,9774,0.23416351921435702,2.606562614440918,2021-06-19 22:23:40.681893,2021-06-19 22:23:43.301330,0 days 00:00:02.619437,20,0.775837870117549,10,6,19,25,195,"[9057, 9368]",COMPLETE
9775,9775,0.2318977261534355,2.537062644958496,2021-06-19 22:23:43.306520,2021-06-19 22:23:45.854930,0 days 00:00:02.548410,20,0.775837870117549,10,1,30,25,195,"[8720, 8720]",COMPLETE
9776,9776,0.3148861141816808,9.471623182296753,2021-06-19 22:23:45.860075,2021-06-19 22:23:55.343426,0 days 00:00:09.483351,20,0.775837870117549,0,5,30,26,195,"[7005, 9642]",COMPLETE
