,number,values_0,values_1,datetime_start,datetime_complete,duration,params_checks,params_n_ratio,params_nskip,params_trees,params_w1,params_w2,system_attrs_nsga2:generation,system_attrs_nsga2:parents,state
3850,3850,inf,inf,2021-06-19 16:47:28.120764,2021-06-19 16:47:28.321963,0 days 00:00:00.201199,20,0.3964476309546603,10,9,7,26,77,"[2862, 3307]",COMPLETE
3851,3851,0.23412597153809528,2.5973520278930664,2021-06-19 16:47:28.326730,2021-06-19 16:47:30.935702,0 days 00:00:02.608972,0,0.7044121314824888,10,1,30,25,77,"[3260, 1389]",COMPLETE
3852,3852,0.23160238969448532,2.775759220123291,2021-06-19 16:47:30.938439,2021-06-19 16:47:33.719386,0 days 00:00:02.780947,20,0.7492482924832433,10,9,24,25,77,"[2960, 1735]",COMPLETE
3853,3853,0.23539865711445826,2.5431106090545654,2021-06-19 16:47:33.722078,2021-06-19 16:47:36.270381,0 days 00:00:02.548303,20,0.7100511651342796,10,2,11,25,77,"[2991, 2762]",COMPLETE
3854,3854,0.22737482601734327,2.63415265083313,2021-06-19 16:47:36.272897,2021-06-19 16:47:38.911978,0 days 00:00:02.639081,20,0.7044121314824888,10,9,23,26,77,"[2486, 908]",COMPLETE
3855,3855,0.27336363520219303,3.247946262359619,2021-06-19 16:47:38.914697,2021-06-19 16:47:42.167694,0 days 00:00:03.252997,20,0.7492482924832433,5,1,30,25,77,"[1929, 1735]",COMPLETE
3856,3856,0.2869028965654457,2.5283939838409424,2021-06-19 16:47:42.170377,2021-06-19 16:47:44.703827,0 days 00:00:02.533450,20,0.775837870117549,10,1,30,4,77,"[2963, 3566]",COMPLETE
3857,3857,0.22899316796059072,2.7845733165740967,2021-06-19 16:47:44.706485,2021-06-19 16:47:47.495992,0 days 00:00:02.789507,20,0.8047024443354969,10,1,30,25,77,"[2229, 745]",COMPLETE
3858,3858,0.32887390800202726,9.574357748031616,2021-06-19 16:47:47.498623,2021-06-19 16:47:57.078323,0 days 00:00:09.579700,0,0.7044121314824888,0,11,30,26,77,"[1159, 1974]",COMPLETE
3859,3859,0.235645606437009,2.7549386024475098,2021-06-19 16:47:57.081053,2021-06-19 16:47:59.841174,0 days 00:00:02.760121,10,0.775837870117549,10,1,14,25,77,"[3082, 1897]",COMPLETE
3860,3860,0.22878403245943116,2.624162435531616,2021-06-19 16:47:59.843486,2021-06-19 16:48:02.472590,0 days 00:00:02.629104,20,0.7044121314824888,10,1,30,25,77,"[3260, 2963]",COMPLETE
3861,3861,0.2361489618040738,2.5959455966949463,2021-06-19 16:48:02.475264,2021-06-19 16:48:05.076389,0 days 00:00:02.601125,10,0.603627004462215,10,1,8,25,77,"[1159, 316]",COMPLETE
3862,3862,0.24033183463067967,2.748445749282837,2021-06-19 16:48:05.079140,2021-06-19 16:48:07.833165,0 days 00:00:02.754025,20,0.6415492259649922,10,1,24,30,77,"[2762, 849]",COMPLETE
3863,3863,0.2892111159728843,3.809013843536377,2021-06-19 16:48:07.835840,2021-06-19 16:48:11.650171,0 days 00:00:03.814331,20,0.7044121314824888,3,9,22,25,77,"[1244, 908]",COMPLETE
3864,3864,0.23284515264679795,2.542463779449463,2021-06-19 16:48:11.652852,2021-06-19 16:48:14.200241,0 days 00:00:02.547389,10,0.7492482924832433,10,1,24,26,77,"[900, 880]",COMPLETE
3865,3865,0.2757309105598614,3.343230962753296,2021-06-19 16:48:14.202782,2021-06-19 16:48:17.551307,0 days 00:00:03.348525,100,0.7492482924832433,5,1,24,25,77,"[1028, 1312]",COMPLETE
3866,3866,0.23042443504600404,2.7279398441314697,2021-06-19 16:48:17.554053,2021-06-19 16:48:20.286988,0 days 00:00:02.732935,20,0.775837870117549,10,9,26,25,77,"[3256, 3082]",COMPLETE
3867,3867,0.2342507599625114,2.8366403579711914,2021-06-19 16:48:20.289623,2021-06-19 16:48:23.131679,0 days 00:00:02.842056,50,0.7133989427202989,10,10,30,24,77,"[3814, 1159]",COMPLETE
3868,3868,0.23188704577738467,2.595871686935425,2021-06-19 16:48:23.134430,2021-06-19 16:48:25.735743,0 days 00:00:02.601313,10,0.7044121314824888,10,9,30,25,77,"[849, 2960]",COMPLETE
3869,3869,0.22975114538666652,2.75225567817688,2021-06-19 16:48:25.738190,2021-06-19 16:48:28.495382,0 days 00:00:02.757192,20,0.7044121314824888,10,1,30,25,77,"[1929, 3195]",COMPLETE
3870,3870,0.24013834780715995,2.5586674213409424,2021-06-19 16:48:28.498034,2021-06-19 16:48:31.061646,0 days 00:00:02.563612,10,0.603627004462215,10,1,24,22,77,"[3814, 745]",COMPLETE
3871,3871,0.30327775698874504,4.290858030319214,2021-06-19 16:48:31.064345,2021-06-19 16:48:35.360342,0 days 00:00:04.295997,20,0.775837870117549,2,1,30,25,77,"[2229, 3082]",COMPLETE
3872,3872,0.23453050774064463,2.7097432613372803,2021-06-19 16:48:35.362675,2021-06-19 16:48:38.077290,0 days 00:00:02.714615,20,0.7044121314824888,10,1,30,25,77,"[3260, 3260]",COMPLETE
3873,3873,0.26012435416314866,2.9325735569000244,2021-06-19 16:48:38.079877,2021-06-19 16:48:41.017701,0 days 00:00:02.937824,20,0.7492482924832433,6,1,12,26,77,"[3814, 2078]",COMPLETE
3874,3874,0.23434167581236828,2.6380059719085693,2021-06-19 16:48:41.020433,2021-06-19 16:48:43.663518,0 days 00:00:02.643085,10,0.7044121314824888,10,15,30,25,77,"[3483, 3105]",COMPLETE
3875,3875,0.22947899279578715,2.726853370666504,2021-06-19 16:48:43.666091,2021-06-19 16:48:46.398093,0 days 00:00:02.732002,20,0.775837870117549,10,1,30,25,77,"[1244, 3566]",COMPLETE
3876,3876,inf,inf,2021-06-19 16:48:46.400819,2021-06-19 16:48:46.569012,0 days 00:00:00.168193,20,0.3728349973867591,10,1,30,24,77,"[1159, 1929]",COMPLETE
3877,3877,0.24028517161331173,2.530587911605835,2021-06-19 16:48:46.572821,2021-06-19 16:48:49.113335,0 days 00:00:02.540514,10,0.7044121314824888,10,1,11,22,77,"[745, 3511]",COMPLETE
3878,3878,0.23150693412382897,2.7377166748046875,2021-06-19 16:48:49.116048,2021-06-19 16:48:51.858866,0 days 00:00:02.742818,10,0.7044121314824888,10,1,30,26,77,"[3105, 1135]",COMPLETE
3879,3879,0.30444024226783567,2.567899703979492,2021-06-19 16:48:51.861566,2021-06-19 16:48:54.434675,0 days 00:00:02.573109,30,0.7044121314824888,10,1,16,2,77,"[3760, 1244]",COMPLETE
3880,3880,0.23145379612522055,2.9854469299316406,2021-06-19 16:48:54.437346,2021-06-19 16:48:57.427746,0 days 00:00:02.990400,100,0.9891906606245369,10,1,30,26,77,"[2465, 2465]",COMPLETE
3881,3881,0.2842622424012411,3.490746259689331,2021-06-19 16:48:57.430316,2021-06-19 16:49:00.926132,0 days 00:00:03.495816,20,0.7044121314824888,4,1,23,25,77,"[2078, 1244]",COMPLETE
3882,3882,0.26683484521339784,2.612661600112915,2021-06-19 16:49:00.928854,2021-06-19 16:49:03.546432,0 days 00:00:02.617578,10,0.603627004462215,10,1,2,14,77,"[1205, 316]",COMPLETE
3883,3883,0.23775748649375325,2.7041289806365967,2021-06-19 16:49:03.548718,2021-06-19 16:49:06.257884,0 days 00:00:02.709166,20,0.7044121314824888,10,1,30,29,77,"[1929, 1735]",COMPLETE
3884,3884,0.23107547250493643,2.6527531147003174,2021-06-19 16:49:06.260117,2021-06-19 16:49:08.917878,0 days 00:00:02.657761,20,0.8047024443354969,10,11,30,25,77,"[2486, 2229]",COMPLETE
3885,3885,0.23273366438978813,2.6268856525421143,2021-06-19 16:49:08.920615,2021-06-19 16:49:11.552687,0 days 00:00:02.632072,40,0.8047024443354969,10,1,30,25,77,"[1218, 1312]",COMPLETE
3886,3886,0.240538850136959,2.7041261196136475,2021-06-19 16:49:11.555330,2021-06-19 16:49:14.264430,0 days 00:00:02.709100,10,0.603627004462215,10,1,8,25,77,"[880, 316]",COMPLETE
3887,3887,0.22932940322680773,2.6612021923065186,2021-06-19 16:49:14.267105,2021-06-19 16:49:16.933408,0 days 00:00:02.666303,20,0.7044121314824888,10,7,30,25,77,"[3100, 1159]",COMPLETE
3888,3888,0.23036697399668266,2.7480554580688477,2021-06-19 16:49:16.936172,2021-06-19 16:49:19.689342,0 days 00:00:02.753170,20,0.603627004462215,10,1,24,25,77,"[3260, 3814]",COMPLETE
3889,3889,0.26514170314313623,2.5987112522125244,2021-06-19 16:49:19.691888,2021-06-19 16:49:22.295643,0 days 00:00:02.603755,20,0.603627004462215,10,1,2,14,77,"[1205, 3814]",COMPLETE
3890,3890,0.2797477148107228,2.5515806674957275,2021-06-19 16:49:22.298375,2021-06-19 16:49:24.855109,0 days 00:00:02.556734,20,0.7044121314824888,10,1,30,12,77,"[2465, 1929]",COMPLETE
3891,3891,0.23116612666185252,2.76247239112854,2021-06-19 16:49:24.857359,2021-06-19 16:49:27.624667,0 days 00:00:02.767308,20,0.7044121314824888,10,9,30,25,77,"[411, 2960]",COMPLETE
3892,3892,0.2800036472751872,2.580716848373413,2021-06-19 16:49:27.627375,2021-06-19 16:49:30.213172,0 days 00:00:02.585797,10,0.7492482924832433,10,1,9,12,77,"[880, 745]",COMPLETE
3893,3893,0.2965105745534707,3.1473641395568848,2021-06-19 16:49:30.215884,2021-06-19 16:49:33.368461,0 days 00:00:03.152577,20,0.7044121314824888,6,1,30,8,77,"[2465, 1006]",COMPLETE
3894,3894,0.2708096829762199,3.1489672660827637,2021-06-19 16:49:33.371166,2021-06-19 16:49:36.525655,0 days 00:00:03.154489,20,0.8047024443354969,5,4,23,25,77,"[1735, 647]",COMPLETE
3895,3895,0.2328084898562778,2.5910162925720215,2021-06-19 16:49:36.528464,2021-06-19 16:49:39.125173,0 days 00:00:02.596709,10,0.7492482924832433,10,6,30,25,77,"[1389, 3566]",COMPLETE
3896,3896,0.24092685788441534,2.8836264610290527,2021-06-19 16:49:39.127849,2021-06-19 16:49:42.016665,0 days 00:00:02.888816,20,0.775837870117549,8,1,30,26,77,"[2963, 2991]",COMPLETE
3897,3897,0.30215337172590434,3.315880298614502,2021-06-19 16:49:42.019322,2021-06-19 16:49:45.340414,0 days 00:00:03.321092,20,0.8047024443354969,4,1,24,15,77,"[3105, 2063]",COMPLETE
3898,3898,0.23311347080014722,2.8070008754730225,2021-06-19 16:49:45.342994,2021-06-19 16:49:48.154969,0 days 00:00:02.811975,20,0.8047024443354969,10,1,30,25,77,"[316, 2229]",COMPLETE
3899,3899,0.23675597740792736,2.574634075164795,2021-06-19 16:49:48.157674,2021-06-19 16:49:50.737262,0 days 00:00:02.579588,10,0.7492482924832433,10,1,30,25,77,"[1028, 3100]",COMPLETE
3900,3900,0.23077751847910732,2.62005615234375,2021-06-19 16:49:50.739950,2021-06-19 16:51:05.132964,0 days 00:01:14.393014,20,0.787060977828956,10,7,30,26,78,"[3100, 1974]",COMPLETE
3901,3901,0.2303177308351948,2.8160886764526367,2021-06-19 16:51:05.137328,2021-06-19 16:51:07.958872,0 days 00:00:02.821544,10,0.7044121314824888,10,1,30,26,78,"[3105, 2659]",COMPLETE
3902,3902,0.2719727465809915,2.5717084407806396,2021-06-19 16:51:07.961451,2021-06-19 16:51:10.538439,0 days 00:00:02.576988,20,0.8047024443354969,10,1,30,12,78,"[2063, 2991]",COMPLETE
3903,3903,0.24405509220063618,2.7213876247406006,2021-06-19 16:51:10.541201,2021-06-19 16:51:13.267850,0 days 00:00:02.726649,10,0.7044121314824888,10,1,3,22,78,"[745, 1656]",COMPLETE
3904,3904,0.23284312236342916,2.568790912628174,2021-06-19 16:51:13.270520,2021-06-19 16:51:15.844373,0 days 00:00:02.573853,20,0.7044121314824888,10,2,26,25,78,"[2762, 3256]",COMPLETE
3905,3905,0.2325042290190049,2.6359636783599854,2021-06-19 16:51:15.847098,2021-06-19 16:51:18.488201,0 days 00:00:02.641103,20,0.775837870117549,10,6,30,25,78,"[3760, 2762]",COMPLETE
3906,3906,0.3217247519472415,9.238539457321167,2021-06-19 16:51:18.490878,2021-06-19 16:51:27.734642,0 days 00:00:09.243764,20,0.8011134705112506,0,1,30,25,78,"[3566, 2960]",COMPLETE
3907,3907,0.23255891429854203,2.6822054386138916,2021-06-19 16:51:27.737328,2021-06-19 16:51:30.424492,0 days 00:00:02.687164,20,0.7100511651342796,10,15,24,23,78,"[849, 2762]",COMPLETE
3908,3908,0.23158395584702163,3.0226752758026123,2021-06-19 16:51:30.427192,2021-06-19 16:51:33.455173,0 days 00:00:03.027981,100,0.7044121314824888,10,9,22,26,78,"[3256, 3100]",COMPLETE
3909,3909,0.23170638627723233,2.5834593772888184,2021-06-19 16:51:33.457937,2021-06-19 16:51:36.046548,0 days 00:00:02.588611,20,0.7492482924832433,10,1,30,26,78,"[880, 3256]",COMPLETE
3910,3910,0.23197115075801836,2.9193320274353027,2021-06-19 16:51:36.049265,2021-06-19 16:51:38.973681,0 days 00:00:02.924416,20,0.7044121314824888,10,9,30,26,78,"[3256, 3307]",COMPLETE
3911,3911,0.22737687122844877,2.639755964279175,2021-06-19 16:51:38.976168,2021-06-19 16:51:41.621619,0 days 00:00:02.645451,10,0.8047024443354969,10,12,30,25,78,"[1745, 1246]",COMPLETE
3912,3912,0.22902928310617654,2.6432368755340576,2021-06-19 16:51:41.624236,2021-06-19 16:51:44.272613,0 days 00:00:02.648377,20,0.775837870117549,10,1,30,24,78,"[1974, 1159]",COMPLETE
3913,3913,0.23180544014819365,2.739851474761963,2021-06-19 16:51:44.275320,2021-06-19 16:51:47.020191,0 days 00:00:02.744871,20,0.7044121314824888,10,9,23,26,78,"[908, 647]",COMPLETE
3914,3914,0.23688235012159703,2.5928478240966797,2021-06-19 16:51:47.022812,2021-06-19 16:51:49.620715,0 days 00:00:02.597903,10,0.7044121314824888,10,1,30,25,78,"[1246, 3814]",COMPLETE
3915,3915,0.23172560441899237,2.668722629547119,2021-06-19 16:51:49.623431,2021-06-19 16:51:52.297573,0 days 00:00:02.674142,20,0.7492482924832433,10,16,23,26,78,"[647, 880]",COMPLETE
3916,3916,0.23336066906818645,2.7152938842773438,2021-06-19 16:51:52.300183,2021-06-19 16:51:55.020636,0 days 00:00:02.720453,20,0.7044121314824888,10,1,30,26,78,"[1135, 2465]",COMPLETE
3917,3917,inf,inf,2021-06-19 16:51:55.023372,2021-06-19 16:51:55.374094,0 days 00:00:00.350722,10,0.5587888602058511,10,9,8,25,78,"[3483, 316]",COMPLETE
3918,3918,0.23309926404365688,2.6358397006988525,2021-06-19 16:51:55.379099,2021-06-19 16:51:58.028858,0 days 00:00:02.649759,20,0.8033837607322727,10,8,23,26,78,"[647, 900]",COMPLETE
3919,3919,0.29559087303519566,2.9497177600860596,2021-06-19 16:51:58.031553,2021-06-19 16:52:00.986610,0 days 00:00:02.955057,20,0.7044121314824888,8,9,30,3,78,"[2960, 3256]",COMPLETE
3920,3920,0.23603759940247285,2.604189395904541,2021-06-19 16:52:00.989369,2021-06-19 16:52:03.598667,0 days 00:00:02.609298,20,0.6325792459865935,10,1,8,25,78,"[1735, 316]",COMPLETE
3921,3921,0.22855470220552462,2.8035004138946533,2021-06-19 16:52:03.601154,2021-06-19 16:52:06.410332,0 days 00:00:02.809178,20,0.7044121314824888,10,11,30,25,78,"[3100, 880]",COMPLETE
3922,3922,0.23959449132570962,2.580838203430176,2021-06-19 16:52:06.413139,2021-06-19 16:52:08.999106,0 days 00:00:02.585967,10,0.7044121314824888,10,1,9,22,78,"[745, 3195]",COMPLETE
3923,3923,0.23116934440683176,2.6572744846343994,2021-06-19 16:52:09.001620,2021-06-19 16:52:11.664230,0 days 00:00:02.662610,20,0.7044121314824888,10,15,24,25,78,"[2762, 3100]",COMPLETE
3924,3924,0.23103003561559468,2.7803542613983154,2021-06-19 16:52:11.666936,2021-06-19 16:52:14.452286,0 days 00:00:02.785350,20,0.7044121314824888,10,1,28,25,78,"[1159, 2659]",COMPLETE
3925,3925,0.24127048865630943,2.6018881797790527,2021-06-19 16:52:14.454890,2021-06-19 16:52:17.061858,0 days 00:00:02.606968,20,0.8047024443354969,10,9,30,20,78,"[2229, 3307]",COMPLETE
3926,3926,0.23228728587606784,2.7016611099243164,2021-06-19 16:52:17.064627,2021-06-19 16:52:19.771541,0 days 00:00:02.706914,20,0.8047024443354969,10,12,23,25,78,"[647, 1735]",COMPLETE
3927,3927,0.22819446213512154,2.822227954864502,2021-06-19 16:52:19.774291,2021-06-19 16:52:22.602198,0 days 00:00:02.827907,80,0.775837870117549,10,9,30,25,78,"[2991, 1244]",COMPLETE
3928,3928,0.23984892041459174,2.6180732250213623,2021-06-19 16:52:22.604964,2021-06-19 16:52:25.228237,0 days 00:00:02.623273,20,0.8501077544634066,10,1,30,23,78,"[3100, 1389]",COMPLETE
3929,3929,0.23692968945055284,2.743875026702881,2021-06-19 16:52:25.230846,2021-06-19 16:52:27.980022,0 days 00:00:02.749176,20,0.6238976321159342,10,1,27,26,78,"[3100, 3307]",COMPLETE
3930,3930,0.2353012918374755,2.60312819480896,2021-06-19 16:52:27.982700,2021-06-19 16:52:30.591489,0 days 00:00:02.608789,20,0.8093322918344414,10,1,24,25,78,"[2209, 1735]",COMPLETE
3931,3931,0.2518958849384088,2.954082489013672,2021-06-19 16:52:30.594035,2021-06-19 16:52:33.553255,0 days 00:00:02.959220,20,0.775837870117549,7,9,30,26,78,"[2991, 3256]",COMPLETE
3932,3932,0.2658696766984951,2.798285961151123,2021-06-19 16:52:33.555968,2021-06-19 16:52:36.359251,0 days 00:00:02.803283,20,0.7044121314824888,10,13,2,14,78,"[1205, 1205]",COMPLETE
3933,3933,inf,inf,2021-06-19 16:52:36.361660,2021-06-19 16:52:36.522782,0 days 00:00:00.161122,20,0.30898783762041865,10,9,0,26,78,"[2963, 3260]",COMPLETE
3934,3934,0.2345256709068733,2.5923922061920166,2021-06-19 16:52:36.539530,2021-06-19 16:52:39.146804,0 days 00:00:02.607274,10,0.7492482924832433,10,1,16,25,78,"[3511, 1028]",COMPLETE
3935,3935,0.2338381234298736,2.7738215923309326,2021-06-19 16:52:39.149599,2021-06-19 16:52:41.928466,0 days 00:00:02.778867,10,0.7492482924832433,10,1,30,26,78,"[2963, 1897]",COMPLETE
3936,3936,0.22953942149063325,2.647590160369873,2021-06-19 16:52:41.931166,2021-06-19 16:52:44.584086,0 days 00:00:02.652920,20,0.7044121314824888,10,11,30,26,78,"[1218, 2465]",COMPLETE
3937,3937,inf,inf,2021-06-19 16:52:44.586790,2021-06-19 16:52:44.785110,0 days 00:00:00.198320,40,0.43258940924315664,10,9,30,10,78,"[2862, 3760]",COMPLETE
3938,3938,0.23109472507177364,2.7704579830169678,2021-06-19 16:52:44.789060,2021-06-19 16:52:47.587170,0 days 00:00:02.798110,20,0.775837870117549,10,1,30,25,78,"[1159, 2991]",COMPLETE
3939,3939,0.232195927821187,2.627136468887329,2021-06-19 16:52:47.589846,2021-06-19 16:52:50.221976,0 days 00:00:02.632130,20,0.7492482924832433,10,1,30,25,78,"[1735, 1135]",COMPLETE
3940,3940,0.23994914108421472,2.6067895889282227,2021-06-19 16:52:50.224765,2021-06-19 16:52:52.836830,0 days 00:00:02.612065,20,0.7044121314824888,10,9,15,22,78,"[2486, 1389]",COMPLETE
3941,3941,inf,inf,2021-06-19 16:52:52.839565,2021-06-19 16:52:52.986572,0 days 00:00:00.147007,20,0.40557965434964777,10,1,30,24,78,"[1389, 1159]",COMPLETE
3942,3942,0.23406404064490782,2.821683645248413,2021-06-19 16:52:52.990614,2021-06-19 16:52:55.822483,0 days 00:00:02.831869,20,0.8047024443354969,10,8,24,25,78,"[3100, 1312]",COMPLETE
3943,3943,0.23238211489302596,2.529920816421509,2021-06-19 16:52:55.825003,2021-06-19 16:52:58.359773,0 days 00:00:02.534770,20,0.8047024443354969,10,1,24,25,78,"[1312, 1312]",COMPLETE
3944,3944,0.2324242388180594,2.7876546382904053,2021-06-19 16:52:58.362477,2021-06-19 16:53:01.155250,0 days 00:00:02.792773,20,0.7044121314824888,10,8,30,25,78,"[2209, 3195]",COMPLETE
3945,3945,0.28726855625023656,3.0124824047088623,2021-06-19 16:53:01.157900,2021-06-19 16:53:04.175474,0 days 00:00:03.017574,20,0.7044121314824888,6,9,30,9,78,"[1244, 1244]",COMPLETE
3946,3946,0.2910496179136119,3.7687177658081055,2021-06-19 16:53:04.178156,2021-06-19 16:53:07.952055,0 days 00:00:03.773899,20,0.7044121314824888,3,9,30,26,78,"[2960, 2486]",COMPLETE
3947,3947,0.2466586622376432,2.6978132724761963,2021-06-19 16:53:07.954772,2021-06-19 16:53:10.657890,0 days 00:00:02.703118,10,0.6689645099577607,10,1,0,22,78,"[316, 745]",COMPLETE
3948,3948,0.22971310454181737,2.5662944316864014,2021-06-19 16:53:10.660691,2021-06-19 16:53:13.232110,0 days 00:00:02.571419,20,0.8047024443354969,10,1,23,25,78,"[1745, 2078]",COMPLETE
3949,3949,0.23453105537978808,2.557302713394165,2021-06-19 16:53:13.234661,2021-06-19 16:53:15.797112,0 days 00:00:02.562451,20,0.7492482924832433,10,1,23,25,78,"[2465, 1735]",COMPLETE
3950,3950,0.3135872274762462,2.7162129878997803,2021-06-19 16:53:15.799771,2021-06-19 16:53:18.568630,0 days 00:00:02.768859,10,0.7044121314824888,10,1,11,2,79,"[3105, 1205]",COMPLETE
3951,3951,0.23522109984648212,2.669222354888916,2021-06-19 16:53:18.571360,2021-06-19 16:53:21.245852,0 days 00:00:02.674492,20,0.8777510963294475,10,1,30,25,79,"[2991, 2659]",COMPLETE
3952,3952,0.23266936250621653,2.7003915309906006,2021-06-19 16:53:21.248539,2021-06-19 16:53:23.953983,0 days 00:00:02.705444,40,0.7492482924832433,10,1,30,25,79,"[1735, 3760]",COMPLETE
3953,3953,0.30563431858455964,2.5483767986297607,2021-06-19 16:53:23.956719,2021-06-19 16:53:26.510432,0 days 00:00:02.553713,20,0.7044121314824888,10,1,0,5,79,"[1929, 1006]",COMPLETE
3954,3954,0.2290900483961281,2.6332945823669434,2021-06-19 16:53:26.513126,2021-06-19 16:53:29.151497,0 days 00:00:02.638371,20,0.7044121314824888,10,9,30,25,79,"[2960, 2862]",COMPLETE
3955,3955,0.24909382347881817,3.101569175720215,2021-06-19 16:53:29.154242,2021-06-19 16:53:32.261087,0 days 00:00:03.106845,20,0.7044121314824888,7,9,30,25,79,"[1244, 2960]",COMPLETE
3956,3956,0.3089316702126834,5.4747350215911865,2021-06-19 16:53:32.263826,2021-06-19 16:53:37.743904,0 days 00:00:05.480078,10,0.7492482924832433,1,1,30,25,79,"[3664, 1028]",COMPLETE
3957,3957,0.23437481779206804,2.8432960510253906,2021-06-19 16:53:37.746602,2021-06-19 16:53:40.595022,0 days 00:00:02.848420,100,0.7044121314824888,10,1,30,25,79,"[3260, 3483]",COMPLETE
3958,3958,0.2990393931579035,4.464519262313843,2021-06-19 16:53:40.597824,2021-06-19 16:53:45.067814,0 days 00:00:04.469990,20,0.7044121314824888,2,9,30,26,79,"[1218, 1218]",COMPLETE
3959,3959,0.44881517497713946,8.938131332397461,2021-06-19 16:53:45.070351,2021-06-19 16:53:54.013726,0 days 00:00:08.943375,20,0.7044121314824888,0,1,24,2,79,"[2762, 1135]",COMPLETE
3960,3960,0.23794654868367246,2.786346435546875,2021-06-19 16:53:54.016375,2021-06-19 16:53:56.807768,0 days 00:00:02.791393,10,0.603627004462215,10,10,8,25,79,"[316, 316]",COMPLETE
3961,3961,0.23604700483489022,2.643921375274658,2021-06-19 16:53:56.810588,2021-06-19 16:53:59.460094,0 days 00:00:02.649506,20,0.7044121314824888,10,9,30,25,79,"[1244, 2963]",COMPLETE
3962,3962,0.2641765325420924,3.2093896865844727,2021-06-19 16:53:59.462765,2021-06-19 16:54:02.677523,0 days 00:00:03.214758,20,0.7044121314824888,6,9,23,25,79,"[1929, 3664]",COMPLETE
3963,3963,0.29825349687004066,2.600268840789795,2021-06-19 16:54:02.680279,2021-06-19 16:54:05.285990,0 days 00:00:02.605711,0,0.7044121314824888,10,1,2,6,79,"[3664, 1205]",COMPLETE
3964,3964,0.23114010679068117,2.568591356277466,2021-06-19 16:54:05.288632,2021-06-19 16:54:07.862253,0 days 00:00:02.573621,20,0.7044121314824888,10,1,30,25,79,"[2063, 3483]",COMPLETE
3965,3965,inf,inf,2021-06-19 16:54:07.864951,2021-06-19 16:54:08.401364,0 days 00:00:00.536413,60,0.5716778235214106,10,15,30,25,79,"[3760, 880]",COMPLETE
3966,3966,0.24289815766349898,2.8455116748809814,2021-06-19 16:54:08.405949,2021-06-19 16:54:11.269343,0 days 00:00:02.863394,60,0.775837870117549,9,1,0,26,79,"[411, 1974]",COMPLETE
3967,3967,0.23223233909579297,2.8046352863311768,2021-06-19 16:54:11.272020,2021-06-19 16:54:14.081966,0 days 00:00:02.809946,100,0.7044121314824888,10,16,30,25,79,"[1246, 1218]",COMPLETE
3968,3968,0.23612005102646091,2.7056992053985596,2021-06-19 16:54:14.084579,2021-06-19 16:54:16.795409,0 days 00:00:02.710830,20,0.7044121314824888,10,1,30,26,79,"[3307, 1006]",COMPLETE
