,number,values_0,values_1,datetime_start,datetime_complete,duration,params_checks,params_n_ratio,params_nskip,params_trees,params_w1,params_w2,system_attrs_nsga2:generation,system_attrs_nsga2:parents,state
1346,1346,0.23687989322502756,2.568716287612915,2021-06-19 14:27:54.074930,2021-06-19 14:27:56.645660,0 days 00:00:02.570730,20,0.7044121314824888,10,5,30,24,26,"[1044, 1044]",COMPLETE
1347,1347,0.23301897380221254,2.5932538509368896,2021-06-19 14:27:56.647257,2021-06-19 14:27:59.242669,0 days 00:00:02.595412,20,0.7044121314824888,10,4,23,26,26,"[912, 1219]",COMPLETE
1348,1348,0.22791801764861105,2.7582926750183105,2021-06-19 14:27:59.244334,2021-06-19 14:28:02.004795,0 days 00:00:02.760461,10,0.7492482924832433,10,9,23,26,26,"[960, 877]",COMPLETE
1349,1349,0.22930464928056551,2.6123971939086914,2021-06-19 14:28:02.006455,2021-06-19 14:28:04.621095,0 days 00:00:02.614640,20,0.7044121314824888,10,9,23,26,26,"[1288, 647]",COMPLETE
1350,1350,0.2332439388475872,2.699167251586914,2021-06-19 14:28:04.622808,2021-06-19 14:28:07.378195,0 days 00:00:02.755387,10,0.8047024443354969,10,1,28,26,27,"[1028, 647]",COMPLETE
1351,1351,0.24081274732844032,2.5536646842956543,2021-06-19 14:28:07.379924,2021-06-19 14:28:09.936114,0 days 00:00:02.556190,10,0.7198367246023161,10,1,8,26,27,"[316, 1016]",COMPLETE
1352,1352,0.2522120581722833,3.0092647075653076,2021-06-19 14:28:09.937685,2021-06-19 14:28:12.949401,0 days 00:00:03.011716,20,0.8047024443354969,7,10,23,26,27,"[1275, 647]",COMPLETE
1353,1353,0.23209474151399212,2.57951283454895,2021-06-19 14:28:12.951114,2021-06-19 14:28:15.533052,0 days 00:00:02.581938,100,0.7044121314824888,10,1,30,25,27,"[993, 1135]",COMPLETE
1354,1354,0.2285612265931871,2.7387571334838867,2021-06-19 14:28:15.534683,2021-06-19 14:28:18.275902,0 days 00:00:02.741219,20,0.7044121314824888,10,5,30,26,27,"[1244, 912]",COMPLETE
1355,1355,0.29755220820022193,4.267010450363159,2021-06-19 14:28:18.277484,2021-06-19 14:28:22.547045,0 days 00:00:04.269561,20,0.8047024443354969,2,1,23,26,27,"[647, 1160]",COMPLETE
1356,1356,0.23124852024263765,2.686756134033203,2021-06-19 14:28:22.548821,2021-06-19 14:28:25.237762,0 days 00:00:02.688941,20,0.7044121314824888,10,1,26,26,27,"[411, 990]",COMPLETE
1357,1357,0.2322858034079363,2.5466737747192383,2021-06-19 14:28:25.239470,2021-06-19 14:28:27.788461,0 days 00:00:02.548991,10,0.7044121314824888,10,1,29,26,27,"[1288, 938]",COMPLETE
1358,1358,0.2307963665538191,2.5744173526763916,2021-06-19 14:28:27.790058,2021-06-19 14:28:30.366768,0 days 00:00:02.576710,20,0.7044121314824888,10,12,23,26,27,"[1219, 1135]",COMPLETE
1359,1359,0.24297600142257056,3.020426034927368,2021-06-19 14:28:30.368147,2021-06-19 14:28:33.390969,0 days 00:00:03.022822,20,0.9731013682434122,10,1,9,27,27,"[905, 1135]",COMPLETE
1360,1360,0.2884985432862086,3.977872848510742,2021-06-19 14:28:33.392956,2021-06-19 14:28:37.373306,0 days 00:00:03.980350,100,0.7044121314824888,3,9,14,26,27,"[1218, 905]",COMPLETE
1361,1361,0.2360113975954037,2.706573009490967,2021-06-19 14:28:37.374819,2021-06-19 14:28:40.083780,0 days 00:00:02.708961,20,0.7492482924832433,10,1,23,24,27,"[1133, 488]",COMPLETE
1362,1362,0.2348841349317308,2.6372649669647217,2021-06-19 14:28:40.085488,2021-06-19 14:28:42.724981,0 days 00:00:02.639493,20,0.7039382016603601,10,7,24,26,27,"[175, 1046]",COMPLETE
1363,1363,0.23938303038482414,2.6944069862365723,2021-06-19 14:28:42.726514,2021-06-19 14:28:45.423499,0 days 00:00:02.696985,20,0.7492482924832433,10,1,8,26,27,"[1130, 900]",COMPLETE
1364,1364,0.23383026515233074,2.6131033897399902,2021-06-19 14:28:45.425271,2021-06-19 14:28:48.040808,0 days 00:00:02.615537,10,0.7044121314824888,10,6,23,26,27,"[903, 553]",COMPLETE
1365,1365,0.3112446872768694,2.616379976272583,2021-06-19 14:28:48.042410,2021-06-19 14:28:50.661286,0 days 00:00:02.618876,20,0.7044121314824888,10,7,1,5,27,"[1028, 1016]",COMPLETE
1366,1366,0.22876117280775946,2.7227468490600586,2021-06-19 14:28:50.662721,2021-06-19 14:28:53.387724,0 days 00:00:02.725003,20,0.7044121314824888,10,1,30,25,27,"[1046, 840]",COMPLETE
1367,1367,0.23436601047491068,2.55975079536438,2021-06-19 14:28:53.389168,2021-06-19 14:28:55.951318,0 days 00:00:02.562150,20,0.5920251892483426,10,1,22,25,27,"[511, 1223]",COMPLETE
1368,1368,0.2921682501531613,2.8220577239990234,2021-06-19 14:28:55.953033,2021-06-19 14:28:58.777483,0 days 00:00:02.824450,20,0.6612865583560659,10,9,23,4,27,"[758, 647]",COMPLETE
1369,1369,0.23278216476263247,2.6194400787353516,2021-06-19 14:28:58.779159,2021-06-19 14:29:01.400910,0 days 00:00:02.621751,80,0.7044121314824888,10,1,23,26,27,"[553, 1006]",COMPLETE
1370,1370,inf,inf,2021-06-19 14:29:01.402623,2021-06-19 14:29:01.776197,0 days 00:00:00.373574,20,0.48561468794729146,7,1,30,26,27,"[993, 900]",COMPLETE
1371,1371,inf,inf,2021-06-19 14:29:01.780582,2021-06-19 14:29:02.139911,0 days 00:00:00.359329,20,0.47634211391103115,10,1,30,26,27,"[1159, 1046]",COMPLETE
1372,1372,0.322610475614752,9.687741994857788,2021-06-19 14:29:02.142296,2021-06-19 14:29:11.834372,0 days 00:00:09.692076,30,0.7492482924832433,0,9,30,26,27,"[1175, 993]",COMPLETE
1373,1373,0.24994911107848675,2.5931637287139893,2021-06-19 14:29:11.836100,2021-06-19 14:29:14.431840,0 days 00:00:02.595740,10,0.8047024443354969,10,1,30,15,27,"[1312, 1246]",COMPLETE
1374,1374,0.27233607291119083,3.210745096206665,2021-06-19 14:29:14.433559,2021-06-19 14:29:17.646628,0 days 00:00:03.213069,20,0.7044121314824888,5,1,24,26,27,"[1312, 1133]",COMPLETE
1375,1375,0.2715133514760051,2.608668565750122,2021-06-19 14:29:17.647986,2021-06-19 14:29:20.258981,0 days 00:00:02.610995,90,0.7039382016603601,10,4,24,14,27,"[1205, 912]",COMPLETE
1376,1376,0.29099699758935677,4.936434507369995,2021-06-19 14:29:20.260698,2021-06-19 14:29:25.199690,0 days 00:00:04.938992,60,0.92427642440521,2,13,30,25,27,"[990, 1275]",COMPLETE
1377,1377,0.25059345662876614,3.463616371154785,2021-06-19 14:29:25.201166,2021-06-19 14:29:28.667191,0 days 00:00:03.466025,80,0.9922125433188711,7,9,30,25,27,"[1244, 1244]",COMPLETE
1378,1378,0.2312222880371373,2.7280406951904297,2021-06-19 14:29:28.668942,2021-06-19 14:29:31.399343,0 days 00:00:02.730401,10,0.8047024443354969,10,1,22,26,27,"[849, 647]",COMPLETE
1379,1379,0.229369506447551,2.5899465084075928,2021-06-19 14:29:31.400853,2021-06-19 14:29:33.993051,0 days 00:00:02.592198,20,0.7044121314824888,10,9,26,26,27,"[411, 758]",COMPLETE
1380,1380,0.23369741685429724,2.7550764083862305,2021-06-19 14:29:33.994785,2021-06-19 14:29:36.752085,0 days 00:00:02.757300,20,0.7044121314824888,10,9,30,25,27,"[1244, 1135]",COMPLETE
1381,1381,0.23045868421755902,2.5661826133728027,2021-06-19 14:29:36.753355,2021-06-19 14:29:39.321795,0 days 00:00:02.568440,20,0.7044121314824888,10,1,24,26,27,"[759, 1160]",COMPLETE
1382,1382,0.23136298506114486,2.60876727104187,2021-06-19 14:29:39.323530,2021-06-19 14:29:41.934590,0 days 00:00:02.611060,20,0.7044121314824888,10,9,30,26,27,"[877, 647]",COMPLETE
1383,1383,0.23195788485026972,2.7095091342926025,2021-06-19 14:29:41.936218,2021-06-19 14:29:44.647949,0 days 00:00:02.711731,20,0.7044121314824888,10,1,24,25,27,"[1280, 1244]",COMPLETE
1384,1384,0.23384080692118048,2.549191474914551,2021-06-19 14:29:44.649530,2021-06-19 14:29:47.201048,0 days 00:00:02.551518,20,0.7044121314824888,10,1,30,25,27,"[1218, 1006]",COMPLETE
1385,1385,0.2323207396667737,2.713841676712036,2021-06-19 14:29:47.202449,2021-06-19 14:29:49.918487,0 days 00:00:02.716038,20,0.7039382016603601,10,7,24,26,27,"[175, 759]",COMPLETE
1386,1386,0.2423750154653994,2.7245635986328125,2021-06-19 14:29:49.919803,2021-06-19 14:29:52.646967,0 days 00:00:02.727164,20,0.7492482924832433,10,15,24,20,27,"[900, 1044]",COMPLETE
1387,1387,0.23682719985892361,2.650545835494995,2021-06-19 14:29:52.648271,2021-06-19 14:29:55.301208,0 days 00:00:02.652937,20,0.7044121314824888,10,1,8,26,27,"[316, 759]",COMPLETE
1388,1388,0.231690356092775,2.6858057975769043,2021-06-19 14:29:55.302923,2021-06-19 14:29:57.990954,0 days 00:00:02.688031,20,0.7044121314824888,10,9,22,26,27,"[511, 553]",COMPLETE
1389,1389,0.2291040979177041,2.5005784034729004,2021-06-19 14:29:57.992713,2021-06-19 14:30:00.495626,0 days 00:00:02.502913,10,0.7492482924832433,10,1,30,25,27,"[1028, 553]",COMPLETE
1390,1390,0.293276705559933,2.901911973953247,2021-06-19 14:30:00.496924,2021-06-19 14:30:03.401283,0 days 00:00:02.904359,20,0.8965969245294325,10,9,30,2,27,"[1244, 877]",COMPLETE
1391,1391,0.23310965882715687,2.5826969146728516,2021-06-19 14:30:03.402569,2021-06-19 14:30:05.987866,0 days 00:00:02.585297,20,0.7044121314824888,10,4,30,26,27,"[1044, 908]",COMPLETE
1392,1392,0.23084925160135641,2.7648682594299316,2021-06-19 14:30:05.989609,2021-06-19 14:30:08.756822,0 days 00:00:02.767213,20,0.7044121314824888,10,9,23,26,27,"[1258, 1288]",COMPLETE
1393,1393,0.23205093413107608,2.591155529022217,2021-06-19 14:30:08.758106,2021-06-19 14:30:11.351364,0 days 00:00:02.593258,20,0.7044121314824888,10,1,30,25,27,"[1006, 1006]",COMPLETE
1394,1394,0.2397344104979275,2.709916830062866,2021-06-19 14:30:11.352808,2021-06-19 14:30:14.065260,0 days 00:00:02.712452,10,0.7044121314824888,10,4,30,22,27,"[1223, 938]",COMPLETE
1395,1395,0.23014989405772907,2.6452062129974365,2021-06-19 14:30:14.066650,2021-06-19 14:30:16.714134,0 days 00:00:02.647484,20,0.7044121314824888,10,9,30,26,27,"[903, 877]",COMPLETE
1396,1396,0.23215758730775124,2.7465481758117676,2021-06-19 14:30:16.715416,2021-06-19 14:30:19.464213,0 days 00:00:02.748797,10,0.7492482924832433,10,1,24,25,27,"[938, 900]",COMPLETE
1397,1397,inf,inf,2021-06-19 14:30:19.465929,2021-06-19 14:30:19.595333,0 days 00:00:00.129404,20,0.3552893744435365,7,1,23,25,27,"[411, 1344]",COMPLETE
1398,1398,0.23644170930570438,2.623135566711426,2021-06-19 14:30:19.598009,2021-06-19 14:30:22.225711,0 days 00:00:02.627702,20,0.7492482924832433,10,1,14,25,27,"[990, 900]",COMPLETE
1399,1399,0.3137215973373084,5.630489826202393,2021-06-19 14:30:22.227349,2021-06-19 14:30:27.860253,0 days 00:00:05.632904,20,0.7039382016603601,1,1,24,26,27,"[175, 900]",COMPLETE
1400,1400,0.23590549322115892,2.565371513366699,2021-06-19 14:30:27.861943,2021-06-19 14:31:45.158017,0 days 00:01:17.296074,20,0.8047024443354969,10,1,13,26,28,"[993, 1280]",COMPLETE
1401,1401,0.23304219142542293,2.610302448272705,2021-06-19 14:31:45.160663,2021-06-19 14:31:47.773512,0 days 00:00:02.612849,10,0.7044121314824888,10,5,30,24,28,"[1246, 1044]",COMPLETE
1402,1402,0.23962446283577496,2.7165706157684326,2021-06-19 14:31:47.775258,2021-06-19 14:31:50.494347,0 days 00:00:02.719089,10,0.7492482924832433,10,1,9,25,28,"[556, 488]",COMPLETE
1403,1403,inf,inf,2021-06-19 14:31:50.496023,2021-06-19 14:31:50.665358,0 days 00:00:00.169335,20,0.3708208182180225,10,1,8,25,28,"[1135, 316]",COMPLETE
1404,1404,0.23304569080026585,2.6237287521362305,2021-06-19 14:31:50.669762,2021-06-19 14:31:53.297824,0 days 00:00:02.628062,20,0.7044121314824888,10,9,30,25,28,"[1244, 1244]",COMPLETE
1405,1405,0.3656336579664762,2.6880762577056885,2021-06-19 14:31:53.299500,2021-06-19 14:31:55.990031,0 days 00:00:02.690531,20,0.6415492259649922,10,5,22,0,28,"[1044, 849]",COMPLETE
1406,1406,0.23195213388801658,2.6660947799682617,2021-06-19 14:31:55.991650,2021-06-19 14:31:58.659797,0 days 00:00:02.668147,20,0.7044121314824888,10,9,30,25,28,"[1244, 1244]",COMPLETE
1407,1407,0.23228632090562754,2.692168712615967,2021-06-19 14:31:58.661553,2021-06-19 14:32:01.356219,0 days 00:00:02.694666,20,0.8047024443354969,10,1,30,25,28,"[1006, 1312]",COMPLETE
1408,1408,inf,inf,2021-06-19 14:32:01.357893,2021-06-19 14:32:01.697722,0 days 00:00:00.339829,20,0.4803747019826763,10,1,9,22,28,"[1118, 745]",COMPLETE
1409,1409,0.23566959206287094,2.6106717586517334,2021-06-19 14:32:01.699831,2021-06-19 14:32:04.314980,0 days 00:00:02.615149,20,0.7044121314824888,10,1,17,24,28,"[1159, 877]",COMPLETE
1410,1410,0.23245626799266392,2.7153592109680176,2021-06-19 14:32:04.316767,2021-06-19 14:32:07.034401,0 days 00:00:02.717634,10,0.7492482924832433,10,1,23,26,28,"[1133, 880]",COMPLETE
1411,1411,0.3141843987031752,2.635197639465332,2021-06-19 14:32:07.036141,2021-06-19 14:32:09.674054,0 days 00:00:02.637913,10,0.7492482924832433,10,9,3,3,28,"[877, 880]",COMPLETE
1412,1412,inf,inf,2021-06-19 14:32:09.675810,2021-06-19 14:32:09.965607,0 days 00:00:00.289797,20,0.48681663611396414,9,1,18,26,28,"[1133, 1288]",COMPLETE
1413,1413,0.2848987883704259,2.7021193504333496,2021-06-19 14:32:09.974830,2021-06-19 14:32:12.681270,0 days 00:00:02.706440,10,0.7044121314824888,10,5,5,10,28,"[880, 1044]",COMPLETE
1414,1414,0.2890837261432595,3.350820302963257,2021-06-19 14:32:12.682611,2021-06-19 14:32:16.035864,0 days 00:00:03.353253,20,0.7492482924832433,4,1,30,26,28,"[1133, 1175]",COMPLETE
1415,1415,0.22746503134493143,2.6236989498138428,2021-06-19 14:32:16.037618,2021-06-19 14:32:18.663585,0 days 00:00:02.625967,20,0.7044121314824888,10,9,30,26,28,"[374, 1175]",COMPLETE
1416,1416,0.22730577845792446,2.6773312091827393,2021-06-19 14:32:18.665216,2021-06-19 14:32:21.344909,0 days 00:00:02.679693,20,0.8047024443354969,10,1,30,25,28,"[840, 1275]",COMPLETE
1417,1417,0.23848282884390568,2.5868160724639893,2021-06-19 14:32:21.346603,2021-06-19 14:32:23.935884,0 days 00:00:02.589281,20,0.7044121314824888,10,11,9,27,28,"[556, 905]",COMPLETE
1418,1418,0.23741732504534124,2.7677419185638428,2021-06-19 14:32:23.937460,2021-06-19 14:32:26.707424,0 days 00:00:02.769964,10,0.7492482924832433,9,1,30,25,28,"[1389, 1389]",COMPLETE
1419,1419,inf,inf,2021-06-19 14:32:26.709037,2021-06-19 14:32:27.034383,0 days 00:00:00.325346,20,0.48200402198919556,10,7,30,25,28,"[1320, 1135]",COMPLETE
1420,1420,0.2308278239808581,2.6072795391082764,2021-06-19 14:32:27.037106,2021-06-19 14:32:29.654956,0 days 00:00:02.617850,20,0.7044121314824888,10,4,30,26,28,"[912, 1046]",COMPLETE
1421,1421,0.23214099749337858,2.7550618648529053,2021-06-19 14:32:29.656264,2021-06-19 14:32:32.413599,0 days 00:00:02.757335,10,0.7492482924832433,10,1,30,25,28,"[1389, 511]",COMPLETE
1422,1422,inf,inf,2021-06-19 14:32:32.414985,2021-06-19 14:32:32.646195,0 days 00:00:00.231210,20,0.3505504276989774,10,9,23,5,28,"[1344, 1275]",COMPLETE
1423,1423,0.2722944157609255,2.655597686767578,2021-06-19 14:32:32.648754,2021-06-19 14:32:35.308946,0 days 00:00:02.660192,20,0.775837870117549,10,9,23,12,28,"[553, 1275]",COMPLETE
1424,1424,0.24157586649691395,2.783297538757324,2021-06-19 14:32:35.310284,2021-06-19 14:32:38.096339,0 days 00:00:02.786055,20,0.7995529133359007,10,9,7,26,28,"[1258, 877]",COMPLETE
1425,1425,0.2500835066909076,2.7806713581085205,2021-06-19 14:32:38.097776,2021-06-19 14:32:40.880858,0 days 00:00:02.783082,20,0.8047024443354969,7,1,24,26,28,"[900, 647]",COMPLETE
1426,1426,0.2340407374889755,2.5588138103485107,2021-06-19 14:32:40.882425,2021-06-19 14:32:43.443556,0 days 00:00:02.561131,20,0.7492482924832433,10,1,23,26,28,"[647, 1028]",COMPLETE
1427,1427,0.27314601173645653,2.71258282661438,2021-06-19 14:32:43.445153,2021-06-19 14:32:46.160149,0 days 00:00:02.714996,20,0.7044121314824888,10,1,30,12,28,"[1244, 840]",COMPLETE
1428,1428,0.23051803433604257,2.77372407913208,2021-06-19 14:32:46.161684,2021-06-19 14:32:48.937787,0 days 00:00:02.776103,20,0.8919666837887759,10,9,26,26,28,"[1288, 411]",COMPLETE
1429,1429,0.2322577264090074,2.6566267013549805,2021-06-19 14:32:48.939310,2021-06-19 14:32:51.598432,0 days 00:00:02.659122,10,0.7044121314824888,10,1,23,26,28,"[1159, 1160]",COMPLETE
1430,1430,0.2453709368258801,2.559083938598633,2021-06-19 14:32:51.600182,2021-06-19 14:32:54.161574,0 days 00:00:02.561392,80,0.7044121314824888,10,1,1,26,28,"[1258, 1258]",COMPLETE
1431,1431,0.2667971558383255,3.033041000366211,2021-06-19 14:32:54.163326,2021-06-19 14:32:57.198829,0 days 00:00:03.035503,20,0.7044121314824888,6,1,4,25,28,"[1246, 1046]",COMPLETE
1432,1432,0.23012420252355822,2.6353464126586914,2021-06-19 14:32:57.200355,2021-06-19 14:32:59.837974,0 days 00:00:02.637619,20,0.7044121314824888,10,1,23,26,28,"[1160, 1205]",COMPLETE
1433,1433,0.2318336039856973,2.6490416526794434,2021-06-19 14:32:59.839539,2021-06-19 14:33:02.491089,0 days 00:00:02.651550,20,0.7039382016603601,10,1,23,26,28,"[912, 1133]",COMPLETE
1434,1434,0.23235743718918764,2.7457287311553955,2021-06-19 14:33:02.492853,2021-06-19 14:33:05.240985,0 days 00:00:02.748132,20,0.7044121314824888,10,9,23,26,28,"[553, 1118]",COMPLETE
1435,1435,0.23164590855903197,2.6215434074401855,2021-06-19 14:33:05.242735,2021-06-19 14:33:07.866701,0 days 00:00:02.623966,80,0.775837870117549,10,1,24,25,28,"[1344, 900]",COMPLETE
1436,1436,0.2437079360449429,2.6688170433044434,2021-06-19 14:33:07.868024,2021-06-19 14:33:10.539281,0 days 00:00:02.671257,10,0.775837870117549,10,1,4,26,28,"[1344, 1130]",COMPLETE
1437,1437,0.23194745486678756,2.607330560684204,2021-06-19 14:33:10.540591,2021-06-19 14:33:13.150235,0 days 00:00:02.609644,90,0.7044121314824888,10,1,30,25,28,"[1135, 1135]",COMPLETE
1438,1438,0.24857576213288501,2.853365659713745,2021-06-19 14:33:13.151881,2021-06-19 14:33:16.007679,0 days 00:00:02.855798,20,0.629201349454404,8,1,30,25,28,"[511, 1006]",COMPLETE
1439,1439,0.22981605254569343,2.5852420330047607,2021-06-19 14:33:16.009415,2021-06-19 14:33:18.596915,0 days 00:00:02.587500,20,0.775837870117549,10,9,30,25,28,"[1275, 1118]",COMPLETE
1440,1440,0.23892635145727842,2.6006059646606445,2021-06-19 14:33:18.598630,2021-06-19 14:33:21.201508,0 days 00:00:02.602878,20,0.7044121314824888,10,9,9,25,28,"[905, 1244]",COMPLETE
1441,1441,0.2387526391475827,2.717780828475952,2021-06-19 14:33:21.203258,2021-06-19 14:33:23.923509,0 days 00:00:02.720251,20,0.7044121314824888,10,6,9,27,28,"[905, 877]",COMPLETE
1442,1442,0.23226897039917693,2.627922534942627,2021-06-19 14:33:23.925292,2021-06-19 14:33:26.555496,0 days 00:00:02.630204,10,0.7492482924832433,10,9,30,22,28,"[745, 1175]",COMPLETE
1443,1443,0.23431241443885117,2.729033946990967,2021-06-19 14:33:26.557273,2021-06-19 14:33:29.288539,0 days 00:00:02.731266,20,0.7044121314824888,10,9,16,26,28,"[1288, 1288]",COMPLETE
1444,1444,0.23186905040004996,2.5685222148895264,2021-06-19 14:33:29.289839,2021-06-19 14:33:31.860801,0 days 00:00:02.570962,70,0.7044121314824888,10,1,30,24,28,"[1135, 1044]",COMPLETE
1445,1445,0.24037810828827566,2.7347283363342285,2021-06-19 14:33:31.862118,2021-06-19 14:33:34.599499,0 days 00:00:02.737381,0,0.7044121314824888,10,9,30,26,28,"[1016, 1244]",COMPLETE
1446,1446,0.23037364770123644,2.723503351211548,2021-06-19 14:33:34.600809,2021-06-19 14:33:37.326576,0 days 00:00:02.725767,20,0.775837870117549,10,9,30,25,28,"[1275, 511]",COMPLETE
1447,1447,0.2631487659844101,2.973970413208008,2021-06-19 14:33:37.327881,2021-06-19 14:33:40.304432,0 days 00:00:02.976551,20,0.775837870117549,7,9,30,21,28,"[1118, 1118]",COMPLETE
1448,1448,0.29459920150311925,4.395196914672852,2021-06-19 14:33:40.305842,2021-06-19 14:33:44.703650,0 days 00:00:04.397808,30,0.7044121314824888,2,9,4,26,28,"[877, 553]",COMPLETE
1449,1449,0.23265864692142124,2.602806568145752,2021-06-19 14:33:44.704975,2021-06-19 14:33:47.310042,0 days 00:00:02.605067,40,0.775837870117549,10,1,23,25,28,"[1344, 1344]",COMPLETE
1450,1450,0.23397171443645795,2.692887306213379,2021-06-19 14:33:47.311360,2021-06-19 14:33:50.060390,0 days 00:00:02.749030,30,0.7044121314824888,10,1,18,26,29,"[908, 1046]",COMPLETE
1451,1451,0.22983917717515287,2.578772783279419,2021-06-19 14:33:50.062162,2021-06-19 14:33:52.643304,0 days 00:00:02.581142,20,0.775837870117549,10,1,24,25,29,"[1344, 1280]",COMPLETE
1452,1452,0.2570549135800063,3.0603742599487305,2021-06-19 14:33:52.644994,2021-06-19 14:33:55.707856,0 days 00:00:03.062862,60,0.7492482924832433,6,1,30,26,29,"[900, 1016]",COMPLETE
1453,1453,0.3132873052705412,4.328739643096924,2021-06-19 14:33:55.709353,2021-06-19 14:34:00.040628,0 days 00:00:04.331275,20,0.8047024443354969,2,1,22,9,29,"[1312, 990]",COMPLETE
1454,1454,0.25151247826206274,3.0437204837799072,2021-06-19 14:34:00.042367,2021-06-19 14:34:03.088505,0 days 00:00:03.046138,20,0.7044121314824888,7,1,30,25,29,"[1246, 905]",COMPLETE
1455,1455,0.23233378700893673,2.6068010330200195,2021-06-19 14:34:03.090253,2021-06-19 14:34:05.699605,0 days 00:00:02.609352,20,0.7044121314824888,10,9,30,28,29,"[1028, 1218]",COMPLETE
1456,1456,0.24170946276333866,2.614265203475952,2021-06-19 14:34:05.701306,2021-06-19 14:34:08.317846,0 days 00:00:02.616540,20,0.7492482924832433,10,1,9,22,29,"[745, 1205]",COMPLETE
1457,1457,inf,inf,2021-06-19 14:34:08.319566,2021-06-19 14:34:08.462408,0 days 00:00:00.142842,20,0.3187593929087197,10,1,22,25,29,"[908, 511]",COMPLETE
1458,1458,0.269737654169585,2.761225938796997,2021-06-19 14:34:08.464969,2021-06-19 14:34:11.231634,0 days 00:00:02.766665,20,0.7492482924832433,10,12,9,14,29,"[1205, 556]",COMPLETE
1459,1459,0.23491457298018556,2.5654592514038086,2021-06-19 14:34:11.233415,2021-06-19 14:34:13.801179,0 days 00:00:02.567764,20,0.7492482924832433,10,1,24,25,29,"[1118, 900]",COMPLETE
1460,1460,0.23298428381257544,2.7172186374664307,2021-06-19 14:34:13.802921,2021-06-19 14:34:16.522394,0 days 00:00:02.719473,20,0.7044121314824888,10,4,24,26,29,"[1288, 1288]",COMPLETE
1461,1461,0.23314702820622654,2.538501739501953,2021-06-19 14:34:16.524141,2021-06-19 14:34:19.064776,0 days 00:00:02.540635,20,0.8047024443354969,10,1,23,26,29,"[647, 647]",COMPLETE
1462,1462,0.2437672330803322,2.695267915725708,2021-06-19 14:34:19.066504,2021-06-19 14:34:21.764178,0 days 00:00:02.697674,10,0.7044121314824888,10,1,4,26,29,"[1046, 745]",COMPLETE
1463,1463,0.28645945536727097,3.701629638671875,2021-06-19 14:34:21.765894,2021-06-19 14:34:25.469780,0 days 00:00:03.703886,20,0.7044121314824888,3,1,30,26,29,"[1046, 1046]",COMPLETE
1464,1464,0.23638924299888295,2.5655486583709717,2021-06-19 14:34:25.471537,2021-06-19 14:34:28.039368,0 days 00:00:02.567831,20,0.8047024443354969,10,1,10,25,29,"[840, 840]",COMPLETE
1465,1465,0.24029379622770494,2.722837209701538,2021-06-19 14:34:28.040967,2021-06-19 14:34:30.766299,0 days 00:00:02.725332,10,0.7044121314824888,10,4,17,22,29,"[745, 1223]",COMPLETE
