,number,values_0,values_1,datetime_start,datetime_complete,duration,params_checks,params_n_ratio,params_nskip,params_trees,params_w1,params_w2,system_attrs_nsga2:generation,system_attrs_nsga2:parents,state
1705,1705,0.22718179992410828,2.687987804412842,2021-06-19 14:49:19.084404,2021-06-19 14:49:21.775094,0 days 00:00:02.690690,10,0.7044121314824888,10,2,22,25,34,"[1006, 849]",COMPLETE
1706,1706,0.27601549021576866,2.6200616359710693,2021-06-19 14:49:21.776509,2021-06-19 14:49:24.399233,0 days 00:00:02.622724,20,0.7492482924832433,10,9,24,12,34,"[900, 1288]",COMPLETE
1707,1707,0.23526283803258638,2.679701805114746,2021-06-19 14:49:24.400655,2021-06-19 14:49:27.082964,0 days 00:00:02.682309,20,0.6415492259649922,10,1,22,23,34,"[849, 1006]",COMPLETE
1708,1708,0.23537959301212866,2.6417579650878906,2021-06-19 14:49:27.084373,2021-06-19 14:49:29.728878,0 days 00:00:02.644505,10,0.629201349454404,10,14,30,25,34,"[990, 1652]",COMPLETE
1709,1709,0.24309108299152435,2.7904443740844727,2021-06-19 14:49:29.730285,2021-06-19 14:49:32.523518,0 days 00:00:02.793233,20,0.775837870117549,10,9,30,19,34,"[1415, 1275]",COMPLETE
1710,1710,0.2287617224293285,2.629394292831421,2021-06-19 14:49:32.524982,2021-06-19 14:49:35.157158,0 days 00:00:02.632176,20,0.775837870117549,10,9,30,25,34,"[1118, 1205]",COMPLETE
1711,1711,0.27933194023396346,3.0943102836608887,2021-06-19 14:49:35.158566,2021-06-19 14:49:38.255559,0 days 00:00:03.096993,10,0.7492482924832433,5,1,30,25,34,"[1656, 938]",COMPLETE
1712,1712,0.2340393781306389,2.6824705600738525,2021-06-19 14:49:38.257395,2021-06-19 14:49:40.942403,0 days 00:00:02.685008,20,0.775837870117549,10,1,22,23,34,"[849, 1118]",COMPLETE
1713,1713,0.2300813446481619,2.587143659591675,2021-06-19 14:49:40.944234,2021-06-19 14:49:43.533927,0 days 00:00:02.589693,20,0.8047024443354969,10,1,23,26,34,"[840, 647]",COMPLETE
1714,1714,0.23315327776115302,2.707742929458618,2021-06-19 14:49:43.535314,2021-06-19 14:49:46.245510,0 days 00:00:02.710196,20,0.775837870117549,10,1,23,25,34,"[1344, 1344]",COMPLETE
1715,1715,0.23812475752879145,2.598407030105591,2021-06-19 14:49:46.247329,2021-06-19 14:49:48.848524,0 days 00:00:02.601195,20,0.7044121314824888,10,3,11,25,34,"[1135, 488]",COMPLETE
1716,1716,0.25333712743885417,2.739907741546631,2021-06-19 14:49:48.850232,2021-06-19 14:49:51.592897,0 days 00:00:02.742665,20,0.7044121314824888,10,9,30,19,34,"[908, 903]",COMPLETE
1717,1717,0.3020575810517563,2.599494695663452,2021-06-19 14:49:51.594678,2021-06-19 14:49:54.197004,0 days 00:00:02.602326,20,0.7044121314824888,10,1,10,7,34,"[905, 1244]",COMPLETE
1718,1718,0.23074755804175093,2.606569528579712,2021-06-19 14:49:54.198426,2021-06-19 14:49:56.807749,0 days 00:00:02.609323,80,0.7044121314824888,10,1,30,25,34,"[880, 1006]",COMPLETE
1719,1719,0.23280055275051603,2.9302570819854736,2021-06-19 14:49:56.809170,2021-06-19 14:49:59.742238,0 days 00:00:02.933068,20,0.9582937193932461,10,7,23,26,34,"[1219, 556]",COMPLETE
1720,1720,0.23150380632177028,2.627655506134033,2021-06-19 14:49:59.744114,2021-06-19 14:50:02.374337,0 days 00:00:02.630223,20,0.7044121314824888,10,1,24,26,34,"[1599, 1288]",COMPLETE
1721,1721,0.23001594406359555,2.724889039993286,2021-06-19 14:50:02.376075,2021-06-19 14:50:05.103822,0 days 00:00:02.727747,20,0.8047024443354969,10,9,30,25,34,"[1416, 1288]",COMPLETE
1722,1722,inf,inf,2021-06-19 14:50:05.105390,2021-06-19 14:50:05.326657,0 days 00:00:00.221267,20,0.47514262081412323,10,9,30,26,34,"[411, 1135]",COMPLETE
1723,1723,0.2605701601179859,2.6494717597961426,2021-06-19 14:50:05.329382,2021-06-19 14:50:07.987116,0 days 00:00:02.657734,20,0.7044121314824888,10,9,3,16,34,"[1046, 903]",COMPLETE
1724,1724,inf,inf,2021-06-19 14:50:07.988722,2021-06-19 14:50:08.122806,0 days 00:00:00.134084,20,0.31625009430567785,10,1,30,26,34,"[1159, 411]",COMPLETE
1725,1725,0.23050897467393516,2.720167636871338,2021-06-19 14:50:08.138703,2021-06-19 14:50:10.864826,0 days 00:00:02.726123,20,0.8047024443354969,10,1,23,24,34,"[647, 1599]",COMPLETE
1726,1726,0.23277167026141085,2.586564064025879,2021-06-19 14:50:10.866621,2021-06-19 14:50:13.456041,0 days 00:00:02.589420,10,0.7044121314824888,10,1,30,26,34,"[1046, 1246]",COMPLETE
1727,1727,0.2329392673107084,2.50821852684021,2021-06-19 14:50:13.457698,2021-06-19 14:50:15.968594,0 days 00:00:02.510896,20,0.8350615461643598,10,1,24,25,34,"[1288, 1416]",COMPLETE
1728,1728,0.3216707328154512,9.075459003448486,2021-06-19 14:50:15.970391,2021-06-19 14:50:25.048551,0 days 00:00:09.078160,20,0.7044121314824888,0,1,24,26,34,"[1312, 1016]",COMPLETE
1729,1729,0.28003916960664466,3.556049108505249,2021-06-19 14:50:25.050234,2021-06-19 14:50:28.609016,0 days 00:00:03.558782,20,0.7044121314824888,4,9,30,25,34,"[1159, 1244]",COMPLETE
1730,1730,0.23298080412890668,2.6142921447753906,2021-06-19 14:50:28.610858,2021-06-19 14:50:31.227847,0 days 00:00:02.616989,0,0.7044121314824888,10,9,30,26,34,"[1656, 908]",COMPLETE
1731,1731,0.2669405779071126,2.5043067932128906,2021-06-19 14:50:31.229724,2021-06-19 14:50:33.736604,0 days 00:00:02.506880,10,0.6415492259649922,10,1,22,14,34,"[849, 1205]",COMPLETE
1732,1732,0.28270192063207583,3.5009965896606445,2021-06-19 14:50:33.738463,2021-06-19 14:50:37.242180,0 days 00:00:03.503717,20,0.7044121314824888,4,9,30,26,34,"[1415, 1046]",COMPLETE
1733,1733,0.2493392462011502,2.716766119003296,2021-06-19 14:50:37.244032,2021-06-19 14:50:39.963655,0 days 00:00:02.719623,10,0.603627004462215,8,1,8,25,34,"[1599, 316]",COMPLETE
1734,1734,0.25246453070491665,2.670626163482666,2021-06-19 14:50:39.965567,2021-06-19 14:50:42.639282,0 days 00:00:02.673715,20,0.603627004462215,10,1,8,19,34,"[1205, 316]",COMPLETE
1735,1735,0.22874167393845937,2.5283267498016357,2021-06-19 14:50:42.641217,2021-06-19 14:50:45.172147,0 days 00:00:02.530930,20,0.7492482924832433,10,1,30,25,34,"[488, 1674]",COMPLETE
1736,1736,0.23207038018097806,2.592947006225586,2021-06-19 14:50:45.173821,2021-06-19 14:50:47.769356,0 days 00:00:02.595535,20,0.7044121314824888,10,4,30,25,34,"[912, 1656]",COMPLETE
1737,1737,0.22989964427848816,2.7283904552459717,2021-06-19 14:50:47.770935,2021-06-19 14:50:50.501897,0 days 00:00:02.730962,20,0.8047024443354969,10,1,23,25,34,"[990, 647]",COMPLETE
1738,1738,0.243053221416001,2.5586233139038086,2021-06-19 14:50:50.503726,2021-06-19 14:50:53.065355,0 days 00:00:02.561629,20,0.7492482924832433,10,1,7,27,34,"[905, 488]",COMPLETE
1739,1739,inf,inf,2021-06-19 14:50:53.066894,2021-06-19 14:50:53.515563,0 days 00:00:00.448669,20,0.5196842952811871,10,1,30,25,34,"[1135, 316]",COMPLETE
1740,1740,0.2289301002140877,2.643991470336914,2021-06-19 14:50:53.530768,2021-06-19 14:50:56.178469,0 days 00:00:02.647701,10,0.7492482924832433,10,1,30,25,34,"[938, 1246]",COMPLETE
1741,1741,0.23785841814952088,2.543809413909912,2021-06-19 14:50:56.179964,2021-06-19 14:50:58.726350,0 days 00:00:02.546386,20,0.7492482924832433,10,1,24,26,34,"[900, 1160]",COMPLETE
1742,1742,0.25727140583992814,2.756152868270874,2021-06-19 14:50:58.728185,2021-06-19 14:51:01.487063,0 days 00:00:02.758878,10,0.7044121314824888,10,9,30,18,34,"[880, 1288]",COMPLETE
1743,1743,0.2402002040862271,2.6152076721191406,2021-06-19 14:51:01.488949,2021-06-19 14:51:04.106998,0 days 00:00:02.618049,20,0.629201349454404,10,8,4,26,34,"[960, 990]",COMPLETE
1744,1744,0.23196067789616442,2.7638907432556152,2021-06-19 14:51:04.108519,2021-06-19 14:51:06.874973,0 days 00:00:02.766454,20,0.7044121314824888,10,9,23,26,34,"[1244, 1160]",COMPLETE
1745,1745,0.2280397588747407,2.5531046390533447,2021-06-19 14:51:06.876851,2021-06-19 14:51:09.432506,0 days 00:00:02.555655,20,0.8047024443354969,10,1,30,25,34,"[1416, 1416]",COMPLETE
1746,1746,0.23086766064435246,2.697831630706787,2021-06-19 14:51:09.434324,2021-06-19 14:51:12.134949,0 days 00:00:02.700625,20,0.7492482924832433,9,10,30,25,34,"[880, 1674]",COMPLETE
1747,1747,0.23226139467083848,2.6971073150634766,2021-06-19 14:51:12.136815,2021-06-19 14:51:14.836331,0 days 00:00:02.699516,20,0.629201349454404,10,1,22,25,34,"[511, 511]",COMPLETE
1748,1748,0.23256755052603664,2.6277754306793213,2021-06-19 14:51:14.838069,2021-06-19 14:51:17.468561,0 days 00:00:02.630492,0,0.7044121314824888,10,9,30,26,34,"[1218, 511]",COMPLETE
1749,1749,0.23201486081463796,2.6971490383148193,2021-06-19 14:51:17.470421,2021-06-19 14:51:20.170162,0 days 00:00:02.699741,10,0.629201349454404,10,1,22,25,34,"[960, 990]",COMPLETE
1750,1750,0.23410832894541822,2.5768635272979736,2021-06-19 14:51:20.171759,2021-06-19 14:51:22.798697,0 days 00:00:02.626938,20,0.7492482924832433,10,1,30,25,35,"[1135, 1735]",COMPLETE
1751,1751,0.23131625630535607,2.6903250217437744,2021-06-19 14:51:22.800207,2021-06-19 14:51:25.493133,0 days 00:00:02.692926,20,0.7044121314824888,10,1,30,26,35,"[1016, 880]",COMPLETE
1752,1752,0.23153333872564666,2.629065990447998,2021-06-19 14:51:25.494627,2021-06-19 14:51:28.126333,0 days 00:00:02.631706,20,0.7044121314824888,10,9,30,26,35,"[374, 1046]",COMPLETE
1753,1753,inf,inf,2021-06-19 14:51:28.128061,2021-06-19 14:51:28.431544,0 days 00:00:00.303483,20,0.5134558504983823,10,1,30,6,35,"[647, 1735]",COMPLETE
1754,1754,0.3146177118086822,3.3217904567718506,2021-06-19 14:51:28.441327,2021-06-19 14:51:31.768700,0 days 00:00:03.327373,20,0.629201349454404,5,9,22,10,35,"[990, 1415]",COMPLETE
1755,1755,0.2827588291391321,2.5666205883026123,2021-06-19 14:51:31.770518,2021-06-19 14:51:34.340165,0 days 00:00:02.569647,20,0.7044121314824888,10,1,30,9,35,"[993, 1046]",COMPLETE
1756,1756,0.3136096171588697,5.6324121952056885,2021-06-19 14:51:34.342030,2021-06-19 14:51:39.977264,0 days 00:00:05.635234,20,0.7044121314824888,1,8,30,25,35,"[1159, 1745]",COMPLETE
1757,1757,0.23538227797739697,2.720773220062256,2021-06-19 14:51:39.978984,2021-06-19 14:51:42.702565,0 days 00:00:02.723581,20,0.7039382016603601,10,4,14,25,35,"[912, 1246]",COMPLETE
1758,1758,0.23218210278118367,2.5909624099731445,2021-06-19 14:51:42.704382,2021-06-19 14:51:45.297954,0 days 00:00:02.593572,20,0.775837870117549,10,4,24,26,35,"[1275, 1595]",COMPLETE
1759,1759,0.23100376851342644,2.809631109237671,2021-06-19 14:51:45.299793,2021-06-19 14:51:48.112219,0 days 00:00:02.812426,20,0.9019859137002606,10,9,30,26,35,"[1674, 411]",COMPLETE
1760,1760,0.2304141382991393,2.6140997409820557,2021-06-19 14:51:48.114006,2021-06-19 14:51:50.730931,0 days 00:00:02.616925,90,0.7280556902954478,10,1,30,25,35,"[1016, 1028]",COMPLETE
1761,1761,0.23655683307899225,2.7860805988311768,2021-06-19 14:51:50.732825,2021-06-19 14:51:53.521654,0 days 00:00:02.788829,10,0.6415492259649922,9,1,22,25,35,"[1652, 849]",COMPLETE
1762,1762,0.26188750090879037,2.9134724140167236,2021-06-19 14:51:53.523027,2021-06-19 14:51:56.439559,0 days 00:00:02.916532,20,0.7044121314824888,6,1,30,26,35,"[1745, 993]",COMPLETE
1763,1763,0.23175351506884376,2.6261396408081055,2021-06-19 14:51:56.441363,2021-06-19 14:51:59.070321,0 days 00:00:02.628958,90,0.7044121314824888,10,1,22,26,35,"[1046, 990]",COMPLETE
1764,1764,0.23482402651181877,2.757155418395996,2021-06-19 14:51:59.072069,2021-06-19 14:52:01.831663,0 days 00:00:02.759594,20,0.629201349454404,10,1,22,25,35,"[990, 990]",COMPLETE
1765,1765,0.23036253048133362,2.6554148197174072,2021-06-19 14:52:01.833304,2021-06-19 14:52:04.491543,0 days 00:00:02.658239,30,0.7044121314824888,10,9,22,25,35,"[908, 1705]",COMPLETE
1766,1766,0.3014955550735521,3.15759015083313,2021-06-19 14:52:04.493342,2021-06-19 14:52:07.653786,0 days 00:00:03.160444,20,0.7492482924832433,6,9,23,8,35,"[960, 759]",COMPLETE
1767,1767,0.2689189385333451,2.5655312538146973,2021-06-19 14:52:07.655646,2021-06-19 14:52:10.223958,0 days 00:00:02.568312,100,0.7044121314824888,10,1,24,14,35,"[1599, 1205]",COMPLETE
1768,1768,0.22832798277514627,2.5666630268096924,2021-06-19 14:52:10.225857,2021-06-19 14:52:12.795243,0 days 00:00:02.569386,20,0.7492482924832433,10,6,30,26,35,"[960, 1674]",COMPLETE
1769,1769,inf,inf,2021-06-19 14:52:12.796983,2021-06-19 14:52:13.134546,0 days 00:00:00.337563,20,0.5015492791799833,8,4,30,25,35,"[1246, 1483]",COMPLETE
1770,1770,0.2295793515498067,2.736708879470825,2021-06-19 14:52:13.142980,2021-06-19 14:52:15.883936,0 days 00:00:02.740956,20,0.7044121314824888,10,4,24,26,35,"[1415, 759]",COMPLETE
1771,1771,0.22735484418381094,2.6647708415985107,2021-06-19 14:52:15.885590,2021-06-19 14:52:18.552837,0 days 00:00:02.667247,20,0.7044121314824888,10,9,26,26,35,"[411, 411]",COMPLETE
1772,1772,0.2297227628109519,2.753251314163208,2021-06-19 14:52:18.554649,2021-06-19 14:52:21.310548,0 days 00:00:02.755899,20,0.7044121314824888,10,3,24,26,35,"[1288, 1288]",COMPLETE
1773,1773,inf,inf,2021-06-19 14:52:21.312399,2021-06-19 14:52:21.619079,0 days 00:00:00.306680,20,0.501356843859762,10,1,14,25,35,"[1159, 1656]",COMPLETE
1774,1774,0.23132319236643292,2.6189582347869873,2021-06-19 14:52:21.634458,2021-06-19 14:52:24.258173,0 days 00:00:02.623715,20,0.775837870117549,10,9,30,25,35,"[1275, 1244]",COMPLETE
1775,1775,0.2320959182906897,2.727834701538086,2021-06-19 14:52:24.259643,2021-06-19 14:52:26.990099,0 days 00:00:02.730456,20,0.7044121314824888,10,1,30,25,35,"[1246, 903]",COMPLETE
1776,1776,0.2419170335591237,2.574985980987549,2021-06-19 14:52:26.991534,2021-06-19 14:52:29.569282,0 days 00:00:02.577748,10,0.7492482924832433,10,4,5,26,35,"[745, 912]",COMPLETE
1777,1777,0.24081511448312296,2.660447597503662,2021-06-19 14:52:29.571116,2021-06-19 14:52:32.234358,0 days 00:00:02.663242,0,0.7044121314824888,10,1,23,26,35,"[1133, 903]",COMPLETE
1778,1778,0.23274490935640912,2.734452724456787,2021-06-19 14:52:32.236155,2021-06-19 14:52:34.973267,0 days 00:00:02.737112,10,0.7492482924832433,10,6,30,25,35,"[1674, 960]",COMPLETE
1779,1779,0.2378194607445964,2.5555646419525146,2021-06-19 14:52:34.975124,2021-06-19 14:52:37.533450,0 days 00:00:02.558326,20,0.629201349454404,10,1,30,25,35,"[1656, 990]",COMPLETE
1780,1780,0.23077831852131372,2.7488653659820557,2021-06-19 14:52:37.535298,2021-06-19 14:52:40.286849,0 days 00:00:02.751551,20,0.7044121314824888,10,9,30,25,35,"[1288, 1735]",COMPLETE
1781,1781,0.2318814689111319,2.5685067176818848,2021-06-19 14:52:40.288504,2021-06-19 14:52:42.859667,0 days 00:00:02.571163,20,0.7044121314824888,10,1,24,26,35,"[903, 1727]",COMPLETE
1782,1782,inf,inf,2021-06-19 14:52:42.861405,2021-06-19 14:52:43.045687,0 days 00:00:00.184282,90,0.4061691811468289,10,9,30,26,35,"[1244, 1218]",COMPLETE
1783,1783,0.23486613876761694,2.7341246604919434,2021-06-19 14:52:43.049529,2021-06-19 14:52:45.794585,0 days 00:00:02.745056,20,0.7044121314824888,10,1,24,26,35,"[1483, 900]",COMPLETE
1784,1784,0.22803735262576375,2.667024850845337,2021-06-19 14:52:45.796006,2021-06-19 14:52:48.465821,0 days 00:00:02.669815,90,0.7492482924832433,10,9,30,25,35,"[1244, 1652]",COMPLETE
1785,1785,0.23797729564795603,2.747037887573242,2021-06-19 14:52:48.467263,2021-06-19 14:52:51.216977,0 days 00:00:02.749714,20,0.7044121314824888,10,8,10,26,35,"[759, 759]",COMPLETE
1786,1786,0.23161424874500525,2.548208475112915,2021-06-19 14:52:51.218520,2021-06-19 14:52:53.769356,0 days 00:00:02.550836,10,0.7044121314824888,10,1,30,25,35,"[993, 1246]",COMPLETE
1787,1787,0.23412945882776254,2.5439600944519043,2021-06-19 14:52:53.770798,2021-06-19 14:52:56.317514,0 days 00:00:02.546716,10,0.6415492259649922,10,1,30,23,35,"[849, 993]",COMPLETE
1788,1788,0.23473152327463226,2.6906518936157227,2021-06-19 14:52:56.319380,2021-06-19 14:52:59.012685,0 days 00:00:02.693305,20,0.629201349454404,10,4,24,25,35,"[990, 1595]",COMPLETE
1789,1789,0.22860173436221484,2.5595855712890625,2021-06-19 14:52:59.014634,2021-06-19 14:53:01.577057,0 days 00:00:02.562423,20,0.8047024443354969,10,1,30,26,35,"[647, 1415]",COMPLETE
1790,1790,0.2311844358248517,2.739901542663574,2021-06-19 14:53:01.578953,2021-06-19 14:53:04.321783,0 days 00:00:02.742830,20,0.7044121314824888,10,9,30,25,35,"[903, 1656]",COMPLETE
1791,1791,0.23162535318394525,2.6174943447113037,2021-06-19 14:53:04.323542,2021-06-19 14:53:06.943870,0 days 00:00:02.620328,20,0.6142133576653472,10,9,24,26,35,"[374, 1727]",COMPLETE
1792,1792,inf,inf,2021-06-19 14:53:06.945760,2021-06-19 14:53:07.101271,0 days 00:00:00.155511,10,0.42234639404496266,10,1,24,26,35,"[1028, 900]",COMPLETE
1793,1793,0.2305676766768925,2.7143683433532715,2021-06-19 14:53:07.109209,2021-06-19 14:53:09.834934,0 days 00:00:02.725725,50,0.7044121314824888,10,14,24,25,35,"[1599, 1416]",COMPLETE
1794,1794,0.2387448890286114,2.787086009979248,2021-06-19 14:53:09.836611,2021-06-19 14:53:12.626764,0 days 00:00:02.790153,10,0.7492482924832433,9,1,9,26,35,"[745, 374]",COMPLETE
1795,1795,0.23312321454872642,2.5132980346679688,2021-06-19 14:53:12.628309,2021-06-19 14:53:15.144230,0 days 00:00:02.515921,10,0.6415492259649922,10,1,22,26,35,"[1415, 849]",COMPLETE
1796,1796,0.2321013128580248,2.7424566745758057,2021-06-19 14:53:15.145998,2021-06-19 14:53:17.891465,0 days 00:00:02.745467,30,0.7044121314824888,10,10,23,24,35,"[1219, 840]",COMPLETE
1797,1797,0.23983056291000193,2.7561492919921875,2021-06-19 14:53:17.893129,2021-06-19 14:53:20.652047,0 days 00:00:02.758918,20,0.7044121314824888,8,4,24,26,35,"[1483, 1599]",COMPLETE
1798,1798,0.2446458034744546,3.14227294921875,2021-06-19 14:53:20.653987,2021-06-19 14:53:23.799193,0 days 00:00:03.145206,20,0.7044121314824888,7,1,30,27,35,"[905, 1006]",COMPLETE
1799,1799,0.2352021742702272,2.622023582458496,2021-06-19 14:53:23.800783,2021-06-19 14:53:26.425466,0 days 00:00:02.624683,20,0.7044121314824888,10,1,30,25,35,"[1416, 905]",COMPLETE
1800,1800,0.22977494156988007,2.724255084991455,2021-06-19 14:53:26.427527,2021-06-19 14:54:41.156116,0 days 00:01:14.728589,20,0.7492482924832433,10,9,30,25,36,"[1244, 1028]",COMPLETE
1801,1801,0.23264249919720323,2.6135284900665283,2021-06-19 14:54:41.159031,2021-06-19 14:54:43.775682,0 days 00:00:02.616651,20,0.6415492259649922,10,1,22,26,36,"[1795, 905]",COMPLETE
1802,1802,0.24246638437897078,2.7356228828430176,2021-06-19 14:54:43.777559,2021-06-19 14:54:46.516043,0 days 00:00:02.738484,10,0.8047024443354969,8,1,24,25,36,"[1246, 840]",COMPLETE
1803,1803,0.25210425247407553,2.93221378326416,2021-06-19 14:54:46.517706,2021-06-19 14:54:49.452816,0 days 00:00:02.935110,10,0.7044121314824888,7,1,30,25,36,"[1159, 1389]",COMPLETE
1804,1804,0.25264702242784903,2.9838407039642334,2021-06-19 14:54:49.454485,2021-06-19 14:54:52.441146,0 days 00:00:02.986661,20,0.9998617201759346,10,1,30,25,36,"[1312, 1028]",COMPLETE
1805,1805,0.2311891312012098,2.715585231781006,2021-06-19 14:54:52.443039,2021-06-19 14:54:55.161413,0 days 00:00:02.718374,20,0.7492482924832433,10,6,30,26,36,"[1768, 900]",COMPLETE
1806,1806,0.22819215569566437,2.595492362976074,2021-06-19 14:54:55.163270,2021-06-19 14:54:57.761415,0 days 00:00:02.598145,20,0.7044121314824888,10,1,30,26,36,"[1789, 1135]",COMPLETE
1807,1807,0.26545873167205053,3.0447769165039062,2021-06-19 14:54:57.763271,2021-06-19 14:55:00.810917,0 days 00:00:03.047646,20,0.7492482924832433,6,1,29,25,36,"[1735, 908]",COMPLETE
1808,1808,0.22979127201368502,2.6744308471679688,2021-06-19 14:55:00.812813,2021-06-19 14:55:03.489891,0 days 00:00:02.677078,20,0.7044121314824888,10,9,26,25,36,"[411, 1006]",COMPLETE
1809,1809,0.23140311983896808,2.614767551422119,2021-06-19 14:55:03.491792,2021-06-19 14:55:06.109277,0 days 00:00:02.617485,20,0.7044121314824888,10,9,26,26,36,"[374, 1771]",COMPLETE
1810,1810,0.27664731739667603,2.8018059730529785,2021-06-19 14:55:06.111117,2021-06-19 14:55:08.915692,0 days 00:00:02.804575,10,0.7492482924832433,10,1,30,2,36,"[1135, 880]",COMPLETE
1811,1811,0.2300650488045788,2.557642698287964,2021-06-19 14:55:08.917331,2021-06-19 14:55:11.477631,0 days 00:00:02.560300,20,0.7044121314824888,10,1,30,26,36,"[1599, 1006]",COMPLETE
1812,1812,0.27260025898916984,2.715003490447998,2021-06-19 14:55:11.479514,2021-06-19 14:55:14.197368,0 days 00:00:02.717854,10,0.5998884732374892,10,1,30,12,36,"[1656, 1028]",COMPLETE
1813,1813,0.23009146949819922,2.588733196258545,2021-06-19 14:55:14.199183,2021-06-19 14:55:16.790574,0 days 00:00:02.591391,20,0.7044121314824888,10,1,23,25,36,"[1244, 1133]",COMPLETE
1814,1814,0.23029704542530455,2.716010093688965,2021-06-19 14:55:16.792481,2021-06-19 14:55:19.510985,0 days 00:00:02.718504,20,0.7044121314824888,10,4,24,26,36,"[1483, 1483]",COMPLETE
1815,1815,0.23259718494186438,2.5482399463653564,2021-06-19 14:55:19.512820,2021-06-19 14:55:22.063699,0 days 00:00:02.550879,20,0.7044121314824888,10,1,30,26,36,"[374, 1159]",COMPLETE
1816,1816,0.22858693312861286,2.6263198852539062,2021-06-19 14:55:22.065431,2021-06-19 14:55:24.694683,0 days 00:00:02.629252,10,0.7044121314824888,10,3,30,25,36,"[1246, 1735]",COMPLETE
1817,1817,inf,inf,2021-06-19 14:55:24.696233,2021-06-19 14:55:25.007178,0 days 00:00:00.310945,20,0.5225812129829082,10,1,30,25,36,"[1344, 1652]",COMPLETE
1818,1818,0.24422430439240955,2.71698260307312,2021-06-19 14:55:25.009460,2021-06-19 14:55:27.736992,0 days 00:00:02.727532,20,0.7044121314824888,10,1,0,25,36,"[1416, 1656]",COMPLETE
1819,1819,0.2293263860432459,2.61460280418396,2021-06-19 14:55:27.738913,2021-06-19 14:55:30.356243,0 days 00:00:02.617330,20,0.7044121314824888,10,9,26,25,36,"[411, 1652]",COMPLETE
1820,1820,0.2344572269576384,2.79239559173584,2021-06-19 14:55:30.358144,2021-06-19 14:55:33.153261,0 days 00:00:02.795117,10,0.7492482924832433,10,1,30,26,36,"[1415, 880]",COMPLETE
1821,1821,0.2344913382966586,2.557516098022461,2021-06-19 14:55:33.155167,2021-06-19 14:55:35.715362,0 days 00:00:02.560195,10,0.7044121314824888,10,1,30,26,36,"[903, 849]",COMPLETE
1822,1822,0.23126455208552402,2.7291529178619385,2021-06-19 14:55:35.717231,2021-06-19 14:55:38.449016,0 days 00:00:02.731785,20,0.8047024443354969,10,1,24,28,36,"[1312, 1312]",COMPLETE
1823,1823,0.2327528130470699,2.5455455780029297,2021-06-19 14:55:38.450800,2021-06-19 14:55:40.999171,0 days 00:00:02.548371,20,0.7492482924832433,10,1,21,25,36,"[1416, 556]",COMPLETE
