,number,values_0,values_1,datetime_start,datetime_complete,duration,params_checks,params_n_ratio,params_nskip,params_trees,params_w1,params_w2,system_attrs_nsga2:generation,system_attrs_nsga2:parents,state
9184,9184,0.23241503736749067,2.7938523292541504,2021-06-19 21:52:07.110266,2021-06-19 21:52:09.915109,0 days 00:00:02.804843,20,0.7044121314824888,10,1,30,28,183,"[7631, 1929]",COMPLETE
9185,9185,0.2285975919445722,2.699749231338501,2021-06-19 21:52:09.920105,2021-06-19 21:52:12.630746,0 days 00:00:02.710641,20,0.7492482924832433,10,16,30,25,183,"[8433, 880]",COMPLETE
9186,9186,0.22707824001830987,2.6016390323638916,2021-06-19 21:52:12.635633,2021-06-19 21:52:15.249292,0 days 00:00:02.613659,60,0.775837870117549,10,1,30,25,183,"[3760, 3082]",COMPLETE
9187,9187,0.24234507468593675,2.9289426803588867,2021-06-19 21:52:15.254095,2021-06-19 21:52:18.194102,0 days 00:00:02.940007,20,0.775837870117549,8,1,30,26,183,"[8416, 1159]",COMPLETE
9188,9188,0.2306478431459922,2.593842029571533,2021-06-19 21:52:18.198902,2021-06-19 21:52:20.803503,0 days 00:00:02.604601,20,0.775837870117549,10,1,30,25,183,"[5853, 5145]",COMPLETE
9189,9189,0.262605376441274,2.5546162128448486,2021-06-19 21:52:20.808297,2021-06-19 21:52:23.373679,0 days 00:00:02.565382,20,0.775837870117549,10,1,30,14,183,"[5145, 5145]",COMPLETE
9190,9190,0.31055310548262033,9.411946296691895,2021-06-19 21:52:23.378634,2021-06-19 21:52:32.801656,0 days 00:00:09.423022,20,0.775837870117549,0,1,9,25,183,"[8433, 9029]",COMPLETE
9191,9191,0.23323522894446788,2.630051374435425,2021-06-19 21:52:32.806346,2021-06-19 21:52:35.447325,0 days 00:00:02.640979,20,0.775837870117549,10,2,30,25,183,"[7005, 8433]",COMPLETE
9192,9192,0.29116443864254404,3.848313093185425,2021-06-19 21:52:35.452299,2021-06-19 21:52:39.311745,0 days 00:00:03.859446,20,0.7294882805636836,3,1,30,25,183,"[1159, 8261]",COMPLETE
9193,9193,0.24216273442320368,2.6746153831481934,2021-06-19 21:52:39.316590,2021-06-19 21:52:42.002185,0 days 00:00:02.685595,20,0.8047024443354969,10,16,4,25,183,"[8933, 8256]",COMPLETE
9194,9194,0.24027577638359185,2.583592176437378,2021-06-19 21:52:42.007044,2021-06-19 21:52:44.601704,0 days 00:00:02.594660,10,0.7492482924832433,10,9,4,25,183,"[1244, 1028]",COMPLETE
9195,9195,0.22825265144373932,2.5802111625671387,2021-06-19 21:52:44.606566,2021-06-19 21:52:47.197772,0 days 00:00:02.591206,70,0.775837870117549,10,1,30,26,183,"[3760, 6592]",COMPLETE
9196,9196,0.2322110213150759,2.7648279666900635,2021-06-19 21:52:47.202570,2021-06-19 21:52:49.978376,0 days 00:00:02.775806,50,0.7492482924832433,10,1,24,26,183,"[900, 880]",COMPLETE
9197,9197,0.251581897464693,3.0755889415740967,2021-06-19 21:52:49.983093,2021-06-19 21:52:53.069682,0 days 00:00:03.086589,20,0.9387077471890541,7,1,30,25,183,"[2991, 6351]",COMPLETE
9198,9198,0.27716200061435803,2.5756852626800537,2021-06-19 21:52:53.074419,2021-06-19 21:52:55.661090,0 days 00:00:02.586671,20,0.775837870117549,10,1,30,6,183,"[316, 6592]",COMPLETE
9199,9199,0.23432240471314336,2.751094102859497,2021-06-19 21:52:55.665825,2021-06-19 21:52:58.427698,0 days 00:00:02.761873,20,0.7044121314824888,10,1,30,26,183,"[3100, 6835]",COMPLETE
9200,9200,0.2306515820900467,2.5653581619262695,2021-06-19 21:52:58.432583,2021-06-19 21:54:13.043631,0 days 00:01:14.611048,20,0.775837870117549,10,1,30,25,184,"[8720, 7005]",COMPLETE
9201,9201,0.2318271648016398,2.79563570022583,2021-06-19 21:54:13.053968,2021-06-19 21:54:15.864011,0 days 00:00:02.810043,20,0.775837870117549,10,1,28,25,184,"[849, 9180]",COMPLETE
9202,9202,0.23084073050802756,2.5971996784210205,2021-06-19 21:54:15.868553,2021-06-19 21:54:18.476493,0 days 00:00:02.607940,20,0.8047024443354969,10,1,24,25,184,"[5654, 2063]",COMPLETE
9203,9203,0.2323245162034706,2.563629627227783,2021-06-19 21:54:18.481221,2021-06-19 21:54:21.055879,0 days 00:00:02.574658,20,0.746914929833759,10,1,30,25,184,"[5145, 880]",COMPLETE
9204,9204,0.23069143064456754,2.766655206680298,2021-06-19 21:54:21.060618,2021-06-19 21:54:23.838220,0 days 00:00:02.777602,20,0.775837870117549,10,1,30,25,184,"[6592, 2991]",COMPLETE
9205,9205,0.2359749160650349,2.6075503826141357,2021-06-19 21:54:23.843054,2021-06-19 21:54:26.462684,0 days 00:00:02.619630,10,0.775837870117549,10,11,30,26,184,"[8933, 1028]",COMPLETE
9206,9206,0.3066960063707114,2.8446438312530518,2021-06-19 21:54:26.467511,2021-06-19 21:54:29.323168,0 days 00:00:02.855657,20,0.9571372087616259,10,1,30,1,184,"[8498, 9098]",COMPLETE
9207,9207,0.23048820116919372,2.5954465866088867,2021-06-19 21:54:29.327980,2021-06-19 21:54:31.934212,0 days 00:00:02.606232,20,0.775837870117549,10,1,30,25,184,"[2991, 8433]",COMPLETE
9208,9208,0.23253676660662595,2.8587570190429688,2021-06-19 21:54:31.939327,2021-06-19 21:54:34.810026,0 days 00:00:02.870699,30,0.7044121314824888,10,9,24,26,184,"[2209, 2963]",COMPLETE
9209,9209,0.2647937675456428,2.5689949989318848,2021-06-19 21:54:34.814913,2021-06-19 21:54:37.394667,0 days 00:00:02.579754,20,0.775837870117549,10,1,30,12,184,"[9098, 9098]",COMPLETE
9210,9210,0.22824484282805355,2.758798360824585,2021-06-19 21:54:37.399528,2021-06-19 21:54:40.169358,0 days 00:00:02.769830,20,0.775837870117549,10,1,30,25,184,"[8256, 8720]",COMPLETE
9211,9211,inf,inf,2021-06-19 21:54:40.174201,2021-06-19 21:54:40.532752,0 days 00:00:00.358551,20,0.4708904462339838,10,1,30,25,184,"[9057, 2991]",COMPLETE
9212,9212,0.23455227321824518,2.5158441066741943,2021-06-19 21:54:40.550252,2021-06-19 21:54:43.098914,0 days 00:00:02.548662,20,0.775837870117549,10,1,30,25,184,"[8720, 2991]",COMPLETE
9213,9213,0.23201637601419595,2.6260852813720703,2021-06-19 21:54:43.103922,2021-06-19 21:54:45.741051,0 days 00:00:02.637129,10,0.8047024443354969,10,15,30,25,184,"[880, 4943]",COMPLETE
9214,9214,0.3042680944105973,4.6662092208862305,2021-06-19 21:54:45.746054,2021-06-19 21:54:50.423406,0 days 00:00:04.677352,30,0.775837870117549,2,8,30,25,184,"[8433, 8261]",COMPLETE
9215,9215,0.23416322617423097,2.568584680557251,2021-06-19 21:54:50.428255,2021-06-19 21:54:53.007560,0 days 00:00:02.579305,10,0.7492482924832433,10,1,22,25,184,"[1028, 849]",COMPLETE
9216,9216,0.2350217493154126,2.62284779548645,2021-06-19 21:54:53.012296,2021-06-19 21:54:55.646010,0 days 00:00:02.633714,20,0.7492482924832433,10,1,23,25,184,"[2078, 7770]",COMPLETE
9217,9217,0.22928733704407478,2.637495994567871,2021-06-19 21:54:55.650756,2021-06-19 21:54:58.299335,0 days 00:00:02.648579,20,0.8867380758596377,10,4,30,26,184,"[1929, 8532]",COMPLETE
9218,9218,0.23313550481086057,2.73391056060791,2021-06-19 21:54:58.304136,2021-06-19 21:55:01.048942,0 days 00:00:02.744806,40,0.7044121314824888,10,1,30,25,184,"[3260, 880]",COMPLETE
9219,9219,0.23309848802718444,2.5878078937530518,2021-06-19 21:55:01.053745,2021-06-19 21:55:03.652335,0 days 00:00:02.598590,20,0.775837870117549,10,1,30,25,184,"[7631, 1929]",COMPLETE
9220,9220,0.23364862280574164,2.7605628967285156,2021-06-19 21:55:03.657529,2021-06-19 21:55:06.430105,0 days 00:00:02.772576,20,0.7044121314824888,10,1,24,26,184,"[2209, 8261]",COMPLETE
9221,9221,0.24731052113187693,2.5702760219573975,2021-06-19 21:55:06.434902,2021-06-19 21:55:09.016090,0 days 00:00:02.581188,20,0.775837870117549,10,1,30,20,184,"[8416, 9180]",COMPLETE
9222,9222,0.24394657856085997,2.5629963874816895,2021-06-19 21:55:09.021029,2021-06-19 21:55:11.595015,0 days 00:00:02.573986,20,0.775837870117549,10,1,6,27,184,"[9098, 3100]",COMPLETE
9223,9223,0.23583281060145447,2.5633647441864014,2021-06-19 21:55:11.599813,2021-06-19 21:55:14.174249,0 days 00:00:02.574436,20,0.775837870117549,10,1,11,26,184,"[5379, 6351]",COMPLETE
9224,9224,0.23447287031016598,2.7844412326812744,2021-06-19 21:55:14.179064,2021-06-19 21:55:16.974425,0 days 00:00:02.795361,20,0.7492482924832433,10,5,30,26,184,"[6351, 880]",COMPLETE
9225,9225,0.23218273661161862,2.5465927124023438,2021-06-19 21:55:16.979316,2021-06-19 21:55:19.536817,0 days 00:00:02.557501,20,0.775837870117549,10,1,30,25,184,"[7005, 7770]",COMPLETE
9226,9226,0.24084262436323972,2.554795980453491,2021-06-19 21:55:19.541760,2021-06-19 21:55:22.107469,0 days 00:00:02.565709,20,0.775837870117549,10,1,30,20,184,"[2063, 7770]",COMPLETE
9227,9227,0.23212657752992866,2.86068058013916,2021-06-19 21:55:22.112560,2021-06-19 21:55:24.984537,0 days 00:00:02.871977,20,0.775837870117549,10,14,30,26,184,"[2963, 9057]",COMPLETE
9228,9228,0.28454852299098826,3.323362112045288,2021-06-19 21:55:24.989457,2021-06-19 21:55:28.323879,0 days 00:00:03.334422,20,0.7044121314824888,4,1,30,25,184,"[8024, 5379]",COMPLETE
9229,9229,0.2587877693325719,2.5544474124908447,2021-06-19 21:55:28.328704,2021-06-19 21:55:30.894400,0 days 00:00:02.565696,20,0.7044121314824888,10,1,30,19,184,"[1929, 5853]",COMPLETE
9230,9230,0.23007479439787257,2.7911009788513184,2021-06-19 21:55:30.899215,2021-06-19 21:55:33.701084,0 days 00:00:02.801869,20,0.7044121314824888,10,1,30,25,184,"[6351, 3260]",COMPLETE
9231,9231,0.23099266298232954,2.696486234664917,2021-06-19 21:55:33.705981,2021-06-19 21:55:36.413500,0 days 00:00:02.707519,20,0.8047024443354969,8,1,30,28,184,"[4943, 1028]",COMPLETE
9232,9232,0.23191973457842993,2.621427297592163,2021-06-19 21:55:36.418096,2021-06-19 21:55:39.050357,0 days 00:00:02.632261,20,0.8047024443354969,10,8,24,25,184,"[7005, 2063]",COMPLETE
9233,9233,0.299084355103109,4.483912467956543,2021-06-19 21:55:39.055094,2021-06-19 21:55:43.550185,0 days 00:00:04.495091,20,0.6370463603697658,2,1,30,25,184,"[9057, 7926]",COMPLETE
9234,9234,0.22753434967477904,2.602724552154541,2021-06-19 21:55:43.555139,2021-06-19 21:55:46.168988,0 days 00:00:02.613849,20,0.7044121314824888,10,3,24,26,184,"[1929, 2209]",COMPLETE
9235,9235,inf,inf,2021-06-19 21:55:46.173863,2021-06-19 21:55:46.453009,0 days 00:00:00.279146,40,0.47057654737601784,10,7,30,26,184,"[6751, 6763]",COMPLETE
9236,9236,0.2322516236658962,2.5180580615997314,2021-06-19 21:55:46.467330,2021-06-19 21:55:49.018051,0 days 00:00:02.550721,20,0.8047024443354969,10,1,25,25,184,"[1244, 8256]",COMPLETE
9237,9237,0.2520788132327694,2.920865535736084,2021-06-19 21:55:49.022761,2021-06-19 21:55:51.954756,0 days 00:00:02.931995,20,0.775837870117549,8,1,24,23,184,"[5145, 8531]",COMPLETE
9238,9238,0.2651063517169033,3.1423909664154053,2021-06-19 21:55:51.959611,2021-06-19 21:55:55.113012,0 days 00:00:03.153401,40,0.8689312440802504,5,1,30,26,184,"[6751, 7926]",COMPLETE
9239,9239,inf,inf,2021-06-19 21:55:55.117946,2021-06-19 21:55:55.318511,0 days 00:00:00.200565,20,0.39328028432308476,10,1,30,18,184,"[8024, 316]",COMPLETE
9240,9240,0.27905236565421476,2.5830390453338623,2021-06-19 21:55:55.347847,2021-06-19 21:55:57.956473,0 days 00:00:02.608626,20,0.775837870117549,10,1,30,6,184,"[9029, 7770]",COMPLETE
9241,9241,0.3175774658398623,9.204483985900879,2021-06-19 21:55:57.961432,2021-06-19 21:56:07.176961,0 days 00:00:09.215529,20,0.775837870117549,0,1,30,25,184,"[1244, 9057]",COMPLETE
9242,9242,0.2313745464128235,2.625115156173706,2021-06-19 21:56:07.181952,2021-06-19 21:56:09.818250,0 days 00:00:02.636298,20,0.775837870117549,10,15,30,26,184,"[6592, 9180]",COMPLETE
9243,9243,0.30251550195013055,3.643152952194214,2021-06-19 21:56:09.823244,2021-06-19 21:56:13.477492,0 days 00:00:03.654248,0,0.7044121314824888,4,14,30,25,184,"[2963, 3100]",COMPLETE
9244,9244,0.23333284678338734,2.5777714252471924,2021-06-19 21:56:13.482272,2021-06-19 21:56:16.071101,0 days 00:00:02.588829,50,0.775837870117549,10,1,17,25,184,"[8433, 8256]",COMPLETE
9245,9245,0.23038765927663785,2.593108892440796,2021-06-19 21:56:16.076058,2021-06-19 21:56:18.680188,0 days 00:00:02.604130,60,0.775837870117549,10,1,30,26,184,"[3100, 8416]",COMPLETE
9246,9246,0.2288339959066075,2.8107082843780518,2021-06-19 21:56:18.685055,2021-06-19 21:56:21.507001,0 days 00:00:02.821946,10,0.7881588896907531,10,16,30,25,184,"[1389, 8024]",COMPLETE
9247,9247,0.25235850240855956,2.6989123821258545,2021-06-19 21:56:21.511300,2021-06-19 21:56:24.221132,0 days 00:00:02.709832,60,0.775837870117549,10,1,30,17,184,"[5654, 8933]",COMPLETE
9248,9248,0.2767468759268559,2.5752320289611816,2021-06-19 21:56:24.225870,2021-06-19 21:56:26.813233,0 days 00:00:02.587363,20,0.775837870117549,10,1,15,12,184,"[9098, 8720]",COMPLETE
9249,9249,0.24331435717186328,2.598459243774414,2021-06-19 21:56:26.818226,2021-06-19 21:56:29.428645,0 days 00:00:02.610419,10,0.603627004462215,10,1,2,25,184,"[316, 316]",COMPLETE
9250,9250,0.23168288624768799,2.7768239974975586,2021-06-19 21:56:29.433180,2021-06-19 21:56:32.268147,0 days 00:00:02.834967,40,0.775837870117549,10,1,23,26,185,"[2078, 6751]",COMPLETE
9251,9251,0.2332997774061559,2.568077325820923,2021-06-19 21:56:32.273394,2021-06-19 21:56:34.853557,0 days 00:00:02.580163,20,0.775837870117549,10,1,30,26,185,"[9029, 900]",COMPLETE
9252,9252,0.2980001905333709,3.111006498336792,2021-06-19 21:56:34.858489,2021-06-19 21:56:37.980714,0 days 00:00:03.122225,20,0.775837870117549,5,1,30,9,185,"[6835, 7631]",COMPLETE
9253,9253,0.23054489974847003,2.7808473110198975,2021-06-19 21:56:37.985662,2021-06-19 21:56:40.777721,0 days 00:00:02.792059,10,0.7492482924832433,10,1,25,26,185,"[880, 8898]",COMPLETE
9254,9254,0.23609293677981072,2.561577796936035,2021-06-19 21:56:40.782522,2021-06-19 21:56:43.355233,0 days 00:00:02.572711,20,0.775837870117549,10,1,30,22,185,"[7770, 6763]",COMPLETE
9255,9255,0.2290221247449915,2.566913604736328,2021-06-19 21:56:43.359744,2021-06-19 21:56:45.937464,0 days 00:00:02.577720,10,0.603627004462215,10,1,25,26,185,"[8898, 316]",COMPLETE
9256,9256,0.22732562995135155,2.942488431930542,2021-06-19 21:56:45.942219,2021-06-19 21:56:48.895867,0 days 00:00:02.953648,50,0.775837870117549,10,16,30,25,185,"[8498, 2991]",COMPLETE
9257,9257,0.2780041167914307,2.5495505332946777,2021-06-19 21:56:48.900838,2021-06-19 21:56:51.461343,0 days 00:00:02.560505,20,0.7044121314824888,10,1,9,12,185,"[9098, 3260]",COMPLETE
9258,9258,0.23140635305807647,2.6608808040618896,2021-06-19 21:56:51.466275,2021-06-19 21:56:54.138184,0 days 00:00:02.671909,10,0.7492482924832433,9,1,30,26,185,"[2078, 880]",COMPLETE
9259,9259,0.23306050001445944,2.7497551441192627,2021-06-19 21:56:54.142988,2021-06-19 21:56:56.903771,0 days 00:00:02.760783,20,0.7044121314824888,10,1,30,25,185,"[3260, 8433]",COMPLETE
9260,9260,0.22780251058081566,2.763444185256958,2021-06-19 21:56:56.908890,2021-06-19 21:56:59.683640,0 days 00:00:02.774750,100,0.7492482924832433,10,16,30,25,185,"[8433, 1028]",COMPLETE
9261,9261,0.2342098627630723,2.589694023132324,2021-06-19 21:56:59.688552,2021-06-19 21:57:02.289310,0 days 00:00:02.600758,30,0.7044121314824888,10,1,30,26,185,"[6351, 3100]",COMPLETE
9262,9262,0.23040800112838386,2.7555294036865234,2021-06-19 21:57:02.294212,2021-06-19 21:57:05.060773,0 days 00:00:02.766561,10,0.7044121314824888,10,1,24,26,185,"[6763, 5379]",COMPLETE
9263,9263,0.317157133695977,2.569099187850952,2021-06-19 21:57:05.065703,2021-06-19 21:57:07.645778,0 days 00:00:02.580075,20,0.603627004462215,10,1,30,3,185,"[8498, 316]",COMPLETE
9264,9264,0.28127550687631653,2.562798500061035,2021-06-19 21:57:07.650785,2021-06-19 21:57:10.224789,0 days 00:00:02.574004,10,0.7492482924832433,10,1,30,3,185,"[9057, 1028]",COMPLETE
9265,9265,0.26070773644349554,2.7790963649749756,2021-06-19 21:57:10.229671,2021-06-19 21:57:13.019673,0 days 00:00:02.790002,20,0.775837870117549,10,1,30,12,185,"[8256, 9098]",COMPLETE
9266,9266,0.23051119310381116,2.5665431022644043,2021-06-19 21:57:13.024645,2021-06-19 21:57:15.602347,0 days 00:00:02.577702,20,0.775837870117549,10,1,20,25,185,"[7631, 5145]",COMPLETE
9267,9267,0.22880369764054043,2.581827402114868,2021-06-19 21:57:15.607292,2021-06-19 21:57:18.199964,0 days 00:00:02.592672,20,0.775837870117549,10,1,30,26,185,"[5379, 6968]",COMPLETE
9268,9268,0.23064113904388645,2.759765148162842,2021-06-19 21:57:18.205363,2021-06-19 21:57:20.976140,0 days 00:00:02.770777,20,0.7492482924832433,10,1,30,25,185,"[3100, 880]",COMPLETE
9269,9269,0.2305167692375495,2.6412599086761475,2021-06-19 21:57:20.981075,2021-06-19 21:57:23.633205,0 days 00:00:02.652130,10,0.7492482924832433,10,1,24,25,185,"[1028, 2209]",COMPLETE
9270,9270,0.23107489556714594,2.550525665283203,2021-06-19 21:57:23.638061,2021-06-19 21:57:26.199606,0 days 00:00:02.561545,10,0.7492482924832433,10,1,30,25,185,"[1028, 3100]",COMPLETE
9271,9271,0.24253849709110328,2.806905508041382,2021-06-19 21:57:26.204550,2021-06-19 21:57:29.022407,0 days 00:00:02.817857,10,0.775837870117549,10,1,3,25,185,"[1389, 8531]",COMPLETE
9272,9272,0.2281287420409305,2.558835744857788,2021-06-19 21:57:29.027142,2021-06-19 21:57:31.597052,0 days 00:00:02.569910,20,0.775837870117549,10,1,30,25,185,"[9098, 3260]",COMPLETE
9273,9273,0.2325318215519129,2.6017627716064453,2021-06-19 21:57:31.602094,2021-06-19 21:57:34.216039,0 days 00:00:02.613945,60,0.8047024443354969,10,1,30,25,185,"[2063, 9057]",COMPLETE
9274,9274,0.2315692752124167,2.7589848041534424,2021-06-19 21:57:34.220956,2021-06-19 21:57:36.990835,0 days 00:00:02.769879,10,0.7044121314824888,10,1,25,26,185,"[8898, 8498]",COMPLETE
9275,9275,inf,inf,2021-06-19 21:57:36.995665,2021-06-19 21:57:37.163769,0 days 00:00:00.168104,20,0.4082135727327429,10,1,30,26,185,"[7926, 1929]",COMPLETE
9276,9276,0.22939293412026238,2.6015543937683105,2021-06-19 21:57:37.216603,2021-06-19 21:57:39.839963,0 days 00:00:02.623360,20,0.775837870117549,10,6,30,25,185,"[9029, 4943]",COMPLETE
9277,9277,0.23049951975107083,2.521376132965088,2021-06-19 21:57:39.844984,2021-06-19 21:57:42.377644,0 days 00:00:02.532660,20,0.775837870117549,10,1,30,26,185,"[8416, 5145]",COMPLETE
9278,9278,0.23535984224958711,2.813689947128296,2021-06-19 21:57:42.382732,2021-06-19 21:57:45.207645,0 days 00:00:02.824913,40,0.775837870117549,10,1,14,26,185,"[8531, 6751]",COMPLETE
9279,9279,0.264158755782185,2.922718048095703,2021-06-19 21:57:45.212512,2021-06-19 21:57:48.146207,0 days 00:00:02.933695,20,0.7044121314824888,6,1,30,25,185,"[8898, 5145]",COMPLETE
9280,9280,0.23556060404510196,2.5474436283111572,2021-06-19 21:57:48.151110,2021-06-19 21:57:50.709618,0 days 00:00:02.558508,20,0.7044121314824888,10,1,30,24,185,"[8024, 1159]",COMPLETE
9281,9281,0.23600479292743223,2.719395875930786,2021-06-19 21:57:50.714568,2021-06-19 21:57:53.444887,0 days 00:00:02.730319,10,0.7044121314824888,10,1,30,25,185,"[1028, 8898]",COMPLETE
9282,9282,0.23159911568465288,2.564709186553955,2021-06-19 21:57:53.449498,2021-06-19 21:57:56.024937,0 days 00:00:02.575439,10,0.6415492259649922,10,1,30,25,185,"[7770, 849]",COMPLETE
9283,9283,0.23549907956345403,2.6534037590026855,2021-06-19 21:57:56.029814,2021-06-19 21:57:58.694348,0 days 00:00:02.664534,20,0.775837870117549,9,1,30,25,185,"[880, 8498]",COMPLETE
9284,9284,0.22913692498371768,2.7691810131073,2021-06-19 21:57:58.699165,2021-06-19 21:58:01.479329,0 days 00:00:02.780164,20,0.775837870117549,10,1,30,25,185,"[5654, 1389]",COMPLETE
9285,9285,0.2688304042145252,3.0914440155029297,2021-06-19 21:58:01.484218,2021-06-19 21:58:04.587019,0 days 00:00:03.102801,20,0.775837870117549,5,1,30,25,185,"[6968, 7631]",COMPLETE
9286,9286,0.2281326926746785,2.5283162593841553,2021-06-19 21:58:04.591562,2021-06-19 21:58:07.130735,0 days 00:00:02.539173,20,0.775837870117549,10,1,30,26,185,"[8416, 7005]",COMPLETE
9287,9287,0.25092356134392896,2.6922590732574463,2021-06-19 21:58:07.135502,2021-06-19 21:58:09.839145,0 days 00:00:02.703643,20,0.6239905996341277,8,1,30,25,185,"[3260, 9180]",COMPLETE
9288,9288,0.2329659600013557,2.8712069988250732,2021-06-19 21:58:09.844087,2021-06-19 21:58:12.726258,0 days 00:00:02.882171,0,0.775837870117549,10,1,30,26,185,"[6592, 6351]",COMPLETE
9289,9289,0.2731348202931946,2.5621392726898193,2021-06-19 21:58:12.730974,2021-06-19 21:58:15.304718,0 days 00:00:02.573744,20,0.7948425719840571,10,1,30,6,185,"[8333, 5654]",COMPLETE
9290,9290,0.2411816075563046,2.963000774383545,2021-06-19 21:58:15.309331,2021-06-19 21:58:18.283630,0 days 00:00:02.974299,20,0.7044121314824888,8,1,30,25,185,"[1244, 7770]",COMPLETE
9291,9291,0.23719939487252872,2.558434247970581,2021-06-19 21:58:18.288628,2021-06-19 21:58:20.859362,0 days 00:00:02.570734,20,0.775837870117549,10,6,30,22,185,"[7631, 8416]",COMPLETE
9292,9292,0.24179573150235908,2.566065788269043,2021-06-19 21:58:20.864512,2021-06-19 21:58:23.442654,0 days 00:00:02.578142,10,0.7492482924832433,10,1,2,25,185,"[1028, 1028]",COMPLETE
9293,9293,0.2319816145095491,2.5227108001708984,2021-06-19 21:58:23.447588,2021-06-19 21:58:25.981164,0 days 00:00:02.533576,10,0.7044121314824888,10,1,24,26,185,"[5379, 2209]",COMPLETE
9294,9294,0.2902682480680674,2.7477574348449707,2021-06-19 21:58:25.985903,2021-06-19 21:58:28.744757,0 days 00:00:02.758854,20,0.7492482924832433,10,1,4,9,185,"[6592, 2078]",COMPLETE
9295,9295,inf,inf,2021-06-19 21:58:28.749742,2021-06-19 21:58:29.141752,0 days 00:00:00.392010,10,0.5419880217597149,10,1,30,25,185,"[2991, 5853]",COMPLETE
9296,9296,inf,inf,2021-06-19 21:58:29.151686,2021-06-19 21:58:29.408620,0 days 00:00:00.256934,20,0.4368483352390577,10,1,30,6,185,"[9098, 4943]",COMPLETE
9297,9297,0.23045594896921215,2.616053581237793,2021-06-19 21:58:29.420211,2021-06-19 21:58:32.059111,0 days 00:00:02.638900,20,0.7492482924832433,10,9,21,25,185,"[1389, 1244]",COMPLETE
9298,9298,0.26806545342635485,2.8302977085113525,2021-06-19 21:58:32.064428,2021-06-19 21:58:34.906952,0 days 00:00:02.842524,20,0.8047024443354969,10,1,30,10,185,"[4943, 6351]",COMPLETE
9299,9299,0.23519164130112163,2.6384027004241943,2021-06-19 21:58:34.911784,2021-06-19 21:58:37.561120,0 days 00:00:02.649336,20,0.7044121314824888,10,1,30,25,185,"[1929, 6968]",COMPLETE
9300,9300,0.2271726839043636,2.576798439025879,2021-06-19 21:58:37.566013,2021-06-19 21:59:52.267304,0 days 00:01:14.701291,20,0.775837870117549,10,1,30,25,186,"[3082, 8024]",COMPLETE
9301,9301,0.23362907645785733,2.806058168411255,2021-06-19 21:59:52.277060,2021-06-19 21:59:55.098158,0 days 00:00:02.821098,20,0.775837870117549,10,1,30,26,186,"[8333, 5654]",COMPLETE
