,number,values_0,values_1,datetime_start,datetime_complete,duration,params_checks,params_n_ratio,params_nskip,params_trees,params_w1,params_w2,system_attrs_nsga2:generation,system_attrs_nsga2:parents,state
4207,4207,0.23015003918272225,2.5886759757995605,2021-06-19 17:07:24.616134,2021-06-19 17:07:27.210139,0 days 00:00:02.594005,20,0.7044121314824888,10,1,30,25,84,"[1006, 1028]",COMPLETE
4208,4208,0.2412912185728689,2.6603665351867676,2021-06-19 17:07:27.212969,2021-06-19 17:07:29.879061,0 days 00:00:02.666092,10,0.6415492259649922,10,1,9,25,84,"[849, 4079]",COMPLETE
4209,4209,0.23263437372079657,2.846102714538574,2021-06-19 17:07:29.881909,2021-06-19 17:07:32.733661,0 days 00:00:02.851752,20,0.7044121314824888,10,9,30,25,84,"[908, 3760]",COMPLETE
4210,4210,0.29621264307137524,4.276341676712036,2021-06-19 17:07:32.736599,2021-06-19 17:07:37.024606,0 days 00:00:04.288007,20,0.7044121314824888,2,1,24,26,84,"[3260, 900]",COMPLETE
4211,4211,0.23521434649066997,2.8075461387634277,2021-06-19 17:07:37.027298,2021-06-19 17:07:39.840489,0 days 00:00:02.813191,20,0.7044121314824888,10,9,15,26,84,"[647, 411]",COMPLETE
4212,4212,0.23143434659959122,2.604074478149414,2021-06-19 17:07:39.843337,2021-06-19 17:07:42.453269,0 days 00:00:02.609932,20,0.775837870117549,10,1,24,26,84,"[2063, 1974]",COMPLETE
4213,4213,0.2321620879272566,2.6569440364837646,2021-06-19 17:07:42.456067,2021-06-19 17:07:45.118317,0 days 00:00:02.662250,20,0.7044121314824888,10,9,30,28,84,"[2862, 2862]",COMPLETE
4214,4214,0.2315391813227043,2.71018123626709,2021-06-19 17:07:45.121161,2021-06-19 17:07:47.836467,0 days 00:00:02.715306,20,0.7044121314824888,10,1,30,25,84,"[1006, 1006]",COMPLETE
4215,4215,0.2380268968706702,2.6705551147460938,2021-06-19 17:07:47.839241,2021-06-19 17:07:50.515116,0 days 00:00:02.675875,20,0.7492482924832433,10,9,9,26,84,"[745, 908]",COMPLETE
4216,4216,0.3034940272390773,2.624814987182617,2021-06-19 17:07:50.518005,2021-06-19 17:07:53.148857,0 days 00:00:02.630852,10,0.6415492259649922,10,1,30,4,84,"[3082, 849]",COMPLETE
4217,4217,0.4136564235274548,2.7869412899017334,2021-06-19 17:07:53.151549,2021-06-19 17:07:55.944083,0 days 00:00:02.792534,0,0.7100511651342796,10,9,24,0,84,"[2762, 1218]",COMPLETE
4218,4218,0.23361753237851413,2.6015818119049072,2021-06-19 17:07:55.946907,2021-06-19 17:07:58.553959,0 days 00:00:02.607052,20,0.7492482924832433,10,2,30,25,84,"[2762, 1735]",COMPLETE
4219,4219,0.23729853121714597,2.72780179977417,2021-06-19 17:07:58.556505,2021-06-19 17:08:01.289855,0 days 00:00:02.733350,60,0.7492482924832433,10,1,22,23,84,"[849, 1389]",COMPLETE
4220,4220,0.22846564642966094,2.5874533653259277,2021-06-19 17:08:01.292392,2021-06-19 17:08:03.885355,0 days 00:00:02.592963,20,0.7100511651342796,10,6,24,26,84,"[2762, 3566]",COMPLETE
4221,4221,0.25055067615149074,2.674194574356079,2021-06-19 17:08:03.888174,2021-06-19 17:08:06.567907,0 days 00:00:02.679733,80,0.7044121314824888,10,9,30,20,84,"[2991, 2963]",COMPLETE
4222,4222,0.2282180614186885,2.8064281940460205,2021-06-19 17:08:06.570656,2021-06-19 17:08:09.382553,0 days 00:00:02.811897,40,0.7044121314824888,10,9,30,26,84,"[3100, 2486]",COMPLETE
4223,4223,0.32839021929813156,2.6760776042938232,2021-06-19 17:08:09.385203,2021-06-19 17:08:12.066957,0 days 00:00:02.681754,20,0.7441631175387673,10,9,30,1,84,"[2960, 3256]",COMPLETE
4224,4224,0.25468584769336605,2.7242064476013184,2021-06-19 17:08:12.069735,2021-06-19 17:08:14.799492,0 days 00:00:02.729757,20,0.7492482924832433,10,1,30,18,84,"[1389, 1135]",COMPLETE
4225,4225,0.2339815838556805,2.7710328102111816,2021-06-19 17:08:14.802292,2021-06-19 17:08:17.578876,0 days 00:00:02.776584,20,0.9402197665162553,10,1,23,26,84,"[1205, 647]",COMPLETE
4226,4226,0.23251829207889954,2.6598172187805176,2021-06-19 17:08:17.581734,2021-06-19 17:08:20.247020,0 days 00:00:02.665286,20,0.7044121314824888,10,9,30,25,84,"[1244, 1218]",COMPLETE
4227,4227,0.30873425521399833,5.703550338745117,2021-06-19 17:08:20.249651,2021-06-19 17:08:25.958695,0 days 00:00:05.709044,20,0.7044121314824888,1,1,30,24,84,"[1159, 908]",COMPLETE
4228,4228,0.3126868799641656,2.6922597885131836,2021-06-19 17:08:25.961523,2021-06-19 17:08:28.659588,0 days 00:00:02.698065,80,0.7044121314824888,9,1,30,1,84,"[2465, 1656]",COMPLETE
4229,4229,inf,inf,2021-06-19 17:08:28.662260,2021-06-19 17:08:28.858512,0 days 00:00:00.196252,20,0.38011364678649384,10,1,13,26,84,"[1897, 3566]",COMPLETE
4230,4230,0.24212402693416737,2.755216121673584,2021-06-19 17:08:28.865514,2021-06-19 17:08:31.635720,0 days 00:00:02.770206,50,0.7044121314824888,10,1,2,26,84,"[1205, 908]",COMPLETE
4231,4231,0.2326095239030742,2.620201826095581,2021-06-19 17:08:31.638617,2021-06-19 17:08:34.264855,0 days 00:00:02.626238,80,0.7044121314824888,10,1,30,26,84,"[1599, 3260]",COMPLETE
4232,4232,0.23210862275290656,2.582416296005249,2021-06-19 17:08:34.267607,2021-06-19 17:08:36.855381,0 days 00:00:02.587774,20,0.7044121314824888,10,1,30,24,84,"[1159, 3082]",COMPLETE
4233,4233,0.23756389940997985,2.7296454906463623,2021-06-19 17:08:36.858257,2021-06-19 17:08:39.593497,0 days 00:00:02.735240,40,0.7044121314824888,10,1,8,25,84,"[3760, 1006]",COMPLETE
4234,4234,0.23224870671725284,2.624019145965576,2021-06-19 17:08:39.596226,2021-06-19 17:08:42.225580,0 days 00:00:02.629354,20,0.7044121314824888,10,1,30,25,84,"[1745, 1656]",COMPLETE
4235,4235,0.22991759724106456,2.8032453060150146,2021-06-19 17:08:42.228466,2021-06-19 17:08:45.037667,0 days 00:00:02.809201,20,0.7044121314824888,10,9,30,26,84,"[3483, 3307]",COMPLETE
4236,4236,0.22539754614383709,2.62375545501709,2021-06-19 17:08:45.040283,2021-06-19 17:08:47.669387,0 days 00:00:02.629104,20,0.7044121314824888,10,1,30,25,84,"[1656, 3100]",COMPLETE
4237,4237,0.24198305046541957,2.6177046298980713,2021-06-19 17:08:47.672041,2021-06-19 17:08:50.295157,0 days 00:00:02.623116,20,0.603627004462215,10,1,8,26,84,"[316, 1974]",COMPLETE
4238,4238,0.26718445201066643,2.708059072494507,2021-06-19 17:08:50.297993,2021-06-19 17:08:53.011512,0 days 00:00:02.713519,10,0.7044121314824888,10,1,28,17,84,"[3760, 2659]",COMPLETE
4239,4239,0.23624378274202687,2.5793089866638184,2021-06-19 17:08:53.013929,2021-06-19 17:08:55.598721,0 days 00:00:02.584792,30,0.7044121314824888,10,1,30,25,84,"[1246, 3105]",COMPLETE
4240,4240,0.23163554153488333,2.753399133682251,2021-06-19 17:08:55.601151,2021-06-19 17:08:58.359999,0 days 00:00:02.758848,10,0.7044121314824888,10,5,30,26,84,"[4079, 2862]",COMPLETE
4241,4241,0.23126784667019143,2.643803358078003,2021-06-19 17:08:58.362757,2021-06-19 17:09:01.012029,0 days 00:00:02.649272,20,0.775837870117549,10,9,30,25,84,"[1929, 3760]",COMPLETE
4242,4242,0.2309629393047119,2.647707223892212,2021-06-19 17:09:01.014878,2021-06-19 17:09:03.668068,0 days 00:00:02.653190,80,0.7492482924832433,10,1,30,25,84,"[908, 1389]",COMPLETE
4243,4243,0.2349938467642059,2.8423643112182617,2021-06-19 17:09:03.670650,2021-06-19 17:09:06.519090,0 days 00:00:02.848440,20,0.7044121314824888,9,9,30,25,84,"[2960, 1389]",COMPLETE
4244,4244,0.24361597841914673,2.586107015609741,2021-06-19 17:09:06.523879,2021-06-19 17:09:09.123374,0 days 00:00:02.599495,30,0.7044121314824888,10,1,1,24,84,"[1135, 1159]",COMPLETE
4245,4245,0.22740932087760138,2.8045146465301514,2021-06-19 17:09:09.126241,2021-06-19 17:09:11.936250,0 days 00:00:02.810009,20,0.7325816022968334,10,9,30,25,84,"[908, 1006]",COMPLETE
4246,4246,0.23119643236042853,2.6989481449127197,2021-06-19 17:09:11.939022,2021-06-19 17:09:14.643527,0 days 00:00:02.704505,20,0.775837870117549,10,14,30,25,84,"[2991, 2960]",COMPLETE
4247,4247,0.23058867358073343,2.574660062789917,2021-06-19 17:09:14.646340,2021-06-19 17:09:17.226444,0 days 00:00:02.580104,20,0.8047024443354969,10,1,24,26,84,"[2209, 647]",COMPLETE
4248,4248,0.26647105273164956,2.8801779747009277,2021-06-19 17:09:17.229259,2021-06-19 17:09:20.115057,0 days 00:00:02.885798,90,0.775837870117549,10,16,30,11,84,"[2991, 3260]",COMPLETE
4249,4249,0.23511927786946707,2.5932083129882812,2021-06-19 17:09:20.117954,2021-06-19 17:09:22.716804,0 days 00:00:02.598850,10,0.6415492259649922,10,8,22,23,84,"[849, 745]",COMPLETE
4250,4250,0.2358995694098277,2.5968985557556152,2021-06-19 17:09:22.719538,2021-06-19 17:09:25.370564,0 days 00:00:02.651026,20,0.7044121314824888,10,1,22,23,85,"[1974, 1159]",COMPLETE
4251,4251,0.22841114308664437,2.862809658050537,2021-06-19 17:09:25.373198,2021-06-19 17:09:28.242128,0 days 00:00:02.868930,100,0.8047024443354969,10,8,30,26,85,"[3105, 647]",COMPLETE
4252,4252,0.2926914013676493,4.0329625606536865,2021-06-19 17:09:28.244993,2021-06-19 17:09:32.283709,0 days 00:00:04.038716,20,0.7044121314824888,3,15,17,25,85,"[4236, 2762]",COMPLETE
4253,4253,0.23219726785582864,2.780944347381592,2021-06-19 17:09:32.286647,2021-06-19 17:09:35.073544,0 days 00:00:02.786897,20,0.8047024443354969,10,9,26,26,85,"[1745, 3256]",COMPLETE
4254,4254,0.23188260709727118,2.563774585723877,2021-06-19 17:09:35.076372,2021-06-19 17:09:37.645346,0 days 00:00:02.568974,10,0.6415492259649922,10,1,22,23,85,"[849, 849]",COMPLETE
4255,4255,0.23148809379179408,2.6179745197296143,2021-06-19 17:09:37.648129,2021-06-19 17:09:40.271843,0 days 00:00:02.623714,10,0.7492482924832433,10,7,24,26,85,"[900, 3566]",COMPLETE
4256,4256,inf,inf,2021-06-19 17:09:40.274661,2021-06-19 17:09:40.432854,0 days 00:00:00.158193,20,0.4138338969714363,10,1,30,25,85,"[2465, 2960]",COMPLETE
4257,4257,0.22895204636648336,2.782832145690918,2021-06-19 17:09:40.437394,2021-06-19 17:09:43.237857,0 days 00:00:02.800463,20,0.7044121314824888,10,12,30,25,85,"[2991, 1929]",COMPLETE
4258,4258,0.22662029652436663,2.6088716983795166,2021-06-19 17:09:43.240544,2021-06-19 17:09:45.854793,0 days 00:00:02.614249,20,0.775837870117549,10,1,30,25,85,"[1656, 2991]",COMPLETE
4259,4259,0.24205775995891168,2.9007484912872314,2021-06-19 17:09:45.857584,2021-06-19 17:09:48.763885,0 days 00:00:02.906301,20,0.7044121314824888,8,1,17,25,85,"[2063, 2209]",COMPLETE
4260,4260,0.23057858410038293,2.659862518310547,2021-06-19 17:09:48.766726,2021-06-19 17:09:51.432059,0 days 00:00:02.665333,20,0.7100511651342796,10,15,24,25,85,"[2762, 3195]",COMPLETE
4261,4261,0.2716942476692567,2.542330265045166,2021-06-19 17:09:51.434922,2021-06-19 17:09:53.982876,0 days 00:00:02.547954,20,0.662793034837749,10,1,30,16,85,"[2960, 3100]",COMPLETE
4262,4262,0.22747997780021006,2.7997469902038574,2021-06-19 17:09:53.987899,2021-06-19 17:09:56.800799,0 days 00:00:02.812900,20,0.7044121314824888,10,9,30,26,85,"[2486, 1244]",COMPLETE
4263,4263,0.23010219067085158,2.639875888824463,2021-06-19 17:09:56.803686,2021-06-19 17:09:59.448903,0 days 00:00:02.645217,20,0.7044121314824888,10,9,30,25,85,"[1218, 2960]",COMPLETE
4264,4264,0.22787857929183677,2.8313281536102295,2021-06-19 17:09:59.451636,2021-06-19 17:10:02.288316,0 days 00:00:02.836680,20,0.7044121314824888,10,9,26,26,85,"[3256, 1218]",COMPLETE
4265,4265,0.2288268024712333,2.678562879562378,2021-06-19 17:10:02.290884,2021-06-19 17:10:04.975029,0 days 00:00:02.684145,10,0.7492482924832433,10,11,30,25,85,"[1735, 1028]",COMPLETE
4266,4266,0.22939707977851118,2.5904061794281006,2021-06-19 17:10:04.977784,2021-06-19 17:10:07.573690,0 days 00:00:02.595906,20,0.7044121314824888,10,1,30,26,85,"[3105, 2991]",COMPLETE
4267,4267,0.23149531659501346,2.7694339752197266,2021-06-19 17:10:07.576650,2021-06-19 17:10:10.351687,0 days 00:00:02.775037,60,0.7492482924832433,10,1,24,26,85,"[900, 3082]",COMPLETE
4268,4268,0.2689512352160248,2.624344825744629,2021-06-19 17:10:10.354122,2021-06-19 17:10:12.984004,0 days 00:00:02.629882,100,0.7044121314824888,10,1,30,11,85,"[3260, 3260]",COMPLETE
4269,4269,0.2323906741953802,2.5930747985839844,2021-06-19 17:10:12.986845,2021-06-19 17:10:15.585451,0 days 00:00:02.598606,20,0.7044121314824888,10,2,30,25,85,"[1656, 1929]",COMPLETE
4270,4270,0.23406565339689983,2.71297025680542,2021-06-19 17:10:15.588418,2021-06-19 17:10:18.306761,0 days 00:00:02.718343,20,0.7044121314824888,10,1,30,25,85,"[3260, 1735]",COMPLETE
4271,4271,0.2346662445532482,2.5714590549468994,2021-06-19 17:10:18.309513,2021-06-19 17:10:20.886349,0 days 00:00:02.576836,20,0.7492482924832433,10,1,24,26,85,"[1599, 1389]",COMPLETE
4272,4272,0.2319191394590445,2.748889446258545,2021-06-19 17:10:20.889093,2021-06-19 17:10:23.643312,0 days 00:00:02.754219,20,0.7492482924832433,10,9,30,25,85,"[3483, 1735]",COMPLETE
4273,4273,0.2308561219599093,2.601151704788208,2021-06-19 17:10:23.645978,2021-06-19 17:10:26.252465,0 days 00:00:02.606487,20,0.8047024443354969,10,1,24,26,85,"[3566, 2063]",COMPLETE
4274,4274,0.23806375486839987,2.5943756103515625,2021-06-19 17:10:26.255432,2021-06-19 17:10:28.855802,0 days 00:00:02.600370,20,0.7044121314824888,10,1,30,25,85,"[1135, 4236]",COMPLETE
4275,4275,0.28788020622297483,2.7249741554260254,2021-06-19 17:10:28.858677,2021-06-19 17:10:31.589136,0 days 00:00:02.730459,20,0.8047024443354969,10,1,23,6,85,"[1006, 647]",COMPLETE
4276,4276,0.23219769030917423,2.660630702972412,2021-06-19 17:10:31.592034,2021-06-19 17:10:34.258822,0 days 00:00:02.666788,60,0.9212192431013315,10,1,30,25,85,"[1246, 4236]",COMPLETE
4277,4277,0.24132630671521216,2.6281068325042725,2021-06-19 17:10:34.261480,2021-06-19 17:10:36.895338,0 days 00:00:02.633858,80,0.7044121314824888,10,1,18,30,85,"[1159, 1218]",COMPLETE
4278,4278,0.23354547078571478,2.722806215286255,2021-06-19 17:10:36.898256,2021-06-19 17:10:39.626786,0 days 00:00:02.728530,50,0.775837870117549,10,1,30,26,85,"[2229, 3566]",COMPLETE
4279,4279,0.2665453562120172,2.6091487407684326,2021-06-19 17:10:39.629597,2021-06-19 17:10:42.244394,0 days 00:00:02.614797,10,0.7492482924832433,10,1,30,11,85,"[745, 1745]",COMPLETE
4280,4280,0.31164877234193183,5.990312099456787,2021-06-19 17:10:42.247194,2021-06-19 17:10:48.243373,0 days 00:00:05.996179,20,0.8047024443354969,1,12,24,25,85,"[1135, 2063]",COMPLETE
4281,4281,0.2311567363532404,2.625054359436035,2021-06-19 17:10:48.246189,2021-06-19 17:10:50.876606,0 days 00:00:02.630417,80,0.603627004462215,10,1,24,26,85,"[3814, 3814]",COMPLETE
4282,4282,0.23095499655514534,2.640695333480835,2021-06-19 17:10:50.879495,2021-06-19 17:10:53.525735,0 days 00:00:02.646240,20,0.7100511651342796,10,15,24,25,85,"[900, 2762]",COMPLETE
4283,4283,0.2366081518184526,2.7447268962860107,2021-06-19 17:10:53.528248,2021-06-19 17:10:56.278569,0 days 00:00:02.750321,20,0.7492482924832433,10,1,28,25,85,"[1929, 1735]",COMPLETE
4284,4284,0.23386963395686913,2.5669074058532715,2021-06-19 17:10:56.281247,2021-06-19 17:10:58.853493,0 days 00:00:02.572246,20,0.7044121314824888,10,1,30,26,85,"[1218, 2991]",COMPLETE
4285,4285,0.29137685304544164,3.8936617374420166,2021-06-19 17:10:58.856408,2021-06-19 17:11:02.755653,0 days 00:00:03.899245,20,0.7044121314824888,3,9,24,26,85,"[900, 2862]",COMPLETE
4286,4286,0.22814320144426123,2.822930335998535,2021-06-19 17:11:02.758534,2021-06-19 17:11:05.586838,0 days 00:00:02.828304,30,0.7044121314824888,10,9,30,26,85,"[2963, 2963]",COMPLETE
4287,4287,0.2328035756043952,2.6191446781158447,2021-06-19 17:11:05.589614,2021-06-19 17:11:08.214461,0 days 00:00:02.624847,20,0.8157414028575296,10,8,26,25,85,"[4236, 3256]",COMPLETE
4288,4288,0.2286935603553048,2.7634377479553223,2021-06-19 17:11:08.217351,2021-06-19 17:11:10.986194,0 days 00:00:02.768843,20,0.7044121314824888,10,9,26,26,85,"[411, 3307]",COMPLETE
4289,4289,0.2345257968767848,2.6406972408294678,2021-06-19 17:11:10.988808,2021-06-19 17:11:13.634704,0 days 00:00:02.645896,20,0.7044121314824888,10,1,30,25,85,"[1929, 1929]",COMPLETE
4290,4290,0.23616124018300408,2.645299196243286,2021-06-19 17:11:13.637459,2021-06-19 17:11:16.288405,0 days 00:00:02.650946,20,0.775837870117549,9,1,30,26,85,"[1974, 2862]",COMPLETE
4291,4291,0.22923249384143568,2.7430880069732666,2021-06-19 17:11:16.291079,2021-06-19 17:11:19.039756,0 days 00:00:02.748677,70,0.7492482924832433,10,1,30,25,85,"[880, 1006]",COMPLETE
4292,4292,0.23209355213728505,2.5793933868408203,2021-06-19 17:11:19.042656,2021-06-19 17:11:21.627637,0 days 00:00:02.584981,20,0.7492482924832433,10,1,28,25,85,"[1897, 3100]",COMPLETE
4293,4293,0.23111330002809807,2.828360080718994,2021-06-19 17:11:21.630571,2021-06-19 17:11:24.464438,0 days 00:00:02.833867,20,0.9305790123315569,10,1,26,26,85,"[3256, 2209]",COMPLETE
4294,4294,0.22990928196885413,2.6318016052246094,2021-06-19 17:11:24.467230,2021-06-19 17:11:27.104608,0 days 00:00:02.637378,20,0.7044121314824888,10,15,26,25,85,"[3483, 3256]",COMPLETE
4295,4295,0.2322855446689723,2.6658096313476562,2021-06-19 17:11:27.107445,2021-06-19 17:11:29.778764,0 days 00:00:02.671319,20,0.7044121314824888,10,9,22,26,85,"[849, 411]",COMPLETE
4296,4296,0.30593118633233435,5.62019944190979,2021-06-19 17:11:29.781694,2021-06-19 17:11:35.407743,0 days 00:00:05.626049,20,0.603627004462215,1,1,8,25,85,"[900, 316]",COMPLETE
4297,4297,inf,inf,2021-06-19 17:11:35.410244,2021-06-19 17:11:35.591709,0 days 00:00:00.181465,20,0.44162700426439183,10,1,24,11,85,"[3814, 3195]",COMPLETE
4298,4298,0.23280893781506062,2.594708204269409,2021-06-19 17:11:35.596912,2021-06-19 17:11:38.209158,0 days 00:00:02.612246,20,0.7044121314824888,10,1,30,25,85,"[2209, 3483]",COMPLETE
4299,4299,0.22919118951564033,2.8440372943878174,2021-06-19 17:11:38.211866,2021-06-19 17:11:41.061632,0 days 00:00:02.849766,10,0.7044121314824888,10,10,30,25,85,"[1135, 1897]",COMPLETE
4300,4300,0.22740539696444273,2.60068416595459,2021-06-19 17:11:41.064433,2021-06-19 17:12:54.726428,0 days 00:01:13.661995,20,0.7044121314824888,10,9,30,25,86,"[1244, 3100]",COMPLETE
4301,4301,0.23010830851972064,2.598048686981201,2021-06-19 17:12:54.731246,2021-06-19 17:12:57.337029,0 days 00:00:02.605783,10,0.7492482924832433,10,9,30,25,86,"[1244, 1389]",COMPLETE
4302,4302,0.23245231339150796,2.7627248764038086,2021-06-19 17:12:57.339913,2021-06-19 17:13:00.108073,0 days 00:00:02.768160,20,0.7044121314824888,10,9,30,25,86,"[3483, 1656]",COMPLETE
4303,4303,0.23015413452160405,2.722606658935547,2021-06-19 17:13:00.110960,2021-06-19 17:13:02.839144,0 days 00:00:02.728184,20,0.775837870117549,10,16,30,25,86,"[2991, 2960]",COMPLETE
4304,4304,0.23109000753574546,2.738814353942871,2021-06-19 17:13:02.842028,2021-06-19 17:13:05.586702,0 days 00:00:02.744674,10,0.811600819533461,10,1,30,25,86,"[1246, 3195]",COMPLETE
4305,4305,0.2329242836269636,2.6121985912323,2021-06-19 17:13:05.589516,2021-06-19 17:13:08.207114,0 days 00:00:02.617598,20,0.775837870117549,10,1,24,26,86,"[3814, 1974]",COMPLETE
4306,4306,0.2295465847918942,2.647193193435669,2021-06-19 17:13:08.209996,2021-06-19 17:13:10.862798,0 days 00:00:02.652802,20,0.7044121314824888,10,12,30,25,86,"[3483, 908]",COMPLETE
4307,4307,0.23503919729017922,2.679743766784668,2021-06-19 17:13:10.865575,2021-06-19 17:13:13.550863,0 days 00:00:02.685288,20,0.7492482924832433,10,1,30,25,86,"[880, 2078]",COMPLETE
4308,4308,0.22981886089292633,2.5849738121032715,2021-06-19 17:13:13.553510,2021-06-19 17:13:16.143952,0 days 00:00:02.590442,20,0.7044121314824888,10,1,30,26,86,"[2465, 1599]",COMPLETE
4309,4309,0.29718426409414445,3.3660457134246826,2021-06-19 17:13:16.146739,2021-06-19 17:13:19.519029,0 days 00:00:03.372290,10,0.8047024443354969,4,1,24,19,86,"[1897, 1312]",COMPLETE
4310,4310,0.31307157546575115,2.7170825004577637,2021-06-19 17:13:19.521891,2021-06-19 17:13:22.244633,0 days 00:00:02.722742,20,0.7100511651342796,10,1,22,6,86,"[2762, 4236]",COMPLETE
4311,4311,0.23755668543322778,2.617616891860962,2021-06-19 17:13:22.247442,2021-06-19 17:13:24.870661,0 days 00:00:02.623219,20,0.7619468645972747,10,1,30,26,86,"[3082, 3105]",COMPLETE
4312,4312,0.3059506795332751,5.592689275741577,2021-06-19 17:13:24.873558,2021-06-19 17:13:30.471805,0 days 00:00:05.598247,20,0.7492482924832433,1,1,30,26,86,"[1028, 3256]",COMPLETE
4313,4313,0.23100703415495363,2.6238205432891846,2021-06-19 17:13:30.474646,2021-06-19 17:13:33.104074,0 days 00:00:02.629428,20,0.7044121314824888,10,10,30,25,86,"[2078, 1246]",COMPLETE
4314,4314,0.2680815529595089,2.5580077171325684,2021-06-19 17:13:33.106592,2021-06-19 17:13:35.669907,0 days 00:00:02.563315,20,0.7044121314824888,10,1,2,14,86,"[1205, 1205]",COMPLETE
4315,4315,0.2316873540272017,2.7441744804382324,2021-06-19 17:13:35.672774,2021-06-19 17:13:38.422658,0 days 00:00:02.749884,10,0.7044121314824888,10,13,18,25,86,"[1244, 1389]",COMPLETE
4316,4316,0.23228844828687237,2.6096129417419434,2021-06-19 17:13:38.425394,2021-06-19 17:13:41.040392,0 days 00:00:02.614998,20,0.8047024443354969,10,1,24,25,86,"[2063, 2063]",COMPLETE
4317,4317,0.31358139347165714,5.854650259017944,2021-06-19 17:13:41.043258,2021-06-19 17:13:46.903550,0 days 00:00:05.860292,10,0.7492482924832433,1,11,30,25,86,"[1028, 1745]",COMPLETE
4318,4318,0.27689882906439717,2.622337579727173,2021-06-19 17:13:46.906462,2021-06-19 17:13:49.534336,0 days 00:00:02.627874,10,0.7044121314824888,10,9,30,9,86,"[3307, 1246]",COMPLETE
4319,4319,0.26030858087492126,2.8985393047332764,2021-06-19 17:13:49.537002,2021-06-19 17:13:52.441160,0 days 00:00:02.904158,20,0.7044121314824888,6,1,30,26,86,"[2465, 3307]",COMPLETE
4320,4320,0.23256106606500482,2.709869623184204,2021-06-19 17:13:52.444057,2021-06-19 17:13:55.159287,0 days 00:00:02.715230,10,0.7044121314824888,10,1,28,25,86,"[3511, 2659]",COMPLETE
4321,4321,0.2532495248996111,2.8718886375427246,2021-06-19 17:13:55.162161,2021-06-19 17:13:58.039679,0 days 00:00:02.877518,0,0.7492482924832433,7,1,24,26,86,"[2209, 1897]",COMPLETE
4322,4322,0.22869667703239296,2.782663583755493,2021-06-19 17:13:58.042578,2021-06-19 17:14:00.830671,0 days 00:00:02.788093,10,0.7492482924832433,10,9,30,26,86,"[880, 3256]",COMPLETE
4323,4323,0.29121750737787977,3.411489963531494,2021-06-19 17:14:00.833556,2021-06-19 17:14:04.250941,0 days 00:00:03.417385,80,0.7044121314824888,4,1,30,25,86,"[2465, 1735]",COMPLETE
4324,4324,0.2948244348358383,4.130007743835449,2021-06-19 17:14:04.253470,2021-06-19 17:14:08.389031,0 days 00:00:04.135561,50,0.7100511651342796,3,15,24,25,86,"[2762, 2659]",COMPLETE
