,number,values_0,values_1,datetime_start,datetime_complete,duration,params_checks,params_n_ratio,params_nskip,params_trees,params_w1,params_w2,system_attrs_nsga2:generation,system_attrs_nsga2:parents,state
9302,9302,0.2832700611798013,2.5789337158203125,2021-06-19 21:59:55.103029,2021-06-19 21:59:57.693142,0 days 00:00:02.590113,20,0.775837870117549,10,1,30,5,186,"[6592, 1028]",COMPLETE
9303,9303,0.2313519377409297,2.548807382583618,2021-06-19 21:59:57.698129,2021-06-19 22:00:00.257669,0 days 00:00:02.559540,20,0.775837870117549,10,1,30,25,186,"[9180, 9180]",COMPLETE
9304,9304,0.2343608089782689,2.8498282432556152,2021-06-19 22:00:00.262661,2021-06-19 22:00:03.123754,0 days 00:00:02.861093,20,0.8047024443354969,10,1,16,25,186,"[2063, 6351]",COMPLETE
9305,9305,0.274019939667985,2.5643420219421387,2021-06-19 22:00:03.128793,2021-06-19 22:00:05.704397,0 days 00:00:02.575604,20,0.775837870117549,10,1,30,9,186,"[6835, 3760]",COMPLETE
9306,9306,0.23313468937140716,2.716029644012451,2021-06-19 22:00:05.709179,2021-06-19 22:00:08.436215,0 days 00:00:02.727036,0,0.775837870117549,10,1,30,26,186,"[7631, 6351]",COMPLETE
9307,9307,0.23362101898513174,2.5790677070617676,2021-06-19 22:00:08.440934,2021-06-19 22:00:11.031331,0 days 00:00:02.590397,40,0.775837870117549,10,1,30,28,186,"[9286, 6751]",COMPLETE
9308,9308,0.2329464115163101,2.768843412399292,2021-06-19 22:00:11.036232,2021-06-19 22:00:13.815854,0 days 00:00:02.779622,10,0.7492482924832433,10,5,30,25,186,"[1389, 1389]",COMPLETE
9309,9309,0.2382388690019185,2.592921733856201,2021-06-19 22:00:13.820631,2021-06-19 22:00:16.424567,0 days 00:00:02.603936,20,0.775837870117549,10,1,17,25,186,"[9180, 6351]",COMPLETE
9310,9310,0.27551568400979015,2.7860093116760254,2021-06-19 22:00:16.429482,2021-06-19 22:00:19.226551,0 days 00:00:02.797069,20,0.775837870117549,10,1,30,7,186,"[8498, 5853]",COMPLETE
9311,9311,0.2306068094039132,2.5851662158966064,2021-06-19 22:00:19.231195,2021-06-19 22:00:21.827181,0 days 00:00:02.595986,20,0.7044121314824888,10,1,30,25,186,"[3260, 3082]",COMPLETE
9312,9312,0.23637695939017017,2.6099846363067627,2021-06-19 22:00:21.832163,2021-06-19 22:00:24.454348,0 days 00:00:02.622185,20,0.775837870117549,10,1,8,25,186,"[9180, 1929]",COMPLETE
9313,9313,0.23454847237323317,2.5621230602264404,2021-06-19 22:00:24.459294,2021-06-19 22:00:27.032301,0 days 00:00:02.573007,10,0.6415492259649922,10,1,30,26,186,"[6751, 849]",COMPLETE
9314,9314,0.23259171181646546,2.776031970977783,2021-06-19 22:00:27.037221,2021-06-19 22:00:29.824177,0 days 00:00:02.786956,20,0.775837870117549,10,1,30,25,186,"[8498, 8935]",COMPLETE
9315,9315,0.23380938947143803,2.616945266723633,2021-06-19 22:00:29.829058,2021-06-19 22:00:32.456850,0 days 00:00:02.627792,20,0.7492482924832433,10,1,30,25,186,"[900, 9057]",COMPLETE
9316,9316,0.2311080181073575,2.55268931388855,2021-06-19 22:00:32.462052,2021-06-19 22:00:35.026928,0 days 00:00:02.564876,20,0.775837870117549,10,1,30,27,186,"[8935, 5654]",COMPLETE
9317,9317,0.2889179861716681,3.926196575164795,2021-06-19 22:00:35.031814,2021-06-19 22:00:38.969029,0 days 00:00:03.937215,20,0.7044121314824888,3,1,30,25,186,"[1159, 1028]",COMPLETE
9318,9318,0.23899068203952342,2.9741721153259277,2021-06-19 22:00:38.973679,2021-06-19 22:00:41.958653,0 days 00:00:02.984974,20,0.9853668970601726,10,1,23,26,186,"[2078, 2078]",COMPLETE
9319,9319,0.2406629050958063,2.776209831237793,2021-06-19 22:00:41.963298,2021-06-19 22:00:44.750679,0 days 00:00:02.787381,0,0.7044121314824888,10,1,30,26,186,"[8898, 7005]",COMPLETE
9320,9320,0.23283265429106195,2.581629514694214,2021-06-19 22:00:44.755175,2021-06-19 22:00:47.348165,0 days 00:00:02.592990,30,0.7492482924832433,10,1,23,26,186,"[2078, 5654]",COMPLETE
9321,9321,0.23752554893352362,2.5829174518585205,2021-06-19 22:00:47.352952,2021-06-19 22:00:49.946754,0 days 00:00:02.593802,20,0.603627004462215,10,1,8,25,186,"[8531, 316]",COMPLETE
9322,9322,0.23218341512275753,2.787750244140625,2021-06-19 22:00:49.951558,2021-06-19 22:00:52.750584,0 days 00:00:02.799026,20,0.775837870117549,10,3,30,26,186,"[6592, 3082]",COMPLETE
9323,9323,0.23271152153957814,2.5558574199676514,2021-06-19 22:00:52.755208,2021-06-19 22:00:55.322129,0 days 00:00:02.566921,20,0.775837870117549,10,1,14,25,186,"[7770, 5145]",COMPLETE
9324,9324,0.23186198096783756,2.565424919128418,2021-06-19 22:00:55.327086,2021-06-19 22:00:57.903582,0 days 00:00:02.576496,20,0.775837870117549,10,1,30,25,186,"[8933, 7631]",COMPLETE
9325,9325,0.2333455887722947,2.6242899894714355,2021-06-19 22:00:57.908626,2021-06-19 22:01:00.544057,0 days 00:00:02.635431,20,0.7044121314824888,10,15,13,25,186,"[2209, 7631]",COMPLETE
9326,9326,0.22752769026941005,2.8284387588500977,2021-06-19 22:01:00.548894,2021-06-19 22:01:03.388369,0 days 00:00:02.839475,20,0.775837870117549,10,1,30,25,186,"[7770, 6763]",COMPLETE
9327,9327,0.23129048473288769,2.6053154468536377,2021-06-19 22:01:03.393252,2021-06-19 22:01:06.009732,0 days 00:00:02.616480,20,0.775837870117549,10,1,30,26,186,"[9286, 8498]",COMPLETE
9328,9328,0.2295380946144717,2.698469877243042,2021-06-19 22:01:06.014700,2021-06-19 22:01:08.724201,0 days 00:00:02.709501,20,0.775837870117549,10,11,30,26,186,"[5654, 5654]",COMPLETE
9329,9329,0.24233949843336278,2.8370330333709717,2021-06-19 22:01:08.729032,2021-06-19 22:01:11.578278,0 days 00:00:02.849246,20,0.775837870117549,9,1,3,26,186,"[6835, 8024]",COMPLETE
9330,9330,inf,inf,2021-06-19 22:01:11.583323,2021-06-19 22:01:11.694797,0 days 00:00:00.111474,30,0.3382503106474219,10,1,30,26,186,"[2963, 8433]",COMPLETE
9331,9331,0.2340980959538166,2.597761869430542,2021-06-19 22:01:11.714051,2021-06-19 22:01:14.337752,0 days 00:00:02.623701,40,0.775837870117549,10,1,30,25,186,"[6751, 9180]",COMPLETE
9332,9332,0.23152869383139826,2.556849956512451,2021-06-19 22:01:14.342605,2021-06-19 22:01:16.910407,0 days 00:00:02.567802,20,0.7044121314824888,10,1,30,25,186,"[849, 1929]",COMPLETE
9333,9333,0.23347065974518327,2.7551424503326416,2021-06-19 22:01:16.915259,2021-06-19 22:01:19.681364,0 days 00:00:02.766105,10,0.7044121314824888,10,1,30,25,186,"[3100, 8898]",COMPLETE
9334,9334,0.23427961371255765,2.5590627193450928,2021-06-19 22:01:19.686413,2021-06-19 22:01:22.256498,0 days 00:00:02.570085,20,0.775837870117549,10,1,30,26,186,"[2991, 7926]",COMPLETE
9335,9335,0.23361187489773644,2.656341075897217,2021-06-19 22:01:22.261448,2021-06-19 22:01:24.928641,0 days 00:00:02.667193,10,0.6415492259649922,10,1,22,23,186,"[849, 849]",COMPLETE
9336,9336,inf,inf,2021-06-19 22:01:24.933464,2021-06-19 22:01:25.510182,0 days 00:00:00.576718,20,0.534668493477214,6,1,30,25,186,"[1159, 4943]",COMPLETE
9337,9337,0.23301452836965028,2.736786127090454,2021-06-19 22:01:25.518141,2021-06-19 22:01:28.292827,0 days 00:00:02.774686,20,0.7492482924832433,10,1,23,25,186,"[2078, 4943]",COMPLETE
9338,9338,0.231896762700379,2.5678446292877197,2021-06-19 22:01:28.297744,2021-06-19 22:01:30.876809,0 days 00:00:02.579065,10,0.775837870117549,10,1,22,23,186,"[849, 8416]",COMPLETE
9339,9339,0.23370190304443533,2.5598268508911133,2021-06-19 22:01:30.881707,2021-06-19 22:01:33.452713,0 days 00:00:02.571006,20,0.775837870117549,10,1,30,25,186,"[9029, 5654]",COMPLETE
9340,9340,0.2334645592769274,2.7673068046569824,2021-06-19 22:01:33.457532,2021-06-19 22:01:36.236009,0 days 00:00:02.778477,20,0.775837870117549,10,1,30,25,186,"[5853, 7926]",COMPLETE
9341,9341,0.2334842368260925,2.580267906188965,2021-06-19 22:01:36.240734,2021-06-19 22:01:38.832200,0 days 00:00:02.591466,20,0.775837870117549,10,1,30,26,186,"[1244, 5654]",COMPLETE
9342,9342,0.31069528726667445,5.6486358642578125,2021-06-19 22:01:38.837157,2021-06-19 22:01:44.497078,0 days 00:00:05.659921,20,0.7044121314824888,1,1,30,25,186,"[5145, 3260]",COMPLETE
9343,9343,0.23668847011272526,2.6096725463867188,2021-06-19 22:01:44.501880,2021-06-19 22:01:47.122868,0 days 00:00:02.620988,20,0.9062626113045493,10,1,22,23,186,"[849, 3260]",COMPLETE
9344,9344,0.2360411354715949,2.6639442443847656,2021-06-19 22:01:47.127805,2021-06-19 22:01:49.802907,0 days 00:00:02.675102,0,0.775837870117549,10,1,13,25,186,"[8024, 8720]",COMPLETE
9345,9345,0.2341911178995236,2.8936331272125244,2021-06-19 22:01:49.807876,2021-06-19 22:01:52.712940,0 days 00:00:02.905064,20,0.775837870117549,9,9,30,25,186,"[5145, 8416]",COMPLETE
9346,9346,0.229448740080113,2.6675162315368652,2021-06-19 22:01:52.717759,2021-06-19 22:01:55.396644,0 days 00:00:02.678885,100,0.775837870117549,10,1,30,25,186,"[8333, 2991]",COMPLETE
9347,9347,0.2867271847116192,2.655674934387207,2021-06-19 22:01:55.401803,2021-06-19 22:01:58.069949,0 days 00:00:02.668146,100,0.8047024443354969,10,1,25,5,186,"[8256, 8333]",COMPLETE
9348,9348,0.31101020584740197,5.849829435348511,2021-06-19 22:01:58.074773,2021-06-19 22:02:03.935944,0 days 00:00:05.861171,20,0.7044121314824888,1,8,30,24,186,"[1929, 5379]",COMPLETE
9349,9349,0.22882298503020773,2.5484683513641357,2021-06-19 22:02:03.940709,2021-06-19 22:02:06.500087,0 days 00:00:02.559378,20,0.7044121314824888,10,1,30,25,186,"[9029, 1159]",COMPLETE
9350,9350,0.23082652405341877,2.5709543228149414,2021-06-19 22:02:06.505120,2021-06-19 22:02:09.135156,0 days 00:00:02.630036,20,0.775837870117549,10,1,30,26,187,"[7926, 7926]",COMPLETE
9351,9351,0.2317906319706401,2.5264627933502197,2021-06-19 22:02:09.140136,2021-06-19 22:02:11.677550,0 days 00:00:02.537414,20,0.7044121314824888,10,1,25,26,187,"[8898, 1159]",COMPLETE
9352,9352,0.22835845057049797,2.7518310546875,2021-06-19 22:02:11.682358,2021-06-19 22:02:14.445069,0 days 00:00:02.762711,40,0.775837870117549,10,1,30,26,187,"[8333, 6751]",COMPLETE
9353,9353,0.27581782485913353,3.1427290439605713,2021-06-19 22:02:14.449984,2021-06-19 22:02:17.603841,0 days 00:00:03.153857,70,0.7492482924832433,5,1,24,25,187,"[3760, 900]",COMPLETE
9354,9354,0.22972973359194232,2.5605833530426025,2021-06-19 22:02:17.608742,2021-06-19 22:02:20.180286,0 days 00:00:02.571544,20,0.775837870117549,10,1,30,26,187,"[6351, 8024]",COMPLETE
9355,9355,0.23538793755713802,2.811952829360962,2021-06-19 22:02:20.185266,2021-06-19 22:02:23.008570,0 days 00:00:02.823304,20,0.7638162248985361,10,1,14,25,187,"[1929, 9029]",COMPLETE
9356,9356,0.23233414706405114,2.5908210277557373,2021-06-19 22:02:23.013502,2021-06-19 22:02:25.615305,0 days 00:00:02.601803,20,0.7492482924832433,10,1,30,25,187,"[1389, 6592]",COMPLETE
9357,9357,0.2344830377875987,2.607419729232788,2021-06-19 22:02:25.620346,2021-06-19 22:02:28.238658,0 days 00:00:02.618312,10,0.8033829139319779,10,1,30,25,187,"[880, 880]",COMPLETE
9358,9358,0.2566200283192988,2.710839033126831,2021-06-19 22:02:28.243599,2021-06-19 22:02:30.965683,0 days 00:00:02.722084,0,0.5297299456016729,10,1,25,20,187,"[849, 8898]",COMPLETE
9359,9359,0.2306741682262787,2.608421802520752,2021-06-19 22:02:30.970595,2021-06-19 22:02:33.589847,0 days 00:00:02.619252,20,0.775837870117549,10,1,30,25,187,"[8333, 8333]",COMPLETE
9360,9360,0.23353021451965533,2.5298991203308105,2021-06-19 22:02:33.594828,2021-06-19 22:02:36.135801,0 days 00:00:02.540973,20,0.775837870117549,10,1,30,23,187,"[9057, 6351]",COMPLETE
9361,9361,0.2423203314701559,2.8051223754882812,2021-06-19 22:02:36.140655,2021-06-19 22:02:38.956962,0 days 00:00:02.816307,20,0.775837870117549,10,7,3,25,187,"[3760, 7770]",COMPLETE
9362,9362,0.3445758084406482,5.433306932449341,2021-06-19 22:02:38.961841,2021-06-19 22:02:44.406395,0 days 00:00:05.444554,20,0.775837870117549,1,1,29,6,187,"[6968, 3082]",COMPLETE
9363,9363,0.230257786957916,2.5832858085632324,2021-06-19 22:02:44.411411,2021-06-19 22:02:47.005632,0 days 00:00:02.594221,20,0.8047024443354969,10,1,30,25,187,"[5379, 4943]",COMPLETE
9364,9364,0.23565351637351023,2.744645357131958,2021-06-19 22:02:47.010586,2021-06-19 22:02:49.766466,0 days 00:00:02.755880,20,0.7044121314824888,10,1,16,26,187,"[8898, 2209]",COMPLETE
9365,9365,0.22954298565758602,2.6502926349639893,2021-06-19 22:02:49.771338,2021-06-19 22:02:52.432764,0 days 00:00:02.661426,10,0.775837870117549,10,12,27,25,187,"[2991, 8898]",COMPLETE
9366,9366,0.2520267128797871,2.668001651763916,2021-06-19 22:02:52.437641,2021-06-19 22:02:55.116796,0 days 00:00:02.679155,80,0.7492482924832433,10,1,30,17,187,"[4943, 1389]",COMPLETE
9367,9367,0.23097225193514057,2.7878029346466064,2021-06-19 22:02:55.121923,2021-06-19 22:02:57.922027,0 days 00:00:02.800104,20,0.775837870117549,10,3,30,24,187,"[1159, 9286]",COMPLETE
9368,9368,0.22544283057427927,2.606671094894409,2021-06-19 22:02:57.926971,2021-06-19 22:03:00.544585,0 days 00:00:02.617614,20,0.775837870117549,10,1,30,25,187,"[9286, 5145]",COMPLETE
9369,9369,0.2389809167337411,2.6002235412597656,2021-06-19 22:03:00.549570,2021-06-19 22:03:03.161099,0 days 00:00:02.611529,20,0.775837870117549,10,3,30,21,187,"[3100, 8720]",COMPLETE
9370,9370,0.29352244058003957,3.8966002464294434,2021-06-19 22:03:03.166009,2021-06-19 22:03:07.073848,0 days 00:00:03.907839,20,0.775837870117549,3,1,30,24,187,"[9286, 8261]",COMPLETE
9371,9371,0.2436189682792484,2.5694661140441895,2021-06-19 22:03:07.078631,2021-06-19 22:03:09.659458,0 days 00:00:02.580827,20,0.8047024443354969,10,1,1,25,187,"[1389, 8256]",COMPLETE
9372,9372,0.233998273839882,2.592831611633301,2021-06-19 22:03:09.664362,2021-06-19 22:03:12.268308,0 days 00:00:02.603946,10,0.775837870117549,10,1,30,22,187,"[8024, 1028]",COMPLETE
9373,9373,0.2323598015128961,2.801558017730713,2021-06-19 22:03:12.273297,2021-06-19 22:03:15.085927,0 days 00:00:02.812630,20,0.6086475218508062,10,1,30,25,187,"[8531, 8024]",COMPLETE
9374,9374,0.23697190011908675,2.5403940677642822,2021-06-19 22:03:15.090814,2021-06-19 22:03:17.642428,0 days 00:00:02.551614,20,0.603627004462215,10,1,30,25,187,"[316, 3082]",COMPLETE
9375,9375,0.2279540786671621,2.556941270828247,2021-06-19 22:03:17.647400,2021-06-19 22:03:20.215476,0 days 00:00:02.568076,20,0.775837870117549,10,1,25,25,187,"[8261, 9057]",COMPLETE
9376,9376,0.22972792106600126,2.806429147720337,2021-06-19 22:03:20.220531,2021-06-19 22:03:23.038212,0 days 00:00:02.817681,50,0.7044121314824888,10,9,30,26,187,"[2078, 1244]",COMPLETE
9377,9377,0.23329849789557192,2.599294424057007,2021-06-19 22:03:23.043046,2021-06-19 22:03:25.653449,0 days 00:00:02.610403,20,0.775837870117549,10,1,16,25,187,"[6592, 3260]",COMPLETE
9378,9378,0.2311881696270425,2.5767221450805664,2021-06-19 22:03:25.658324,2021-06-19 22:03:28.246021,0 days 00:00:02.587697,10,0.7044121314824888,10,1,24,26,187,"[7926, 5379]",COMPLETE
9379,9379,0.2969637703984368,3.898282766342163,2021-06-19 22:03:28.250860,2021-06-19 22:03:32.160376,0 days 00:00:03.909516,20,0.775837870117549,3,1,22,25,187,"[3082, 316]",COMPLETE
9380,9380,0.23165742584147583,2.5833215713500977,2021-06-19 22:03:32.165464,2021-06-19 22:03:34.760934,0 days 00:00:02.595470,20,0.775837870117549,10,1,30,25,187,"[7770, 5654]",COMPLETE
9381,9381,0.2309160833280036,2.6181890964508057,2021-06-19 22:03:34.765946,2021-06-19 22:03:37.395373,0 days 00:00:02.629427,60,0.775837870117549,10,1,30,25,187,"[7770, 1028]",COMPLETE
9382,9382,0.22810306064261793,2.6014695167541504,2021-06-19 22:03:37.400439,2021-06-19 22:03:40.013103,0 days 00:00:02.612664,20,0.775837870117549,10,1,30,25,187,"[8720, 1929]",COMPLETE
9383,9383,0.22970512616011485,2.713327169418335,2021-06-19 22:03:40.018024,2021-06-19 22:03:42.742410,0 days 00:00:02.724386,20,0.7044121314824888,10,1,30,26,187,"[8898, 6763]",COMPLETE
9384,9384,0.23351543068636024,2.569124937057495,2021-06-19 22:03:42.747201,2021-06-19 22:03:45.327391,0 days 00:00:02.580190,40,0.775837870117549,10,1,20,25,187,"[3760, 8531]",COMPLETE
9385,9385,0.2408404035097801,2.564741611480713,2021-06-19 22:03:45.332375,2021-06-19 22:03:47.908071,0 days 00:00:02.575696,20,0.775837870117549,10,1,7,26,187,"[9286, 9286]",COMPLETE
9386,9386,0.2263984440933373,2.7635369300842285,2021-06-19 22:03:47.913114,2021-06-19 22:03:50.687640,0 days 00:00:02.774526,10,0.775837870117549,10,1,30,25,187,"[8333, 1028]",COMPLETE
9387,9387,0.23256507583007094,2.5480027198791504,2021-06-19 22:03:50.692690,2021-06-19 22:03:53.252290,0 days 00:00:02.559600,10,0.7492482924832433,10,1,25,25,187,"[900, 1389]",COMPLETE
9388,9388,0.2365918930084403,2.766710042953491,2021-06-19 22:03:53.257164,2021-06-19 22:03:56.035006,0 days 00:00:02.777842,20,0.6557009951077875,10,1,30,25,187,"[8531, 8261]",COMPLETE
9389,9389,0.24179442350375344,2.590916872024536,2021-06-19 22:03:56.039818,2021-06-19 22:03:58.642151,0 days 00:00:02.602333,50,0.775837870117549,10,1,3,26,187,"[2078, 8433]",COMPLETE
9390,9390,inf,inf,2021-06-19 22:03:58.647101,2021-06-19 22:03:58.801771,0 days 00:00:00.154670,10,0.3158274734982481,10,1,30,25,187,"[880, 6592]",COMPLETE
9391,9391,0.24032222422537752,2.6137616634368896,2021-06-19 22:03:58.813391,2021-06-19 22:04:01.463258,0 days 00:00:02.649867,20,0.7044121314824888,10,9,30,22,187,"[6968, 1244]",COMPLETE
9392,9392,0.22793546580882995,2.5719094276428223,2021-06-19 22:04:01.468385,2021-06-19 22:04:04.051341,0 days 00:00:02.582956,20,0.775837870117549,10,1,30,25,187,"[2209, 9029]",COMPLETE
9393,9393,0.23237205811476408,2.801020383834839,2021-06-19 22:04:04.056348,2021-06-19 22:04:06.868786,0 days 00:00:02.812438,20,0.775837870117549,10,4,25,26,187,"[7631, 8256]",COMPLETE
9394,9394,0.2857920815970842,2.631843090057373,2021-06-19 22:04:06.873764,2021-06-19 22:04:09.517692,0 days 00:00:02.643928,20,0.775837870117549,10,7,30,4,187,"[6351, 3260]",COMPLETE
9395,9395,inf,inf,2021-06-19 22:04:09.522760,2021-06-19 22:04:09.957874,0 days 00:00:00.435114,10,0.4342310281374526,1,1,30,25,187,"[880, 3760]",COMPLETE
9396,9396,0.23214206937522,2.8077235221862793,2021-06-19 22:04:09.969266,2021-06-19 22:04:12.806068,0 days 00:00:02.836802,20,0.7044121314824888,10,7,30,25,187,"[9029, 3100]",COMPLETE
9397,9397,0.232174678742338,2.604445695877075,2021-06-19 22:04:12.810825,2021-06-19 22:04:15.427484,0 days 00:00:02.616659,50,0.775837870117549,10,1,30,25,187,"[8720, 8935]",COMPLETE
9398,9398,0.23112398701944412,2.6150498390197754,2021-06-19 22:04:15.432013,2021-06-19 22:04:18.058351,0 days 00:00:02.626338,50,0.6895160635934148,10,2,25,25,187,"[6763, 8898]",COMPLETE
9399,9399,0.23132216487988774,2.6220033168792725,2021-06-19 22:04:18.062888,2021-06-19 22:04:20.695965,0 days 00:00:02.633077,40,0.775837870117549,10,1,30,26,187,"[8898, 6751]",COMPLETE
9400,9400,0.3006069640118266,4.5487329959869385,2021-06-19 22:04:20.700447,2021-06-19 22:05:37.959720,0 days 00:01:17.259273,20,0.6902877357457,2,1,23,26,188,"[9286, 2078]",COMPLETE
9401,9401,0.23100958433612048,2.6701295375823975,2021-06-19 22:05:37.976145,2021-06-19 22:05:40.660182,0 days 00:00:02.684037,20,0.8047024443354969,10,1,24,25,188,"[1929, 2063]",COMPLETE
9402,9402,0.23390502576415573,2.7460668087005615,2021-06-19 22:05:40.665176,2021-06-19 22:05:43.422818,0 days 00:00:02.757642,10,0.775837870117549,10,1,30,25,188,"[4943, 9286]",COMPLETE
9403,9403,0.22848975418964765,2.574265241622925,2021-06-19 22:05:43.427674,2021-06-19 22:05:46.012996,0 days 00:00:02.585322,20,0.775837870117549,10,1,30,25,188,"[7005, 7770]",COMPLETE
9404,9404,0.22924427721192117,2.607825517654419,2021-06-19 22:05:46.017997,2021-06-19 22:05:48.636845,0 days 00:00:02.618848,20,0.7125152523474076,10,1,30,26,188,"[9286, 9286]",COMPLETE
9405,9405,inf,inf,2021-06-19 22:05:48.641869,2021-06-19 22:05:49.139272,0 days 00:00:00.497403,20,0.603627004462215,10,1,8,25,188,"[316, 9057]",COMPLETE
9406,9406,0.22642080076841872,2.7164392471313477,2021-06-19 22:05:49.161626,2021-06-19 22:05:51.898241,0 days 00:00:02.736615,10,0.603627004462215,10,1,24,25,188,"[2063, 316]",COMPLETE
9407,9407,0.2319450261517073,2.5823988914489746,2021-06-19 22:05:51.903063,2021-06-19 22:05:54.496616,0 days 00:00:02.593553,20,0.7533617180517536,10,1,25,25,188,"[8433, 8256]",COMPLETE
9408,9408,0.23081163284869616,2.5893566608428955,2021-06-19 22:05:54.501683,2021-06-19 22:05:57.102370,0 days 00:00:02.600687,20,0.775837870117549,10,1,22,25,188,"[8024, 4943]",COMPLETE
9409,9409,0.23447636379490946,2.814340829849243,2021-06-19 22:05:57.107385,2021-06-19 22:05:59.932801,0 days 00:00:02.825416,20,0.7044121314824888,10,9,30,30,188,"[1244, 1244]",COMPLETE
9410,9410,0.227445834750344,2.623368501663208,2021-06-19 22:05:59.937753,2021-06-19 22:06:02.572410,0 days 00:00:02.634657,20,0.775837870117549,10,1,29,25,188,"[7770, 8261]",COMPLETE
9411,9411,0.2354195885985764,2.539912223815918,2021-06-19 22:06:02.577368,2021-06-19 22:06:05.128234,0 days 00:00:02.550866,20,0.7044121314824888,10,1,30,25,188,"[3260, 3260]",COMPLETE
9412,9412,0.23195164375786798,2.77850341796875,2021-06-19 22:06:05.132917,2021-06-19 22:06:07.923004,0 days 00:00:02.790087,20,0.775837870117549,10,13,22,24,188,"[1159, 6751]",COMPLETE
9413,9413,inf,inf,2021-06-19 22:06:07.927404,2021-06-19 22:06:08.130435,0 days 00:00:00.203031,20,0.3937841960275777,10,1,30,26,188,"[6751, 1159]",COMPLETE
9414,9414,0.22873979674790423,2.558267593383789,2021-06-19 22:06:08.141240,2021-06-19 22:06:10.735663,0 days 00:00:02.594423,20,0.775837870117549,10,1,30,25,188,"[2063, 8498]",COMPLETE
9415,9415,0.2432325486704975,2.5491831302642822,2021-06-19 22:06:10.740311,2021-06-19 22:06:13.300656,0 days 00:00:02.560345,20,0.8047024443354969,10,1,2,22,188,"[5853, 8256]",COMPLETE
9416,9416,0.23165570378925593,2.783451795578003,2021-06-19 22:06:13.305703,2021-06-19 22:06:16.100167,0 days 00:00:02.794464,20,0.775837870117549,10,1,30,26,188,"[8933, 6751]",COMPLETE
9417,9417,0.22782630709764348,2.5638065338134766,2021-06-19 22:06:16.105060,2021-06-19 22:06:18.680058,0 days 00:00:02.574998,60,0.775837870117549,10,1,30,26,188,"[3760, 7005]",COMPLETE
9418,9418,0.3051284314252345,5.4034483432769775,2021-06-19 22:06:18.685106,2021-06-19 22:06:24.099880,0 days 00:00:05.414774,20,0.7018192279871172,1,1,24,26,188,"[6351, 2209]",COMPLETE
9419,9419,0.2396789916340373,2.856320381164551,2021-06-19 22:06:24.104910,2021-06-19 22:06:26.972483,0 days 00:00:02.867573,20,0.7044121314824888,9,1,30,25,188,"[8898, 5853]",COMPLETE
