,number,values_0,values_1,datetime_start,datetime_complete,duration,params_checks,params_n_ratio,params_nskip,params_trees,params_w1,params_w2,system_attrs_nsga2:generation,system_attrs_nsga2:parents,state
5275,5275,0.231242155550199,2.8127405643463135,2021-06-19 18:08:37.698866,2021-06-19 18:08:40.518391,0 days 00:00:02.819525,20,0.7044121314824888,10,10,25,25,105,"[3195, 3260]",COMPLETE
5276,5276,0.3240200303889951,8.989239692687988,2021-06-19 18:08:40.521703,2021-06-19 18:08:49.517757,0 days 00:00:08.996054,30,0.7044121314824888,0,1,30,26,105,"[2963, 2465]",COMPLETE
5277,5277,0.2914177467943042,3.9304420948028564,2021-06-19 18:08:49.520834,2021-06-19 18:08:53.457807,0 days 00:00:03.936973,20,0.7492482924832433,3,5,24,26,105,"[900, 900]",COMPLETE
5278,5278,0.23479704285638467,2.5853493213653564,2021-06-19 18:08:53.460920,2021-06-19 18:08:56.052795,0 days 00:00:02.591875,10,0.7492482924832433,10,1,30,25,105,"[880, 4523]",COMPLETE
5279,5279,0.27184185884345863,2.5838701725006104,2021-06-19 18:08:56.055818,2021-06-19 18:08:58.646379,0 days 00:00:02.590561,10,0.7044121314824888,10,1,30,11,105,"[4879, 4523]",COMPLETE
5280,5280,inf,inf,2021-06-19 18:08:58.649652,2021-06-19 18:08:59.081646,0 days 00:00:00.431994,20,0.5594104109335019,10,1,30,25,105,"[3082, 3082]",COMPLETE
5281,5281,0.2961706420099714,4.002411127090454,2021-06-19 18:08:59.086290,2021-06-19 18:09:03.106365,0 days 00:00:04.020075,10,0.7044121314824888,3,9,30,25,105,"[3256, 1246]",COMPLETE
5282,5282,0.27076431027146985,2.5849838256835938,2021-06-19 18:09:03.109602,2021-06-19 18:09:05.701384,0 days 00:00:02.591782,10,0.7492482924832433,10,1,30,4,105,"[880, 1246]",COMPLETE
5283,5283,0.289655456652441,3.326256036758423,2021-06-19 18:09:05.704647,2021-06-19 18:09:09.037497,0 days 00:00:03.332850,20,0.775837870117549,4,1,30,25,105,"[3082, 4879]",COMPLETE
5284,5284,0.3088800158000107,3.8924949169158936,2021-06-19 18:09:09.040737,2021-06-19 18:09:12.939939,0 days 00:00:03.899202,20,0.7044121314824888,3,1,30,14,105,"[3195, 4845]",COMPLETE
5285,5285,0.2738197077880196,3.099792242050171,2021-06-19 18:09:12.942753,2021-06-19 18:09:16.049332,0 days 00:00:03.106579,40,0.7044121314824888,5,1,30,25,105,"[1006, 3760]",COMPLETE
5286,5286,0.27566315138138703,2.74880051612854,2021-06-19 18:09:16.052225,2021-06-19 18:09:18.807525,0 days 00:00:02.755300,20,0.775837870117549,10,1,30,7,105,"[3566, 3100]",COMPLETE
5287,5287,0.27113585505142884,2.5739481449127197,2021-06-19 18:09:18.810519,2021-06-19 18:09:21.390984,0 days 00:00:02.580465,20,0.7044121314824888,10,1,2,14,105,"[1205, 3483]",COMPLETE
5288,5288,0.23819863478563727,2.70420241355896,2021-06-19 18:09:21.394230,2021-06-19 18:09:24.105323,0 days 00:00:02.711093,100,0.6500791014498077,10,9,9,25,105,"[5235, 2063]",COMPLETE
5289,5289,inf,inf,2021-06-19 18:09:24.108597,2021-06-19 18:09:24.562015,0 days 00:00:00.453418,70,0.5646723985210806,10,1,30,25,105,"[1735, 1929]",COMPLETE
5290,5290,0.23149521758094935,2.7874789237976074,2021-06-19 18:09:24.567822,2021-06-19 18:09:27.372131,0 days 00:00:02.804309,20,0.7328244997946225,10,1,30,26,105,"[1929, 2465]",COMPLETE
5291,5291,0.2905981214938832,3.789475440979004,2021-06-19 18:09:27.375277,2021-06-19 18:09:31.171416,0 days 00:00:03.796139,10,0.8446776338213546,3,1,22,23,105,"[849, 849]",COMPLETE
5292,5292,inf,inf,2021-06-19 18:09:31.174607,2021-06-19 18:09:31.331746,0 days 00:00:00.157139,10,0.3753321161384019,10,1,18,19,105,"[2659, 2659]",COMPLETE
5293,5293,inf,inf,2021-06-19 18:09:31.349583,2021-06-19 18:09:31.507154,0 days 00:00:00.157571,20,0.3177451412055587,10,5,23,25,105,"[1389, 2078]",COMPLETE
5294,5294,0.23427993673200032,2.794067144393921,2021-06-19 18:09:31.511358,2021-06-19 18:09:34.322533,0 days 00:00:02.811175,20,0.7044121314824888,10,1,30,26,105,"[5235, 1929]",COMPLETE
5295,5295,0.25342799139835936,2.8574681282043457,2021-06-19 18:09:34.325807,2021-06-19 18:09:37.190244,0 days 00:00:02.864437,100,0.7044121314824888,7,1,21,25,105,"[1006, 2659]",COMPLETE
5296,5296,0.24424629136459583,2.5359742641448975,2021-06-19 18:09:37.193364,2021-06-19 18:09:39.736173,0 days 00:00:02.542809,10,0.7044121314824888,10,1,0,22,105,"[745, 3260]",COMPLETE
5297,5297,inf,inf,2021-06-19 18:09:39.739226,2021-06-19 18:09:39.889288,0 days 00:00:00.150062,20,0.440938638872735,10,1,30,26,105,"[3566, 3195]",COMPLETE
5298,5298,0.23008055444324355,2.7368345260620117,2021-06-19 18:09:39.900654,2021-06-19 18:09:42.655334,0 days 00:00:02.754680,20,0.8047024443354969,10,1,30,25,105,"[1218, 4943]",COMPLETE
5299,5299,0.22920847652550377,2.6032042503356934,2021-06-19 18:09:42.658549,2021-06-19 18:09:45.268402,0 days 00:00:02.609853,90,0.8047024443354969,10,1,30,25,105,"[2229, 2229]",COMPLETE
5300,5300,0.2289476181248252,2.7394814491271973,2021-06-19 18:09:45.271621,2021-06-19 18:10:59.059243,0 days 00:01:13.787622,20,0.775837870117549,10,1,30,24,106,"[2209, 4879]",COMPLETE
5301,5301,0.23676747616107593,2.572768449783325,2021-06-19 18:10:59.064854,2021-06-19 18:11:01.645433,0 days 00:00:02.580579,20,0.8047024443354969,10,1,30,21,106,"[647, 2465]",COMPLETE
5302,5302,0.22968301755850395,2.582564353942871,2021-06-19 18:11:01.648825,2021-06-19 18:11:04.238723,0 days 00:00:02.589898,80,0.7044121314824888,10,1,30,25,106,"[3100, 745]",COMPLETE
5303,5303,0.2284240634604877,2.8204092979431152,2021-06-19 18:11:04.241980,2021-06-19 18:11:07.068881,0 days 00:00:02.826901,20,0.7100511651342796,10,15,26,25,106,"[2762, 2762]",COMPLETE
5304,5304,0.27291389311687675,2.546421527862549,2021-06-19 18:11:07.072271,2021-06-19 18:11:09.626199,0 days 00:00:02.553928,80,0.7044121314824888,10,1,1,12,106,"[1246, 3100]",COMPLETE
5305,5305,0.22719418829130766,2.6174285411834717,2021-06-19 18:11:09.629479,2021-06-19 18:11:12.253423,0 days 00:00:02.623944,20,0.8047024443354969,10,1,30,25,106,"[4845, 4845]",COMPLETE
5306,5306,0.24646881992443243,3.0431113243103027,2021-06-19 18:11:12.256554,2021-06-19 18:11:15.307092,0 days 00:00:03.050538,20,0.775837870117549,7,1,30,26,106,"[4331, 3760]",COMPLETE
5307,5307,0.2329044261061314,2.55179762840271,2021-06-19 18:11:15.310246,2021-06-19 18:11:17.868876,0 days 00:00:02.558630,20,0.7198829017085507,10,1,26,26,106,"[4879, 411]",COMPLETE
5308,5308,0.2316146325563749,2.7538163661956787,2021-06-19 18:11:17.872048,2021-06-19 18:11:20.632350,0 days 00:00:02.760302,20,0.7044121314824888,10,1,30,25,106,"[4523, 4419]",COMPLETE
5309,5309,0.24167008481503577,2.631197452545166,2021-06-19 18:11:20.635527,2021-06-19 18:11:23.273421,0 days 00:00:02.637894,20,0.7044121314824888,10,16,8,25,106,"[3260, 2963]",COMPLETE
5310,5310,0.24356017846474567,2.8811733722686768,2021-06-19 18:11:23.276688,2021-06-19 18:11:26.164510,0 days 00:00:02.887822,20,0.9707153640038331,10,1,30,25,106,"[3195, 5145]",COMPLETE
5311,5311,0.23734969416890978,2.7764344215393066,2021-06-19 18:11:26.167798,2021-06-19 18:11:28.950699,0 days 00:00:02.782901,20,0.7044121314824888,10,1,24,22,106,"[2209, 2209]",COMPLETE
5312,5312,0.23951651981276295,2.5482144355773926,2021-06-19 18:11:28.953625,2021-06-19 18:11:31.509178,0 days 00:00:02.555553,20,0.7044121314824888,10,1,14,26,106,"[1244, 5204]",COMPLETE
5313,5313,0.23230152923393263,2.7530806064605713,2021-06-19 18:11:31.512376,2021-06-19 18:11:34.272088,0 days 00:00:02.759712,20,0.7044121314824888,10,9,26,28,106,"[4523, 3256]",COMPLETE
5314,5314,0.23382291468858646,2.5433459281921387,2021-06-19 18:11:34.275316,2021-06-19 18:11:36.825268,0 days 00:00:02.549952,10,0.7492482924832433,10,1,30,25,106,"[1028, 5145]",COMPLETE
5315,5315,0.25418272516029566,2.577362298965454,2021-06-19 18:11:36.828504,2021-06-19 18:11:39.412618,0 days 00:00:02.584114,20,0.7044121314824888,10,1,23,18,106,"[2960, 2078]",COMPLETE
5316,5316,0.2288103375825064,2.7458465099334717,2021-06-19 18:11:39.415876,2021-06-19 18:11:42.168338,0 days 00:00:02.752462,20,0.7044121314824888,10,1,30,25,106,"[4781, 3100]",COMPLETE
5317,5317,0.25777984217538075,3.00976300239563,2021-06-19 18:11:42.171493,2021-06-19 18:11:45.188007,0 days 00:00:03.016514,40,0.7492482924832433,6,1,9,27,106,"[900, 745]",COMPLETE
5318,5318,0.24610730187107302,2.697545051574707,2021-06-19 18:11:45.191237,2021-06-19 18:11:47.895367,0 days 00:00:02.704130,10,0.6415492259649922,10,4,2,23,106,"[849, 849]",COMPLETE
5319,5319,0.23811046727277924,2.580306053161621,2021-06-19 18:11:47.898195,2021-06-19 18:11:50.485164,0 days 00:00:02.586969,20,0.6505503537763273,10,1,9,25,106,"[5145, 745]",COMPLETE
5320,5320,0.30046046549131267,2.5780980587005615,2021-06-19 18:11:50.488043,2021-06-19 18:11:53.072723,0 days 00:00:02.584680,20,0.7044121314824888,10,9,30,6,106,"[3483, 908]",COMPLETE
5321,5321,inf,inf,2021-06-19 18:11:53.075532,2021-06-19 18:11:53.506299,0 days 00:00:00.430767,20,0.5270151781715298,10,1,23,2,106,"[1205, 647]",COMPLETE
5322,5322,0.22909678558442803,2.7323389053344727,2021-06-19 18:11:53.514241,2021-06-19 18:11:56.263457,0 days 00:00:02.749216,20,0.7044121314824888,10,1,28,26,106,"[3100, 2465]",COMPLETE
5323,5323,0.2354830893109943,2.5772058963775635,2021-06-19 18:11:56.266704,2021-06-19 18:11:58.850557,0 days 00:00:02.583853,10,0.7044121314824888,10,1,30,25,106,"[1389, 1656]",COMPLETE
5324,5324,0.24051090833881247,2.855360269546509,2021-06-19 18:11:58.853861,2021-06-19 18:12:01.715728,0 days 00:00:02.861867,10,0.9446107224104576,10,1,8,25,106,"[316, 316]",COMPLETE
5325,5325,0.3134426087640738,2.8067431449890137,2021-06-19 18:12:01.719056,2021-06-19 18:12:04.532460,0 days 00:00:02.813404,20,0.7044121314824888,10,9,30,1,106,"[4943, 908]",COMPLETE
5326,5326,0.2283343486406339,2.5659563541412354,2021-06-19 18:12:04.535711,2021-06-19 18:12:07.108149,0 days 00:00:02.572438,20,0.775837870117549,10,1,30,25,106,"[5145, 1929]",COMPLETE
5327,5327,0.27341917392146214,2.593628168106079,2021-06-19 18:12:07.111449,2021-06-19 18:12:09.711887,0 days 00:00:02.600438,20,0.7044121314824888,10,9,30,10,106,"[1218, 3260]",COMPLETE
5328,5328,0.2331873546226193,3.1358015537261963,2021-06-19 18:12:09.715203,2021-06-19 18:12:12.857780,0 days 00:00:03.142577,40,0.9880816114356386,10,1,30,25,106,"[2229, 4419]",COMPLETE
5329,5329,0.23018109932983133,2.54972767829895,2021-06-19 18:12:12.861027,2021-06-19 18:12:15.417405,0 days 00:00:02.556378,20,0.775837870117549,10,1,28,26,106,"[900, 3082]",COMPLETE
5330,5330,inf,inf,2021-06-19 18:12:15.420706,2021-06-19 18:12:15.710253,0 days 00:00:00.289547,30,0.48492614025659597,10,9,30,26,106,"[4943, 2963]",COMPLETE
5331,5331,inf,inf,2021-06-19 18:12:15.720409,2021-06-19 18:12:15.933077,0 days 00:00:00.212668,20,0.48404226111701065,10,13,30,18,106,"[3260, 3483]",COMPLETE
5332,5332,0.2577661587233049,2.582839250564575,2021-06-19 18:12:15.951540,2021-06-19 18:12:18.546596,0 days 00:00:02.595056,20,0.7044121314824888,10,1,30,14,106,"[1205, 4781]",COMPLETE
5333,5333,0.2889220550672057,3.949045419692993,2021-06-19 18:12:18.549875,2021-06-19 18:12:22.505628,0 days 00:00:03.955753,20,0.7044121314824888,3,9,30,25,106,"[1244, 1735]",COMPLETE
5334,5334,0.22784378891113002,2.6183810234069824,2021-06-19 18:12:22.508952,2021-06-19 18:12:25.134092,0 days 00:00:02.625140,100,0.775837870117549,10,1,30,25,106,"[1389, 5145]",COMPLETE
5335,5335,0.23432027314295112,2.8086724281311035,2021-06-19 18:12:25.137447,2021-06-19 18:12:27.952750,0 days 00:00:02.815303,20,0.6651643648751566,10,9,30,26,106,"[908, 647]",COMPLETE
5336,5336,0.227833086316843,2.5451951026916504,2021-06-19 18:12:27.956054,2021-06-19 18:12:30.507756,0 days 00:00:02.551702,20,0.8047024443354969,10,1,30,25,106,"[4236, 2229]",COMPLETE
5337,5337,0.23479467334046183,2.6438379287719727,2021-06-19 18:12:30.511038,2021-06-19 18:12:33.161352,0 days 00:00:02.650314,20,0.7492482924832433,10,1,24,25,106,"[3260, 900]",COMPLETE
5338,5338,0.2325039696005338,2.7457287311553955,2021-06-19 18:12:33.164612,2021-06-19 18:12:35.916951,0 days 00:00:02.752339,20,0.775837870117549,10,1,30,25,106,"[2991, 3082]",COMPLETE
5339,5339,0.23540974457088726,2.544984817504883,2021-06-19 18:12:35.920251,2021-06-19 18:12:38.472040,0 days 00:00:02.551789,20,0.603627004462215,10,1,20,25,106,"[316, 5145]",COMPLETE
5340,5340,0.2310915421244596,2.772587776184082,2021-06-19 18:12:38.475170,2021-06-19 18:12:41.254375,0 days 00:00:02.779205,20,0.7044121314824888,10,1,30,26,106,"[908, 316]",COMPLETE
5341,5341,0.23041620749574304,2.6379587650299072,2021-06-19 18:12:41.257474,2021-06-19 18:12:43.902077,0 days 00:00:02.644603,20,0.7492482924832433,10,6,23,26,106,"[2078, 2078]",COMPLETE
5342,5342,0.2363665001930513,2.5656936168670654,2021-06-19 18:12:43.905045,2021-06-19 18:12:46.478225,0 days 00:00:02.573180,10,0.7044121314824888,10,1,10,23,106,"[2659, 2209]",COMPLETE
5343,5343,0.23776236977793597,2.705911159515381,2021-06-19 18:12:46.481162,2021-06-19 18:12:49.193507,0 days 00:00:02.712345,20,0.7044121314824888,10,1,30,24,106,"[1159, 1929]",COMPLETE
5344,5344,0.23892141211924098,2.5277812480926514,2021-06-19 18:12:49.196816,2021-06-19 18:12:51.731230,0 days 00:00:02.534414,20,0.7492482924832433,10,1,8,25,106,"[1735, 316]",COMPLETE
5345,5345,0.23017733816175348,2.634268045425415,2021-06-19 18:12:51.734423,2021-06-19 18:12:54.375404,0 days 00:00:02.640981,40,0.7044121314824888,10,9,30,26,106,"[2063, 908]",COMPLETE
5346,5346,0.24413772094809635,2.801971435546875,2021-06-19 18:12:54.378754,2021-06-19 18:12:57.187452,0 days 00:00:02.808698,20,0.7044121314824888,10,9,10,28,106,"[4523, 1244]",COMPLETE
5347,5347,0.33181105969913627,2.568895101547241,2021-06-19 18:12:57.190802,2021-06-19 18:12:59.766342,0 days 00:00:02.575540,20,0.7044121314824888,10,1,30,2,106,"[1929, 4419]",COMPLETE
5348,5348,0.22906831636785668,2.7825896739959717,2021-06-19 18:12:59.769542,2021-06-19 18:13:02.558662,0 days 00:00:02.789120,10,0.7044121314824888,10,1,30,26,106,"[2465, 2465]",COMPLETE
5349,5349,0.23320770036134286,2.62341046333313,2021-06-19 18:13:02.562197,2021-06-19 18:13:05.192501,0 days 00:00:02.630304,20,0.9075894746605659,10,1,16,24,106,"[5145, 3483]",COMPLETE
5350,5350,0.23009515236901454,2.6624252796173096,2021-06-19 18:13:05.195504,2021-06-19 18:13:07.913020,0 days 00:00:02.717516,40,0.7100511651342796,10,15,24,25,107,"[2762, 3760]",COMPLETE
5351,5351,0.22984523080996402,2.739474296569824,2021-06-19 18:13:07.915885,2021-06-19 18:13:10.661607,0 days 00:00:02.745722,40,0.775837870117549,10,1,30,25,107,"[3760, 3760]",COMPLETE
5352,5352,0.23387958134189374,2.5616748332977295,2021-06-19 18:13:10.664719,2021-06-19 18:13:13.232965,0 days 00:00:02.568246,10,0.7044121314824888,10,1,22,25,107,"[849, 3195]",COMPLETE
5353,5353,0.2306684401530981,2.5416781902313232,2021-06-19 18:13:13.236327,2021-06-19 18:13:15.785235,0 days 00:00:02.548908,20,0.7044121314824888,10,1,30,25,107,"[4781, 3260]",COMPLETE
5354,5354,0.23097835585452087,2.7851271629333496,2021-06-19 18:13:15.788353,2021-06-19 18:13:18.580026,0 days 00:00:02.791673,20,0.7044121314824888,10,9,30,26,107,"[2960, 5235]",COMPLETE
5355,5355,0.23072484999122,2.5436036586761475,2021-06-19 18:13:18.583205,2021-06-19 18:13:21.133531,0 days 00:00:02.550326,10,0.7492482924832433,10,1,30,25,107,"[880, 3195]",COMPLETE
5356,5356,0.23314865684508304,2.855940580368042,2021-06-19 18:13:21.136832,2021-06-19 18:13:23.999600,0 days 00:00:02.862768,80,0.7044121314824888,10,9,30,28,107,"[1159, 411]",COMPLETE
5357,5357,0.2325887600756076,2.6110033988952637,2021-06-19 18:13:24.002887,2021-06-19 18:13:26.620346,0 days 00:00:02.617459,20,0.7044121314824888,10,1,30,25,107,"[4236, 4236]",COMPLETE
5358,5358,0.2298076297368477,2.603393077850342,2021-06-19 18:13:26.623314,2021-06-19 18:13:29.233609,0 days 00:00:02.610295,10,0.7492482924832433,10,9,24,26,107,"[900, 3256]",COMPLETE
5359,5359,0.2318547009249833,2.829840660095215,2021-06-19 18:13:29.236766,2021-06-19 18:13:32.073331,0 days 00:00:02.836565,20,0.718171883217674,10,1,30,25,107,"[1028, 4879]",COMPLETE
5360,5360,0.23013265047749193,2.5734918117523193,2021-06-19 18:13:32.076762,2021-06-19 18:13:34.657647,0 days 00:00:02.580885,20,0.7111906539020034,10,1,30,25,107,"[5336, 1389]",COMPLETE
5361,5361,0.23582094228713993,2.850612163543701,2021-06-19 18:13:34.660801,2021-06-19 18:13:37.518174,0 days 00:00:02.857373,80,0.7044121314824888,10,9,10,26,107,"[3256, 3256]",COMPLETE
5362,5362,0.23325537852722356,2.5947911739349365,2021-06-19 18:13:37.521387,2021-06-19 18:13:40.122995,0 days 00:00:02.601608,20,0.7044121314824888,10,1,30,24,107,"[1218, 1159]",COMPLETE
5363,5363,0.39047336164802743,3.6492183208465576,2021-06-19 18:13:40.126285,2021-06-19 18:13:43.782627,0 days 00:00:03.656342,100,0.7044121314824888,4,12,30,0,107,"[5235, 1159]",COMPLETE
5364,5364,inf,inf,2021-06-19 18:13:43.785683,2021-06-19 18:13:44.240323,0 days 00:00:00.454640,20,0.5966046093699223,10,7,30,26,107,"[908, 908]",COMPLETE
5365,5365,0.24052994591994328,3.056849956512451,2021-06-19 18:13:44.245577,2021-06-19 18:13:47.330129,0 days 00:00:03.084552,20,0.9710761806370924,10,1,13,27,107,"[1006, 1006]",COMPLETE
5366,5366,0.27457204587917683,2.564791679382324,2021-06-19 18:13:47.333193,2021-06-19 18:13:49.904655,0 days 00:00:02.571462,20,0.7492482924832433,10,1,30,6,107,"[4236, 2078]",COMPLETE
5367,5367,0.23364881009691138,2.59358286857605,2021-06-19 18:13:49.907750,2021-06-19 18:13:52.508258,0 days 00:00:02.600508,20,0.7492482924832433,9,1,30,25,107,"[880, 4879]",COMPLETE
5368,5368,0.26251715458529906,3.261929512023926,2021-06-19 18:13:52.511318,2021-06-19 18:13:55.780006,0 days 00:00:03.268688,60,0.7044121314824888,6,9,23,26,107,"[2078, 908]",COMPLETE
5369,5369,0.23397132680322358,2.693114757537842,2021-06-19 18:13:55.783170,2021-06-19 18:13:58.483172,0 days 00:00:02.700002,20,0.9237265056440882,10,1,30,26,107,"[2209, 1218]",COMPLETE
5370,5370,0.23441012969375388,2.5569472312927246,2021-06-19 18:13:58.486470,2021-06-19 18:14:01.050000,0 days 00:00:02.563530,20,0.7492482924832433,10,1,30,25,107,"[1656, 1389]",COMPLETE
5371,5371,0.22866400471867263,2.8296940326690674,2021-06-19 18:14:01.052842,2021-06-19 18:14:03.889269,0 days 00:00:02.836427,20,0.7044121314824888,10,14,29,26,107,"[1656, 1218]",COMPLETE
5372,5372,0.23175715205414613,2.5314531326293945,2021-06-19 18:14:03.892375,2021-06-19 18:14:06.430594,0 days 00:00:02.538219,20,0.7492482924832433,10,1,30,26,107,"[4236, 745]",COMPLETE
5373,5373,0.25740741121959215,2.7304792404174805,2021-06-19 18:14:06.433911,2021-06-19 18:14:09.171294,0 days 00:00:02.737383,10,0.7044121314824888,10,1,9,18,107,"[745, 4781]",COMPLETE
5374,5374,0.23360745580554607,2.5940961837768555,2021-06-19 18:14:09.174217,2021-06-19 18:14:11.775094,0 days 00:00:02.600877,20,0.8047024443354969,10,1,30,25,107,"[2991, 2063]",COMPLETE
5375,5375,0.24857218527435673,2.520075559616089,2021-06-19 18:14:11.778436,2021-06-19 18:14:14.305268,0 days 00:00:02.526832,20,0.7044121314824888,10,1,0,21,107,"[1006, 2465]",COMPLETE
5376,5376,0.30442235532336376,4.432142019271851,2021-06-19 18:14:14.308398,2021-06-19 18:14:18.747309,0 days 00:00:04.438911,10,0.7492482924832433,2,1,30,25,107,"[3195, 1389]",COMPLETE
5377,5377,0.26473865418285053,2.964491605758667,2021-06-19 18:14:18.750823,2021-06-19 18:14:21.722742,0 days 00:00:02.971919,10,0.7492482924832433,6,1,30,25,107,"[4523, 880]",COMPLETE
5378,5378,0.31064824785265294,5.617450475692749,2021-06-19 18:14:21.726008,2021-06-19 18:14:27.350376,0 days 00:00:05.624368,10,0.7044121314824888,1,1,30,25,107,"[1735, 2659]",COMPLETE
5379,5379,0.23119244307829442,2.508976697921753,2021-06-19 18:14:27.353504,2021-06-19 18:14:29.869143,0 days 00:00:02.515639,10,0.7044121314824888,10,1,24,26,107,"[2209, 1028]",COMPLETE
5380,5380,0.31697711533233247,8.916111707687378,2021-06-19 18:14:29.872300,2021-06-19 18:14:38.795184,0 days 00:00:08.922884,20,0.6787364336537576,0,1,30,25,107,"[2762, 3260]",COMPLETE
5381,5381,0.22582908667823046,2.7902719974517822,2021-06-19 18:14:38.798572,2021-06-19 18:14:41.595600,0 days 00:00:02.797028,30,0.7044121314824888,10,9,30,26,107,"[2963, 4879]",COMPLETE
5382,5382,0.2303299628510296,2.608811855316162,2021-06-19 18:14:41.598940,2021-06-19 18:14:44.215110,0 days 00:00:02.616170,20,0.8047024443354969,10,1,30,25,107,"[4943, 3260]",COMPLETE
5383,5383,0.23158555781458737,2.587921142578125,2021-06-19 18:14:44.218308,2021-06-19 18:14:46.812958,0 days 00:00:02.594650,20,0.775837870117549,10,10,30,26,107,"[4879, 1974]",COMPLETE
5384,5384,0.23103029752367377,2.710230827331543,2021-06-19 18:14:46.816269,2021-06-19 18:14:49.533150,0 days 00:00:02.716881,20,0.7044121314824888,10,1,24,25,107,"[5204, 1656]",COMPLETE
5385,5385,0.23295173158976923,2.5517122745513916,2021-06-19 18:14:49.536426,2021-06-19 18:14:52.094946,0 days 00:00:02.558520,90,0.639132545506722,10,1,30,25,107,"[1929, 3566]",COMPLETE
5386,5386,0.2343489166858629,2.7717959880828857,2021-06-19 18:14:52.098299,2021-06-19 18:14:54.876777,0 days 00:00:02.778478,20,0.8047024443354969,10,1,24,25,107,"[5204, 5336]",COMPLETE
5387,5387,inf,inf,2021-06-19 18:14:54.879840,2021-06-19 18:14:55.007727,0 days 00:00:00.127887,60,0.3014561494768137,10,1,30,26,107,"[3566, 4845]",COMPLETE
5388,5388,0.23129152296776967,2.599208354949951,2021-06-19 18:14:55.014329,2021-06-19 18:14:57.636119,0 days 00:00:02.621790,20,0.8047024443354969,10,1,23,26,107,"[647, 5336]",COMPLETE
5389,5389,0.31147804351869957,5.916134595870972,2021-06-19 18:14:57.639501,2021-06-19 18:15:03.562419,0 days 00:00:05.922918,20,0.8047024443354969,1,14,30,26,107,"[647, 1218]",COMPLETE
5390,5390,0.23466993517949708,2.741701364517212,2021-06-19 18:15:03.565828,2021-06-19 18:15:06.314205,0 days 00:00:02.748377,20,0.7492482924832433,10,1,30,25,107,"[1929, 2078]",COMPLETE
5391,5391,0.23600595301484875,2.656531572341919,2021-06-19 18:15:06.317519,2021-06-19 18:15:08.980889,0 days 00:00:02.663370,20,0.7044121314824888,10,12,30,24,107,"[3100, 1159]",COMPLETE
5392,5392,0.23096983637693583,2.7830750942230225,2021-06-19 18:15:08.984257,2021-06-19 18:15:11.774328,0 days 00:00:02.790071,20,0.7369080990368773,10,16,30,26,107,"[1244, 2465]",COMPLETE
5393,5393,0.23375166326418817,2.5615620613098145,2021-06-19 18:15:11.777548,2021-06-19 18:15:14.345654,0 days 00:00:02.568106,20,0.7044121314824888,10,1,30,25,107,"[1974, 1006]",COMPLETE
