,number,values_0,values_1,datetime_start,datetime_complete,duration,params_checks,params_n_ratio,params_nskip,params_trees,params_w1,params_w2,system_attrs_nsga2:generation,system_attrs_nsga2:parents,state
0,0,inf,inf,2021-06-19 13:11:18.935589,2021-06-19 13:11:20.333080,0 days 00:00:01.397491,50,0.5493744951139398,1,4,3,7,0,,COMPLETE
1,1,0.3024636316575077,3.0627920627593994,2021-06-19 13:11:20.360083,2021-06-19 13:11:23.424429,0 days 00:00:03.064346,60,0.6415492259649922,6,13,8,10,0,,COMPLETE
2,2,0.2894340371876532,3.265610933303833,2021-06-19 13:11:23.425550,2021-06-19 13:11:26.692096,0 days 00:00:03.266546,10,0.769694128249329,8,1,7,11,0,,COMPLETE
3,3,0.25841892933264554,3.0061447620391846,2021-06-19 13:11:26.693223,2021-06-19 13:11:29.700392,0 days 00:00:03.007169,60,0.7268184875848873,6,7,13,26,0,,COMPLETE
4,4,0.29443720007840085,4.827260494232178,2021-06-19 13:11:29.701627,2021-06-19 13:11:34.529737,0 days 00:00:04.828110,70,0.9838506528651412,3,1,17,22,0,,COMPLETE
5,5,inf,inf,2021-06-19 13:11:34.530965,2021-06-19 13:11:34.674489,0 days 00:00:00.143524,60,0.30216838202445373,2,13,14,18,0,,COMPLETE
6,6,inf,inf,2021-06-19 13:11:34.675761,2021-06-19 13:11:35.087990,0 days 00:00:00.412229,10,0.5096498516816205,8,4,0,15,0,,COMPLETE
7,7,inf,inf,2021-06-19 13:11:35.095811,2021-06-19 13:11:35.413101,0 days 00:00:00.317290,60,0.45298974352870824,3,11,23,19,0,,COMPLETE
8,8,inf,inf,2021-06-19 13:11:35.414286,2021-06-19 13:11:35.585192,0 days 00:00:00.170906,90,0.30073576649850203,5,7,0,27,0,,COMPLETE
9,9,0.34968740788366537,5.017987012863159,2021-06-19 13:11:35.589139,2021-06-19 13:11:40.608475,0 days 00:00:05.019336,0,0.9239884580521727,3,11,5,18,0,,COMPLETE
10,10,0.29989982301679646,2.784724712371826,2021-06-19 13:11:40.609688,2021-06-19 13:11:43.395328,0 days 00:00:02.785640,50,0.6314256997385901,8,15,7,8,0,,COMPLETE
11,11,inf,inf,2021-06-19 13:11:43.396576,2021-06-19 13:11:43.558135,0 days 00:00:00.161559,40,0.3220886184243018,6,12,25,15,0,,COMPLETE
12,12,0.47515429512383345,6.316235303878784,2021-06-19 13:11:43.559796,2021-06-19 13:11:49.877497,0 days 00:00:06.317701,80,0.6797729306030184,1,13,2,4,0,,COMPLETE
13,13,inf,inf,2021-06-19 13:11:49.878724,2021-06-19 13:11:50.074974,0 days 00:00:00.196250,50,0.43592714569199886,6,15,27,14,0,,COMPLETE
14,14,0.2469610912944754,2.6892404556274414,2021-06-19 13:11:50.085834,2021-06-19 13:11:52.778653,0 days 00:00:02.692819,50,0.6980097073710616,10,13,10,20,0,,COMPLETE
15,15,inf,inf,2021-06-19 13:11:52.779444,2021-06-19 13:11:53.241256,0 days 00:00:00.461812,20,0.5614641217818397,10,5,12,1,0,,COMPLETE
16,16,inf,inf,2021-06-19 13:11:53.242696,2021-06-19 13:11:53.426822,0 days 00:00:00.184126,70,0.4448714133568681,7,14,1,12,0,,COMPLETE
17,17,inf,inf,2021-06-19 13:11:53.428078,2021-06-19 13:11:53.697500,0 days 00:00:00.269422,70,0.3183273398930389,2,14,18,12,0,,COMPLETE
18,18,0.30319581334053136,4.757749319076538,2021-06-19 13:11:53.703292,2021-06-19 13:11:58.462385,0 days 00:00:04.759093,70,0.6405032445183151,2,13,4,19,0,,COMPLETE
19,19,inf,inf,2021-06-19 13:11:58.463604,2021-06-19 13:11:58.666356,0 days 00:00:00.202752,0,0.3028275241018385,5,15,29,7,0,,COMPLETE
20,20,0.2898727774977578,4.5209643840789795,2021-06-19 13:11:58.686084,2021-06-19 13:12:03.208315,0 days 00:00:04.522231,70,0.9099310348833065,2,2,4,30,0,,COMPLETE
21,21,0.29548670271470506,2.809478282928467,2021-06-19 13:12:03.209439,2021-06-19 13:12:06.019778,0 days 00:00:02.810339,90,0.9119464428743755,10,7,17,3,0,,COMPLETE
22,22,0.2990422189479769,3.6817195415496826,2021-06-19 13:12:06.020877,2021-06-19 13:12:09.703531,0 days 00:00:03.682654,10,0.5778081697813601,3,6,14,24,0,,COMPLETE
23,23,0.3728867995204092,3.001544713973999,2021-06-19 13:12:09.704787,2021-06-19 13:12:12.707280,0 days 00:00:03.002493,100,0.9277306861996577,9,13,16,0,0,,COMPLETE
24,24,0.3144676295410807,5.963443994522095,2021-06-19 13:12:12.708284,2021-06-19 13:12:18.673892,0 days 00:00:05.965608,80,0.8515875236590889,1,7,5,13,0,,COMPLETE
25,25,inf,inf,2021-06-19 13:12:18.675127,2021-06-19 13:12:19.596859,0 days 00:00:00.921732,100,0.47809028914401946,0,8,11,7,0,,COMPLETE
26,26,0.23374309203486052,2.8674607276916504,2021-06-19 13:12:19.598439,2021-06-19 13:12:22.467326,0 days 00:00:02.868887,60,0.6707151259602254,9,7,22,25,0,,COMPLETE
27,27,0.300170885559059,4.766603469848633,2021-06-19 13:12:22.468566,2021-06-19 13:12:27.236042,0 days 00:00:04.767476,10,0.9167228891613541,2,12,26,22,0,,COMPLETE
28,28,inf,inf,2021-06-19 13:12:27.237264,2021-06-19 13:12:27.797421,0 days 00:00:00.560157,100,0.5483518986133651,7,3,15,0,0,,COMPLETE
29,29,inf,inf,2021-06-19 13:12:27.798690,2021-06-19 13:12:28.065329,0 days 00:00:00.266639,0,0.36679282417652836,9,14,8,16,0,,COMPLETE
30,30,0.2964132847902414,2.9596211910247803,2021-06-19 13:12:28.076426,2021-06-19 13:12:31.044901,0 days 00:00:02.968475,90,0.8051303686744828,7,1,8,14,0,,COMPLETE
31,31,inf,inf,2021-06-19 13:12:31.046071,2021-06-19 13:12:31.636345,0 days 00:00:00.590274,30,0.5330900348447672,4,14,30,28,0,,COMPLETE
32,32,0.3050370078923994,5.3793864250183105,2021-06-19 13:12:31.646760,2021-06-19 13:12:37.029365,0 days 00:00:05.382605,90,0.9614568366614937,2,7,8,15,0,,COMPLETE
33,33,inf,inf,2021-06-19 13:12:37.030401,2021-06-19 13:12:37.148040,0 days 00:00:00.117639,70,0.33220317062048343,4,14,2,14,0,,COMPLETE
34,34,inf,inf,2021-06-19 13:12:37.149213,2021-06-19 13:12:39.351373,0 days 00:00:02.202160,0,0.5286355794619854,1,5,23,20,0,,COMPLETE
35,35,0.27896164844696336,2.794478178024292,2021-06-19 13:12:39.353905,2021-06-19 13:12:42.149908,0 days 00:00:02.796003,10,0.8181318708590011,8,12,10,14,0,,COMPLETE
36,36,inf,inf,2021-06-19 13:12:42.150920,2021-06-19 13:12:42.350716,0 days 00:00:00.199796,70,0.31085437581913067,5,5,28,14,0,,COMPLETE
37,37,0.3320664058254857,3.756434202194214,2021-06-19 13:12:42.351847,2021-06-19 13:12:46.109655,0 days 00:00:03.757808,0,0.9550011937710494,6,9,14,30,0,,COMPLETE
38,38,0.3288151484669822,10.518872261047363,2021-06-19 13:12:46.110824,2021-06-19 13:12:56.630619,0 days 00:00:10.519795,100,0.6670947403626581,0,11,8,27,0,,COMPLETE
39,39,0.3540547234967569,10.191174030303955,2021-06-19 13:12:56.631847,2021-06-19 13:13:06.824001,0 days 00:00:10.192154,30,0.8717846979722721,0,16,10,7,0,,COMPLETE
40,40,0.25256494528097967,2.8273627758026123,2021-06-19 13:13:06.825235,2021-06-19 13:13:09.653533,0 days 00:00:02.828298,10,0.7044121314824888,8,4,8,23,0,,COMPLETE
41,41,0.28027157379545514,2.9455673694610596,2021-06-19 13:13:09.654475,2021-06-19 13:13:12.601002,0 days 00:00:02.946527,20,0.9867075203420317,10,1,5,12,0,,COMPLETE
42,42,inf,inf,2021-06-19 13:13:12.602089,2021-06-19 13:13:12.840708,0 days 00:00:00.238619,50,0.48300116522730935,10,8,8,19,0,,COMPLETE
43,43,0.31376039991416765,13.988385915756226,2021-06-19 13:13:12.841987,2021-06-19 13:13:26.831809,0 days 00:00:13.989822,100,0.9981858756497994,0,2,17,25,0,,COMPLETE
44,44,inf,inf,2021-06-19 13:13:26.832986,2021-06-19 13:13:27.020269,0 days 00:00:00.187283,90,0.4201630175677172,6,11,28,25,0,,COMPLETE
45,45,0.24583518907019702,3.1180145740509033,2021-06-19 13:13:27.022789,2021-06-19 13:13:30.142221,0 days 00:00:03.119432,90,0.6933678716519128,7,8,23,28,0,,COMPLETE
46,46,0.27532267150944406,3.5083892345428467,2021-06-19 13:13:30.143389,2021-06-19 13:13:33.652787,0 days 00:00:03.509398,50,0.7735969047093239,4,12,4,27,0,,COMPLETE
47,47,0.31761698130093097,2.7857136726379395,2021-06-19 13:13:33.654024,2021-06-19 13:13:36.440668,0 days 00:00:02.786644,70,0.7815688639630782,10,12,9,2,0,,COMPLETE
48,48,0.304572386445379,5.643828868865967,2021-06-19 13:13:36.441886,2021-06-19 13:13:42.086626,0 days 00:00:05.644740,40,0.8344129800998359,1,6,13,29,0,,COMPLETE
49,49,0.36408240424735583,3.0432724952697754,2021-06-19 13:13:42.087853,2021-06-19 13:13:45.132142,0 days 00:00:03.044289,20,0.9030810224375221,7,8,4,1,0,,COMPLETE
50,50,0.35442558336717145,10.34764838218689,2021-06-19 13:13:45.133388,2021-06-19 13:13:55.492602,0 days 00:00:10.359214,30,0.9010531154923536,0,16,10,7,1,"[41, 39]",COMPLETE
51,51,inf,inf,2021-06-19 13:13:55.493515,2021-06-19 13:13:55.742956,0 days 00:00:00.249441,0,0.36679282417652836,4,7,8,16,1,"[29, 33]",COMPLETE
52,52,inf,inf,2021-06-19 13:13:55.761471,2021-06-19 13:13:55.975622,0 days 00:00:00.214151,70,0.31085437581913067,4,12,28,27,1,"[46, 36]",COMPLETE
53,53,0.4132663526714613,7.873193025588989,2021-06-19 13:13:55.985082,2021-06-19 13:14:03.860173,0 days 00:00:07.875091,0,0.9550011937710494,1,12,26,30,1,"[37, 27]",COMPLETE
54,54,0.31674809450049723,3.859050989151001,2021-06-19 13:14:03.861438,2021-06-19 13:14:07.721737,0 days 00:00:03.860299,20,0.9867075203420317,5,1,7,5,1,"[41, 10]",COMPLETE
55,55,0.2426315838110884,2.834118366241455,2021-06-19 13:14:07.723008,2021-06-19 13:14:10.558221,0 days 00:00:02.835213,40,0.8344129800998359,8,7,0,29,1,"[6, 48]",COMPLETE
56,56,0.28071375047581637,2.9431076049804688,2021-06-19 13:14:10.559452,2021-06-19 13:14:13.503421,0 days 00:00:02.943969,90,0.8344129800998359,7,1,8,14,1,"[30, 48]",COMPLETE
57,57,inf,inf,2021-06-19 13:14:13.504495,2021-06-19 13:14:13.753734,0 days 00:00:00.249239,60,0.4470157427167166,10,16,17,10,1,"[1, 4]",COMPLETE
58,58,0.29751282605083224,4.347822427749634,2021-06-19 13:14:13.754805,2021-06-19 13:14:18.104080,0 days 00:00:04.349275,100,0.9981858756497994,5,15,29,7,1,"[43, 19]",COMPLETE
59,59,0.30358426692324875,2.825622797012329,2021-06-19 13:14:18.105318,2021-06-19 13:14:20.931904,0 days 00:00:02.826586,50,0.6561996717831641,8,12,10,8,1,"[10, 35]",COMPLETE
60,60,inf,inf,2021-06-19 13:14:20.933155,2021-06-19 13:14:21.583482,0 days 00:00:00.650327,70,0.5778081697813601,6,6,1,15,1,"[16, 22]",COMPLETE
61,61,0.29254188787362406,2.8469347953796387,2021-06-19 13:14:21.584878,2021-06-19 13:14:24.433578,0 days 00:00:02.848700,30,0.9119464428743755,10,13,17,3,1,"[1, 21]",COMPLETE
62,62,inf,inf,2021-06-19 13:14:24.434823,2021-06-19 13:14:24.873464,0 days 00:00:00.438641,50,0.48300116522730935,2,8,4,27,1,"[42, 46]",COMPLETE
63,63,0.24617505918383123,2.976670503616333,2021-06-19 13:14:24.896496,2021-06-19 13:14:27.874301,0 days 00:00:02.977805,90,0.6933678716519128,7,8,23,28,1,"[45, 45]",COMPLETE
64,64,0.30914798935684,2.703752279281616,2021-06-19 13:14:27.875554,2021-06-19 13:14:30.580115,0 days 00:00:02.704561,70,0.7815688639630782,10,12,9,2,1,"[47, 47]",COMPLETE
65,65,inf,inf,2021-06-19 13:14:30.581359,2021-06-19 13:14:30.753690,0 days 00:00:00.172331,90,0.36686498022782466,10,7,17,18,1,"[5, 21]",COMPLETE
66,66,0.3110462993434619,14.486916780471802,2021-06-19 13:14:30.754982,2021-06-19 13:14:45.243841,0 days 00:00:14.488859,100,0.9981858756497994,0,5,22,25,1,"[43, 26]",COMPLETE
67,67,0.2839074690805469,3.0476508140563965,2021-06-19 13:14:45.244930,2021-06-19 13:14:48.293599,0 days 00:00:03.048669,10,0.9550011937710494,8,12,14,14,1,"[37, 35]",COMPLETE
68,68,0.30050560684389105,2.9306631088256836,2021-06-19 13:14:48.294817,2021-06-19 13:14:51.226461,0 days 00:00:02.931644,60,0.6415492259649922,8,13,8,10,1,"[1, 1]",COMPLETE
69,69,0.3257528018596032,5.8646063804626465,2021-06-19 13:14:51.227700,2021-06-19 13:14:57.093453,0 days 00:00:05.865753,90,0.6933678716519128,1,5,28,13,1,"[24, 45]",COMPLETE
70,70,0.2606607082342775,2.8627164363861084,2021-06-19 13:14:57.094577,2021-06-19 13:14:59.958328,0 days 00:00:02.863751,10,0.7492482924832433,8,12,10,20,1,"[35, 14]",COMPLETE
71,71,inf,inf,2021-06-19 13:14:59.959256,2021-06-19 13:15:01.347973,0 days 00:00:01.388717,50,0.5493744951139398,1,4,3,7,1,"[0, 0]",COMPLETE
72,72,inf,inf,2021-06-19 13:15:01.369008,2021-06-19 13:15:01.518400,0 days 00:00:00.149392,60,0.31085437581913067,5,5,8,18,1,"[36, 5]",COMPLETE
73,73,inf,inf,2021-06-19 13:15:01.519745,2021-06-19 13:15:02.914100,0 days 00:00:01.394355,10,0.5778081697813601,2,13,14,24,1,"[22, 5]",COMPLETE
74,74,0.29218728940797817,3.161818027496338,2021-06-19 13:15:02.915474,2021-06-19 13:15:06.078944,0 days 00:00:03.163470,10,0.8181318708590011,5,5,10,14,1,"[35, 36]",COMPLETE
75,75,0.284053348236613,2.619441509246826,2021-06-19 13:15:06.080170,2021-06-19 13:15:08.700579,0 days 00:00:02.620409,20,0.6314256997385901,10,1,7,12,1,"[10, 41]",COMPLETE
76,76,0.2532538895474785,2.649125576019287,2021-06-19 13:15:08.701371,2021-06-19 13:15:11.351547,0 days 00:00:02.650176,10,0.6415492259649922,8,4,8,23,1,"[1, 40]",COMPLETE
77,77,1.351858344814057,4.884838819503784,2021-06-19 13:15:11.352357,2021-06-19 13:15:16.238152,0 days 00:00:04.885795,0,0.9838506528651412,3,1,17,18,1,"[9, 4]",COMPLETE
78,78,inf,inf,2021-06-19 13:15:16.238953,2021-06-19 13:15:16.449659,0 days 00:00:00.210706,70,0.3538945081113079,5,12,9,2,1,"[8, 47]",COMPLETE
79,79,0.30409680613438406,4.056706190109253,2021-06-19 13:15:16.451404,2021-06-19 13:15:20.509947,0 days 00:00:04.058543,0,0.9239884580521727,5,11,5,18,1,"[9, 36]",COMPLETE
80,80,0.24561713845966246,2.9830918312072754,2021-06-19 13:15:20.510741,2021-06-19 13:15:23.494938,0 days 00:00:02.984197,70,0.9030810224375221,7,8,3,30,1,"[20, 49]",COMPLETE
81,81,0.3194802938847827,2.8610682487487793,2021-06-19 13:15:23.495742,2021-06-19 13:15:26.357761,0 days 00:00:02.862019,80,0.769694128249329,8,1,7,4,1,"[12, 2]",COMPLETE
82,82,inf,inf,2021-06-19 13:15:26.359026,2021-06-19 13:15:26.889752,0 days 00:00:00.530726,90,0.5532402545485398,6,3,15,25,1,"[44, 28]",COMPLETE
83,83,0.3137439256808561,14.833437204360962,2021-06-19 13:15:26.892568,2021-06-19 13:15:41.727344,0 days 00:00:14.834776,100,0.9981858756497994,0,9,17,25,1,"[43, 43]",COMPLETE
84,84,0.2341778727051543,2.714409112930298,2021-06-19 13:15:41.728492,2021-06-19 13:15:44.443733,0 days 00:00:02.715241,60,0.6707151259602254,9,9,22,25,1,"[26, 26]",COMPLETE
85,85,1.057999070642362,3.488795518875122,2021-06-19 13:15:44.444936,2021-06-19 13:15:47.934854,0 days 00:00:03.489918,0,0.9867075203420317,7,1,24,14,1,"[41, 30]",COMPLETE
86,86,inf,inf,2021-06-19 13:15:47.936110,2021-06-19 13:15:48.080506,0 days 00:00:00.144396,90,0.30073576649850203,5,3,0,16,1,"[8, 39]",COMPLETE
87,87,0.3309762982249078,3.2220299243927,2021-06-19 13:15:48.081992,2021-06-19 13:15:51.305614,0 days 00:00:03.223622,20,0.9614568366614937,7,8,8,1,1,"[32, 49]",COMPLETE
88,88,0.28154256635234054,4.203071355819702,2021-06-19 13:15:51.306884,2021-06-19 13:15:55.511071,0 days 00:00:04.204187,100,0.7735969047093239,3,8,11,27,1,"[25, 46]",COMPLETE
89,89,0.3543844092962235,5.695282220840454,2021-06-19 13:15:55.512353,2021-06-19 13:16:01.208718,0 days 00:00:05.696365,80,0.7471725396085764,1,4,3,7,1,"[24, 0]",COMPLETE
90,90,0.41945600189917454,6.146234512329102,2021-06-19 13:16:01.209968,2021-06-19 13:16:07.357327,0 days 00:00:06.147359,60,0.7815688639630782,1,13,8,2,1,"[47, 1]",COMPLETE
91,91,0.30109308856874706,3.74527645111084,2021-06-19 13:16:07.358586,2021-06-19 13:16:11.104986,0 days 00:00:03.746400,60,0.9867075203420317,6,13,5,8,1,"[1, 41]",COMPLETE
92,92,0.2878069139310132,3.158322811126709,2021-06-19 13:16:11.106239,2021-06-19 13:16:14.265622,0 days 00:00:03.159383,100,0.6670947403626581,6,11,8,14,1,"[38, 33]",COMPLETE
93,93,0.30994346970504477,13.85219669342041,2021-06-19 13:16:14.266890,2021-06-19 13:16:28.119845,0 days 00:00:13.852955,100,0.9981858756497994,0,2,17,25,1,"[43, 43]",COMPLETE
94,94,0.28506819220774576,2.857240915298462,2021-06-19 13:16:28.121042,2021-06-19 13:16:30.979169,0 days 00:00:02.858127,100,0.769694128249329,8,2,7,11,1,"[2, 43]",COMPLETE
95,95,inf,inf,2021-06-19 13:16:30.980389,2021-06-19 13:16:32.348048,0 days 00:00:01.367659,60,0.5493744951139398,1,4,3,7,1,"[0, 3]",COMPLETE
96,96,0.3209162154047959,4.890684366226196,2021-06-19 13:16:32.349520,2021-06-19 13:16:37.247832,0 days 00:00:04.898312,50,0.9167228891613541,2,15,26,8,1,"[10, 27]",COMPLETE
97,97,0.27787841050723977,3.0331497192382812,2021-06-19 13:16:37.248999,2021-06-19 13:16:40.283031,0 days 00:00:03.034032,60,0.9867075203420317,10,1,13,12,1,"[3, 41]",COMPLETE
98,98,inf,inf,2021-06-19 13:16:40.284207,2021-06-19 13:16:40.476169,0 days 00:00:00.191962,40,0.3027652703602585,1,15,13,14,1,"[13, 48]",COMPLETE
99,99,0.2768999564988025,4.053345441818237,2021-06-19 13:16:40.482158,2021-06-19 13:16:44.537490,0 days 00:00:04.055332,10,0.9239884580521727,3,11,4,30,1,"[9, 20]",COMPLETE
100,100,0.33428948179337326,2.7330539226531982,2021-06-19 13:16:44.538644,2021-06-19 13:17:59.440249,0 days 00:01:14.901605,70,0.7815688639630782,10,9,9,2,2,"[47, 61]",COMPLETE
101,101,0.2961850556455237,2.762049674987793,2021-06-19 13:17:59.442124,2021-06-19 13:18:02.205749,0 days 00:00:02.763625,70,0.7815688639630782,10,13,23,2,2,"[47, 91]",COMPLETE
102,102,0.23987808795147356,2.7103817462921143,2021-06-19 13:18:02.207252,2021-06-19 13:18:04.918635,0 days 00:00:02.711383,20,0.6314256997385901,10,1,14,24,2,"[75, 22]",COMPLETE
103,103,0.27542716293718095,3.0536813735961914,2021-06-19 13:18:04.919451,2021-06-19 13:18:07.974313,0 days 00:00:03.054862,60,0.9867075203420317,10,16,8,12,2,"[68, 41]",COMPLETE
104,104,0.26261769138258034,2.9547250270843506,2021-06-19 13:18:07.975129,2021-06-19 13:18:10.930963,0 days 00:00:02.955834,50,0.8418291686792274,8,13,10,20,2,"[35, 14]",COMPLETE
105,105,0.2533261855600841,2.7010090351104736,2021-06-19 13:18:10.932182,2021-06-19 13:18:13.634116,0 days 00:00:02.701934,50,0.6314256997385901,8,4,7,23,2,"[10, 76]",COMPLETE
106,106,0.2463474289140335,2.7524828910827637,2021-06-19 13:18:13.635182,2021-06-19 13:18:16.388776,0 days 00:00:02.753594,20,0.7492482924832433,10,12,10,20,2,"[70, 61]",COMPLETE
107,107,0.25798955073056024,2.8927178382873535,2021-06-19 13:18:16.390025,2021-06-19 13:18:19.283829,0 days 00:00:02.893804,60,0.6415492259649922,7,7,22,23,2,"[76, 26]",COMPLETE
108,108,0.251925809457318,3.085770845413208,2021-06-19 13:18:19.285091,2021-06-19 13:18:22.371820,0 days 00:00:03.086729,10,0.7268184875848873,6,11,4,30,2,"[3, 99]",COMPLETE
109,109,0.2766583504285119,3.999218225479126,2021-06-19 13:18:22.373076,2021-06-19 13:18:26.373245,0 days 00:00:04.000169,50,0.9239884580521727,3,12,4,30,2,"[46, 99]",COMPLETE
110,110,0.3378487020439725,2.9873385429382324,2021-06-19 13:18:26.374407,2021-06-19 13:18:29.362683,0 days 00:00:02.988276,20,0.7815688639630782,7,8,8,2,2,"[64, 87]",COMPLETE
111,111,0.25090757707731925,3.069497585296631,2021-06-19 13:18:29.363736,2021-06-19 13:18:32.434315,0 days 00:00:03.070579,20,0.7268184875848873,6,7,13,30,2,"[3, 41]",COMPLETE
112,112,0.23837220016064262,2.7311296463012695,2021-06-19 13:18:32.435575,2021-06-19 13:18:35.167854,0 days 00:00:02.732279,10,0.7815688639630782,10,12,20,23,2,"[40, 47]",COMPLETE
113,113,0.26228137994209266,3.0231645107269287,2021-06-19 13:18:35.169120,2021-06-19 13:18:38.193087,0 days 00:00:03.023967,60,0.7268184875848873,6,7,13,26,2,"[3, 3]",COMPLETE
114,114,0.3291172005528568,3.222452402114868,2021-06-19 13:18:38.194351,2021-06-19 13:18:41.417812,0 days 00:00:03.223461,60,0.7268184875848873,6,13,13,2,2,"[3, 3]",COMPLETE
115,115,0.3346362476898866,2.5584049224853516,2021-06-19 13:18:41.419074,2021-06-19 13:18:43.978610,0 days 00:00:02.559536,20,0.6314256997385901,10,1,17,1,2,"[75, 21]",COMPLETE
116,116,0.2718209864084024,2.665663003921509,2021-06-19 13:18:43.979483,2021-06-19 13:18:46.646286,0 days 00:00:02.666803,50,0.7851852508309797,10,15,17,12,2,"[97, 10]",COMPLETE
117,117,0.24280064169672388,2.877586603164673,2021-06-19 13:18:46.647467,2021-06-19 13:18:49.526180,0 days 00:00:02.878713,20,0.8181318708590011,8,12,22,25,2,"[35, 26]",COMPLETE
118,118,0.3048719037088137,2.6831672191619873,2021-06-19 13:18:49.527218,2021-06-19 13:18:52.211408,0 days 00:00:02.684190,90,0.6933678716519128,10,8,17,3,2,"[45, 61]",COMPLETE
119,119,0.29819699773567937,3.490701198577881,2021-06-19 13:18:52.212605,2021-06-19 13:18:55.704608,0 days 00:00:03.492003,20,0.9119464428743755,5,15,5,12,2,"[41, 21]",COMPLETE
120,120,0.27832054457402544,2.981696605682373,2021-06-19 13:18:55.705868,2021-06-19 13:18:58.688567,0 days 00:00:02.982699,100,0.6670947403626581,8,11,8,14,2,"[92, 70]",COMPLETE
121,121,0.2702655720983575,2.76568865776062,2021-06-19 13:18:58.689830,2021-06-19 13:19:01.456770,0 days 00:00:02.766940,60,0.7815688639630782,9,12,18,15,2,"[47, 84]",COMPLETE
122,122,0.2854833965711542,4.927307367324829,2021-06-19 13:19:01.458041,2021-06-19 13:19:06.386499,0 days 00:00:04.928458,20,0.9867075203420317,3,9,22,27,2,"[41, 84]",COMPLETE
123,123,0.3333609581856633,4.699164867401123,2021-06-19 13:19:06.387761,2021-06-19 13:19:11.088281,0 days 00:00:04.700520,70,0.6405032445183151,2,12,2,10,2,"[64, 18]",COMPLETE
124,124,0.279056289849511,2.7175791263580322,2021-06-19 13:19:11.089394,2021-06-19 13:19:13.807993,0 days 00:00:02.718599,10,0.769694128249329,8,1,14,14,2,"[2, 67]",COMPLETE
125,125,0.2578467199131006,3.275336503982544,2021-06-19 13:19:13.808840,2021-06-19 13:19:17.085408,0 days 00:00:03.276568,90,0.7815688639630782,6,12,25,26,2,"[3, 64]",COMPLETE
126,126,0.24246895163405427,2.771580219268799,2021-06-19 13:19:17.086557,2021-06-19 13:19:19.859138,0 days 00:00:02.772581,40,0.8344129800998359,8,7,0,29,2,"[4, 55]",COMPLETE
127,127,0.2964633608025385,3.1267828941345215,2021-06-19 13:19:19.860430,2021-06-19 13:19:22.988168,0 days 00:00:03.127738,60,0.7268184875848873,6,7,8,10,2,"[3, 1]",COMPLETE
128,128,0.27540815035739713,2.932711124420166,2021-06-19 13:19:22.989340,2021-06-19 13:19:25.923265,0 days 00:00:02.933925,90,0.6707151259602254,8,9,22,14,2,"[56, 26]",COMPLETE
129,129,0.26874027113430654,2.9618635177612305,2021-06-19 13:19:25.924362,2021-06-19 13:19:28.887213,0 days 00:00:02.962851,70,0.9550011937710494,10,12,9,14,2,"[47, 67]",COMPLETE
130,130,0.27263548234784735,3.3954992294311523,2021-06-19 13:19:28.888518,2021-06-19 13:19:32.285141,0 days 00:00:03.396623,0,0.6707151259602254,5,15,5,25,2,"[84, 79]",COMPLETE
131,131,0.32530263921650054,2.705838918685913,2021-06-19 13:19:32.286397,2021-06-19 13:19:34.993238,0 days 00:00:02.706841,70,0.7815688639630782,10,12,9,2,2,"[64, 47]",COMPLETE
