,number,values_0,values_1,datetime_start,datetime_complete,duration,params_checks,params_n_ratio,params_nskip,params_trees,params_w1,params_w2,system_attrs_nsga2:generation,system_attrs_nsga2:parents,state
5156,5156,0.23090469762996157,2.8152101039886475,2021-06-19 18:01:54.033905,2021-06-19 18:01:56.855424,0 days 00:00:02.821519,20,0.8047024443354969,10,15,30,25,103,"[4845, 2762]",COMPLETE
5157,5157,0.23573308017362024,2.542323350906372,2021-06-19 18:01:56.858145,2021-06-19 18:01:59.406655,0 days 00:00:02.548510,10,0.603627004462215,10,1,8,25,103,"[316, 3760]",COMPLETE
5158,5158,0.2834552525610879,3.378643035888672,2021-06-19 18:01:59.409646,2021-06-19 18:02:02.794921,0 days 00:00:03.385275,20,0.775837870117549,4,1,30,26,103,"[1735, 4331]",COMPLETE
5159,5159,0.30833420581372767,2.9227654933929443,2021-06-19 18:02:02.797783,2021-06-19 18:02:05.727345,0 days 00:00:02.929562,90,0.6604876223955848,10,13,30,5,103,"[1218, 1205]",COMPLETE
5160,5160,0.23136880803239196,2.5954906940460205,2021-06-19 18:02:05.730396,2021-06-19 18:02:08.332037,0 days 00:00:02.601641,20,0.775837870117549,10,1,30,26,103,"[3566, 3566]",COMPLETE
5161,5161,0.3077365806237707,4.479897975921631,2021-06-19 18:02:08.335236,2021-06-19 18:02:12.821602,0 days 00:00:04.486366,20,0.7044121314824888,2,1,24,25,103,"[1599, 4781]",COMPLETE
5162,5162,0.24281420493799458,2.574280023574829,2021-06-19 18:02:12.824537,2021-06-19 18:02:15.405291,0 days 00:00:02.580754,10,0.7044121314824888,10,1,2,25,103,"[1205, 1244]",COMPLETE
5163,5163,0.3193833589482365,9.19204831123352,2021-06-19 18:02:15.408536,2021-06-19 18:02:24.607180,0 days 00:00:09.198644,20,0.7044121314824888,0,3,30,25,103,"[1006, 3260]",COMPLETE
5164,5164,0.23044706377863405,2.748013973236084,2021-06-19 18:02:24.610509,2021-06-19 18:02:27.365008,0 days 00:00:02.754499,20,0.7044121314824888,10,1,30,25,103,"[4943, 4781]",COMPLETE
5165,5165,0.25724955977315345,2.6103901863098145,2021-06-19 18:02:27.368304,2021-06-19 18:02:29.985312,0 days 00:00:02.617008,20,0.775837870117549,10,1,30,16,103,"[3256, 2991]",COMPLETE
5166,5166,0.23245542727167484,2.6111137866973877,2021-06-19 18:02:29.988525,2021-06-19 18:02:32.606042,0 days 00:00:02.617517,20,0.7044121314824888,10,1,30,25,103,"[2209, 3082]",COMPLETE
5167,5167,0.2901963873062449,3.873852014541626,2021-06-19 18:02:32.609291,2021-06-19 18:02:36.489422,0 days 00:00:03.880131,10,0.7492482924832433,3,1,30,25,103,"[1028, 1028]",COMPLETE
5168,5168,inf,inf,2021-06-19 18:02:36.492773,2021-06-19 18:02:36.717998,0 days 00:00:00.225225,10,0.4397608971637802,10,1,30,25,103,"[3483, 1028]",COMPLETE
5169,5169,0.2362216167771793,2.657749891281128,2021-06-19 18:02:36.725087,2021-06-19 18:02:39.399572,0 days 00:00:02.674485,10,0.6415492259649922,10,1,10,25,103,"[849, 4781]",COMPLETE
5170,5170,0.2600564688141702,2.756544351577759,2021-06-19 18:02:39.402809,2021-06-19 18:02:42.166442,0 days 00:00:02.763633,20,0.7044121314824888,10,9,29,19,103,"[908, 2960]",COMPLETE
5171,5171,0.23501475441808747,2.562699556350708,2021-06-19 18:02:42.169619,2021-06-19 18:02:44.738617,0 days 00:00:02.568998,20,0.7044121314824888,10,1,30,25,103,"[1929, 1735]",COMPLETE
5172,5172,0.23246724417446404,2.554121494293213,2021-06-19 18:02:44.741787,2021-06-19 18:02:47.302284,0 days 00:00:02.560497,20,0.8047024443354969,10,1,30,25,103,"[4845, 2229]",COMPLETE
5173,5173,0.23753183793961188,2.759962320327759,2021-06-19 18:02:47.305385,2021-06-19 18:02:50.071933,0 days 00:00:02.766548,20,0.7044121314824888,10,1,9,26,103,"[2209, 2209]",COMPLETE
5174,5174,0.22904049002587532,2.5952308177948,2021-06-19 18:02:50.074751,2021-06-19 18:02:52.676736,0 days 00:00:02.601985,20,0.8166631220732532,10,1,30,25,103,"[3260, 1389]",COMPLETE
5175,5175,0.2293732987576958,2.6928324699401855,2021-06-19 18:02:52.679962,2021-06-19 18:02:55.379289,0 days 00:00:02.699327,40,0.775837870117549,10,11,24,26,103,"[2209, 4419]",COMPLETE
5176,5176,0.23138376628381263,2.721076250076294,2021-06-19 18:02:55.382585,2021-06-19 18:02:58.110301,0 days 00:00:02.727716,20,0.775837870117549,10,1,24,25,103,"[3260, 3760]",COMPLETE
5177,5177,0.2303877281683232,2.556436538696289,2021-06-19 18:02:58.113433,2021-06-19 18:03:00.676207,0 days 00:00:02.562774,20,0.7044121314824888,10,1,30,25,103,"[4236, 4781]",COMPLETE
5178,5178,0.22727439807904815,2.7888076305389404,2021-06-19 18:03:00.679086,2021-06-19 18:03:03.474265,0 days 00:00:02.795179,20,0.7044121314824888,10,1,30,26,103,"[1974, 1929]",COMPLETE
5179,5179,0.23311659934235832,2.552373170852661,2021-06-19 18:03:03.477265,2021-06-19 18:03:06.036071,0 days 00:00:02.558806,10,0.7044121314824888,10,1,30,25,103,"[3195, 849]",COMPLETE
5180,5180,0.23468084714372922,2.588202476501465,2021-06-19 18:03:06.039295,2021-06-19 18:03:08.633951,0 days 00:00:02.594656,10,0.603627004462215,10,1,28,27,103,"[316, 2659]",COMPLETE
5181,5181,0.23110049104006122,2.795084238052368,2021-06-19 18:03:08.637075,2021-06-19 18:03:11.438738,0 days 00:00:02.801663,20,0.7044121314824888,10,12,30,26,103,"[1974, 2465]",COMPLETE
5182,5182,0.2306749375424956,2.650644540786743,2021-06-19 18:03:11.441987,2021-06-19 18:03:14.099074,0 days 00:00:02.657087,30,0.7044121314824888,10,9,30,26,103,"[1246, 2963]",COMPLETE
5183,5183,inf,inf,2021-06-19 18:03:14.102252,2021-06-19 18:03:14.510980,0 days 00:00:00.408728,40,0.5551416245900587,10,1,24,25,103,"[2063, 4419]",COMPLETE
5184,5184,0.24750694836600703,2.8984429836273193,2021-06-19 18:03:14.515744,2021-06-19 18:03:17.440543,0 days 00:00:02.924799,20,0.7044121314824888,8,1,30,23,103,"[3100, 3100]",COMPLETE
5185,5185,0.31150263135163353,2.587331533432007,2021-06-19 18:03:17.443681,2021-06-19 18:03:20.037596,0 days 00:00:02.593915,20,0.775837870117549,10,1,30,3,103,"[4879, 1006]",COMPLETE
5186,5186,0.23402377673201508,2.574420928955078,2021-06-19 18:03:20.040830,2021-06-19 18:03:22.621866,0 days 00:00:02.581036,20,0.7044121314824888,10,1,30,29,103,"[4781, 411]",COMPLETE
5187,5187,inf,inf,2021-06-19 18:03:22.625139,2021-06-19 18:03:22.807332,0 days 00:00:00.182193,30,0.46774725748180895,10,1,23,25,103,"[3260, 2078]",COMPLETE
5188,5188,0.2750462806346104,3.533186674118042,2021-06-19 18:03:22.830204,2021-06-19 18:03:26.373490,0 days 00:00:03.543286,10,0.775837870117549,4,1,11,26,103,"[1974, 1974]",COMPLETE
5189,5189,0.23438622567873527,2.586151599884033,2021-06-19 18:03:26.376198,2021-06-19 18:03:28.968649,0 days 00:00:02.592451,40,0.775837870117549,10,1,30,26,103,"[2465, 3760]",COMPLETE
5190,5190,0.23365950583516645,2.5587353706359863,2021-06-19 18:03:28.971427,2021-06-19 18:03:31.536528,0 days 00:00:02.565101,20,0.7044121314824888,10,1,30,25,103,"[1246, 1929]",COMPLETE
5191,5191,0.2322379204109166,2.8144941329956055,2021-06-19 18:03:31.539319,2021-06-19 18:03:34.360239,0 days 00:00:02.820920,20,0.7100511651342796,10,15,24,26,103,"[1599, 2762]",COMPLETE
5192,5192,inf,inf,2021-06-19 18:03:34.362959,2021-06-19 18:03:34.540860,0 days 00:00:00.177901,10,0.37561946472656377,10,1,23,21,103,"[1389, 2078]",COMPLETE
5193,5193,0.23232245475777982,2.6984477043151855,2021-06-19 18:03:34.552351,2021-06-19 18:03:37.270932,0 days 00:00:02.718581,80,0.7044121314824888,10,10,30,25,103,"[3483, 2659]",COMPLETE
5194,5194,0.25000015587215735,3.019646406173706,2021-06-19 18:03:37.273954,2021-06-19 18:03:40.300227,0 days 00:00:03.026273,20,0.7044121314824888,7,1,30,25,103,"[3260, 3760]",COMPLETE
5195,5195,0.2654138038966505,2.9096741676330566,2021-06-19 18:03:40.303272,2021-06-19 18:03:43.219746,0 days 00:00:02.916474,20,0.7044121314824888,6,1,7,25,103,"[1159, 1929]",COMPLETE
5196,5196,0.23369436538596097,2.5983405113220215,2021-06-19 18:03:43.222615,2021-06-19 18:03:45.827085,0 days 00:00:02.604470,20,0.7492482924832433,10,1,30,25,103,"[1735, 1735]",COMPLETE
5197,5197,0.23244595171453467,2.7485454082489014,2021-06-19 18:03:45.829957,2021-06-19 18:03:48.584849,0 days 00:00:02.754892,20,0.7044121314824888,10,1,30,25,103,"[1159, 1656]",COMPLETE
5198,5198,0.23633492819604415,2.637481927871704,2021-06-19 18:03:48.588024,2021-06-19 18:03:51.232004,0 days 00:00:02.643980,20,0.7492482924832433,10,1,17,26,103,"[900, 745]",COMPLETE
5199,5199,0.23084697050930292,2.5698368549346924,2021-06-19 18:03:51.235228,2021-06-19 18:03:53.811598,0 days 00:00:02.576370,20,0.7044121314824888,10,1,30,25,103,"[2209, 4236]",COMPLETE
5200,5200,0.23079006885032038,2.8072571754455566,2021-06-19 18:03:53.814877,2021-06-19 18:05:09.794748,0 days 00:01:15.979871,90,0.7044121314824888,10,1,30,25,104,"[4236, 1246]",COMPLETE
5201,5201,inf,inf,2021-06-19 18:05:09.802148,2021-06-19 18:05:09.961535,0 days 00:00:00.159387,20,0.32041815412886726,10,6,30,25,104,"[3760, 1929]",COMPLETE
5202,5202,0.2329811476053597,2.5811927318573,2021-06-19 18:05:09.975990,2021-06-19 18:05:12.577489,0 days 00:00:02.601499,20,0.7492482924832433,10,1,24,26,104,"[900, 900]",COMPLETE
5203,5203,0.2339142699056646,2.954368829727173,2021-06-19 18:05:12.580465,2021-06-19 18:05:15.541674,0 days 00:00:02.961209,20,0.8512264404120813,10,13,30,28,104,"[1735, 4523]",COMPLETE
5204,5204,0.23199639623568702,2.5360236167907715,2021-06-19 18:05:15.544961,2021-06-19 18:05:18.088100,0 days 00:00:02.543139,20,0.7044121314824888,10,1,24,26,104,"[2209, 1218]",COMPLETE
5205,5205,0.22981522235258853,2.701509475708008,2021-06-19 18:05:18.091178,2021-06-19 18:05:20.799030,0 days 00:00:02.707852,30,0.775837870117549,10,9,30,25,104,"[2963, 5145]",COMPLETE
5206,5206,0.2430171113995724,2.690627098083496,2021-06-19 18:05:20.802448,2021-06-19 18:05:23.500321,0 days 00:00:02.697873,10,0.775837870117549,10,1,9,22,104,"[3566, 745]",COMPLETE
5207,5207,0.3139890717939892,9.41281270980835,2021-06-19 18:05:23.503398,2021-06-19 18:05:32.922945,0 days 00:00:09.419547,90,0.7492482924832433,0,1,10,26,104,"[2209, 2078]",COMPLETE
5208,5208,0.23692245504780854,2.744922161102295,2021-06-19 18:05:32.926241,2021-06-19 18:05:35.677611,0 days 00:00:02.751370,20,0.775837870117549,10,1,11,26,104,"[1974, 1974]",COMPLETE
5209,5209,0.22712515357622637,2.749164581298828,2021-06-19 18:05:35.680716,2021-06-19 18:05:38.436519,0 days 00:00:02.755803,40,0.775837870117549,10,13,30,25,104,"[4419, 900]",COMPLETE
5210,5210,0.2683909711612112,2.677239418029785,2021-06-19 18:05:38.439850,2021-06-19 18:05:41.124154,0 days 00:00:02.684304,20,0.775837870117549,10,3,30,9,104,"[4845, 3082]",COMPLETE
5211,5211,0.23151787680819683,2.7535030841827393,2021-06-19 18:05:41.127278,2021-06-19 18:05:43.887487,0 days 00:00:02.760209,20,0.7044121314824888,10,1,28,25,104,"[5145, 1006]",COMPLETE
5212,5212,0.3133476758959442,5.763143539428711,2021-06-19 18:05:43.890646,2021-06-19 18:05:49.660461,0 days 00:00:05.769815,20,0.7044121314824888,1,9,26,26,104,"[2960, 3256]",COMPLETE
5213,5213,inf,inf,2021-06-19 18:05:49.663726,2021-06-19 18:05:49.879608,0 days 00:00:00.215882,60,0.47426350803091744,10,1,30,25,104,"[3195, 1028]",COMPLETE
5214,5214,0.281076602959814,2.7255709171295166,2021-06-19 18:05:49.884841,2021-06-19 18:05:52.627716,0 days 00:00:02.742875,10,0.8047024443354969,10,1,30,5,104,"[4943, 745]",COMPLETE
5215,5215,0.2361892003508339,2.585563898086548,2021-06-19 18:05:52.630738,2021-06-19 18:05:55.222922,0 days 00:00:02.592184,20,0.7044121314824888,10,1,18,25,104,"[908, 3195]",COMPLETE
5216,5216,0.22957402882235317,2.567150831222534,2021-06-19 18:05:55.225847,2021-06-19 18:05:57.799565,0 days 00:00:02.573718,10,0.6218617665061617,10,1,25,25,104,"[1246, 4879]",COMPLETE
5217,5217,0.2384623221957074,2.8425981998443604,2021-06-19 18:05:57.802678,2021-06-19 18:06:00.651788,0 days 00:00:02.849110,20,0.7492482924832433,10,14,9,26,104,"[2078, 745]",COMPLETE
5218,5218,0.2337574067628857,2.716456413269043,2021-06-19 18:06:00.655012,2021-06-19 18:06:03.378270,0 days 00:00:02.723258,20,0.8742831431969675,10,1,22,26,104,"[849, 647]",COMPLETE
5219,5219,0.23025930156933527,2.833822011947632,2021-06-19 18:06:03.381504,2021-06-19 18:06:06.221987,0 days 00:00:02.840483,20,0.775837870117549,10,6,30,26,104,"[411, 3566]",COMPLETE
5220,5220,0.2392671686340418,2.671382427215576,2021-06-19 18:06:06.225177,2021-06-19 18:06:08.903171,0 days 00:00:02.677994,10,0.7044121314824888,10,5,12,27,104,"[1028, 2209]",COMPLETE
5221,5221,0.23427378830635184,2.5666964054107666,2021-06-19 18:06:08.906364,2021-06-19 18:06:11.479744,0 days 00:00:02.573380,10,0.7044121314824888,10,1,22,23,104,"[849, 3100]",COMPLETE
5222,5222,0.23186056143725334,2.823150873184204,2021-06-19 18:06:11.482981,2021-06-19 18:06:14.312561,0 days 00:00:02.829580,30,0.8656063924733441,10,9,30,26,104,"[2963, 2963]",COMPLETE
5223,5223,0.2311081262263391,2.618675947189331,2021-06-19 18:06:14.315727,2021-06-19 18:06:16.940916,0 days 00:00:02.625189,20,0.7044121314824888,10,9,30,25,104,"[2960, 900]",COMPLETE
5224,5224,0.22909407886947286,2.6087722778320312,2021-06-19 18:06:16.944203,2021-06-19 18:06:19.559362,0 days 00:00:02.615159,20,0.775837870117549,10,1,30,25,104,"[2063, 2991]",COMPLETE
5225,5225,0.2341831930359389,2.76751708984375,2021-06-19 18:06:19.562545,2021-06-19 18:06:22.336468,0 days 00:00:02.773923,20,0.7492482924832433,10,1,24,26,104,"[2078, 1599]",COMPLETE
5226,5226,0.2935417233710929,4.723998069763184,2021-06-19 18:06:22.339681,2021-06-19 18:06:27.070487,0 days 00:00:04.730806,20,0.9276304728863924,2,3,24,26,104,"[2209, 4781]",COMPLETE
5227,5227,0.2345216449161762,2.734586715698242,2021-06-19 18:06:27.073698,2021-06-19 18:06:29.814752,0 days 00:00:02.741054,10,0.8047024443354969,10,1,30,25,104,"[880, 2229]",COMPLETE
5228,5228,0.23301663174590628,2.6116437911987305,2021-06-19 18:06:29.817931,2021-06-19 18:06:32.436114,0 days 00:00:02.618183,20,0.775837870117549,10,1,18,25,104,"[1735, 4879]",COMPLETE
5229,5229,0.23348921936008082,2.564105272293091,2021-06-19 18:06:32.439019,2021-06-19 18:06:35.009670,0 days 00:00:02.570651,20,0.7492482924832433,10,1,25,26,104,"[3260, 2078]",COMPLETE
5230,5230,inf,inf,2021-06-19 18:06:35.012909,2021-06-19 18:06:35.355451,0 days 00:00:00.342542,60,0.5330633676533193,10,1,30,25,104,"[3195, 3082]",COMPLETE
5231,5231,0.2313098417573151,2.716069221496582,2021-06-19 18:06:35.371128,2021-06-19 18:06:38.098520,0 days 00:00:02.727392,10,0.7044121314824888,10,1,25,26,104,"[2659, 3307]",COMPLETE
5232,5232,inf,inf,2021-06-19 18:06:38.101800,2021-06-19 18:06:38.556508,0 days 00:00:00.454708,20,0.6229649089815601,10,10,8,26,104,"[1218, 3307]",COMPLETE
5233,5233,0.23266533286913016,2.6050586700439453,2021-06-19 18:06:38.563425,2021-06-19 18:06:41.197486,0 days 00:00:02.634061,20,0.7044121314824888,10,1,24,25,104,"[2762, 3260]",COMPLETE
5234,5234,0.23159709439531206,2.630403518676758,2021-06-19 18:06:41.200832,2021-06-19 18:06:43.837790,0 days 00:00:02.636958,10,0.7044121314824888,10,15,20,25,104,"[2762, 2659]",COMPLETE
5235,5235,0.22596799056111053,2.7720072269439697,2021-06-19 18:06:43.841065,2021-06-19 18:06:46.619461,0 days 00:00:02.778396,20,0.7044121314824888,10,9,30,26,104,"[1974, 1218]",COMPLETE
5236,5236,0.23207627402577957,2.623516082763672,2021-06-19 18:06:46.622763,2021-06-19 18:06:49.252920,0 days 00:00:02.630157,20,0.7044121314824888,10,12,15,26,104,"[1599, 4943]",COMPLETE
5237,5237,0.31091696833153765,5.634266138076782,2021-06-19 18:06:49.256195,2021-06-19 18:06:54.896984,0 days 00:00:05.640789,20,0.775837870117549,1,1,30,25,104,"[3082, 3566]",COMPLETE
5238,5238,0.2348291530472263,2.6405892372131348,2021-06-19 18:06:54.900174,2021-06-19 18:06:57.547294,0 days 00:00:02.647120,10,0.7044121314824888,10,16,30,25,104,"[1028, 4236]",COMPLETE
5239,5239,0.23206804420101362,2.550607442855835,2021-06-19 18:06:57.550568,2021-06-19 18:07:00.107671,0 days 00:00:02.557103,20,0.7492482924832433,10,1,24,26,104,"[900, 1205]",COMPLETE
5240,5240,0.23111679447150218,2.7862515449523926,2021-06-19 18:07:00.110889,2021-06-19 18:07:02.903575,0 days 00:00:02.792686,20,0.7044121314824888,10,1,30,25,104,"[4781, 3100]",COMPLETE
5241,5241,0.3212553766817423,5.441349029541016,2021-06-19 18:07:02.906824,2021-06-19 18:07:08.354817,0 days 00:00:05.447993,20,0.7044121314824888,1,1,2,14,104,"[1205, 1205]",COMPLETE
5242,5242,0.22945332541728308,2.58347749710083,2021-06-19 18:07:08.357993,2021-06-19 18:07:10.948037,0 days 00:00:02.590044,30,0.7492482924832433,10,1,30,25,104,"[880, 4236]",COMPLETE
5243,5243,0.22857122635977217,2.7337629795074463,2021-06-19 18:07:10.951185,2021-06-19 18:07:13.691460,0 days 00:00:02.740275,20,0.7492482924832433,10,1,30,25,104,"[4943, 1735]",COMPLETE
5244,5244,0.23778007692174039,2.5806949138641357,2021-06-19 18:07:13.694648,2021-06-19 18:07:16.281764,0 days 00:00:02.587116,20,0.7492482924832433,10,1,24,26,104,"[2209, 2078]",COMPLETE
5245,5245,0.23802837059883963,2.728574752807617,2021-06-19 18:07:16.284993,2021-06-19 18:07:19.019982,0 days 00:00:02.734989,10,0.7044121314824888,10,1,30,25,104,"[1389, 3260]",COMPLETE
5246,5246,0.2892377272271818,2.61081600189209,2021-06-19 18:07:19.023165,2021-06-19 18:07:21.640606,0 days 00:00:02.617441,20,0.8772693348593434,10,1,24,4,104,"[1006, 2209]",COMPLETE
5247,5247,0.23253490602221666,2.587106704711914,2021-06-19 18:07:21.643844,2021-06-19 18:07:24.237356,0 days 00:00:02.593512,20,0.775837870117549,10,1,30,25,104,"[4419, 2991]",COMPLETE
5248,5248,inf,inf,2021-06-19 18:07:24.240666,2021-06-19 18:07:24.601352,0 days 00:00:00.360686,20,0.49293871577911286,10,1,23,25,104,"[2078, 4879]",COMPLETE
5249,5249,0.2324396780999893,2.785318374633789,2021-06-19 18:07:24.606138,2021-06-19 18:07:27.420566,0 days 00:00:02.814428,20,0.7492482924832433,10,1,24,26,104,"[900, 411]",COMPLETE
5250,5250,0.29304755783964187,3.696106433868408,2021-06-19 18:07:27.423709,2021-06-19 18:07:31.175638,0 days 00:00:03.751929,20,0.7492482924832433,3,1,24,26,105,"[3566, 900]",COMPLETE
5251,5251,0.22885405715734936,2.584728717803955,2021-06-19 18:07:31.178885,2021-06-19 18:07:33.770008,0 days 00:00:02.591123,0,0.7044121314824888,10,1,30,25,105,"[3260, 3260]",COMPLETE
5252,5252,0.23080634907082517,2.7184996604919434,2021-06-19 18:07:33.773309,2021-06-19 18:07:36.498194,0 days 00:00:02.724885,20,0.7044121314824888,10,1,30,25,105,"[1599, 3483]",COMPLETE
5253,5253,0.24590062510918403,2.6900057792663574,2021-06-19 18:07:36.501407,2021-06-19 18:07:39.198046,0 days 00:00:02.696639,80,0.7044121314824888,10,9,30,21,105,"[1929, 2960]",COMPLETE
5254,5254,0.23324626485118438,2.8156630992889404,2021-06-19 18:07:39.201317,2021-06-19 18:07:42.023521,0 days 00:00:02.822204,20,0.7044121314824888,10,15,30,24,105,"[3483, 1159]",COMPLETE
5255,5255,0.23305894712200437,2.5665555000305176,2021-06-19 18:07:42.026735,2021-06-19 18:07:44.599748,0 days 00:00:02.573013,10,0.7044121314824888,10,1,30,25,105,"[1246, 4419]",COMPLETE
5256,5256,inf,inf,2021-06-19 18:07:44.602870,2021-06-19 18:07:44.789457,0 days 00:00:00.186587,20,0.44037255615930926,10,8,30,25,105,"[5145, 5145]",COMPLETE
5257,5257,0.23201097160038545,2.6280198097229004,2021-06-19 18:07:44.793894,2021-06-19 18:07:47.451457,0 days 00:00:02.657563,20,0.775837870117549,10,8,30,26,105,"[4331, 1159]",COMPLETE
5258,5258,0.23430655631027472,2.765920639038086,2021-06-19 18:07:47.454731,2021-06-19 18:07:50.227206,0 days 00:00:02.772475,10,0.775837870117549,10,8,30,22,105,"[4879, 745]",COMPLETE
5259,5259,0.22942885668182567,2.5782041549682617,2021-06-19 18:07:50.230314,2021-06-19 18:07:52.814909,0 days 00:00:02.584595,20,0.7044121314824888,10,1,30,25,105,"[4236, 2465]",COMPLETE
5260,5260,0.29972249877762924,3.3328640460968018,2021-06-19 18:07:52.817881,2021-06-19 18:07:56.157360,0 days 00:00:03.339479,20,0.5815836964166845,4,1,30,25,105,"[1929, 908]",COMPLETE
5261,5261,0.2398409752833459,2.731837511062622,2021-06-19 18:07:56.160437,2021-06-19 18:07:58.898860,0 days 00:00:02.738423,10,0.7492482924832433,10,1,8,25,105,"[1389, 2991]",COMPLETE
5262,5262,0.23296235450539998,2.609140396118164,2021-06-19 18:07:58.902066,2021-06-19 18:08:01.517725,0 days 00:00:02.615659,20,0.7044121314824888,10,9,30,26,105,"[4943, 1218]",COMPLETE
5263,5263,0.2380311756516449,2.619234800338745,2021-06-19 18:08:01.521026,2021-06-19 18:08:04.146909,0 days 00:00:02.625883,20,0.8660098753911414,10,1,10,25,105,"[2762, 1929]",COMPLETE
5264,5264,0.2745369131338458,2.7291386127471924,2021-06-19 18:08:04.152471,2021-06-19 18:08:06.895218,0 days 00:00:02.742747,20,0.775837870117549,10,1,30,13,105,"[4879, 647]",COMPLETE
5265,5265,0.3073072007392528,2.6952481269836426,2021-06-19 18:08:06.898660,2021-06-19 18:08:09.601295,0 days 00:00:02.702635,80,0.7044121314824888,10,9,30,6,105,"[1735, 1244]",COMPLETE
5266,5266,0.23725384314383918,2.7926785945892334,2021-06-19 18:08:09.604418,2021-06-19 18:08:12.403796,0 days 00:00:02.799378,10,0.6415492259649922,10,9,30,23,105,"[849, 2229]",COMPLETE
5267,5267,0.23473288540246712,2.6091604232788086,2021-06-19 18:08:12.406829,2021-06-19 18:08:15.022517,0 days 00:00:02.615688,30,0.7044121314824888,10,9,26,28,105,"[411, 2963]",COMPLETE
5268,5268,0.23620806832897073,2.536287307739258,2021-06-19 18:08:15.025562,2021-06-19 18:08:17.568389,0 days 00:00:02.542827,20,0.7044121314824888,10,1,30,25,105,"[1244, 4236]",COMPLETE
5269,5269,0.23952372987790307,2.7089340686798096,2021-06-19 18:08:17.571454,2021-06-19 18:08:20.287131,0 days 00:00:02.715677,10,0.7044121314824888,10,1,9,22,105,"[1006, 745]",COMPLETE
5270,5270,0.32208622826598465,8.989304542541504,2021-06-19 18:08:20.290373,2021-06-19 18:08:29.286352,0 days 00:00:08.995979,20,0.7044121314824888,0,1,23,19,105,"[647, 4523]",COMPLETE
5271,5271,0.23187878275979937,2.7596771717071533,2021-06-19 18:08:29.289604,2021-06-19 18:08:32.055747,0 days 00:00:02.766143,10,0.7044121314824888,10,1,28,25,105,"[2659, 2659]",COMPLETE
5272,5272,0.24205422426967166,2.7708067893981934,2021-06-19 18:08:32.058972,2021-06-19 18:08:34.837186,0 days 00:00:02.778214,20,0.775837870117549,8,12,23,26,105,"[647, 4331]",COMPLETE
5273,5273,inf,inf,2021-06-19 18:08:34.840310,2021-06-19 18:08:35.085846,0 days 00:00:00.245536,30,0.46233759073701564,10,9,30,26,105,"[3082, 2963]",COMPLETE
5274,5274,0.29398935482037475,2.5808801651000977,2021-06-19 18:08:35.091156,2021-06-19 18:08:37.695529,0 days 00:00:02.604373,10,0.7492482924832433,10,1,9,8,105,"[745, 745]",COMPLETE
