,number,values_0,values_1,datetime_start,datetime_complete,duration,params_checks,params_n_ratio,params_nskip,params_trees,params_w1,params_w2,system_attrs_nsga2:generation,system_attrs_nsga2:parents,state
5631,5631,0.23261053476845683,2.7599105834960938,2021-06-19 18:29:10.786017,2021-06-19 18:29:13.553524,0 days 00:00:02.767507,20,0.7044121314824888,10,1,30,25,112,"[3483, 3195]",COMPLETE
5632,5632,0.2266119330592402,2.6348047256469727,2021-06-19 18:29:13.557038,2021-06-19 18:29:16.199167,0 days 00:00:02.642129,20,0.775837870117549,10,1,30,25,112,"[4781, 1974]",COMPLETE
5633,5633,0.23108439616671625,2.5852675437927246,2021-06-19 18:29:16.202625,2021-06-19 18:29:18.795004,0 days 00:00:02.592379,20,0.7044121314824888,10,9,28,25,112,"[1006, 908]",COMPLETE
5634,5634,0.23017537882793185,2.748166799545288,2021-06-19 18:29:18.798432,2021-06-19 18:29:21.553570,0 days 00:00:02.755138,20,0.8047024443354969,10,1,30,25,112,"[3195, 4943]",COMPLETE
5635,5635,0.23441020684176972,2.653812885284424,2021-06-19 18:29:21.556923,2021-06-19 18:29:24.217920,0 days 00:00:02.660997,20,0.7100511651342796,10,15,17,25,112,"[2762, 4236]",COMPLETE
5636,5636,0.2651253874733161,2.610952854156494,2021-06-19 18:29:24.221024,2021-06-19 18:29:26.838865,0 days 00:00:02.617841,20,0.775837870117549,10,1,18,14,112,"[5448, 1205]",COMPLETE
5637,5637,0.22763500114462876,2.7939960956573486,2021-06-19 18:29:26.841829,2021-06-19 18:29:29.642818,0 days 00:00:02.800989,20,0.7044121314824888,10,9,28,25,112,"[4236, 2960]",COMPLETE
5638,5638,0.22894964444815769,2.638890266418457,2021-06-19 18:29:29.645765,2021-06-19 18:29:32.291508,0 days 00:00:02.645743,30,0.7044121314824888,10,9,25,25,112,"[5381, 5565]",COMPLETE
5639,5639,0.3133127436574306,9.461114645004272,2021-06-19 18:29:32.294543,2021-06-19 18:29:41.762673,0 days 00:00:09.468130,20,0.775837870117549,0,9,9,26,112,"[1244, 1974]",COMPLETE
5640,5640,0.23108339465220434,2.7820544242858887,2021-06-19 18:29:41.765947,2021-06-19 18:29:44.554871,0 days 00:00:02.788924,20,0.7492482924832433,10,1,30,25,112,"[1735, 4943]",COMPLETE
5641,5641,0.22719710054813688,2.556102752685547,2021-06-19 18:29:44.557829,2021-06-19 18:29:47.120902,0 days 00:00:02.563073,20,0.8047024443354969,10,1,30,25,112,"[4943, 2229]",COMPLETE
5642,5642,0.23185536152371714,2.769813299179077,2021-06-19 18:29:47.123901,2021-06-19 18:29:49.900633,0 days 00:00:02.776732,80,0.7044121314824888,10,1,30,26,112,"[2078, 4781]",COMPLETE
5643,5643,0.23356271741641033,2.721900701522827,2021-06-19 18:29:49.903601,2021-06-19 18:29:52.632438,0 days 00:00:02.728837,20,0.7492482924832433,10,15,30,25,112,"[1735, 5145]",COMPLETE
5644,5644,0.23234825569007886,2.639524221420288,2021-06-19 18:29:52.636002,2021-06-19 18:29:55.283108,0 days 00:00:02.647106,20,0.7044121314824888,10,13,30,25,112,"[2960, 2960]",COMPLETE
5645,5645,inf,inf,2021-06-19 18:29:55.286543,2021-06-19 18:29:55.482541,0 days 00:00:00.195998,40,0.4525811499777002,10,5,30,25,112,"[3760, 3760]",COMPLETE
5646,5646,0.22820676109558408,2.769990921020508,2021-06-19 18:29:55.488262,2021-06-19 18:29:58.297871,0 days 00:00:02.809609,10,0.7044121314824888,10,1,19,26,112,"[880, 5381]",COMPLETE
5647,5647,0.312162133981747,5.658678293228149,2021-06-19 18:29:58.301284,2021-06-19 18:30:03.967079,0 days 00:00:05.665795,20,0.775837870117549,1,7,30,25,112,"[5565, 4781]",COMPLETE
5648,5648,inf,inf,2021-06-19 18:30:03.970474,2021-06-19 18:30:04.433592,0 days 00:00:00.463118,20,0.5571860558746591,10,9,30,25,112,"[2960, 3483]",COMPLETE
5649,5649,0.2329681098924824,2.730797052383423,2021-06-19 18:30:04.438993,2021-06-19 18:30:07.198327,0 days 00:00:02.759334,20,0.7044121314824888,10,1,30,25,112,"[1244, 880]",COMPLETE
5650,5650,0.23444163968285678,2.6615092754364014,2021-06-19 18:30:07.201689,2021-06-19 18:30:09.917568,0 days 00:00:02.715879,20,0.7044121314824888,10,16,30,24,113,"[3195, 1159]",COMPLETE
5651,5651,0.3092665312893688,2.6703803539276123,2021-06-19 18:30:09.921063,2021-06-19 18:30:12.598654,0 days 00:00:02.677591,20,0.9040067889915231,10,9,30,0,113,"[411, 2229]",COMPLETE
5652,5652,0.2379157402226136,2.7410311698913574,2021-06-19 18:30:12.602068,2021-06-19 18:30:15.350090,0 days 00:00:02.748022,10,0.7044121314824888,10,1,30,25,113,"[745, 3260]",COMPLETE
5653,5653,0.22965766537876814,2.5798943042755127,2021-06-19 18:30:15.353213,2021-06-19 18:30:17.939989,0 days 00:00:02.586776,10,0.7044121314824888,10,1,30,26,113,"[5379, 1389]",COMPLETE
5654,5654,0.22480664527885794,2.608990430831909,2021-06-19 18:30:17.943229,2021-06-19 18:30:20.559039,0 days 00:00:02.615810,20,0.775837870117549,10,1,30,26,113,"[1974, 1974]",COMPLETE
5655,5655,0.23314430700305525,2.797290086746216,2021-06-19 18:30:20.562115,2021-06-19 18:30:23.366577,0 days 00:00:02.804462,20,0.775837870117549,10,10,23,26,113,"[2078, 4331]",COMPLETE
5656,5656,0.26169669014039576,2.5796196460723877,2021-06-19 18:30:23.369981,2021-06-19 18:30:25.956665,0 days 00:00:02.586684,20,0.7044121314824888,10,1,30,17,113,"[1028, 1006]",COMPLETE
5657,5657,0.23023730057638717,2.6088967323303223,2021-06-19 18:30:25.960103,2021-06-19 18:30:28.575979,0 days 00:00:02.615876,20,0.7492482924832433,10,1,30,25,113,"[1735, 4236]",COMPLETE
5658,5658,0.2280223643661683,2.6950981616973877,2021-06-19 18:30:28.579457,2021-06-19 18:30:31.281838,0 days 00:00:02.702381,30,0.775837870117549,10,1,22,25,113,"[1735, 2991]",COMPLETE
5659,5659,inf,inf,2021-06-19 18:30:31.285273,2021-06-19 18:30:31.454217,0 days 00:00:00.168944,20,0.43403916682024135,10,1,9,22,113,"[2209, 745]",COMPLETE
5660,5660,0.23104096822611514,2.568912982940674,2021-06-19 18:30:31.460228,2021-06-19 18:30:34.066163,0 days 00:00:02.605935,20,0.775837870117549,10,1,30,25,113,"[880, 4879]",COMPLETE
5661,5661,0.2291932121183277,2.7473554611206055,2021-06-19 18:30:34.069679,2021-06-19 18:30:36.824093,0 days 00:00:02.754414,20,0.775837870117549,10,1,30,25,113,"[3760, 3195]",COMPLETE
5662,5662,0.2376968117232447,2.5855038166046143,2021-06-19 18:30:36.827462,2021-06-19 18:30:39.419940,0 days 00:00:02.592478,10,0.7044121314824888,10,1,23,22,113,"[5379, 647]",COMPLETE
5663,5663,0.23228492010123444,2.597744941711426,2021-06-19 18:30:39.423376,2021-06-19 18:30:42.028097,0 days 00:00:02.604721,20,0.8047024443354969,10,9,23,26,113,"[1218, 647]",COMPLETE
5664,5664,0.2436215172292694,2.9369003772735596,2021-06-19 18:30:42.031506,2021-06-19 18:30:44.975500,0 days 00:00:02.943994,20,0.8047024443354969,8,9,9,26,113,"[647, 745]",COMPLETE
5665,5665,0.23259409916070706,2.568631649017334,2021-06-19 18:30:44.978779,2021-06-19 18:30:47.554255,0 days 00:00:02.575476,30,0.7044121314824888,10,1,30,26,113,"[3260, 2963]",COMPLETE
5666,5666,0.2311027062071622,2.623934745788574,2021-06-19 18:30:47.557556,2021-06-19 18:30:50.188571,0 days 00:00:02.631015,10,0.7044121314824888,10,1,28,25,113,"[5495, 2659]",COMPLETE
5667,5667,0.3096778631974738,5.5977256298065186,2021-06-19 18:30:50.191795,2021-06-19 18:30:55.796693,0 days 00:00:05.604898,20,0.7044121314824888,1,1,24,26,113,"[1974, 5379]",COMPLETE
5668,5668,0.23417184527547508,2.6206183433532715,2021-06-19 18:30:55.800098,2021-06-19 18:30:58.427710,0 days 00:00:02.627612,100,0.7044121314824888,10,1,30,25,113,"[3195, 1159]",COMPLETE
5669,5669,0.22978613746012513,2.7973079681396484,2021-06-19 18:30:58.431106,2021-06-19 18:31:01.235284,0 days 00:00:02.804178,20,0.7492482924832433,10,15,30,25,113,"[1735, 5495]",COMPLETE
5670,5670,0.23331916903762218,2.6260111331939697,2021-06-19 18:31:01.238463,2021-06-19 18:31:03.871307,0 days 00:00:02.632844,20,0.7044121314824888,10,9,26,23,113,"[411, 411]",COMPLETE
5671,5671,0.23539757811498258,2.619067907333374,2021-06-19 18:31:03.874936,2021-06-19 18:31:06.501836,0 days 00:00:02.626900,90,0.775837870117549,10,1,13,25,113,"[3760, 5145]",COMPLETE
5672,5672,0.23240447836352676,2.710277557373047,2021-06-19 18:31:06.505198,2021-06-19 18:31:09.222642,0 days 00:00:02.717444,10,0.7479370164940008,10,1,28,25,113,"[3082, 2659]",COMPLETE
5673,5673,0.2295785803941043,2.6461539268493652,2021-06-19 18:31:09.225959,2021-06-19 18:31:11.878942,0 days 00:00:02.652983,20,0.7044121314824888,10,9,30,25,113,"[3100, 411]",COMPLETE
5674,5674,0.23067892263795456,2.7609355449676514,2021-06-19 18:31:11.882362,2021-06-19 18:31:14.650509,0 days 00:00:02.768147,20,0.7044121314824888,10,1,30,26,113,"[908, 3082]",COMPLETE
5675,5675,0.229159869907722,2.649902820587158,2021-06-19 18:31:14.653753,2021-06-19 18:31:17.310666,0 days 00:00:02.656913,20,0.8047024443354969,10,13,30,25,113,"[5495, 5336]",COMPLETE
5676,5676,0.2314951919710196,2.5775392055511475,2021-06-19 18:31:17.313909,2021-06-19 18:31:19.898413,0 days 00:00:02.584504,20,0.7044121314824888,10,1,30,25,113,"[2991, 2963]",COMPLETE
5677,5677,0.24195066258497333,2.7331299781799316,2021-06-19 18:31:19.901828,2021-06-19 18:31:22.641949,0 days 00:00:02.740121,10,0.7492482924832433,10,1,2,25,113,"[5495, 1028]",COMPLETE
5678,5678,0.26063326404852316,3.0257105827331543,2021-06-19 18:31:22.645298,2021-06-19 18:31:25.678215,0 days 00:00:03.032917,100,0.8047024443354969,6,1,30,25,113,"[5641, 5336]",COMPLETE
5679,5679,0.24449545579727908,2.644906997680664,2021-06-19 18:31:25.681635,2021-06-19 18:31:28.333597,0 days 00:00:02.651962,20,0.7044121314824888,10,9,1,26,113,"[2963, 4781]",COMPLETE
5680,5680,0.23358063884392183,2.7999444007873535,2021-06-19 18:31:28.336905,2021-06-19 18:31:31.144078,0 days 00:00:02.807173,10,0.775837870117549,10,1,30,26,113,"[2659, 3566]",COMPLETE
5681,5681,0.23350012185274613,2.5721676349639893,2021-06-19 18:31:31.147397,2021-06-19 18:31:33.726452,0 days 00:00:02.579055,10,0.7492482924832433,10,1,24,25,113,"[1028, 900]",COMPLETE
5682,5682,inf,inf,2021-06-19 18:31:33.729932,2021-06-19 18:31:34.336939,0 days 00:00:00.607007,30,0.4237747716745338,0,3,30,26,113,"[908, 4781]",COMPLETE
5683,5683,0.22745756064516187,2.7119550704956055,2021-06-19 18:31:34.342170,2021-06-19 18:31:37.064769,0 days 00:00:02.722599,20,0.7044121314824888,10,14,30,25,113,"[5145, 2209]",COMPLETE
5684,5684,inf,inf,2021-06-19 18:31:37.068120,2021-06-19 18:31:38.534897,0 days 00:00:01.466777,40,0.6024189504328201,2,1,3,30,113,"[880, 3760]",COMPLETE
5685,5685,0.23047338586991553,2.765744924545288,2021-06-19 18:31:38.560012,2021-06-19 18:31:41.360964,0 days 00:00:02.800952,30,0.7044121314824888,10,9,30,25,113,"[5381, 1389]",COMPLETE
5686,5686,0.30287975452771493,4.312948942184448,2021-06-19 18:31:41.364366,2021-06-19 18:31:45.684299,0 days 00:00:04.319933,20,0.7044121314824888,2,1,24,25,113,"[900, 1244]",COMPLETE
5687,5687,0.23131010584772382,2.7870593070983887,2021-06-19 18:31:45.687722,2021-06-19 18:31:48.481745,0 days 00:00:02.794023,20,0.7044121314824888,10,1,30,25,113,"[3100, 1974]",COMPLETE
5688,5688,0.2321175300466441,2.535865068435669,2021-06-19 18:31:48.484855,2021-06-19 18:31:51.027663,0 days 00:00:02.542808,20,0.8047024443354969,10,1,24,25,113,"[2063, 3082]",COMPLETE
5689,5689,0.2307637675429518,2.6040992736816406,2021-06-19 18:31:51.031053,2021-06-19 18:31:53.642073,0 days 00:00:02.611020,40,0.7044121314824888,10,1,30,26,113,"[411, 4419]",COMPLETE
5690,5690,0.274716280367612,3.3555455207824707,2021-06-19 18:31:53.645265,2021-06-19 18:31:57.007966,0 days 00:00:03.362701,20,0.7044121314824888,5,9,30,26,113,"[5381, 3483]",COMPLETE
5691,5691,0.23231180518746045,2.6336002349853516,2021-06-19 18:31:57.011332,2021-06-19 18:31:59.652082,0 days 00:00:02.640750,30,0.7044121314824888,10,15,30,26,113,"[1929, 2963]",COMPLETE
5692,5692,0.2408911726444363,2.5566365718841553,2021-06-19 18:31:59.655500,2021-06-19 18:32:02.219165,0 days 00:00:02.563665,20,0.7492482924832433,10,1,24,21,113,"[2209, 2078]",COMPLETE
5693,5693,0.2289655887332948,2.7780909538269043,2021-06-19 18:32:02.222626,2021-06-19 18:32:05.007941,0 days 00:00:02.785315,20,0.775837870117549,10,5,30,25,113,"[3082, 2991]",COMPLETE
5694,5694,0.24879319108951856,2.863980293273926,2021-06-19 18:32:05.011361,2021-06-19 18:32:07.882714,0 days 00:00:02.871353,20,0.7044121314824888,7,1,30,25,113,"[3195, 2229]",COMPLETE
5695,5695,0.24341424823922994,2.6454267501831055,2021-06-19 18:32:07.886195,2021-06-19 18:32:10.538728,0 days 00:00:02.652533,30,0.853649225525992,10,9,4,25,113,"[5381, 4943]",COMPLETE
5696,5696,0.23581549806091856,2.735823631286621,2021-06-19 18:32:10.542152,2021-06-19 18:32:13.284957,0 days 00:00:02.742805,20,0.6415492259649922,10,1,22,26,113,"[2209, 849]",COMPLETE
5697,5697,0.23398416397827648,2.624443769454956,2021-06-19 18:32:13.288408,2021-06-19 18:32:15.919913,0 days 00:00:02.631505,20,0.7044121314824888,9,1,24,26,113,"[5379, 2209]",COMPLETE
5698,5698,0.23470523113251365,2.782095432281494,2021-06-19 18:32:15.923228,2021-06-19 18:32:18.712547,0 days 00:00:02.789319,20,0.7044121314824888,10,9,29,28,113,"[5641, 3483]",COMPLETE
5699,5699,0.2368025976406608,2.5347325801849365,2021-06-19 18:32:18.715960,2021-06-19 18:32:21.257770,0 days 00:00:02.541810,20,0.7492482924832433,10,1,8,25,113,"[2762, 900]",COMPLETE
5700,5700,0.23219205562987422,2.542097806930542,2021-06-19 18:32:21.261073,2021-06-19 18:33:35.949698,0 days 00:01:14.688625,20,0.7044121314824888,10,1,24,26,114,"[2963, 900]",COMPLETE
5701,5701,0.2517950496549729,2.8201558589935303,2021-06-19 18:33:35.955484,2021-06-19 18:33:38.783514,0 days 00:00:02.828030,10,0.7492482924832433,10,1,30,18,114,"[1929, 1389]",COMPLETE
5702,5702,0.23009371516650778,2.588304042816162,2021-06-19 18:33:38.786980,2021-06-19 18:33:41.382339,0 days 00:00:02.595359,10,0.7044121314824888,10,1,28,26,114,"[2659, 2209]",COMPLETE
5703,5703,0.23743420118450698,3.1206350326538086,2021-06-19 18:33:41.385788,2021-06-19 18:33:44.513980,0 days 00:00:03.128192,20,0.9684073645001332,10,14,30,21,114,"[4879, 5632]",COMPLETE
5704,5704,0.2319104920306457,2.6038107872009277,2021-06-19 18:33:44.517350,2021-06-19 18:33:47.128186,0 days 00:00:02.610836,20,0.7044121314824888,10,7,30,26,114,"[411, 1389]",COMPLETE
5705,5705,0.2262512637448278,2.626950263977051,2021-06-19 18:33:47.131615,2021-06-19 18:33:49.765639,0 days 00:00:02.634024,50,0.775837870117549,10,1,30,25,114,"[4419, 1735]",COMPLETE
5706,5706,0.22894585725276512,2.743682622909546,2021-06-19 18:33:49.769164,2021-06-19 18:33:52.519833,0 days 00:00:02.750669,20,0.7492482924832433,10,1,30,25,114,"[1735, 880]",COMPLETE
5707,5707,0.2825918892534018,2.5514631271362305,2021-06-19 18:33:52.523181,2021-06-19 18:33:55.081677,0 days 00:00:02.558496,20,0.8047024443354969,10,1,24,6,114,"[2229, 5379]",COMPLETE
5708,5708,0.23256732011056955,2.578612804412842,2021-06-19 18:33:55.085169,2021-06-19 18:33:57.670757,0 days 00:00:02.585588,10,0.7492482924832433,10,1,30,28,114,"[4523, 1028]",COMPLETE
5709,5709,0.23052195360205036,2.7223474979400635,2021-06-19 18:33:57.674069,2021-06-19 18:34:00.403345,0 days 00:00:02.729276,10,0.8047024443354969,10,1,30,25,114,"[2229, 1028]",COMPLETE
5710,5710,0.23221575789386678,2.6656908988952637,2021-06-19 18:34:00.406746,2021-06-19 18:34:03.079429,0 days 00:00:02.672683,40,0.603627004462215,10,1,30,25,114,"[316, 2229]",COMPLETE
5711,5711,0.24760131643468933,2.6624817848205566,2021-06-19 18:34:03.082919,2021-06-19 18:34:05.752878,0 days 00:00:02.669959,20,0.7492482924832433,10,16,5,20,114,"[1389, 3260]",COMPLETE
5712,5712,0.23448542742082767,2.742036819458008,2021-06-19 18:34:05.756496,2021-06-19 18:34:08.505830,0 days 00:00:02.749334,20,0.7492482924832433,10,1,30,26,114,"[880, 4331]",COMPLETE
5713,5713,0.28852744250650125,3.7241766452789307,2021-06-19 18:34:08.509186,2021-06-19 18:34:12.240419,0 days 00:00:03.731233,20,0.8047024443354969,3,1,30,25,114,"[5145, 4943]",COMPLETE
5714,5714,0.23077441634021253,2.5849599838256836,2021-06-19 18:34:12.243837,2021-06-19 18:34:14.835971,0 days 00:00:02.592134,20,0.7044121314824888,10,3,30,25,114,"[4781, 1929]",COMPLETE
5715,5715,0.2304408030644745,2.766129970550537,2021-06-19 18:34:14.839459,2021-06-19 18:34:17.612545,0 days 00:00:02.773086,30,0.7044121314824888,10,1,30,25,114,"[1929, 2963]",COMPLETE
5716,5716,0.23154172263710462,2.5496749877929688,2021-06-19 18:34:17.615961,2021-06-19 18:34:20.172498,0 days 00:00:02.556537,20,0.7044121314824888,10,1,30,25,114,"[4236, 4236]",COMPLETE
5717,5717,0.2682279567084214,2.908050298690796,2021-06-19 18:34:20.175978,2021-06-19 18:34:23.091332,0 days 00:00:02.915354,20,0.775837870117549,6,1,30,25,114,"[2991, 3195]",COMPLETE
5718,5718,0.22800454774598977,2.7454257011413574,2021-06-19 18:34:23.094416,2021-06-19 18:34:25.846628,0 days 00:00:02.752212,20,0.8047024443354969,10,1,30,25,114,"[2229, 2229]",COMPLETE
5719,5719,0.23103256158456,2.5474488735198975,2021-06-19 18:34:25.849651,2021-06-19 18:34:28.404068,0 days 00:00:02.554417,20,0.7044121314824888,10,1,24,25,114,"[900, 3195]",COMPLETE
5720,5720,0.2387130569616168,2.750962734222412,2021-06-19 18:34:28.407081,2021-06-19 18:34:31.164895,0 days 00:00:02.757814,20,0.7044121314824888,10,1,30,25,114,"[2960, 4781]",COMPLETE
5721,5721,0.22764507966132055,2.6479592323303223,2021-06-19 18:34:31.167773,2021-06-19 18:34:33.822804,0 days 00:00:02.655031,20,0.7362919677841515,10,8,30,25,114,"[1244, 5641]",COMPLETE
5722,5722,0.2373429713214902,2.591064929962158,2021-06-19 18:34:33.826277,2021-06-19 18:34:36.424292,0 days 00:00:02.598015,20,0.7044121314824888,10,1,8,25,114,"[3256, 316]",COMPLETE
5723,5723,0.2799844465738727,3.495586633682251,2021-06-19 18:34:36.427889,2021-06-19 18:34:39.931357,0 days 00:00:03.503468,10,0.7492482924832433,4,1,30,25,114,"[880, 1389]",COMPLETE
5724,5724,0.22886172893615125,2.619445323944092,2021-06-19 18:34:39.934758,2021-06-19 18:34:42.561243,0 days 00:00:02.626485,20,0.7044121314824888,10,5,26,26,114,"[3256, 2465]",COMPLETE
5725,5725,0.23331019667991523,2.562032699584961,2021-06-19 18:34:42.564848,2021-06-19 18:34:45.134757,0 days 00:00:02.569909,30,0.8047024443354969,10,1,24,25,114,"[4943, 2063]",COMPLETE
5726,5726,0.22925794243832662,2.7768232822418213,2021-06-19 18:34:45.138090,2021-06-19 18:34:47.921980,0 days 00:00:02.783890,70,0.775837870117549,10,1,30,25,114,"[1974, 1244]",COMPLETE
5727,5727,0.30849795929006457,2.6790037155151367,2021-06-19 18:34:47.925361,2021-06-19 18:34:50.611806,0 days 00:00:02.686445,10,0.5814170235912139,8,1,15,10,114,"[2659, 849]",COMPLETE
5728,5728,0.24258845336893542,2.570957660675049,2021-06-19 18:34:50.615256,2021-06-19 18:34:53.193408,0 days 00:00:02.578152,20,0.775837870117549,10,1,3,23,114,"[1974, 1159]",COMPLETE
5729,5729,0.23714115930210844,2.752774953842163,2021-06-19 18:34:53.196779,2021-06-19 18:34:55.956819,0 days 00:00:02.760040,20,0.7044121314824888,10,1,30,26,114,"[1218, 5654]",COMPLETE
5730,5730,0.23053554581835914,2.564628839492798,2021-06-19 18:34:55.959795,2021-06-19 18:34:58.531315,0 days 00:00:02.571520,10,0.7492482924832433,10,1,30,25,114,"[880, 1028]",COMPLETE
5731,5731,0.23035778405999777,2.718898296356201,2021-06-19 18:34:58.534297,2021-06-19 18:35:01.260031,0 days 00:00:02.725734,70,0.7100511651342796,10,15,24,25,114,"[2762, 2762]",COMPLETE
5732,5732,0.23432761205476219,2.7365927696228027,2021-06-19 18:35:01.263054,2021-06-19 18:35:04.006584,0 days 00:00:02.743530,20,0.7100511651342796,10,9,24,25,114,"[2960, 2762]",COMPLETE
5733,5733,0.24656723881161266,2.589656352996826,2021-06-19 18:35:04.010026,2021-06-19 18:35:06.607177,0 days 00:00:02.597151,20,0.8577495134446134,10,3,30,19,114,"[1159, 4419]",COMPLETE
5734,5734,0.2283713405876649,2.8232991695404053,2021-06-19 18:35:06.610654,2021-06-19 18:35:09.441160,0 days 00:00:02.830506,60,0.8047024443354969,10,10,24,25,114,"[2209, 5336]",COMPLETE
5735,5735,0.3080331979640503,5.686031103134155,2021-06-19 18:35:09.444530,2021-06-19 18:35:15.137669,0 days 00:00:05.693139,20,0.775837870117549,1,10,30,25,114,"[3195, 3082]",COMPLETE
5736,5736,0.2326456671852192,2.614447832107544,2021-06-19 18:35:15.141005,2021-06-19 18:35:17.762529,0 days 00:00:02.621524,20,0.7044121314824888,10,1,30,25,114,"[1028, 4523]",COMPLETE
5737,5737,0.3217581682072461,9.143288373947144,2021-06-19 18:35:17.766005,2021-06-19 18:35:26.916395,0 days 00:00:09.150390,20,0.7044121314824888,0,1,30,25,114,"[1006, 1006]",COMPLETE
5738,5738,0.32026931462843405,9.088034629821777,2021-06-19 18:35:26.919386,2021-06-19 18:35:36.014691,0 days 00:00:09.095305,30,0.6415492259649922,0,1,22,23,114,"[3100, 849]",COMPLETE
5739,5739,0.2348890044137015,2.7203352451324463,2021-06-19 18:35:36.018168,2021-06-19 18:35:38.745719,0 days 00:00:02.727551,20,0.7044121314824888,10,1,30,24,114,"[1159, 2465]",COMPLETE
5740,5740,inf,inf,2021-06-19 18:35:38.749210,2021-06-19 18:35:39.249390,0 days 00:00:00.500180,60,0.573456953568723,10,1,30,30,114,"[5381, 4943]",COMPLETE
5741,5741,0.22948373185852128,2.5904433727264404,2021-06-19 18:35:39.269909,2021-06-19 18:35:41.876484,0 days 00:00:02.606575,40,0.775837870117549,10,1,30,25,114,"[4419, 5632]",COMPLETE
5742,5742,0.27482031852833366,2.709392547607422,2021-06-19 18:35:41.879981,2021-06-19 18:35:44.596497,0 days 00:00:02.716516,10,0.7044121314824888,10,1,30,12,114,"[316, 3260]",COMPLETE
5743,5743,0.2677342952277139,2.9689810276031494,2021-06-19 18:35:44.599773,2021-06-19 18:35:47.575964,0 days 00:00:02.976191,20,0.6403990736588521,6,1,30,25,114,"[4943, 4781]",COMPLETE
5744,5744,0.26493189472393386,2.5881190299987793,2021-06-19 18:35:47.579102,2021-06-19 18:35:50.174120,0 days 00:00:02.595018,20,0.7044121314824888,10,1,30,15,114,"[1159, 1159]",COMPLETE
5745,5745,0.2325730958359991,2.754582643508911,2021-06-19 18:35:50.177439,2021-06-19 18:35:52.939348,0 days 00:00:02.761909,20,0.5801627152653385,10,8,30,26,114,"[2762, 1218]",COMPLETE
5746,5746,0.22939582139190243,2.661874771118164,2021-06-19 18:35:52.942639,2021-06-19 18:35:55.611769,0 days 00:00:02.669130,20,0.775837870117549,10,15,24,25,114,"[2991, 2762]",COMPLETE
5747,5747,0.22878857490370122,2.628039598464966,2021-06-19 18:35:55.615233,2021-06-19 18:35:58.250167,0 days 00:00:02.634934,20,0.7044121314824888,10,9,26,26,114,"[3256, 3256]",COMPLETE
5748,5748,0.3025099987048196,2.758481740951538,2021-06-19 18:35:58.253619,2021-06-19 18:36:01.019227,0 days 00:00:02.765608,20,0.8047024443354969,10,1,30,4,114,"[5641, 1205]",COMPLETE
