,number,values_0,values_1,datetime_start,datetime_complete,duration,params_checks,params_n_ratio,params_nskip,params_trees,params_w1,params_w2,system_attrs_nsga2:generation,system_attrs_nsga2:parents,state
3017,3017,0.23854932661185105,2.809601068496704,2021-06-19 16:02:13.167946,2021-06-19 16:02:15.982192,0 days 00:00:02.814246,20,0.7492482924832433,8,1,30,26,60,"[2465, 1028]",COMPLETE
3018,3018,0.27544664976904415,2.6208877563476562,2021-06-19 16:02:15.984511,2021-06-19 16:02:18.609481,0 days 00:00:02.624970,20,0.7492482924832433,10,9,30,10,60,"[374, 880]",COMPLETE
3019,3019,0.23035022607978287,2.595949411392212,2021-06-19 16:02:18.611545,2021-06-19 16:02:21.211235,0 days 00:00:02.599690,100,0.7492482924832433,10,1,30,25,60,"[2477, 2477]",COMPLETE
3020,3020,0.2912740831118737,2.7499277591705322,2021-06-19 16:02:21.213342,2021-06-19 16:02:23.967422,0 days 00:00:02.754080,20,0.8047024443354969,10,1,23,5,60,"[2465, 647]",COMPLETE
3021,3021,0.23550547519164827,2.6108322143554688,2021-06-19 16:02:23.969598,2021-06-19 16:02:26.584606,0 days 00:00:02.615008,20,0.6807734734750582,10,6,30,25,60,"[1028, 1929]",COMPLETE
3022,3022,0.30235600708656457,2.8045337200164795,2021-06-19 16:02:26.586768,2021-06-19 16:02:29.395529,0 days 00:00:02.808761,40,0.7044121314824888,10,9,30,6,60,"[1246, 908]",COMPLETE
3023,3023,inf,inf,2021-06-19 16:02:29.397978,2021-06-19 16:02:29.785851,0 days 00:00:00.387873,10,0.5100290515075288,8,1,30,22,60,"[2862, 745]",COMPLETE
3024,3024,0.2353304448407838,2.666360855102539,2021-06-19 16:02:29.790878,2021-06-19 16:02:32.467053,0 days 00:00:02.676175,20,0.775837870117549,10,9,17,26,60,"[1218, 2297]",COMPLETE
3025,3025,inf,inf,2021-06-19 16:02:32.469511,2021-06-19 16:02:32.625350,0 days 00:00:00.155839,100,0.309416219408318,10,3,24,26,60,"[2229, 900]",COMPLETE
3026,3026,0.2349119126145089,2.74959135055542,2021-06-19 16:02:32.635650,2021-06-19 16:02:35.398165,0 days 00:00:02.762515,20,0.7492482924832433,10,1,30,25,60,"[1389, 1656]",COMPLETE
3027,3027,0.23412362398572598,2.8174076080322266,2021-06-19 16:02:35.400219,2021-06-19 16:02:38.221686,0 days 00:00:02.821467,20,0.9499909887098499,10,1,23,25,60,"[2078, 2659]",COMPLETE
3028,3028,0.2969782202041448,2.602383613586426,2021-06-19 16:02:38.224035,2021-06-19 16:02:40.830583,0 days 00:00:02.606548,60,0.7044121314824888,10,1,30,2,60,"[1006, 1312]",COMPLETE
3029,3029,inf,inf,2021-06-19 16:02:40.832977,2021-06-19 16:02:40.983193,0 days 00:00:00.150216,20,0.36628492861383655,10,1,30,25,60,"[1974, 2554]",COMPLETE
3030,3030,0.258011926012474,2.849498748779297,2021-06-19 16:02:40.987643,2021-06-19 16:02:43.853749,0 days 00:00:02.866106,20,0.8350615461643598,10,10,24,15,60,"[2929, 1727]",COMPLETE
3031,3031,0.23292200709290647,2.5935094356536865,2021-06-19 16:02:43.856155,2021-06-19 16:02:46.453791,0 days 00:00:02.597636,20,0.7044121314824888,10,1,30,25,60,"[1929, 1135]",COMPLETE
3032,3032,0.23868697009372783,2.8462514877319336,2021-06-19 16:02:46.456207,2021-06-19 16:02:49.306962,0 days 00:00:02.850755,10,0.7044121314824888,10,9,8,25,60,"[1218, 316]",COMPLETE
3033,3033,0.2904848493961123,3.7912635803222656,2021-06-19 16:02:49.309408,2021-06-19 16:02:53.105377,0 days 00:00:03.795969,70,0.7492482924832433,3,1,23,25,60,"[2078, 2929]",COMPLETE
3034,3034,0.2391471775341384,2.6896090507507324,2021-06-19 16:02:53.107376,2021-06-19 16:02:55.801078,0 days 00:00:02.693702,10,0.7044121314824888,10,1,7,25,60,"[1599, 1028]",COMPLETE
3035,3035,0.22961767612642378,2.6635687351226807,2021-06-19 16:02:55.803378,2021-06-19 16:02:58.471306,0 days 00:00:02.667928,90,0.7044121314824888,10,2,24,26,60,"[2963, 1312]",COMPLETE
3036,3036,0.24271290770503684,2.631075143814087,2021-06-19 16:02:58.473650,2021-06-19 16:03:01.109460,0 days 00:00:02.635810,20,0.7044121314824888,10,15,3,24,60,"[2063, 1159]",COMPLETE
3037,3037,0.22881397538839426,2.7135555744171143,2021-06-19 16:03:01.111800,2021-06-19 16:03:03.829292,0 days 00:00:02.717492,20,0.7044121314824888,10,1,30,25,60,"[2314, 1135]",COMPLETE
3038,3038,0.23854385372408907,2.775434970855713,2021-06-19 16:03:03.831641,2021-06-19 16:03:06.611276,0 days 00:00:02.779635,20,0.7492482924832433,8,9,29,26,60,"[2929, 908]",COMPLETE
3039,3039,0.22939801777604368,2.5927655696868896,2021-06-19 16:03:06.613664,2021-06-19 16:03:09.210584,0 days 00:00:02.596920,20,0.8717001216700524,10,4,30,26,60,"[2929, 1218]",COMPLETE
3040,3040,0.2857981291163345,2.8063900470733643,2021-06-19 16:03:09.212931,2021-06-19 16:03:12.023630,0 days 00:00:02.810699,80,0.7492482924832433,10,1,30,6,60,"[1727, 2712]",COMPLETE
3041,3041,0.2368963522467293,2.5763416290283203,2021-06-19 16:03:12.025839,2021-06-19 16:03:14.606460,0 days 00:00:02.580621,60,0.7492482924832433,10,1,12,25,60,"[316, 2712]",COMPLETE
3042,3042,0.23287570811281935,2.724173069000244,2021-06-19 16:03:14.608783,2021-06-19 16:03:17.336872,0 days 00:00:02.728089,20,0.7044121314824888,10,1,28,25,60,"[1205, 2659]",COMPLETE
3043,3043,0.23227195322064045,2.6824898719787598,2021-06-19 16:03:17.339215,2021-06-19 16:03:20.025897,0 days 00:00:02.686682,20,0.775837870117549,10,13,30,25,60,"[2991, 1246]",COMPLETE
3044,3044,0.22955474781824678,2.8004868030548096,2021-06-19 16:03:20.028322,2021-06-19 16:03:22.833328,0 days 00:00:02.805006,20,0.7044121314824888,10,9,30,26,60,"[1244, 411]",COMPLETE
3045,3045,0.22811976523379413,2.6659748554229736,2021-06-19 16:03:22.835709,2021-06-19 16:03:25.505577,0 days 00:00:02.669868,30,0.8195580550348269,10,9,30,26,60,"[2963, 2963]",COMPLETE
3046,3046,0.2343752193743428,2.690197229385376,2021-06-19 16:03:25.507909,2021-06-19 16:03:28.202086,0 days 00:00:02.694177,100,0.6553422960807684,10,9,30,26,60,"[908, 908]",COMPLETE
3047,3047,0.24065877184625514,2.7228808403015137,2021-06-19 16:03:28.204126,2021-06-19 16:03:30.931150,0 days 00:00:02.727024,10,0.7492482924832433,10,1,8,25,60,"[1389, 316]",COMPLETE
3048,3048,0.23592853422896934,2.6069400310516357,2021-06-19 16:03:30.933557,2021-06-19 16:03:33.544716,0 days 00:00:02.611159,50,0.7044121314824888,10,9,30,30,60,"[2209, 2862]",COMPLETE
3049,3049,0.31202199729570157,5.5195276737213135,2021-06-19 16:03:33.546906,2021-06-19 16:03:39.070709,0 days 00:00:05.523803,20,0.7044121314824888,1,1,30,25,60,"[1727, 1006]",COMPLETE
3050,3050,0.2403846931168943,2.992511749267578,2021-06-19 16:03:39.072989,2021-06-19 16:03:42.117721,0 days 00:00:03.044732,20,0.9973928071764238,10,13,30,25,61,"[2762, 2554]",COMPLETE
3051,3051,0.2329019890269208,2.7297515869140625,2021-06-19 16:03:42.119995,2021-06-19 16:03:44.853703,0 days 00:00:02.733708,20,0.8047024443354969,10,1,24,25,61,"[1745, 2762]",COMPLETE
3052,3052,0.23132660813071682,2.605407476425171,2021-06-19 16:03:44.855907,2021-06-19 16:03:47.465407,0 days 00:00:02.609500,60,0.7492482924832433,10,1,30,26,61,"[2078, 1028]",COMPLETE
3053,3053,0.22969514719261522,2.5520992279052734,2021-06-19 16:03:47.467471,2021-06-19 16:03:50.023568,0 days 00:00:02.556097,20,0.7044121314824888,10,1,30,25,61,"[2554, 1244]",COMPLETE
3054,3054,0.24961048263966393,2.718703508377075,2021-06-19 16:03:50.025943,2021-06-19 16:03:52.748996,0 days 00:00:02.723053,20,0.8705439771087906,10,1,30,18,61,"[2929, 2314]",COMPLETE
3055,3055,0.23328642996500462,2.555786371231079,2021-06-19 16:03:52.751015,2021-06-19 16:03:55.310743,0 days 00:00:02.559728,10,0.7492482924832433,10,4,30,25,61,"[1028, 1028]",COMPLETE
3056,3056,0.23473701545780642,2.682877540588379,2021-06-19 16:03:55.313123,2021-06-19 16:03:58.000061,0 days 00:00:02.686938,20,0.7492482924832433,10,1,30,27,61,"[1735, 1389]",COMPLETE
3057,3057,0.23460493111192704,2.7244505882263184,2021-06-19 16:03:58.002299,2021-06-19 16:04:00.730763,0 days 00:00:02.728464,40,0.6241264851568511,10,1,24,25,61,"[2063, 2063]",COMPLETE
3058,3058,0.2330435447893349,2.661785125732422,2021-06-19 16:04:00.732990,2021-06-19 16:04:03.398808,0 days 00:00:02.665818,20,0.7044121314824888,10,1,30,25,61,"[2991, 1135]",COMPLETE
3059,3059,0.24095405609598178,2.7174808979034424,2021-06-19 16:04:03.401185,2021-06-19 16:04:06.122706,0 days 00:00:02.721521,10,0.7888704433250566,10,1,8,25,61,"[316, 316]",COMPLETE
3060,3060,0.2316010731084007,2.612485647201538,2021-06-19 16:04:06.125072,2021-06-19 16:04:08.741795,0 days 00:00:02.616723,30,0.7044121314824888,10,9,30,25,61,"[2963, 2960]",COMPLETE
3061,3061,0.23284934397253762,2.6956734657287598,2021-06-19 16:04:08.743756,2021-06-19 16:04:11.443412,0 days 00:00:02.699656,20,0.775837870117549,10,1,30,25,61,"[2314, 2297]",COMPLETE
3062,3062,0.23211087698697863,2.6417124271392822,2021-06-19 16:04:11.445738,2021-06-19 16:04:14.091464,0 days 00:00:02.645726,20,0.775837870117549,10,15,23,25,61,"[2215, 2314]",COMPLETE
3063,3063,0.23045914236445794,2.616757869720459,2021-06-19 16:04:14.093898,2021-06-19 16:04:16.714710,0 days 00:00:02.620812,20,0.775837870117549,10,9,23,26,61,"[2297, 2486]",COMPLETE
3064,3064,0.23118844592651971,2.769977331161499,2021-06-19 16:04:16.717026,2021-06-19 16:04:19.491001,0 days 00:00:02.773975,20,0.7492482924832433,10,1,23,26,61,"[1897, 2078]",COMPLETE
3065,3065,inf,inf,2021-06-19 16:04:19.493375,2021-06-19 16:04:19.649737,0 days 00:00:00.156362,20,0.34786358653152516,10,1,28,25,61,"[1135, 2659]",COMPLETE
3066,3066,0.23421338529466249,2.6255602836608887,2021-06-19 16:04:19.656916,2021-06-19 16:04:22.296318,0 days 00:00:02.639402,10,0.6974227465269922,10,12,13,25,61,"[2659, 1389]",COMPLETE
3067,3067,0.23419369579494287,2.832659959793091,2021-06-19 16:04:22.298741,2021-06-19 16:04:25.135525,0 days 00:00:02.836784,70,0.8195580550348269,10,9,30,22,61,"[3045, 745]",COMPLETE
3068,3068,0.2290737615184164,2.6095263957977295,2021-06-19 16:04:25.137914,2021-06-19 16:04:27.751396,0 days 00:00:02.613482,20,0.7044121314824888,10,9,30,26,61,"[2495, 2078]",COMPLETE
3069,3069,0.23854761796530122,2.741018772125244,2021-06-19 16:04:27.753780,2021-06-19 16:04:30.498915,0 days 00:00:02.745135,0,0.7044121314824888,10,1,22,23,61,"[2862, 849]",COMPLETE
3070,3070,0.22970224074157886,2.576385974884033,2021-06-19 16:04:30.500858,2021-06-19 16:04:33.081277,0 days 00:00:02.580419,10,0.775837870117549,10,1,30,25,61,"[1389, 2314]",COMPLETE
3071,3071,0.24074374246104072,2.574347972869873,2021-06-19 16:04:33.083199,2021-06-19 16:04:35.661795,0 days 00:00:02.578596,0,0.7044121314824888,10,1,9,25,61,"[2229, 1929]",COMPLETE
3072,3072,0.2294966581245366,2.690624713897705,2021-06-19 16:04:35.664164,2021-06-19 16:04:38.359042,0 days 00:00:02.694878,20,0.7044121314824888,10,1,25,25,61,"[1135, 1312]",COMPLETE
3073,3073,0.23062579092931126,2.654247283935547,2021-06-19 16:04:38.361449,2021-06-19 16:04:41.019882,0 days 00:00:02.658433,20,0.7044121314824888,10,9,30,25,61,"[1656, 2297]",COMPLETE
3074,3074,0.3011501242781461,2.7044014930725098,2021-06-19 16:04:41.022337,2021-06-19 16:04:43.731363,0 days 00:00:02.709026,10,0.603627004462215,10,1,30,5,61,"[1389, 316]",COMPLETE
3075,3075,0.23317675042976527,2.641000747680664,2021-06-19 16:04:43.733685,2021-06-19 16:04:46.378702,0 days 00:00:02.645017,20,0.7492482924832433,10,15,24,26,61,"[2078, 2762]",COMPLETE
3076,3076,0.2750093181129466,3.1919617652893066,2021-06-19 16:04:46.381118,2021-06-19 16:04:49.577438,0 days 00:00:03.196320,20,0.7492482924832433,5,8,23,26,61,"[2078, 1006]",COMPLETE
3077,3077,0.23341960666663722,2.7737512588500977,2021-06-19 16:04:49.579811,2021-06-19 16:04:52.357699,0 days 00:00:02.777888,20,0.7044121314824888,10,15,30,25,61,"[1246, 1159]",COMPLETE
3078,3078,0.2697423749203589,2.545328140258789,2021-06-19 16:04:52.360074,2021-06-19 16:04:54.909665,0 days 00:00:02.549591,30,0.8047024443354969,10,1,30,12,61,"[2209, 2256]",COMPLETE
3079,3079,0.2289868732551805,2.6911253929138184,2021-06-19 16:04:54.912057,2021-06-19 16:04:57.607133,0 days 00:00:02.695076,20,0.7044121314824888,10,15,23,25,61,"[1929, 2215]",COMPLETE
3080,3080,0.2356506979118348,2.750018835067749,2021-06-19 16:04:57.609526,2021-06-19 16:05:00.363643,0 days 00:00:02.754117,20,0.7044121314824888,10,1,19,26,61,"[1312, 411]",COMPLETE
3081,3081,0.23119745372640485,2.632866382598877,2021-06-19 16:05:00.366030,2021-06-19 16:05:03.002875,0 days 00:00:02.636845,20,0.7492482924832433,10,1,24,25,61,"[2712, 2762]",COMPLETE
3082,3082,0.22397373472983978,2.77001953125,2021-06-19 16:05:03.004806,2021-06-19 16:05:05.778905,0 days 00:00:02.774099,20,0.775837870117549,10,1,30,25,61,"[1006, 1974]",COMPLETE
3083,3083,inf,inf,2021-06-19 16:05:05.780842,2021-06-19 16:05:06.332174,0 days 00:00:00.551332,20,0.522224775653663,4,1,30,25,61,"[2256, 2256]",COMPLETE
3084,3084,0.23423540020748568,2.631241798400879,2021-06-19 16:05:06.354428,2021-06-19 16:05:08.997395,0 days 00:00:02.642967,20,0.7044121314824888,10,10,30,25,61,"[1389, 908]",COMPLETE
3085,3085,0.229342977500079,2.5636065006256104,2021-06-19 16:05:08.999798,2021-06-19 16:05:11.567660,0 days 00:00:02.567862,60,0.7492482924832433,10,1,30,25,61,"[2712, 1897]",COMPLETE
3086,3086,0.22985183979149895,2.7525858879089355,2021-06-19 16:05:11.570050,2021-06-19 16:05:14.326892,0 days 00:00:02.756842,20,0.7044121314824888,10,9,30,26,61,"[2991, 2486]",COMPLETE
3087,3087,0.233668421965207,2.547959089279175,2021-06-19 16:05:14.329243,2021-06-19 16:05:16.881207,0 days 00:00:02.551964,10,0.7044121314824888,10,1,30,25,61,"[1246, 2477]",COMPLETE
3088,3088,0.22932066117900765,2.7434632778167725,2021-06-19 16:05:16.883527,2021-06-19 16:05:19.631001,0 days 00:00:02.747474,20,0.7492482924832433,10,9,30,25,61,"[908, 880]",COMPLETE
3089,3089,0.2266674334382135,2.6298673152923584,2021-06-19 16:05:19.633419,2021-06-19 16:05:22.267090,0 days 00:00:02.633671,60,0.7492482924832433,10,7,30,25,61,"[2929, 2929]",COMPLETE
3090,3090,0.2353462731032378,2.5907070636749268,2021-06-19 16:05:22.269542,2021-06-19 16:05:24.864439,0 days 00:00:02.594897,20,0.7492482924832433,10,1,30,25,61,"[1674, 1656]",COMPLETE
3091,3091,inf,inf,2021-06-19 16:05:24.866846,2021-06-19 16:05:25.074963,0 days 00:00:00.208117,80,0.36292929142096525,10,9,30,26,61,"[2862, 1974]",COMPLETE
3092,3092,0.2347085561821459,2.754507303237915,2021-06-19 16:05:25.084408,2021-06-19 16:05:27.847116,0 days 00:00:02.762708,10,0.603627004462215,9,1,29,25,61,"[316, 316]",COMPLETE
3093,3093,0.2864239572881716,3.4055943489074707,2021-06-19 16:05:27.849111,2021-06-19 16:05:31.258911,0 days 00:00:03.409800,70,0.7044121314824888,4,1,24,26,61,"[2465, 900]",COMPLETE
3094,3094,0.23203980711523883,2.676543712615967,2021-06-19 16:05:31.261231,2021-06-19 16:05:33.941744,0 days 00:00:02.680513,20,0.8047024443354969,10,1,24,25,61,"[2063, 2063]",COMPLETE
3095,3095,0.2320062055887143,2.742154359817505,2021-06-19 16:05:33.943999,2021-06-19 16:05:36.690301,0 days 00:00:02.746302,100,0.7044121314824888,10,15,24,25,61,"[2762, 1656]",COMPLETE
3096,3096,0.23378046277576733,2.691948175430298,2021-06-19 16:05:36.692688,2021-06-19 16:05:39.388608,0 days 00:00:02.695920,20,0.7100511651342796,10,1,30,25,61,"[1735, 2762]",COMPLETE
3097,3097,0.22789871755366217,2.639796733856201,2021-06-19 16:05:39.390924,2021-06-19 16:05:42.034740,0 days 00:00:02.643816,20,0.8047024443354969,10,15,24,25,61,"[2215, 2209]",COMPLETE
3098,3098,0.2683438524220245,2.6043272018432617,2021-06-19 16:05:42.037157,2021-06-19 16:05:44.645787,0 days 00:00:02.608630,20,0.7044121314824888,10,9,22,16,61,"[1135, 411]",COMPLETE
3099,3099,0.23399104123541953,2.74980092048645,2021-06-19 16:05:44.647983,2021-06-19 16:05:47.401934,0 days 00:00:02.753951,10,0.7044121314824888,10,1,30,25,61,"[1745, 1246]",COMPLETE
3100,3100,0.23076436810751014,2.5075504779815674,2021-06-19 16:05:47.404378,2021-06-19 16:06:59.707165,0 days 00:01:12.302787,20,0.7044121314824888,10,1,30,25,62,"[2659, 1974]",COMPLETE
3101,3101,0.27850061812181126,3.4972763061523438,2021-06-19 16:06:59.710993,2021-06-19 16:07:03.213146,0 days 00:00:03.502153,30,0.7044121314824888,5,9,30,20,62,"[2963, 1246]",COMPLETE
3102,3102,0.2951422885146073,4.63874077796936,2021-06-19 16:07:03.215424,2021-06-19 16:07:07.858507,0 days 00:00:04.643083,20,0.8047024443354969,2,15,23,25,62,"[2215, 1974]",COMPLETE
3103,3103,0.32172903783510354,9.681459903717041,2021-06-19 16:07:07.860634,2021-06-19 16:07:17.546726,0 days 00:00:09.686092,20,0.7044121314824888,0,11,30,25,62,"[1135, 1135]",COMPLETE
3104,3104,0.2339301681898123,2.5208215713500977,2021-06-19 16:07:17.549011,2021-06-19 16:07:20.074041,0 days 00:00:02.525030,20,0.6415492259649922,10,1,22,25,62,"[849, 3097]",COMPLETE
3105,3105,0.22850904689582,2.537806272506714,2021-06-19 16:07:20.076398,2021-06-19 16:07:22.618420,0 days 00:00:02.542022,10,0.7044121314824888,10,1,30,26,62,"[880, 908]",COMPLETE
3106,3106,0.25490108462417244,2.9320170879364014,2021-06-19 16:07:22.620622,2021-06-19 16:07:25.556910,0 days 00:00:02.936288,20,0.6415492259649922,7,1,22,25,62,"[1135, 849]",COMPLETE
3107,3107,0.2328307911192066,2.563654661178589,2021-06-19 16:07:25.559266,2021-06-19 16:07:28.126943,0 days 00:00:02.567677,20,0.7044121314824888,10,4,24,26,62,"[1599, 1599]",COMPLETE
3108,3108,0.23441119159976134,2.7244760990142822,2021-06-19 16:07:28.129298,2021-06-19 16:07:30.858088,0 days 00:00:02.728790,10,0.6415492259649922,10,1,20,26,62,"[908, 849]",COMPLETE
3109,3109,0.2296502687382605,2.6652355194091797,2021-06-19 16:07:30.860207,2021-06-19 16:07:33.529977,0 days 00:00:02.669770,20,0.7044121314824888,10,12,30,26,62,"[1046, 1046]",COMPLETE
3110,3110,0.29942636891540886,3.902567148208618,2021-06-19 16:07:33.532436,2021-06-19 16:07:37.439347,0 days 00:00:03.906911,10,0.6415492259649922,3,1,24,23,62,"[900, 849]",COMPLETE
3111,3111,0.23328824717444324,2.635891914367676,2021-06-19 16:07:37.441344,2021-06-19 16:07:40.081501,0 days 00:00:02.640157,20,0.775837870117549,10,9,30,27,62,"[2314, 1244]",COMPLETE
3112,3112,0.23035504476518281,2.558999538421631,2021-06-19 16:07:40.083527,2021-06-19 16:07:42.646869,0 days 00:00:02.563342,80,0.7436062405197683,10,1,30,26,62,"[1046, 2465]",COMPLETE
3113,3113,0.29293569273075276,2.7549474239349365,2021-06-19 16:07:42.649267,2021-06-19 16:07:45.408497,0 days 00:00:02.759230,20,0.7044121314824888,10,9,30,5,62,"[1159, 374]",COMPLETE
3114,3114,0.2312508817168773,2.904085159301758,2021-06-19 16:07:45.410735,2021-06-19 16:07:48.318872,0 days 00:00:02.908137,20,0.9708249191008531,10,8,30,25,62,"[1735, 1735]",COMPLETE
3115,3115,0.22748578199143524,2.8049538135528564,2021-06-19 16:07:48.321226,2021-06-19 16:07:51.130361,0 days 00:00:02.809135,20,0.7044121314824888,10,10,30,25,62,"[1656, 1205]",COMPLETE
3116,3116,0.2280507526947538,2.6501595973968506,2021-06-19 16:07:51.132826,2021-06-19 16:07:53.787067,0 days 00:00:02.654241,60,0.7492482924832433,10,7,30,25,62,"[3089, 3089]",COMPLETE
3117,3117,0.23423153789262238,2.715479850769043,2021-06-19 16:07:53.789433,2021-06-19 16:07:56.509122,0 days 00:00:02.719689,20,0.7044121314824888,10,1,30,24,62,"[1159, 1046]",COMPLETE
3118,3118,0.23158636362415363,2.654939651489258,2021-06-19 16:07:56.511382,2021-06-19 16:07:59.170334,0 days 00:00:02.658952,20,0.8047024443354969,10,1,30,25,62,"[1745, 1046]",COMPLETE
3119,3119,0.22841527489479213,2.5587456226348877,2021-06-19 16:07:59.172756,2021-06-19 16:08:01.735893,0 days 00:00:02.563137,60,0.7492482924832433,10,1,30,25,62,"[2712, 1735]",COMPLETE
3120,3120,0.23717257644885614,2.737724542617798,2021-06-19 16:08:01.738305,2021-06-19 16:08:04.480321,0 days 00:00:02.742016,10,0.6415492259649922,10,1,22,23,62,"[849, 880]",COMPLETE
3121,3121,0.24338896234439447,2.5755808353424072,2021-06-19 16:08:04.482751,2021-06-19 16:08:07.062701,0 days 00:00:02.579950,10,0.7492482924832433,10,1,1,25,62,"[1897, 1674]",COMPLETE
3122,3122,0.23262195799817964,2.722701072692871,2021-06-19 16:08:07.065048,2021-06-19 16:08:09.792021,0 days 00:00:02.726973,20,0.7044121314824888,10,1,16,25,62,"[2991, 1135]",COMPLETE
3123,3123,0.2303674650486106,2.585296392440796,2021-06-19 16:08:09.794418,2021-06-19 16:08:12.383852,0 days 00:00:02.589434,20,0.603627004462215,10,1,26,25,62,"[411, 316]",COMPLETE
3124,3124,0.2301448376712962,2.556375741958618,2021-06-19 16:08:12.386232,2021-06-19 16:08:14.947331,0 days 00:00:02.561099,20,0.8047024443354969,10,1,28,25,62,"[2659, 1312]",COMPLETE
3125,3125,0.2322206714424467,2.8413333892822266,2021-06-19 16:08:14.949723,2021-06-19 16:08:17.795120,0 days 00:00:02.845397,20,0.7044121314824888,9,9,26,26,62,"[411, 411]",COMPLETE
3126,3126,0.369616604594837,5.820287227630615,2021-06-19 16:08:17.797533,2021-06-19 16:08:23.621969,0 days 00:00:05.824436,10,0.7492482924832433,1,15,30,3,62,"[1389, 1389]",COMPLETE
3127,3127,0.23348330110908072,2.711723804473877,2021-06-19 16:08:23.624272,2021-06-19 16:08:26.340251,0 days 00:00:02.715979,20,0.6148165826122254,10,1,24,24,62,"[1159, 2209]",COMPLETE
3128,3128,0.35950333801762296,2.57110857963562,2021-06-19 16:08:26.342583,2021-06-19 16:08:28.917970,0 days 00:00:02.575387,20,0.8309456044526031,10,9,30,0,62,"[2960, 1244]",COMPLETE
3129,3129,0.23268712097302063,2.591702461242676,2021-06-19 16:08:28.920182,2021-06-19 16:08:31.516352,0 days 00:00:02.596170,90,0.7044121314824888,10,1,23,26,62,"[1205, 647]",COMPLETE
3130,3130,0.2901804905588104,3.9377479553222656,2021-06-19 16:08:31.518754,2021-06-19 16:08:35.460762,0 days 00:00:03.942008,20,0.7100511651342796,3,9,24,25,62,"[2762, 411]",COMPLETE
3131,3131,0.28796539148532224,2.7134475708007812,2021-06-19 16:08:35.463154,2021-06-19 16:08:38.180872,0 days 00:00:02.717718,60,0.7492482924832433,10,7,30,5,62,"[745, 3089]",COMPLETE
3132,3132,0.2301488950931868,2.755488395690918,2021-06-19 16:08:38.183360,2021-06-19 16:08:40.943621,0 days 00:00:02.760261,80,0.7044121314824888,10,1,30,25,62,"[2063, 1929]",COMPLETE
3133,3133,0.3178933451771124,9.088448762893677,2021-06-19 16:08:40.946016,2021-06-19 16:08:50.038749,0 days 00:00:09.092733,30,0.7044121314824888,0,1,30,26,62,"[2712, 2963]",COMPLETE
3134,3134,0.2425275811251711,2.7245075702667236,2021-06-19 16:08:50.041124,2021-06-19 16:08:52.769630,0 days 00:00:02.728506,60,0.7492482924832433,10,1,0,25,62,"[2712, 2712]",COMPLETE
3135,3135,0.23089572403993902,2.6697890758514404,2021-06-19 16:08:52.771929,2021-06-19 16:08:55.445976,0 days 00:00:02.674047,60,0.9316896666168011,10,1,30,25,62,"[1929, 1135]",COMPLETE
