,number,values_0,values_1,datetime_start,datetime_complete,duration,params_checks,params_n_ratio,params_nskip,params_trees,params_w1,params_w2,system_attrs_nsga2:generation,system_attrs_nsga2:parents,state
8947,8947,0.23508233536859421,2.575214385986328,2021-06-19 21:38:51.023160,2021-06-19 21:38:53.608811,0 days 00:00:02.585651,20,0.7492482924832433,10,1,30,25,178,"[7770, 1389]",COMPLETE
8948,8948,0.2678276401678894,2.79028058052063,2021-06-19 21:38:53.613515,2021-06-19 21:38:56.414465,0 days 00:00:02.800950,20,0.775837870117549,10,1,30,11,178,"[3760, 8498]",COMPLETE
8949,8949,0.23344006120251878,2.5834147930145264,2021-06-19 21:38:56.419071,2021-06-19 21:38:59.014094,0 days 00:00:02.595023,70,0.775837870117549,10,1,20,26,178,"[8416, 2078]",COMPLETE
8950,8950,0.32508845094497224,2.6042330265045166,2021-06-19 21:38:59.018980,2021-06-19 21:39:01.682395,0 days 00:00:02.663415,20,0.775837870117549,10,2,30,0,179,"[8595, 8498]",COMPLETE
8951,8951,inf,inf,2021-06-19 21:39:01.687052,2021-06-19 21:39:02.157367,0 days 00:00:00.470315,20,0.5740796991982783,10,1,30,25,179,"[8532, 8531]",COMPLETE
8952,8952,0.23855128751684096,2.8579978942871094,2021-06-19 21:39:02.171882,2021-06-19 21:39:05.061340,0 days 00:00:02.889458,0,0.775837870117549,10,1,22,25,179,"[8531, 6351]",COMPLETE
8953,8953,0.23246633656255253,2.5904157161712646,2021-06-19 21:39:05.065973,2021-06-19 21:39:07.666929,0 days 00:00:02.600956,20,0.7044121314824888,10,1,30,26,179,"[3260, 7770]",COMPLETE
8954,8954,0.23221044275975758,2.53918194770813,2021-06-19 21:39:07.671429,2021-06-19 21:39:10.221506,0 days 00:00:02.550077,20,0.7492482924832433,10,1,24,26,179,"[8531, 900]",COMPLETE
8955,8955,0.2351764260840594,2.6261980533599854,2021-06-19 21:39:10.226091,2021-06-19 21:39:12.863471,0 days 00:00:02.637380,100,0.8015114528524678,10,1,30,25,179,"[6835, 1028]",COMPLETE
8956,8956,0.23173196342927888,2.741245746612549,2021-06-19 21:39:12.867966,2021-06-19 21:39:15.619763,0 days 00:00:02.751797,10,0.7044121314824888,10,1,30,25,179,"[4781, 849]",COMPLETE
8957,8957,0.22994999148620288,2.635645627975464,2021-06-19 21:39:15.624572,2021-06-19 21:39:18.271362,0 days 00:00:02.646790,10,0.7492482924832433,10,15,30,25,179,"[880, 2991]",COMPLETE
8958,8958,0.2288277800382088,2.8391106128692627,2021-06-19 21:39:18.276212,2021-06-19 21:39:21.126296,0 days 00:00:02.850084,50,0.775837870117549,10,1,30,25,179,"[8824, 8595]",COMPLETE
8959,8959,0.22762096290204198,2.5909621715545654,2021-06-19 21:39:21.130954,2021-06-19 21:39:23.733457,0 days 00:00:02.602503,20,0.775837870117549,10,1,30,26,179,"[8532, 7926]",COMPLETE
8960,8960,0.23525304073832418,2.5345094203948975,2021-06-19 21:39:23.738391,2021-06-19 21:39:26.283694,0 days 00:00:02.545303,20,0.775837870117549,10,1,30,26,179,"[6351, 5853]",COMPLETE
8961,8961,0.23237916690230676,2.757591485977173,2021-06-19 21:39:26.288562,2021-06-19 21:39:29.056639,0 days 00:00:02.768077,20,0.9438308883317894,10,9,30,25,179,"[1244, 1244]",COMPLETE
8962,8962,0.27057072182079034,2.974370002746582,2021-06-19 21:39:29.061581,2021-06-19 21:39:32.047062,0 days 00:00:02.985481,20,0.7044121314824888,7,1,9,18,179,"[3100, 1159]",COMPLETE
8963,8963,0.23226005381823903,2.6013004779815674,2021-06-19 21:39:32.051789,2021-06-19 21:39:34.663664,0 days 00:00:02.611875,10,0.8047024443354969,10,1,30,25,179,"[8935, 4943]",COMPLETE
8964,8964,0.2557633520036211,3.01196551322937,2021-06-19 21:39:34.668514,2021-06-19 21:39:37.691513,0 days 00:00:03.022999,0,0.7044121314824888,7,1,30,25,179,"[3100, 6835]",COMPLETE
8965,8965,0.23452847197240217,2.704430103302002,2021-06-19 21:39:37.696207,2021-06-19 21:39:40.411339,0 days 00:00:02.715132,20,0.9182102133842451,10,2,30,25,179,"[2063, 8416]",COMPLETE
8966,8966,0.22991256428823895,2.5963103771209717,2021-06-19 21:39:40.416264,2021-06-19 21:39:43.023231,0 days 00:00:02.606967,40,0.775837870117549,10,1,30,25,179,"[3760, 2991]",COMPLETE
8967,8967,0.3040410043769044,2.589071273803711,2021-06-19 21:39:43.028129,2021-06-19 21:39:45.628160,0 days 00:00:02.600031,20,0.6946995150964095,10,1,30,6,179,"[7005, 2078]",COMPLETE
8968,8968,0.23169044936221625,2.8304073810577393,2021-06-19 21:39:45.632925,2021-06-19 21:39:48.474267,0 days 00:00:02.841342,100,0.7044121314824888,10,1,25,26,179,"[8898, 8256]",COMPLETE
8969,8969,0.23109656024950398,2.594047784805298,2021-06-19 21:39:48.479257,2021-06-19 21:39:51.084972,0 days 00:00:02.605715,20,0.7044121314824888,10,1,30,26,179,"[6351, 1929]",COMPLETE
8970,8970,0.2340679393232038,2.752936363220215,2021-06-19 21:39:51.089802,2021-06-19 21:39:53.853430,0 days 00:00:02.763628,20,0.7492482924832433,10,1,19,25,179,"[1389, 3260]",COMPLETE
8971,8971,0.2443769912849013,2.5703999996185303,2021-06-19 21:39:53.857924,2021-06-19 21:39:56.438937,0 days 00:00:02.581013,20,0.775837870117549,10,1,3,26,179,"[6751, 7770]",COMPLETE
8972,8972,0.23565703790813605,2.5784788131713867,2021-06-19 21:39:56.443495,2021-06-19 21:39:59.032930,0 days 00:00:02.589435,80,0.603627004462215,10,1,8,25,179,"[316, 1244]",COMPLETE
8973,8973,inf,inf,2021-06-19 21:39:59.037348,2021-06-19 21:39:59.244674,0 days 00:00:00.207326,20,0.3589621206563768,10,1,30,25,179,"[7926, 1929]",COMPLETE
8974,8974,inf,inf,2021-06-19 21:39:59.261258,2021-06-19 21:39:59.429468,0 days 00:00:00.168210,10,0.32781688237693374,10,1,8,25,179,"[316, 5853]",COMPLETE
8975,8975,0.24012015364346342,2.8138656616210938,2021-06-19 21:39:59.459532,2021-06-19 21:40:02.301235,0 days 00:00:02.841703,20,0.775837870117549,10,1,7,25,179,"[8261, 6351]",COMPLETE
8976,8976,0.23653160717333874,2.5713109970092773,2021-06-19 21:40:02.305655,2021-06-19 21:40:04.887731,0 days 00:00:02.582076,20,0.7044121314824888,10,1,30,30,179,"[4943, 3100]",COMPLETE
8977,8977,0.29135936623400954,3.740015983581543,2021-06-19 21:40:04.892380,2021-06-19 21:40:08.643511,0 days 00:00:03.751131,20,0.775837870117549,3,1,22,26,179,"[5145, 8416]",COMPLETE
8978,8978,0.23393702836387525,2.8409368991851807,2021-06-19 21:40:08.648267,2021-06-19 21:40:11.499857,0 days 00:00:02.851590,20,0.7492482924832433,10,16,23,26,179,"[1159, 2078]",COMPLETE
8979,8979,0.23024864451893023,2.6238880157470703,2021-06-19 21:40:11.504706,2021-06-19 21:40:14.140368,0 days 00:00:02.635662,20,0.775837870117549,10,9,30,25,179,"[2209, 3082]",COMPLETE
8980,8980,0.30165877795765444,4.314271926879883,2021-06-19 21:40:14.145257,2021-06-19 21:40:18.470521,0 days 00:00:04.325264,20,0.775837870117549,2,1,30,26,179,"[6592, 8720]",COMPLETE
8981,8981,inf,inf,2021-06-19 21:40:18.475417,2021-06-19 21:40:18.856333,0 days 00:00:00.380916,20,0.5160634363763479,10,1,30,26,179,"[900, 8933]",COMPLETE
8982,8982,0.23261207568894496,2.7530696392059326,2021-06-19 21:40:18.868355,2021-06-19 21:40:21.647741,0 days 00:00:02.779386,20,0.8047024443354969,10,1,24,26,179,"[6592, 2063]",COMPLETE
8983,8983,0.22953431847766137,2.6031272411346436,2021-06-19 21:40:21.652287,2021-06-19 21:40:24.265964,0 days 00:00:02.613677,20,0.775837870117549,10,1,30,25,179,"[3260, 8531]",COMPLETE
8984,8984,0.22805507945296297,2.563714027404785,2021-06-19 21:40:24.270779,2021-06-19 21:40:26.845278,0 days 00:00:02.574499,20,0.775837870117549,10,1,30,25,179,"[6763, 5145]",COMPLETE
8985,8985,0.24020288545784202,2.5705413818359375,2021-06-19 21:40:26.850131,2021-06-19 21:40:29.431684,0 days 00:00:02.581553,40,0.8047024443354969,10,1,30,30,179,"[2063, 3760]",COMPLETE
8986,8986,0.24271176099128422,2.895782470703125,2021-06-19 21:40:29.436476,2021-06-19 21:40:32.342884,0 days 00:00:02.906408,10,0.7492482924832433,8,1,23,26,179,"[849, 2078]",COMPLETE
8987,8987,0.22916192802802432,2.5520269870758057,2021-06-19 21:40:32.347654,2021-06-19 21:40:34.910048,0 days 00:00:02.562394,20,0.775837870117549,10,1,30,25,179,"[8498, 8498]",COMPLETE
8988,8988,0.30591097130370437,2.592369318008423,2021-06-19 21:40:34.914636,2021-06-19 21:40:37.517986,0 days 00:00:02.603350,10,0.7044121314824888,10,9,2,5,179,"[8720, 8898]",COMPLETE
8989,8989,inf,inf,2021-06-19 21:40:37.522833,2021-06-19 21:40:38.020209,0 days 00:00:00.497376,20,0.5905771638620151,10,7,24,26,179,"[2209, 3260]",COMPLETE
8990,8990,0.23035923996377117,2.909855604171753,2021-06-19 21:40:38.029365,2021-06-19 21:40:40.965117,0 days 00:00:02.935752,20,0.775837870117549,10,1,30,26,179,"[3760, 8416]",COMPLETE
8991,8991,0.24122976255025036,2.6120858192443848,2021-06-19 21:40:40.969914,2021-06-19 21:40:43.592981,0 days 00:00:02.623067,20,0.8047024443354969,10,9,8,25,179,"[1244, 2063]",COMPLETE
8992,8992,0.37062147617816904,2.6448163986206055,2021-06-19 21:40:43.597516,2021-06-19 21:40:46.253330,0 days 00:00:02.655814,20,0.7044121314824888,10,9,30,1,179,"[1244, 6592]",COMPLETE
8993,8993,0.2296678585177839,2.759148120880127,2021-06-19 21:40:46.258208,2021-06-19 21:40:49.028068,0 days 00:00:02.769860,20,0.8047024443354969,10,1,30,25,179,"[8896, 880]",COMPLETE
8994,8994,0.2953057233347555,2.647346019744873,2021-06-19 21:40:49.032743,2021-06-19 21:40:51.691015,0 days 00:00:02.658272,20,0.8544984060641971,10,1,7,6,179,"[1389, 3082]",COMPLETE
8995,8995,0.23009368508803968,2.590359926223755,2021-06-19 21:40:51.695506,2021-06-19 21:40:54.296643,0 days 00:00:02.601137,20,0.8207647083592464,10,1,30,26,179,"[6592, 8333]",COMPLETE
8996,8996,0.2320052209564987,2.8381435871124268,2021-06-19 21:40:54.301596,2021-06-19 21:40:57.150483,0 days 00:00:02.848887,10,0.7044121314824888,10,6,24,26,179,"[5379, 5379]",COMPLETE
8997,8997,0.24224621031083177,2.630131483078003,2021-06-19 21:40:57.155303,2021-06-19 21:40:59.796628,0 days 00:00:02.641325,20,0.8047024443354969,10,6,4,25,179,"[7631, 8896]",COMPLETE
8998,8998,0.23139873039438008,2.8025920391082764,2021-06-19 21:40:59.801412,2021-06-19 21:41:02.614600,0 days 00:00:02.813188,20,0.775837870117549,10,1,30,25,179,"[8024, 3100]",COMPLETE
8999,8999,0.23045985326925023,2.5602314472198486,2021-06-19 21:41:02.619277,2021-06-19 21:41:05.190225,0 days 00:00:02.570948,20,0.775837870117549,10,1,30,25,179,"[5853, 5853]",COMPLETE
9000,9000,0.22977707862620328,2.716853380203247,2021-06-19 21:41:05.195060,2021-06-19 21:42:19.959561,0 days 00:01:14.764501,20,0.775837870117549,10,11,30,25,180,"[8433, 8595]",COMPLETE
9001,9001,0.23054085232391086,2.857877254486084,2021-06-19 21:42:19.970325,2021-06-19 21:42:22.842907,0 days 00:00:02.872582,40,0.775837870117549,10,1,30,25,180,"[8433, 8595]",COMPLETE
9002,9002,0.23184707546964348,2.5954761505126953,2021-06-19 21:42:22.847686,2021-06-19 21:42:25.453756,0 days 00:00:02.606070,10,0.7044121314824888,10,1,25,26,180,"[8898, 8898]",COMPLETE
9003,9003,inf,inf,2021-06-19 21:42:25.458627,2021-06-19 21:42:25.637565,0 days 00:00:00.178938,30,0.336409388273973,10,9,30,26,180,"[2963, 8898]",COMPLETE
9004,9004,0.23751508063312182,2.5960628986358643,2021-06-19 21:42:25.669658,2021-06-19 21:42:28.285279,0 days 00:00:02.615621,60,0.6415492259649922,10,1,30,23,180,"[849, 1389]",COMPLETE
9005,9005,0.23202316884519678,2.5508079528808594,2021-06-19 21:42:28.290078,2021-06-19 21:42:30.851646,0 days 00:00:02.561568,20,0.775837870117549,10,1,30,25,180,"[8720, 880]",COMPLETE
9006,9006,0.23635546395124726,2.7902891635894775,2021-06-19 21:42:30.856666,2021-06-19 21:42:33.657720,0 days 00:00:02.801054,20,0.6415492259649922,10,1,22,23,180,"[849, 4781]",COMPLETE
9007,9007,inf,inf,2021-06-19 21:42:33.662600,2021-06-19 21:42:34.002217,0 days 00:00:00.339617,20,0.4948001985387445,10,9,30,25,180,"[1244, 2063]",COMPLETE
9008,9008,inf,inf,2021-06-19 21:42:34.016050,2021-06-19 21:42:34.452836,0 days 00:00:00.436786,20,0.5545183328896037,10,1,30,25,180,"[8824, 6968]",COMPLETE
9009,9009,0.2713039334980232,2.6060616970062256,2021-06-19 21:42:34.488595,2021-06-19 21:42:37.114736,0 days 00:00:02.626141,20,0.8047024443354969,10,1,25,10,180,"[8933, 8256]",COMPLETE
9010,9010,0.233533138973648,3.055671215057373,2021-06-19 21:42:37.119806,2021-06-19 21:42:40.187626,0 days 00:00:03.067820,20,0.958111595723206,10,13,25,26,180,"[8720, 7005]",COMPLETE
9011,9011,0.23175210459079346,2.5780704021453857,2021-06-19 21:42:40.192656,2021-06-19 21:42:42.782653,0 days 00:00:02.589997,20,0.775837870117549,10,1,23,25,180,"[8261, 1028]",COMPLETE
9012,9012,0.23456326614777598,2.5515806674957275,2021-06-19 21:42:42.787589,2021-06-19 21:42:45.350193,0 days 00:00:02.562604,40,0.8047024443354969,10,1,30,22,180,"[2063, 1028]",COMPLETE
9013,9013,0.30229372918370506,2.762268543243408,2021-06-19 21:42:45.354819,2021-06-19 21:42:48.127686,0 days 00:00:02.772867,20,0.775837870117549,10,1,30,4,180,"[8720, 8720]",COMPLETE
9014,9014,0.24500962764886983,2.542902708053589,2021-06-19 21:42:48.132346,2021-06-19 21:42:50.686012,0 days 00:00:02.553666,20,0.775837870117549,10,1,1,26,180,"[8933, 6763]",COMPLETE
9015,9015,0.22895415749758116,2.5943267345428467,2021-06-19 21:42:50.690813,2021-06-19 21:42:53.296019,0 days 00:00:02.605206,20,0.775837870117549,10,1,30,25,180,"[1929, 5654]",COMPLETE
9016,9016,0.31675985668853596,9.879825353622437,2021-06-19 21:42:53.300891,2021-06-19 21:43:03.191722,0 days 00:00:09.890831,20,0.775837870117549,0,11,30,25,180,"[2991, 8824]",COMPLETE
9017,9017,0.22879281710780047,2.5701913833618164,2021-06-19 21:43:03.196656,2021-06-19 21:43:05.778319,0 days 00:00:02.581663,20,0.7044121314824888,10,1,30,25,180,"[1929, 1929]",COMPLETE
9018,9018,0.27420507085312623,2.5988214015960693,2021-06-19 21:43:05.783131,2021-06-19 21:43:08.392690,0 days 00:00:02.609559,10,0.7044121314824888,10,1,24,10,180,"[1028, 5379]",COMPLETE
9019,9019,0.22965414139766713,2.883277654647827,2021-06-19 21:43:08.397493,2021-06-19 21:43:11.291887,0 days 00:00:02.894394,20,0.775837870117549,10,1,30,25,180,"[2991, 8498]",COMPLETE
9020,9020,0.23101181845806293,2.5659589767456055,2021-06-19 21:43:11.296839,2021-06-19 21:43:13.874687,0 days 00:00:02.577848,20,0.8047024443354969,10,1,30,25,180,"[8256, 8416]",COMPLETE
9021,9021,0.290911919194761,2.5667271614074707,2021-06-19 21:43:13.879570,2021-06-19 21:43:16.457053,0 days 00:00:02.577483,20,0.8047024443354969,10,1,30,5,180,"[8416, 2063]",COMPLETE
9022,9022,0.23169661217755586,2.5370874404907227,2021-06-19 21:43:16.461849,2021-06-19 21:43:19.010029,0 days 00:00:02.548180,20,0.775837870117549,10,1,21,25,180,"[8498, 6763]",COMPLETE
9023,9023,0.26097079407688556,3.109792470932007,2021-06-19 21:43:19.014845,2021-06-19 21:43:22.135331,0 days 00:00:03.120486,10,0.775837870117549,6,1,30,26,180,"[880, 6592]",COMPLETE
9024,9024,0.22927423860916052,2.521305799484253,2021-06-19 21:43:22.139972,2021-06-19 21:43:24.671742,0 days 00:00:02.531770,20,0.7492482924832433,10,1,30,25,180,"[900, 8595]",COMPLETE
9025,9025,0.23149472629829287,2.5582315921783447,2021-06-19 21:43:24.676515,2021-06-19 21:43:27.245591,0 days 00:00:02.569076,10,0.6415983025846672,10,1,30,26,180,"[8824, 8416]",COMPLETE
9026,9026,0.23010305919872076,2.7795186042785645,2021-06-19 21:43:27.250511,2021-06-19 21:43:30.040883,0 days 00:00:02.790372,20,0.775837870117549,10,1,30,26,180,"[5654, 900]",COMPLETE
9027,9027,0.3007435362796186,2.9000377655029297,2021-06-19 21:43:30.045667,2021-06-19 21:43:32.956679,0 days 00:00:02.911012,70,0.7492482924832433,7,1,30,5,180,"[900, 6592]",COMPLETE
9028,9028,0.2885154928353542,3.6096103191375732,2021-06-19 21:43:32.961474,2021-06-19 21:43:36.581938,0 days 00:00:03.620464,20,0.775837870117549,4,5,30,25,180,"[8433, 2063]",COMPLETE
9029,9029,0.22636376407366265,2.544894218444824,2021-06-19 21:43:36.586516,2021-06-19 21:43:39.141913,0 days 00:00:02.555397,20,0.775837870117549,10,1,30,25,180,"[8256, 7631]",COMPLETE
9030,9030,0.2690124776624767,2.714869976043701,2021-06-19 21:43:39.146575,2021-06-19 21:43:41.872375,0 days 00:00:02.725800,90,0.775837870117549,10,9,30,10,180,"[1244, 8024]",COMPLETE
9031,9031,inf,inf,2021-06-19 21:43:41.876928,2021-06-19 21:43:42.039506,0 days 00:00:00.162578,20,0.34127964660533994,10,13,30,25,180,"[3082, 8595]",COMPLETE
9032,9032,0.30120549406058716,4.700927972793579,2021-06-19 21:43:42.050700,2021-06-19 21:43:46.780305,0 days 00:00:04.729605,10,0.7492482924832433,2,15,30,26,180,"[5379, 1028]",COMPLETE
9033,9033,0.2297687138999398,2.5744669437408447,2021-06-19 21:43:46.785003,2021-06-19 21:43:49.370130,0 days 00:00:02.585127,40,0.7473612084342838,10,1,30,25,180,"[1028, 6751]",COMPLETE
9034,9034,0.23119615940771285,2.559662103652954,2021-06-19 21:43:49.374718,2021-06-19 21:43:51.945002,0 days 00:00:02.570284,20,0.775837870117549,10,1,30,25,180,"[3082, 8595]",COMPLETE
9035,9035,0.23258173835547702,2.805076837539673,2021-06-19 21:43:51.949852,2021-06-19 21:43:54.765554,0 days 00:00:02.815702,20,0.775837870117549,10,1,30,26,180,"[8532, 8532]",COMPLETE
9036,9036,0.23152503364706134,2.5943491458892822,2021-06-19 21:43:54.769838,2021-06-19 21:43:57.374701,0 days 00:00:02.604863,20,0.775837870117549,10,4,30,25,180,"[8333, 8933]",COMPLETE
9037,9037,inf,inf,2021-06-19 21:43:57.379517,2021-06-19 21:43:57.532011,0 days 00:00:00.152494,10,0.347721289255952,10,1,30,11,180,"[8898, 1389]",COMPLETE
9038,9038,0.22932719194223433,2.5985684394836426,2021-06-19 21:43:57.540122,2021-06-19 21:44:00.172181,0 days 00:00:02.632059,20,0.7044121314824888,10,5,30,26,180,"[1929, 5379]",COMPLETE
9039,9039,inf,inf,2021-06-19 21:44:00.177109,2021-06-19 21:44:00.545962,0 days 00:00:00.368853,20,0.536025998481985,10,1,29,25,180,"[8433, 6968]",COMPLETE
9040,9040,0.23987919351284973,2.853065013885498,2021-06-19 21:44:00.572480,2021-06-19 21:44:03.449968,0 days 00:00:02.877488,60,0.775837870117549,10,1,6,25,180,"[2063, 3760]",COMPLETE
9041,9041,0.23192851877762355,2.6415772438049316,2021-06-19 21:44:03.454678,2021-06-19 21:44:06.107168,0 days 00:00:02.652490,40,0.8105797709113878,9,1,30,26,180,"[6751, 6751]",COMPLETE
9042,9042,0.23124990401287293,2.571061849594116,2021-06-19 21:44:06.112027,2021-06-19 21:44:08.693806,0 days 00:00:02.581779,80,0.7492482924832433,10,1,24,26,180,"[900, 849]",COMPLETE
9043,9043,0.26529187392704384,2.7567124366760254,2021-06-19 21:44:08.698502,2021-06-19 21:44:11.466062,0 days 00:00:02.767560,20,0.7044121314824888,10,1,30,12,180,"[6763, 1159]",COMPLETE
9044,9044,0.23006204674317118,2.5501036643981934,2021-06-19 21:44:11.470708,2021-06-19 21:44:14.031418,0 days 00:00:02.560710,20,0.775837870117549,10,1,30,26,180,"[2991, 6835]",COMPLETE
9045,9045,0.26870129173276175,2.5857057571411133,2021-06-19 21:44:14.036161,2021-06-19 21:44:16.632427,0 days 00:00:02.596266,20,0.775837870117549,10,1,30,8,180,"[8531, 8531]",COMPLETE
9046,9046,0.22841831628770853,2.565232515335083,2021-06-19 21:44:16.637229,2021-06-19 21:44:19.213043,0 days 00:00:02.575814,20,0.775837870117549,10,1,30,25,180,"[1028, 8498]",COMPLETE
9047,9047,0.23743000678071752,2.7700865268707275,2021-06-19 21:44:19.217850,2021-06-19 21:44:21.998510,0 days 00:00:02.780660,20,0.6606449920499806,10,1,30,25,180,"[6763, 6763]",COMPLETE
9048,9048,0.31882998801908763,5.473281383514404,2021-06-19 21:44:22.003315,2021-06-19 21:44:27.487171,0 days 00:00:05.483856,10,0.7492482924832433,1,1,30,25,180,"[1389, 1389]",COMPLETE
9049,9049,0.22914908487716945,2.726188898086548,2021-06-19 21:44:27.491913,2021-06-19 21:44:30.229045,0 days 00:00:02.737132,20,0.7492482924832433,10,1,24,26,180,"[900, 5654]",COMPLETE
9050,9050,0.23184900999875155,2.5974221229553223,2021-06-19 21:44:30.233993,2021-06-19 21:44:32.895798,0 days 00:00:02.661805,20,0.775837870117549,10,8,24,25,181,"[2063, 8333]",COMPLETE
9051,9051,0.26179031322530116,2.587048292160034,2021-06-19 21:44:32.900609,2021-06-19 21:44:35.498650,0 days 00:00:02.598041,20,0.775837870117549,10,1,25,16,181,"[8498, 4781]",COMPLETE
9052,9052,0.2384208039307024,2.911776542663574,2021-06-19 21:44:35.503599,2021-06-19 21:44:38.426461,0 days 00:00:02.922862,20,0.7044121314824888,8,1,30,26,181,"[8898, 1929]",COMPLETE
9053,9053,0.23884771434923902,2.5535197257995605,2021-06-19 21:44:38.431151,2021-06-19 21:44:40.995396,0 days 00:00:02.564245,30,0.603627004462215,10,1,8,25,181,"[316, 5853]",COMPLETE
9054,9054,0.2328829299191467,2.545992136001587,2021-06-19 21:44:41.000170,2021-06-19 21:44:43.556815,0 days 00:00:02.556645,10,0.7492482924832433,10,1,24,25,181,"[2209, 1028]",COMPLETE
9055,9055,0.22879063981498027,2.552933692932129,2021-06-19 21:44:43.561706,2021-06-19 21:44:46.125533,0 days 00:00:02.563827,20,0.7492482924832433,10,1,30,25,181,"[8720, 1389]",COMPLETE
9056,9056,0.23279090082423237,2.811260223388672,2021-06-19 21:44:46.130238,2021-06-19 21:44:48.952506,0 days 00:00:02.822268,20,0.775837870117549,10,5,29,26,181,"[8595, 5654]",COMPLETE
9057,9057,0.2267219208950575,2.5280463695526123,2021-06-19 21:44:48.957296,2021-06-19 21:44:51.495891,0 days 00:00:02.538595,20,0.775837870117549,10,1,30,25,181,"[8531, 8531]",COMPLETE
9058,9058,0.23095403930473876,2.609870433807373,2021-06-19 21:44:51.500623,2021-06-19 21:44:54.121272,0 days 00:00:02.620649,20,0.7492482924832433,10,4,30,25,181,"[6763, 6835]",COMPLETE
9059,9059,0.28032249345590377,2.753812313079834,2021-06-19 21:44:54.126177,2021-06-19 21:44:56.890910,0 days 00:00:02.764733,20,0.775837870117549,10,1,22,8,181,"[9029, 2063]",COMPLETE
9060,9060,inf,inf,2021-06-19 21:44:56.895722,2021-06-19 21:44:57.325761,0 days 00:00:00.430039,20,0.5440383614766001,10,1,30,26,181,"[6835, 8261]",COMPLETE
9061,9061,0.3272580361884884,9.072629451751709,2021-06-19 21:44:57.340596,2021-06-19 21:45:06.454802,0 days 00:00:09.114206,20,0.8254071934139637,0,1,30,25,181,"[8256, 1929]",COMPLETE
9062,9062,0.22993041088106678,2.7795586585998535,2021-06-19 21:45:06.459611,2021-06-19 21:45:09.249957,0 days 00:00:02.790346,80,0.8184337599256672,10,1,30,25,181,"[3082, 8261]",COMPLETE
9063,9063,0.23475322026403084,2.562943696975708,2021-06-19 21:45:09.254685,2021-06-19 21:45:11.828213,0 days 00:00:02.573528,10,0.7044121314824888,10,1,24,25,181,"[5379, 316]",COMPLETE
9064,9064,0.24072872849937632,2.580808162689209,2021-06-19 21:45:11.832841,2021-06-19 21:45:14.424616,0 days 00:00:02.591775,20,0.7044121314824888,10,1,5,25,181,"[2209, 1244]",COMPLETE
9065,9065,0.2643370120518068,3.085878849029541,2021-06-19 21:45:14.429705,2021-06-19 21:45:17.527468,0 days 00:00:03.097763,10,0.7492482924832433,6,1,30,26,181,"[1028, 1028]",COMPLETE
