,number,values_0,values_1,datetime_start,datetime_complete,duration,params_checks,params_n_ratio,params_nskip,params_trees,params_w1,params_w2,system_attrs_nsga2:generation,system_attrs_nsga2:parents,state
500,500,inf,inf,2021-06-19 13:40:13.027479,2021-06-19 13:40:13.361044,0 days 00:00:00.333565,20,0.4742404086473852,10,1,23,12,10,"[422, 464]",COMPLETE
501,501,0.2650635586483748,2.788011074066162,2021-06-19 13:40:13.363927,2021-06-19 13:40:16.154422,0 days 00:00:02.790495,20,0.6415492259649922,10,7,30,17,10,"[455, 404]",COMPLETE
502,502,0.24134495473521622,2.53403377532959,2021-06-19 13:40:16.155826,2021-06-19 13:40:18.691553,0 days 00:00:02.535727,20,0.603627004462215,10,9,8,27,10,"[316, 366]",COMPLETE
503,503,0.23380519286437265,2.682003974914551,2021-06-19 13:40:18.692936,2021-06-19 13:40:21.376240,0 days 00:00:02.683304,0,0.603627004462215,10,7,24,25,10,"[424, 424]",COMPLETE
504,504,0.23519635907096825,2.5736966133117676,2021-06-19 13:40:21.377564,2021-06-19 13:40:23.952708,0 days 00:00:02.575144,20,0.7044121314824888,10,2,23,23,10,"[413, 303]",COMPLETE
505,505,0.23082767751633804,2.6052846908569336,2021-06-19 13:40:23.953674,2021-06-19 13:40:26.560127,0 days 00:00:02.606453,20,0.7044121314824888,10,9,30,27,10,"[366, 366]",COMPLETE
506,506,0.23932577179620995,2.671139717102051,2021-06-19 13:40:26.561087,2021-06-19 13:40:29.233444,0 days 00:00:02.672357,10,0.6459572122253778,10,1,10,23,10,"[413, 413]",COMPLETE
507,507,0.23262076373578353,2.642871379852295,2021-06-19 13:40:29.234402,2021-06-19 13:40:31.878748,0 days 00:00:02.644346,20,0.7044121314824888,10,12,23,24,10,"[241, 467]",COMPLETE
508,508,0.23833330593627078,2.726682662963867,2021-06-19 13:40:31.880197,2021-06-19 13:40:34.608333,0 days 00:00:02.728136,20,0.7044121314824888,10,9,10,26,10,"[159, 411]",COMPLETE
509,509,0.24337165233004632,2.6117684841156006,2021-06-19 13:40:34.609296,2021-06-19 13:40:37.222406,0 days 00:00:02.613110,20,0.865458317883941,10,1,30,20,10,"[366, 185]",COMPLETE
510,510,0.23231783905649303,2.6760072708129883,2021-06-19 13:40:37.223791,2021-06-19 13:40:39.901233,0 days 00:00:02.677442,10,0.6415492259649922,10,1,27,23,10,"[407, 433]",COMPLETE
511,511,0.23318162477700333,2.527153491973877,2021-06-19 13:40:39.902446,2021-06-19 13:40:42.431070,0 days 00:00:02.528624,20,0.629201349454404,10,1,22,25,10,"[328, 411]",COMPLETE
512,512,0.28514086223567814,3.781885862350464,2021-06-19 13:40:42.432540,2021-06-19 13:40:46.216150,0 days 00:00:03.783610,0,0.8047024443354969,4,5,22,23,10,"[256, 302]",COMPLETE
513,513,0.23316687994090346,2.5784215927124023,2021-06-19 13:40:46.217553,2021-06-19 13:40:48.797365,0 days 00:00:02.579812,50,0.7044121314824888,10,1,30,26,10,"[395, 374]",COMPLETE
514,514,0.2409500121815233,2.6522889137268066,2021-06-19 13:40:48.798583,2021-06-19 13:40:51.452233,0 days 00:00:02.653650,20,0.7044121314824888,10,1,8,23,10,"[458, 433]",COMPLETE
515,515,0.23289741931350946,2.6295664310455322,2021-06-19 13:40:51.453604,2021-06-19 13:40:54.084623,0 days 00:00:02.631019,20,0.7492482924832433,10,9,30,23,10,"[429, 464]",COMPLETE
516,516,0.30801342813380395,5.650891304016113,2021-06-19 13:40:54.086020,2021-06-19 13:40:59.738278,0 days 00:00:05.652258,20,0.7492482924832433,1,2,30,25,10,"[488, 488]",COMPLETE
517,517,inf,inf,2021-06-19 13:40:59.739692,2021-06-19 13:41:00.276604,0 days 00:00:00.536912,50,0.603627004462215,10,7,24,26,10,"[413, 491]",COMPLETE
518,518,0.3071962119922203,4.272612810134888,2021-06-19 13:41:00.278487,2021-06-19 13:41:04.553693,0 days 00:00:04.275206,10,0.7492482924832433,2,1,30,25,10,"[488, 475]",COMPLETE
519,519,0.23119507812149595,2.76991605758667,2021-06-19 13:41:04.555037,2021-06-19 13:41:07.326133,0 days 00:00:02.771096,20,0.7039382016603601,10,7,24,26,10,"[175, 175]",COMPLETE
520,520,inf,inf,2021-06-19 13:41:07.327523,2021-06-19 13:41:07.509231,0 days 00:00:00.181708,60,0.33599596895104983,10,1,30,27,10,"[488, 467]",COMPLETE
521,521,0.24013407496279807,2.5408875942230225,2021-06-19 13:41:07.533175,2021-06-19 13:41:10.076852,0 days 00:00:02.543677,10,0.6415492259649922,10,10,8,23,10,"[216, 254]",COMPLETE
522,522,0.24063960540660462,2.528625726699829,2021-06-19 13:41:10.077990,2021-06-19 13:41:12.607967,0 days 00:00:02.529977,20,0.7044121314824888,10,1,8,27,10,"[366, 316]",COMPLETE
523,523,0.2349226154759192,2.693469524383545,2021-06-19 13:41:12.609201,2021-06-19 13:41:15.304063,0 days 00:00:02.694862,20,0.7044121314824888,10,1,30,24,10,"[389, 477]",COMPLETE
524,524,0.23914003878572562,2.565593957901001,2021-06-19 13:41:15.305475,2021-06-19 13:41:17.872532,0 days 00:00:02.567057,20,0.7044121314824888,10,5,8,27,10,"[366, 254]",COMPLETE
525,525,0.23570009552692192,2.748004913330078,2021-06-19 13:41:17.873749,2021-06-19 13:41:20.623100,0 days 00:00:02.749351,20,0.7492482924832433,10,1,30,24,10,"[488, 427]",COMPLETE
526,526,0.286809206306517,3.7820115089416504,2021-06-19 13:41:20.624541,2021-06-19 13:41:24.408150,0 days 00:00:03.783609,20,0.7815688639630782,3,7,16,25,10,"[424, 396]",COMPLETE
527,527,0.28416772086905867,3.915776252746582,2021-06-19 13:41:24.409551,2021-06-19 13:41:28.326783,0 days 00:00:03.917232,50,0.8047024443354969,3,1,8,25,10,"[458, 395]",COMPLETE
528,528,0.33990371408874,9.413723707199097,2021-06-19 13:41:28.328222,2021-06-19 13:41:37.743542,0 days 00:00:09.415320,10,0.7044121314824888,0,9,30,14,10,"[254, 366]",COMPLETE
529,529,inf,inf,2021-06-19 13:41:37.744921,2021-06-19 13:41:37.922140,0 days 00:00:00.177219,50,0.3452807933413995,10,9,30,28,10,"[396, 457]",COMPLETE
530,530,0.23133281314094353,2.641084909439087,2021-06-19 13:41:37.923874,2021-06-19 13:41:40.567032,0 days 00:00:02.643158,20,0.7492482924832433,10,12,30,24,10,"[241, 241]",COMPLETE
531,531,0.30587730060375423,5.4658203125,2021-06-19 13:41:40.568502,2021-06-19 13:41:46.035751,0 days 00:00:05.467249,20,0.6108247580203586,1,1,14,24,10,"[270, 270]",COMPLETE
532,532,0.2336153003953776,2.555631637573242,2021-06-19 13:41:46.037076,2021-06-19 13:41:48.594176,0 days 00:00:02.557100,40,0.7815688639630782,10,1,22,24,10,"[413, 290]",COMPLETE
533,533,0.2444767837673123,2.520947217941284,2021-06-19 13:41:48.595597,2021-06-19 13:41:51.118059,0 days 00:00:02.522462,0,0.603627004462215,10,1,30,25,10,"[316, 488]",COMPLETE
534,534,0.336865303169085,2.7247159481048584,2021-06-19 13:41:51.119456,2021-06-19 13:41:53.845816,0 days 00:00:02.726360,10,0.7044121314824888,10,9,10,3,10,"[281, 467]",COMPLETE
535,535,0.23497961022515718,2.525773525238037,2021-06-19 13:41:53.846851,2021-06-19 13:41:56.374281,0 days 00:00:02.527430,20,0.6314256997385901,10,5,14,24,10,"[270, 316]",COMPLETE
536,536,0.31384086128891214,2.690112829208374,2021-06-19 13:41:56.375506,2021-06-19 13:41:59.067192,0 days 00:00:02.691686,20,0.7815688639630782,10,7,12,1,10,"[216, 251]",COMPLETE
537,537,0.23558300780785113,2.574997663497925,2021-06-19 13:41:59.068616,2021-06-19 13:42:01.645196,0 days 00:00:02.576580,10,0.603627004462215,10,5,8,26,10,"[254, 491]",COMPLETE
538,538,inf,inf,2021-06-19 13:42:01.646625,2021-06-19 13:42:01.853575,0 days 00:00:00.206950,20,0.41276258204159855,10,9,14,26,10,"[417, 258]",COMPLETE
539,539,0.23157222187765727,2.753798484802246,2021-06-19 13:42:01.855807,2021-06-19 13:42:04.611838,0 days 00:00:02.756031,20,0.7044121314824888,10,9,23,26,10,"[480, 281]",COMPLETE
540,540,0.2348567003206895,2.618283987045288,2021-06-19 13:42:04.613280,2021-06-19 13:42:07.233070,0 days 00:00:02.619790,20,0.603627004462215,10,9,30,26,10,"[374, 491]",COMPLETE
541,541,0.23054892167032073,2.6813066005706787,2021-06-19 13:42:07.234399,2021-06-19 13:42:09.917043,0 days 00:00:02.682644,20,0.7492482924832433,10,1,23,24,10,"[281, 427]",COMPLETE
542,542,0.22812163954342,2.6356348991394043,2021-06-19 13:42:09.918276,2021-06-19 13:42:12.555428,0 days 00:00:02.637152,20,0.775837870117549,10,9,23,25,10,"[480, 328]",COMPLETE
543,543,0.2321462907669816,2.604541778564453,2021-06-19 13:42:12.557010,2021-06-19 13:42:15.162966,0 days 00:00:02.605956,50,0.8047024443354969,10,1,30,26,10,"[374, 395]",COMPLETE
544,544,0.2341383083013384,2.756343126296997,2021-06-19 13:42:15.164404,2021-06-19 13:42:17.921941,0 days 00:00:02.757537,20,0.603627004462215,10,7,24,26,10,"[491, 491]",COMPLETE
545,545,0.28288387076455296,2.561058521270752,2021-06-19 13:42:17.923250,2021-06-19 13:42:20.485817,0 days 00:00:02.562567,20,0.7492482924832433,10,3,14,9,10,"[464, 473]",COMPLETE
546,546,0.23543151550298635,2.757080316543579,2021-06-19 13:42:20.487246,2021-06-19 13:42:23.245700,0 days 00:00:02.758454,70,0.7044121314824888,10,2,14,25,10,"[395, 338]",COMPLETE
547,547,0.23082309019236436,2.5937952995300293,2021-06-19 13:42:23.247123,2021-06-19 13:42:25.842561,0 days 00:00:02.595438,50,0.7044121314824888,10,4,26,26,10,"[499, 411]",COMPLETE
548,548,0.28016520981093085,3.419255495071411,2021-06-19 13:42:25.843535,2021-06-19 13:42:29.264379,0 days 00:00:03.420844,20,0.6415492259649922,4,1,19,26,10,"[407, 455]",COMPLETE
549,549,0.22963040354643177,2.5995399951934814,2021-06-19 13:42:29.265354,2021-06-19 13:42:31.866380,0 days 00:00:02.601026,20,0.7044121314824888,10,9,30,26,10,"[338, 258]",COMPLETE
550,550,0.23556611996815563,2.6534032821655273,2021-06-19 13:42:31.867803,2021-06-19 13:42:34.575278,0 days 00:00:02.707475,20,0.6415492259649922,10,1,19,27,11,"[366, 407]",COMPLETE
551,551,0.24389872524162856,2.575969696044922,2021-06-19 13:42:34.576720,2021-06-19 13:42:37.154212,0 days 00:00:02.577492,10,0.6415492259649922,10,1,6,26,11,"[374, 407]",COMPLETE
552,552,inf,inf,2021-06-19 13:42:37.155492,2021-06-19 13:42:37.609040,0 days 00:00:00.453548,20,0.5679186587919695,10,5,10,27,11,"[535, 455]",COMPLETE
553,553,0.22731910134655992,2.7900948524475098,2021-06-19 13:42:37.611079,2021-06-19 13:42:40.402959,0 days 00:00:02.791880,20,0.7044121314824888,10,9,23,26,11,"[499, 290]",COMPLETE
554,554,0.2298860665999771,2.5993974208831787,2021-06-19 13:42:40.403942,2021-06-19 13:42:43.004966,0 days 00:00:02.601024,20,0.9022886149028744,10,2,30,25,11,"[374, 511]",COMPLETE
555,555,0.23486517331622386,2.7657759189605713,2021-06-19 13:42:43.005947,2021-06-19 13:42:45.773326,0 days 00:00:02.767379,20,0.6059640361538481,10,13,23,23,11,"[433, 303]",COMPLETE
556,556,0.23734573923179367,2.511486053466797,2021-06-19 13:42:45.774736,2021-06-19 13:42:48.287722,0 days 00:00:02.512986,10,0.7492482924832433,10,1,9,25,11,"[427, 316]",COMPLETE
557,557,inf,inf,2021-06-19 13:42:48.288974,2021-06-19 13:42:48.652361,0 days 00:00:00.363387,70,0.5283552528214042,10,9,30,24,11,"[270, 549]",COMPLETE
558,558,0.23417817500714183,2.6542160511016846,2021-06-19 13:42:48.653752,2021-06-19 13:42:51.310701,0 days 00:00:02.656949,50,0.7815688639630782,10,2,20,23,11,"[251, 270]",COMPLETE
559,559,inf,inf,2021-06-19 13:42:51.312140,2021-06-19 13:42:55.353299,0 days 00:00:04.041159,20,0.603627004462215,0,5,30,26,11,"[475, 464]",COMPLETE
560,560,0.23036102565452568,2.6735427379608154,2021-06-19 13:42:55.355025,2021-06-19 13:42:58.031538,0 days 00:00:02.676513,20,0.7044121314824888,10,9,22,27,11,"[480, 175]",COMPLETE
561,561,0.23717067998280283,2.863178253173828,2021-06-19 13:42:58.032836,2021-06-19 13:43:00.897552,0 days 00:00:02.864716,20,0.9413444153212649,10,2,14,24,11,"[462, 417]",COMPLETE
562,562,inf,inf,2021-06-19 13:43:00.898659,2021-06-19 13:43:01.382172,0 days 00:00:00.483513,50,0.603627004462215,10,9,23,26,11,"[499, 316]",COMPLETE
563,563,0.2356920994285222,2.6700797080993652,2021-06-19 13:43:01.398500,2021-06-19 13:43:04.071306,0 days 00:00:02.672806,20,0.7786293347376096,10,9,18,27,11,"[256, 464]",COMPLETE
564,564,0.3103753010573144,2.6833786964416504,2021-06-19 13:43:04.072763,2021-06-19 13:43:06.757909,0 days 00:00:02.685146,20,0.603627004462215,10,1,22,3,11,"[316, 511]",COMPLETE
565,565,0.2451367944673781,2.6265909671783447,2021-06-19 13:43:06.759325,2021-06-19 13:43:09.387669,0 days 00:00:02.628344,20,0.6314256997385901,9,7,29,24,11,"[175, 462]",COMPLETE
566,566,0.23425008206958386,2.5468361377716064,2021-06-19 13:43:09.389101,2021-06-19 13:43:11.937306,0 days 00:00:02.548205,20,0.7039382016603601,10,1,24,26,11,"[522, 175]",COMPLETE
567,567,0.23561654102662674,2.6490447521209717,2021-06-19 13:43:11.938638,2021-06-19 13:43:14.589208,0 days 00:00:02.650570,20,0.7044121314824888,10,1,18,25,11,"[488, 256]",COMPLETE
568,568,0.2774811916467571,3.4067654609680176,2021-06-19 13:43:14.590558,2021-06-19 13:43:17.998924,0 days 00:00:03.408366,70,0.8047024443354969,4,1,22,26,11,"[404, 302]",COMPLETE
569,569,0.22886054421015825,2.7620606422424316,2021-06-19 13:43:18.000284,2021-06-19 13:43:20.763856,0 days 00:00:02.763572,50,0.7492482924832433,10,12,30,26,11,"[302, 389]",COMPLETE
570,570,0.3196108486003162,8.924999237060547,2021-06-19 13:43:20.765170,2021-06-19 13:43:29.691759,0 days 00:00:08.926589,20,0.7044121314824888,0,1,23,26,11,"[302, 504]",COMPLETE
571,571,inf,inf,2021-06-19 13:43:29.693208,2021-06-19 13:43:29.873410,0 days 00:00:00.180202,20,0.36917163716409274,3,12,22,24,11,"[290, 254]",COMPLETE
572,572,0.2425344665526295,2.8024024963378906,2021-06-19 13:43:29.885426,2021-06-19 13:43:32.690725,0 days 00:00:02.805299,50,0.8685044539162621,10,9,3,26,11,"[374, 499]",COMPLETE
573,573,0.24084609026763598,2.52750563621521,2021-06-19 13:43:32.692097,2021-06-19 13:43:35.220998,0 days 00:00:02.528901,10,0.6459572122253778,10,1,10,23,11,"[433, 413]",COMPLETE
574,574,0.23577745749767623,2.6820602416992188,2021-06-19 13:43:35.222132,2021-06-19 13:43:37.905585,0 days 00:00:02.683453,20,0.7044121314824888,10,1,22,23,11,"[532, 504]",COMPLETE
575,575,0.23658017517570987,2.564202070236206,2021-06-19 13:43:37.906661,2021-06-19 13:43:40.472299,0 days 00:00:02.565638,20,0.7815688639630782,10,1,23,28,11,"[542, 396]",COMPLETE
576,576,0.2303599659865214,2.685136556625366,2021-06-19 13:43:40.473539,2021-06-19 13:43:43.160083,0 days 00:00:02.686544,20,0.603627004462215,10,1,24,25,11,"[424, 533]",COMPLETE
577,577,0.23966469012763017,2.6345789432525635,2021-06-19 13:43:43.161451,2021-06-19 13:43:45.797609,0 days 00:00:02.636158,20,0.7815688639630782,10,12,6,25,11,"[290, 488]",COMPLETE
578,578,0.23889576852253722,2.534043788909912,2021-06-19 13:43:45.799029,2021-06-19 13:43:48.334585,0 days 00:00:02.535556,20,0.6415492259649922,10,1,19,23,11,"[535, 407]",COMPLETE
579,579,0.2385655797185172,2.649233341217041,2021-06-19 13:43:48.335904,2021-06-19 13:43:50.986585,0 days 00:00:02.650681,20,0.603627004462215,10,1,8,26,11,"[502, 302]",COMPLETE
580,580,0.23681770565476343,3.0217511653900146,2021-06-19 13:43:50.987916,2021-06-19 13:43:54.011184,0 days 00:00:03.023268,20,0.986825769442198,10,9,23,25,11,"[542, 411]",COMPLETE
581,581,0.23106136250146345,2.7783946990966797,2021-06-19 13:43:54.012643,2021-06-19 13:43:56.792429,0 days 00:00:02.779786,30,0.7044121314824888,10,9,23,26,11,"[281, 411]",COMPLETE
582,582,0.23328701251052608,3.0019187927246094,2021-06-19 13:43:56.793863,2021-06-19 13:43:59.797413,0 days 00:00:03.003550,20,0.9981327977109651,10,4,26,26,11,"[511, 547]",COMPLETE
583,583,0.23883452910250685,2.8333544731140137,2021-06-19 13:43:59.798844,2021-06-19 13:44:02.633787,0 days 00:00:02.834943,10,0.7044121314824888,9,9,8,26,11,"[258, 316]",COMPLETE
584,584,0.2312553191545443,2.6394665241241455,2021-06-19 13:44:02.635232,2021-06-19 13:44:05.276175,0 days 00:00:02.640943,20,0.7044121314824888,10,9,26,26,11,"[417, 411]",COMPLETE
585,585,0.2764954222344263,2.8190016746520996,2021-06-19 13:44:05.277614,2021-06-19 13:44:08.098154,0 days 00:00:02.820540,50,0.8047024443354969,10,9,22,9,11,"[302, 256]",COMPLETE
586,586,0.2419141864291961,2.579991579055786,2021-06-19 13:44:08.099582,2021-06-19 13:44:10.681224,0 days 00:00:02.581642,20,0.687766025674927,10,1,3,25,11,"[533, 455]",COMPLETE
587,587,0.23266385562341418,2.7014174461364746,2021-06-19 13:44:10.682534,2021-06-19 13:44:13.385353,0 days 00:00:02.702819,50,0.7815688639630782,10,1,30,28,11,"[396, 433]",COMPLETE
588,588,0.2601326802722865,3.1023495197296143,2021-06-19 13:44:13.386565,2021-06-19 13:44:16.490742,0 days 00:00:03.104177,20,0.7492482924832433,6,13,26,26,11,"[513, 427]",COMPLETE
589,589,0.2291914533397418,2.623596668243408,2021-06-19 13:44:16.491812,2021-06-19 13:44:19.116957,0 days 00:00:02.625145,20,0.7039382016603601,10,12,30,26,11,"[404, 290]",COMPLETE
590,590,0.23820022736242502,2.6891028881073,2021-06-19 13:44:19.118341,2021-06-19 13:44:21.809003,0 days 00:00:02.690662,20,0.5803545225001887,10,9,11,23,11,"[256, 356]",COMPLETE
591,591,0.22934807932975848,2.608649253845215,2021-06-19 13:44:21.810439,2021-06-19 13:44:24.420648,0 days 00:00:02.610209,50,0.7492482924832433,10,4,23,26,11,"[302, 464]",COMPLETE
592,592,0.26226716716272347,2.746227741241455,2021-06-19 13:44:24.421931,2021-06-19 13:44:27.169831,0 days 00:00:02.747900,20,0.7044121314824888,10,10,23,17,11,"[480, 532]",COMPLETE
593,593,0.2948437952398077,4.2498040199279785,2021-06-19 13:44:27.171286,2021-06-19 13:44:31.422768,0 days 00:00:04.251482,20,0.7044121314824888,2,1,17,26,11,"[513, 549]",COMPLETE
594,594,0.23227568244683788,2.745804786682129,2021-06-19 13:44:31.424239,2021-06-19 13:44:34.171291,0 days 00:00:02.747052,20,0.7815688639630782,10,12,22,24,11,"[290, 290]",COMPLETE
595,595,0.23077901625044958,2.6447572708129883,2021-06-19 13:44:34.172738,2021-06-19 13:44:36.818915,0 days 00:00:02.646177,20,0.775837870117549,10,9,22,25,11,"[542, 511]",COMPLETE
596,596,0.23736809265196576,2.7042009830474854,2021-06-19 13:44:36.820363,2021-06-19 13:44:39.525996,0 days 00:00:02.705633,20,0.6314256997385901,10,1,14,24,11,"[488, 270]",COMPLETE
597,597,0.2399734309217669,2.543163776397705,2021-06-19 13:44:39.527460,2021-06-19 13:44:42.072300,0 days 00:00:02.544840,10,0.6287743739099865,10,1,30,23,11,"[254, 427]",COMPLETE
598,598,0.2944911755318777,2.7489287853240967,2021-06-19 13:44:42.073730,2021-06-19 13:44:44.824350,0 days 00:00:02.750620,20,0.603627004462215,10,14,21,7,11,"[422, 404]",COMPLETE
599,599,0.23098329105989546,2.6145119667053223,2021-06-19 13:44:44.825784,2021-06-19 13:44:47.441767,0 days 00:00:02.615983,50,0.7044121314824888,10,9,30,26,11,"[457, 499]",COMPLETE
600,600,0.230331037113997,2.5777411460876465,2021-06-19 13:44:47.443203,2021-06-19 13:46:01.376386,0 days 00:01:13.933183,100,0.7492482924832433,10,1,30,25,12,"[396, 488]",COMPLETE
601,601,0.25171465396195325,2.6350862979888916,2021-06-19 13:46:01.378592,2021-06-19 13:46:04.016437,0 days 00:00:02.637845,10,0.8047024443354969,10,15,23,17,12,"[302, 542]",COMPLETE
602,602,0.23069195722870742,2.7266316413879395,2021-06-19 13:46:04.017872,2021-06-19 13:46:06.745745,0 days 00:00:02.727873,20,0.775837870117549,10,9,23,25,12,"[542, 542]",COMPLETE
603,603,0.3170666275134329,2.608677387237549,2021-06-19 13:46:06.746837,2021-06-19 13:46:09.357135,0 days 00:00:02.610298,20,0.7044121314824888,10,12,23,1,12,"[385, 542]",COMPLETE
604,604,0.2478426897352089,2.6584529876708984,2021-06-19 13:46:09.358208,2021-06-19 13:46:12.018455,0 days 00:00:02.660247,10,0.7044121314824888,8,1,10,24,12,"[413, 513]",COMPLETE
605,605,0.24292844211795978,2.639092445373535,2021-06-19 13:46:12.019835,2021-06-19 13:46:14.660484,0 days 00:00:02.640649,10,0.7044121314824888,10,1,23,21,12,"[433, 480]",COMPLETE
606,606,0.23836387258821262,2.6842539310455322,2021-06-19 13:46:14.661497,2021-06-19 13:46:17.347339,0 days 00:00:02.685842,20,0.7044121314824888,10,12,10,26,12,"[455, 258]",COMPLETE
607,607,0.2462344382855129,2.6646320819854736,2021-06-19 13:46:17.348357,2021-06-19 13:46:20.014497,0 days 00:00:02.666140,20,0.7044121314824888,10,1,4,27,12,"[385, 385]",COMPLETE
608,608,0.23370002217704436,2.5898630619049072,2021-06-19 13:46:20.015961,2021-06-19 13:46:22.607277,0 days 00:00:02.591316,50,0.865458317883941,10,4,23,25,12,"[591, 328]",COMPLETE
609,609,0.27406494792372565,2.750401258468628,2021-06-19 13:46:22.608755,2021-06-19 13:46:25.360590,0 days 00:00:02.751835,20,0.7044121314824888,10,9,23,15,12,"[480, 480]",COMPLETE
610,610,inf,inf,2021-06-19 13:46:25.361939,2021-06-19 13:46:25.820243,0 days 00:00:00.458304,80,0.5655605971042152,10,1,11,25,12,"[556, 328]",COMPLETE
611,611,0.24094771049500824,2.8021581172943115,2021-06-19 13:46:25.822031,2021-06-19 13:46:28.627075,0 days 00:00:02.805044,20,0.6415492259649922,8,1,23,27,12,"[455, 385]",COMPLETE
612,612,0.23854543603453446,2.660303831100464,2021-06-19 13:46:28.628567,2021-06-19 13:46:31.290284,0 days 00:00:02.661717,10,0.6459572122253778,10,1,10,26,12,"[573, 404]",COMPLETE
613,613,0.23154773185135583,2.625366687774658,2021-06-19 13:46:31.291677,2021-06-19 13:46:33.918659,0 days 00:00:02.626982,50,0.7492482924832433,10,2,29,23,12,"[591, 504]",COMPLETE
614,614,0.23848431544645074,2.668252468109131,2021-06-19 13:46:33.920107,2021-06-19 13:46:36.589790,0 days 00:00:02.669683,10,0.6314256997385901,10,5,14,24,12,"[597, 535]",COMPLETE
615,615,0.30959239992133547,2.706514358520508,2021-06-19 13:46:36.591220,2021-06-19 13:46:39.299381,0 days 00:00:02.708161,10,0.7044121314824888,8,9,18,2,12,"[256, 597]",COMPLETE
616,616,0.23289300982792238,2.5838570594787598,2021-06-19 13:46:39.300532,2021-06-19 13:46:41.885819,0 days 00:00:02.585287,20,0.775837870117549,10,9,23,25,12,"[542, 404]",COMPLETE
617,617,0.23996877116895893,2.6833550930023193,2021-06-19 13:46:41.887062,2021-06-19 13:46:44.571906,0 days 00:00:02.684844,20,0.6415492259649922,10,9,30,23,12,"[578, 374]",COMPLETE
618,618,0.2597826426300635,2.5873618125915527,2021-06-19 13:46:44.573315,2021-06-19 13:46:47.162266,0 days 00:00:02.588951,20,0.7044121314824888,10,2,30,17,12,"[549, 554]",COMPLETE
619,619,0.2473623664271221,2.6679728031158447,2021-06-19 13:46:47.163716,2021-06-19 13:46:49.833273,0 days 00:00:02.669557,20,0.7492482924832433,10,1,19,20,12,"[591, 578]",COMPLETE
620,620,0.22978506263513643,2.577793836593628,2021-06-19 13:46:49.834653,2021-06-19 13:46:52.414089,0 days 00:00:02.579436,90,0.6415492259649922,10,1,19,25,12,"[316, 578]",COMPLETE
621,621,0.23542177199908954,2.7960562705993652,2021-06-19 13:46:52.415538,2021-06-19 13:46:55.213264,0 days 00:00:02.797726,20,0.872842586446333,10,9,23,27,12,"[385, 404]",COMPLETE
