,number,values_0,values_1,datetime_start,datetime_complete,duration,params_checks,params_n_ratio,params_nskip,params_trees,params_w1,params_w2,system_attrs_nsga2:generation,system_attrs_nsga2:parents,state
4800,4800,0.23453753127802804,2.7214341163635254,2021-06-19 17:40:33.922006,2021-06-19 17:41:48.242253,0 days 00:01:14.320247,40,0.775837870117549,10,1,30,25,96,"[3760, 4419]",COMPLETE
4801,4801,0.2348791887927736,2.601699113845825,2021-06-19 17:41:48.247715,2021-06-19 17:41:50.857501,0 days 00:00:02.609786,50,0.7492482924832433,10,1,30,22,96,"[745, 3100]",COMPLETE
4802,4802,0.23151691680189151,2.7302498817443848,2021-06-19 17:41:50.860486,2021-06-19 17:41:53.596718,0 days 00:00:02.736232,10,0.7044121314824888,10,1,17,25,96,"[1246, 1246]",COMPLETE
4803,4803,0.2284600577049748,2.5898571014404297,2021-06-19 17:41:53.599710,2021-06-19 17:41:56.195707,0 days 00:00:02.595997,20,0.7044121314824888,10,6,26,25,96,"[2762, 3100]",COMPLETE
4804,4804,0.2937478947054173,3.673192024230957,2021-06-19 17:41:56.198656,2021-06-19 17:41:59.877946,0 days 00:00:03.679290,10,0.7044121314824888,3,1,30,25,96,"[2229, 2659]",COMPLETE
4805,4805,0.3678603503419459,2.841914653778076,2021-06-19 17:41:59.880807,2021-06-19 17:42:02.728878,0 days 00:00:02.848071,20,0.7044121314824888,10,9,30,1,96,"[4258, 1244]",COMPLETE
4806,4806,0.2957185034895995,4.214234828948975,2021-06-19 17:42:02.731877,2021-06-19 17:42:06.952322,0 days 00:00:04.220445,10,0.775837870117549,2,1,30,26,96,"[4331, 900]",COMPLETE
4807,4807,inf,inf,2021-06-19 17:42:06.954924,2021-06-19 17:42:07.125551,0 days 00:00:00.170627,20,0.30383520891843213,10,1,30,25,96,"[1159, 4773]",COMPLETE
4808,4808,0.23894167691209883,2.7117397785186768,2021-06-19 17:42:07.133822,2021-06-19 17:42:09.864272,0 days 00:00:02.730450,10,0.7492482924832433,10,1,8,25,96,"[900, 316]",COMPLETE
4809,4809,0.23327839883389492,2.576528787612915,2021-06-19 17:42:09.867215,2021-06-19 17:42:12.449813,0 days 00:00:02.582598,20,0.7044121314824888,10,1,30,28,96,"[3100, 4236]",COMPLETE
4810,4810,0.23028025355962814,2.6467013359069824,2021-06-19 17:42:12.452605,2021-06-19 17:42:15.105339,0 days 00:00:02.652734,40,0.775837870117549,10,1,30,25,96,"[3260, 3760]",COMPLETE
4811,4811,0.23286384300563073,2.7308080196380615,2021-06-19 17:42:15.108333,2021-06-19 17:42:17.845406,0 days 00:00:02.737073,20,0.772346127024395,10,1,24,25,96,"[2063, 1218]",COMPLETE
4812,4812,0.2795911374440106,2.55230712890625,2021-06-19 17:42:17.848429,2021-06-19 17:42:20.406841,0 days 00:00:02.558412,20,0.775837870117549,10,1,30,7,96,"[3566, 1656]",COMPLETE
4813,4813,0.23335487695979015,2.6168971061706543,2021-06-19 17:42:20.409835,2021-06-19 17:42:23.032843,0 days 00:00:02.623008,50,0.6250819915381516,10,6,30,25,96,"[1244, 1244]",COMPLETE
4814,4814,0.2292968273162099,2.84004807472229,2021-06-19 17:42:23.035957,2021-06-19 17:42:25.882270,0 days 00:00:02.846313,100,0.7492482924832433,10,9,30,26,96,"[745, 1218]",COMPLETE
4815,4815,0.2752520088112843,2.591291904449463,2021-06-19 17:42:25.885404,2021-06-19 17:42:28.482930,0 days 00:00:02.597526,60,0.7492482924832433,10,1,24,9,96,"[4258, 900]",COMPLETE
4816,4816,0.23181153457564244,2.7356998920440674,2021-06-19 17:42:28.485895,2021-06-19 17:42:31.227631,0 days 00:00:02.741736,20,0.7044121314824888,10,1,30,25,96,"[3195, 3260]",COMPLETE
4817,4817,0.23177365691624569,2.5801734924316406,2021-06-19 17:42:31.230236,2021-06-19 17:42:33.816436,0 days 00:00:02.586200,20,0.8047024443354969,10,1,30,28,96,"[4523, 1745]",COMPLETE
4818,4818,0.22917689219231932,2.6725752353668213,2021-06-19 17:42:33.819221,2021-06-19 17:42:36.498478,0 days 00:00:02.679257,20,0.7044121314824888,9,9,30,26,96,"[2960, 1218]",COMPLETE
4819,4819,0.24209856484817313,2.727583646774292,2021-06-19 17:42:36.501123,2021-06-19 17:42:39.234682,0 days 00:00:02.733559,20,0.7044121314824888,10,1,2,25,96,"[3260, 1205]",COMPLETE
4820,4820,0.23104367713659973,2.605410575866699,2021-06-19 17:42:39.237281,2021-06-19 17:42:41.848545,0 days 00:00:02.611264,20,0.7492482924832433,10,6,23,26,96,"[2078, 2078]",COMPLETE
4821,4821,0.23274190913875825,2.6625614166259766,2021-06-19 17:42:41.851211,2021-06-19 17:42:44.519825,0 days 00:00:02.668614,20,0.9188121501115747,10,1,24,25,96,"[2762, 1389]",COMPLETE
4822,4822,0.22833527730847078,2.784959077835083,2021-06-19 17:42:44.522955,2021-06-19 17:42:47.314525,0 days 00:00:02.791570,20,0.775837870117549,10,1,30,26,96,"[4331, 4781]",COMPLETE
4823,4823,0.2794919433619202,3.1689412593841553,2021-06-19 17:42:47.317544,2021-06-19 17:42:50.492949,0 days 00:00:03.175405,90,0.6778838277404263,5,1,30,25,96,"[3760, 1929]",COMPLETE
4824,4824,0.23728548737378813,2.577367067337036,2021-06-19 17:42:50.496058,2021-06-19 17:42:53.079561,0 days 00:00:02.583503,70,0.6415492259649922,10,1,30,23,96,"[4799, 849]",COMPLETE
4825,4825,0.23473774809960468,2.720494270324707,2021-06-19 17:42:53.082670,2021-06-19 17:42:55.809122,0 days 00:00:02.726452,20,0.775837870117549,10,1,30,25,96,"[1745, 4419]",COMPLETE
4826,4826,0.23332691879852926,2.645904541015625,2021-06-19 17:42:55.812124,2021-06-19 17:42:58.463814,0 days 00:00:02.651690,20,0.7044121314824888,10,9,30,25,96,"[2960, 2960]",COMPLETE
4827,4827,0.23258673144871658,2.7601711750030518,2021-06-19 17:42:58.466588,2021-06-19 17:43:01.233304,0 days 00:00:02.766716,20,0.7044121314824888,10,1,30,26,96,"[1028, 1599]",COMPLETE
4828,4828,inf,inf,2021-06-19 17:43:01.236232,2021-06-19 17:43:01.611414,0 days 00:00:00.375182,20,0.5403871904915086,10,1,24,25,96,"[900, 2991]",COMPLETE
4829,4829,0.2414592426084462,2.5557408332824707,2021-06-19 17:43:01.623075,2021-06-19 17:43:04.196053,0 days 00:00:02.572978,20,0.8047024443354969,10,1,2,25,96,"[2063, 4781]",COMPLETE
4830,4830,0.23359790829957752,2.6143791675567627,2021-06-19 17:43:04.199038,2021-06-19 17:43:06.819346,0 days 00:00:02.620308,10,0.7044121314824888,10,1,30,25,96,"[1929, 1389]",COMPLETE
4831,4831,0.23484110839494596,2.8051540851593018,2021-06-19 17:43:06.822185,2021-06-19 17:43:09.633594,0 days 00:00:02.811409,30,0.775837870117549,10,9,12,26,96,"[2963, 4331]",COMPLETE
4832,4832,inf,inf,2021-06-19 17:43:09.636558,2021-06-19 17:43:09.797052,0 days 00:00:00.160494,30,0.4045561518263013,10,1,9,25,96,"[745, 1656]",COMPLETE
4833,4833,0.23454522140710318,2.57108473777771,2021-06-19 17:43:09.802219,2021-06-19 17:43:12.392483,0 days 00:00:02.590264,20,0.7044121314824888,10,1,30,25,96,"[4236, 3307]",COMPLETE
4834,4834,0.2849292230905569,3.9734487533569336,2021-06-19 17:43:12.395666,2021-06-19 17:43:16.375542,0 days 00:00:03.979876,10,0.7492482924832433,3,9,3,25,96,"[1745, 880]",COMPLETE
4835,4835,0.30539893276519703,4.2422192096710205,2021-06-19 17:43:16.378543,2021-06-19 17:43:20.626890,0 days 00:00:04.248347,20,0.7492482924832433,2,1,7,17,96,"[900, 900]",COMPLETE
4836,4836,0.23289630620252014,2.6198387145996094,2021-06-19 17:43:20.629928,2021-06-19 17:43:23.255830,0 days 00:00:02.625902,90,0.7044121314824888,10,1,30,25,96,"[2659, 4236]",COMPLETE
4837,4837,0.2934168640933987,2.745954751968384,2021-06-19 17:43:23.258904,2021-06-19 17:43:26.010992,0 days 00:00:02.752088,10,0.7492482924832433,10,1,30,8,96,"[1389, 2078]",COMPLETE
4838,4838,0.23315378128903444,2.623396873474121,2021-06-19 17:43:26.014073,2021-06-19 17:43:28.643576,0 days 00:00:02.629503,20,0.7044121314824888,10,1,30,26,96,"[2960, 1974]",COMPLETE
4839,4839,0.2310775993494738,2.7189130783081055,2021-06-19 17:43:28.646234,2021-06-19 17:43:31.371078,0 days 00:00:02.724844,20,0.7044121314824888,10,1,30,25,96,"[1006, 3260]",COMPLETE
4840,4840,0.3183066405330237,9.498624801635742,2021-06-19 17:43:31.373636,2021-06-19 17:43:40.878285,0 days 00:00:09.504649,20,0.7044121314824888,0,9,26,26,96,"[411, 3256]",COMPLETE
4841,4841,0.23101607080775213,2.5787417888641357,2021-06-19 17:43:40.881361,2021-06-19 17:43:43.466248,0 days 00:00:02.584887,20,0.7044121314824888,10,9,30,26,96,"[3256, 2960]",COMPLETE
4842,4842,0.23237699757342456,2.764831066131592,2021-06-19 17:43:43.469366,2021-06-19 17:43:46.240405,0 days 00:00:02.771039,40,0.775837870117549,10,7,17,25,96,"[4419, 1735]",COMPLETE
4843,4843,0.2324484341871016,2.581486940383911,2021-06-19 17:43:46.243526,2021-06-19 17:43:48.830973,0 days 00:00:02.587447,20,0.7044121314824888,10,1,30,25,96,"[647, 4236]",COMPLETE
4844,4844,0.2299915401605624,2.7207369804382324,2021-06-19 17:43:48.833998,2021-06-19 17:43:51.560861,0 days 00:00:02.726863,10,0.7492482924832433,10,1,30,25,96,"[4419, 880]",COMPLETE
4845,4845,0.2263997764294926,2.665289878845215,2021-06-19 17:43:51.563649,2021-06-19 17:43:54.235048,0 days 00:00:02.671399,20,0.8047024443354969,10,1,30,25,96,"[2229, 1244]",COMPLETE
4846,4846,0.25027837571218475,2.603884220123291,2021-06-19 17:43:54.238188,2021-06-19 17:43:56.848258,0 days 00:00:02.610070,20,0.7044121314824888,10,9,30,19,96,"[1244, 908]",COMPLETE
4847,4847,0.23068253089693935,2.7015368938446045,2021-06-19 17:43:56.851326,2021-06-19 17:43:59.559079,0 days 00:00:02.707753,10,0.7044121314824888,10,1,22,26,96,"[1599, 2465]",COMPLETE
4848,4848,0.23222383171363023,2.7007193565368652,2021-06-19 17:43:59.561651,2021-06-19 17:44:02.268443,0 days 00:00:02.706792,80,0.7492482924832433,10,1,23,25,96,"[1389, 2078]",COMPLETE
4849,4849,inf,inf,2021-06-19 17:44:02.271626,2021-06-19 17:44:02.437039,0 days 00:00:00.165413,10,0.41772801385745395,10,1,8,25,96,"[1006, 316]",COMPLETE
4850,4850,inf,inf,2021-06-19 17:44:02.443168,2021-06-19 17:44:02.716040,0 days 00:00:00.272872,30,0.3897570505115392,10,1,30,26,97,"[1735, 2963]",COMPLETE
4851,4851,0.2637456272056912,2.8945140838623047,2021-06-19 17:44:02.720469,2021-06-19 17:44:05.635865,0 days 00:00:02.915396,10,0.7044121314824888,6,1,18,25,97,"[2659, 1246]",COMPLETE
4852,4852,0.23147607884204313,2.8212509155273438,2021-06-19 17:44:05.639017,2021-06-19 17:44:08.466548,0 days 00:00:02.827531,20,0.7044121314824888,10,16,30,26,97,"[4331, 3307]",COMPLETE
4853,4853,0.230018396491599,2.5647337436676025,2021-06-19 17:44:08.469405,2021-06-19 17:44:11.040192,0 days 00:00:02.570787,20,0.6961928070431158,10,1,28,25,97,"[2659, 2465]",COMPLETE
4854,4854,0.24926895019203207,2.7161478996276855,2021-06-19 17:44:11.043284,2021-06-19 17:44:13.765695,0 days 00:00:02.722411,30,0.7044121314824888,10,1,30,20,97,"[1599, 3195]",COMPLETE
4855,4855,0.2315520748379801,2.567446231842041,2021-06-19 17:44:13.768549,2021-06-19 17:44:16.341991,0 days 00:00:02.573442,20,0.7492482924832433,10,1,30,25,97,"[1028, 1656]",COMPLETE
4856,4856,0.2305760914936602,2.6380879878997803,2021-06-19 17:44:16.344782,2021-06-19 17:44:18.989118,0 days 00:00:02.644336,20,0.8047024443354969,10,16,30,25,97,"[4845, 2991]",COMPLETE
4857,4857,0.2309756868737234,2.7792677879333496,2021-06-19 17:44:18.991756,2021-06-19 17:44:21.777083,0 days 00:00:02.785327,20,0.8047024443354969,10,9,30,26,97,"[411, 2229]",COMPLETE
4858,4858,0.23068679977169612,2.585872173309326,2021-06-19 17:44:21.779775,2021-06-19 17:44:24.371577,0 days 00:00:02.591802,20,0.775837870117549,10,1,23,26,97,"[4258, 2078]",COMPLETE
4859,4859,0.23557913022392976,2.596846580505371,2021-06-19 17:44:24.374231,2021-06-19 17:44:26.977252,0 days 00:00:02.603021,20,0.7492482924832433,10,1,15,26,97,"[4331, 880]",COMPLETE
4860,4860,0.22728061603369026,2.766434669494629,2021-06-19 17:44:26.980472,2021-06-19 17:44:29.753305,0 days 00:00:02.772833,40,0.775837870117549,10,7,30,25,97,"[1246, 4258]",COMPLETE
4861,4861,0.23378247279942185,2.599057674407959,2021-06-19 17:44:29.756324,2021-06-19 17:44:32.361345,0 days 00:00:02.605021,20,0.7044121314824888,10,1,30,25,97,"[1159, 3100]",COMPLETE
4862,4862,0.23149919324584056,2.5978405475616455,2021-06-19 17:44:32.364413,2021-06-19 17:44:34.968435,0 days 00:00:02.604022,20,0.7731193166585271,10,1,24,25,97,"[3082, 900]",COMPLETE
4863,4863,0.27882916992834317,2.902374744415283,2021-06-19 17:44:34.971566,2021-06-19 17:44:37.880901,0 days 00:00:02.909335,20,0.8047024443354969,8,1,30,6,97,"[316, 4845]",COMPLETE
4864,4864,0.2611359807419825,2.6111741065979004,2021-06-19 17:44:37.884028,2021-06-19 17:44:40.502127,0 days 00:00:02.618099,70,0.7044121314824888,10,1,30,15,97,"[4781, 1159]",COMPLETE
4865,4865,0.2814182500861887,2.719768524169922,2021-06-19 17:44:40.505248,2021-06-19 17:44:43.231488,0 days 00:00:02.726240,20,0.6415492259649922,10,1,1,11,97,"[849, 3760]",COMPLETE
4866,4866,0.3544853933884417,2.6465601921081543,2021-06-19 17:44:43.234489,2021-06-19 17:44:45.887335,0 days 00:00:02.652846,70,0.7044121314824888,10,13,30,0,97,"[1656, 3082]",COMPLETE
4867,4867,0.3172179778457808,8.94770097732544,2021-06-19 17:44:45.890498,2021-06-19 17:44:54.844405,0 days 00:00:08.953907,20,0.7044121314824888,0,1,30,26,97,"[4845, 4770]",COMPLETE
4868,4868,0.2285991290113612,2.716732978820801,2021-06-19 17:44:54.847496,2021-06-19 17:44:57.570389,0 days 00:00:02.722893,20,0.7492482924832433,10,1,30,25,97,"[1205, 1389]",COMPLETE
4869,4869,0.23928775476770722,2.76558518409729,2021-06-19 17:44:57.573513,2021-06-19 17:45:00.345432,0 days 00:00:02.771919,20,0.7044121314824888,8,9,30,26,97,"[411, 1929]",COMPLETE
4870,4870,0.3050152029640526,3.8630478382110596,2021-06-19 17:45:00.348515,2021-06-19 17:45:04.217789,0 days 00:00:03.869274,20,0.7044121314824888,3,1,30,10,97,"[3483, 4419]",COMPLETE
4871,4871,0.22730587003306937,2.584197759628296,2021-06-19 17:45:04.220556,2021-06-19 17:45:06.810836,0 days 00:00:02.590280,20,0.7044121314824888,10,9,26,25,97,"[3256, 3100]",COMPLETE
4872,4872,0.2340586185889407,2.7576794624328613,2021-06-19 17:45:06.813977,2021-06-19 17:45:09.577841,0 days 00:00:02.763864,20,0.9313803192663672,10,9,30,26,97,"[1656, 908]",COMPLETE
4873,4873,0.27538873934953007,3.2146122455596924,2021-06-19 17:45:09.580869,2021-06-19 17:45:12.801789,0 days 00:00:03.220920,10,0.7492482924832433,5,1,30,25,97,"[880, 3760]",COMPLETE
4874,4874,0.2584351688293481,2.9463775157928467,2021-06-19 17:45:12.804687,2021-06-19 17:45:15.757291,0 days 00:00:02.952604,20,0.7044121314824888,6,1,30,28,97,"[2963, 4523]",COMPLETE
4875,4875,0.2356678607873109,2.7292542457580566,2021-06-19 17:45:15.760346,2021-06-19 17:45:18.495488,0 days 00:00:02.735142,10,0.6415492259649922,10,1,22,23,97,"[849, 849]",COMPLETE
4876,4876,0.22910059632531346,2.5661067962646484,2021-06-19 17:45:18.498492,2021-06-19 17:45:21.070664,0 days 00:00:02.572172,40,0.7044121314824888,10,1,26,26,97,"[4419, 411]",COMPLETE
4877,4877,0.23681836930772193,2.5688846111297607,2021-06-19 17:45:21.073625,2021-06-19 17:45:23.648887,0 days 00:00:02.575262,10,0.7492482924832433,10,12,30,22,97,"[745, 1974]",COMPLETE
4878,4878,0.22961543377651672,2.698042154312134,2021-06-19 17:45:23.652081,2021-06-19 17:45:26.356985,0 days 00:00:02.704904,20,0.7044121314824888,10,1,28,26,97,"[1974, 1246]",COMPLETE
4879,4879,0.22657245619046734,2.6022515296936035,2021-06-19 17:45:26.360042,2021-06-19 17:45:28.968331,0 days 00:00:02.608289,20,0.775837870117549,10,1,30,25,97,"[3260, 1974]",COMPLETE
4880,4880,0.2336854202276886,2.583574056625366,2021-06-19 17:45:28.971226,2021-06-19 17:45:31.560960,0 days 00:00:02.589734,10,0.7044121314824888,10,1,28,25,97,"[2229, 2659]",COMPLETE
4881,4881,0.23533884468348798,2.706082820892334,2021-06-19 17:45:31.564054,2021-06-19 17:45:34.276563,0 days 00:00:02.712509,30,0.5947534775829597,10,1,30,25,97,"[4419, 1244]",COMPLETE
4882,4882,0.25452758251966023,2.797877788543701,2021-06-19 17:45:34.279722,2021-06-19 17:45:37.084036,0 days 00:00:02.804314,20,0.7492482924832433,7,1,23,25,97,"[2078, 2063]",COMPLETE
4883,4883,0.2439021944746869,2.5782642364501953,2021-06-19 17:45:37.087017,2021-06-19 17:45:39.671396,0 days 00:00:02.584379,10,0.775837870117549,10,1,0,25,97,"[316, 2991]",COMPLETE
4884,4884,0.23748148644771044,2.775621175765991,2021-06-19 17:45:39.674540,2021-06-19 17:45:42.456163,0 days 00:00:02.781623,20,0.7492482924832433,10,1,24,22,97,"[900, 900]",COMPLETE
4885,4885,0.2663596687999185,2.601147174835205,2021-06-19 17:45:42.459135,2021-06-19 17:45:45.066617,0 days 00:00:02.607482,20,0.7492482924832433,10,9,9,15,97,"[411, 745]",COMPLETE
4886,4886,0.24510542860971596,2.777961492538452,2021-06-19 17:45:45.069745,2021-06-19 17:45:47.853941,0 days 00:00:02.784196,20,0.7044121314824888,10,9,0,26,97,"[2963, 1244]",COMPLETE
4887,4887,0.23324564938674558,2.5599026679992676,2021-06-19 17:45:47.857010,2021-06-19 17:45:50.422739,0 days 00:00:02.565729,10,0.7044121314824888,10,1,28,25,97,"[2659, 2659]",COMPLETE
4888,4888,0.23157036687553792,2.5762057304382324,2021-06-19 17:45:50.425879,2021-06-19 17:45:53.008090,0 days 00:00:02.582211,20,0.8047024443354969,10,1,23,26,97,"[647, 1006]",COMPLETE
4889,4889,0.2487898295307909,2.9814915657043457,2021-06-19 17:45:53.011069,2021-06-19 17:45:55.998728,0 days 00:00:02.987659,20,0.7044121314824888,7,1,30,26,97,"[2465, 647]",COMPLETE
4890,4890,0.22863883810085225,2.592663526535034,2021-06-19 17:45:56.001829,2021-06-19 17:45:58.600664,0 days 00:00:02.598835,20,0.7044121314824888,10,5,30,25,97,"[3100, 2960]",COMPLETE
4891,4891,0.23140916016654572,2.7366530895233154,2021-06-19 17:45:58.603760,2021-06-19 17:46:01.346468,0 days 00:00:02.742708,20,0.775837870117549,10,5,30,26,97,"[1974, 1974]",COMPLETE
4892,4892,0.230304370814314,2.5971901416778564,2021-06-19 17:46:01.349505,2021-06-19 17:46:03.952830,0 days 00:00:02.603325,20,0.7044121314824888,10,1,27,26,97,"[2465, 4523]",COMPLETE
4893,4893,0.23423512350518896,2.570601463317871,2021-06-19 17:46:03.955906,2021-06-19 17:46:06.532541,0 days 00:00:02.576635,10,0.7492482924832433,10,1,30,25,97,"[4781, 1389]",COMPLETE
4894,4894,0.23169278240979033,2.7607064247131348,2021-06-19 17:46:06.535748,2021-06-19 17:46:09.303320,0 days 00:00:02.767572,100,0.7044121314824888,10,1,23,25,97,"[2078, 1244]",COMPLETE
4895,4895,0.23393989640917087,2.7207672595977783,2021-06-19 17:46:09.306346,2021-06-19 17:46:12.033274,0 days 00:00:02.726928,20,0.7044121314824888,10,15,24,25,97,"[3260, 2762]",COMPLETE
4896,4896,0.2303718563511001,2.784503221511841,2021-06-19 17:46:12.036401,2021-06-19 17:46:14.826757,0 days 00:00:02.790356,20,0.7044121314824888,10,9,30,25,97,"[1244, 1244]",COMPLETE
4897,4897,0.22925992034262008,2.6080210208892822,2021-06-19 17:46:14.829804,2021-06-19 17:46:17.443976,0 days 00:00:02.614172,20,0.7044121314824888,10,8,30,26,97,"[4770, 4781]",COMPLETE
4898,4898,0.3150060803187739,5.485020637512207,2021-06-19 17:46:17.446992,2021-06-19 17:46:22.938194,0 days 00:00:05.491202,20,0.7044121314824888,1,1,30,25,97,"[849, 4781]",COMPLETE
4899,4899,0.23078791778032137,2.779324769973755,2021-06-19 17:46:22.941285,2021-06-19 17:46:25.726488,0 days 00:00:02.785203,20,0.7044121314824888,10,9,30,25,97,"[1244, 1244]",COMPLETE
4900,4900,0.2319588075614998,2.6862621307373047,2021-06-19 17:46:25.729595,2021-06-19 17:47:39.927785,0 days 00:01:14.198190,10,0.7492482924832433,10,16,30,25,98,"[849, 1735]",COMPLETE
4901,4901,0.23232288791618227,2.784621477127075,2021-06-19 17:47:39.933132,2021-06-19 17:47:42.724219,0 days 00:00:02.791087,20,0.7044121314824888,10,1,24,25,98,"[1599, 4879]",COMPLETE
4902,4902,inf,inf,2021-06-19 17:47:42.727240,2021-06-19 17:47:42.914195,0 days 00:00:00.186955,10,0.3045343100087028,5,1,30,25,98,"[1246, 1006]",COMPLETE
4903,4903,0.3190853553367625,9.222513437271118,2021-06-19 17:47:42.934148,2021-06-19 17:47:52.165261,0 days 00:00:09.231113,40,0.775837870117549,0,1,30,25,98,"[4419, 3760]",COMPLETE
4904,4904,0.24342924892072293,2.6456503868103027,2021-06-19 17:47:52.168509,2021-06-19 17:47:54.820728,0 days 00:00:02.652219,0,0.7044121314824888,10,11,7,25,98,"[1205, 3760]",COMPLETE
4905,4905,0.2406702807486149,2.699679136276245,2021-06-19 17:47:54.823895,2021-06-19 17:47:57.529848,0 days 00:00:02.705953,10,0.7044121314824888,10,1,30,21,98,"[1246, 1159]",COMPLETE
4906,4906,0.24243227617995067,2.613206148147583,2021-06-19 17:47:57.533012,2021-06-19 17:48:00.152447,0 days 00:00:02.619435,10,0.7492482924832433,10,9,9,22,98,"[2465, 745]",COMPLETE
4907,4907,0.3035916720097761,3.0691030025482178,2021-06-19 17:48:00.155326,2021-06-19 17:48:03.230674,0 days 00:00:03.075348,10,0.9619748299566575,10,1,22,9,98,"[849, 2078]",COMPLETE
4908,4908,0.24844202450115152,2.5981991291046143,2021-06-19 17:48:03.233283,2021-06-19 17:48:05.837447,0 days 00:00:02.604164,40,0.775837870117549,10,1,30,19,98,"[3760, 3760]",COMPLETE
4909,4909,0.2927423278808075,3.458555221557617,2021-06-19 17:48:05.840709,2021-06-19 17:48:09.305954,0 days 00:00:03.465245,20,0.775837870117549,4,13,23,22,98,"[745, 4258]",COMPLETE
4910,4910,0.2328539214463274,2.7573723793029785,2021-06-19 17:48:09.309680,2021-06-19 17:48:12.073116,0 days 00:00:02.763436,20,0.8350365650122948,10,9,30,26,98,"[3307, 3307]",COMPLETE
4911,4911,0.2363304578265561,2.609678030014038,2021-06-19 17:48:12.076279,2021-06-19 17:48:14.692223,0 days 00:00:02.615944,20,0.8561381949586913,10,1,23,26,98,"[3483, 2078]",COMPLETE
4912,4912,0.2344500832210231,2.7347867488861084,2021-06-19 17:48:14.695324,2021-06-19 17:48:17.436151,0 days 00:00:02.740827,20,0.7044121314824888,10,1,30,25,98,"[2960, 1006]",COMPLETE
4913,4913,0.23076633187757842,2.5584261417388916,2021-06-19 17:48:17.439092,2021-06-19 17:48:20.003729,0 days 00:00:02.564637,20,0.7044121314824888,10,1,30,26,98,"[3307, 4781]",COMPLETE
4914,4914,0.22989257213548628,2.628743886947632,2021-06-19 17:48:20.006768,2021-06-19 17:48:22.641719,0 days 00:00:02.634951,20,0.7044121314824888,10,9,26,25,98,"[2659, 3256]",COMPLETE
4915,4915,0.23493976946635473,2.7336487770080566,2021-06-19 17:48:22.644895,2021-06-19 17:48:25.384643,0 days 00:00:02.739748,20,0.775837870117549,10,1,30,26,98,"[4331, 4258]",COMPLETE
4916,4916,0.2989206602836001,4.337447881698608,2021-06-19 17:48:25.387722,2021-06-19 17:48:29.731502,0 days 00:00:04.343780,50,0.7044121314824888,2,1,30,25,98,"[4845, 3260]",COMPLETE
4917,4917,0.23771987151877103,2.8173086643218994,2021-06-19 17:48:29.734520,2021-06-19 17:48:32.557952,0 days 00:00:02.823432,10,0.7492482924832433,10,1,30,25,98,"[1974, 1028]",COMPLETE
4918,4918,0.28651464995557785,3.4184436798095703,2021-06-19 17:48:32.561073,2021-06-19 17:48:35.985895,0 days 00:00:03.424822,80,0.7044121314824888,4,1,30,25,98,"[745, 3100]",COMPLETE
