,number,values_0,values_1,datetime_start,datetime_complete,duration,params_checks,params_n_ratio,params_nskip,params_trees,params_w1,params_w2,system_attrs_nsga2:generation,system_attrs_nsga2:parents,state
7999,7999,0.2983170765979346,4.663022994995117,2021-06-19 20:43:51.958299,2021-06-19 20:43:56.631169,0 days 00:00:04.672870,40,0.7492482924832433,2,16,30,25,159,"[1244, 1389]",COMPLETE
8000,8000,0.23212316041257555,2.7506754398345947,2021-06-19 20:43:56.635638,2021-06-19 20:45:11.716443,0 days 00:01:15.080805,20,0.7492482924832433,10,5,30,25,160,"[6763, 2991]",COMPLETE
8001,8001,0.2312542156918972,2.6752824783325195,2021-06-19 20:45:11.725982,2021-06-19 20:45:14.411502,0 days 00:00:02.685520,20,0.775837870117549,10,14,30,24,160,"[7735, 7735]",COMPLETE
8002,8002,0.27516546514977497,3.1538774967193604,2021-06-19 20:45:14.415477,2021-06-19 20:45:17.579080,0 days 00:00:03.163603,40,0.775837870117549,5,1,30,25,160,"[3260, 4419]",COMPLETE
8003,8003,0.25427267283739385,2.8357105255126953,2021-06-19 20:45:17.583413,2021-06-19 20:45:20.429000,0 days 00:00:02.845587,0,0.7492482924832433,10,1,30,26,160,"[6351, 1028]",COMPLETE
8004,8004,0.22923814271626822,2.5813491344451904,2021-06-19 20:45:20.433566,2021-06-19 20:45:23.024701,0 days 00:00:02.591135,20,0.775837870117549,10,1,30,25,160,"[6219, 7855]",COMPLETE
8005,8005,0.23100105599901077,2.597090482711792,2021-06-19 20:45:23.028986,2021-06-19 20:45:25.635776,0 days 00:00:02.606790,20,0.8047024443354969,10,1,26,26,160,"[3256, 4943]",COMPLETE
8006,8006,0.24939861637065153,3.1300714015960693,2021-06-19 20:45:25.640039,2021-06-19 20:45:28.779938,0 days 00:00:03.139899,100,0.7492482924832433,7,1,30,25,160,"[5145, 1389]",COMPLETE
8007,8007,0.23118315839408043,2.5789809226989746,2021-06-19 20:45:28.784347,2021-06-19 20:45:31.373073,0 days 00:00:02.588726,10,0.603627004462215,10,1,30,25,160,"[316, 1735]",COMPLETE
8008,8008,0.23323718436310414,2.562519073486328,2021-06-19 20:45:31.377526,2021-06-19 20:45:33.950329,0 days 00:00:02.572803,10,0.7044121314824888,10,1,24,26,160,"[5379, 5379]",COMPLETE
8009,8009,0.23067399837521516,2.8426361083984375,2021-06-19 20:45:33.954572,2021-06-19 20:45:36.806965,0 days 00:00:02.852393,80,0.775837870117549,10,10,24,26,160,"[6351, 2209]",COMPLETE
8010,8010,0.22844790686508715,2.590853214263916,2021-06-19 20:45:36.811392,2021-06-19 20:45:39.411534,0 days 00:00:02.600142,20,0.775837870117549,10,1,30,25,160,"[3082, 3082]",COMPLETE
8011,8011,0.23231667591688773,2.6945910453796387,2021-06-19 20:45:39.415846,2021-06-19 20:45:42.120388,0 days 00:00:02.704542,50,0.7044121314824888,10,15,30,25,160,"[6968, 1159]",COMPLETE
8012,8012,0.27562966940986233,3.5180764198303223,2021-06-19 20:45:42.124782,2021-06-19 20:45:45.652865,0 days 00:00:03.528083,20,0.603627004462215,4,1,8,25,160,"[316, 6684]",COMPLETE
8013,8013,0.24755338399405405,2.5719339847564697,2021-06-19 20:45:45.657245,2021-06-19 20:45:48.238721,0 days 00:00:02.581476,20,0.775837870117549,10,1,30,18,160,"[5145, 5145]",COMPLETE
8014,8014,0.22710027916933215,2.7618162631988525,2021-06-19 20:45:48.242809,2021-06-19 20:45:51.014442,0 days 00:00:02.771633,20,0.775837870117549,10,1,30,25,160,"[5853, 7631]",COMPLETE
8015,8015,0.2291767382069123,2.6121439933776855,2021-06-19 20:45:51.018579,2021-06-19 20:45:53.640462,0 days 00:00:02.621883,20,0.7492482924832433,10,1,30,25,160,"[1389, 1929]",COMPLETE
8016,8016,0.22967895335751887,2.535869836807251,2021-06-19 20:45:53.644838,2021-06-19 20:45:56.190233,0 days 00:00:02.545395,20,0.8047024443354969,10,1,23,25,160,"[6219, 2078]",COMPLETE
8017,8017,0.22955941403132915,2.737191915512085,2021-06-19 20:45:56.194541,2021-06-19 20:45:58.941171,0 days 00:00:02.746630,20,0.8047024443354969,10,1,30,25,160,"[7855, 2063]",COMPLETE
8018,8018,0.23043202846731417,2.568014621734619,2021-06-19 20:45:58.945459,2021-06-19 20:46:01.523203,0 days 00:00:02.577744,20,0.775837870117549,10,1,30,23,160,"[6968, 5654]",COMPLETE
8019,8019,0.22750313751654352,2.581716299057007,2021-06-19 20:46:01.527553,2021-06-19 20:46:04.118879,0 days 00:00:02.591326,20,0.775837870117549,10,1,30,25,160,"[7519, 4236]",COMPLETE
8020,8020,0.2507834961754591,3.0242862701416016,2021-06-19 20:46:04.123283,2021-06-19 20:46:07.157159,0 days 00:00:03.033876,0,0.7044121314824888,7,1,24,26,160,"[5379, 5379]",COMPLETE
8021,8021,0.23043629814763422,2.6091971397399902,2021-06-19 20:46:07.161453,2021-06-19 20:46:09.780584,0 days 00:00:02.619131,80,0.7044121314824888,10,1,30,25,160,"[3100, 6219]",COMPLETE
8022,8022,inf,inf,2021-06-19 20:46:09.784901,2021-06-19 20:46:10.028266,0 days 00:00:00.243365,20,0.4780530545087294,10,1,30,26,160,"[6751, 6763]",COMPLETE
8023,8023,0.230977375810564,2.554452657699585,2021-06-19 20:46:10.044937,2021-06-19 20:46:12.633815,0 days 00:00:02.588878,20,0.7044121314824888,10,1,30,26,160,"[6968, 3256]",COMPLETE
8024,8024,0.2274866593877786,2.5318078994750977,2021-06-19 20:46:12.638219,2021-06-19 20:46:15.179855,0 days 00:00:02.541636,20,0.775837870117549,10,1,30,25,160,"[4419, 4236]",COMPLETE
8025,8025,0.22893420830846065,2.7729411125183105,2021-06-19 20:46:15.184122,2021-06-19 20:46:17.966560,0 days 00:00:02.782438,20,0.775837870117549,10,1,30,26,160,"[6351, 3566]",COMPLETE
8026,8026,0.2329094307084185,2.60884165763855,2021-06-19 20:46:17.970961,2021-06-19 20:46:20.589427,0 days 00:00:02.618466,20,0.7044121314824888,10,15,30,25,160,"[4781, 5495]",COMPLETE
8027,8027,0.23263751639479305,2.7593653202056885,2021-06-19 20:46:20.593880,2021-06-19 20:46:23.362920,0 days 00:00:02.769040,20,0.7044121314824888,10,1,21,25,160,"[1735, 1929]",COMPLETE
8028,8028,0.31129805784050985,5.417188882827759,2021-06-19 20:46:23.367202,2021-06-19 20:46:28.794240,0 days 00:00:05.427038,20,0.7044121314824888,1,1,30,25,160,"[7519, 1929]",COMPLETE
8029,8029,0.23098582112994825,2.5855135917663574,2021-06-19 20:46:28.798498,2021-06-19 20:46:31.393384,0 days 00:00:02.594886,20,0.7044121314824888,10,1,24,26,160,"[5379, 5379]",COMPLETE
8030,8030,0.2417981421083278,2.778007745742798,2021-06-19 20:46:31.397837,2021-06-19 20:46:34.185819,0 days 00:00:02.787982,20,0.8327084142249541,10,1,1,25,160,"[6835, 7631]",COMPLETE
8031,8031,0.2350403503565745,2.5833284854888916,2021-06-19 20:46:34.190093,2021-06-19 20:46:36.783055,0 days 00:00:02.592962,20,0.7044121314824888,10,1,30,25,160,"[5379, 3260]",COMPLETE
8032,8032,0.2350142311022246,2.616830348968506,2021-06-19 20:46:36.787490,2021-06-19 20:46:39.413933,0 days 00:00:02.626443,20,0.7044121314824888,10,1,17,26,160,"[4236, 7005]",COMPLETE
8033,8033,0.23974287031011896,2.5634045600891113,2021-06-19 20:46:39.418329,2021-06-19 20:46:41.991420,0 days 00:00:02.573091,20,0.8047024443354969,10,1,3,25,160,"[1929, 7871]",COMPLETE
8034,8034,0.23335785944240914,2.7758960723876953,2021-06-19 20:46:41.995737,2021-06-19 20:46:44.781231,0 days 00:00:02.785494,20,0.775837870117549,10,1,30,24,160,"[1159, 3082]",COMPLETE
8035,8035,0.23120177573406928,2.5892157554626465,2021-06-19 20:46:44.785404,2021-06-19 20:46:47.384056,0 days 00:00:02.598652,30,0.7044121314824888,10,9,30,25,160,"[7770, 2963]",COMPLETE
8036,8036,0.23392374660875767,2.799872636795044,2021-06-19 20:46:47.388452,2021-06-19 20:46:50.197934,0 days 00:00:02.809482,20,0.775837870117549,10,5,30,25,160,"[6684, 7519]",COMPLETE
8037,8037,0.2305457443284034,2.5912880897521973,2021-06-19 20:46:50.202205,2021-06-19 20:46:52.803256,0 days 00:00:02.601051,20,0.7044121314824888,10,8,30,26,160,"[411, 1244]",COMPLETE
8038,8038,0.28201128757179533,2.6156837940216064,2021-06-19 20:46:52.807675,2021-06-19 20:46:55.432924,0 days 00:00:02.625249,10,0.7492482924832433,10,1,30,4,160,"[1028, 1028]",COMPLETE
8039,8039,0.30147477366137315,3.3295769691467285,2021-06-19 20:46:55.437381,2021-06-19 20:46:58.777844,0 days 00:00:03.340463,30,0.7477662453662587,5,1,30,7,160,"[2063, 3760]",COMPLETE
8040,8040,0.22731584779734468,2.676898956298828,2021-06-19 20:46:58.781970,2021-06-19 20:47:01.468499,0 days 00:00:02.686529,40,0.775837870117549,10,13,30,25,160,"[5145, 4419]",COMPLETE
8041,8041,inf,inf,2021-06-19 20:47:01.472859,2021-06-19 20:47:01.636616,0 days 00:00:00.163757,40,0.4703094644481988,10,1,7,25,160,"[6835, 3760]",COMPLETE
8042,8042,0.2332217440907635,2.611793279647827,2021-06-19 20:47:01.643146,2021-06-19 20:47:04.285922,0 days 00:00:02.642776,20,0.775837870117549,10,1,22,25,160,"[1028, 2991]",COMPLETE
8043,8043,0.23509181802990237,2.7607309818267822,2021-06-19 20:47:04.289854,2021-06-19 20:47:07.060179,0 days 00:00:02.770325,20,0.6415492259649922,10,1,22,23,160,"[849, 1159]",COMPLETE
8044,8044,0.2328726475902335,2.65067720413208,2021-06-19 20:47:07.064044,2021-06-19 20:47:09.724409,0 days 00:00:02.660365,90,0.775837870117549,10,6,15,25,160,"[2991, 7519]",COMPLETE
8045,8045,inf,inf,2021-06-19 20:47:09.728399,2021-06-19 20:47:10.190855,0 days 00:00:00.462456,20,0.5977322431746797,10,1,30,26,160,"[411, 1159]",COMPLETE
8046,8046,0.2643524768385631,2.580329179763794,2021-06-19 20:47:10.205486,2021-06-19 20:47:12.812189,0 days 00:00:02.606703,10,0.775837870117549,10,1,30,13,160,"[7631, 880]",COMPLETE
8047,8047,0.23287259851749229,2.7749314308166504,2021-06-19 20:47:12.816395,2021-06-19 20:47:15.601029,0 days 00:00:02.784634,20,0.7044121314824888,10,1,30,25,160,"[4781, 6763]",COMPLETE
8048,8048,0.23200795358750642,2.570974588394165,2021-06-19 20:47:15.605270,2021-06-19 20:47:18.185831,0 days 00:00:02.580561,20,0.7044121314824888,10,1,30,25,160,"[6968, 1159]",COMPLETE
8049,8049,0.2263483732780326,2.5877959728240967,2021-06-19 20:47:18.190317,2021-06-19 20:47:20.787751,0 days 00:00:02.597434,20,0.775837870117549,10,1,30,25,160,"[7855, 7855]",COMPLETE
8050,8050,0.2396722997716144,2.606518030166626,2021-06-19 20:47:20.792218,2021-06-19 20:47:23.455254,0 days 00:00:02.663036,20,0.7044121314824888,10,9,6,25,161,"[4236, 1244]",COMPLETE
8051,8051,0.2490896696084433,2.910250663757324,2021-06-19 20:47:23.459709,2021-06-19 20:47:26.379794,0 days 00:00:02.920085,20,0.775837870117549,8,1,30,25,161,"[2991, 2991]",COMPLETE
8052,8052,0.2325987336822018,2.5984320640563965,2021-06-19 20:47:26.384207,2021-06-19 20:47:28.992293,0 days 00:00:02.608086,20,0.8047024443354969,10,8,24,26,161,"[2063, 411]",COMPLETE
8053,8053,0.22907953084906982,2.808013677597046,2021-06-19 20:47:28.996577,2021-06-19 20:47:31.814376,0 days 00:00:02.817799,20,0.775837870117549,10,9,26,26,161,"[3256, 5852]",COMPLETE
8054,8054,0.23888080881392137,2.567258834838867,2021-06-19 20:47:31.818959,2021-06-19 20:47:34.396582,0 days 00:00:02.577623,10,0.603627004462215,10,1,8,25,161,"[316, 316]",COMPLETE
8055,8055,0.2714984225202427,2.587266683578491,2021-06-19 20:47:34.401132,2021-06-19 20:47:36.998281,0 days 00:00:02.597149,20,0.775837870117549,10,1,30,8,161,"[6592, 1159]",COMPLETE
8056,8056,0.22779228205810045,2.7908523082733154,2021-06-19 20:47:37.002384,2021-06-19 20:47:39.802673,0 days 00:00:02.800289,20,0.7044121314824888,10,9,26,26,161,"[3256, 3256]",COMPLETE
8057,8057,0.23382383657951575,2.5878772735595703,2021-06-19 20:47:39.806638,2021-06-19 20:47:42.404023,0 days 00:00:02.597385,10,0.775837870117549,10,1,24,26,161,"[5654, 5379]",COMPLETE
8058,8058,0.2662409968121741,2.963510274887085,2021-06-19 20:47:42.408145,2021-06-19 20:47:45.381338,0 days 00:00:02.973193,20,0.7044121314824888,6,1,30,25,161,"[3100, 5853]",COMPLETE
8059,8059,0.3033410577666868,4.4465413093566895,2021-06-19 20:47:45.385600,2021-06-19 20:47:49.841809,0 days 00:00:04.456209,20,0.775837870117549,2,1,30,25,161,"[6684, 6968]",COMPLETE
8060,8060,0.23234791471189897,2.5630784034729004,2021-06-19 20:47:49.846099,2021-06-19 20:47:52.418811,0 days 00:00:02.572712,40,0.8047024443354969,10,1,23,25,161,"[5641, 5641]",COMPLETE
8061,8061,0.23091051920719116,2.5824196338653564,2021-06-19 20:47:52.423223,2021-06-19 20:47:55.015437,0 days 00:00:02.592214,20,0.775837870117549,10,1,30,25,161,"[5654, 5145]",COMPLETE
8062,8062,0.23346507293232355,2.5523362159729004,2021-06-19 20:47:55.019908,2021-06-19 20:47:57.582085,0 days 00:00:02.562177,20,0.7492482924832433,10,1,30,25,161,"[5145, 1735]",COMPLETE
8063,8063,0.23186349283109,2.8206419944763184,2021-06-19 20:47:57.586185,2021-06-19 20:48:00.416558,0 days 00:00:02.830373,70,0.7843314539574879,10,1,30,25,161,"[5853, 4943]",COMPLETE
8064,8064,0.22943552311347962,2.704542398452759,2021-06-19 20:48:00.420933,2021-06-19 20:48:03.135111,0 days 00:00:02.714178,20,0.775837870117549,10,13,30,26,161,"[5654, 2209]",COMPLETE
8065,8065,0.2416099004768546,2.8215858936309814,2021-06-19 20:48:03.139793,2021-06-19 20:48:05.972116,0 days 00:00:02.832323,40,0.775837870117549,10,1,5,26,161,"[2078, 3760]",COMPLETE
8066,8066,0.2824963102185794,3.335435152053833,2021-06-19 20:48:05.976616,2021-06-19 20:48:09.322443,0 days 00:00:03.345827,20,0.7044121314824888,4,1,30,25,161,"[4236, 4236]",COMPLETE
8067,8067,0.302456599021773,5.4772868156433105,2021-06-19 20:48:09.326865,2021-06-19 20:48:14.813841,0 days 00:00:05.486976,10,0.775837870117549,1,1,8,26,161,"[3566, 316]",COMPLETE
8068,8068,0.28751272856372817,2.7860519886016846,2021-06-19 20:48:14.818267,2021-06-19 20:48:17.614372,0 days 00:00:02.796105,40,0.7972284460786787,10,1,22,8,161,"[6751, 849]",COMPLETE
8069,8069,0.23222123079068654,2.5733695030212402,2021-06-19 20:48:17.618631,2021-06-19 20:48:20.201445,0 days 00:00:02.582814,20,0.775837870117549,10,1,30,25,161,"[8024, 1028]",COMPLETE
8070,8070,0.23221082089888356,2.553983211517334,2021-06-19 20:48:20.205938,2021-06-19 20:48:22.769764,0 days 00:00:02.563826,20,0.7492482924832433,10,1,23,26,161,"[1929, 2078]",COMPLETE
8071,8071,0.2831325019872388,2.8356988430023193,2021-06-19 20:48:22.774143,2021-06-19 20:48:25.619521,0 days 00:00:02.845378,10,0.775837870117549,10,1,30,3,161,"[5654, 1389]",COMPLETE
8072,8072,0.24265583554994455,2.960017442703247,2021-06-19 20:48:25.623716,2021-06-19 20:48:28.594376,0 days 00:00:02.970660,40,0.9585585088223147,8,1,30,25,161,"[3760, 3100]",COMPLETE
8073,8073,0.23195753512182,2.573418140411377,2021-06-19 20:48:28.598650,2021-06-19 20:48:31.181929,0 days 00:00:02.583279,20,0.775837870117549,10,1,30,25,161,"[7770, 5853]",COMPLETE
8074,8074,0.22535640420840417,2.850482940673828,2021-06-19 20:48:31.186172,2021-06-19 20:48:34.046202,0 days 00:00:02.860030,40,0.7044121314824888,10,9,30,26,161,"[6751, 1244]",COMPLETE
8075,8075,0.29829131312231816,4.250071048736572,2021-06-19 20:48:34.050506,2021-06-19 20:48:38.310418,0 days 00:00:04.259912,20,0.8047024443354969,2,1,30,26,161,"[3566, 6219]",COMPLETE
8076,8076,0.22936752910445185,2.587644100189209,2021-06-19 20:48:38.314877,2021-06-19 20:48:40.912522,0 days 00:00:02.597645,20,0.7044121314824888,10,1,24,27,161,"[3260, 2209]",COMPLETE
8077,8077,0.23333681121732247,2.78230619430542,2021-06-19 20:48:40.917015,2021-06-19 20:48:43.708910,0 days 00:00:02.791895,20,0.7044121314824888,10,1,30,25,161,"[1929, 1929]",COMPLETE
8078,8078,0.2293975271486286,2.6032350063323975,2021-06-19 20:48:43.713271,2021-06-19 20:48:46.326108,0 days 00:00:02.612837,20,0.7044121314824888,10,9,30,25,161,"[2991, 1244]",COMPLETE
8079,8079,0.22961116034729082,2.591844320297241,2021-06-19 20:48:46.330498,2021-06-19 20:48:48.931983,0 days 00:00:02.601485,20,0.7044121314824888,10,9,30,26,161,"[3256, 6835]",COMPLETE
8080,8080,0.2608973353226937,2.750450849533081,2021-06-19 20:48:48.936344,2021-06-19 20:48:51.696513,0 days 00:00:02.760169,20,0.775837870117549,10,1,30,14,161,"[6968, 5853]",COMPLETE
8081,8081,0.23498026946971778,2.593679904937744,2021-06-19 20:48:51.700783,2021-06-19 20:48:54.304062,0 days 00:00:02.603279,10,0.6415492259649922,10,1,22,23,161,"[849, 849]",COMPLETE
8082,8082,0.23229305964776087,2.6059799194335938,2021-06-19 20:48:54.308505,2021-06-19 20:48:56.924303,0 days 00:00:02.615798,80,0.7492482924832433,10,1,30,28,161,"[6763, 1929]",COMPLETE
8083,8083,0.29720948831727567,2.784233808517456,2021-06-19 20:48:56.928634,2021-06-19 20:48:59.722839,0 days 00:00:02.794205,20,0.7492482924832433,10,1,12,5,161,"[7770, 900]",COMPLETE
8084,8084,0.22799326828823688,2.658159017562866,2021-06-19 20:48:59.727205,2021-06-19 20:49:02.395137,0 days 00:00:02.667932,20,0.775837870117549,10,5,30,25,161,"[2991, 2991]",COMPLETE
8085,8085,0.23507437243721857,2.6916725635528564,2021-06-19 20:49:02.399324,2021-06-19 20:49:05.101729,0 days 00:00:02.702405,20,0.7492482924832433,10,16,30,25,161,"[2078, 5853]",COMPLETE
8086,8086,0.23319158288745595,2.7354183197021484,2021-06-19 20:49:05.105702,2021-06-19 20:49:07.850876,0 days 00:00:02.745174,20,0.8047024443354969,10,2,30,25,161,"[3100, 5641]",COMPLETE
8087,8087,0.22564686624915894,2.6627888679504395,2021-06-19 20:49:07.854872,2021-06-19 20:49:10.527290,0 days 00:00:02.672418,20,0.7044121314824888,10,9,30,26,161,"[1159, 2963]",COMPLETE
8088,8088,0.25421760851423664,2.8312532901763916,2021-06-19 20:49:10.531262,2021-06-19 20:49:13.372226,0 days 00:00:02.840964,20,0.775837870117549,7,1,30,25,161,"[8024, 8024]",COMPLETE
8089,8089,0.22764160961034374,2.801680564880371,2021-06-19 20:49:13.376696,2021-06-19 20:49:16.188140,0 days 00:00:02.811444,90,0.775837870117549,10,1,24,25,161,"[900, 4419]",COMPLETE
8090,8090,inf,inf,2021-06-19 20:49:16.192065,2021-06-19 20:49:16.408086,0 days 00:00:00.216021,20,0.45922362181755216,10,1,24,25,161,"[2063, 4781]",COMPLETE
8091,8091,0.22634473518330142,2.5894455909729004,2021-06-19 20:49:16.416762,2021-06-19 20:49:19.050522,0 days 00:00:02.633760,60,0.775837870117549,10,1,30,25,161,"[6351, 7631]",COMPLETE
8092,8092,inf,inf,2021-06-19 20:49:19.055033,2021-06-19 20:49:19.409089,0 days 00:00:00.354056,20,0.5241216709072223,10,1,30,25,161,"[5641, 7005]",COMPLETE
8093,8093,0.23565700273364037,2.588609457015991,2021-06-19 20:49:19.418500,2021-06-19 20:49:22.036948,0 days 00:00:02.618448,20,0.7492482924832433,10,1,17,25,161,"[7871, 1735]",COMPLETE
8094,8094,0.2808375429203115,2.7490549087524414,2021-06-19 20:49:22.041340,2021-06-19 20:49:24.800007,0 days 00:00:02.758667,20,0.7044121314824888,10,3,30,13,161,"[1159, 1159]",COMPLETE
8095,8095,0.23072582026957347,2.6371469497680664,2021-06-19 20:49:24.804356,2021-06-19 20:49:27.451051,0 days 00:00:02.646695,30,0.775837870117549,10,1,30,26,161,"[2963, 5853]",COMPLETE
8096,8096,0.23081852578970868,2.6421456336975098,2021-06-19 20:49:27.455791,2021-06-19 20:49:30.108639,0 days 00:00:02.652848,20,0.8047024443354969,10,5,30,25,161,"[2991, 6219]",COMPLETE
8097,8097,0.23085582275892028,2.8359568119049072,2021-06-19 20:49:30.113148,2021-06-19 20:49:32.959021,0 days 00:00:02.845873,40,0.775837870117549,10,1,30,25,161,"[7519, 7770]",COMPLETE
8098,8098,0.23575463829288978,2.7775943279266357,2021-06-19 20:49:32.963568,2021-06-19 20:49:35.752007,0 days 00:00:02.788439,10,0.603627004462215,10,11,30,26,161,"[316, 5654]",COMPLETE
8099,8099,0.230700743339057,2.6355717182159424,2021-06-19 20:49:35.756278,2021-06-19 20:49:38.401552,0 days 00:00:02.645274,20,0.7492482924832433,10,16,30,25,161,"[880, 3256]",COMPLETE
8100,8100,0.23612499982248614,2.857966661453247,2021-06-19 20:49:38.405748,2021-06-19 20:50:53.473905,0 days 00:01:15.068157,40,0.775837870117549,10,1,18,26,162,"[6751, 6751]",COMPLETE
8101,8101,0.26178341006260775,3.0075390338897705,2021-06-19 20:50:53.483168,2021-06-19 20:50:56.503390,0 days 00:00:03.020222,50,0.775837870117549,6,1,30,25,162,"[7855, 7855]",COMPLETE
8102,8102,0.23107557601055367,2.608790636062622,2021-06-19 20:50:56.507791,2021-06-19 20:50:59.126560,0 days 00:00:02.618769,10,0.7044121314824888,10,1,30,26,162,"[1389, 5379]",COMPLETE
8103,8103,0.2707116132141639,2.9241716861724854,2021-06-19 20:50:59.130917,2021-06-19 20:51:02.064652,0 days 00:00:02.933735,40,0.775837870117549,10,1,30,10,162,"[6751, 6751]",COMPLETE
8104,8104,0.23068830191564543,2.5635738372802734,2021-06-19 20:51:02.069184,2021-06-19 20:51:04.643338,0 days 00:00:02.574154,40,0.7044121314824888,10,1,30,25,162,"[3760, 5495]",COMPLETE
8105,8105,inf,inf,2021-06-19 20:51:04.647953,2021-06-19 20:51:04.842557,0 days 00:00:00.194604,20,0.3425866696285448,10,1,24,25,162,"[2209, 4419]",COMPLETE
8106,8106,0.3771527010354314,2.5262482166290283,2021-06-19 20:51:04.854120,2021-06-19 20:51:07.397857,0 days 00:00:02.543737,20,0.7290450141904874,10,1,30,0,162,"[1159, 7519]",COMPLETE
8107,8107,0.23196921910608034,2.759967088699341,2021-06-19 20:51:07.402309,2021-06-19 20:51:10.172180,0 days 00:00:02.769871,30,0.775837870117549,10,1,30,25,162,"[5853, 6751]",COMPLETE
8108,8108,0.2319408731054545,2.558805227279663,2021-06-19 20:51:10.176515,2021-06-19 20:51:12.744888,0 days 00:00:02.568373,20,0.7044121314824888,10,1,30,26,162,"[5495, 6592]",COMPLETE
8109,8109,0.25040260722209146,2.5749824047088623,2021-06-19 20:51:12.748937,2021-06-19 20:51:15.333615,0 days 00:00:02.584678,10,0.7492482924832433,10,14,30,17,162,"[5654, 1028]",COMPLETE
8110,8110,0.22707557382125976,2.7443652153015137,2021-06-19 20:51:15.337999,2021-06-19 20:51:18.092507,0 days 00:00:02.754508,20,0.775837870117549,10,1,30,24,162,"[2991, 7855]",COMPLETE
8111,8111,0.2332094281664595,2.6260907649993896,2021-06-19 20:51:18.096810,2021-06-19 20:51:20.732594,0 days 00:00:02.635784,30,0.8977848874370986,10,5,30,24,162,"[7735, 7735]",COMPLETE
8112,8112,0.2296589494109491,2.574305534362793,2021-06-19 20:51:20.737079,2021-06-19 20:51:23.321184,0 days 00:00:02.584105,20,0.7492482924832433,10,1,30,26,162,"[6684, 900]",COMPLETE
8113,8113,0.23419931945458772,2.5421667098999023,2021-06-19 20:51:23.325660,2021-06-19 20:51:25.877853,0 days 00:00:02.552193,20,0.7044121314824888,10,1,30,25,162,"[4781, 1929]",COMPLETE
8114,8114,0.22933050268045937,2.804579019546509,2021-06-19 20:51:25.882118,2021-06-19 20:51:28.696466,0 days 00:00:02.814348,90,0.775837870117549,10,1,30,26,162,"[7770, 7926]",COMPLETE
8115,8115,0.2283450808016137,2.584868907928467,2021-06-19 20:51:28.700833,2021-06-19 20:51:31.295304,0 days 00:00:02.594471,40,0.775837870117549,10,1,30,26,162,"[6751, 6968]",COMPLETE
8116,8116,0.2807791957158252,2.830533027648926,2021-06-19 20:51:31.299797,2021-06-19 20:51:34.140097,0 days 00:00:02.840300,20,0.7044121314824888,10,11,30,10,162,"[3100, 411]",COMPLETE
