,number,values_0,values_1,datetime_start,datetime_complete,duration,params_checks,params_n_ratio,params_nskip,params_trees,params_w1,params_w2,system_attrs_nsga2:generation,system_attrs_nsga2:parents,state
8236,8236,0.2335370931234704,2.7228410243988037,2021-06-19 20:58:22.854224,2021-06-19 20:58:25.587002,0 days 00:00:02.732778,100,0.7044121314824888,10,9,30,25,164,"[3100, 1244]",COMPLETE
8237,8237,0.22962104334944505,2.855058431625366,2021-06-19 20:58:25.591362,2021-06-19 20:58:28.456422,0 days 00:00:02.865060,20,0.7044121314824888,10,15,30,25,164,"[7519, 3100]",COMPLETE
8238,8238,0.25025594660618994,2.5686988830566406,2021-06-19 20:58:28.460635,2021-06-19 20:58:31.039837,0 days 00:00:02.579202,20,0.8742253523221211,10,1,30,19,164,"[7855, 7770]",COMPLETE
8239,8239,0.2289202005513963,2.6447741985321045,2021-06-19 20:58:31.044242,2021-06-19 20:58:33.699008,0 days 00:00:02.654766,20,0.8885357088613681,10,9,30,25,164,"[5853, 7005]",COMPLETE
8240,8240,0.23251229456061442,2.7364182472229004,2021-06-19 20:58:33.703353,2021-06-19 20:58:36.449498,0 days 00:00:02.746145,20,0.7492482924832433,10,1,30,25,164,"[880, 2078]",COMPLETE
8241,8241,0.2340721995659481,2.601917266845703,2021-06-19 20:58:36.453948,2021-06-19 20:58:39.065714,0 days 00:00:02.611766,20,0.7492482924832433,10,9,30,25,164,"[6763, 5145]",COMPLETE
8242,8242,0.28799974234078213,3.756793975830078,2021-06-19 20:58:39.070434,2021-06-19 20:58:42.838282,0 days 00:00:03.767848,20,0.775837870117549,3,5,30,26,164,"[6835, 6592]",COMPLETE
8243,8243,0.24459334038783534,2.7530996799468994,2021-06-19 20:58:42.842564,2021-06-19 20:58:45.605581,0 days 00:00:02.763017,30,0.775837870117549,10,1,30,20,164,"[8024, 6351]",COMPLETE
8244,8244,0.2403034402486274,2.581663131713867,2021-06-19 20:58:45.610102,2021-06-19 20:58:48.201801,0 days 00:00:02.591699,20,0.7044121314824888,10,1,2,25,164,"[3082, 3100]",COMPLETE
8245,8245,0.23170019891234803,2.579497814178467,2021-06-19 20:58:48.206205,2021-06-19 20:58:50.795730,0 days 00:00:02.589525,0,0.7044121314824888,10,1,30,26,164,"[6351, 8074]",COMPLETE
8246,8246,0.22945228569789525,2.770496368408203,2021-06-19 20:58:50.800155,2021-06-19 20:58:53.580514,0 days 00:00:02.780359,20,0.775837870117549,10,1,30,25,164,"[7770, 3082]",COMPLETE
8247,8247,0.22826024458084712,2.6618571281433105,2021-06-19 20:58:53.584971,2021-06-19 20:58:56.256517,0 days 00:00:02.671546,20,0.7044121314824888,10,15,30,25,164,"[5495, 5495]",COMPLETE
8248,8248,0.28593449574705915,2.758297920227051,2021-06-19 20:58:56.261062,2021-06-19 20:58:59.029511,0 days 00:00:02.768449,20,0.775837870117549,10,1,30,9,164,"[6835, 3082]",COMPLETE
8249,8249,0.23988489283098152,2.5936872959136963,2021-06-19 20:58:59.034207,2021-06-19 20:59:01.638677,0 days 00:00:02.604470,20,0.7492482924832433,10,1,8,25,164,"[6763, 7005]",COMPLETE
8250,8250,0.2294620417734313,2.7163684368133545,2021-06-19 20:59:01.643161,2021-06-19 20:59:04.419261,0 days 00:00:02.776100,40,0.7492482924832433,10,16,24,25,165,"[1389, 5379]",COMPLETE
8251,8251,0.23345091051765274,2.5618512630462646,2021-06-19 20:59:04.423582,2021-06-19 20:59:06.995334,0 days 00:00:02.571752,40,0.8047024443354969,10,1,22,25,165,"[6751, 2063]",COMPLETE
8252,8252,0.234911086439121,2.755586862564087,2021-06-19 20:59:06.999779,2021-06-19 20:59:09.765445,0 days 00:00:02.765666,10,0.775837870117549,10,1,30,28,165,"[849, 5654]",COMPLETE
8253,8253,0.23278716642351155,2.600717782974243,2021-06-19 20:59:09.769797,2021-06-19 20:59:12.380542,0 days 00:00:02.610745,90,0.8047024443354969,10,1,30,25,165,"[880, 4943]",COMPLETE
8254,8254,0.24350971162286802,2.803844690322876,2021-06-19 20:59:12.384795,2021-06-19 20:59:15.198574,0 days 00:00:02.813779,20,0.8047024443354969,10,1,0,25,165,"[2063, 3082]",COMPLETE
8255,8255,0.30269063104319843,2.5705742835998535,2021-06-19 20:59:15.202977,2021-06-19 20:59:17.783812,0 days 00:00:02.580835,20,0.7492482924832433,10,1,30,1,165,"[880, 7770]",COMPLETE
8256,8256,0.2287679481894264,2.5225446224212646,2021-06-19 20:59:17.788343,2021-06-19 20:59:20.320836,0 days 00:00:02.532493,20,0.8047024443354969,10,1,25,25,165,"[7735, 2063]",COMPLETE
8257,8257,0.23441350351110665,2.637714385986328,2021-06-19 20:59:20.325280,2021-06-19 20:59:22.972873,0 days 00:00:02.647593,10,0.7044121314824888,9,1,30,26,165,"[1028, 3256]",COMPLETE
8258,8258,0.2906551637674026,3.8257856369018555,2021-06-19 20:59:22.977364,2021-06-19 20:59:26.813276,0 days 00:00:03.835912,20,0.7492482924832433,3,1,17,26,165,"[8074, 900]",COMPLETE
8259,8259,0.23033886488704503,2.557154893875122,2021-06-19 20:59:26.817808,2021-06-19 20:59:29.384954,0 days 00:00:02.567146,20,0.775837870117549,10,1,24,26,165,"[2991, 900]",COMPLETE
8260,8260,0.2302294061425364,2.813549518585205,2021-06-19 20:59:29.389435,2021-06-19 20:59:32.212949,0 days 00:00:02.823514,20,0.7044121314824888,10,9,30,25,165,"[1735, 2963]",COMPLETE
8261,8261,0.22556946562714164,2.569870710372925,2021-06-19 20:59:32.217074,2021-06-19 20:59:34.796584,0 days 00:00:02.579510,20,0.775837870117549,10,1,30,25,165,"[5145, 7631]",COMPLETE
8262,8262,0.23401483342731258,2.5754239559173584,2021-06-19 20:59:34.801046,2021-06-19 20:59:37.386328,0 days 00:00:02.585282,20,0.8047024443354969,10,1,16,25,165,"[7631, 7871]",COMPLETE
8263,8263,0.22865592943407032,2.7833478450775146,2021-06-19 20:59:37.390558,2021-06-19 20:59:40.183597,0 days 00:00:02.793039,20,0.7044121314824888,10,1,24,26,165,"[8074, 900]",COMPLETE
8264,8264,0.2333511542580634,2.6049323081970215,2021-06-19 20:59:40.187621,2021-06-19 20:59:42.802296,0 days 00:00:02.614675,10,0.603627004462215,10,6,30,25,165,"[6219, 316]",COMPLETE
8265,8265,0.25026361471765046,2.5940210819244385,2021-06-19 20:59:42.806867,2021-06-19 20:59:45.410855,0 days 00:00:02.603988,20,0.6641147373331739,10,1,30,21,165,"[7926, 5495]",COMPLETE
8266,8266,0.2314647230457265,2.722867727279663,2021-06-19 20:59:45.415301,2021-06-19 20:59:48.148120,0 days 00:00:02.732819,20,0.775837870117549,10,1,30,25,165,"[5145, 5145]",COMPLETE
8267,8267,0.237241984715693,2.5796096324920654,2021-06-19 20:59:48.152227,2021-06-19 20:59:50.741911,0 days 00:00:02.589684,20,0.8047024443354969,10,1,6,25,165,"[6219, 4236]",COMPLETE
8268,8268,inf,inf,2021-06-19 20:59:50.746429,2021-06-19 20:59:51.200314,0 days 00:00:00.453885,20,0.5868663422415373,10,1,24,25,165,"[5145, 2063]",COMPLETE
8269,8269,0.23147992428225178,2.577200412750244,2021-06-19 20:59:51.216484,2021-06-19 20:59:53.826082,0 days 00:00:02.609598,20,0.7492482924832433,10,1,28,25,165,"[6763, 3100]",COMPLETE
8270,8270,0.4348388717991627,2.750797748565674,2021-06-19 20:59:53.830691,2021-06-19 20:59:56.591621,0 days 00:00:02.760930,20,0.6415492259649922,10,1,24,0,165,"[2209, 849]",COMPLETE
8271,8271,0.25261499062025194,2.554097890853882,2021-06-19 20:59:56.596141,2021-06-19 20:59:59.160265,0 days 00:00:02.564124,50,0.7492482924832433,10,1,30,17,165,"[1389, 6968]",COMPLETE
8272,8272,0.22988598102529217,2.6722445487976074,2021-06-19 20:59:59.164681,2021-06-19 21:00:01.846826,0 days 00:00:02.682145,20,0.7044121314824888,10,16,30,26,165,"[1735, 2963]",COMPLETE
8273,8273,0.23767564889709852,2.8935391902923584,2021-06-19 21:00:01.851167,2021-06-19 21:00:04.754882,0 days 00:00:02.903715,10,0.775837870117549,9,1,30,25,165,"[849, 7855]",COMPLETE
8274,8274,0.22624850269348432,2.5889556407928467,2021-06-19 21:00:04.759446,2021-06-19 21:00:07.358113,0 days 00:00:02.598667,20,0.775837870117549,10,1,30,25,165,"[6592, 2991]",COMPLETE
8275,8275,0.27709025072765114,2.5503957271575928,2021-06-19 21:00:07.362666,2021-06-19 21:00:09.923285,0 days 00:00:02.560619,20,0.7492482924832433,10,1,23,10,165,"[1389, 5641]",COMPLETE
8276,8276,0.22887360027092984,2.603480339050293,2021-06-19 21:00:09.927956,2021-06-19 21:00:12.541449,0 days 00:00:02.613493,20,0.7044121314824888,10,1,30,25,165,"[1159, 7770]",COMPLETE
8277,8277,0.230463086656124,2.8090176582336426,2021-06-19 21:00:12.545741,2021-06-19 21:00:15.365718,0 days 00:00:02.819977,20,0.775837870117549,10,1,30,26,165,"[5654, 7735]",COMPLETE
8278,8278,0.22622870801208717,2.6033806800842285,2021-06-19 21:00:15.369790,2021-06-19 21:00:17.982796,0 days 00:00:02.613006,20,0.7044121314824888,10,9,26,26,165,"[3256, 6351]",COMPLETE
8279,8279,0.2278737264589689,2.7899281978607178,2021-06-19 21:00:17.987005,2021-06-19 21:00:20.786732,0 days 00:00:02.799727,20,0.7044121314824888,10,9,30,25,165,"[1244, 5641]",COMPLETE
8280,8280,inf,inf,2021-06-19 21:00:20.791128,2021-06-19 21:00:21.036342,0 days 00:00:00.245214,10,0.44718048640943453,10,7,24,28,165,"[1389, 8024]",COMPLETE
8281,8281,0.228730298911839,2.617121934890747,2021-06-19 21:00:21.046435,2021-06-19 21:00:23.689235,0 days 00:00:02.642800,70,0.775837870117549,10,1,30,25,165,"[4781, 7855]",COMPLETE
8282,8282,0.2342952096059444,2.5853703022003174,2021-06-19 21:00:23.693771,2021-06-19 21:00:26.288892,0 days 00:00:02.595121,20,0.7044121314824888,10,1,30,25,165,"[3100, 6835]",COMPLETE
8283,8283,0.27995746139110145,3.304014205932617,2021-06-19 21:00:26.293489,2021-06-19 21:00:29.607843,0 days 00:00:03.314354,30,0.7044121314824888,5,1,30,26,165,"[5853, 2963]",COMPLETE
8284,8284,0.23290121019470145,2.6171391010284424,2021-06-19 21:00:29.612124,2021-06-19 21:00:32.238837,0 days 00:00:02.626713,20,0.775837870117549,10,1,30,25,165,"[7770, 7770]",COMPLETE
8285,8285,0.23288550641604483,2.5655558109283447,2021-06-19 21:00:32.243770,2021-06-19 21:00:34.820470,0 days 00:00:02.576700,20,0.7492482924832433,10,1,30,25,165,"[880, 5641]",COMPLETE
8286,8286,inf,inf,2021-06-19 21:00:34.824674,2021-06-19 21:00:34.957366,0 days 00:00:00.132692,20,0.32016252161600184,10,1,30,25,165,"[5853, 5853]",COMPLETE
8287,8287,inf,inf,2021-06-19 21:00:34.977116,2021-06-19 21:00:35.180027,0 days 00:00:00.202911,20,0.3544519014016776,10,3,30,25,165,"[8024, 6835]",COMPLETE
8288,8288,0.2431037198663945,2.935075283050537,2021-06-19 21:00:35.205872,2021-06-19 21:00:38.161498,0 days 00:00:02.955626,20,0.7044121314824888,8,10,18,26,165,"[6835, 6684]",COMPLETE
8289,8289,0.2278046077730324,2.5430445671081543,2021-06-19 21:00:38.165928,2021-06-19 21:00:40.718739,0 days 00:00:02.552811,20,0.775837870117549,10,1,30,25,165,"[7519, 8024]",COMPLETE
8290,8290,inf,inf,2021-06-19 21:00:40.723287,2021-06-19 21:00:41.060536,0 days 00:00:00.337249,20,0.5050839780665185,10,1,30,25,165,"[6968, 2063]",COMPLETE
8291,8291,0.2697785956768935,2.6193127632141113,2021-06-19 21:00:41.097990,2021-06-19 21:00:43.742880,0 days 00:00:02.644890,70,0.7492482924832433,10,8,30,9,165,"[900, 1159]",COMPLETE
8292,8292,0.2430456712922472,2.76598858833313,2021-06-19 21:00:43.747299,2021-06-19 21:00:46.523373,0 days 00:00:02.776074,20,0.7044121314824888,10,3,26,21,165,"[5379, 3256]",COMPLETE
8293,8293,0.24464313563773063,2.5419397354125977,2021-06-19 21:00:46.527835,2021-06-19 21:00:49.079777,0 days 00:00:02.551942,20,0.775837870117549,10,1,0,25,165,"[6592, 6592]",COMPLETE
8294,8294,0.2552188833800737,2.523737668991089,2021-06-19 21:00:49.084348,2021-06-19 21:00:51.618426,0 days 00:00:02.534078,20,0.7044121314824888,10,1,30,17,165,"[5379, 1929]",COMPLETE
8295,8295,inf,inf,2021-06-19 21:00:51.623006,2021-06-19 21:00:51.790391,0 days 00:00:00.167385,90,0.4492118383744379,10,1,30,3,165,"[6763, 6968]",COMPLETE
8296,8296,0.26611417151340183,2.7503817081451416,2021-06-19 21:00:51.822897,2021-06-19 21:00:54.609183,0 days 00:00:02.786286,20,0.7603332569331964,10,1,30,11,165,"[4781, 6968]",COMPLETE
8297,8297,0.2353232807054599,2.638726234436035,2021-06-19 21:00:54.613248,2021-06-19 21:00:57.261759,0 days 00:00:02.648511,0,0.775837870117549,10,1,30,25,165,"[5853, 8024]",COMPLETE
8298,8298,inf,inf,2021-06-19 21:00:57.266195,2021-06-19 21:00:57.649355,0 days 00:00:00.383160,20,0.5052690777004905,10,1,30,25,165,"[6684, 5654]",COMPLETE
8299,8299,0.23156200286582196,2.52143931388855,2021-06-19 21:00:57.673638,2021-06-19 21:01:00.225393,0 days 00:00:02.551755,20,0.7064016595671658,10,1,30,25,165,"[6219, 1389]",COMPLETE
8300,8300,0.23171130603349874,2.8582398891448975,2021-06-19 21:01:00.229809,2021-06-19 21:02:11.970664,0 days 00:01:11.740855,20,0.7044121314824888,10,1,30,25,166,"[2063, 6684]",COMPLETE
8301,8301,0.2860216074991002,3.7971043586730957,2021-06-19 21:02:11.981875,2021-06-19 21:02:15.791726,0 days 00:00:03.809851,20,0.7492482924832433,3,1,23,25,166,"[2078, 3100]",COMPLETE
8302,8302,0.23242674218518222,2.5413503646850586,2021-06-19 21:02:15.795907,2021-06-19 21:02:18.347123,0 days 00:00:02.551216,20,0.7044121314824888,10,1,30,25,166,"[411, 8024]",COMPLETE
8303,8303,0.22952729878885425,2.762925148010254,2021-06-19 21:02:18.351744,2021-06-19 21:02:21.124515,0 days 00:00:02.772771,20,0.775837870117549,10,1,30,25,166,"[6751, 3082]",COMPLETE
8304,8304,0.22857915458686856,2.575697183609009,2021-06-19 21:02:21.129104,2021-06-19 21:02:23.715259,0 days 00:00:02.586155,20,0.8047024443354969,10,1,30,25,166,"[1389, 7871]",COMPLETE
8305,8305,0.2310470433915282,2.625473737716675,2021-06-19 21:02:23.719528,2021-06-19 21:02:26.355057,0 days 00:00:02.635529,20,0.7044121314824888,10,13,30,25,166,"[5853, 6684]",COMPLETE
8306,8306,inf,inf,2021-06-19 21:02:26.359535,2021-06-19 21:02:26.599653,0 days 00:00:00.240118,10,0.41989238538189455,2,1,22,24,166,"[849, 7735]",COMPLETE
8307,8307,0.23002826357516948,2.7814347743988037,2021-06-19 21:02:26.607349,2021-06-19 21:02:29.423582,0 days 00:00:02.816233,20,0.775837870117549,10,1,30,24,166,"[1159, 7770]",COMPLETE
8308,8308,0.23164965443840083,2.686117172241211,2021-06-19 21:02:29.428195,2021-06-19 21:02:32.124279,0 days 00:00:02.696084,20,0.775837870117549,10,14,30,25,166,"[7770, 4943]",COMPLETE
8309,8309,0.22733721497327353,2.6186347007751465,2021-06-19 21:02:32.129017,2021-06-19 21:02:34.758638,0 days 00:00:02.629621,20,0.7044121314824888,10,9,30,25,166,"[4781, 2063]",COMPLETE
8310,8310,0.2435606619874305,2.769615650177002,2021-06-19 21:02:34.763280,2021-06-19 21:02:37.543893,0 days 00:00:02.780613,20,0.7044121314824888,10,1,0,25,166,"[1929, 1159]",COMPLETE
8311,8311,0.22960899119002182,2.6238038539886475,2021-06-19 21:02:37.548258,2021-06-19 21:02:40.182080,0 days 00:00:02.633822,20,0.7044121314824888,10,1,30,26,166,"[1159, 8074]",COMPLETE
8312,8312,0.23272336664452872,2.8086318969726562,2021-06-19 21:02:40.186363,2021-06-19 21:02:43.004843,0 days 00:00:02.818480,20,0.775837870117549,10,1,24,26,166,"[7926, 2209]",COMPLETE
8313,8313,0.3551064930637981,5.497485399246216,2021-06-19 21:02:43.009277,2021-06-19 21:02:48.516701,0 days 00:00:05.507424,20,0.7492482924832433,1,1,23,5,166,"[5654, 2078]",COMPLETE
8314,8314,0.2288215389354787,2.6530280113220215,2021-06-19 21:02:48.521553,2021-06-19 21:02:51.185629,0 days 00:00:02.664076,40,0.775837870117549,10,15,29,25,166,"[4419, 5495]",COMPLETE
8315,8315,0.22925836351995466,2.7685961723327637,2021-06-19 21:02:51.190121,2021-06-19 21:02:53.968574,0 days 00:00:02.778453,20,0.775837870117549,10,1,30,25,166,"[5654, 2063]",COMPLETE
8316,8316,0.2297466264486193,2.5571510791778564,2021-06-19 21:02:53.972856,2021-06-19 21:02:56.539788,0 days 00:00:02.566932,10,0.7044121314824888,10,1,24,25,166,"[1244, 5379]",COMPLETE
8317,8317,0.24394074505729454,2.5612096786499023,2021-06-19 21:02:56.544312,2021-06-19 21:02:59.115500,0 days 00:00:02.571188,20,0.775837870117549,10,1,30,20,166,"[5641, 7631]",COMPLETE
8318,8318,inf,inf,2021-06-19 21:02:59.119906,2021-06-19 21:02:59.538686,0 days 00:00:00.418780,20,0.5178081842363814,10,1,30,27,166,"[5853, 5853]",COMPLETE
8319,8319,0.26145307418999997,3.26613712310791,2021-06-19 21:02:59.559126,2021-06-19 21:03:02.851443,0 days 00:00:03.292317,40,0.775837870117549,6,1,30,26,166,"[6835, 8074]",COMPLETE
8320,8320,0.2961375113399225,4.368396520614624,2021-06-19 21:03:02.856174,2021-06-19 21:03:07.235553,0 days 00:00:04.379379,40,0.8350009489169736,2,1,5,25,166,"[5654, 7631]",COMPLETE
8321,8321,0.22782010532235508,2.613250255584717,2021-06-19 21:03:07.240040,2021-06-19 21:03:09.864275,0 days 00:00:02.624235,40,0.7403970075075184,10,9,30,25,166,"[8074, 3760]",COMPLETE
8322,8322,0.27602280924413203,3.3197503089904785,2021-06-19 21:03:09.868942,2021-06-19 21:03:13.198955,0 days 00:00:03.330013,20,0.7492482924832433,5,1,23,26,166,"[6968, 2078]",COMPLETE
8323,8323,0.2271582894006853,2.8033945560455322,2021-06-19 21:03:13.203549,2021-06-19 21:03:16.017932,0 days 00:00:02.814383,100,0.775837870117549,10,13,30,26,166,"[2063, 6351]",COMPLETE
8324,8324,0.2293354609794544,2.5598185062408447,2021-06-19 21:03:16.022530,2021-06-19 21:03:18.592379,0 days 00:00:02.569849,20,0.775837870117549,10,1,30,25,166,"[5145, 7770]",COMPLETE
8325,8325,inf,inf,2021-06-19 21:03:18.596931,2021-06-19 21:03:18.828494,0 days 00:00:00.231563,70,0.3590603078904142,10,1,30,25,166,"[7770, 7770]",COMPLETE
8326,8326,0.24423100002056858,2.7493317127227783,2021-06-19 21:03:18.837513,2021-06-19 21:03:21.619766,0 days 00:00:02.782253,20,0.7492482924832433,10,1,3,25,166,"[5641, 900]",COMPLETE
8327,8327,0.23052576087579724,2.615330934524536,2021-06-19 21:03:21.624273,2021-06-19 21:03:24.249865,0 days 00:00:02.625592,20,0.7492482924832433,10,1,30,25,166,"[6763, 4781]",COMPLETE
8328,8328,0.25036411080079446,2.5772557258605957,2021-06-19 21:03:24.254353,2021-06-19 21:03:26.841635,0 days 00:00:02.587282,20,0.7044121314824888,10,1,30,19,166,"[1244, 6351]",COMPLETE
8329,8329,0.23417754489372394,2.7508816719055176,2021-06-19 21:03:26.846159,2021-06-19 21:03:29.607018,0 days 00:00:02.760859,10,0.775837870117549,10,1,30,26,166,"[849, 6592]",COMPLETE
8330,8330,0.3188180404935847,9.527711629867554,2021-06-19 21:03:29.611593,2021-06-19 21:03:39.149404,0 days 00:00:09.537811,60,0.8988644877395009,0,1,30,25,166,"[880, 7519]",COMPLETE
8331,8331,0.2882627024320828,3.979053258895874,2021-06-19 21:03:39.153991,2021-06-19 21:03:43.143249,0 days 00:00:03.989258,80,0.7492482924832433,3,1,30,25,166,"[1159, 1389]",COMPLETE
8332,8332,0.2325228840660349,2.6719114780426025,2021-06-19 21:03:43.147776,2021-06-19 21:03:45.829676,0 days 00:00:02.681900,10,0.7044121314824888,10,12,24,26,166,"[5379, 6835]",COMPLETE
8333,8333,0.22740515099138353,2.540374517440796,2021-06-19 21:03:45.834250,2021-06-19 21:03:48.384626,0 days 00:00:02.550376,20,0.775837870117549,10,1,30,25,166,"[6751, 3100]",COMPLETE
8334,8334,0.23006735057737537,2.788419008255005,2021-06-19 21:03:48.389143,2021-06-19 21:03:51.187422,0 days 00:00:02.798279,20,0.7492482924832433,10,1,30,25,166,"[880, 6763]",COMPLETE
8335,8335,0.2645744520177488,2.9787070751190186,2021-06-19 21:03:51.192264,2021-06-19 21:03:54.181448,0 days 00:00:02.989184,70,0.7044121314824888,6,1,30,25,166,"[2991, 3260]",COMPLETE
8336,8336,0.28933345259502485,3.352220296859741,2021-06-19 21:03:54.186005,2021-06-19 21:03:57.548327,0 days 00:00:03.362322,20,0.7492482924832433,4,1,24,25,166,"[900, 3082]",COMPLETE
8337,8337,0.2315524857183107,2.708101272583008,2021-06-19 21:03:57.552556,2021-06-19 21:04:00.270573,0 days 00:00:02.718017,20,0.775837870117549,10,1,30,26,166,"[7871, 6835]",COMPLETE
8338,8338,0.23912085477217024,2.8095662593841553,2021-06-19 21:04:00.275043,2021-06-19 21:04:03.094524,0 days 00:00:02.819481,20,0.7044121314824888,8,9,30,25,166,"[1244, 6351]",COMPLETE
8339,8339,inf,inf,2021-06-19 21:04:03.098982,2021-06-19 21:04:03.584281,0 days 00:00:00.485299,100,0.603627004462215,10,1,30,25,166,"[316, 316]",COMPLETE
8340,8340,0.29035623217524176,2.648961067199707,2021-06-19 21:04:03.599660,2021-06-19 21:04:06.277596,0 days 00:00:02.677936,40,0.775837870117549,10,16,30,3,166,"[7926, 4419]",COMPLETE
8341,8341,0.26326496617452516,3.1208746433258057,2021-06-19 21:04:06.282223,2021-06-19 21:04:09.413230,0 days 00:00:03.131007,20,0.775837870117549,6,2,30,25,166,"[8261, 3100]",COMPLETE
8342,8342,0.23847276141089196,2.5739498138427734,2021-06-19 21:04:09.417624,2021-06-19 21:04:12.001265,0 days 00:00:02.583641,40,0.775837870117549,10,1,30,26,166,"[6751, 6751]",COMPLETE
8343,8343,0.22914902171741858,2.8085412979125977,2021-06-19 21:04:12.005807,2021-06-19 21:04:14.824169,0 days 00:00:02.818362,20,0.7044121314824888,10,9,30,25,166,"[1244, 4236]",COMPLETE
8344,8344,0.236127506357942,2.5681421756744385,2021-06-19 21:04:14.828568,2021-06-19 21:04:17.406526,0 days 00:00:02.577958,30,0.6210712491883239,10,1,30,25,166,"[2963, 4419]",COMPLETE
8345,8345,0.23758221224890022,2.543524980545044,2021-06-19 21:04:17.411112,2021-06-19 21:04:19.964895,0 days 00:00:02.553783,20,0.775837870117549,10,1,10,26,166,"[7519, 7926]",COMPLETE
8346,8346,0.24192747444519155,2.569582939147949,2021-06-19 21:04:19.969503,2021-06-19 21:04:22.549138,0 days 00:00:02.579635,10,0.603627004462215,10,1,3,25,166,"[316, 3082]",COMPLETE
8347,8347,0.23350682655708108,2.8204710483551025,2021-06-19 21:04:22.553766,2021-06-19 21:04:25.384715,0 days 00:00:02.830949,0,0.6415492259649922,10,15,22,25,166,"[5495, 849]",COMPLETE
8348,8348,0.29282703446226804,3.7357535362243652,2021-06-19 21:04:25.389329,2021-06-19 21:04:29.135018,0 days 00:00:03.745689,20,0.8047024443354969,3,1,24,26,166,"[8256, 900]",COMPLETE
8349,8349,0.2378554622333524,2.7540526390075684,2021-06-19 21:04:29.139385,2021-06-19 21:04:31.903417,0 days 00:00:02.764032,20,0.7044121314824888,10,1,8,25,166,"[6592, 3260]",COMPLETE
8350,8350,0.23392862409570045,2.667914867401123,2021-06-19 21:04:31.908086,2021-06-19 21:04:34.640800,0 days 00:00:02.732714,20,0.775837870117549,10,15,30,25,167,"[880, 5145]",COMPLETE
8351,8351,0.27178418970145884,3.1342451572418213,2021-06-19 21:04:34.645148,2021-06-19 21:04:37.789637,0 days 00:00:03.144489,10,0.8426551984277344,5,1,30,25,167,"[1028, 5641]",COMPLETE
8352,8352,0.22935448942010309,2.77587628364563,2021-06-19 21:04:37.794190,2021-06-19 21:04:40.580073,0 days 00:00:02.785883,20,0.7044121314824888,10,1,30,26,167,"[1244, 6835]",COMPLETE
8353,8353,0.2695083142462257,3.177203893661499,2021-06-19 21:04:40.584324,2021-06-19 21:04:43.771484,0 days 00:00:03.187160,40,0.775837870117549,5,1,30,26,167,"[8074, 3760]",COMPLETE
8354,8354,0.2313286837615849,2.555145740509033,2021-06-19 21:04:43.775984,2021-06-19 21:04:46.341043,0 days 00:00:02.565059,20,0.775837870117549,10,1,23,25,167,"[3082, 2078]",COMPLETE
