,number,values_0,values_1,datetime_start,datetime_complete,duration,params_checks,params_n_ratio,params_nskip,params_trees,params_w1,params_w2,system_attrs_nsga2:generation,system_attrs_nsga2:parents,state
5986,5986,0.2312022341558634,2.7473905086517334,2021-06-19 18:49:03.182183,2021-06-19 18:49:05.937063,0 days 00:00:02.754880,20,0.7492482924832433,10,1,30,26,119,"[1974, 1028]",COMPLETE
5987,5987,0.22794731955845085,2.6161158084869385,2021-06-19 18:49:05.940300,2021-06-19 18:49:08.563709,0 days 00:00:02.623409,20,0.7044121314824888,10,8,30,26,119,"[2209, 1929]",COMPLETE
5988,5988,0.23072029403824396,2.7143714427948,2021-06-19 18:49:08.567386,2021-06-19 18:49:11.289926,0 days 00:00:02.722540,10,0.7100511651342796,10,15,24,25,119,"[316, 2762]",COMPLETE
5989,5989,0.22916320134953225,2.7524185180664062,2021-06-19 18:49:11.293577,2021-06-19 18:49:14.053247,0 days 00:00:02.759670,20,0.775837870117549,10,1,30,26,119,"[2209, 1974]",COMPLETE
5990,5990,0.2372554091386667,2.6087300777435303,2021-06-19 18:49:14.056316,2021-06-19 18:49:16.672333,0 days 00:00:02.616017,20,0.7492482924832433,10,2,30,25,119,"[2078, 5852]",COMPLETE
5991,5991,0.2306694764977983,2.550722122192383,2021-06-19 18:49:16.675452,2021-06-19 18:49:19.233482,0 days 00:00:02.558030,20,0.775837870117549,10,1,24,25,119,"[900, 5852]",COMPLETE
5992,5992,0.23178902087809206,2.8172740936279297,2021-06-19 18:49:19.237235,2021-06-19 18:49:22.062809,0 days 00:00:02.825574,10,0.7492482924832433,10,10,30,25,119,"[4236, 1389]",COMPLETE
5993,5993,0.22964478748445677,2.577070951461792,2021-06-19 18:49:22.066411,2021-06-19 18:49:24.650716,0 days 00:00:02.584305,20,0.775837870117549,10,1,30,25,119,"[5145, 4419]",COMPLETE
5994,5994,0.23937193722624456,2.8216211795806885,2021-06-19 18:49:24.654294,2021-06-19 18:49:27.483466,0 days 00:00:02.829172,60,0.8047024443354969,10,4,8,25,119,"[316, 4943]",COMPLETE
5995,5995,0.27102987230868075,2.9110300540924072,2021-06-19 18:49:27.486967,2021-06-19 18:49:30.405398,0 days 00:00:02.918431,0,0.7044121314824888,6,1,26,26,119,"[3195, 411]",COMPLETE
5996,5996,0.23220253151642753,2.606492280960083,2021-06-19 18:49:30.408974,2021-06-19 18:49:33.022584,0 days 00:00:02.613610,20,0.775837870117549,10,1,30,26,119,"[5654, 5654]",COMPLETE
5997,5997,0.2312917968161975,2.778120994567871,2021-06-19 18:49:33.025956,2021-06-19 18:49:35.811658,0 days 00:00:02.785702,20,0.7044121314824888,10,9,30,25,119,"[1389, 1244]",COMPLETE
5998,5998,0.28723816528055224,2.6321284770965576,2021-06-19 18:49:35.815191,2021-06-19 18:49:38.454552,0 days 00:00:02.639361,20,0.7044121314824888,10,2,30,8,119,"[5495, 5495]",COMPLETE
5999,5999,0.300235336328551,3.277761459350586,2021-06-19 18:49:38.458115,2021-06-19 18:49:41.743324,0 days 00:00:03.285209,20,0.7044121314824888,5,15,30,10,119,"[1929, 2762]",COMPLETE
6000,6000,0.2364992889933132,2.741917371749878,2021-06-19 18:49:41.746900,2021-06-19 18:50:56.293489,0 days 00:01:14.546589,70,0.775837870117549,10,1,11,25,120,"[2991, 4419]",COMPLETE
6001,6001,0.2777711494758318,2.6031126976013184,2021-06-19 18:50:56.299704,2021-06-19 18:50:58.911057,0 days 00:00:02.611353,30,0.7492482924832433,10,1,17,12,120,"[1735, 1735]",COMPLETE
6002,6002,0.2348014217141703,2.8110954761505127,2021-06-19 18:50:58.914261,2021-06-19 18:51:01.732640,0 days 00:00:02.818379,20,0.8047024443354969,10,1,8,25,120,"[5641, 316]",COMPLETE
6003,6003,0.2407219251868126,2.7330093383789062,2021-06-19 18:51:01.735999,2021-06-19 18:51:04.476837,0 days 00:00:02.740838,40,0.7044121314824888,8,1,30,25,120,"[3256, 4419]",COMPLETE
6004,6004,inf,inf,2021-06-19 18:51:04.480417,2021-06-19 18:51:05.033916,0 days 00:00:00.553499,10,0.5358538128133353,10,1,30,23,120,"[849, 2991]",COMPLETE
6005,6005,inf,inf,2021-06-19 18:51:05.039669,2021-06-19 18:51:07.137680,0 days 00:00:02.098011,20,0.5561437135412717,1,16,30,25,120,"[4943, 3566]",COMPLETE
6006,6006,0.2847490096231906,2.8314080238342285,2021-06-19 18:51:07.143322,2021-06-19 18:51:09.998214,0 days 00:00:02.854892,40,0.7044121314824888,10,9,4,9,120,"[4419, 5381]",COMPLETE
6007,6007,0.3082441497543395,5.469027280807495,2021-06-19 18:51:10.001642,2021-06-19 18:51:15.478185,0 days 00:00:05.476543,20,0.775837870117549,1,1,30,26,120,"[5654, 3100]",COMPLETE
6008,6008,inf,inf,2021-06-19 18:51:15.481797,2021-06-19 18:51:16.019782,0 days 00:00:00.537985,20,0.5959005828602391,10,15,30,26,120,"[2963, 2762]",COMPLETE
6009,6009,0.23675367848507317,2.5982797145843506,2021-06-19 18:51:16.025327,2021-06-19 18:51:18.641687,0 days 00:00:02.616360,10,0.775837870117549,10,1,30,25,120,"[3760, 1389]",COMPLETE
6010,6010,0.2340913364381963,2.7547333240509033,2021-06-19 18:51:18.645264,2021-06-19 18:51:21.407253,0 days 00:00:02.761989,20,0.8047024443354969,10,1,24,25,120,"[2229, 2063]",COMPLETE
6011,6011,0.2315550660291647,2.606750726699829,2021-06-19 18:51:21.410822,2021-06-19 18:51:24.025014,0 days 00:00:02.614192,20,0.8047024443354969,10,9,30,25,120,"[5641, 3483]",COMPLETE
6012,6012,0.23563158114851465,2.6195318698883057,2021-06-19 18:51:24.028477,2021-06-19 18:51:26.655384,0 days 00:00:02.626907,80,0.7044121314824888,10,1,30,25,120,"[411, 1389]",COMPLETE
6013,6013,0.24527664567364282,2.7927167415618896,2021-06-19 18:51:26.659009,2021-06-19 18:51:29.459463,0 days 00:00:02.800454,20,0.7044121314824888,10,9,1,25,120,"[411, 4879]",COMPLETE
6014,6014,0.2908272735100757,3.7131764888763428,2021-06-19 18:51:29.463046,2021-06-19 18:51:33.183622,0 days 00:00:03.720576,20,0.7044121314824888,3,1,30,26,120,"[4331, 3195]",COMPLETE
6015,6015,0.23086270058300234,2.7382450103759766,2021-06-19 18:51:33.187222,2021-06-19 18:51:35.932838,0 days 00:00:02.745616,20,0.7868859454776815,10,1,30,25,120,"[2209, 5145]",COMPLETE
6016,6016,0.26738373345796046,2.623934507369995,2021-06-19 18:51:35.936362,2021-06-19 18:51:38.567677,0 days 00:00:02.631315,100,0.7044121314824888,10,1,30,15,120,"[1006, 1006]",COMPLETE
6017,6017,0.23173485960251677,2.7600719928741455,2021-06-19 18:51:38.571192,2021-06-19 18:51:41.339011,0 days 00:00:02.767819,0,0.807415019710928,10,1,24,26,120,"[3760, 5379]",COMPLETE
6018,6018,0.23490715490266514,2.802341938018799,2021-06-19 18:51:41.342602,2021-06-19 18:51:44.152296,0 days 00:00:02.809694,20,0.775837870117549,10,12,30,22,120,"[745, 5145]",COMPLETE
6019,6019,0.23124411466482545,2.640763282775879,2021-06-19 18:51:44.155651,2021-06-19 18:51:46.803905,0 days 00:00:02.648254,50,0.7044121314824888,10,9,24,26,120,"[5379, 1218]",COMPLETE
6020,6020,0.24929856271337536,2.6020278930664062,2021-06-19 18:51:46.807341,2021-06-19 18:51:49.416840,0 days 00:00:02.609499,20,0.7044121314824888,10,1,4,21,120,"[2078, 1006]",COMPLETE
6021,6021,0.2631531816330972,2.748668670654297,2021-06-19 18:51:49.420544,2021-06-19 18:51:52.177525,0 days 00:00:02.756981,20,0.7344228747002248,10,1,30,13,120,"[2991, 3082]",COMPLETE
6022,6022,0.2294972845674723,2.5967416763305664,2021-06-19 18:51:52.181082,2021-06-19 18:51:54.785100,0 days 00:00:02.604018,100,0.8047024443354969,10,1,24,25,120,"[2063, 2063]",COMPLETE
6023,6023,0.23176208425189493,2.569974184036255,2021-06-19 18:51:54.788708,2021-06-19 18:51:57.366152,0 days 00:00:02.577444,40,0.775837870117549,10,1,30,25,120,"[2991, 4781]",COMPLETE
6024,6024,0.23242920206951695,2.713257312774658,2021-06-19 18:51:57.369625,2021-06-19 18:52:00.090105,0 days 00:00:02.720480,10,0.7044121314824888,10,1,26,26,120,"[1389, 411]",COMPLETE
6025,6025,0.32054198941297063,9.496860027313232,2021-06-19 18:52:00.093670,2021-06-19 18:52:09.598049,0 days 00:00:09.504379,20,0.775837870117549,0,8,30,24,120,"[3082, 1159]",COMPLETE
6026,6026,0.22940914356833286,2.829366683959961,2021-06-19 18:52:09.601840,2021-06-19 18:52:12.439365,0 days 00:00:02.837525,40,0.775837870117549,10,1,30,25,120,"[4419, 2991]",COMPLETE
6027,6027,0.23921629766039956,2.565080165863037,2021-06-19 18:52:12.443047,2021-06-19 18:52:15.016375,0 days 00:00:02.573328,20,0.603627004462215,10,1,5,24,120,"[1159, 316]",COMPLETE
6028,6028,0.22703048025340358,2.9244253635406494,2021-06-19 18:52:15.019969,2021-06-19 18:52:17.951734,0 days 00:00:02.931765,20,0.7492482924832433,10,9,26,25,120,"[411, 1735]",COMPLETE
6029,6029,0.2308581850748962,2.6544928550720215,2021-06-19 18:52:17.955252,2021-06-19 18:52:20.617219,0 days 00:00:02.661967,20,0.775837870117549,10,16,30,25,120,"[5495, 5852]",COMPLETE
6030,6030,0.2356022397411852,2.62015962600708,2021-06-19 18:52:20.620834,2021-06-19 18:52:23.248228,0 days 00:00:02.627394,20,0.7044121314824888,10,1,30,25,120,"[4523, 1929]",COMPLETE
6031,6031,0.22672063644777582,2.751434803009033,2021-06-19 18:52:23.251842,2021-06-19 18:52:26.010741,0 days 00:00:02.758899,20,0.775837870117549,10,1,30,26,120,"[5145, 4331]",COMPLETE
6032,6032,0.22932213232137993,2.5633156299591064,2021-06-19 18:52:26.014102,2021-06-19 18:52:28.584683,0 days 00:00:02.570581,20,0.8047024443354969,10,1,30,25,120,"[3195, 2229]",COMPLETE
6033,6033,0.23367644542827254,2.562716484069824,2021-06-19 18:52:28.588115,2021-06-19 18:52:31.158391,0 days 00:00:02.570276,40,0.7044121314824888,10,1,21,27,120,"[4236, 4419]",COMPLETE
6034,6034,0.23478149590980021,2.7724313735961914,2021-06-19 18:52:31.162041,2021-06-19 18:52:33.942017,0 days 00:00:02.779976,10,0.7492482924832433,10,3,24,25,120,"[2762, 1389]",COMPLETE
6035,6035,0.2332491770887107,2.5372841358184814,2021-06-19 18:52:33.945527,2021-06-19 18:52:36.490050,0 days 00:00:02.544523,20,0.603627004462215,10,1,30,25,120,"[1974, 316]",COMPLETE
6036,6036,0.2579895291180775,2.569028615951538,2021-06-19 18:52:36.493600,2021-06-19 18:52:39.070118,0 days 00:00:02.576518,20,0.7044121314824888,10,1,30,14,120,"[2209, 1974]",COMPLETE
6037,6037,0.23213311605831288,2.7832629680633545,2021-06-19 18:52:39.073642,2021-06-19 18:52:41.864300,0 days 00:00:02.790658,20,0.7492482924832433,10,9,20,25,120,"[880, 1244]",COMPLETE
6038,6038,0.22698159475573654,2.628746271133423,2021-06-19 18:52:41.867801,2021-06-19 18:52:44.503833,0 days 00:00:02.636032,20,0.7044121314824888,10,9,30,26,120,"[1244, 2209]",COMPLETE
6039,6039,0.23164056656896587,2.6225996017456055,2021-06-19 18:52:44.507395,2021-06-19 18:52:47.137537,0 days 00:00:02.630142,20,0.775837870117549,10,6,30,25,120,"[3100, 3760]",COMPLETE
6040,6040,0.2316716941598843,2.902078151702881,2021-06-19 18:52:47.141101,2021-06-19 18:52:50.050657,0 days 00:00:02.909556,20,0.7044121314824888,9,9,30,25,120,"[1218, 5145]",COMPLETE
6041,6041,0.30221331058204076,4.472110748291016,2021-06-19 18:52:50.054090,2021-06-19 18:52:54.533598,0 days 00:00:04.479508,20,0.7044121314824888,2,9,30,25,120,"[3483, 1028]",COMPLETE
6042,6042,0.2584118534467612,2.8295464515686035,2021-06-19 18:52:54.537197,2021-06-19 18:52:57.374452,0 days 00:00:02.837255,20,0.7044121314824888,7,2,3,25,120,"[4879, 3195]",COMPLETE
6043,6043,0.27625070876428587,3.3211066722869873,2021-06-19 18:52:57.378094,2021-06-19 18:53:00.706777,0 days 00:00:03.328683,20,0.7044121314824888,5,6,30,25,120,"[3260, 3260]",COMPLETE
6044,6044,0.2301393859829825,2.6543338298797607,2021-06-19 18:53:00.710154,2021-06-19 18:53:03.371904,0 days 00:00:02.661750,20,0.7044121314824888,10,9,24,26,120,"[411, 5654]",COMPLETE
6045,6045,0.23175213063030933,2.9593405723571777,2021-06-19 18:53:03.375220,2021-06-19 18:53:06.342037,0 days 00:00:02.966817,20,0.948294199070127,10,1,30,25,120,"[2465, 5852]",COMPLETE
6046,6046,0.31521579124219906,8.911679744720459,2021-06-19 18:53:06.345548,2021-06-19 18:53:15.264850,0 days 00:00:08.919302,20,0.7492482924832433,0,1,17,25,120,"[1735, 1929]",COMPLETE
6047,6047,0.2299572335592109,2.673152446746826,2021-06-19 18:53:15.268155,2021-06-19 18:53:17.948746,0 days 00:00:02.680591,20,0.775837870117549,9,1,30,28,120,"[4879, 4523]",COMPLETE
6048,6048,0.22944703803555117,2.7546608448028564,2021-06-19 18:53:17.952499,2021-06-19 18:53:20.714639,0 days 00:00:02.762140,20,0.775837870117549,10,1,30,25,120,"[4879, 4879]",COMPLETE
6049,6049,0.22811325749859362,2.651719570159912,2021-06-19 18:53:20.718285,2021-06-19 18:53:23.377541,0 days 00:00:02.659256,20,0.8047024443354969,10,15,30,27,120,"[4943, 2762]",COMPLETE
6050,6050,0.26591353406806284,2.7842366695404053,2021-06-19 18:53:23.381108,2021-06-19 18:53:26.221783,0 days 00:00:02.840675,60,0.7044121314824888,10,1,30,16,121,"[5379, 4419]",COMPLETE
6051,6051,0.2681211211362979,2.574441432952881,2021-06-19 18:53:26.225224,2021-06-19 18:53:28.807155,0 days 00:00:02.581931,10,0.775837870117549,10,1,30,14,121,"[745, 4419]",COMPLETE
6052,6052,0.255627484111006,2.8621010780334473,2021-06-19 18:53:28.810917,2021-06-19 18:53:31.681383,0 days 00:00:02.870466,20,0.7044121314824888,7,1,4,25,121,"[3100, 5853]",COMPLETE
6053,6053,0.233296983372667,2.8198482990264893,2021-06-19 18:53:31.685127,2021-06-19 18:53:34.513324,0 days 00:00:02.828197,20,0.9038439474708537,10,1,30,25,121,"[3760, 2991]",COMPLETE
6054,6054,0.23166650451018594,2.62017822265625,2021-06-19 18:53:34.516874,2021-06-19 18:53:37.144526,0 days 00:00:02.627652,10,0.7044121314824888,10,9,28,26,121,"[2659, 5381]",COMPLETE
6055,6055,0.2981182141095938,3.6312406063079834,2021-06-19 18:53:37.148022,2021-06-19 18:53:40.786650,0 days 00:00:03.638628,10,0.6415492259649922,3,1,22,25,121,"[849, 316]",COMPLETE
6056,6056,0.23334159561251885,2.762685537338257,2021-06-19 18:53:40.790223,2021-06-19 18:53:43.560238,0 days 00:00:02.770015,20,0.8047024443354969,10,9,26,25,121,"[2063, 411]",COMPLETE
6057,6057,0.23439949698358425,2.5926060676574707,2021-06-19 18:53:43.563896,2021-06-19 18:53:46.164016,0 days 00:00:02.600120,30,0.7044121314824888,10,3,30,26,121,"[2963, 2078]",COMPLETE
6058,6058,0.23124634275704314,2.7316818237304688,2021-06-19 18:53:46.167637,2021-06-19 18:53:48.906878,0 days 00:00:02.739241,10,0.7492482924832433,10,1,30,27,121,"[880, 4879]",COMPLETE
6059,6059,0.26306771362245635,2.6439685821533203,2021-06-19 18:53:48.910060,2021-06-19 18:53:51.561551,0 days 00:00:02.651491,20,0.8065447151651102,10,8,30,14,121,"[1205, 5641]",COMPLETE
6060,6060,0.23933087087076324,2.578623056411743,2021-06-19 18:53:51.564886,2021-06-19 18:53:54.151138,0 days 00:00:02.586252,60,0.7044121314824888,10,1,30,21,121,"[1006, 4236]",COMPLETE
6061,6061,0.2380780461407729,2.7327311038970947,2021-06-19 18:53:54.154711,2021-06-19 18:53:56.894789,0 days 00:00:02.740078,20,0.603627004462215,10,1,8,25,121,"[316, 5336]",COMPLETE
6062,6062,0.25473711263374754,2.589099645614624,2021-06-19 18:53:56.898054,2021-06-19 18:53:59.494614,0 days 00:00:02.596560,20,0.7044121314824888,10,1,30,16,121,"[2991, 3100]",COMPLETE
6063,6063,0.23407382874731422,2.6250545978546143,2021-06-19 18:53:59.497939,2021-06-19 18:54:02.130798,0 days 00:00:02.632859,20,0.775837870117549,10,1,16,26,121,"[411, 5654]",COMPLETE
6064,6064,0.2290123675262255,2.769256830215454,2021-06-19 18:54:02.134545,2021-06-19 18:54:04.911950,0 days 00:00:02.777405,20,0.7044121314824888,10,1,30,25,121,"[5336, 4236]",COMPLETE
6065,6065,0.22979156734451994,2.615595817565918,2021-06-19 18:54:04.915201,2021-06-19 18:54:07.538046,0 days 00:00:02.622845,20,0.775837870117549,10,1,24,26,121,"[5853, 2209]",COMPLETE
6066,6066,0.29795589395340427,4.464242935180664,2021-06-19 18:54:07.541646,2021-06-19 18:54:12.013347,0 days 00:00:04.471701,20,0.7044121314824888,2,9,30,26,121,"[1218, 1218]",COMPLETE
6067,6067,0.2296184800839775,2.723973274230957,2021-06-19 18:54:12.016962,2021-06-19 18:54:14.748454,0 days 00:00:02.731492,20,0.7044121314824888,10,1,28,25,121,"[3195, 5853]",COMPLETE
6068,6068,0.29494115298410595,3.925633668899536,2021-06-19 18:54:14.752264,2021-06-19 18:54:18.685650,0 days 00:00:03.933386,20,0.8047024443354969,3,15,27,25,121,"[2229, 5495]",COMPLETE
6069,6069,0.23157716694729807,2.6166961193084717,2021-06-19 18:54:18.689126,2021-06-19 18:54:21.313392,0 days 00:00:02.624266,20,0.7044121314824888,10,3,30,25,121,"[4236, 5641]",COMPLETE
6070,6070,0.231020673576722,2.744248151779175,2021-06-19 18:54:21.316602,2021-06-19 18:54:24.068092,0 days 00:00:02.751490,20,0.7044121314824888,10,1,30,25,121,"[3260, 1006]",COMPLETE
6071,6071,0.2996077073232184,4.358437776565552,2021-06-19 18:54:24.071684,2021-06-19 18:54:28.437702,0 days 00:00:04.366018,60,0.7492482924832433,2,1,22,26,121,"[849, 2078]",COMPLETE
6072,6072,0.2388566969937729,2.7160420417785645,2021-06-19 18:54:28.441681,2021-06-19 18:54:31.165535,0 days 00:00:02.723854,20,0.7966386622430286,10,1,30,24,121,"[1159, 4781]",COMPLETE
6073,6073,0.23389756217708824,2.561345338821411,2021-06-19 18:54:31.168939,2021-06-19 18:54:33.737762,0 days 00:00:02.568823,10,0.7044121314824888,10,1,30,26,121,"[745, 1929]",COMPLETE
6074,6074,0.22942002246169765,2.6120669841766357,2021-06-19 18:54:33.741243,2021-06-19 18:54:36.360649,0 days 00:00:02.619406,20,0.7492482924832433,10,2,23,26,121,"[2078, 2078]",COMPLETE
6075,6075,0.23176151187996868,2.7619502544403076,2021-06-19 18:54:36.363953,2021-06-19 18:54:39.133441,0 days 00:00:02.769488,20,0.7653904935482456,10,1,30,24,121,"[1159, 880]",COMPLETE
6076,6076,0.22917039817774285,2.5960700511932373,2021-06-19 18:54:39.136920,2021-06-19 18:54:41.740288,0 days 00:00:02.603368,20,0.7044121314824888,10,9,30,26,121,"[1218, 1218]",COMPLETE
6077,6077,0.23307834975741903,2.6750996112823486,2021-06-19 18:54:41.743947,2021-06-19 18:54:44.426642,0 days 00:00:02.682695,60,0.9314360634556726,10,1,24,25,121,"[2991, 900]",COMPLETE
6078,6078,0.22864319842793152,2.847849130630493,2021-06-19 18:54:44.430285,2021-06-19 18:54:47.285619,0 days 00:00:02.855334,20,0.7044121314824888,10,15,30,26,121,"[5654, 3195]",COMPLETE
6079,6079,inf,inf,2021-06-19 18:54:47.289263,2021-06-19 18:54:47.422166,0 days 00:00:00.132903,20,0.4138597726741219,10,1,27,23,121,"[5336, 849]",COMPLETE
6080,6080,inf,inf,2021-06-19 18:54:47.428119,2021-06-19 18:54:47.620581,0 days 00:00:00.192462,20,0.32790753311723003,1,9,4,25,121,"[1244, 5381]",COMPLETE
6081,6081,0.23040031584332948,2.5898373126983643,2021-06-19 18:54:47.628409,2021-06-19 18:54:50.237744,0 days 00:00:02.609335,20,0.7044121314824888,10,5,30,25,121,"[1006, 2960]",COMPLETE
6082,6082,0.2324439438461897,2.7788853645324707,2021-06-19 18:54:50.241373,2021-06-19 18:54:53.027722,0 days 00:00:02.786349,20,0.7044121314824888,10,9,26,25,121,"[3256, 1929]",COMPLETE
6083,6083,0.2285372201519679,2.5482211112976074,2021-06-19 18:54:53.030941,2021-06-19 18:54:55.586459,0 days 00:00:02.555518,20,0.7044121314824888,10,1,30,25,121,"[1735, 3260]",COMPLETE
6084,6084,0.23374243960056357,2.5627036094665527,2021-06-19 18:54:55.590064,2021-06-19 18:54:58.160294,0 days 00:00:02.570230,20,0.7492482924832433,10,1,30,25,121,"[2078, 1006]",COMPLETE
6085,6085,0.2300272544791731,2.7381205558776855,2021-06-19 18:54:58.163699,2021-06-19 18:55:00.909287,0 days 00:00:02.745588,30,0.7492482924832433,10,1,30,25,121,"[880, 5381]",COMPLETE
6086,6086,0.3005348691312559,4.334493160247803,2021-06-19 18:55:00.912764,2021-06-19 18:55:05.254773,0 days 00:00:04.342009,20,0.7044121314824888,2,1,30,29,121,"[3100, 1006]",COMPLETE
6087,6087,0.27537435205735644,3.1975841522216797,2021-06-19 18:55:05.258346,2021-06-19 18:55:08.463544,0 days 00:00:03.205198,20,0.7044121314824888,5,1,28,25,121,"[2063, 2659]",COMPLETE
6088,6088,0.23437800501926864,2.689934492111206,2021-06-19 18:55:08.467215,2021-06-19 18:55:11.165342,0 days 00:00:02.698127,20,0.7044121314824888,10,1,30,25,121,"[3260, 4781]",COMPLETE
6089,6089,inf,inf,2021-06-19 18:55:11.169021,2021-06-19 18:55:11.545023,0 days 00:00:00.376002,20,0.5024543721957113,10,15,30,25,121,"[5495, 5495]",COMPLETE
6090,6090,0.28422140946783925,3.4767324924468994,2021-06-19 18:55:11.551058,2021-06-19 18:55:15.055832,0 days 00:00:03.504774,20,0.7044121314824888,4,9,30,25,121,"[1244, 3100]",COMPLETE
6091,6091,0.2945478296489729,3.5998823642730713,2021-06-19 18:55:15.059425,2021-06-19 18:55:18.666857,0 days 00:00:03.607432,0,0.775837870117549,4,1,30,25,121,"[5145, 1028]",COMPLETE
6092,6092,0.31766230043228716,9.29167366027832,2021-06-19 18:55:18.670602,2021-06-19 18:55:27.970194,0 days 00:00:09.299592,20,0.775837870117549,0,1,30,25,121,"[3195, 1974]",COMPLETE
6093,6093,0.23618680620451274,2.5656747817993164,2021-06-19 18:55:27.973801,2021-06-19 18:55:30.546984,0 days 00:00:02.573183,10,0.7044121314824888,10,1,24,23,121,"[5379, 849]",COMPLETE
6094,6094,0.2900399276137691,2.900373697280884,2021-06-19 18:55:30.550564,2021-06-19 18:55:33.458446,0 days 00:00:02.907882,40,0.775837870117549,9,1,30,9,121,"[3760, 1205]",COMPLETE
6095,6095,inf,inf,2021-06-19 18:55:33.461568,2021-06-19 18:55:33.645111,0 days 00:00:00.183543,20,0.4010622004980831,10,12,30,26,121,"[4523, 3256]",COMPLETE
6096,6096,0.2303439773566684,2.7755281925201416,2021-06-19 18:55:33.669320,2021-06-19 18:55:36.465733,0 days 00:00:02.796413,20,0.9373974874682833,10,1,30,25,121,"[2063, 2991]",COMPLETE
6097,6097,inf,inf,2021-06-19 18:55:36.469170,2021-06-19 18:55:36.670705,0 days 00:00:00.201535,20,0.3931848930267802,10,4,15,25,121,"[1205, 1028]",COMPLETE
6098,6098,inf,inf,2021-06-19 18:55:36.679647,2021-06-19 18:55:37.019843,0 days 00:00:00.340196,30,0.530187296170499,10,1,22,13,121,"[5145, 849]",COMPLETE
6099,6099,0.2538742034445958,2.8825480937957764,2021-06-19 18:55:37.025524,2021-06-19 18:55:39.931888,0 days 00:00:02.906364,20,0.6568628714471467,7,1,30,25,121,"[5853, 1929]",COMPLETE
6100,6100,0.23042652054131027,2.7077724933624268,2021-06-19 18:55:39.935543,2021-06-19 18:56:54.487990,0 days 00:01:14.552447,20,0.8094068933064835,10,1,30,25,122,"[3195, 5853]",COMPLETE
6101,6101,0.2305239761367162,2.647655725479126,2021-06-19 18:56:54.495315,2021-06-19 18:56:57.153491,0 days 00:00:02.658176,20,0.775837870117549,10,1,30,26,122,"[1974, 1974]",COMPLETE
6102,6102,inf,inf,2021-06-19 18:56:57.157104,2021-06-19 18:56:57.351188,0 days 00:00:00.194084,20,0.34609543594037734,5,1,30,25,122,"[3100, 3483]",COMPLETE
6103,6103,0.2287619125395831,2.7325143814086914,2021-06-19 18:56:57.365316,2021-06-19 18:57:00.123711,0 days 00:00:02.758395,20,0.775837870117549,10,1,30,26,122,"[1974, 1974]",COMPLETE
6104,6104,0.2289983701719755,2.609247922897339,2021-06-19 18:57:00.127254,2021-06-19 18:57:02.744150,0 days 00:00:02.616896,20,0.7044121314824888,10,1,30,26,122,"[6083, 4331]",COMPLETE
