,number,values_0,values_1,datetime_start,datetime_complete,duration,params_checks,params_n_ratio,params_nskip,params_trees,params_w1,params_w2,system_attrs_nsga2:generation,system_attrs_nsga2:parents,state
378,378,0.2757300393228678,3.5438361167907715,2021-06-19 13:33:29.427066,2021-06-19 13:33:32.972409,0 days 00:00:03.545343,40,0.7449417190855463,4,7,8,26,7,"[247, 216]",COMPLETE
379,379,0.2964822479910596,2.653632879257202,2021-06-19 13:33:32.973760,2021-06-19 13:33:35.628811,0 days 00:00:02.655051,20,0.7898533746969818,9,7,30,7,7,"[26, 297]",COMPLETE
380,380,0.235933269907407,2.7605693340301514,2021-06-19 13:33:35.630118,2021-06-19 13:33:38.391953,0 days 00:00:02.761835,20,0.7492482924832433,10,12,18,28,7,"[241, 340]",COMPLETE
381,381,0.2346154994181938,2.60836124420166,2021-06-19 13:33:38.393310,2021-06-19 13:33:41.002875,0 days 00:00:02.609565,20,0.7044121314824888,10,9,18,26,7,"[256, 213]",COMPLETE
382,382,0.2367601673472182,2.702258348464966,2021-06-19 13:33:41.004254,2021-06-19 13:33:43.707695,0 days 00:00:02.703441,80,0.865458317883941,10,9,14,25,7,"[213, 328]",COMPLETE
383,383,0.23968898572315214,2.6980063915252686,2021-06-19 13:33:43.709056,2021-06-19 13:33:46.408145,0 days 00:00:02.699089,10,0.6415492259649922,10,1,8,23,7,"[254, 254]",COMPLETE
384,384,0.3522730042516631,2.552604913711548,2021-06-19 13:33:46.409443,2021-06-19 13:33:48.963316,0 days 00:00:02.553873,20,0.6314256997385901,10,5,30,1,7,"[323, 276]",COMPLETE
385,385,0.22876653589056015,2.7090344429016113,2021-06-19 13:33:48.964338,2021-06-19 13:33:51.674827,0 days 00:00:02.710489,20,0.7044121314824888,10,12,23,27,7,"[303, 275]",COMPLETE
386,386,0.2325964968179589,2.653608798980713,2021-06-19 13:33:51.676209,2021-06-19 13:33:54.330832,0 days 00:00:02.654623,20,0.7815688639630782,10,12,22,24,7,"[290, 290]",COMPLETE
387,387,0.2402262111988538,2.891484498977661,2021-06-19 13:33:54.332212,2021-06-19 13:33:57.225052,0 days 00:00:02.892840,50,0.9283006849250797,10,9,14,28,7,"[213, 330]",COMPLETE
388,388,0.2513668802825081,2.5727226734161377,2021-06-19 13:33:57.226312,2021-06-19 13:33:59.800570,0 days 00:00:02.574258,60,0.6707151259602254,10,1,2,20,7,"[243, 256]",COMPLETE
389,389,0.22944295529176298,2.709214925765991,2021-06-19 13:33:59.801910,2021-06-19 13:34:02.512252,0 days 00:00:02.710342,20,0.7492482924832433,10,12,30,24,7,"[241, 241]",COMPLETE
390,390,0.30164923226355894,2.6231584548950195,2021-06-19 13:34:02.513605,2021-06-19 13:34:05.138147,0 days 00:00:02.624542,20,0.7492482924832433,10,11,18,4,7,"[339, 200]",COMPLETE
391,391,0.23247107032960587,2.712526321411133,2021-06-19 13:34:05.139176,2021-06-19 13:34:07.853161,0 days 00:00:02.713985,20,0.7815688639630782,10,5,22,24,7,"[328, 290]",COMPLETE
392,392,0.2410899785702362,2.6717541217803955,2021-06-19 13:34:07.854504,2021-06-19 13:34:10.527549,0 days 00:00:02.673045,10,0.7598381952286053,10,1,8,23,7,"[254, 154]",COMPLETE
393,393,0.24789329794322598,2.6847317218780518,2021-06-19 13:34:10.528780,2021-06-19 13:34:13.214981,0 days 00:00:02.686201,40,0.6314256997385901,10,1,25,19,7,"[115, 156]",COMPLETE
394,394,0.242825462187073,2.6614415645599365,2021-06-19 13:34:13.216252,2021-06-19 13:34:15.879086,0 days 00:00:02.662834,70,0.7735969047093239,10,9,3,26,7,"[281, 272]",COMPLETE
395,395,0.2299626225857801,2.6612751483917236,2021-06-19 13:34:15.880530,2021-06-19 13:34:18.543039,0 days 00:00:02.662509,50,0.8047024443354969,10,1,30,25,7,"[241, 250]",COMPLETE
396,396,0.23189289900962232,2.585391044616699,2021-06-19 13:34:18.543952,2021-06-19 13:34:21.130624,0 days 00:00:02.586672,50,0.7815688639630782,10,1,30,28,7,"[330, 235]",COMPLETE
397,397,0.2363666004505801,2.6846635341644287,2021-06-19 13:34:21.131546,2021-06-19 13:34:23.817709,0 days 00:00:02.686163,20,0.7815688639630782,10,5,14,24,7,"[270, 227]",COMPLETE
398,398,inf,inf,2021-06-19 13:34:23.819072,2021-06-19 13:34:24.300654,0 days 00:00:00.481582,50,0.6065988787240697,10,8,18,29,7,"[247, 340]",COMPLETE
399,399,0.24189633451892628,2.599348306655884,2021-06-19 13:34:24.318972,2021-06-19 13:34:26.920592,0 days 00:00:02.601620,20,0.7735969047093239,10,7,8,22,7,"[216, 216]",COMPLETE
400,400,0.23842730095835826,2.619511127471924,2021-06-19 13:34:26.921958,2021-06-19 13:35:41.944431,0 days 00:01:15.022473,20,0.7492482924832433,10,11,7,24,8,"[256, 389]",COMPLETE
401,401,inf,inf,2021-06-19 13:35:41.945901,2021-06-19 13:35:42.413442,0 days 00:00:00.467541,20,0.5898679191845584,10,9,23,27,8,"[303, 303]",COMPLETE
402,402,0.2671666855965335,3.3584647178649902,2021-06-19 13:35:42.418378,2021-06-19 13:35:45.779548,0 days 00:00:03.361170,70,0.865458317883941,5,9,30,26,8,"[258, 356]",COMPLETE
403,403,0.2414906203515707,2.7326323986053467,2021-06-19 13:35:45.780902,2021-06-19 13:35:48.514798,0 days 00:00:02.733896,10,0.7815688639630782,10,1,8,23,8,"[251, 254]",COMPLETE
404,404,0.2302808394070856,2.6052958965301514,2021-06-19 13:35:48.515977,2021-06-19 13:35:51.122581,0 days 00:00:02.606604,20,0.7039382016603601,10,7,30,26,8,"[241, 175]",COMPLETE
405,405,0.2950707956685212,2.610405445098877,2021-06-19 13:35:51.123958,2021-06-19 13:35:53.735559,0 days 00:00:02.611601,30,0.7044121314824888,10,9,23,6,8,"[281, 281]",COMPLETE
406,406,0.259212348969647,2.713716983795166,2021-06-19 13:35:53.736823,2021-06-19 13:35:56.451736,0 days 00:00:02.714913,20,0.7492482924832433,10,1,10,16,8,"[159, 356]",COMPLETE
407,407,0.23545041833881566,2.546459436416626,2021-06-19 13:35:56.452662,2021-06-19 13:35:59.000549,0 days 00:00:02.547887,10,0.6415492259649922,10,1,19,23,8,"[254, 311]",COMPLETE
408,408,0.250025511312716,2.702394723892212,2021-06-19 13:35:59.001679,2021-06-19 13:36:01.705557,0 days 00:00:02.703878,50,0.8047024443354969,10,1,10,19,8,"[395, 243]",COMPLETE
409,409,0.24140560248144197,2.6375932693481445,2021-06-19 13:36:01.706928,2021-06-19 13:36:04.346002,0 days 00:00:02.639074,10,0.6415492259649922,10,16,8,26,8,"[254, 216]",COMPLETE
410,410,0.33723819865367033,2.8031795024871826,2021-06-19 13:36:04.347263,2021-06-19 13:36:07.151943,0 days 00:00:02.804680,0,0.769694128249329,10,7,2,2,8,"[368, 388]",COMPLETE
411,411,0.22703627854499253,2.563234329223633,2021-06-19 13:36:07.153319,2021-06-19 13:36:09.718030,0 days 00:00:02.564711,20,0.7044121314824888,10,9,26,26,8,"[256, 374]",COMPLETE
412,412,0.23123216239925365,2.698302984237671,2021-06-19 13:36:09.719401,2021-06-19 13:36:12.418865,0 days 00:00:02.699464,30,0.7044121314824888,10,9,23,26,8,"[281, 281]",COMPLETE
413,413,0.23932056566547105,2.524158477783203,2021-06-19 13:36:12.420169,2021-06-19 13:36:14.945529,0 days 00:00:02.525360,10,0.6459572122253778,10,1,10,23,8,"[254, 370]",COMPLETE
414,414,0.235693306529024,2.694990873336792,2021-06-19 13:36:14.946888,2021-06-19 13:36:17.643231,0 days 00:00:02.696343,20,0.7735969047093239,10,1,16,24,8,"[331, 270]",COMPLETE
415,415,0.27282084964793146,3.136988639831543,2021-06-19 13:36:17.644489,2021-06-19 13:36:20.782974,0 days 00:00:03.138485,20,0.7735969047093239,5,7,22,26,8,"[302, 351]",COMPLETE
416,416,0.23397112837593026,2.847231149673462,2021-06-19 13:36:20.784391,2021-06-19 13:36:23.632849,0 days 00:00:02.848458,20,0.865458317883941,10,9,18,26,8,"[328, 381]",COMPLETE
417,417,0.2368799578541136,2.5576419830322266,2021-06-19 13:36:23.633817,2021-06-19 13:36:26.192763,0 days 00:00:02.558946,20,0.7044121314824888,10,2,14,26,8,"[338, 356]",COMPLETE
418,418,0.23569700314531575,2.7248997688293457,2021-06-19 13:36:26.194135,2021-06-19 13:36:28.920269,0 days 00:00:02.726134,20,0.7044121314824888,10,12,14,26,8,"[385, 213]",COMPLETE
419,419,inf,inf,2021-06-19 13:36:28.921592,2021-06-19 13:36:29.260824,0 days 00:00:00.339232,10,0.5133236826022587,10,1,22,2,8,"[302, 254]",COMPLETE
420,420,0.2529489460541765,2.61220383644104,2021-06-19 13:36:29.264753,2021-06-19 13:36:31.879682,0 days 00:00:02.614929,20,0.8047024443354969,10,1,22,18,8,"[302, 275]",COMPLETE
421,421,0.24833866324060314,2.711425542831421,2021-06-19 13:36:31.881047,2021-06-19 13:36:34.593718,0 days 00:00:02.712671,20,0.6707151259602254,10,9,30,20,8,"[366, 388]",COMPLETE
422,422,0.2821367734384623,2.5268406867980957,2021-06-19 13:36:34.595083,2021-06-19 13:36:37.123275,0 days 00:00:02.528192,10,0.603627004462215,10,1,18,12,8,"[227, 316]",COMPLETE
423,423,0.2355669533752315,2.71695876121521,2021-06-19 13:36:37.124672,2021-06-19 13:36:39.842982,0 days 00:00:02.718310,80,0.865458317883941,10,13,14,24,8,"[270, 328]",COMPLETE
424,424,0.22858906903703785,2.744351863861084,2021-06-19 13:36:39.844010,2021-06-19 13:36:42.589665,0 days 00:00:02.745655,20,0.603627004462215,10,7,24,25,8,"[175, 275]",COMPLETE
425,425,0.3079888685528875,5.612145662307739,2021-06-19 13:36:42.591039,2021-06-19 13:36:48.204608,0 days 00:00:05.613569,20,0.6314256997385901,1,9,14,24,8,"[374, 270]",COMPLETE
426,426,0.24569272291951408,2.734656572341919,2021-06-19 13:36:48.205988,2021-06-19 13:36:50.942135,0 days 00:00:02.736147,20,0.7815688639630782,10,12,22,20,8,"[362, 175]",COMPLETE
427,427,0.2376773617378261,2.562664031982422,2021-06-19 13:36:50.943516,2021-06-19 13:36:53.507455,0 days 00:00:02.563939,20,0.7492482924832433,10,1,30,24,8,"[297, 356]",COMPLETE
428,428,0.23285909986297149,2.955146312713623,2021-06-19 13:36:53.508631,2021-06-19 13:36:56.465134,0 days 00:00:02.956503,20,0.9612981322832199,10,1,30,24,8,"[241, 270]",COMPLETE
429,429,0.23150077804831393,2.619004726409912,2021-06-19 13:36:56.466063,2021-06-19 13:36:59.086373,0 days 00:00:02.620310,10,0.7492482924832433,10,12,30,23,8,"[389, 251]",COMPLETE
430,430,0.23541360264940495,2.7009456157684326,2021-06-19 13:36:59.087624,2021-06-19 13:37:01.789901,0 days 00:00:02.702277,20,0.865458317883941,10,1,17,26,8,"[328, 314]",COMPLETE
431,431,0.23277696705575238,2.658055305480957,2021-06-19 13:37:01.791317,2021-06-19 13:37:04.450920,0 days 00:00:02.659603,30,0.7044121314824888,10,11,30,27,8,"[315, 366]",COMPLETE
432,432,0.2328381657078099,2.68087100982666,2021-06-19 13:37:04.452249,2021-06-19 13:37:07.134473,0 days 00:00:02.682224,100,0.865458317883941,10,1,18,26,8,"[256, 311]",COMPLETE
433,433,0.23921306994758965,2.5292632579803467,2021-06-19 13:37:07.135859,2021-06-19 13:37:09.666637,0 days 00:00:02.530778,10,0.603627004462215,10,1,27,23,8,"[388, 316]",COMPLETE
434,434,0.4988300025687973,9.500344276428223,2021-06-19 13:37:09.667836,2021-06-19 13:37:19.169773,0 days 00:00:09.501937,100,0.8047024443354969,0,1,9,2,8,"[185, 395]",COMPLETE
435,435,0.2430275167592464,2.5956783294677734,2021-06-19 13:37:19.171167,2021-06-19 13:37:21.768217,0 days 00:00:02.597050,30,0.7044121314824888,10,12,22,21,8,"[290, 315]",COMPLETE
436,436,0.2351529879828192,2.6371965408325195,2021-06-19 13:37:21.769374,2021-06-19 13:37:24.408064,0 days 00:00:02.638690,20,0.7815688639630782,10,5,23,27,8,"[385, 391]",COMPLETE
437,437,0.23146915033091073,2.6872031688690186,2021-06-19 13:37:24.409252,2021-06-19 13:37:27.098033,0 days 00:00:02.688781,20,0.6314256997385901,10,5,22,27,8,"[115, 385]",COMPLETE
438,438,0.23608400214095998,2.5866715908050537,2021-06-19 13:37:27.099410,2021-06-19 13:37:29.687459,0 days 00:00:02.588049,20,0.769694128249329,10,7,14,24,8,"[368, 286]",COMPLETE
439,439,0.2662192616968518,2.768588066101074,2021-06-19 13:37:29.688757,2021-06-19 13:37:32.458654,0 days 00:00:02.769897,20,0.6459572122253778,10,14,10,16,8,"[370, 159]",COMPLETE
440,440,0.2891552440598928,2.595886707305908,2021-06-19 13:37:32.460037,2021-06-19 13:37:35.057337,0 days 00:00:02.597300,80,0.865458317883941,10,1,10,10,8,"[328, 159]",COMPLETE
441,441,0.25489543934763204,2.7552754878997803,2021-06-19 13:37:35.058655,2021-06-19 13:37:37.815240,0 days 00:00:02.756585,40,0.6707151259602254,10,12,2,19,8,"[386, 243]",COMPLETE
442,442,0.37211939175575826,3.5475375652313232,2021-06-19 13:37:37.816642,2021-06-19 13:37:41.365780,0 days 00:00:03.549138,90,0.6314256997385901,4,7,21,1,8,"[286, 384]",COMPLETE
443,443,0.24328891649153184,2.7020254135131836,2021-06-19 13:37:41.367107,2021-06-19 13:37:44.070370,0 days 00:00:02.703263,20,0.7492482924832433,10,9,3,24,8,"[258, 372]",COMPLETE
444,444,0.2322203442346405,2.6365714073181152,2021-06-19 13:37:44.071756,2021-06-19 13:37:46.709792,0 days 00:00:02.638036,60,0.6707151259602254,10,4,30,26,8,"[388, 374]",COMPLETE
445,445,0.2310046798038558,2.627147674560547,2021-06-19 13:37:46.711113,2021-06-19 13:37:49.339700,0 days 00:00:02.628587,50,0.7044121314824888,10,9,23,26,8,"[303, 258]",COMPLETE
446,446,0.2989786883325319,4.503436326980591,2021-06-19 13:37:49.340663,2021-06-19 13:37:53.845478,0 days 00:00:04.504815,60,0.865458317883941,2,1,11,23,8,"[356, 356]",COMPLETE
447,447,0.30672407724684003,2.583127498626709,2021-06-19 13:37:53.846865,2021-06-19 13:37:56.431544,0 days 00:00:02.584679,10,0.7492482924832433,10,7,30,1,8,"[254, 389]",COMPLETE
448,448,0.28193525132743896,3.4712133407592773,2021-06-19 13:37:56.432953,2021-06-19 13:37:59.905540,0 days 00:00:03.472587,20,0.865458317883941,4,1,2,23,8,"[243, 356]",COMPLETE
449,449,0.2303830414474414,2.7208173274993896,2021-06-19 13:37:59.906933,2021-06-19 13:38:02.629146,0 days 00:00:02.722213,20,0.6459572122253778,10,14,22,24,8,"[370, 290]",COMPLETE
450,450,0.2455660465073829,2.717334032058716,2021-06-19 13:38:02.630536,2021-06-19 13:38:05.395033,0 days 00:00:02.764497,20,0.7044121314824888,10,9,3,27,9,"[366, 385]",COMPLETE
451,451,0.23457753000151113,2.6788883209228516,2021-06-19 13:38:05.396400,2021-06-19 13:38:08.076750,0 days 00:00:02.680350,20,0.603627004462215,10,13,30,26,9,"[316, 258]",COMPLETE
452,452,0.23487450043971872,2.8133041858673096,2021-06-19 13:38:08.078141,2021-06-19 13:38:10.892745,0 days 00:00:02.814604,20,0.7044121314824888,10,14,18,26,9,"[256, 256]",COMPLETE
453,453,0.23074897251614138,2.736018419265747,2021-06-19 13:38:10.894123,2021-06-19 13:38:13.631524,0 days 00:00:02.737401,30,0.7044121314824888,10,8,24,26,9,"[281, 424]",COMPLETE
454,454,0.29184988173623183,2.6219112873077393,2021-06-19 13:38:13.632820,2021-06-19 13:38:16.256311,0 days 00:00:02.623491,10,0.644732398564264,10,1,10,11,9,"[316, 159]",COMPLETE
455,455,0.23974299167654528,2.54082989692688,2021-06-19 13:38:16.257704,2021-06-19 13:38:18.799977,0 days 00:00:02.542273,20,0.6415492259649922,10,1,10,27,9,"[254, 303]",COMPLETE
456,456,0.23565081010603825,2.5829689502716064,2021-06-19 13:38:18.801368,2021-06-19 13:38:21.385590,0 days 00:00:02.584222,50,0.6459572122253778,10,1,10,25,9,"[413, 395]",COMPLETE
457,457,0.22803802112143592,2.726926565170288,2021-06-19 13:38:21.386863,2021-06-19 13:38:24.115116,0 days 00:00:02.728253,50,0.7044121314824888,10,9,30,26,9,"[374, 445]",COMPLETE
458,458,0.2383030873076204,2.571125030517578,2021-06-19 13:38:24.116497,2021-06-19 13:38:26.688935,0 days 00:00:02.572438,20,0.7044121314824888,10,1,8,25,9,"[316, 385]",COMPLETE
459,459,0.23408757981193282,2.735703706741333,2021-06-19 13:38:26.690327,2021-06-19 13:38:29.427435,0 days 00:00:02.737108,20,0.8406299022049231,10,12,24,27,9,"[385, 175]",COMPLETE
460,460,0.282251173303482,3.392335891723633,2021-06-19 13:38:29.428833,2021-06-19 13:38:32.822868,0 days 00:00:03.394035,90,0.7735969047093239,4,1,18,26,9,"[422, 286]",COMPLETE
461,461,0.23729862274423247,2.720986843109131,2021-06-19 13:38:32.824060,2021-06-19 13:38:35.546389,0 days 00:00:02.722329,20,0.865458317883941,10,7,9,25,9,"[311, 175]",COMPLETE
462,462,0.23980635185018165,2.5192172527313232,2021-06-19 13:38:35.547336,2021-06-19 13:38:38.067855,0 days 00:00:02.520519,20,0.6314256997385901,10,1,30,24,9,"[366, 270]",COMPLETE
463,463,0.2803041967151176,3.1084330081939697,2021-06-19 13:38:38.069268,2021-06-19 13:38:41.179143,0 days 00:00:03.109875,20,0.6314256997385901,6,14,17,24,9,"[449, 115]",COMPLETE
464,464,0.23344828436520246,2.575775384902954,2021-06-19 13:38:41.180566,2021-06-19 13:38:43.757795,0 days 00:00:02.577229,20,0.7492482924832433,10,5,23,27,9,"[241, 385]",COMPLETE
465,465,0.2312345094639915,2.728186845779419,2021-06-19 13:38:43.759125,2021-06-19 13:38:46.488759,0 days 00:00:02.729634,30,0.7044121314824888,10,9,23,26,9,"[256, 445]",COMPLETE
466,466,0.23375385013918704,2.7461440563201904,2021-06-19 13:38:46.490123,2021-06-19 13:38:49.237541,0 days 00:00:02.747418,20,0.7039382016603601,10,7,24,26,9,"[411, 175]",COMPLETE
467,467,0.22979326088014587,2.590102195739746,2021-06-19 13:38:49.238826,2021-06-19 13:38:51.830342,0 days 00:00:02.591516,20,0.7044121314824888,10,9,23,27,9,"[303, 366]",COMPLETE
468,468,0.233939873177855,2.736628770828247,2021-06-19 13:38:51.831685,2021-06-19 13:38:54.569709,0 days 00:00:02.738024,50,0.8047024443354969,10,7,17,26,9,"[286, 395]",COMPLETE
469,469,0.26255949752315255,2.6911494731903076,2021-06-19 13:38:54.570791,2021-06-19 13:38:57.263417,0 days 00:00:02.692626,70,0.7492482924832433,10,12,30,12,9,"[389, 427]",COMPLETE
470,470,0.23326179189738674,2.8242433071136475,2021-06-19 13:38:57.264335,2021-06-19 13:39:00.090104,0 days 00:00:02.825769,100,0.7735969047093239,10,13,17,25,9,"[286, 311]",COMPLETE
471,471,0.24945950454758506,2.641383647918701,2021-06-19 13:39:00.091248,2021-06-19 13:39:02.733981,0 days 00:00:02.642733,60,0.6615109583966832,10,3,2,20,9,"[388, 388]",COMPLETE
472,472,0.2918085796131619,2.699411153793335,2021-06-19 13:39:02.735267,2021-06-19 13:39:05.436157,0 days 00:00:02.700890,20,0.865458317883941,10,1,9,8,9,"[311, 256]",COMPLETE
473,473,0.2328491904270998,2.596226930618286,2021-06-19 13:39:05.437422,2021-06-19 13:39:08.035048,0 days 00:00:02.597626,20,0.6314256997385901,10,3,14,24,9,"[427, 270]",COMPLETE
474,474,0.27990121502329496,3.228330135345459,2021-06-19 13:39:08.036244,2021-06-19 13:39:11.266051,0 days 00:00:03.229807,20,0.865458317883941,5,1,10,20,9,"[185, 331]",COMPLETE
475,475,0.2312766284353531,2.5929758548736572,2021-06-19 13:39:11.266992,2021-06-19 13:39:13.861403,0 days 00:00:02.594411,10,0.603627004462215,10,9,30,26,9,"[374, 422]",COMPLETE
476,476,0.23457758710907856,2.665513515472412,2021-06-19 13:39:13.862353,2021-06-19 13:39:16.529163,0 days 00:00:02.666810,20,0.7735969047093239,10,1,14,24,9,"[331, 270]",COMPLETE
477,477,0.23168162408658116,2.615096092224121,2021-06-19 13:39:16.530178,2021-06-19 13:39:19.146616,0 days 00:00:02.616438,50,0.7044121314824888,10,1,22,26,9,"[258, 302]",COMPLETE
478,478,0.2795852839521868,2.615429639816284,2021-06-19 13:39:19.147929,2021-06-19 13:39:21.764683,0 days 00:00:02.616754,10,0.603627004462215,10,9,18,12,9,"[422, 422]",COMPLETE
479,479,0.23324937766182488,2.7890896797180176,2021-06-19 13:39:21.766082,2021-06-19 13:39:24.556667,0 days 00:00:02.790585,50,0.769694128249329,10,14,23,27,9,"[368, 385]",COMPLETE
480,480,0.22915072985032284,2.610214948654175,2021-06-19 13:39:24.557924,2021-06-19 13:39:27.169275,0 days 00:00:02.611351,20,0.7044121314824888,10,9,23,27,9,"[303, 303]",COMPLETE
481,481,inf,inf,2021-06-19 13:39:27.170543,2021-06-19 13:39:27.361158,0 days 00:00:00.190615,20,0.380310765068067,10,9,14,26,9,"[213, 258]",COMPLETE
482,482,0.25797801170658335,2.7527852058410645,2021-06-19 13:39:27.362527,2021-06-19 13:39:30.117712,0 days 00:00:02.755185,10,0.7815688639630782,10,7,14,18,9,"[368, 251]",COMPLETE
483,483,0.23299088811882185,2.6154286861419678,2021-06-19 13:39:30.119116,2021-06-19 13:39:32.736128,0 days 00:00:02.617012,40,0.865458317883941,10,3,22,25,9,"[311, 290]",COMPLETE
484,484,inf,inf,2021-06-19 13:39:32.737093,2021-06-19 13:39:32.862696,0 days 00:00:00.125603,20,0.32366785550384075,10,9,24,23,9,"[407, 258]",COMPLETE
485,485,0.23063732806171924,2.7176263332366943,2021-06-19 13:39:32.864661,2021-06-19 13:39:35.601932,0 days 00:00:02.737271,50,0.7039382016603601,10,4,24,26,9,"[175, 422]",COMPLETE
486,486,0.23492243489251574,2.5770621299743652,2021-06-19 13:39:35.602880,2021-06-19 13:39:38.181459,0 days 00:00:02.578579,20,0.7492482924832433,10,5,30,23,9,"[429, 404]",COMPLETE
487,487,0.24480364760283868,2.734159231185913,2021-06-19 13:39:38.182418,2021-06-19 13:39:40.918034,0 days 00:00:02.735616,30,0.7044121314824888,10,9,2,26,9,"[303, 412]",COMPLETE
488,488,0.23062192982217727,2.523334503173828,2021-06-19 13:39:40.918983,2021-06-19 13:39:43.443782,0 days 00:00:02.524799,20,0.7492482924832433,10,1,30,25,9,"[241, 328]",COMPLETE
489,489,0.23254242721282578,2.7529213428497314,2021-06-19 13:39:43.444740,2021-06-19 13:39:46.199121,0 days 00:00:02.754381,50,0.8047024443354969,10,9,17,25,9,"[412, 395]",COMPLETE
490,490,0.2348823182777339,2.587373971939087,2021-06-19 13:39:46.200343,2021-06-19 13:39:48.789077,0 days 00:00:02.588734,20,0.7044121314824888,10,9,26,23,9,"[411, 407]",COMPLETE
491,491,0.23234911844018988,2.603576898574829,2021-06-19 13:39:48.790180,2021-06-19 13:39:51.395129,0 days 00:00:02.604949,20,0.603627004462215,10,7,24,26,9,"[175, 424]",COMPLETE
492,492,0.2351396561961277,2.7342615127563477,2021-06-19 13:39:51.396545,2021-06-19 13:39:54.132090,0 days 00:00:02.735545,20,0.7044121314824888,10,9,14,26,9,"[411, 417]",COMPLETE
493,493,0.3730440437933639,2.812556743621826,2021-06-19 13:39:54.133422,2021-06-19 13:39:56.947386,0 days 00:00:02.813964,20,0.6314256997385901,7,1,17,1,9,"[115, 328]",COMPLETE
494,494,0.2316133156699617,2.6969287395477295,2021-06-19 13:39:56.948732,2021-06-19 13:39:59.647221,0 days 00:00:02.698489,20,0.7492482924832433,10,9,22,24,9,"[258, 241]",COMPLETE
495,495,0.23120687670416387,2.657318115234375,2021-06-19 13:39:59.648670,2021-06-19 13:40:02.307283,0 days 00:00:02.658613,20,0.7735969047093239,10,12,22,24,9,"[216, 290]",COMPLETE
496,496,0.2300176140802227,2.6906909942626953,2021-06-19 13:40:02.308423,2021-06-19 13:40:05.000653,0 days 00:00:02.692230,20,0.7156364539979995,10,9,26,26,9,"[411, 356]",COMPLETE
497,497,0.30436497446489746,2.656219959259033,2021-06-19 13:40:05.002053,2021-06-19 13:40:07.659791,0 days 00:00:02.657738,60,0.6707151259602254,10,10,2,5,9,"[388, 159]",COMPLETE
498,498,0.23324153642937706,2.716662645339966,2021-06-19 13:40:07.661214,2021-06-19 13:40:10.379168,0 days 00:00:02.717954,20,0.7044121314824888,10,2,30,26,9,"[374, 417]",COMPLETE
499,499,0.2295711606372381,2.644043445587158,2021-06-19 13:40:10.380643,2021-06-19 13:40:13.026143,0 days 00:00:02.645500,50,0.7044121314824888,10,9,23,26,9,"[445, 338]",COMPLETE
