,number,values_0,values_1,datetime_start,datetime_complete,duration,params_checks,params_n_ratio,params_nskip,params_trees,params_w1,params_w2,system_attrs_nsga2:generation,system_attrs_nsga2:parents,state
4325,4325,0.2326986527117413,2.5842227935791016,2021-06-19 17:14:08.391437,2021-06-19 17:14:10.981257,0 days 00:00:02.589820,50,0.7044121314824888,10,1,30,26,86,"[3100, 3105]",COMPLETE
4326,4326,0.23015834386385442,2.601652145385742,2021-06-19 17:14:10.983676,2021-06-19 17:14:13.590828,0 days 00:00:02.607152,20,0.6687327343554937,10,1,26,26,86,"[411, 1599]",COMPLETE
4327,4327,0.2331701457253761,2.713465690612793,2021-06-19 17:14:13.593573,2021-06-19 17:14:16.312488,0 days 00:00:02.718915,20,0.7044121314824888,10,1,30,25,86,"[2862, 1135]",COMPLETE
4328,4328,0.22898291146547253,2.6007957458496094,2021-06-19 17:14:16.315034,2021-06-19 17:14:18.921230,0 days 00:00:02.606196,20,0.7044121314824888,10,9,26,25,86,"[1656, 411]",COMPLETE
4329,4329,0.232669471754141,2.563389778137207,2021-06-19 17:14:18.924152,2021-06-19 17:14:21.492959,0 days 00:00:02.568807,30,0.7044121314824888,10,1,30,23,86,"[2963, 849]",COMPLETE
4330,4330,0.23391539255621152,2.6966726779937744,2021-06-19 17:14:21.495565,2021-06-19 17:14:24.197952,0 days 00:00:02.702387,50,0.685454214359507,10,1,30,26,86,"[2960, 3566]",COMPLETE
4331,4331,0.22941531010600014,2.527155637741089,2021-06-19 17:14:24.200627,2021-06-19 17:14:26.733223,0 days 00:00:02.532596,20,0.775837870117549,10,1,30,26,86,"[3566, 2078]",COMPLETE
4332,4332,0.2281110420954463,2.7971434593200684,2021-06-19 17:14:26.736131,2021-06-19 17:14:29.538780,0 days 00:00:02.802649,30,0.7932331931186425,10,9,30,26,86,"[2963, 1599]",COMPLETE
4333,4333,0.2869983077067767,2.6438279151916504,2021-06-19 17:14:29.541246,2021-06-19 17:14:32.190627,0 days 00:00:02.649381,30,0.7044121314824888,10,9,30,10,86,"[2963, 1244]",COMPLETE
4334,4334,0.281279161333496,2.604515790939331,2021-06-19 17:14:32.193360,2021-06-19 17:14:34.803552,0 days 00:00:02.610192,20,0.7044121314824888,10,1,30,8,86,"[1218, 1929]",COMPLETE
4335,4335,0.23639185333771925,2.814656972885132,2021-06-19 17:14:34.806833,2021-06-19 17:14:37.627277,0 days 00:00:02.820444,20,0.7044121314824888,9,1,30,25,86,"[3260, 411]",COMPLETE
4336,4336,0.2691145233668599,2.657520055770874,2021-06-19 17:14:37.630132,2021-06-19 17:14:40.293281,0 days 00:00:02.663149,20,0.7044121314824888,10,9,4,14,86,"[1205, 2960]",COMPLETE
4337,4337,0.23550185628996906,2.5454349517822266,2021-06-19 17:14:40.296113,2021-06-19 17:14:42.847120,0 days 00:00:02.551007,60,0.7044121314824888,10,1,30,25,86,"[3260, 1974]",COMPLETE
4338,4338,0.23697201475595953,2.7155568599700928,2021-06-19 17:14:42.850048,2021-06-19 17:14:45.571178,0 days 00:00:02.721130,20,0.7044121314824888,10,1,9,25,86,"[1244, 3260]",COMPLETE
4339,4339,0.22780646285878128,2.5965614318847656,2021-06-19 17:14:45.574061,2021-06-19 17:14:48.176098,0 days 00:00:02.602037,20,0.8047024443354969,10,1,23,26,86,"[1897, 647]",COMPLETE
4340,4340,0.23014768896005416,2.7231948375701904,2021-06-19 17:14:48.178887,2021-06-19 17:14:50.907649,0 days 00:00:02.728762,20,0.7044121314824888,10,1,30,25,86,"[2063, 1135]",COMPLETE
4341,4341,0.23162150310377685,2.583407402038574,2021-06-19 17:14:50.910422,2021-06-19 17:14:53.499424,0 days 00:00:02.589002,30,0.7044121314824888,10,1,30,25,86,"[1897, 1246]",COMPLETE
4342,4342,0.23021892017365567,2.586686372756958,2021-06-19 17:14:53.502258,2021-06-19 17:14:56.094433,0 days 00:00:02.592175,20,0.775837870117549,10,1,30,25,86,"[3082, 1389]",COMPLETE
4343,4343,0.23406444936688908,2.7526350021362305,2021-06-19 17:14:56.096911,2021-06-19 17:14:58.854889,0 days 00:00:02.757978,20,0.7044121314824888,10,1,30,26,86,"[2960, 3105]",COMPLETE
4344,4344,inf,inf,2021-06-19 17:14:58.857432,2021-06-19 17:14:59.159849,0 days 00:00:00.302417,20,0.5415632801175027,10,1,30,26,86,"[3566, 2229]",COMPLETE
4345,4345,0.3065380889905795,5.656336307525635,2021-06-19 17:14:59.168884,2021-06-19 17:15:04.842158,0 days 00:00:05.673274,20,0.7044121314824888,1,8,12,26,86,"[411, 3256]",COMPLETE
4346,4346,0.2324981786407515,2.59208607673645,2021-06-19 17:15:04.844899,2021-06-19 17:15:07.442487,0 days 00:00:02.597588,10,0.7044121314824888,10,1,30,25,86,"[2659, 1745]",COMPLETE
4347,4347,0.2314497358409148,2.7580406665802,2021-06-19 17:15:07.445057,2021-06-19 17:15:10.208570,0 days 00:00:02.763513,20,0.7044121314824888,10,1,26,26,86,"[411, 1735]",COMPLETE
4348,4348,0.24062968649491623,2.7075865268707275,2021-06-19 17:15:10.211298,2021-06-19 17:15:12.924568,0 days 00:00:02.713270,60,0.6595993622142478,10,1,30,30,86,"[1028, 4258]",COMPLETE
4349,4349,0.23165996194279334,2.79738187789917,2021-06-19 17:15:12.927389,2021-06-19 17:15:15.730435,0 days 00:00:02.803046,20,0.8560510165787099,10,1,30,25,86,"[1135, 2991]",COMPLETE
4350,4350,inf,inf,2021-06-19 17:15:15.733271,2021-06-19 17:15:15.980303,0 days 00:00:00.247032,20,0.36963804371589576,9,1,30,26,87,"[1974, 3260]",COMPLETE
4351,4351,0.23461885524781695,2.591268301010132,2021-06-19 17:15:15.986287,2021-06-19 17:15:18.591188,0 days 00:00:02.604901,10,0.6415492259649922,10,5,24,23,87,"[849, 2762]",COMPLETE
4352,4352,0.22793666526907447,2.715630054473877,2021-06-19 17:15:18.594139,2021-06-19 17:15:21.315396,0 days 00:00:02.721257,20,0.7044121314824888,10,9,30,25,87,"[1897, 3483]",COMPLETE
4353,4353,0.23182383667024284,2.7661056518554688,2021-06-19 17:15:21.318142,2021-06-19 17:15:24.089917,0 days 00:00:02.771775,20,0.7044121314824888,10,1,27,25,87,"[3100, 1929]",COMPLETE
4354,4354,0.23080076714865183,2.590059757232666,2021-06-19 17:15:24.092536,2021-06-19 17:15:26.688116,0 days 00:00:02.595580,20,0.7044121314824888,10,1,30,26,87,"[2465, 1929]",COMPLETE
4355,4355,0.22717411741985602,2.7236974239349365,2021-06-19 17:15:26.690803,2021-06-19 17:15:29.420535,0 days 00:00:02.729732,20,0.7044121314824888,10,6,30,25,87,"[2762, 1006]",COMPLETE
4356,4356,0.22980806606907422,2.5998218059539795,2021-06-19 17:15:29.423375,2021-06-19 17:15:32.028903,0 days 00:00:02.605528,40,0.775837870117549,10,1,30,25,87,"[2991, 3511]",COMPLETE
4357,4357,0.2298562911464689,2.559157371520996,2021-06-19 17:15:32.031757,2021-06-19 17:15:34.596493,0 days 00:00:02.564736,10,0.603627004462215,10,1,26,26,87,"[3256, 316]",COMPLETE
4358,4358,0.24008423433539078,2.867318630218506,2021-06-19 17:15:34.599366,2021-06-19 17:15:37.472201,0 days 00:00:02.872835,10,0.7044121314824888,8,1,30,25,87,"[3100, 3100]",COMPLETE
4359,4359,0.23523326329069122,2.6020233631134033,2021-06-19 17:15:37.474976,2021-06-19 17:15:40.082968,0 days 00:00:02.607992,0,0.7044121314824888,10,1,30,26,87,"[3307, 1974]",COMPLETE
4360,4360,0.260775976330448,2.684074878692627,2021-06-19 17:15:40.085671,2021-06-19 17:15:42.776018,0 days 00:00:02.690347,70,0.7044121314824888,10,9,30,18,87,"[1244, 1159]",COMPLETE
4361,4361,0.23017557231696983,2.7423763275146484,2021-06-19 17:15:42.778957,2021-06-19 17:15:45.526841,0 days 00:00:02.747884,20,0.8047024443354969,10,1,30,25,87,"[1006, 2063]",COMPLETE
4362,4362,0.23351376179094704,2.576042890548706,2021-06-19 17:15:45.529749,2021-06-19 17:15:48.111452,0 days 00:00:02.581703,30,0.8047024443354969,10,1,22,23,87,"[1312, 849]",COMPLETE
4363,4363,inf,inf,2021-06-19 17:15:48.114325,2021-06-19 17:15:48.378577,0 days 00:00:00.264252,20,0.4776937848315361,10,9,30,26,87,"[3760, 411]",COMPLETE
4364,4364,0.2772695449098208,2.781092882156372,2021-06-19 17:15:48.385951,2021-06-19 17:15:51.181692,0 days 00:00:02.795741,20,0.775837870117549,10,1,30,8,87,"[1974, 1929]",COMPLETE
4365,4365,0.23276045896719647,2.6376612186431885,2021-06-19 17:15:51.184588,2021-06-19 17:15:53.827735,0 days 00:00:02.643147,20,0.7044121314824888,10,9,30,26,87,"[411, 2960]",COMPLETE
4366,4366,0.23135779002884557,2.5501840114593506,2021-06-19 17:15:53.830651,2021-06-19 17:15:56.386324,0 days 00:00:02.555673,20,0.7044121314824888,10,1,30,25,87,"[2960, 1745]",COMPLETE
4367,4367,0.2678606927254366,2.7157983779907227,2021-06-19 17:15:56.388925,2021-06-19 17:15:59.110149,0 days 00:00:02.721224,20,0.7044121314824888,10,1,2,14,87,"[4258, 1205]",COMPLETE
4368,4368,inf,inf,2021-06-19 17:15:59.113086,2021-06-19 17:15:59.768471,0 days 00:00:00.655385,20,0.5562522442000966,10,1,30,25,87,"[1006, 3760]",COMPLETE
4369,4369,0.2297231962505177,2.582463264465332,2021-06-19 17:15:59.771394,2021-06-19 17:16:02.360300,0 days 00:00:02.588906,20,0.7044121314824888,10,1,30,26,87,"[2960, 1974]",COMPLETE
4370,4370,0.2405875921549433,2.76436710357666,2021-06-19 17:16:02.363306,2021-06-19 17:16:05.134042,0 days 00:00:02.770736,30,0.7044121314824888,10,9,6,25,87,"[3256, 3483]",COMPLETE
4371,4371,0.23080255498640334,2.555960178375244,2021-06-19 17:16:05.136829,2021-06-19 17:16:07.698434,0 days 00:00:02.561605,10,0.8540345948527905,10,5,30,25,87,"[880, 900]",COMPLETE
4372,4372,0.2983850852361181,4.483805418014526,2021-06-19 17:16:07.701334,2021-06-19 17:16:12.190920,0 days 00:00:04.489586,10,0.8092908857566503,2,1,24,26,87,"[4331, 849]",COMPLETE
4373,4373,0.2310313079944778,2.6181724071502686,2021-06-19 17:16:12.193429,2021-06-19 17:16:14.817223,0 days 00:00:02.623794,20,0.7044121314824888,10,9,30,25,87,"[1218, 2991]",COMPLETE
4374,4374,0.23076568436187414,2.628859281539917,2021-06-19 17:16:14.820006,2021-06-19 17:16:17.454371,0 days 00:00:02.634365,20,0.7044121314824888,10,9,30,26,87,"[3260, 2862]",COMPLETE
4375,4375,0.27208701471458185,3.36163592338562,2021-06-19 17:16:17.456955,2021-06-19 17:16:20.824235,0 days 00:00:03.367280,20,0.7044121314824888,5,7,30,25,87,"[3195, 1656]",COMPLETE
4376,4376,0.24059602031598895,2.594745397567749,2021-06-19 17:16:20.826832,2021-06-19 17:16:23.427118,0 days 00:00:02.600286,20,0.603627004462215,10,9,8,26,87,"[316, 2862]",COMPLETE
4377,4377,0.23743933894008515,2.607642650604248,2021-06-19 17:16:23.429850,2021-06-19 17:16:26.043117,0 days 00:00:02.613267,20,0.7044121314824888,10,1,13,26,87,"[1599, 3760]",COMPLETE
4378,4378,0.23470433884646805,2.7046010494232178,2021-06-19 17:16:26.045797,2021-06-19 17:16:28.755945,0 days 00:00:02.710148,20,0.775837870117549,10,1,30,25,87,"[2991, 1312]",COMPLETE
4379,4379,0.23419977271040407,2.5455002784729004,2021-06-19 17:16:28.758607,2021-06-19 17:16:31.310246,0 days 00:00:02.551639,20,0.7492482924832433,10,1,24,26,87,"[900, 1735]",COMPLETE
4380,4380,0.2305954134320689,2.711677074432373,2021-06-19 17:16:31.313155,2021-06-19 17:16:34.030413,0 days 00:00:02.717258,20,0.7492482924832433,10,1,30,25,87,"[1246, 2078]",COMPLETE
4381,4381,0.26161021510023924,2.936058759689331,2021-06-19 17:16:34.033234,2021-06-19 17:16:36.974911,0 days 00:00:02.941677,20,0.7044121314824888,6,1,30,25,87,"[1656, 411]",COMPLETE
4382,4382,0.23159562485571017,2.6529314517974854,2021-06-19 17:16:36.977734,2021-06-19 17:16:39.636263,0 days 00:00:02.658529,20,0.7044121314824888,10,9,30,25,87,"[3483, 1735]",COMPLETE
4383,4383,0.22834615738977593,2.714630603790283,2021-06-19 17:16:39.639175,2021-06-19 17:16:42.360124,0 days 00:00:02.720949,20,0.7044121314824888,10,1,25,26,87,"[849, 2465]",COMPLETE
4384,4384,0.27866960567394844,2.5820627212524414,2021-06-19 17:16:42.362972,2021-06-19 17:16:44.950634,0 days 00:00:02.587662,0,0.7044121314824888,10,1,30,25,87,"[1246, 4258]",COMPLETE
4385,4385,0.2294936153298154,2.766785144805908,2021-06-19 17:16:44.953504,2021-06-19 17:16:47.725586,0 days 00:00:02.772082,10,0.7044121314824888,10,1,30,26,87,"[3105, 3105]",COMPLETE
4386,4386,0.23135437491174504,2.5796873569488525,2021-06-19 17:16:47.728216,2021-06-19 17:16:50.313415,0 days 00:00:02.585199,20,0.7044121314824888,10,1,30,25,87,"[1244, 316]",COMPLETE
4387,4387,0.23763476089025404,2.5991342067718506,2021-06-19 17:16:50.316355,2021-06-19 17:16:52.921170,0 days 00:00:02.604815,20,0.775837870117549,10,9,11,26,87,"[2991, 1218]",COMPLETE
4388,4388,0.29142352028856716,3.132979154586792,2021-06-19 17:16:52.924056,2021-06-19 17:16:56.062664,0 days 00:00:03.138608,20,0.7044121314824888,6,1,24,14,87,"[900, 1205]",COMPLETE
4389,4389,0.23761695051833023,2.6876633167266846,2021-06-19 17:16:56.065498,2021-06-19 17:16:58.758818,0 days 00:00:02.693320,10,0.603627004462215,9,9,30,25,87,"[908, 316]",COMPLETE
4390,4390,0.23416257972262638,2.584235191345215,2021-06-19 17:16:58.763896,2021-06-19 17:17:01.361451,0 days 00:00:02.597555,10,0.7492482924832433,10,1,22,26,87,"[900, 849]",COMPLETE
4391,4391,0.3218952953929757,9.178380250930786,2021-06-19 17:17:01.364362,2021-06-19 17:17:10.548455,0 days 00:00:09.184093,20,0.7044121314824888,0,1,30,25,87,"[908, 2063]",COMPLETE
4392,4392,0.23828991495445756,2.5541207790374756,2021-06-19 17:17:10.551289,2021-06-19 17:17:13.111038,0 days 00:00:02.559749,10,0.7492482924832433,10,1,8,25,87,"[1897, 316]",COMPLETE
4393,4393,0.25659277556871063,2.804563522338867,2021-06-19 17:17:13.113971,2021-06-19 17:17:15.924445,0 days 00:00:02.810474,20,0.7492482924832433,9,1,30,18,87,"[3195, 880]",COMPLETE
4394,4394,0.22964752198853877,2.623171329498291,2021-06-19 17:17:15.927004,2021-06-19 17:17:18.555682,0 days 00:00:02.628678,20,0.7044121314824888,10,1,30,26,87,"[908, 3100]",COMPLETE
4395,4395,0.2314122937899188,2.560910940170288,2021-06-19 17:17:18.558434,2021-06-19 17:17:21.124969,0 days 00:00:02.566535,20,0.663145117359092,10,1,30,26,87,"[2991, 1218]",COMPLETE
4396,4396,0.2723675456623898,3.357079267501831,2021-06-19 17:17:21.127791,2021-06-19 17:17:24.490841,0 days 00:00:03.363050,20,0.7044121314824888,5,9,30,26,87,"[3307, 1218]",COMPLETE
4397,4397,0.23349214643187075,2.611285924911499,2021-06-19 17:17:24.493679,2021-06-19 17:17:27.110737,0 days 00:00:02.617058,10,0.7492482924832433,10,12,28,25,87,"[2659, 1897]",COMPLETE
4398,4398,0.2907323401780628,3.950770616531372,2021-06-19 17:17:27.113260,2021-06-19 17:17:31.069744,0 days 00:00:03.956484,60,0.7044121314824888,3,1,30,26,87,"[3105, 849]",COMPLETE
4399,4399,0.23105550585314588,2.6115832328796387,2021-06-19 17:17:31.072287,2021-06-19 17:17:33.689348,0 days 00:00:02.617061,20,0.8047024443354969,10,1,23,27,87,"[1312, 647]",COMPLETE
4400,4400,0.22978047370967777,2.5800700187683105,2021-06-19 17:17:33.692223,2021-06-19 17:18:47.959346,0 days 00:01:14.267123,20,0.775837870117549,10,1,30,26,88,"[1974, 3082]",COMPLETE
4401,4401,0.2896177177417498,3.843111753463745,2021-06-19 17:18:47.964705,2021-06-19 17:18:51.815430,0 days 00:00:03.850725,20,0.7492482924832433,3,9,30,26,88,"[1218, 1028]",COMPLETE
4402,4402,0.24122392896208417,2.7595794200897217,2021-06-19 17:18:51.817932,2021-06-19 17:18:54.583195,0 days 00:00:02.765263,10,0.7044121314824888,8,6,30,25,88,"[2659, 1028]",COMPLETE
4403,4403,0.23600622353355066,2.7648239135742188,2021-06-19 17:18:54.585973,2021-06-19 17:18:57.356611,0 days 00:00:02.770638,10,0.7044121314824888,10,1,10,26,88,"[1028, 1599]",COMPLETE
4404,4404,0.23282520370943316,2.567795515060425,2021-06-19 17:18:57.359510,2021-06-19 17:18:59.932702,0 days 00:00:02.573192,10,0.7044121314824888,10,1,30,26,88,"[3105, 3105]",COMPLETE
4405,4405,0.3015585784351685,2.9623656272888184,2021-06-19 17:18:59.935592,2021-06-19 17:19:02.903954,0 days 00:00:02.968362,20,0.7044121314824888,9,15,23,3,88,"[3307, 2078]",COMPLETE
4406,4406,0.27631592425529355,2.676845073699951,2021-06-19 17:19:02.906880,2021-06-19 17:19:05.590136,0 days 00:00:02.683256,70,0.7044121314824888,10,9,30,14,88,"[1205, 3483]",COMPLETE
4407,4407,0.2417912613349931,2.6445131301879883,2021-06-19 17:19:05.593042,2021-06-19 17:19:08.243297,0 days 00:00:02.650255,10,0.6415492259649922,10,14,9,23,88,"[1006, 849]",COMPLETE
4408,4408,0.22936189980206614,2.909898519515991,2021-06-19 17:19:08.246194,2021-06-19 17:19:11.161704,0 days 00:00:02.915510,20,0.9403535800280038,10,1,30,25,88,"[3082, 1159]",COMPLETE
4409,4409,0.23327154343804982,2.5968167781829834,2021-06-19 17:19:11.164496,2021-06-19 17:19:13.767404,0 days 00:00:02.602908,20,0.7044121314824888,10,7,30,25,88,"[3195, 3195]",COMPLETE
4410,4410,0.26279145947691895,2.572343111038208,2021-06-19 17:19:13.770297,2021-06-19 17:19:16.348403,0 days 00:00:02.578106,40,0.8047024443354969,10,1,30,11,88,"[2862, 2063]",COMPLETE
4411,4411,0.31949207606644753,3.513216972351074,2021-06-19 17:19:16.351322,2021-06-19 17:19:19.870358,0 days 00:00:03.519036,10,0.6415492259649922,4,1,24,5,88,"[849, 2063]",COMPLETE
4412,4412,0.2333683608348758,2.606858968734741,2021-06-19 17:19:19.873245,2021-06-19 17:19:22.485813,0 days 00:00:02.612568,20,0.775837870117549,10,2,27,25,88,"[1974, 1389]",COMPLETE
4413,4413,0.23539203182093008,2.7178540229797363,2021-06-19 17:19:22.488684,2021-06-19 17:19:25.212204,0 days 00:00:02.723520,10,0.7492482924832433,10,1,24,25,88,"[1006, 880]",COMPLETE
4414,4414,0.27273893774544233,2.652467966079712,2021-06-19 17:19:25.215094,2021-06-19 17:19:27.873473,0 days 00:00:02.658379,20,0.775837870117549,10,9,30,7,88,"[4331, 3483]",COMPLETE
4415,4415,0.2577998767047718,2.5943257808685303,2021-06-19 17:19:27.876446,2021-06-19 17:19:30.476527,0 days 00:00:02.600081,20,0.7044121314824888,10,1,30,18,88,"[1244, 4236]",COMPLETE
4416,4416,0.23268088684809307,2.839066743850708,2021-06-19 17:19:30.479456,2021-06-19 17:19:33.324307,0 days 00:00:02.844851,20,0.7044121314824888,10,8,20,25,88,"[3195, 1006]",COMPLETE
4417,4417,0.23307397544484562,2.5754854679107666,2021-06-19 17:19:33.327192,2021-06-19 17:19:35.908355,0 days 00:00:02.581163,10,0.6622353207525293,10,3,30,25,88,"[3511, 4331]",COMPLETE
4418,4418,0.23100718750455929,2.713552951812744,2021-06-19 17:19:35.911241,2021-06-19 17:19:38.630349,0 days 00:00:02.719108,20,0.8047024443354969,10,1,30,25,88,"[1745, 1656]",COMPLETE
4419,4419,0.22582382662469677,2.6140706539154053,2021-06-19 17:19:38.633225,2021-06-19 17:19:41.252841,0 days 00:00:02.619616,40,0.775837870117549,10,1,30,25,88,"[3760, 316]",COMPLETE
4420,4420,0.23200013722939974,2.57387375831604,2021-06-19 17:19:41.255423,2021-06-19 17:19:43.835053,0 days 00:00:02.579630,20,0.775837870117549,10,4,24,25,88,"[2991, 900]",COMPLETE
4421,4421,0.23075394883569422,2.8180675506591797,2021-06-19 17:19:43.838011,2021-06-19 17:19:46.661577,0 days 00:00:02.823566,20,0.7044121314824888,10,15,30,25,88,"[2762, 3260]",COMPLETE
4422,4422,0.24310775308156626,2.556931257247925,2021-06-19 17:19:46.664373,2021-06-19 17:19:49.226978,0 days 00:00:02.562605,20,0.7044121314824888,10,1,1,25,88,"[411, 1006]",COMPLETE
4423,4423,0.23119116224705608,2.7642366886138916,2021-06-19 17:19:49.229782,2021-06-19 17:19:51.999606,0 days 00:00:02.769824,20,0.7044121314824888,10,14,30,25,88,"[1135, 1135]",COMPLETE
4424,4424,0.23520468379432977,2.5414559841156006,2021-06-19 17:19:52.002290,2021-06-19 17:19:54.549317,0 days 00:00:02.547027,20,0.7044121314824888,10,1,24,26,88,"[2209, 3307]",COMPLETE
4425,4425,0.22893617870035848,2.595021963119507,2021-06-19 17:19:54.552096,2021-06-19 17:19:57.152970,0 days 00:00:02.600874,10,0.7494114144157459,10,7,30,26,88,"[2209, 1735]",COMPLETE
4426,4426,inf,inf,2021-06-19 17:19:57.155905,2021-06-19 17:19:57.574241,0 days 00:00:00.418336,10,0.5469694612216295,10,1,30,25,88,"[1389, 1389]",COMPLETE
4427,4427,0.23143973069987853,2.8148701190948486,2021-06-19 17:19:57.588970,2021-06-19 17:20:00.425422,0 days 00:00:02.836452,70,0.7818935137371372,10,1,22,23,88,"[647, 849]",COMPLETE
4428,4428,0.23704909391106183,2.740206718444824,2021-06-19 17:20:00.428332,2021-06-19 17:20:03.174375,0 days 00:00:02.746043,20,0.9256536369902266,10,12,13,25,88,"[3566, 2229]",COMPLETE
4429,4429,0.25599555724189277,2.897719144821167,2021-06-19 17:20:03.177353,2021-06-19 17:20:06.080913,0 days 00:00:02.903560,20,0.7044121314824888,7,12,30,25,88,"[2063, 3511]",COMPLETE
4430,4430,0.23965880187130328,2.7396891117095947,2021-06-19 17:20:06.083830,2021-06-19 17:20:08.829346,0 days 00:00:02.745516,20,0.7492482924832433,10,1,14,26,88,"[900, 4258]",COMPLETE
4431,4431,0.22792754255311445,2.6230809688568115,2021-06-19 17:20:08.832113,2021-06-19 17:20:11.460858,0 days 00:00:02.628745,20,0.7044121314824888,10,10,30,25,88,"[1006, 1205]",COMPLETE
4432,4432,0.23591010598308484,2.7212796211242676,2021-06-19 17:20:11.463366,2021-06-19 17:20:14.190092,0 days 00:00:02.726726,20,0.7044121314824888,10,1,30,25,88,"[2465, 2762]",COMPLETE
4433,4433,0.28971690530909966,3.8711295127868652,2021-06-19 17:20:14.192648,2021-06-19 17:20:18.069523,0 days 00:00:03.876875,0,0.7492482924832433,3,9,30,25,88,"[1735, 1244]",COMPLETE
4434,4434,0.2271817594212913,2.6156601905822754,2021-06-19 17:20:18.072010,2021-06-19 17:20:20.693303,0 days 00:00:02.621293,30,0.7044121314824888,10,8,24,26,88,"[2762, 2963]",COMPLETE
4435,4435,0.2305147219202639,2.760828971862793,2021-06-19 17:20:20.695810,2021-06-19 17:20:23.462076,0 days 00:00:02.766266,20,0.7044121314824888,10,9,30,26,88,"[2862, 1599]",COMPLETE
4436,4436,inf,inf,2021-06-19 17:20:23.464975,2021-06-19 17:20:23.597248,0 days 00:00:00.132273,20,0.3132109157558222,10,1,30,25,88,"[3260, 3260]",COMPLETE
4437,4437,0.23773767999565146,2.5557444095611572,2021-06-19 17:20:23.604663,2021-06-19 17:20:26.175507,0 days 00:00:02.570844,20,0.775837870117549,10,2,19,26,88,"[1897, 4331]",COMPLETE
4438,4438,0.31645627610960003,9.065363883972168,2021-06-19 17:20:26.178553,2021-06-19 17:20:35.249634,0 days 00:00:09.071081,10,0.7044121314824888,0,1,30,25,88,"[4236, 3511]",COMPLETE
4439,4439,0.23533913981558088,2.574899911880493,2021-06-19 17:20:35.252566,2021-06-19 17:20:37.833191,0 days 00:00:02.580625,20,0.5854958014822138,10,1,30,25,88,"[3260, 3256]",COMPLETE
4440,4440,0.23340289714142037,2.8310134410858154,2021-06-19 17:20:37.835701,2021-06-19 17:20:40.672307,0 days 00:00:02.836606,50,0.7044121314824888,10,9,30,25,88,"[1244, 3307]",COMPLETE
4441,4441,0.22947725532055488,2.612070322036743,2021-06-19 17:20:40.675212,2021-06-19 17:20:43.292943,0 days 00:00:02.617731,20,0.7044121314824888,10,9,30,26,88,"[2963, 908]",COMPLETE
4442,4442,0.23203115616384776,2.7498435974121094,2021-06-19 17:20:43.295833,2021-06-19 17:20:46.051351,0 days 00:00:02.755518,70,0.7044121314824888,10,1,30,25,88,"[1135, 1974]",COMPLETE
4443,4443,0.23546410852100216,2.588362693786621,2021-06-19 17:20:46.054215,2021-06-19 17:20:48.648222,0 days 00:00:02.594007,20,0.8047024443354969,10,1,16,26,88,"[647, 1159]",COMPLETE
