,number,values_0,values_1,datetime_start,datetime_complete,duration,params_checks,params_n_ratio,params_nskip,params_trees,params_w1,params_w2,system_attrs_nsga2:generation,system_attrs_nsga2:parents,state
2420,2420,inf,inf,2021-06-19 15:28:22.281133,2021-06-19 15:28:22.401269,0 days 00:00:00.120136,20,0.3217539179779646,10,1,30,25,48,"[1246, 1389]",COMPLETE
2421,2421,0.23161405335108304,2.731701612472534,2021-06-19 15:28:22.418692,2021-06-19 15:28:25.156895,0 days 00:00:02.738203,10,0.7492482924832433,10,1,30,25,48,"[1389, 2229]",COMPLETE
2422,2422,0.27023736929099884,2.5540764331817627,2021-06-19 15:28:25.158831,2021-06-19 15:28:27.716417,0 days 00:00:02.557586,20,0.7044121314824888,10,1,19,14,48,"[2229, 1205]",COMPLETE
2423,2423,0.23278140625633525,2.5871925354003906,2021-06-19 15:28:27.718558,2021-06-19 15:28:30.309149,0 days 00:00:02.590591,20,0.8047024443354969,10,9,24,24,48,"[1826, 2063]",COMPLETE
2424,2424,0.2563576178314144,2.7677628993988037,2021-06-19 15:28:30.311305,2021-06-19 15:28:33.082464,0 days 00:00:02.771159,20,0.775837870117549,10,1,30,18,48,"[1826, 993]",COMPLETE
2425,2425,0.28604731052131704,2.553649425506592,2021-06-19 15:28:33.084635,2021-06-19 15:28:35.641804,0 days 00:00:02.557169,20,0.8047024443354969,10,1,30,3,48,"[1745, 993]",COMPLETE
2426,2426,0.23806752167559722,2.7013208866119385,2021-06-19 15:28:35.643592,2021-06-19 15:28:38.348224,0 days 00:00:02.704632,20,0.7492482924832433,10,1,10,25,48,"[2060, 1416]",COMPLETE
2427,2427,0.23144711438932222,2.5991804599761963,2021-06-19 15:28:38.350249,2021-06-19 15:28:40.952860,0 days 00:00:02.602611,70,0.7044121314824888,10,1,24,25,48,"[1244, 1727]",COMPLETE
2428,2428,0.22840418968195644,2.77774977684021,2021-06-19 15:28:40.954542,2021-06-19 15:28:43.735621,0 days 00:00:02.781079,20,0.775837870117549,10,9,26,26,48,"[411, 1826]",COMPLETE
2429,2429,0.23283271898505034,2.5790443420410156,2021-06-19 15:28:43.737419,2021-06-19 15:28:46.319998,0 days 00:00:02.582579,20,0.7044121314824888,10,4,30,25,48,"[1246, 1705]",COMPLETE
2430,2430,0.2380124424891322,2.585785150527954,2021-06-19 15:28:46.321706,2021-06-19 15:28:48.911039,0 days 00:00:02.589333,80,0.7044121314824888,10,1,7,25,48,"[900, 1929]",COMPLETE
2431,2431,0.2658916724673699,2.6659739017486572,2021-06-19 15:28:48.912737,2021-06-19 15:28:51.581964,0 days 00:00:02.669227,10,0.7492482924832433,10,1,23,12,48,"[960, 960]",COMPLETE
2432,2432,0.2324558816796163,2.6140596866607666,2021-06-19 15:28:51.583934,2021-06-19 15:28:54.201557,0 days 00:00:02.617623,20,0.7100420113954906,10,13,30,26,48,"[900, 2297]",COMPLETE
2433,2433,0.30896336474514974,2.794811487197876,2021-06-19 15:28:54.203643,2021-06-19 15:28:57.002044,0 days 00:00:02.798401,20,0.8047024443354969,9,7,30,1,48,"[1028, 2048]",COMPLETE
2434,2434,0.23149358997339678,2.5806503295898438,2021-06-19 15:28:57.004097,2021-06-19 15:28:59.588170,0 days 00:00:02.584073,20,0.7171906946588169,10,9,30,25,48,"[840, 1244]",COMPLETE
2435,2435,inf,inf,2021-06-19 15:28:59.590342,2021-06-19 15:28:59.777692,0 days 00:00:00.187350,50,0.35745513324271405,10,1,30,25,48,"[1135, 880]",COMPLETE
2436,2436,0.24175109539020515,2.7429256439208984,2021-06-19 15:28:59.780631,2021-06-19 15:29:02.533069,0 days 00:00:02.752438,0,0.775837870117549,10,1,30,25,48,"[2314, 2314]",COMPLETE
2437,2437,0.23400442089658197,2.692904233932495,2021-06-19 15:29:02.535294,2021-06-19 15:29:05.231927,0 days 00:00:02.696633,20,0.7044121314824888,10,1,30,26,48,"[411, 1006]",COMPLETE
2438,2438,0.2371739197984556,2.629380464553833,2021-06-19 15:29:05.233943,2021-06-19 15:29:07.866855,0 days 00:00:02.632912,20,0.8047024443354969,10,8,13,26,48,"[1312, 2078]",COMPLETE
2439,2439,inf,inf,2021-06-19 15:29:07.868875,2021-06-19 15:29:08.202013,0 days 00:00:00.333138,20,0.49232841756215584,10,1,30,25,48,"[1727, 1135]",COMPLETE
2440,2440,0.23919563604009203,2.8002824783325195,2021-06-19 15:29:08.205574,2021-06-19 15:29:11.013418,0 days 00:00:02.807844,10,0.7492482924832433,10,1,8,25,48,"[745, 316]",COMPLETE
2441,2441,0.2311987204568063,2.5752272605895996,2021-06-19 15:29:11.015528,2021-06-19 15:29:13.594219,0 days 00:00:02.578691,10,0.8047024443354969,10,1,21,25,48,"[1246, 1312]",COMPLETE
2442,2442,0.23049907411243215,2.719540596008301,2021-06-19 15:29:13.596367,2021-06-19 15:29:16.319201,0 days 00:00:02.722834,20,0.775837870117549,10,1,30,25,48,"[1656, 2314]",COMPLETE
2443,2443,0.24379459379060173,2.9621734619140625,2021-06-19 15:29:16.321366,2021-06-19 15:29:19.287329,0 days 00:00:02.965963,20,0.9938651689712095,10,1,2,26,48,"[2297, 1205]",COMPLETE
2444,2444,0.24124044770032807,2.650040864944458,2021-06-19 15:29:19.289491,2021-06-19 15:29:21.943075,0 days 00:00:02.653584,20,0.7044121314824888,10,9,9,26,48,"[1218, 1656]",COMPLETE
2445,2445,0.2449275063261365,2.944906711578369,2021-06-19 15:29:21.945227,2021-06-19 15:29:24.893588,0 days 00:00:02.948361,20,0.7044121314824888,8,9,30,25,48,"[1389, 1851]",COMPLETE
2446,2446,inf,inf,2021-06-19 15:29:24.895601,2021-06-19 15:29:25.126121,0 days 00:00:00.230520,20,0.3301386158197472,4,8,4,26,48,"[1046, 900]",COMPLETE
2447,2447,0.24650342517969537,2.9284801483154297,2021-06-19 15:29:25.141757,2021-06-19 15:29:28.076709,0 days 00:00:02.934952,20,0.9917367192143711,10,1,30,25,48,"[2048, 1745]",COMPLETE
2448,2448,0.2398384640154596,2.897707223892212,2021-06-19 15:29:28.078813,2021-06-19 15:29:30.980013,0 days 00:00:02.901200,20,0.8047024443354969,8,1,30,25,48,"[2063, 1674]",COMPLETE
2449,2449,0.2288151597306845,2.549276113510132,2021-06-19 15:29:30.982080,2021-06-19 15:29:33.534685,0 days 00:00:02.552605,20,0.7492482924832433,10,1,30,25,48,"[316, 1735]",COMPLETE
2450,2450,0.23335282173328836,2.817312479019165,2021-06-19 15:29:33.536787,2021-06-19 15:29:36.406186,0 days 00:00:02.869399,90,0.9195690183767478,10,1,30,25,49,"[1389, 1389]",COMPLETE
2451,2451,0.23081001855831948,2.5377845764160156,2021-06-19 15:29:36.408201,2021-06-19 15:29:38.949419,0 days 00:00:02.541218,20,0.7044121314824888,10,1,30,22,49,"[1046, 1929]",COMPLETE
2452,2452,0.25244927597116085,2.5554630756378174,2021-06-19 15:29:38.951341,2021-06-19 15:29:41.510748,0 days 00:00:02.559407,10,0.8047024443354969,10,1,3,19,49,"[2063, 880]",COMPLETE
2453,2453,0.26574367745547783,2.747847557067871,2021-06-19 15:29:41.512443,2021-06-19 15:29:44.263722,0 days 00:00:02.751279,20,0.8854325854253997,10,1,2,14,49,"[1205, 1389]",COMPLETE
2454,2454,0.23179004744603043,2.5860795974731445,2021-06-19 15:29:44.265846,2021-06-19 15:29:46.855558,0 days 00:00:02.589712,50,0.7492482924832433,10,1,23,25,49,"[1219, 1028]",COMPLETE
2455,2455,0.24237940065672764,2.724813222885132,2021-06-19 15:29:46.857738,2021-06-19 15:29:49.586089,0 days 00:00:02.728351,20,0.7492482924832433,10,1,30,20,49,"[2256, 2078]",COMPLETE
2456,2456,0.30930518647968963,2.546286106109619,2021-06-19 15:29:49.588169,2021-06-19 15:29:52.137912,0 days 00:00:02.549743,20,0.7492482924832433,10,1,24,2,49,"[900, 745]",COMPLETE
2457,2457,0.2897885906608074,3.7108588218688965,2021-06-19 15:29:52.140059,2021-06-19 15:29:55.854436,0 days 00:00:03.714377,10,0.7492482924832433,3,1,21,25,49,"[2314, 1028]",COMPLETE
2458,2458,0.23139910134525865,2.796095848083496,2021-06-19 15:29:55.856655,2021-06-19 15:29:58.656613,0 days 00:00:02.799958,20,0.7044121314824888,10,9,30,26,49,"[1218, 2314]",COMPLETE
2459,2459,0.30443734256056465,5.729360580444336,2021-06-19 15:29:58.658645,2021-06-19 15:30:04.391760,0 days 00:00:05.733115,20,0.7179281070348684,1,9,13,25,49,"[1929, 2063]",COMPLETE
2460,2460,inf,inf,2021-06-19 15:30:04.393637,2021-06-19 15:30:04.525107,0 days 00:00:00.131470,20,0.3291769658999218,10,2,30,4,49,"[1244, 2215]",COMPLETE
2461,2461,0.23564185833575174,2.7360126972198486,2021-06-19 15:30:04.532819,2021-06-19 15:30:07.280758,0 days 00:00:02.747939,20,0.6583852804671682,10,1,23,24,49,"[1159, 2078]",COMPLETE
2462,2462,0.23096152189097005,2.5977025032043457,2021-06-19 15:30:07.282923,2021-06-19 15:30:09.884489,0 days 00:00:02.601566,40,0.7492482924832433,10,1,24,26,49,"[411, 900]",COMPLETE
2463,2463,inf,inf,2021-06-19 15:30:09.886615,2021-06-19 15:30:10.084440,0 days 00:00:00.197825,10,0.36034278325603036,10,15,30,25,49,"[1389, 2215]",COMPLETE
2464,2464,0.23476724893851528,2.7558696269989014,2021-06-19 15:30:10.087012,2021-06-19 15:30:12.850465,0 days 00:00:02.763453,20,0.7044121314824888,10,1,22,23,49,"[993, 849]",COMPLETE
2465,2465,0.2304286858648953,2.523909330368042,2021-06-19 15:30:12.852349,2021-06-19 15:30:15.379621,0 days 00:00:02.527272,20,0.7044121314824888,10,1,30,26,49,"[900, 2312]",COMPLETE
2466,2466,0.3001867709765848,4.290534734725952,2021-06-19 15:30:15.381805,2021-06-19 15:30:19.675882,0 days 00:00:04.294077,20,0.7492482924832433,2,1,23,26,49,"[2078, 745]",COMPLETE
2467,2467,0.23074579653533048,2.8113348484039307,2021-06-19 15:30:19.678027,2021-06-19 15:30:22.493012,0 days 00:00:02.814985,100,0.743030474135283,10,6,30,26,49,"[1219, 1046]",COMPLETE
2468,2468,0.2282980931119525,2.6149466037750244,2021-06-19 15:30:22.495112,2021-06-19 15:30:25.113472,0 days 00:00:02.618360,20,0.775837870117549,10,9,30,26,49,"[1851, 1974]",COMPLETE
2469,2469,0.22981753951902553,2.783282518386841,2021-06-19 15:30:25.115563,2021-06-19 15:30:27.902335,0 days 00:00:02.786772,20,0.8081025269232984,10,9,30,25,49,"[1244, 1205]",COMPLETE
2470,2470,0.25319505617627,2.5829458236694336,2021-06-19 15:30:27.904355,2021-06-19 15:30:30.491157,0 days 00:00:02.586802,20,0.7044121314824888,10,1,22,19,49,"[1705, 1219]",COMPLETE
2471,2471,0.23240586794896437,2.631866931915283,2021-06-19 15:30:30.493298,2021-06-19 15:30:33.128655,0 days 00:00:02.635357,60,0.8047024443354969,10,1,30,25,49,"[993, 1745]",COMPLETE
2472,2472,0.2314810974221843,2.749648332595825,2021-06-19 15:30:33.130634,2021-06-19 15:30:35.883877,0 days 00:00:02.753243,50,0.7492482924832433,10,1,23,25,49,"[2078, 1656]",COMPLETE
2473,2473,0.3335031326890183,9.492948293685913,2021-06-19 15:30:35.885828,2021-06-19 15:30:45.382365,0 days 00:00:09.496537,20,0.7492482924832433,0,4,30,14,49,"[1674, 1205]",COMPLETE
2474,2474,0.23064416436013824,2.6220695972442627,2021-06-19 15:30:45.384391,2021-06-19 15:30:48.010151,0 days 00:00:02.625760,20,0.8541766660670143,10,4,30,26,49,"[1159, 411]",COMPLETE
2475,2475,0.23171952694590425,2.5632071495056152,2021-06-19 15:30:48.012251,2021-06-19 15:30:50.578959,0 days 00:00:02.566708,60,0.775837870117549,10,1,30,25,49,"[1826, 1974]",COMPLETE
2476,2476,0.23051350761035497,2.6998538970947266,2021-06-19 15:30:50.581088,2021-06-19 15:30:53.284102,0 days 00:00:02.703014,20,0.775837870117549,10,1,30,25,49,"[2314, 2314]",COMPLETE
2477,2477,0.22720774204679448,2.6163735389709473,2021-06-19 15:30:53.286184,2021-06-19 15:30:55.905850,0 days 00:00:02.619666,100,0.7492482924832433,10,1,30,25,49,"[1735, 1735]",COMPLETE
2478,2478,0.24059284815561155,2.710487127304077,2021-06-19 15:30:55.907896,2021-06-19 15:30:58.621949,0 days 00:00:02.714053,20,0.8047024443354969,10,1,4,23,49,"[647, 1218]",COMPLETE
2479,2479,0.2823531270899435,3.4366934299468994,2021-06-19 15:30:58.623792,2021-06-19 15:31:02.064114,0 days 00:00:03.440322,20,0.7044121314824888,4,11,30,25,49,"[1135, 1656]",COMPLETE
2480,2480,0.26727822036583887,2.580414295196533,2021-06-19 15:31:02.066237,2021-06-19 15:31:04.650362,0 days 00:00:02.584125,70,0.7251354991199311,10,1,30,9,49,"[840, 1159]",COMPLETE
2481,2481,0.2308678508370518,2.757505416870117,2021-06-19 15:31:04.652249,2021-06-19 15:31:07.413464,0 days 00:00:02.761215,20,0.775837870117549,10,10,25,26,49,"[960, 1826]",COMPLETE
2482,2482,0.22736260678816905,2.6434519290924072,2021-06-19 15:31:07.415517,2021-06-19 15:31:10.062306,0 days 00:00:02.646789,20,0.7044121314824888,10,9,30,25,49,"[1735, 1218]",COMPLETE
2483,2483,0.2344508437824462,2.806494951248169,2021-06-19 15:31:10.064416,2021-06-19 15:31:12.874391,0 days 00:00:02.809975,50,0.7044121314824888,10,1,30,26,49,"[1219, 1851]",COMPLETE
2484,2484,0.28888772126061957,3.725205898284912,2021-06-19 15:31:12.876563,2021-06-19 15:31:16.605364,0 days 00:00:03.728801,20,0.8047024443354969,3,1,30,25,49,"[1674, 2229]",COMPLETE
2485,2485,0.26302006003373973,3.09438157081604,2021-06-19 15:31:16.607487,2021-06-19 15:31:19.705383,0 days 00:00:03.097896,20,0.8047024443354969,6,1,30,25,49,"[2282, 1028]",COMPLETE
2486,2486,0.22710622345172435,2.5922579765319824,2021-06-19 15:31:19.707194,2021-06-19 15:31:22.302965,0 days 00:00:02.595771,20,0.7044121314824888,10,9,23,26,49,"[411, 960]",COMPLETE
2487,2487,0.23855506428700113,2.568382978439331,2021-06-19 15:31:22.305079,2021-06-19 15:31:24.876678,0 days 00:00:02.571599,20,0.7492482924832433,10,1,10,25,49,"[2060, 2060]",COMPLETE
2488,2488,0.23477899477823497,2.770326614379883,2021-06-19 15:31:24.878596,2021-06-19 15:31:27.652586,0 days 00:00:02.773990,90,0.7044121314824888,10,1,30,29,49,"[1006, 2048]",COMPLETE
2489,2489,0.2304879874247381,2.599888801574707,2021-06-19 15:31:27.654753,2021-06-19 15:31:30.258029,0 days 00:00:02.603276,20,0.775837870117549,10,1,24,26,49,"[900, 1974]",COMPLETE
2490,2490,0.230866417805714,2.781862258911133,2021-06-19 15:31:30.260071,2021-06-19 15:31:33.045412,0 days 00:00:02.785341,20,0.7044121314824888,10,7,30,26,49,"[993, 1599]",COMPLETE
2491,2491,0.23354866266222665,2.571712017059326,2021-06-19 15:31:33.047517,2021-06-19 15:31:35.622595,0 days 00:00:02.575078,20,0.8047024443354969,10,1,24,25,49,"[2063, 1312]",COMPLETE
2492,2492,0.23334236242103504,2.587700366973877,2021-06-19 15:31:35.624607,2021-06-19 15:31:38.215859,0 days 00:00:02.591252,20,0.7044121314824888,10,5,30,25,49,"[908, 1674]",COMPLETE
2493,2493,0.36202161740821553,2.756352663040161,2021-06-19 15:31:38.217925,2021-06-19 15:31:40.978307,0 days 00:00:02.760382,20,0.7044121314824888,10,4,30,2,49,"[1218, 2209]",COMPLETE
2494,2494,0.2293775279050877,2.6175053119659424,2021-06-19 15:31:40.980194,2021-06-19 15:31:43.601214,0 days 00:00:02.621020,90,0.8047024443354969,10,1,30,25,49,"[2048, 1656]",COMPLETE
2495,2495,0.22684030209426836,2.7400922775268555,2021-06-19 15:31:43.603350,2021-06-19 15:31:46.346815,0 days 00:00:02.743465,20,0.7044121314824888,10,9,30,25,49,"[1826, 1929]",COMPLETE
2496,2496,0.23272240673478392,2.674452543258667,2021-06-19 15:31:46.348945,2021-06-19 15:31:49.026923,0 days 00:00:02.677978,90,0.7044121314824888,10,9,26,25,49,"[411, 1727]",COMPLETE
2497,2497,inf,inf,2021-06-19 15:31:49.030509,2021-06-19 15:31:49.400536,0 days 00:00:00.370027,20,0.4890798912969736,10,1,15,25,49,"[1135, 2100]",COMPLETE
2498,2498,0.27808215657501484,2.7079856395721436,2021-06-19 15:31:49.403464,2021-06-19 15:31:52.124265,0 days 00:00:02.720801,20,0.7044121314824888,10,1,30,7,49,"[2048, 908]",COMPLETE
2499,2499,0.23117952233521252,2.589210033416748,2021-06-19 15:31:52.126421,2021-06-19 15:31:54.719500,0 days 00:00:02.593079,20,0.8047024443354969,10,5,24,25,49,"[2063, 316]",COMPLETE
2500,2500,0.2308067387722417,2.5768542289733887,2021-06-19 15:31:54.721661,2021-06-19 15:33:08.821126,0 days 00:01:14.099465,20,0.8047024443354969,10,1,30,26,50,"[2256, 1974]",COMPLETE
2501,2501,0.23120954819629616,2.7477517127990723,2021-06-19 15:33:08.824978,2021-06-19 15:33:11.577432,0 days 00:00:02.752454,20,0.8047024443354969,10,1,30,25,50,"[1745, 1745]",COMPLETE
2502,2502,inf,inf,2021-06-19 15:33:11.579607,2021-06-19 15:33:11.706466,0 days 00:00:00.126859,20,0.31396200915264233,10,1,30,26,50,"[1974, 2282]",COMPLETE
2503,2503,0.229833625847658,2.8405966758728027,2021-06-19 15:33:11.709508,2021-06-19 15:33:14.562668,0 days 00:00:02.853160,20,0.9600870980522911,10,9,30,25,50,"[2297, 1006]",COMPLETE
2504,2504,0.2564480099633673,3.018996477127075,2021-06-19 15:33:14.564882,2021-06-19 15:33:17.587527,0 days 00:00:03.022645,80,0.8047024443354969,7,1,24,25,50,"[1312, 1735]",COMPLETE
2505,2505,inf,inf,2021-06-19 15:33:17.589648,2021-06-19 15:33:17.747818,0 days 00:00:00.158170,20,0.3857707315477639,6,1,24,25,50,"[908, 1312]",COMPLETE
2506,2506,0.2398223150628598,2.5918707847595215,2021-06-19 15:33:17.755798,2021-06-19 15:33:20.358025,0 days 00:00:02.602227,10,0.6880425762612135,10,1,9,26,50,"[2465, 745]",COMPLETE
2507,2507,0.22945385901026613,2.756068706512451,2021-06-19 15:33:20.360221,2021-06-19 15:33:23.119827,0 days 00:00:02.759606,20,0.8047024443354969,10,10,30,25,50,"[1046, 2282]",COMPLETE
2508,2508,0.2288446860798686,2.5738301277160645,2021-06-19 15:33:23.121916,2021-06-19 15:33:25.699235,0 days 00:00:02.577319,20,0.7044121314824888,10,3,30,26,50,"[2465, 1244]",COMPLETE
2509,2509,0.2564667712721073,2.7284154891967773,2021-06-19 15:33:25.701387,2021-06-19 15:33:28.433299,0 days 00:00:02.731912,20,0.8350615461643598,10,1,30,12,50,"[2229, 1727]",COMPLETE
2510,2510,0.25957282717306435,2.647311210632324,2021-06-19 15:33:28.435350,2021-06-19 15:33:31.086212,0 days 00:00:02.650862,20,0.7044121314824888,10,1,24,15,50,"[1159, 1599]",COMPLETE
2511,2511,0.22862153908739316,2.622732639312744,2021-06-19 15:33:31.088339,2021-06-19 15:33:33.714537,0 days 00:00:02.626198,10,0.7044121314824888,10,1,22,25,50,"[1006, 1705]",COMPLETE
2512,2512,0.22756608725174246,2.788952350616455,2021-06-19 15:33:33.716503,2021-06-19 15:33:36.508857,0 days 00:00:02.792354,100,0.8047024443354969,10,1,30,25,50,"[840, 2477]",COMPLETE
2513,2513,0.2325838387678053,2.569842576980591,2021-06-19 15:33:36.510845,2021-06-19 15:33:39.084188,0 days 00:00:02.573343,10,0.7492482924832433,10,6,30,25,50,"[1246, 1674]",COMPLETE
2514,2514,0.23169735988866802,2.6040515899658203,2021-06-19 15:33:39.086368,2021-06-19 15:33:41.694294,0 days 00:00:02.607926,50,0.7044121314824888,10,1,30,25,50,"[1135, 1046]",COMPLETE
2515,2515,0.2323474832846483,2.8215603828430176,2021-06-19 15:33:41.696386,2021-06-19 15:33:44.521460,0 days 00:00:02.825074,20,0.7044121314824888,9,9,30,26,50,"[374, 1135]",COMPLETE
2516,2516,0.2343265252783631,2.622234582901001,2021-06-19 15:33:44.523327,2021-06-19 15:33:47.148904,0 days 00:00:02.625577,80,0.7044121314824888,10,1,30,25,50,"[1929, 1929]",COMPLETE
2517,2517,0.27597275587539816,2.7166903018951416,2021-06-19 15:33:47.151040,2021-06-19 15:33:49.871276,0 days 00:00:02.720236,20,0.7044121314824888,10,1,30,7,50,"[840, 1046]",COMPLETE
2518,2518,0.23036606720454156,2.5900931358337402,2021-06-19 15:33:49.873534,2021-06-19 15:33:52.467421,0 days 00:00:02.593887,20,0.7044121314824888,10,9,24,25,50,"[2063, 1244]",COMPLETE
2519,2519,0.22966303381043449,2.7357919216156006,2021-06-19 15:33:52.469576,2021-06-19 15:33:55.208996,0 days 00:00:02.739420,40,0.7492482924832433,10,6,27,26,50,"[1674, 900]",COMPLETE
2520,2520,0.22807451198375253,2.56270170211792,2021-06-19 15:33:55.211094,2021-06-19 15:33:57.777197,0 days 00:00:02.566103,20,0.8047024443354969,10,1,30,25,50,"[1246, 2256]",COMPLETE
2521,2521,0.22972499333027133,2.5752837657928467,2021-06-19 15:33:57.779212,2021-06-19 15:34:00.357900,0 days 00:00:02.578688,20,0.775837870117549,10,1,30,25,50,"[1929, 2314]",COMPLETE
2522,2522,inf,inf,2021-06-19 15:34:00.359734,2021-06-19 15:34:00.548167,0 days 00:00:00.188433,80,0.39181866436598156,4,4,23,0,50,"[2215, 2282]",COMPLETE
2523,2523,0.23556263858258997,3.111639976501465,2021-06-19 15:34:00.577995,2021-06-19 15:34:03.694546,0 days 00:00:03.116551,20,0.9963065221606349,10,1,24,26,50,"[1312, 2209]",COMPLETE
2524,2524,0.2327748163408843,2.590113639831543,2021-06-19 15:34:03.696591,2021-06-19 15:34:06.290083,0 days 00:00:02.593492,20,0.7044121314824888,10,1,30,25,50,"[1135, 1312]",COMPLETE
2525,2525,inf,inf,2021-06-19 15:34:06.292103,2021-06-19 15:34:06.488765,0 days 00:00:00.196662,20,0.42317174966283877,10,9,30,26,50,"[1135, 411]",COMPLETE
2526,2526,0.23660994145769879,2.7435102462768555,2021-06-19 15:34:06.491505,2021-06-19 15:34:09.244485,0 days 00:00:02.752980,10,0.7492482924832433,10,1,9,25,50,"[745, 2477]",COMPLETE
2527,2527,0.23094579771096269,2.5973663330078125,2021-06-19 15:34:09.246736,2021-06-19 15:34:11.848121,0 days 00:00:02.601385,20,0.650203172487141,10,2,24,25,50,"[1389, 1599]",COMPLETE
2528,2528,0.23228395875896893,2.7236175537109375,2021-06-19 15:34:11.850262,2021-06-19 15:34:14.577269,0 days 00:00:02.727007,20,0.8047024443354969,10,1,23,26,50,"[2256, 647]",COMPLETE
2529,2529,0.23297120223041556,2.6063318252563477,2021-06-19 15:34:14.579456,2021-06-19 15:34:17.189171,0 days 00:00:02.609715,20,0.7492482924832433,10,1,24,26,50,"[900, 960]",COMPLETE
2530,2530,0.22808464358880234,2.731442451477051,2021-06-19 15:34:17.191329,2021-06-19 15:34:19.926199,0 days 00:00:02.734870,20,0.8047024443354969,10,1,30,25,50,"[2229, 2256]",COMPLETE
2531,2531,0.2290596889225865,2.6024560928344727,2021-06-19 15:34:19.927915,2021-06-19 15:34:22.533903,0 days 00:00:02.605988,20,0.7044121314824888,10,9,26,25,50,"[2495, 1745]",COMPLETE
2532,2532,0.23362871351505038,2.6994881629943848,2021-06-19 15:34:22.535654,2021-06-19 15:34:25.238656,0 days 00:00:02.703002,30,0.7044121314824888,10,1,30,26,50,"[2465, 1135]",COMPLETE
2533,2533,inf,inf,2021-06-19 15:34:25.240403,2021-06-19 15:34:25.384694,0 days 00:00:00.144291,20,0.4213822426990057,10,1,30,26,50,"[1046, 2282]",COMPLETE
2534,2534,0.2301680662756651,2.6451215744018555,2021-06-19 15:34:25.388220,2021-06-19 15:34:28.040528,0 days 00:00:02.652308,20,0.7044121314824888,10,9,30,26,50,"[1218, 2486]",COMPLETE
2535,2535,0.23077412556527288,2.607192039489746,2021-06-19 15:34:28.042414,2021-06-19 15:34:30.653420,0 days 00:00:02.611006,20,0.7044121314824888,10,9,24,25,50,"[1312, 1218]",COMPLETE
2536,2536,0.25567143319372304,2.980816602706909,2021-06-19 15:34:30.655174,2021-06-19 15:34:33.639631,0 days 00:00:02.984457,20,0.7044121314824888,7,1,15,25,50,"[1006, 2495]",COMPLETE
2537,2537,0.24277952289145013,2.6377694606781006,2021-06-19 15:34:33.641807,2021-06-19 15:34:36.283219,0 days 00:00:02.641412,20,0.775837870117549,10,9,7,26,50,"[1046, 2297]",COMPLETE
2538,2538,0.23609302270268212,2.7617104053497314,2021-06-19 15:34:36.285280,2021-06-19 15:34:39.050384,0 days 00:00:02.765104,20,0.7044121314824888,10,9,13,26,50,"[1218, 1218]",COMPLETE
2539,2539,0.24386528314989084,2.5991342067718506,2021-06-19 15:34:39.052492,2021-06-19 15:34:41.655271,0 days 00:00:02.602779,10,0.7044121314824888,10,1,4,25,50,"[2465, 1246]",COMPLETE
