,number,values_0,values_1,datetime_start,datetime_complete,duration,params_checks,params_n_ratio,params_nskip,params_trees,params_w1,params_w2,system_attrs_nsga2:generation,system_attrs_nsga2:parents,state
8829,8829,0.23236376639540143,2.563154935836792,2021-06-19 21:32:11.115250,2021-06-19 21:32:13.718466,0 days 00:00:02.603216,50,0.775837870117549,10,1,30,26,176,"[2078, 5145]",COMPLETE
8830,8830,0.27632557231752686,3.509566307067871,2021-06-19 21:32:13.722800,2021-06-19 21:32:17.242734,0 days 00:00:03.519934,20,0.775837870117549,4,1,30,27,176,"[8627, 8627]",COMPLETE
8831,8831,0.24333658673039246,2.5328457355499268,2021-06-19 21:32:17.247354,2021-06-19 21:32:19.790926,0 days 00:00:02.543572,20,0.775837870117549,10,1,30,20,176,"[8627, 7926]",COMPLETE
8832,8832,0.2324273004893717,2.5886895656585693,2021-06-19 21:32:19.795683,2021-06-19 21:32:22.395204,0 days 00:00:02.599521,20,0.7492482924832433,10,3,24,26,176,"[2078, 2063]",COMPLETE
8833,8833,0.4462069768393307,2.836829900741577,2021-06-19 21:32:22.400043,2021-06-19 21:32:25.247651,0 days 00:00:02.847608,0,0.7044121314824888,10,10,22,0,176,"[849, 3100]",COMPLETE
8834,8834,0.23250108958280832,2.6175239086151123,2021-06-19 21:32:25.252419,2021-06-19 21:32:27.880572,0 days 00:00:02.628153,20,0.775837870117549,10,1,30,25,176,"[8498, 8707]",COMPLETE
8835,8835,inf,inf,2021-06-19 21:32:27.885428,2021-06-19 21:32:28.213049,0 days 00:00:00.327621,20,0.5309336739940063,10,1,14,25,176,"[8433, 1929]",COMPLETE
8836,8836,0.22781706237418023,2.5862622261047363,2021-06-19 21:32:28.219525,2021-06-19 21:32:30.840715,0 days 00:00:02.621190,20,0.775837870117549,10,1,30,25,176,"[1159, 8595]",COMPLETE
8837,8837,0.29876248073534856,2.8010811805725098,2021-06-19 21:32:30.845554,2021-06-19 21:32:33.657231,0 days 00:00:02.811677,10,0.775837870117549,10,1,22,6,176,"[8333, 849]",COMPLETE
8838,8838,0.22846999379008792,2.5706241130828857,2021-06-19 21:32:33.662131,2021-06-19 21:32:36.244274,0 days 00:00:02.582143,20,0.775837870117549,10,1,30,26,176,"[8707, 7005]",COMPLETE
8839,8839,0.23179567258254252,2.581923723220825,2021-06-19 21:32:36.249059,2021-06-19 21:32:38.841678,0 days 00:00:02.592619,10,0.7044121314824888,10,1,24,26,176,"[5379, 2991]",COMPLETE
8840,8840,0.2309114437410301,2.6958956718444824,2021-06-19 21:32:38.846275,2021-06-19 21:32:41.553113,0 days 00:00:02.706838,20,0.8047024443354969,10,13,30,25,176,"[3100, 8256]",COMPLETE
8841,8841,0.23366432407697163,2.7584550380706787,2021-06-19 21:32:41.558129,2021-06-19 21:32:44.328058,0 days 00:00:02.769929,20,0.7492482924832433,10,1,23,25,176,"[1244, 2078]",COMPLETE
8842,8842,0.2937234066120924,3.6560943126678467,2021-06-19 21:32:44.332825,2021-06-19 21:32:47.999482,0 days 00:00:03.666657,20,0.775837870117549,3,1,30,25,176,"[5853, 3260]",COMPLETE
8843,8843,0.3086087935025302,5.8711326122283936,2021-06-19 21:32:48.004305,2021-06-19 21:32:53.886479,0 days 00:00:05.882174,90,0.7492482924832433,1,1,19,25,176,"[1244, 1389]",COMPLETE
8844,8844,0.22956500593431461,2.6386327743530273,2021-06-19 21:32:53.890896,2021-06-19 21:32:56.540109,0 days 00:00:02.649213,30,0.7044121314824888,10,1,30,25,176,"[8720, 3260]",COMPLETE
8845,8845,0.24238571115743937,2.535980224609375,2021-06-19 21:32:56.544528,2021-06-19 21:32:59.090967,0 days 00:00:02.546439,10,0.6415492259649922,10,1,4,25,176,"[849, 8798]",COMPLETE
8846,8846,0.23526602372600383,2.5642406940460205,2021-06-19 21:32:59.095667,2021-06-19 21:33:01.670641,0 days 00:00:02.574974,20,0.775837870117549,10,1,10,25,176,"[8261, 2063]",COMPLETE
8847,8847,inf,inf,2021-06-19 21:33:01.675363,2021-06-19 21:33:02.299072,0 days 00:00:00.623709,20,0.5398503722198256,7,9,30,25,176,"[1244, 1244]",COMPLETE
8848,8848,0.3849843388300517,2.7612416744232178,2021-06-19 21:33:02.312953,2021-06-19 21:33:05.108670,0 days 00:00:02.795717,20,0.775837870117549,10,1,30,0,176,"[2209, 6751]",COMPLETE
8849,8849,0.23339815095464747,2.649183511734009,2021-06-19 21:33:05.113300,2021-06-19 21:33:07.773101,0 days 00:00:02.659801,20,0.603627004462215,10,1,30,25,176,"[316, 8531]",COMPLETE
8850,8850,0.2290126417433266,2.7862088680267334,2021-06-19 21:33:07.778090,2021-06-19 21:33:10.630070,0 days 00:00:02.851980,20,0.775837870117549,10,1,30,25,177,"[8498, 7770]",COMPLETE
8851,8851,0.23214546788394144,2.55574369430542,2021-06-19 21:33:10.634967,2021-06-19 21:33:13.202161,0 days 00:00:02.567194,20,0.8047024443354969,10,1,30,25,177,"[8720, 4943]",COMPLETE
8852,8852,inf,inf,2021-06-19 21:33:13.206907,2021-06-19 21:33:13.421633,0 days 00:00:00.214726,20,0.322640022804922,10,9,30,25,177,"[1389, 3082]",COMPLETE
8853,8853,0.2410417567069553,2.521803379058838,2021-06-19 21:33:13.431539,2021-06-19 21:33:15.975822,0 days 00:00:02.544283,20,0.7842442331361792,10,1,8,26,177,"[8815, 316]",COMPLETE
8854,8854,0.24487646574107455,2.7318520545959473,2021-06-19 21:33:15.980662,2021-06-19 21:33:18.723028,0 days 00:00:02.742366,10,0.6415492259649922,10,1,2,25,177,"[849, 5145]",COMPLETE
8855,8855,0.22918373374070455,2.5865390300750732,2021-06-19 21:33:18.727689,2021-06-19 21:33:21.324683,0 days 00:00:02.596994,20,0.775837870117549,10,1,25,25,177,"[8824, 8256]",COMPLETE
8856,8856,0.22684754029501994,2.55784273147583,2021-06-19 21:33:21.329706,2021-06-19 21:33:23.899163,0 days 00:00:02.569457,20,0.775837870117549,10,1,30,25,177,"[8595, 8824]",COMPLETE
8857,8857,0.22976692731635684,2.604518175125122,2021-06-19 21:33:23.903880,2021-06-19 21:33:26.519009,0 days 00:00:02.615129,10,0.7044121314824888,10,9,30,25,177,"[6763, 1244]",COMPLETE
8858,8858,0.25517359744605106,2.9863569736480713,2021-06-19 21:33:26.523720,2021-06-19 21:33:29.520833,0 days 00:00:02.997113,20,0.6415492259649922,7,1,22,24,177,"[849, 1159]",COMPLETE
8859,8859,0.23186106624109443,2.593363046646118,2021-06-19 21:33:29.525473,2021-06-19 21:33:32.129380,0 days 00:00:02.603907,20,0.7044121314824888,10,1,30,25,177,"[3260, 1929]",COMPLETE
8860,8860,0.23014642198541882,2.5818703174591064,2021-06-19 21:33:32.133888,2021-06-19 21:33:34.726457,0 days 00:00:02.592569,20,0.775837870117549,10,1,30,25,177,"[3082, 8824]",COMPLETE
8861,8861,0.2447965306143244,2.750025987625122,2021-06-19 21:33:34.731002,2021-06-19 21:33:37.491585,0 days 00:00:02.760583,20,0.775837870117549,10,1,0,26,177,"[5654, 3082]",COMPLETE
8862,8862,0.23232953747968743,2.603538990020752,2021-06-19 21:33:37.496424,2021-06-19 21:33:40.110530,0 days 00:00:02.614106,20,0.775837870117549,10,1,30,26,177,"[3082, 8416]",COMPLETE
8863,8863,inf,inf,2021-06-19 21:33:40.115079,2021-06-19 21:33:40.297829,0 days 00:00:00.182750,20,0.3144355426740273,10,1,25,15,177,"[3260, 8256]",COMPLETE
8864,8864,0.23012654399779567,2.742830276489258,2021-06-19 21:33:40.316684,2021-06-19 21:33:43.080951,0 days 00:00:02.764267,20,0.775837870117549,10,1,30,26,177,"[6351, 8416]",COMPLETE
8865,8865,0.23848172801639797,2.563202381134033,2021-06-19 21:33:43.085570,2021-06-19 21:33:45.659558,0 days 00:00:02.573988,20,0.775837870117549,10,1,9,26,177,"[3100, 5654]",COMPLETE
8866,8866,inf,inf,2021-06-19 21:33:45.664229,2021-06-19 21:33:45.798530,0 days 00:00:00.134301,60,0.36077977704411496,10,9,26,26,177,"[2963, 8807]",COMPLETE
8867,8867,0.23087966656641343,2.597806453704834,2021-06-19 21:33:45.806309,2021-06-19 21:33:48.435387,0 days 00:00:02.629078,20,0.775837870117549,10,1,30,24,177,"[2078, 7926]",COMPLETE
8868,8868,0.2846764769961787,2.9993062019348145,2021-06-19 21:33:48.440131,2021-06-19 21:33:51.450111,0 days 00:00:03.009980,30,0.9585216108664516,10,1,30,2,177,"[2991, 8416]",COMPLETE
8869,8869,0.23191038237682793,2.5372323989868164,2021-06-19 21:33:51.454668,2021-06-19 21:33:54.002355,0 days 00:00:02.547687,20,0.775837870117549,10,1,24,26,177,"[900, 8824]",COMPLETE
8870,8870,0.25048930093007526,2.8375604152679443,2021-06-19 21:33:54.007069,2021-06-19 21:33:56.855270,0 days 00:00:02.848201,20,0.775837870117549,7,1,30,25,177,"[8024, 8433]",COMPLETE
8871,8871,0.22966446536291987,2.90017032623291,2021-06-19 21:33:56.860093,2021-06-19 21:33:59.771237,0 days 00:00:02.911144,70,0.775837870117549,10,8,30,23,177,"[8627, 6835]",COMPLETE
8872,8872,0.23192804409057177,2.6139888763427734,2021-06-19 21:33:59.775736,2021-06-19 21:34:02.400208,0 days 00:00:02.624472,40,0.775837870117549,10,1,30,26,177,"[5654, 6751]",COMPLETE
8873,8873,0.23221102428661708,2.560297966003418,2021-06-19 21:34:02.404992,2021-06-19 21:34:04.975846,0 days 00:00:02.570854,20,0.775837870117549,10,1,30,25,177,"[8531, 7005]",COMPLETE
8874,8874,0.2692583692122793,2.9312875270843506,2021-06-19 21:34:04.980571,2021-06-19 21:34:07.922451,0 days 00:00:02.941880,20,0.7044121314824888,6,1,30,25,177,"[8256, 3260]",COMPLETE
8875,8875,0.24251372267809362,2.869572401046753,2021-06-19 21:34:07.927286,2021-06-19 21:34:10.807823,0 days 00:00:02.880537,20,0.5971399203812848,10,10,8,25,177,"[8333, 316]",COMPLETE
8876,8876,0.2842399602886812,2.630707263946533,2021-06-19 21:34:10.812540,2021-06-19 21:34:13.454224,0 days 00:00:02.641684,20,0.775837870117549,10,6,24,8,177,"[1244, 6968]",COMPLETE
8877,8877,0.23143453679344797,2.6594250202178955,2021-06-19 21:34:13.459063,2021-06-19 21:34:16.130102,0 days 00:00:02.671039,20,0.7492482924832433,10,14,23,25,177,"[2078, 3100]",COMPLETE
8878,8878,0.22913687779407058,2.7736761569976807,2021-06-19 21:34:16.134862,2021-06-19 21:34:18.919309,0 days 00:00:02.784447,20,0.7044121314824888,10,1,30,25,177,"[8433, 3100]",COMPLETE
8879,8879,inf,inf,2021-06-19 21:34:18.924125,2021-06-19 21:34:19.229941,0 days 00:00:00.305816,10,0.4844204119355201,9,1,30,25,177,"[4943, 8627]",COMPLETE
8880,8880,0.22967632220660486,2.5452091693878174,2021-06-19 21:34:19.246887,2021-06-19 21:34:21.814655,0 days 00:00:02.567768,40,0.6507074014788963,10,1,24,25,177,"[3260, 2209]",COMPLETE
8881,8881,inf,inf,2021-06-19 21:34:21.819420,2021-06-19 21:34:22.196191,0 days 00:00:00.376771,20,0.5100486876121663,10,12,30,25,177,"[880, 1244]",COMPLETE
8882,8882,0.27689926485716754,3.293147563934326,2021-06-19 21:34:22.218758,2021-06-19 21:34:25.540140,0 days 00:00:03.321382,10,0.775837870117549,5,1,26,25,177,"[316, 8807]",COMPLETE
8883,8883,0.2380216012778642,2.6773934364318848,2021-06-19 21:34:25.544979,2021-06-19 21:34:28.233231,0 days 00:00:02.688252,0,0.775837870117549,10,1,30,25,177,"[8531, 8824]",COMPLETE
8884,8884,0.25950590799045387,2.5746397972106934,2021-06-19 21:34:28.237928,2021-06-19 21:34:30.823143,0 days 00:00:02.585215,20,0.7492482924832433,10,1,26,13,177,"[8807, 1389]",COMPLETE
8885,8885,0.22699277202624932,2.8354928493499756,2021-06-19 21:34:30.827895,2021-06-19 21:34:33.673767,0 days 00:00:02.845872,20,0.775837870117549,10,1,30,25,177,"[8261, 2991]",COMPLETE
8886,8886,0.2326917310589886,2.5741822719573975,2021-06-19 21:34:33.678350,2021-06-19 21:34:36.262949,0 days 00:00:02.584599,50,0.775837870117549,10,1,30,25,177,"[2991, 2991]",COMPLETE
8887,8887,0.26531762424760724,2.5633513927459717,2021-06-19 21:34:36.267708,2021-06-19 21:34:38.842769,0 days 00:00:02.575061,20,0.8047024443354969,10,1,3,14,177,"[6592, 4943]",COMPLETE
8888,8888,0.22657177795848185,2.7758710384368896,2021-06-19 21:34:38.847549,2021-06-19 21:34:41.633811,0 days 00:00:02.786262,20,0.775837870117549,10,1,30,26,177,"[6351, 5654]",COMPLETE
8889,8889,0.22911154794453226,2.5884816646575928,2021-06-19 21:34:41.638508,2021-06-19 21:34:44.237556,0 days 00:00:02.599048,20,0.775837870117549,10,1,30,25,177,"[5654, 8024]",COMPLETE
8890,8890,0.2300289002045753,2.5847232341766357,2021-06-19 21:34:44.242341,2021-06-19 21:34:46.837536,0 days 00:00:02.595195,20,0.775837870117549,10,1,30,27,177,"[8627, 8416]",COMPLETE
8891,8891,0.30784157489394415,5.737775087356567,2021-06-19 21:34:46.842249,2021-06-19 21:34:52.590736,0 days 00:00:05.748487,20,0.8047024443354969,1,1,30,24,177,"[2063, 1159]",COMPLETE
8892,8892,0.22823800532587962,2.5750582218170166,2021-06-19 21:34:52.595397,2021-06-19 21:34:55.180821,0 days 00:00:02.585424,20,0.775837870117549,10,1,30,26,177,"[5654, 5145]",COMPLETE
8893,8893,0.2296402685804361,2.5631632804870605,2021-06-19 21:34:55.185437,2021-06-19 21:34:57.759155,0 days 00:00:02.573718,10,0.775837870117549,10,1,30,25,177,"[8333, 880]",COMPLETE
8894,8894,0.23143911146499527,2.5586249828338623,2021-06-19 21:34:57.764084,2021-06-19 21:35:00.334430,0 days 00:00:02.570346,20,0.775837870117549,10,1,17,25,177,"[2991, 3082]",COMPLETE
8895,8895,0.23370930822017472,2.784972906112671,2021-06-19 21:35:00.339191,2021-06-19 21:35:03.134760,0 days 00:00:02.795569,20,0.8047024443354969,10,1,30,26,177,"[4943, 5654]",COMPLETE
8896,8896,0.22833404626456422,2.540370464324951,2021-06-19 21:35:03.139193,2021-06-19 21:35:05.690039,0 days 00:00:02.550846,20,0.8047024443354969,10,1,30,25,177,"[8256, 2991]",COMPLETE
8897,8897,0.31451004815096373,2.779956102371216,2021-06-19 21:35:05.694922,2021-06-19 21:35:08.485558,0 days 00:00:02.790636,20,0.775837870117549,10,1,1,3,177,"[8532, 4781]",COMPLETE
8898,8898,0.2270921868850443,2.539254903793335,2021-06-19 21:35:08.490171,2021-06-19 21:35:11.040034,0 days 00:00:02.549863,10,0.7044121314824888,10,1,25,26,177,"[5379, 5379]",COMPLETE
8899,8899,0.22993875826890967,2.5807418823242188,2021-06-19 21:35:11.044816,2021-06-19 21:35:13.636489,0 days 00:00:02.591673,80,0.7492482924832433,10,1,30,25,177,"[1389, 316]",COMPLETE
8900,8900,0.3220048677961664,9.53948187828064,2021-06-19 21:35:13.641253,2021-06-19 21:36:36.967149,0 days 00:01:23.325896,80,0.7044121314824888,0,1,30,25,178,"[4781, 8898]",COMPLETE
8901,8901,0.22807419368084544,2.60302996635437,2021-06-19 21:36:36.976537,2021-06-19 21:36:39.592958,0 days 00:00:02.616421,10,0.775837870117549,10,1,30,26,178,"[8498, 8898]",COMPLETE
8902,8902,0.28797038974484285,3.3267316818237305,2021-06-19 21:36:39.597408,2021-06-19 21:36:42.934889,0 days 00:00:03.337481,10,0.7492482924832433,4,1,27,25,178,"[1389, 1389]",COMPLETE
8903,8903,0.23018088160256164,2.7682511806488037,2021-06-19 21:36:42.939636,2021-06-19 21:36:45.718380,0 days 00:00:02.778744,20,0.775837870117549,10,1,30,26,178,"[8416, 7005]",COMPLETE
8904,8904,0.2372503965560564,2.643629312515259,2021-06-19 21:36:45.723083,2021-06-19 21:36:48.377669,0 days 00:00:02.654586,20,0.9205778065647148,10,1,23,25,178,"[8896, 2078]",COMPLETE
8905,8905,0.22952284545616233,2.587891101837158,2021-06-19 21:36:48.382521,2021-06-19 21:36:50.980935,0 days 00:00:02.598414,20,0.7044121314824888,10,1,24,25,178,"[6968, 2209]",COMPLETE
8906,8906,0.2306029887336308,2.758837938308716,2021-06-19 21:36:50.985719,2021-06-19 21:36:53.755362,0 days 00:00:02.769643,20,0.8047024443354969,10,1,30,25,178,"[4943, 8333]",COMPLETE
8907,8907,0.2868067600904491,3.020437479019165,2021-06-19 21:36:53.759895,2021-06-19 21:36:56.790956,0 days 00:00:03.031061,60,0.775837870117549,6,1,22,16,178,"[3760, 849]",COMPLETE
8908,8908,0.2567733999840217,2.6198787689208984,2021-06-19 21:36:56.795306,2021-06-19 21:36:59.425771,0 days 00:00:02.630465,20,0.7044121314824888,10,9,30,16,178,"[1244, 5379]",COMPLETE
8909,8909,0.25079570432536286,3.059809684753418,2021-06-19 21:36:59.430115,2021-06-19 21:37:02.500414,0 days 00:00:03.070299,10,0.7044121314824888,7,1,25,26,178,"[2963, 8898]",COMPLETE
8910,8910,0.2625389956896967,2.6443839073181152,2021-06-19 21:37:02.505082,2021-06-19 21:37:05.160107,0 days 00:00:02.655025,100,0.775837870117549,10,1,30,12,178,"[4781, 8531]",COMPLETE
8911,8911,0.23190432666849117,2.5530660152435303,2021-06-19 21:37:05.164577,2021-06-19 21:37:07.728249,0 days 00:00:02.563672,20,0.7492482924832433,10,1,30,25,178,"[6763, 1028]",COMPLETE
8912,8912,0.22701973252262053,2.7733006477355957,2021-06-19 21:37:07.732892,2021-06-19 21:37:10.516522,0 days 00:00:02.783630,20,0.775837870117549,10,1,30,25,178,"[7770, 7770]",COMPLETE
8913,8913,0.23044708716107581,2.6100025177001953,2021-06-19 21:37:10.521089,2021-06-19 21:37:13.141888,0 days 00:00:02.620799,20,0.8662900644370037,10,1,23,25,178,"[849, 8433]",COMPLETE
8914,8914,0.23316048415031596,2.5637035369873047,2021-06-19 21:37:13.146566,2021-06-19 21:37:15.721037,0 days 00:00:02.574471,20,0.8047024443354969,10,1,13,25,178,"[2063, 6968]",COMPLETE
8915,8915,0.2336279210228415,2.7886550426483154,2021-06-19 21:37:15.725446,2021-06-19 21:37:18.524709,0 days 00:00:02.799263,20,0.775837870117549,10,1,20,24,178,"[7770, 8896]",COMPLETE
8916,8916,0.22991691140481765,2.5373928546905518,2021-06-19 21:37:18.529636,2021-06-19 21:37:21.077796,0 days 00:00:02.548160,40,0.775837870117549,10,1,30,25,178,"[6968, 3760]",COMPLETE
8917,8917,0.2377072166736366,2.6183183193206787,2021-06-19 21:37:21.082613,2021-06-19 21:37:23.711567,0 days 00:00:02.628954,20,0.603627004462215,10,1,8,26,178,"[2078, 316]",COMPLETE
8918,8918,0.23692928920938197,2.5328056812286377,2021-06-19 21:37:23.716400,2021-06-19 21:37:26.259617,0 days 00:00:02.543217,10,0.7492482924832433,10,1,30,25,178,"[1028, 5853]",COMPLETE
8919,8919,0.23529012740493105,2.7653775215148926,2021-06-19 21:37:26.264560,2021-06-19 21:37:29.040769,0 days 00:00:02.776209,40,0.7044121314824888,10,1,30,25,178,"[4943, 2963]",COMPLETE
8920,8920,0.22976663360312446,2.5846471786499023,2021-06-19 21:37:29.045400,2021-06-19 21:37:31.640464,0 days 00:00:02.595064,20,0.775837870117549,10,1,30,25,178,"[6968, 8627]",COMPLETE
8921,8921,0.23009787595447206,2.769029140472412,2021-06-19 21:37:31.645331,2021-06-19 21:37:34.425904,0 days 00:00:02.780573,20,0.7044121314824888,10,1,30,26,178,"[2963, 1929]",COMPLETE
8922,8922,0.2467928662533529,2.587235927581787,2021-06-19 21:37:34.430459,2021-06-19 21:37:37.028468,0 days 00:00:02.598009,40,0.603627004462215,10,1,8,29,178,"[2063, 316]",COMPLETE
8923,8923,0.24002143810325238,2.5817325115203857,2021-06-19 21:37:37.033228,2021-06-19 21:37:39.626661,0 days 00:00:02.593433,20,0.775837870117549,10,1,23,30,178,"[2078, 5853]",COMPLETE
8924,8924,0.23067935134665232,2.624488592147827,2021-06-19 21:37:39.631335,2021-06-19 21:37:42.266527,0 days 00:00:02.635192,20,0.8047024443354969,10,1,25,26,178,"[8256, 7005]",COMPLETE
8925,8925,0.24093589507906507,2.8443870544433594,2021-06-19 21:37:42.271359,2021-06-19 21:37:45.126784,0 days 00:00:02.855425,30,0.8047024443354969,10,1,6,25,178,"[8256, 8433]",COMPLETE
8926,8926,0.3164697410154626,9.756774187088013,2021-06-19 21:37:45.131450,2021-06-19 21:37:54.899313,0 days 00:00:09.767863,20,0.7492482924832433,0,12,30,25,178,"[7631, 1389]",COMPLETE
8927,8927,0.22714521371836363,2.7708356380462646,2021-06-19 21:37:54.904181,2021-06-19 21:37:57.685603,0 days 00:00:02.781422,20,0.7044121314824888,10,1,30,25,178,"[2078, 3260]",COMPLETE
8928,8928,0.2535521604043819,2.5794196128845215,2021-06-19 21:37:57.690344,2021-06-19 21:38:00.280520,0 days 00:00:02.590176,20,0.775837870117549,10,1,26,16,178,"[6835, 8333]",COMPLETE
8929,8929,0.2326290956460055,2.62884259223938,2021-06-19 21:38:00.285333,2021-06-19 21:38:02.924651,0 days 00:00:02.639318,10,0.7492482924832433,10,1,30,26,178,"[1389, 6592]",COMPLETE
8930,8930,0.24647969726866556,2.9144718647003174,2021-06-19 21:38:02.929349,2021-06-19 21:38:05.854432,0 days 00:00:02.925083,0,0.775837870117549,10,1,30,25,178,"[2991, 8024]",COMPLETE
8931,8931,0.22652580939631856,2.681776762008667,2021-06-19 21:38:05.858954,2021-06-19 21:38:08.551388,0 days 00:00:02.692434,40,0.775837870117549,10,13,30,25,178,"[3760, 8896]",COMPLETE
8932,8932,0.23411311817030617,2.579498767852783,2021-06-19 21:38:08.555990,2021-06-19 21:38:11.146368,0 days 00:00:02.590378,20,0.8243826985080365,10,1,15,26,178,"[7926, 900]",COMPLETE
8933,8933,0.22484519899924538,2.8271799087524414,2021-06-19 21:38:11.151006,2021-06-19 21:38:13.988885,0 days 00:00:02.837879,20,0.775837870117549,10,11,30,26,178,"[6751, 5145]",COMPLETE
8934,8934,0.23146134308045985,2.554767608642578,2021-06-19 21:38:13.993354,2021-06-19 21:38:16.558558,0 days 00:00:02.565204,20,0.7492482924832433,10,1,30,26,178,"[8627, 900]",COMPLETE
8935,8935,0.22999990823256922,2.4965786933898926,2021-06-19 21:38:16.563322,2021-06-19 21:38:19.070524,0 days 00:00:02.507202,10,0.775837870117549,10,1,30,27,178,"[6968, 8627]",COMPLETE
8936,8936,0.2348938000509796,2.59844708442688,2021-06-19 21:38:19.075196,2021-06-19 21:38:21.684164,0 days 00:00:02.608968,20,0.775837870117549,10,1,13,25,178,"[6968, 6968]",COMPLETE
8937,8937,0.24415682789286364,2.8080227375030518,2021-06-19 21:38:21.688973,2021-06-19 21:38:24.508074,0 days 00:00:02.819101,20,0.8047024443354969,10,8,16,20,178,"[4943, 8532]",COMPLETE
8938,8938,0.3023634537181689,3.7853686809539795,2021-06-19 21:38:24.512850,2021-06-19 21:38:28.308966,0 days 00:00:03.796116,20,0.603627004462215,3,1,23,25,178,"[2078, 316]",COMPLETE
8939,8939,0.23337152782628467,2.7365825176239014,2021-06-19 21:38:28.313784,2021-06-19 21:38:31.061045,0 days 00:00:02.747261,20,0.775837870117549,10,2,20,25,178,"[7631, 7631]",COMPLETE
8940,8940,0.23132309811624618,2.6196815967559814,2021-06-19 21:38:31.065674,2021-06-19 21:38:33.695786,0 days 00:00:02.630112,20,0.775837870117549,10,9,30,25,178,"[5853, 1244]",COMPLETE
8941,8941,0.2316774977328096,2.5593197345733643,2021-06-19 21:38:33.700694,2021-06-19 21:38:36.270596,0 days 00:00:02.569902,20,0.7492482924832433,10,1,23,26,178,"[2078, 6835]",COMPLETE
8942,8942,0.23362098308945484,2.5909576416015625,2021-06-19 21:38:36.275011,2021-06-19 21:38:38.876571,0 days 00:00:02.601560,20,0.775837870117549,10,5,30,25,178,"[5853, 8720]",COMPLETE
8943,8943,0.28784763548926495,3.919410467147827,2021-06-19 21:38:38.881436,2021-06-19 21:38:42.811520,0 days 00:00:03.930084,20,0.8047024443354969,3,1,30,26,178,"[8896, 6751]",COMPLETE
8944,8944,0.23403853079372378,2.70462703704834,2021-06-19 21:38:42.816310,2021-06-19 21:38:45.531625,0 days 00:00:02.715315,20,0.9282963996043416,10,1,24,26,178,"[8416, 5379]",COMPLETE
8945,8945,0.23575732734752333,2.875501871109009,2021-06-19 21:38:45.536550,2021-06-19 21:38:48.422924,0 days 00:00:02.886374,20,0.775837870117549,10,16,12,26,178,"[6592, 7926]",COMPLETE
8946,8946,0.23128062793369478,2.580104351043701,2021-06-19 21:38:48.427518,2021-06-19 21:38:51.018553,0 days 00:00:02.591035,40,0.8820544588272448,10,1,30,25,178,"[8416, 8720]",COMPLETE
