,number,values_0,values_1,datetime_start,datetime_complete,duration,params_checks,params_n_ratio,params_nskip,params_trees,params_w1,params_w2,system_attrs_nsga2:generation,system_attrs_nsga2:parents,state
6460,6460,0.23086917203083726,2.5842552185058594,2021-06-19 19:16:15.673874,2021-06-19 19:16:18.265978,0 days 00:00:02.592104,10,0.775837870117549,10,1,24,26,129,"[5379, 4879]",COMPLETE
6461,6461,0.25021249065715223,2.5731351375579834,2021-06-19 19:16:18.269774,2021-06-19 19:16:20.851176,0 days 00:00:02.581402,20,0.7119665222558124,10,1,30,19,129,"[3195, 3260]",COMPLETE
6462,6462,0.23473676714865932,2.761547803878784,2021-06-19 19:16:20.854939,2021-06-19 19:16:23.623997,0 days 00:00:02.769058,20,0.7044121314824888,10,1,30,25,129,"[1929, 1929]",COMPLETE
6463,6463,0.31365337422171746,3.527613639831543,2021-06-19 19:16:23.627752,2021-06-19 19:16:27.163528,0 days 00:00:03.535776,30,0.7044121314824888,4,16,30,8,129,"[880, 2963]",COMPLETE
6464,6464,0.22934041022834653,2.802541971206665,2021-06-19 19:16:27.167242,2021-06-19 19:16:29.977742,0 days 00:00:02.810500,20,0.7044121314824888,10,9,30,26,129,"[2209, 2963]",COMPLETE
6465,6465,0.2889487056822515,3.759242057800293,2021-06-19 19:16:29.981381,2021-06-19 19:16:33.748577,0 days 00:00:03.767196,50,0.7492482924832433,3,1,30,25,129,"[4781, 2078]",COMPLETE
6466,6466,0.23156954365097648,2.659670829772949,2021-06-19 19:16:33.752419,2021-06-19 19:16:36.419815,0 days 00:00:02.667396,20,0.775837870117549,10,1,30,26,129,"[1735, 5654]",COMPLETE
6467,6467,0.23111633068740203,2.8055214881896973,2021-06-19 19:16:36.423616,2021-06-19 19:16:39.237452,0 days 00:00:02.813836,20,0.775837870117549,10,5,30,25,129,"[5853, 6351]",COMPLETE
6468,6468,0.23529063278442788,2.817028522491455,2021-06-19 19:16:39.240925,2021-06-19 19:16:42.066702,0 days 00:00:02.825777,30,0.7044121314824888,9,1,30,25,129,"[3195, 4331]",COMPLETE
6469,6469,0.2258306720040279,2.7112042903900146,2021-06-19 19:16:42.070810,2021-06-19 19:16:44.790911,0 days 00:00:02.720101,10,0.7492482924832433,10,15,30,25,129,"[1389, 1006]",COMPLETE
6470,6470,inf,inf,2021-06-19 19:16:44.794855,2021-06-19 19:16:45.222217,0 days 00:00:00.427362,20,0.5350260456262418,10,1,30,25,129,"[2991, 5853]",COMPLETE
6471,6471,0.317753917862921,2.809752941131592,2021-06-19 19:16:45.229214,2021-06-19 19:16:48.083507,0 days 00:00:02.854293,10,0.775837870117549,10,1,16,4,129,"[4943, 4419]",COMPLETE
6472,6472,0.3009712472589608,2.6417131423950195,2021-06-19 19:16:48.087199,2021-06-19 19:16:50.736795,0 days 00:00:02.649596,20,0.7044121314824888,10,9,26,7,129,"[3256, 2465]",COMPLETE
6473,6473,0.230231822779878,2.6594669818878174,2021-06-19 19:16:50.740507,2021-06-19 19:16:53.407905,0 days 00:00:02.667398,30,0.7044121314824888,10,9,30,26,129,"[5381, 1218]",COMPLETE
6474,6474,0.327867177474827,3.516669511795044,2021-06-19 19:16:53.411510,2021-06-19 19:16:56.936205,0 days 00:00:03.524695,10,0.8047024443354969,4,1,30,2,129,"[1389, 4943]",COMPLETE
6475,6475,0.2601422643645901,2.59853458404541,2021-06-19 19:16:56.939518,2021-06-19 19:16:59.545953,0 days 00:00:02.606435,50,0.7044121314824888,10,1,30,15,129,"[4236, 4236]",COMPLETE
6476,6476,0.29584158289311274,3.87734055519104,2021-06-19 19:16:59.549378,2021-06-19 19:17:03.434724,0 days 00:00:03.885346,20,0.7100511651342796,3,1,30,25,129,"[5336, 2762]",COMPLETE
6477,6477,0.23354400306483575,2.5874316692352295,2021-06-19 19:17:03.438193,2021-06-19 19:17:06.034219,0 days 00:00:02.596026,20,0.7492482924832433,10,1,24,26,129,"[4236, 900]",COMPLETE
6478,6478,0.23184136793312404,2.5855627059936523,2021-06-19 19:17:06.037531,2021-06-19 19:17:08.630800,0 days 00:00:02.593269,20,0.7044121314824888,10,1,30,25,129,"[5336, 5495]",COMPLETE
6479,6479,0.2360060478077786,2.7823994159698486,2021-06-19 19:17:08.634730,2021-06-19 19:17:11.425981,0 days 00:00:02.791251,20,0.7044121314824888,10,7,16,25,129,"[1006, 5495]",COMPLETE
6480,6480,0.23895904743700486,2.585453748703003,2021-06-19 19:17:11.429929,2021-06-19 19:17:14.024284,0 days 00:00:02.594355,20,0.5704229554688567,10,1,30,25,129,"[3100, 1929]",COMPLETE
6481,6481,0.27643800466135743,3.0957274436950684,2021-06-19 19:17:14.028129,2021-06-19 19:17:17.131635,0 days 00:00:03.103506,20,0.8047024443354969,5,1,30,25,129,"[2229, 2229]",COMPLETE
6482,6482,0.3110011677426177,5.630441904067993,2021-06-19 19:17:17.135278,2021-06-19 19:17:22.773683,0 days 00:00:05.638405,10,0.7492482924832433,1,1,30,26,129,"[1028, 900]",COMPLETE
6483,6483,0.22878461931953273,2.5767836570739746,2021-06-19 19:17:22.777125,2021-06-19 19:17:25.361935,0 days 00:00:02.584810,20,0.6582428745069486,10,1,24,26,129,"[900, 2063]",COMPLETE
6484,6484,0.23726485193845667,2.564783811569214,2021-06-19 19:17:25.365684,2021-06-19 19:17:27.938246,0 days 00:00:02.572562,20,0.6908886756227102,10,1,30,26,129,"[6351, 6351]",COMPLETE
6485,6485,inf,inf,2021-06-19 19:17:27.941821,2021-06-19 19:17:28.211460,0 days 00:00:00.269639,10,0.4710028008964876,10,1,30,25,129,"[1028, 880]",COMPLETE
6486,6486,0.269001838442021,3.0906054973602295,2021-06-19 19:17:28.235965,2021-06-19 19:17:31.352705,0 days 00:00:03.116740,20,0.7044121314824888,6,1,11,23,129,"[900, 1006]",COMPLETE
6487,6487,0.24079161061089288,2.652913808822632,2021-06-19 19:17:31.356583,2021-06-19 19:17:34.017845,0 days 00:00:02.661262,50,0.7044121314824888,10,10,6,26,129,"[3256, 4523]",COMPLETE
6488,6488,0.2937450682622744,3.882924795150757,2021-06-19 19:17:34.021510,2021-06-19 19:17:37.912427,0 days 00:00:03.890917,40,0.775837870117549,3,1,30,25,129,"[3100, 3760]",COMPLETE
6489,6489,0.23210953610318447,2.636566400527954,2021-06-19 19:17:37.916150,2021-06-19 19:17:40.560531,0 days 00:00:02.644381,20,0.7044121314824888,10,9,30,24,129,"[1159, 1244]",COMPLETE
6490,6490,0.2665990503268893,2.937418222427368,2021-06-19 19:17:40.564224,2021-06-19 19:17:43.509847,0 days 00:00:02.945623,20,0.7044121314824888,6,1,25,25,129,"[1974, 4236]",COMPLETE
6491,6491,0.3231984079005164,9.385998487472534,2021-06-19 19:17:43.513650,2021-06-19 19:17:52.907833,0 days 00:00:09.394183,40,0.7100511651342796,0,1,24,25,129,"[2762, 4419]",COMPLETE
6492,6492,0.30132550949744014,4.462001085281372,2021-06-19 19:17:52.911683,2021-06-19 19:17:57.382561,0 days 00:00:04.470878,20,0.7015593287887579,2,9,21,26,129,"[3256, 1974]",COMPLETE
6493,6493,0.2305615411024154,2.6081361770629883,2021-06-19 19:17:57.386362,2021-06-19 19:18:00.002228,0 days 00:00:02.615866,40,0.775837870117549,10,1,30,25,129,"[3760, 3760]",COMPLETE
6494,6494,0.23285837398306503,2.7272772789001465,2021-06-19 19:18:00.005928,2021-06-19 19:18:02.741057,0 days 00:00:02.735129,20,0.7044121314824888,10,1,30,26,129,"[2960, 5336]",COMPLETE
6495,6495,0.2319718879950835,2.6567721366882324,2021-06-19 19:18:02.744741,2021-06-19 19:18:05.409460,0 days 00:00:02.664719,20,0.7044121314824888,10,16,30,25,129,"[1159, 3082]",COMPLETE
6496,6496,0.2303612193841235,2.644977569580078,2021-06-19 19:18:05.413148,2021-06-19 19:18:08.065958,0 days 00:00:02.652810,30,0.7044121314824888,10,9,30,26,129,"[5381, 2963]",COMPLETE
6497,6497,inf,inf,2021-06-19 19:18:08.069750,2021-06-19 19:18:08.238299,0 days 00:00:00.168549,20,0.36336761862025707,10,9,30,26,129,"[3260, 411]",COMPLETE
6498,6498,0.2266941716441717,2.7514841556549072,2021-06-19 19:18:08.245021,2021-06-19 19:18:11.033015,0 days 00:00:02.787994,20,0.775837870117549,10,1,30,25,129,"[4879, 2991]",COMPLETE
6499,6499,0.228921603343999,2.5962390899658203,2021-06-19 19:18:11.036740,2021-06-19 19:18:13.640849,0 days 00:00:02.604109,20,0.7492482924832433,10,9,30,26,129,"[1735, 3256]",COMPLETE
6500,6500,0.23346806803719466,2.748608350753784,2021-06-19 19:18:13.644591,2021-06-19 19:19:28.181179,0 days 00:01:14.536588,20,0.8047024443354969,10,1,13,25,130,"[5641, 3195]",COMPLETE
6501,6501,0.28533694814523514,2.5954558849334717,2021-06-19 19:19:28.187822,2021-06-19 19:19:30.793308,0 days 00:00:02.605486,20,0.7044121314824888,10,1,26,5,130,"[3760, 3256]",COMPLETE
6502,6502,0.22941933450464094,2.6779940128326416,2021-06-19 19:19:30.797145,2021-06-19 19:19:33.483235,0 days 00:00:02.686090,20,0.8047024443354969,10,9,30,25,130,"[1244, 5641]",COMPLETE
6503,6503,0.22988378269374146,2.7793595790863037,2021-06-19 19:19:33.487095,2021-06-19 19:19:36.274412,0 days 00:00:02.787317,10,0.7044121314824888,10,1,30,25,130,"[1244, 1389]",COMPLETE
6504,6504,0.31430910922904803,9.172790288925171,2021-06-19 19:19:36.278230,2021-06-19 19:19:45.459237,0 days 00:00:09.181007,20,0.8047024443354969,0,1,24,24,130,"[2063, 1159]",COMPLETE
6505,6505,0.23850140007086398,3.040811538696289,2021-06-19 19:19:45.462679,2021-06-19 19:19:48.511646,0 days 00:00:03.048967,20,0.7044121314824888,7,1,30,30,130,"[3082, 4781]",COMPLETE
6506,6506,0.23238808370904945,2.6607887744903564,2021-06-19 19:19:48.515253,2021-06-19 19:19:51.184243,0 days 00:00:02.668990,20,0.7492482924832433,10,13,30,25,130,"[5853, 2078]",COMPLETE
6507,6507,0.23273046570943462,2.667971134185791,2021-06-19 19:19:51.187980,2021-06-19 19:19:53.863698,0 days 00:00:02.675718,20,0.7100511651342796,10,15,30,25,130,"[6219, 2762]",COMPLETE
6508,6508,0.24128551652416574,2.895747184753418,2021-06-19 19:19:53.867562,2021-06-19 19:19:56.771503,0 days 00:00:02.903941,20,0.775837870117549,8,1,30,26,130,"[4331, 316]",COMPLETE
6509,6509,0.23367975513298375,2.593545913696289,2021-06-19 19:19:56.775320,2021-06-19 19:19:59.376618,0 days 00:00:02.601298,20,0.8047024443354969,10,1,30,25,130,"[2229, 2229]",COMPLETE
6510,6510,0.22955264893831356,2.5972633361816406,2021-06-19 19:19:59.380157,2021-06-19 19:20:01.985373,0 days 00:00:02.605216,20,0.775837870117549,10,1,29,26,130,"[6351, 2209]",COMPLETE
6511,6511,0.3069197550363511,4.481544017791748,2021-06-19 19:20:01.989353,2021-06-19 19:20:06.479527,0 days 00:00:04.490174,20,0.8047024443354969,2,1,30,25,130,"[3760, 6219]",COMPLETE
6512,6512,0.23156707524265105,2.5946619510650635,2021-06-19 19:20:06.483300,2021-06-19 19:20:09.085814,0 days 00:00:02.602514,20,0.7492482924832433,10,1,23,26,130,"[1974, 2078]",COMPLETE
6513,6513,0.23650898180520094,2.589256763458252,2021-06-19 19:20:09.089665,2021-06-19 19:20:11.687689,0 days 00:00:02.598024,20,0.7492482924832433,10,1,12,25,130,"[1159, 880]",COMPLETE
6514,6514,0.23059073239095476,2.778637647628784,2021-06-19 19:20:11.691444,2021-06-19 19:20:14.478046,0 days 00:00:02.786602,40,0.775837870117549,10,1,30,26,130,"[6351, 3760]",COMPLETE
6515,6515,0.23203240204920803,2.648106813430786,2021-06-19 19:20:14.481691,2021-06-19 19:20:17.137775,0 days 00:00:02.656084,20,0.7044121314824888,10,14,30,25,130,"[1244, 5336]",COMPLETE
6516,6516,0.23336202568087241,2.731980800628662,2021-06-19 19:20:17.141601,2021-06-19 19:20:19.881617,0 days 00:00:02.740016,20,0.6415492259649922,10,1,22,25,130,"[849, 3100]",COMPLETE
6517,6517,0.22891967071759053,2.573557138442993,2021-06-19 19:20:19.885232,2021-06-19 19:20:22.466734,0 days 00:00:02.581502,30,0.7044121314824888,10,9,26,26,130,"[2209, 3256]",COMPLETE
6518,6518,0.2326835511233367,2.587127447128296,2021-06-19 19:20:22.470486,2021-06-19 19:20:25.065472,0 days 00:00:02.594986,20,0.775837870117549,10,1,24,26,130,"[900, 1974]",COMPLETE
6519,6519,0.22754442292775504,2.8000776767730713,2021-06-19 19:20:25.069238,2021-06-19 19:20:27.877238,0 days 00:00:02.808000,20,0.7044121314824888,10,9,30,25,130,"[1244, 5336]",COMPLETE
6520,6520,0.24076623046187492,2.6275110244750977,2021-06-19 19:20:27.880706,2021-06-19 19:20:30.516238,0 days 00:00:02.635532,20,0.7044121314824888,10,10,4,25,130,"[2960, 3100]",COMPLETE
6521,6521,0.23726739339672528,2.57614803314209,2021-06-19 19:20:30.520100,2021-06-19 19:20:33.104486,0 days 00:00:02.584386,20,0.7044121314824888,10,1,17,26,130,"[1929, 411]",COMPLETE
6522,6522,0.23357845756900078,2.7552311420440674,2021-06-19 19:20:33.108065,2021-06-19 19:20:35.871311,0 days 00:00:02.763246,10,0.7252826432148856,10,1,30,25,130,"[1389, 4879]",COMPLETE
6523,6523,0.23231784390667062,2.604187488555908,2021-06-19 19:20:35.874702,2021-06-19 19:20:38.486570,0 days 00:00:02.611868,20,0.7044121314824888,10,5,30,28,130,"[4523, 4523]",COMPLETE
6524,6524,0.23293326096948894,2.711869716644287,2021-06-19 19:20:38.490439,2021-06-19 19:20:41.210188,0 days 00:00:02.719749,10,0.7100511651342796,10,15,24,26,130,"[5379, 2762]",COMPLETE
6525,6525,0.3159083397236902,5.898924827575684,2021-06-19 19:20:41.213884,2021-06-19 19:20:47.120883,0 days 00:00:05.906999,20,0.7044121314824888,1,9,30,24,130,"[2960, 2960]",COMPLETE
6526,6526,0.23171048029145136,2.632575273513794,2021-06-19 19:20:47.124713,2021-06-19 19:20:49.765419,0 days 00:00:02.640706,20,0.7044121314824888,10,1,30,25,130,"[5852, 2960]",COMPLETE
6527,6527,0.2288184489210483,2.6014363765716553,2021-06-19 19:20:49.769061,2021-06-19 19:20:52.378438,0 days 00:00:02.609377,30,0.7044121314824888,10,9,30,25,130,"[2963, 5145]",COMPLETE
6528,6528,0.2321130677188222,2.818922996520996,2021-06-19 19:20:52.381949,2021-06-19 19:20:55.208820,0 days 00:00:02.826871,20,0.775837870117549,10,16,24,25,130,"[5145, 2762]",COMPLETE
6529,6529,0.22995364847020203,2.6415913105010986,2021-06-19 19:20:55.212501,2021-06-19 19:20:57.862066,0 days 00:00:02.649565,20,0.8047024443354969,10,1,30,25,130,"[2229, 3195]",COMPLETE
6530,6530,0.2313710116459588,2.7207753658294678,2021-06-19 19:20:57.865888,2021-06-19 19:21:00.595054,0 days 00:00:02.729166,20,0.7044121314824888,10,1,30,25,130,"[1218, 6219]",COMPLETE
6531,6531,0.23264228495052164,2.711122512817383,2021-06-19 19:21:00.598773,2021-06-19 19:21:03.318083,0 days 00:00:02.719310,50,0.775837870117549,10,1,30,22,130,"[5641, 5145]",COMPLETE
6532,6532,0.3108795344175959,5.9006507396698,2021-06-19 19:21:03.321962,2021-06-19 19:21:09.230993,0 days 00:00:05.909031,20,0.775837870117549,1,15,30,26,130,"[2762, 3566]",COMPLETE
6533,6533,0.23343368780108878,2.822319746017456,2021-06-19 19:21:09.234808,2021-06-19 19:21:12.065070,0 days 00:00:02.830262,20,0.7492482924832433,10,15,30,25,130,"[900, 5495]",COMPLETE
6534,6534,0.3249857522914616,9.878599405288696,2021-06-19 19:21:12.068522,2021-06-19 19:21:21.955082,0 days 00:00:09.886560,20,0.7044121314824888,0,15,30,16,130,"[5495, 3260]",COMPLETE
6535,6535,0.22798138302013507,2.582899808883667,2021-06-19 19:21:21.958896,2021-06-19 19:21:24.549948,0 days 00:00:02.591052,20,0.7044121314824888,10,4,29,28,130,"[411, 4523]",COMPLETE
6536,6536,0.23763240779182765,2.7288365364074707,2021-06-19 19:21:24.553778,2021-06-19 19:21:27.290657,0 days 00:00:02.736879,20,0.7044121314824888,10,1,11,26,130,"[4236, 4236]",COMPLETE
6537,6537,0.22947518848443588,2.7061359882354736,2021-06-19 19:21:27.294548,2021-06-19 19:21:30.008860,0 days 00:00:02.714312,60,0.8047024443354969,10,11,30,25,130,"[4879, 4943]",COMPLETE
6538,6538,0.31483152243036466,2.8330507278442383,2021-06-19 19:21:30.012714,2021-06-19 19:21:32.854179,0 days 00:00:02.841465,10,0.7100511651342796,10,1,8,4,130,"[316, 2762]",COMPLETE
6539,6539,0.2305348321242894,2.619351863861084,2021-06-19 19:21:32.857556,2021-06-19 19:21:35.485457,0 days 00:00:02.627901,30,0.7044121314824888,10,9,24,26,130,"[2963, 2063]",COMPLETE
6540,6540,0.23343346931607717,2.593799352645874,2021-06-19 19:21:35.488811,2021-06-19 19:21:38.090475,0 days 00:00:02.601664,20,0.775837870117549,10,2,30,25,130,"[3760, 5641]",COMPLETE
6541,6541,0.23161839212656268,2.7740743160247803,2021-06-19 19:21:38.094286,2021-06-19 19:21:40.876224,0 days 00:00:02.781938,20,0.8047024443354969,10,1,24,25,130,"[5336, 2063]",COMPLETE
6542,6542,0.28843525258535097,2.587341785430908,2021-06-19 19:21:40.880097,2021-06-19 19:21:43.476152,0 days 00:00:02.596055,20,0.775837870117549,10,1,3,10,130,"[5145, 5145]",COMPLETE
6543,6543,0.30945481594570057,5.875915288925171,2021-06-19 19:21:43.479940,2021-06-19 19:21:49.363967,0 days 00:00:05.884027,10,0.7933166480536709,1,15,30,25,130,"[3100, 2659]",COMPLETE
6544,6544,0.23357285637029185,2.7455155849456787,2021-06-19 19:21:49.367542,2021-06-19 19:21:52.121059,0 days 00:00:02.753517,20,0.7492482924832433,10,1,23,25,130,"[880, 3483]",COMPLETE
6545,6545,0.23235964754016336,2.62402606010437,2021-06-19 19:21:52.124743,2021-06-19 19:21:54.756653,0 days 00:00:02.631910,20,0.775837870117549,10,1,20,25,130,"[1159, 3082]",COMPLETE
6546,6546,0.23079481970410481,2.564195156097412,2021-06-19 19:21:54.760631,2021-06-19 19:21:57.333754,0 days 00:00:02.573123,20,0.7100511651342796,10,1,23,25,130,"[3760, 2762]",COMPLETE
6547,6547,0.23520198183923033,2.8013761043548584,2021-06-19 19:21:57.337378,2021-06-19 19:22:00.146853,0 days 00:00:02.809475,10,0.7492482924832433,10,1,10,25,130,"[880, 2078]",COMPLETE
6548,6548,0.23189819345366416,2.54145884513855,2021-06-19 19:22:00.150199,2021-06-19 19:22:02.699822,0 days 00:00:02.549623,20,0.7044121314824888,10,1,30,29,130,"[900, 3100]",COMPLETE
6549,6549,0.23964949102222233,2.631491184234619,2021-06-19 19:22:02.703563,2021-06-19 19:22:05.343170,0 days 00:00:02.639607,90,0.7044121314824888,10,1,20,30,130,"[3260, 3100]",COMPLETE
6550,6550,0.23060486863597354,2.814943552017212,2021-06-19 19:22:05.346862,2021-06-19 19:22:08.217941,0 days 00:00:02.871079,20,0.8047024443354969,10,6,30,26,131,"[5641, 4331]",COMPLETE
6551,6551,0.23219530596903412,2.595170497894287,2021-06-19 19:22:08.221448,2021-06-19 19:22:10.824583,0 days 00:00:02.603135,20,0.7044121314824888,10,1,23,25,131,"[880, 4781]",COMPLETE
6552,6552,0.23206089261694612,2.6026172637939453,2021-06-19 19:22:10.828454,2021-06-19 19:22:13.438940,0 days 00:00:02.610486,20,0.775837870117549,10,1,30,25,131,"[6351, 5853]",COMPLETE
6553,6553,0.22816346267005405,2.7881557941436768,2021-06-19 19:22:13.442794,2021-06-19 19:22:16.239140,0 days 00:00:02.796346,10,0.6504601908727333,10,9,28,25,131,"[2659, 2963]",COMPLETE
6554,6554,0.23505726250234169,2.601353168487549,2021-06-19 19:22:16.243024,2021-06-19 19:22:18.852635,0 days 00:00:02.609611,20,0.8291092007164096,10,1,30,25,131,"[5852, 5145]",COMPLETE
6555,6555,0.2391862201990264,2.586991786956787,2021-06-19 19:22:18.856430,2021-06-19 19:22:21.451503,0 days 00:00:02.595073,20,0.7044121314824888,10,1,7,25,131,"[5654, 4781]",COMPLETE
6556,6556,0.22943925374809515,2.768977642059326,2021-06-19 19:22:21.455353,2021-06-19 19:22:24.232408,0 days 00:00:02.777055,20,0.7044121314824888,10,9,24,26,131,"[411, 900]",COMPLETE
6557,6557,0.22759457773130096,2.5781681537628174,2021-06-19 19:22:24.235860,2021-06-19 19:22:26.822090,0 days 00:00:02.586230,20,0.7044121314824888,10,1,28,25,131,"[4879, 2659]",COMPLETE
6558,6558,0.22710680406629352,2.822068214416504,2021-06-19 19:22:26.825857,2021-06-19 19:22:29.655928,0 days 00:00:02.830071,20,0.7044121314824888,10,9,30,26,131,"[4781, 1218]",COMPLETE
6559,6559,0.29601563251225665,3.852871894836426,2021-06-19 19:22:29.659615,2021-06-19 19:22:33.520695,0 days 00:00:03.861080,10,0.775837870117549,3,1,22,23,131,"[3566, 849]",COMPLETE
6560,6560,0.23100727953157976,2.648934841156006,2021-06-19 19:22:33.524587,2021-06-19 19:22:36.181755,0 days 00:00:02.657168,40,0.7634900027620045,10,15,24,25,131,"[4419, 2762]",COMPLETE
6561,6561,0.22768086739907883,2.819526433944702,2021-06-19 19:22:36.185506,2021-06-19 19:22:39.013228,0 days 00:00:02.827722,20,0.8047024443354969,10,15,23,26,131,"[4943, 2078]",COMPLETE
6562,6562,0.23103517824861594,2.607919931411743,2021-06-19 19:22:39.016859,2021-06-19 19:22:41.632920,0 days 00:00:02.616061,20,0.7289757300968025,10,1,30,25,131,"[4236, 4236]",COMPLETE
6563,6563,0.23326022290309018,2.5563151836395264,2021-06-19 19:22:41.636707,2021-06-19 19:22:44.200956,0 days 00:00:02.564249,30,0.7044121314824888,10,1,30,24,131,"[3100, 1159]",COMPLETE
6564,6564,inf,inf,2021-06-19 19:22:44.204481,2021-06-19 19:22:44.625669,0 days 00:00:00.421188,20,0.5517175851917083,10,1,30,25,131,"[5145, 411]",COMPLETE
6565,6565,0.2281950911997112,2.7586708068847656,2021-06-19 19:22:44.633818,2021-06-19 19:22:47.412844,0 days 00:00:02.779026,20,0.775837870117549,10,1,30,25,131,"[1006, 5654]",COMPLETE
6566,6566,0.22934354722979802,2.5909368991851807,2021-06-19 19:22:47.416582,2021-06-19 19:22:50.015701,0 days 00:00:02.599119,20,0.8047024443354969,10,1,30,25,131,"[2659, 2229]",COMPLETE
6567,6567,0.23282794733829928,2.572270631790161,2021-06-19 19:22:50.019765,2021-06-19 19:22:52.600844,0 days 00:00:02.581079,20,0.6415492259649922,10,1,22,25,131,"[4879, 849]",COMPLETE
6568,6568,0.23699537634161688,2.7270565032958984,2021-06-19 19:22:52.604724,2021-06-19 19:22:55.339965,0 days 00:00:02.735241,10,0.7044121314824888,10,1,12,25,131,"[5381, 1028]",COMPLETE
6569,6569,0.23136885236522098,2.6048519611358643,2021-06-19 19:22:55.343712,2021-06-19 19:22:57.956775,0 days 00:00:02.613063,40,0.8047024443354969,10,1,30,25,131,"[2063, 4879]",COMPLETE
6570,6570,0.23028026584834266,2.594167470932007,2021-06-19 19:22:57.960583,2021-06-19 19:23:00.562831,0 days 00:00:02.602248,20,0.7044121314824888,10,1,24,26,131,"[6351, 1244]",COMPLETE
6571,6571,inf,inf,2021-06-19 19:23:00.566441,2021-06-19 19:23:01.063195,0 days 00:00:00.496754,80,0.603627004462215,10,1,8,25,131,"[316, 4879]",COMPLETE
6572,6572,0.23263991572671822,2.782114267349243,2021-06-19 19:23:01.078102,2021-06-19 19:23:03.883979,0 days 00:00:02.805877,20,0.7492482924832433,10,1,24,25,131,"[5852, 900]",COMPLETE
6573,6573,0.23208604663494653,2.6953420639038086,2021-06-19 19:23:03.887677,2021-06-19 19:23:06.590903,0 days 00:00:02.703226,20,0.775837870117549,10,15,30,25,131,"[2762, 5145]",COMPLETE
6574,6574,0.27985576881352037,2.747554302215576,2021-06-19 19:23:06.594673,2021-06-19 19:23:09.351273,0 days 00:00:02.756600,20,0.7044121314824888,10,1,24,7,131,"[1974, 1244]",COMPLETE
6575,6575,0.23129510314203713,2.6620147228240967,2021-06-19 19:23:09.354965,2021-06-19 19:23:12.025138,0 days 00:00:02.670173,0,0.7492482924832433,10,1,30,27,131,"[1389, 6351]",COMPLETE
6576,6576,0.23090670736596647,2.5387752056121826,2021-06-19 19:23:12.028960,2021-06-19 19:23:14.575648,0 days 00:00:02.546688,20,0.7044121314824888,10,1,30,25,131,"[1006, 5852]",COMPLETE
6577,6577,0.2328483507255414,2.759505271911621,2021-06-19 19:23:14.579393,2021-06-19 19:23:17.347082,0 days 00:00:02.767689,20,0.775837870117549,10,1,30,28,131,"[6219, 5145]",COMPLETE
