,number,values_0,values_1,datetime_start,datetime_complete,duration,params_checks,params_n_ratio,params_nskip,params_trees,params_w1,params_w2,system_attrs_nsga2:generation,system_attrs_nsga2:parents,state
1824,1824,0.23088519282037875,2.553753137588501,2021-06-19 14:55:41.001031,2021-06-19 14:55:43.557273,0 days 00:00:02.556242,20,0.7044121314824888,10,1,30,24,36,"[1159, 1159]",COMPLETE
1825,1825,0.2319355219573576,2.7678463459014893,2021-06-19 14:55:43.558801,2021-06-19 14:55:46.329450,0 days 00:00:02.770649,60,0.775837870117549,10,1,23,26,36,"[1344, 1160]",COMPLETE
1826,1826,0.2273453799718285,2.593977689743042,2021-06-19 14:55:46.331004,2021-06-19 14:55:48.927590,0 days 00:00:02.596586,20,0.775837870117549,10,9,30,25,36,"[1275, 1275]",COMPLETE
1827,1827,0.24374997289501393,2.95007586479187,2021-06-19 14:55:48.929140,2021-06-19 14:55:51.882171,0 days 00:00:02.953031,90,0.9725786111712384,10,1,9,27,36,"[1218, 905]",COMPLETE
1828,1828,0.2683786039905119,2.5428783893585205,2021-06-19 14:55:51.883880,2021-06-19 14:55:54.429611,0 days 00:00:02.545731,100,0.7492482924832433,10,1,30,8,36,"[488, 488]",COMPLETE
1829,1829,0.30493031229135337,4.5393359661102295,2021-06-19 14:55:54.431524,2021-06-19 14:55:58.973607,0 days 00:00:04.542083,40,0.7492482924832433,2,6,30,25,36,"[1674, 1674]",COMPLETE
1830,1830,0.23686725024604938,2.561986207962036,2021-06-19 14:55:58.975500,2021-06-19 14:56:01.540292,0 days 00:00:02.564792,10,0.7492482924832433,10,9,9,25,36,"[556, 316]",COMPLETE
1831,1831,0.23408183092759838,2.691912889480591,2021-06-19 14:56:01.542236,2021-06-19 14:56:04.236882,0 days 00:00:02.694646,20,0.7044121314824888,10,1,30,25,36,"[908, 1312]",COMPLETE
1832,1832,0.28650888339224684,2.9236643314361572,2021-06-19 14:56:04.238784,2021-06-19 14:56:07.165265,0 days 00:00:02.926481,20,0.7044121314824888,6,1,2,14,36,"[1205, 1218]",COMPLETE
1833,1833,0.295574256676028,3.9625556468963623,2021-06-19 14:56:07.167226,2021-06-19 14:56:11.132879,0 days 00:00:03.965653,20,0.8047024443354969,3,13,23,23,36,"[647, 1344]",COMPLETE
1834,1834,0.2880447388330535,3.9039032459259033,2021-06-19 14:56:11.134796,2021-06-19 14:56:15.041917,0 days 00:00:03.907121,20,0.7044121314824888,3,9,13,25,36,"[1705, 903]",COMPLETE
1835,1835,0.23079902145445017,2.5851385593414307,2021-06-19 14:56:15.043741,2021-06-19 14:56:17.631579,0 days 00:00:02.587838,20,0.7044121314824888,10,1,24,25,36,"[1205, 1312]",COMPLETE
1836,1836,0.23177857188702616,2.736910104751587,2021-06-19 14:56:17.633399,2021-06-19 14:56:20.373255,0 days 00:00:02.739856,20,0.7492482924832433,10,10,29,26,36,"[1599, 1028]",COMPLETE
1837,1837,0.23799435712756287,2.5525190830230713,2021-06-19 14:56:20.375127,2021-06-19 14:56:22.930332,0 days 00:00:02.555205,20,0.7044121314824888,10,1,9,25,36,"[556, 1135]",COMPLETE
1838,1838,0.23946141960206083,2.693899631500244,2021-06-19 14:56:22.932222,2021-06-19 14:56:25.628920,0 days 00:00:02.696698,20,0.7044121314824888,10,1,7,26,36,"[411, 993]",COMPLETE
1839,1839,0.2892883191531366,3.796795129776001,2021-06-19 14:56:25.630834,2021-06-19 14:56:29.430585,0 days 00:00:03.799751,20,0.7044121314824888,3,8,14,26,36,"[1218, 1218]",COMPLETE
1840,1840,0.354486295180132,2.8518335819244385,2021-06-19 14:56:29.432501,2021-06-19 14:56:32.287238,0 days 00:00:02.854737,10,0.7044121314824888,8,1,30,0,36,"[316, 1159]",COMPLETE
1841,1841,0.23603200516481815,2.538315773010254,2021-06-19 14:56:32.289148,2021-06-19 14:56:34.830128,0 days 00:00:02.540980,10,0.6415492259649922,10,1,19,23,36,"[849, 849]",COMPLETE
1842,1842,0.23868169690092725,2.5925116539001465,2021-06-19 14:56:34.832053,2021-06-19 14:56:37.427500,0 days 00:00:02.595447,0,0.7044121314824888,10,1,17,25,36,"[1135, 1160]",COMPLETE
1843,1843,0.24467413828207096,2.7647714614868164,2021-06-19 14:56:37.429388,2021-06-19 14:56:40.196976,0 days 00:00:02.767588,20,0.7044121314824888,10,6,0,26,36,"[1771, 1768]",COMPLETE
1844,1844,0.23169432998540487,2.5905921459198,2021-06-19 14:56:40.198866,2021-06-19 14:56:42.792300,0 days 00:00:02.593434,20,0.775837870117549,10,1,18,25,36,"[1727, 1275]",COMPLETE
1845,1845,inf,inf,2021-06-19 14:56:42.793765,2021-06-19 14:56:43.120309,0 days 00:00:00.326544,20,0.4891730795061664,10,1,22,29,36,"[840, 1219]",COMPLETE
1846,1846,0.2666730147888734,2.688875913619995,2021-06-19 14:56:43.126985,2021-06-19 14:56:45.822055,0 days 00:00:02.695070,20,0.6017889105802563,10,1,30,13,36,"[1735, 1133]",COMPLETE
1847,1847,0.23046837325891592,2.6152164936065674,2021-06-19 14:56:45.823818,2021-06-19 14:56:48.441769,0 days 00:00:02.617951,10,0.7044121314824888,10,9,22,26,36,"[1705, 374]",COMPLETE
1848,1848,0.2292072162385384,2.688009262084961,2021-06-19 14:56:48.443556,2021-06-19 14:56:51.134410,0 days 00:00:02.690854,20,0.7044121314824888,10,1,30,26,36,"[1016, 1288]",COMPLETE
1849,1849,0.23562645086173536,2.54416561126709,2021-06-19 14:56:51.136103,2021-06-19 14:56:53.682966,0 days 00:00:02.546863,20,0.7044121314824888,10,1,30,25,36,"[1735, 1415]",COMPLETE
1850,1850,0.3980986400095001,3.295555591583252,2021-06-19 14:56:53.684724,2021-06-19 14:56:57.030589,0 days 00:00:03.345865,20,0.7044121314824888,4,1,30,0,37,"[1159, 1768]",COMPLETE
1851,1851,0.226981484228274,2.743313789367676,2021-06-19 14:56:57.032042,2021-06-19 14:56:59.778051,0 days 00:00:02.746009,20,0.7044121314824888,10,9,30,26,37,"[1771, 908]",COMPLETE
1852,1852,0.28685164516983563,4.108926296234131,2021-06-19 14:56:59.779845,2021-06-19 14:57:03.891940,0 days 00:00:04.112095,20,0.9303252160511564,3,12,15,25,37,"[1244, 1735]",COMPLETE
1853,1853,0.3025124866013176,4.404849052429199,2021-06-19 14:57:03.893856,2021-06-19 14:57:08.301650,0 days 00:00:04.407794,20,0.603627004462215,2,1,0,25,37,"[316, 1016]",COMPLETE
1854,1854,0.22963102282852405,2.623478412628174,2021-06-19 14:57:08.303389,2021-06-19 14:57:10.929678,0 days 00:00:02.626289,20,0.7044121314824888,10,13,30,26,37,"[1218, 1288]",COMPLETE
1855,1855,0.23008211831779232,2.803121328353882,2021-06-19 14:57:10.931596,2021-06-19 14:57:13.737557,0 days 00:00:02.805961,20,0.8833094916231874,10,9,30,25,37,"[1826, 1312]",COMPLETE
1856,1856,0.23383704623026194,2.554971694946289,2021-06-19 14:57:13.739215,2021-06-19 14:57:16.297024,0 days 00:00:02.557809,10,0.7044121314824888,10,4,22,25,37,"[1705, 900]",COMPLETE
1857,1857,0.2712034168167926,3.2405846118927,2021-06-19 14:57:16.298966,2021-06-19 14:57:19.542469,0 days 00:00:03.243503,20,0.7492482924832433,5,1,16,25,37,"[1674, 488]",COMPLETE
1858,1858,0.24763773365933062,2.969822883605957,2021-06-19 14:57:19.544365,2021-06-19 14:57:22.516989,0 days 00:00:02.972624,20,0.9983569310787572,10,1,24,24,37,"[1727, 1159]",COMPLETE
1859,1859,0.23547066044276124,2.715073823928833,2021-06-19 14:57:22.518861,2021-06-19 14:57:25.236749,0 days 00:00:02.717888,20,0.6349566674942089,10,1,23,25,37,"[1219, 1735]",COMPLETE
1860,1860,0.24273402118721135,2.5630972385406494,2021-06-19 14:57:25.238430,2021-06-19 14:57:27.804677,0 days 00:00:02.566247,20,0.7044121314824888,10,1,4,26,37,"[1219, 1789]",COMPLETE
1861,1861,0.2323478183025576,2.6674044132232666,2021-06-19 14:57:27.806536,2021-06-19 14:57:30.476771,0 days 00:00:02.670235,20,0.9369177288783739,10,4,24,25,37,"[1483, 1727]",COMPLETE
1862,1862,0.238696734281598,2.804081439971924,2021-06-19 14:57:30.478698,2021-06-19 14:57:33.285705,0 days 00:00:02.807007,10,0.7044121314824888,10,8,7,25,37,"[1246, 1133]",COMPLETE
1863,1863,0.2664539694572493,2.5480430126190186,2021-06-19 14:57:33.287606,2021-06-19 14:57:35.838322,0 days 00:00:02.550716,20,0.6270586382415058,10,1,2,14,37,"[1205, 1205]",COMPLETE
1864,1864,0.2372933695166276,2.707289218902588,2021-06-19 14:57:35.840015,2021-06-19 14:57:38.550216,0 days 00:00:02.710201,10,0.685936429390632,10,1,9,24,37,"[556, 1135]",COMPLETE
1865,1865,0.2330699553384333,2.609750747680664,2021-06-19 14:57:38.552066,2021-06-19 14:57:41.164507,0 days 00:00:02.612441,10,0.7044121314824888,10,1,24,26,37,"[1389, 1599]",COMPLETE
1866,1866,0.23021508635181656,2.7746360301971436,2021-06-19 14:57:41.166326,2021-06-19 14:57:43.943674,0 days 00:00:02.777348,20,0.775837870117549,10,9,23,26,37,"[1219, 1826]",COMPLETE
1867,1867,0.2758473570833373,2.9796245098114014,2021-06-19 14:57:43.945169,2021-06-19 14:57:46.928058,0 days 00:00:02.982889,10,0.6415492259649922,6,6,19,23,37,"[1841, 1389]",COMPLETE
1868,1868,0.23706516521783008,2.531550407409668,2021-06-19 14:57:46.929991,2021-06-19 14:57:49.464275,0 days 00:00:02.534284,10,0.7044121314824888,10,1,30,25,37,"[1246, 1389]",COMPLETE
1869,1869,0.3123806614717488,9.088192224502563,2021-06-19 14:57:49.466181,2021-06-19 14:57:58.557314,0 days 00:00:09.091133,20,0.7044121314824888,0,1,9,25,37,"[556, 1133]",COMPLETE
1870,1870,0.23703878298368494,2.558189868927002,2021-06-19 14:57:58.559175,2021-06-19 14:58:01.120238,0 days 00:00:02.561063,20,0.7044121314824888,10,1,15,26,37,"[1046, 900]",COMPLETE
1871,1871,0.2372927610701335,2.775301933288574,2021-06-19 14:58:01.122121,2021-06-19 14:58:03.900310,0 days 00:00:02.778189,20,0.6059429192836483,10,1,10,26,37,"[1046, 900]",COMPLETE
1872,1872,0.23631922275653192,2.5880002975463867,2021-06-19 14:58:03.902170,2021-06-19 14:58:06.493063,0 days 00:00:02.590893,20,0.7492482924832433,10,1,20,26,37,"[900, 1745]",COMPLETE
1873,1873,0.23301532576104145,2.8484036922454834,2021-06-19 14:58:06.494585,2021-06-19 14:58:09.346176,0 days 00:00:02.851591,20,0.9142307645061143,10,9,26,26,37,"[411, 1745]",COMPLETE
1874,1874,0.26500274617779546,2.5465292930603027,2021-06-19 14:58:09.348138,2021-06-19 14:58:11.897543,0 days 00:00:02.549405,10,0.7492482924832433,10,1,9,15,37,"[1389, 905]",COMPLETE
1875,1875,0.29371259643489595,3.7885916233062744,2021-06-19 14:58:11.899419,2021-06-19 14:58:15.690878,0 days 00:00:03.791459,20,0.7044121314824888,3,1,23,26,37,"[1160, 1219]",COMPLETE
1876,1876,0.2312643314538157,2.6426684856414795,2021-06-19 14:58:15.692887,2021-06-19 14:58:18.338421,0 days 00:00:02.645534,10,0.7492482924832433,10,14,30,25,37,"[1246, 1389]",COMPLETE
1877,1877,0.230645511239527,2.7065978050231934,2021-06-19 14:58:18.340289,2021-06-19 14:58:21.049620,0 days 00:00:02.709331,20,0.7044121314824888,10,1,26,26,37,"[1016, 411]",COMPLETE
1878,1878,0.2302124063505908,2.5602760314941406,2021-06-19 14:58:21.051495,2021-06-19 14:58:23.614511,0 days 00:00:02.563016,10,0.7492482924832433,10,1,30,25,37,"[745, 1006]",COMPLETE
1879,1879,0.23066212189186988,2.6567864418029785,2021-06-19 14:58:23.616415,2021-06-19 14:58:26.275898,0 days 00:00:02.659483,20,0.7044121314824888,10,9,30,24,37,"[374, 1159]",COMPLETE
1880,1880,0.2609790277036853,2.7525088787078857,2021-06-19 14:58:26.277740,2021-06-19 14:58:29.033104,0 days 00:00:02.755364,20,0.7044121314824888,10,9,30,18,37,"[374, 993]",COMPLETE
1881,1881,0.23159357523399027,2.570857286453247,2021-06-19 14:58:29.035046,2021-06-19 14:58:31.608627,0 days 00:00:02.573581,20,0.7492482924832433,10,1,30,23,37,"[488, 1841]",COMPLETE
1882,1882,0.2355338649949705,2.8162059783935547,2021-06-19 14:58:31.610407,2021-06-19 14:58:34.429644,0 days 00:00:02.819237,20,0.6415492259649922,10,1,23,23,37,"[849, 1160]",COMPLETE
1883,1883,0.23862938588661023,2.5525975227355957,2021-06-19 14:58:34.431519,2021-06-19 14:58:36.986963,0 days 00:00:02.555444,10,0.5784883775335572,10,1,8,25,37,"[316, 905]",COMPLETE
1884,1884,0.2910905195666163,3.877516508102417,2021-06-19 14:58:36.988835,2021-06-19 14:58:40.869237,0 days 00:00:03.880402,20,0.6415492259649922,3,1,22,25,37,"[1727, 1795]",COMPLETE
1885,1885,0.24095760177114006,2.55495285987854,2021-06-19 14:58:40.871089,2021-06-19 14:58:43.428797,0 days 00:00:02.557708,20,0.7044121314824888,10,1,30,25,37,"[1745, 1599]",COMPLETE
1886,1886,0.23218745669681237,2.5524964332580566,2021-06-19 14:58:43.430732,2021-06-19 14:58:45.986167,0 days 00:00:02.555435,20,0.6698329394935507,10,1,23,26,37,"[1219, 1133]",COMPLETE
1887,1887,inf,inf,2021-06-19 14:58:45.988139,2021-06-19 14:58:46.488006,0 days 00:00:00.499867,100,0.5975304828096895,10,1,30,25,37,"[488, 488]",COMPLETE
1888,1888,0.2297167693846772,2.7644500732421875,2021-06-19 14:58:46.501508,2021-06-19 14:58:49.270155,0 days 00:00:02.768647,10,0.8047024443354969,10,1,30,25,37,"[1652, 1789]",COMPLETE
1889,1889,inf,inf,2021-06-19 14:58:49.272068,2021-06-19 14:58:49.446122,0 days 00:00:00.174054,20,0.392176879915384,10,1,30,26,37,"[1789, 849]",COMPLETE
1890,1890,0.2984769717768322,4.480522155761719,2021-06-19 14:58:49.448843,2021-06-19 14:58:53.939895,0 days 00:00:04.491052,60,0.7044121314824888,2,1,30,25,37,"[1016, 1389]",COMPLETE
1891,1891,0.23033275278396279,2.6646690368652344,2021-06-19 14:58:53.941782,2021-06-19 14:58:56.609530,0 days 00:00:02.667748,20,0.7044121314824888,10,1,24,26,37,"[1219, 1599]",COMPLETE
1892,1892,0.2375690826593827,2.597484588623047,2021-06-19 14:58:56.611448,2021-06-19 14:58:59.211895,0 days 00:00:02.600447,20,0.6955998523122836,10,9,30,26,37,"[1218, 488]",COMPLETE
1893,1893,0.23853786123862222,2.6907739639282227,2021-06-19 14:58:59.213786,2021-06-19 14:59:01.907362,0 days 00:00:02.693576,10,0.7492482924832433,10,1,30,24,37,"[1159, 880]",COMPLETE
1894,1894,0.2286558244056073,2.6048707962036133,2021-06-19 14:59:01.909130,2021-06-19 14:59:04.516909,0 days 00:00:02.607779,70,0.7492482924832433,10,2,30,25,37,"[1705, 1028]",COMPLETE
1895,1895,0.27154694426886805,3.3838918209075928,2021-06-19 14:59:04.518824,2021-06-19 14:59:07.905824,0 days 00:00:03.387000,20,0.9626895961167572,6,9,26,19,37,"[411, 1344]",COMPLETE
1896,1896,0.2283885238897917,2.759706497192383,2021-06-19 14:59:07.907770,2021-06-19 14:59:10.670053,0 days 00:00:02.762283,20,0.7044121314824888,10,9,26,26,37,"[411, 411]",COMPLETE
1897,1897,0.23210528095057348,2.5149993896484375,2021-06-19 14:59:10.671524,2021-06-19 14:59:13.189349,0 days 00:00:02.517825,10,0.7492482924832433,10,1,30,25,37,"[1028, 1246]",COMPLETE
1898,1898,0.23166708478036926,2.6814751625061035,2021-06-19 14:59:13.191296,2021-06-19 14:59:15.875517,0 days 00:00:02.684221,10,0.7044121314824888,10,1,30,25,37,"[993, 880]",COMPLETE
1899,1899,0.23072751740833836,2.582383394241333,2021-06-19 14:59:15.877340,2021-06-19 14:59:18.462465,0 days 00:00:02.585125,20,0.7044121314824888,10,1,24,26,37,"[1483, 1006]",COMPLETE
1900,1900,0.23021585685455234,2.7386372089385986,2021-06-19 14:59:18.464397,2021-06-19 15:00:34.862752,0 days 00:01:16.398355,10,0.6415492259649922,10,9,30,26,38,"[903, 849]",COMPLETE
1901,1901,0.32226630990462823,8.995131254196167,2021-06-19 15:00:34.865727,2021-06-19 15:00:43.864360,0 days 00:00:08.998633,20,0.7044121314824888,0,1,30,26,38,"[1016, 488]",COMPLETE
1902,1902,0.2307552200013416,2.701803684234619,2021-06-19 15:00:43.866307,2021-06-19 15:00:46.570883,0 days 00:00:02.704576,20,0.7044121314824888,10,1,23,26,38,"[993, 647]",COMPLETE
1903,1903,inf,inf,2021-06-19 15:00:46.572629,2021-06-19 15:00:46.843183,0 days 00:00:00.270554,20,0.45223862389428376,10,1,30,26,38,"[1768, 840]",COMPLETE
1904,1904,inf,inf,2021-06-19 15:00:46.850746,2021-06-19 15:00:47.277463,0 days 00:00:00.426717,20,0.5700191166120472,10,1,30,26,38,"[745, 1789]",COMPLETE
1905,1905,inf,inf,2021-06-19 15:00:47.280581,2021-06-19 15:00:47.649843,0 days 00:00:00.369262,10,0.5304999107169114,10,1,30,25,38,"[1795, 1897]",COMPLETE
1906,1906,0.2329328767838942,2.5888378620147705,2021-06-19 15:00:47.654080,2021-06-19 15:00:50.256605,0 days 00:00:02.602525,20,0.7044121314824888,10,2,30,26,38,"[903, 1771]",COMPLETE
1907,1907,0.23860796791102676,2.7859442234039307,2021-06-19 15:00:50.258148,2021-06-19 15:00:53.047166,0 days 00:00:02.789018,20,0.7492482924832433,10,1,9,25,38,"[1826, 556]",COMPLETE
1908,1908,0.2356177070069074,2.5918798446655273,2021-06-19 15:00:53.048739,2021-06-19 15:00:55.643364,0 days 00:00:02.594625,10,0.7492482924832433,10,1,23,26,38,"[960, 1795]",COMPLETE
1909,1909,0.23169668984637354,2.620964527130127,2021-06-19 15:00:55.645343,2021-06-19 15:00:58.269219,0 days 00:00:02.623876,80,0.7044121314824888,10,1,30,26,38,"[880, 1771]",COMPLETE
1910,1910,0.22960700777750517,2.6976070404052734,2021-06-19 15:00:58.270718,2021-06-19 15:01:00.971046,0 days 00:00:02.700328,20,0.7044121314824888,10,1,30,25,38,"[1135, 1135]",COMPLETE
1911,1911,0.23615080109493966,2.647653579711914,2021-06-19 15:01:00.972861,2021-06-19 15:01:03.623745,0 days 00:00:02.650884,10,0.603627004462215,10,8,24,25,38,"[316, 1727]",COMPLETE
1912,1912,0.26525448956236203,3.099503517150879,2021-06-19 15:01:03.625542,2021-06-19 15:01:06.727950,0 days 00:00:03.102408,20,0.7044121314824888,6,9,26,26,38,"[1046, 1771]",COMPLETE
1913,1913,0.2295781167711102,2.610701560974121,2021-06-19 15:01:06.729855,2021-06-19 15:01:09.343453,0 days 00:00:02.613598,100,0.7044121314824888,10,1,30,25,38,"[1745, 1244]",COMPLETE
1914,1914,0.23247412342721546,2.746535062789917,2021-06-19 15:01:09.345273,2021-06-19 15:01:12.094539,0 days 00:00:02.749266,10,0.7492482924832433,10,1,30,25,38,"[1389, 556]",COMPLETE
1915,1915,0.23130567952308156,2.606078863143921,2021-06-19 15:01:12.096329,2021-06-19 15:01:14.705326,0 days 00:00:02.608997,90,0.7492482924832433,10,1,30,25,38,"[1897, 1028]",COMPLETE
1916,1916,0.2369945342895791,2.617316722869873,2021-06-19 15:01:14.707133,2021-06-19 15:01:17.327314,0 days 00:00:02.620181,20,0.7044121314824888,10,9,9,25,38,"[411, 556]",COMPLETE
1917,1917,0.24892303906678206,2.729754686355591,2021-06-19 15:01:17.329266,2021-06-19 15:01:20.062129,0 days 00:00:02.732863,10,0.7492482924832433,10,11,30,19,38,"[1768, 316]",COMPLETE
1918,1918,0.23452980218369193,2.5848963260650635,2021-06-19 15:01:20.064073,2021-06-19 15:01:22.651549,0 days 00:00:02.587476,20,0.7492482924832433,10,1,30,25,38,"[488, 488]",COMPLETE
1919,1919,0.25346692751579314,2.933948040008545,2021-06-19 15:01:22.653452,2021-06-19 15:01:25.590429,0 days 00:00:02.936977,20,0.8350615461643598,7,1,30,25,38,"[1727, 1006]",COMPLETE
1920,1920,0.26290246099936126,2.9392876625061035,2021-06-19 15:01:25.592374,2021-06-19 15:01:28.534563,0 days 00:00:02.942189,20,0.7492482924832433,6,1,30,25,38,"[1046, 880]",COMPLETE
1921,1921,0.269240948478188,3.2518858909606934,2021-06-19 15:01:28.536477,2021-06-19 15:01:31.791274,0 days 00:00:03.254797,20,0.7044121314824888,5,1,30,26,38,"[993, 1006]",COMPLETE
1922,1922,0.2428161504037026,2.6161489486694336,2021-06-19 15:01:31.793285,2021-06-19 15:01:34.412775,0 days 00:00:02.619490,50,0.7044121314824888,10,2,22,21,38,"[647, 1705]",COMPLETE
1923,1923,0.2308944034429827,2.5683188438415527,2021-06-19 15:01:34.414716,2021-06-19 15:01:36.985852,0 days 00:00:02.571136,20,0.7044121314824888,10,1,24,26,38,"[1599, 1312]",COMPLETE
1924,1924,0.2724528197228074,2.7855587005615234,2021-06-19 15:01:36.987777,2021-06-19 15:01:39.776272,0 days 00:00:02.788495,20,0.7044121314824888,10,3,30,14,38,"[1205, 1244]",COMPLETE
1925,1925,0.23664204308994935,2.584078788757324,2021-06-19 15:01:39.778220,2021-06-19 15:01:42.365537,0 days 00:00:02.587317,20,0.7044121314824888,10,8,9,25,38,"[745, 1244]",COMPLETE
1926,1926,0.22816617657357574,2.7228870391845703,2021-06-19 15:01:42.367488,2021-06-19 15:01:45.093460,0 days 00:00:02.725972,20,0.7492482924832433,10,1,30,25,38,"[1133, 1674]",COMPLETE
1927,1927,0.23114187017872204,2.561724901199341,2021-06-19 15:01:45.095223,2021-06-19 15:01:47.659729,0 days 00:00:02.564506,20,0.6415492259649922,10,6,22,25,38,"[1795, 1674]",COMPLETE
1928,1928,0.24903664213529397,2.7207837104797363,2021-06-19 15:01:47.661624,2021-06-19 15:01:50.385336,0 days 00:00:02.723712,10,0.7492482924832433,10,1,30,18,38,"[880, 1897]",COMPLETE
1929,1929,0.22766067621381827,2.5352203845977783,2021-06-19 15:01:50.387226,2021-06-19 15:01:52.925224,0 days 00:00:02.537998,20,0.7044121314824888,10,1,30,25,38,"[1244, 1135]",COMPLETE
1930,1930,0.22944298738783517,2.5494184494018555,2021-06-19 15:01:52.927198,2021-06-19 15:01:55.479532,0 days 00:00:02.552334,20,0.7044121314824888,10,1,23,27,38,"[1133, 905]",COMPLETE
1931,1931,0.2376587688567612,2.7089176177978516,2021-06-19 15:01:55.481273,2021-06-19 15:01:58.193126,0 days 00:00:02.711853,20,0.7617371001686164,10,1,9,25,38,"[905, 316]",COMPLETE
1932,1932,0.2353230352841928,2.594172239303589,2021-06-19 15:01:58.195005,2021-06-19 15:02:00.792101,0 days 00:00:02.597096,10,0.7044121314824888,10,6,22,26,38,"[1795, 1046]",COMPLETE
1933,1933,0.23038900708342902,2.785891532897949,2021-06-19 15:02:00.794065,2021-06-19 15:02:03.582617,0 days 00:00:02.788552,20,0.7044121314824888,10,9,30,26,38,"[903, 903]",COMPLETE
1934,1934,inf,inf,2021-06-19 15:02:03.584504,2021-06-19 15:02:03.748364,0 days 00:00:00.163860,10,0.42473089889958504,10,1,30,25,38,"[411, 1652]",COMPLETE
1935,1935,0.22764256027624905,2.641674757003784,2021-06-19 15:02:03.751105,2021-06-19 15:02:06.398520,0 days 00:00:02.647415,20,0.8830727784839576,10,8,30,25,38,"[1135, 488]",COMPLETE
1936,1936,inf,inf,2021-06-19 15:02:06.400486,2021-06-19 15:02:08.037567,0 days 00:00:01.637081,20,0.5147660587935676,0,15,30,26,38,"[905, 374]",COMPLETE
1937,1937,0.3465016356624348,2.8669676780700684,2021-06-19 15:02:08.040173,2021-06-19 15:02:10.912771,0 days 00:00:02.872598,20,0.7044121314824888,10,12,30,1,38,"[1218, 1046]",COMPLETE
1938,1938,0.32795775892508455,2.5861058235168457,2021-06-19 15:02:10.914640,2021-06-19 15:02:13.503743,0 days 00:00:02.589103,0,0.7492482924832433,10,1,30,2,38,"[1028, 1674]",COMPLETE
1939,1939,0.26952424368903516,2.7893261909484863,2021-06-19 15:02:13.505378,2021-06-19 15:02:16.297866,0 days 00:00:02.792488,20,0.9124072541150947,10,9,13,11,38,"[1288, 1205]",COMPLETE
1940,1940,0.331656013732556,9.096548557281494,2021-06-19 15:02:16.299689,2021-06-19 15:02:25.399302,0 days 00:00:09.099613,20,0.7044121314824888,0,2,22,12,38,"[1705, 647]",COMPLETE
1941,1941,0.23428994893621546,2.6864876747131348,2021-06-19 15:02:25.401065,2021-06-19 15:02:28.090579,0 days 00:00:02.689514,10,0.7492482924832433,10,1,23,26,38,"[1599, 1389]",COMPLETE
1942,1942,0.23274862241670174,2.5350229740142822,2021-06-19 15:02:28.092234,2021-06-19 15:02:30.630168,0 days 00:00:02.537934,20,0.8047024443354969,10,1,20,26,38,"[1416, 1133]",COMPLETE
