,number,values_0,values_1,datetime_start,datetime_complete,duration,params_checks,params_n_ratio,params_nskip,params_trees,params_w1,params_w2,system_attrs_nsga2:generation,system_attrs_nsga2:parents,state
6224,6224,0.2320407493560908,2.6268203258514404,2021-06-19 19:03:09.516295,2021-06-19 19:03:12.150966,0 days 00:00:02.634671,20,0.8533237568578111,10,13,30,25,124,"[4879, 2991]",COMPLETE
6225,6225,0.22887379812944963,2.7740323543548584,2021-06-19 19:03:12.154647,2021-06-19 19:03:14.936256,0 days 00:00:02.781609,20,0.7044121314824888,10,1,30,25,124,"[1159, 4236]",COMPLETE
6226,6226,0.2315393814008964,2.5639498233795166,2021-06-19 19:03:14.939966,2021-06-19 19:03:17.512297,0 days 00:00:02.572331,20,0.7492482924832433,10,1,24,26,124,"[5853, 900]",COMPLETE
6227,6227,0.23733075760988512,2.572645664215088,2021-06-19 19:03:17.515869,2021-06-19 19:03:20.096198,0 days 00:00:02.580329,20,0.6530997218244716,10,1,7,25,124,"[2209, 3483]",COMPLETE
6228,6228,0.23424351585669048,2.753742218017578,2021-06-19 19:03:20.099844,2021-06-19 19:03:22.861175,0 days 00:00:02.761331,10,0.6343788786598981,10,1,30,26,124,"[1389, 1974]",COMPLETE
6229,6229,0.2309759275872527,2.6836979389190674,2021-06-19 19:03:22.864812,2021-06-19 19:03:25.556126,0 days 00:00:02.691314,20,0.775837870117549,10,16,30,25,124,"[1159, 5145]",COMPLETE
6230,6230,0.23990003478641678,2.6100564002990723,2021-06-19 19:03:25.559689,2021-06-19 19:03:28.177503,0 days 00:00:02.617814,20,0.775837870117549,10,1,30,21,124,"[5145, 5852]",COMPLETE
6231,6231,0.23007467106464569,2.747316598892212,2021-06-19 19:03:28.181151,2021-06-19 19:03:30.936029,0 days 00:00:02.754878,20,0.7044121314824888,10,1,28,26,124,"[2659, 1218]",COMPLETE
6232,6232,0.22853915547502307,2.6251261234283447,2021-06-19 19:03:30.939694,2021-06-19 19:03:33.572089,0 days 00:00:02.632395,20,0.775837870117549,10,1,30,26,124,"[3566, 3566]",COMPLETE
6233,6233,0.23403654748861105,2.804408550262451,2021-06-19 19:03:33.575645,2021-06-19 19:03:36.387866,0 days 00:00:02.812221,10,0.7044121314824888,10,15,28,25,124,"[4943, 2659]",COMPLETE
6234,6234,0.22921615680062696,2.557391881942749,2021-06-19 19:03:36.391495,2021-06-19 19:03:38.956512,0 days 00:00:02.565017,30,0.6415492259649922,10,1,30,25,124,"[4943, 849]",COMPLETE
6235,6235,0.34164251495738895,2.611966371536255,2021-06-19 19:03:38.960224,2021-06-19 19:03:41.579895,0 days 00:00:02.619671,0,0.7044121314824888,10,1,30,1,124,"[3483, 3260]",COMPLETE
6236,6236,0.35164547581368444,4.697250604629517,2021-06-19 19:03:41.583532,2021-06-19 19:03:46.288526,0 days 00:00:04.704994,20,0.8047024443354969,2,9,30,1,124,"[1244, 2229]",COMPLETE
6237,6237,0.23176297588881872,2.6112489700317383,2021-06-19 19:03:46.292061,2021-06-19 19:03:48.910693,0 days 00:00:02.618632,20,0.7044121314824888,10,1,30,26,124,"[4331, 4523]",COMPLETE
6238,6238,0.2698014179193583,3.0683984756469727,2021-06-19 19:03:48.913909,2021-06-19 19:03:51.990191,0 days 00:00:03.076282,20,0.820767147783648,5,1,8,25,124,"[2063, 4781]",COMPLETE
6239,6239,0.22898345749113422,2.745182752609253,2021-06-19 19:03:51.993773,2021-06-19 19:03:54.746552,0 days 00:00:02.752779,10,0.775837870117549,10,4,30,26,124,"[1028, 3566]",COMPLETE
6240,6240,0.2538636918719193,2.857604503631592,2021-06-19 19:03:54.750106,2021-06-19 19:03:57.615440,0 days 00:00:02.865334,10,0.7492482924832433,7,6,21,25,124,"[3256, 1389]",COMPLETE
6241,6241,0.23552899733053312,2.5901644229888916,2021-06-19 19:03:57.619124,2021-06-19 19:04:00.216999,0 days 00:00:02.597875,20,0.775837870117549,10,1,30,23,124,"[5145, 5853]",COMPLETE
6242,6242,0.2276465526495879,2.8572640419006348,2021-06-19 19:04:00.220646,2021-06-19 19:04:03.085734,0 days 00:00:02.865088,90,0.7492482924832433,10,1,30,25,124,"[1735, 5853]",COMPLETE
6243,6243,0.22985435557997352,2.6195335388183594,2021-06-19 19:04:03.089430,2021-06-19 19:04:05.716639,0 days 00:00:02.627209,20,0.7044121314824888,10,9,30,24,124,"[2963, 3566]",COMPLETE
6244,6244,0.23211217881216015,2.764173746109009,2021-06-19 19:04:05.720150,2021-06-19 19:04:08.491837,0 days 00:00:02.771687,20,0.8047024443354969,10,1,30,25,124,"[2960, 5336]",COMPLETE
6245,6245,0.28220692018408555,3.416844129562378,2021-06-19 19:04:08.495312,2021-06-19 19:04:11.919816,0 days 00:00:03.424504,20,0.7044121314824888,4,9,26,25,124,"[411, 3760]",COMPLETE
6246,6246,0.24753998824675294,2.6768393516540527,2021-06-19 19:04:11.923178,2021-06-19 19:04:14.607772,0 days 00:00:02.684594,20,0.7044121314824888,8,1,1,25,124,"[4781, 316]",COMPLETE
6247,6247,0.2646359823367366,2.7900285720825195,2021-06-19 19:04:14.611461,2021-06-19 19:04:17.409352,0 days 00:00:02.797891,100,0.7044121314824888,10,1,30,14,124,"[2209, 4781]",COMPLETE
6248,6248,0.23001462779641108,2.5693516731262207,2021-06-19 19:04:17.412723,2021-06-19 19:04:19.990378,0 days 00:00:02.577655,40,0.7044121314824888,10,1,30,25,124,"[4523, 3760]",COMPLETE
6249,6249,0.23804778071884716,2.5634233951568604,2021-06-19 19:04:19.993581,2021-06-19 19:04:22.564566,0 days 00:00:02.570985,10,0.7044121314824888,10,1,28,22,124,"[2659, 1159]",COMPLETE
6250,6250,0.26548294318234306,2.745579242706299,2021-06-19 19:04:22.567828,2021-06-19 19:04:25.368398,0 days 00:00:02.800570,20,0.7100511651342796,10,1,24,14,125,"[2762, 1205]",COMPLETE
6251,6251,0.23164937192376264,2.5698888301849365,2021-06-19 19:04:25.371676,2021-06-19 19:04:27.949246,0 days 00:00:02.577570,10,0.775837870117549,10,1,30,26,125,"[1735, 3566]",COMPLETE
6252,6252,0.23043949314360587,2.765629529953003,2021-06-19 19:04:27.952675,2021-06-19 19:04:30.726066,0 days 00:00:02.773391,50,0.7831202976981986,10,1,30,25,125,"[3195, 4523]",COMPLETE
6253,6253,0.2314357692437734,2.6895549297332764,2021-06-19 19:04:30.729462,2021-06-19 19:04:33.426655,0 days 00:00:02.697193,100,0.7044121314824888,10,1,30,25,125,"[4236, 3260]",COMPLETE
6254,6254,0.2331780180122007,2.574315071105957,2021-06-19 19:04:33.430352,2021-06-19 19:04:36.012298,0 days 00:00:02.581946,20,0.7492482924832433,10,1,30,25,125,"[1389, 2960]",COMPLETE
6255,6255,0.22872217402180203,2.7581088542938232,2021-06-19 19:04:36.015568,2021-06-19 19:04:38.781188,0 days 00:00:02.765620,20,0.775837870117549,10,1,30,26,125,"[5853, 1974]",COMPLETE
6256,6256,0.27609215342122984,2.5854175090789795,2021-06-19 19:04:38.784516,2021-06-19 19:04:41.377838,0 days 00:00:02.593322,20,0.775837870117549,10,1,9,12,125,"[5852, 4523]",COMPLETE
6257,6257,0.2631746416214722,2.5646982192993164,2021-06-19 19:04:41.381097,2021-06-19 19:04:43.953336,0 days 00:00:02.572239,20,0.7044121314824888,10,1,30,14,125,"[3195, 1205]",COMPLETE
6258,6258,0.3055499570157186,3.860243797302246,2021-06-19 19:04:43.956816,2021-06-19 19:04:47.824902,0 days 00:00:03.868086,20,0.7044121314824888,3,1,5,13,125,"[6219, 1006]",COMPLETE
6259,6259,0.23530204748120906,2.5777769088745117,2021-06-19 19:04:47.828468,2021-06-19 19:04:50.413684,0 days 00:00:02.585216,10,0.7492482924832433,10,1,28,25,125,"[1389, 2659]",COMPLETE
6260,6260,0.2381160130321129,2.645925283432007,2021-06-19 19:04:50.417363,2021-06-19 19:04:53.070936,0 days 00:00:02.653573,10,0.603627004462215,10,16,8,25,125,"[1389, 316]",COMPLETE
6261,6261,0.24379017252800378,2.80320143699646,2021-06-19 19:04:53.074563,2021-06-19 19:04:55.885690,0 days 00:00:02.811127,20,0.7044121314824888,10,11,24,20,125,"[2209, 1218]",COMPLETE
6262,6262,0.25147211383669044,2.572488307952881,2021-06-19 19:04:55.889342,2021-06-19 19:04:58.469360,0 days 00:00:02.580018,20,0.8047024443354969,10,1,30,16,125,"[5336, 5336]",COMPLETE
6263,6263,0.31704041024495283,5.436400413513184,2021-06-19 19:04:58.472946,2021-06-19 19:05:03.917062,0 days 00:00:05.444116,20,0.7044121314824888,1,1,24,21,125,"[4236, 2063]",COMPLETE
6264,6264,0.29349422119771107,3.112358331680298,2021-06-19 19:05:03.920589,2021-06-19 19:05:07.040683,0 days 00:00:03.120094,20,0.775837870117549,6,1,30,11,125,"[5853, 1974]",COMPLETE
6265,6265,0.23774231180050018,2.539461374282837,2021-06-19 19:05:07.044208,2021-06-19 19:05:09.591191,0 days 00:00:02.546983,10,0.603627004462215,10,1,8,25,125,"[316, 316]",COMPLETE
6266,6266,0.23145929129046044,2.733431816101074,2021-06-19 19:05:09.594957,2021-06-19 19:05:12.336192,0 days 00:00:02.741235,10,0.6429687043344522,10,1,30,25,125,"[4943, 880]",COMPLETE
6267,6267,0.2383159224268051,2.6427245140075684,2021-06-19 19:05:12.339618,2021-06-19 19:05:14.989954,0 days 00:00:02.650336,10,0.7044121314824888,9,1,30,25,125,"[2659, 5495]",COMPLETE
6268,6268,inf,inf,2021-06-19 19:05:14.993647,2021-06-19 19:05:15.236714,0 days 00:00:00.243067,20,0.4143489456031844,3,1,30,25,125,"[5852, 4943]",COMPLETE
6269,6269,inf,inf,2021-06-19 19:05:15.245955,2021-06-19 19:05:15.468093,0 days 00:00:00.222138,20,0.4332914112550791,10,1,20,25,125,"[3566, 1244]",COMPLETE
6270,6270,0.2707696392140844,3.117233991622925,2021-06-19 19:05:15.475489,2021-06-19 19:05:18.617786,0 days 00:00:03.142297,20,0.775837870117549,5,1,26,25,125,"[2991, 2991]",COMPLETE
6271,6271,0.23510311242557283,2.759756565093994,2021-06-19 19:05:18.621571,2021-06-19 19:05:21.389429,0 days 00:00:02.767858,10,0.603627004462215,10,1,18,26,125,"[2963, 316]",COMPLETE
6272,6272,0.22948557001922318,2.662062883377075,2021-06-19 19:05:21.392879,2021-06-19 19:05:24.062476,0 days 00:00:02.669597,20,0.7044121314824888,10,9,26,26,125,"[411, 3256]",COMPLETE
6273,6273,inf,inf,2021-06-19 19:05:24.065992,2021-06-19 19:05:24.260939,0 days 00:00:00.194947,20,0.3870348131306115,10,1,30,4,125,"[1205, 1974]",COMPLETE
6274,6274,0.2416517069649067,2.7843785285949707,2021-06-19 19:05:24.293920,2021-06-19 19:05:27.102520,0 days 00:00:02.808600,10,0.6415492259649922,10,9,4,24,125,"[849, 2960]",COMPLETE
6275,6275,0.22865379819527598,2.558990001678467,2021-06-19 19:05:27.105973,2021-06-19 19:05:29.672539,0 days 00:00:02.566566,20,0.775837870117549,10,1,30,25,125,"[5145, 4331]",COMPLETE
6276,6276,0.23470366800295728,2.7474398612976074,2021-06-19 19:05:29.676013,2021-06-19 19:05:32.430934,0 days 00:00:02.754921,20,0.7044121314824888,10,15,30,26,125,"[5495, 2963]",COMPLETE
6277,6277,0.22971855473911412,2.796769142150879,2021-06-19 19:05:32.434770,2021-06-19 19:05:35.240114,0 days 00:00:02.805344,90,0.7044121314824888,10,1,30,26,125,"[3760, 2465]",COMPLETE
6278,6278,0.23580593840490602,2.633136034011841,2021-06-19 19:05:35.243702,2021-06-19 19:05:37.884587,0 days 00:00:02.640885,20,0.8304399913183891,10,1,30,26,125,"[5379, 4523]",COMPLETE
6279,6279,0.24030441015398168,2.5689785480499268,2021-06-19 19:05:37.888246,2021-06-19 19:05:40.464971,0 days 00:00:02.576725,10,0.603627004462215,10,1,4,25,125,"[1159, 316]",COMPLETE
6280,6280,0.2310755101656509,2.723698139190674,2021-06-19 19:05:40.468413,2021-06-19 19:05:43.199751,0 days 00:00:02.731338,20,0.775837870117549,10,1,30,26,125,"[5654, 3082]",COMPLETE
6281,6281,0.23824554598129863,2.614920139312744,2021-06-19 19:05:43.203321,2021-06-19 19:05:45.826194,0 days 00:00:02.622873,20,0.8047024443354969,10,13,10,25,125,"[4943, 1159]",COMPLETE
6282,6282,inf,inf,2021-06-19 19:05:45.829898,2021-06-19 19:05:46.139668,0 days 00:00:00.309770,20,0.4955059326481073,10,1,30,25,125,"[1974, 1929]",COMPLETE
6283,6283,0.28363069388361817,2.675234079360962,2021-06-19 19:05:46.149811,2021-06-19 19:05:48.853319,0 days 00:00:02.703508,20,0.7492482924832433,10,1,15,7,125,"[2078, 2078]",COMPLETE
6284,6284,0.22964108613141607,2.7474172115325928,2021-06-19 19:05:48.856871,2021-06-19 19:05:51.612265,0 days 00:00:02.755394,20,0.7044121314824888,10,1,28,25,125,"[5145, 2659]",COMPLETE
6285,6285,0.23679252433527517,2.6449966430664062,2021-06-19 19:05:51.615952,2021-06-19 19:05:54.268536,0 days 00:00:02.652584,20,0.6854242105121133,10,9,8,25,125,"[316, 1244]",COMPLETE
6286,6286,0.23416060938188715,2.6105785369873047,2021-06-19 19:05:54.272098,2021-06-19 19:05:56.890508,0 days 00:00:02.618410,30,0.775837870117549,10,1,17,26,125,"[1205, 1974]",COMPLETE
6287,6287,0.2289338582166881,2.8489603996276855,2021-06-19 19:05:56.893986,2021-06-19 19:05:59.751489,0 days 00:00:02.857503,40,0.7492482924832433,10,10,30,25,125,"[4419, 900]",COMPLETE
6288,6288,0.2763826560231109,2.697385787963867,2021-06-19 19:05:59.755052,2021-06-19 19:06:02.460223,0 days 00:00:02.705171,20,0.7044121314824888,10,15,29,8,125,"[5495, 2960]",COMPLETE
6289,6289,0.23918979070952007,2.866671085357666,2021-06-19 19:06:02.463891,2021-06-19 19:06:05.338476,0 days 00:00:02.874585,30,0.7044121314824888,8,9,30,26,125,"[3256, 2963]",COMPLETE
6290,6290,0.2325983181274128,2.7599704265594482,2021-06-19 19:06:05.341843,2021-06-19 19:06:08.109242,0 days 00:00:02.767399,20,0.775837870117549,10,1,30,26,125,"[1974, 1974]",COMPLETE
6291,6291,0.24237208261947263,2.601383686065674,2021-06-19 19:06:08.112932,2021-06-19 19:06:10.722041,0 days 00:00:02.609109,20,0.8047024443354969,10,1,2,25,125,"[4943, 2063]",COMPLETE
6292,6292,inf,inf,2021-06-19 19:06:10.725891,2021-06-19 19:06:10.894328,0 days 00:00:00.168437,10,0.41963473779736,10,1,24,25,125,"[4236, 5379]",COMPLETE
6293,6293,0.23171107059434176,2.75339412689209,2021-06-19 19:06:10.901357,2021-06-19 19:06:13.681702,0 days 00:00:02.780345,20,0.7044121314824888,10,1,30,25,125,"[4781, 4781]",COMPLETE
6294,6294,0.23636706580275893,2.6017117500305176,2021-06-19 19:06:13.685429,2021-06-19 19:06:16.295089,0 days 00:00:02.609660,100,0.775837870117549,10,1,30,30,125,"[2963, 3566]",COMPLETE
6295,6295,0.23188553184201113,2.53464937210083,2021-06-19 19:06:16.298742,2021-06-19 19:06:18.841153,0 days 00:00:02.542411,20,0.794602116462336,10,1,30,26,125,"[5654, 2078]",COMPLETE
6296,6296,0.23425605992935047,2.7957570552825928,2021-06-19 19:06:18.844375,2021-06-19 19:06:21.647690,0 days 00:00:02.803315,20,0.775837870117549,10,1,17,25,125,"[3760, 3760]",COMPLETE
6297,6297,0.2304977404811196,2.6502013206481934,2021-06-19 19:06:21.651363,2021-06-19 19:06:24.309730,0 days 00:00:02.658367,20,0.7044121314824888,10,15,30,29,125,"[5495, 4523]",COMPLETE
6298,6298,inf,inf,2021-06-19 19:06:24.313133,2021-06-19 19:06:24.517107,0 days 00:00:00.203974,20,0.411383018595646,10,1,30,25,125,"[5852, 4331]",COMPLETE
6299,6299,0.23149757344706998,2.5927469730377197,2021-06-19 19:06:24.525396,2021-06-19 19:06:27.138712,0 days 00:00:02.613316,10,0.7492482924832433,10,9,18,26,125,"[1244, 2078]",COMPLETE
6300,6300,0.29839536731121935,2.7633750438690186,2021-06-19 19:06:27.142414,2021-06-19 19:07:41.562244,0 days 00:01:14.419830,20,0.7044121314824888,10,1,30,5,126,"[4781, 1974]",COMPLETE
6301,6301,0.2293524041477582,2.6264190673828125,2021-06-19 19:07:41.569858,2021-06-19 19:07:44.204473,0 days 00:00:02.634615,10,0.7044121314824888,10,10,24,26,126,"[5379, 5379]",COMPLETE
6302,6302,0.23215346749036672,2.771156072616577,2021-06-19 19:07:44.207981,2021-06-19 19:07:46.986767,0 days 00:00:02.778786,10,0.7492482924832433,10,1,30,25,126,"[4331, 880]",COMPLETE
6303,6303,0.2424491246512172,2.6011335849761963,2021-06-19 19:07:46.990251,2021-06-19 19:07:49.599179,0 days 00:00:02.608928,10,0.8047024443354969,10,1,30,30,126,"[2229, 2659]",COMPLETE
6304,6304,0.2290255738982921,2.592912197113037,2021-06-19 19:07:49.602689,2021-06-19 19:07:52.203264,0 days 00:00:02.600575,20,0.7044121314824888,10,9,30,26,126,"[411, 1218]",COMPLETE
6305,6305,0.23526815956578268,2.79828143119812,2021-06-19 19:07:52.207014,2021-06-19 19:07:55.012907,0 days 00:00:02.805893,10,0.7044121314824888,10,1,30,25,126,"[1028, 5381]",COMPLETE
6306,6306,inf,inf,2021-06-19 19:07:55.016758,2021-06-19 19:07:55.308036,0 days 00:00:00.291278,20,0.478287088941516,10,9,30,25,126,"[1205, 2960]",COMPLETE
6307,6307,0.29783819558936153,5.503976106643677,2021-06-19 19:07:55.329812,2021-06-19 19:08:00.854975,0 days 00:00:05.525163,40,0.775837870117549,1,1,6,25,126,"[3082, 4419]",COMPLETE
6308,6308,0.23875049367366516,2.804079294204712,2021-06-19 19:08:00.858596,2021-06-19 19:08:03.670638,0 days 00:00:02.812042,20,0.6415492259649922,10,11,30,23,126,"[849, 1735]",COMPLETE
6309,6309,0.2547942243513993,2.566380739212036,2021-06-19 19:08:03.674277,2021-06-19 19:08:06.248378,0 days 00:00:02.574101,10,0.8047024443354969,10,1,30,15,126,"[5641, 3082]",COMPLETE
6310,6310,0.2788355169857035,3.363276481628418,2021-06-19 19:08:06.251997,2021-06-19 19:08:09.623138,0 days 00:00:03.371141,20,0.775837870117549,4,1,14,26,126,"[2078, 5852]",COMPLETE
6311,6311,0.23766757085732104,2.74139666557312,2021-06-19 19:08:09.626869,2021-06-19 19:08:12.376264,0 days 00:00:02.749395,10,0.7044121314824888,10,1,30,25,126,"[316, 3260]",COMPLETE
6312,6312,0.23613845549713602,2.596281051635742,2021-06-19 19:08:12.379853,2021-06-19 19:08:14.983629,0 days 00:00:02.603776,10,0.7044121314824888,10,1,24,26,126,"[5379, 5379]",COMPLETE
6313,6313,0.23108736580448652,2.592724323272705,2021-06-19 19:08:14.987331,2021-06-19 19:08:17.587656,0 days 00:00:02.600325,20,0.7044121314824888,10,1,30,25,126,"[3082, 3100]",COMPLETE
6314,6314,0.22874319836086848,2.7962100505828857,2021-06-19 19:08:17.591458,2021-06-19 19:08:20.396142,0 days 00:00:02.804684,20,0.7044121314824888,10,9,30,26,126,"[1159, 1218]",COMPLETE
6315,6315,0.23229534154265088,2.7486772537231445,2021-06-19 19:08:20.399716,2021-06-19 19:08:23.156099,0 days 00:00:02.756383,100,0.7044121314824888,10,15,30,26,126,"[1218, 5495]",COMPLETE
6316,6316,0.2383663025598037,2.6431403160095215,2021-06-19 19:08:23.159906,2021-06-19 19:08:25.810840,0 days 00:00:02.650934,10,0.7044121314824888,9,1,28,24,126,"[1028, 1159]",COMPLETE
6317,6317,0.22860305911964626,2.7574758529663086,2021-06-19 19:08:25.814508,2021-06-19 19:08:28.579470,0 days 00:00:02.764962,20,0.8047024443354969,10,1,30,25,126,"[5336, 5336]",COMPLETE
6318,6318,0.2294884361798523,2.58819580078125,2021-06-19 19:08:28.583195,2021-06-19 19:08:31.179378,0 days 00:00:02.596183,20,0.8091891818653445,10,6,30,25,126,"[1929, 2991]",COMPLETE
6319,6319,0.22820113165456504,2.6032519340515137,2021-06-19 19:08:31.183115,2021-06-19 19:08:33.794052,0 days 00:00:02.610937,90,0.7044121314824888,10,1,28,25,126,"[2659, 5852]",COMPLETE
6320,6320,0.2804644451476288,3.5244410037994385,2021-06-19 19:08:33.797757,2021-06-19 19:08:37.329989,0 days 00:00:03.532232,20,0.7044121314824888,4,1,30,25,126,"[5495, 5145]",COMPLETE
6321,6321,0.23242580731086862,2.555842638015747,2021-06-19 19:08:37.333743,2021-06-19 19:08:39.897174,0 days 00:00:02.563431,20,0.7044121314824888,10,1,30,25,126,"[3260, 1929]",COMPLETE
6322,6322,0.23185780625072286,2.59548282623291,2021-06-19 19:08:39.900865,2021-06-19 19:08:42.504145,0 days 00:00:02.603280,80,0.7735639180415301,10,1,30,25,126,"[3195, 2659]",COMPLETE
6323,6323,0.2324659521191878,2.80580735206604,2021-06-19 19:08:42.507827,2021-06-19 19:08:45.321374,0 days 00:00:02.813547,20,0.775837870117549,10,14,30,23,126,"[849, 4879]",COMPLETE
6324,6324,0.2897838907897688,3.704735517501831,2021-06-19 19:08:45.324921,2021-06-19 19:08:49.037504,0 days 00:00:03.712583,10,0.8047024443354969,3,1,30,25,126,"[1028, 5641]",COMPLETE
6325,6325,0.23350619940285072,2.789865732192993,2021-06-19 19:08:49.041102,2021-06-19 19:08:51.838580,0 days 00:00:02.797478,10,0.7492482924832433,10,1,30,25,126,"[2659, 1389]",COMPLETE
6326,6326,0.3588724140246124,2.5622973442077637,2021-06-19 19:08:51.842213,2021-06-19 19:08:54.412311,0 days 00:00:02.570098,20,0.7044121314824888,10,1,30,1,126,"[3100, 2209]",COMPLETE
6327,6327,0.23139145141661602,2.655595064163208,2021-06-19 19:08:54.415792,2021-06-19 19:08:57.079316,0 days 00:00:02.663524,20,0.775837870117549,10,9,30,26,126,"[4879, 3566]",COMPLETE
6328,6328,0.2714276438842108,3.1103217601776123,2021-06-19 19:08:57.083108,2021-06-19 19:09:00.201287,0 days 00:00:03.118179,10,0.6415492259649922,6,1,30,23,126,"[1974, 849]",COMPLETE
6329,6329,0.26917630530127296,2.603367805480957,2021-06-19 19:09:00.204582,2021-06-19 19:09:02.815603,0 days 00:00:02.611021,20,0.7044121314824888,10,1,2,14,126,"[2209, 1205]",COMPLETE
6330,6330,0.23192901987194145,2.585137128829956,2021-06-19 19:09:02.818845,2021-06-19 19:09:05.411581,0 days 00:00:02.592736,20,0.7492482924832433,10,1,24,26,126,"[2209, 900]",COMPLETE
6331,6331,0.2823387031478942,3.618911027908325,2021-06-19 19:09:05.414962,2021-06-19 19:09:09.041532,0 days 00:00:03.626570,20,0.775837870117549,4,9,30,25,126,"[4879, 1244]",COMPLETE
6332,6332,inf,inf,2021-06-19 19:09:09.044927,2021-06-19 19:09:09.284097,0 days 00:00:00.239170,50,0.32254956499210646,9,9,26,26,126,"[3256, 3256]",COMPLETE
6333,6333,0.23307557562486286,2.5204951763153076,2021-06-19 19:09:09.292703,2021-06-19 19:09:11.826395,0 days 00:00:02.533692,20,0.7044121314824888,10,1,26,25,126,"[4236, 411]",COMPLETE
6334,6334,0.24175524093336437,2.7961299419403076,2021-06-19 19:09:11.830110,2021-06-19 19:09:14.633994,0 days 00:00:02.803884,30,0.603627004462215,10,9,8,25,126,"[5381, 316]",COMPLETE
6335,6335,0.23150993524056449,2.5658984184265137,2021-06-19 19:09:14.637404,2021-06-19 19:09:17.210982,0 days 00:00:02.573578,20,0.7044121314824888,10,1,30,25,126,"[3195, 5379]",COMPLETE
6336,6336,0.2323577049865479,2.5773980617523193,2021-06-19 19:09:17.214729,2021-06-19 19:09:19.799888,0 days 00:00:02.585159,20,0.775837870117549,10,1,30,25,126,"[3082, 316]",COMPLETE
6337,6337,0.2526795837796533,2.7660980224609375,2021-06-19 19:09:19.803643,2021-06-19 19:09:22.577535,0 days 00:00:02.773892,0,0.7044121314824888,10,1,30,20,126,"[4781, 3760]",COMPLETE
6338,6338,0.22794977842298056,2.559067487716675,2021-06-19 19:09:22.581033,2021-06-19 19:09:25.147755,0 days 00:00:02.566722,20,0.7044121314824888,10,1,26,26,126,"[3256, 3100]",COMPLETE
6339,6339,0.24715704680387696,2.6435019969940186,2021-06-19 19:09:25.151343,2021-06-19 19:09:27.802641,0 days 00:00:02.651298,30,0.8858234872887549,10,9,2,21,126,"[5381, 5381]",COMPLETE
6340,6340,0.2360035962111687,2.7537691593170166,2021-06-19 19:09:27.806394,2021-06-19 19:09:30.567912,0 days 00:00:02.761518,20,0.7044121314824888,10,1,30,26,126,"[1159, 2465]",COMPLETE
6341,6341,0.23303953093237373,2.6484551429748535,2021-06-19 19:09:30.571634,2021-06-19 19:09:33.227748,0 days 00:00:02.656114,20,0.6415492259649922,10,1,22,26,126,"[5654, 849]",COMPLETE
