,number,values_0,values_1,datetime_start,datetime_complete,duration,params_checks,params_n_ratio,params_nskip,params_trees,params_w1,params_w2,system_attrs_nsga2:generation,system_attrs_nsga2:parents,state
8591,8591,inf,inf,2021-06-19 21:17:55.996639,2021-06-19 21:17:56.250799,0 days 00:00:00.254160,20,0.4292717690461698,3,2,8,23,171,"[8024, 316]",COMPLETE
8592,8592,0.25500840096611194,3.0475025177001953,2021-06-19 21:17:56.266020,2021-06-19 21:17:59.348852,0 days 00:00:03.082832,20,0.775837870117549,7,3,1,25,171,"[7871, 8024]",COMPLETE
8593,8593,0.22954716730029215,2.6230580806732178,2021-06-19 21:17:59.353356,2021-06-19 21:18:01.986696,0 days 00:00:02.633340,20,0.775837870117549,10,1,30,26,171,"[7926, 7005]",COMPLETE
8594,8594,0.22788201280083728,2.642068386077881,2021-06-19 21:18:01.991546,2021-06-19 21:18:04.644862,0 days 00:00:02.653316,20,0.775837870117549,10,1,25,25,171,"[8256, 8531]",COMPLETE
8595,8595,0.23377675842087525,2.5128769874572754,2021-06-19 21:18:04.649550,2021-06-19 21:18:07.172737,0 days 00:00:02.523187,20,0.775837870117549,10,2,30,25,171,"[4419, 7770]",COMPLETE
8596,8596,0.26266832457718114,3.1555986404418945,2021-06-19 21:18:07.177238,2021-06-19 21:18:10.343310,0 days 00:00:03.166072,20,0.775837870117549,6,1,30,25,171,"[8498, 4943]",COMPLETE
8597,8597,0.23254065686531467,2.5694165229797363,2021-06-19 21:18:10.347971,2021-06-19 21:18:12.927713,0 days 00:00:02.579742,40,0.7044121314824888,10,1,30,25,171,"[3760, 3100]",COMPLETE
8598,8598,0.23065826440005024,2.6361730098724365,2021-06-19 21:18:12.932182,2021-06-19 21:18:15.578559,0 days 00:00:02.646377,20,0.7492482924832433,10,11,30,25,171,"[2991, 6763]",COMPLETE
8599,8599,0.23349301766648556,2.766359567642212,2021-06-19 21:18:15.583238,2021-06-19 21:18:18.360116,0 days 00:00:02.776878,10,0.775837870117549,10,1,30,25,171,"[849, 8024]",COMPLETE
8600,8600,0.2580680190609039,2.5620594024658203,2021-06-19 21:18:18.364769,2021-06-19 21:19:32.188879,0 days 00:01:13.824110,20,0.775837870117549,10,1,30,16,172,"[6835, 8595]",COMPLETE
8601,8601,inf,inf,2021-06-19 21:19:32.197991,2021-06-19 21:19:32.337530,0 days 00:00:00.139539,20,0.31187480145372615,10,1,30,24,172,"[8503, 8503]",COMPLETE
8602,8602,0.24365614286481815,2.917585611343384,2021-06-19 21:19:32.364630,2021-06-19 21:19:35.310492,0 days 00:00:02.945862,20,0.7044121314824888,8,1,22,25,172,"[1929, 7770]",COMPLETE
8603,8603,0.23339797835915976,2.5796592235565186,2021-06-19 21:19:35.315159,2021-06-19 21:19:37.905999,0 days 00:00:02.590840,20,0.7492482924832433,10,1,23,25,172,"[2078, 8256]",COMPLETE
8604,8604,inf,inf,2021-06-19 21:19:37.910615,2021-06-19 21:19:38.075483,0 days 00:00:00.164868,20,0.31878800466244683,10,1,30,25,172,"[3100, 3100]",COMPLETE
8605,8605,0.23147308707271777,2.7114510536193848,2021-06-19 21:19:38.103336,2021-06-19 21:19:40.851772,0 days 00:00:02.748436,20,0.775837870117549,9,1,30,26,172,"[6351, 8532]",COMPLETE
8606,8606,0.2810997692194497,2.748873710632324,2021-06-19 21:19:40.856506,2021-06-19 21:19:43.615932,0 days 00:00:02.759426,20,0.775837870117549,10,1,10,11,172,"[2991, 1159]",COMPLETE
8607,8607,0.2338170007612831,2.5605037212371826,2021-06-19 21:19:43.620214,2021-06-19 21:19:46.190921,0 days 00:00:02.570707,20,0.7044121314824888,10,1,24,26,172,"[2209, 6751]",COMPLETE
8608,8608,0.2298710243235764,2.5475480556488037,2021-06-19 21:19:46.195580,2021-06-19 21:19:48.753245,0 days 00:00:02.557665,20,0.775837870117549,10,1,30,26,172,"[900, 7005]",COMPLETE
8609,8609,0.2531261058572574,2.7752106189727783,2021-06-19 21:19:48.757694,2021-06-19 21:19:51.543185,0 days 00:00:02.785491,10,0.603627004462215,10,1,8,19,172,"[1159, 316]",COMPLETE
8610,8610,0.23496083359562675,2.5619139671325684,2021-06-19 21:19:51.547620,2021-06-19 21:19:54.119578,0 days 00:00:02.571958,20,0.7044121314824888,10,1,24,26,172,"[2209, 8333]",COMPLETE
8611,8611,0.2282547960445286,2.6940011978149414,2021-06-19 21:19:54.124305,2021-06-19 21:19:56.828499,0 days 00:00:02.704194,40,0.775837870117549,10,9,30,26,172,"[8074, 2991]",COMPLETE
8612,8612,0.22963290006179451,2.8069188594818115,2021-06-19 21:19:56.832964,2021-06-19 21:19:59.650259,0 days 00:00:02.817295,20,0.775837870117549,10,1,30,28,172,"[8416, 2963]",COMPLETE
8613,8613,0.23474035495109458,2.580350160598755,2021-06-19 21:19:59.654925,2021-06-19 21:20:02.245633,0 days 00:00:02.590708,20,0.8854236950658239,10,1,30,25,172,"[6592, 8595]",COMPLETE
8614,8614,0.22746695777217826,2.5645272731781006,2021-06-19 21:20:02.250270,2021-06-19 21:20:04.825011,0 days 00:00:02.574741,20,0.775837870117549,10,1,30,25,172,"[7926, 8574]",COMPLETE
8615,8615,0.22829432002630662,2.7657198905944824,2021-06-19 21:20:04.829715,2021-06-19 21:20:07.605825,0 days 00:00:02.776110,20,0.775837870117549,10,1,30,25,172,"[8498, 7005]",COMPLETE
8616,8616,0.23149382562305243,2.6650097370147705,2021-06-19 21:20:07.610344,2021-06-19 21:20:10.285439,0 days 00:00:02.675095,40,0.7044121314824888,10,9,30,25,172,"[8074, 5145]",COMPLETE
8617,8617,inf,inf,2021-06-19 21:20:10.290250,2021-06-19 21:20:10.473996,0 days 00:00:00.183746,40,0.43571663525230653,10,1,30,25,172,"[1028, 2078]",COMPLETE
8618,8618,0.22856110886463082,2.6464834213256836,2021-06-19 21:20:10.489967,2021-06-19 21:20:13.160807,0 days 00:00:02.670840,20,0.775837870117549,10,14,30,25,172,"[6968, 880]",COMPLETE
8619,8619,0.2324036837404249,2.802952527999878,2021-06-19 21:20:13.165139,2021-06-19 21:20:15.978328,0 days 00:00:02.813189,20,0.7492482924832433,10,1,30,25,172,"[1028, 6351]",COMPLETE
8620,8620,0.2418341798038882,2.582023859024048,2021-06-19 21:20:15.982721,2021-06-19 21:20:18.574974,0 days 00:00:02.592253,20,0.775837870117549,10,1,3,25,172,"[3760, 7631]",COMPLETE
8621,8621,0.24323161376059943,2.5921332836151123,2021-06-19 21:20:18.579469,2021-06-19 21:20:21.182026,0 days 00:00:02.602557,90,0.7044121314824888,10,1,0,25,172,"[2991, 3260]",COMPLETE
8622,8622,0.3489111880028305,9.273435831069946,2021-06-19 21:20:21.186731,2021-06-19 21:20:30.470580,0 days 00:00:09.283849,20,0.7492482924832433,0,1,30,6,172,"[1028, 900]",COMPLETE
8623,8623,0.23260144955166479,2.572904586791992,2021-06-19 21:20:30.475181,2021-06-19 21:20:33.058382,0 days 00:00:02.583201,20,0.8047024443354969,10,1,30,25,172,"[7871, 1028]",COMPLETE
8624,8624,0.23277668412871588,2.565433979034424,2021-06-19 21:20:33.063134,2021-06-19 21:20:35.639182,0 days 00:00:02.576048,20,0.7492482924832433,10,1,22,23,172,"[2078, 849]",COMPLETE
8625,8625,0.23269099432397783,2.7868757247924805,2021-06-19 21:20:35.643544,2021-06-19 21:20:38.440796,0 days 00:00:02.797252,40,0.7044121314824888,10,9,30,26,172,"[8074, 8595]",COMPLETE
8626,8626,0.26567447878188616,2.9195797443389893,2021-06-19 21:20:38.445427,2021-06-19 21:20:41.375424,0 days 00:00:02.929997,20,0.7492482924832433,6,2,13,25,172,"[880, 8595]",COMPLETE
8627,8627,0.22587797593543293,2.6228153705596924,2021-06-19 21:20:41.380094,2021-06-19 21:20:44.013416,0 days 00:00:02.633322,20,0.775837870117549,10,1,30,27,172,"[6351, 7871]",COMPLETE
8628,8628,0.22801165385200323,2.74912428855896,2021-06-19 21:20:44.017775,2021-06-19 21:20:46.777024,0 days 00:00:02.759249,20,0.775837870117549,10,1,24,26,172,"[8261, 2209]",COMPLETE
8629,8629,0.23081921201546998,2.5803005695343018,2021-06-19 21:20:46.781185,2021-06-19 21:20:49.371459,0 days 00:00:02.590274,10,0.7492482924832433,10,1,30,25,172,"[1389, 8024]",COMPLETE
8630,8630,0.2293852384372855,2.6213059425354004,2021-06-19 21:20:49.375669,2021-06-19 21:20:52.007194,0 days 00:00:02.631525,20,0.7044121314824888,10,10,30,25,172,"[7871, 1929]",COMPLETE
8631,8631,0.22940935389189937,2.7649548053741455,2021-06-19 21:20:52.011390,2021-06-19 21:20:54.786117,0 days 00:00:02.774727,20,0.775837870117549,10,1,30,25,172,"[6968, 6968]",COMPLETE
8632,8632,inf,inf,2021-06-19 21:20:54.790718,2021-06-19 21:20:55.224653,0 days 00:00:00.433935,20,0.5706364755079255,10,1,24,25,172,"[2209, 2209]",COMPLETE
8633,8633,0.22822386708013115,2.5541088581085205,2021-06-19 21:20:55.244942,2021-06-19 21:20:57.832408,0 days 00:00:02.587466,20,0.775837870117549,10,1,30,25,172,"[5853, 6351]",COMPLETE
8634,8634,0.23122639485176952,2.572418212890625,2021-06-19 21:20:57.836882,2021-06-19 21:21:00.419583,0 days 00:00:02.582701,20,0.775837870117549,10,1,30,26,172,"[7005, 8498]",COMPLETE
8635,8635,inf,inf,2021-06-19 21:21:00.424277,2021-06-19 21:21:00.607881,0 days 00:00:00.183604,20,0.34168658735023205,10,1,30,15,172,"[8498, 2991]",COMPLETE
8636,8636,0.23899832915057084,2.6167914867401123,2021-06-19 21:21:00.633901,2021-06-19 21:21:03.474432,0 days 00:00:02.840531,20,0.775837870117549,10,1,8,25,172,"[8261, 8531]",COMPLETE
8637,8637,0.22930919133184588,2.5654091835021973,2021-06-19 21:21:03.479188,2021-06-19 21:21:06.054912,0 days 00:00:02.575724,20,0.775837870117549,10,1,30,26,172,"[6351, 7770]",COMPLETE
8638,8638,0.26202408058008214,2.876458168029785,2021-06-19 21:21:06.059425,2021-06-19 21:21:08.946442,0 days 00:00:02.887017,20,0.775837870117549,10,14,30,12,172,"[3082, 3082]",COMPLETE
8639,8639,0.22978823710676688,2.625054121017456,2021-06-19 21:21:08.950667,2021-06-19 21:21:11.585903,0 days 00:00:02.635236,20,0.775837870117549,10,10,30,25,172,"[7631, 8024]",COMPLETE
8640,8640,0.22970686559263417,2.5937676429748535,2021-06-19 21:21:11.590456,2021-06-19 21:21:14.195337,0 days 00:00:02.604881,20,0.7044121314824888,10,1,24,26,172,"[2209, 8416]",COMPLETE
8641,8641,0.22918352941123504,2.777296781539917,2021-06-19 21:21:14.199956,2021-06-19 21:21:16.987361,0 days 00:00:02.787405,20,0.775837870117549,10,1,30,25,172,"[8567, 6351]",COMPLETE
8642,8642,0.23099181003368882,2.5775415897369385,2021-06-19 21:21:16.991702,2021-06-19 21:21:19.579362,0 days 00:00:02.587660,10,0.7492482924832433,10,1,30,26,172,"[7005, 880]",COMPLETE
8643,8643,0.23401376890906597,2.5652997493743896,2021-06-19 21:21:19.584129,2021-06-19 21:21:22.159620,0 days 00:00:02.575491,20,0.7492482924832433,10,1,23,25,172,"[5145, 2078]",COMPLETE
8644,8644,0.23107577969504892,2.5805270671844482,2021-06-19 21:21:22.164426,2021-06-19 21:21:24.755388,0 days 00:00:02.590962,20,0.775837870117549,10,1,30,25,172,"[8574, 7770]",COMPLETE
8645,8645,0.31217225943707794,7.009777784347534,2021-06-19 21:21:24.759869,2021-06-19 21:21:31.780100,0 days 00:00:07.020231,20,0.9575669298895364,1,6,30,25,172,"[5654, 316]",COMPLETE
8646,8646,inf,inf,2021-06-19 21:21:31.784999,2021-06-19 21:21:32.140789,0 days 00:00:00.355790,20,0.46951910643099354,10,1,30,24,172,"[3082, 1159]",COMPLETE
8647,8647,0.22818375948412073,2.551955461502075,2021-06-19 21:21:32.173344,2021-06-19 21:21:34.750578,0 days 00:00:02.577234,40,0.775837870117549,10,1,30,25,172,"[1159, 8433]",COMPLETE
8648,8648,0.23615550952211226,2.765026092529297,2021-06-19 21:21:34.755543,2021-06-19 21:21:37.531630,0 days 00:00:02.776087,100,0.7492482924832433,10,1,12,25,172,"[5145, 6763]",COMPLETE
8649,8649,inf,inf,2021-06-19 21:21:37.536324,2021-06-19 21:21:37.855235,0 days 00:00:00.318911,20,0.5045693402962532,10,1,30,16,172,"[5853, 5145]",COMPLETE
8650,8650,0.23413418558171914,2.6927506923675537,2021-06-19 21:21:37.865627,2021-06-19 21:21:40.661499,0 days 00:00:02.795872,20,0.775837870117549,9,1,30,25,173,"[6592, 8261]",COMPLETE
8651,8651,0.23437561585892616,2.7328851222991943,2021-06-19 21:21:40.666440,2021-06-19 21:21:43.410742,0 days 00:00:02.744302,20,0.775837870117549,10,1,30,25,173,"[8498, 4943]",COMPLETE
8652,8652,0.23102318028829366,2.68904709815979,2021-06-19 21:21:43.414866,2021-06-19 21:21:46.114283,0 days 00:00:02.699417,20,0.9234388687049782,10,1,30,25,173,"[6763, 6968]",COMPLETE
8653,8653,0.22825096521710134,2.6029398441314697,2021-06-19 21:21:46.119053,2021-06-19 21:21:48.732223,0 days 00:00:02.613170,20,0.775837870117549,10,1,30,26,173,"[7005, 7770]",COMPLETE
8654,8654,0.22825679987643865,2.5898876190185547,2021-06-19 21:21:48.737048,2021-06-19 21:21:51.337516,0 days 00:00:02.600468,20,0.7492482924832433,10,3,30,25,173,"[8595, 1389]",COMPLETE
8655,8655,0.23695431301997624,2.781790018081665,2021-06-19 21:21:51.342275,2021-06-19 21:21:54.134869,0 days 00:00:02.792594,20,0.775837870117549,10,1,12,25,173,"[8531, 316]",COMPLETE
8656,8656,0.27141440672237055,2.636106491088867,2021-06-19 21:21:54.139547,2021-06-19 21:21:56.786461,0 days 00:00:02.646914,40,0.7044121314824888,10,13,30,15,173,"[1159, 8498]",COMPLETE
8657,8657,inf,inf,2021-06-19 21:21:56.791102,2021-06-19 21:21:57.024314,0 days 00:00:00.233212,100,0.3180370475163859,0,14,30,25,173,"[8614, 3082]",COMPLETE
8658,8658,0.24190843552833097,3.1436047554016113,2021-06-19 21:21:57.034313,2021-06-19 21:22:00.202564,0 days 00:00:03.168251,20,0.9878829899338459,10,1,30,25,173,"[3260, 1389]",COMPLETE
8659,8659,0.2277059391961271,2.6039743423461914,2021-06-19 21:22:00.207210,2021-06-19 21:22:02.821526,0 days 00:00:02.614316,20,0.7492482924832433,10,6,30,25,173,"[6763, 7926]",COMPLETE
8660,8660,0.22830065881109832,2.7389094829559326,2021-06-19 21:22:02.826198,2021-06-19 21:22:05.575836,0 days 00:00:02.749638,80,0.775837870117549,10,14,30,25,173,"[7871, 6968]",COMPLETE
8661,8661,0.23257593214394756,2.8192191123962402,2021-06-19 21:22:05.580533,2021-06-19 21:22:08.410205,0 days 00:00:02.829672,20,0.7044121314824888,10,1,30,27,173,"[1159, 5654]",COMPLETE
8662,8662,0.22811799503396038,2.6022088527679443,2021-06-19 21:22:08.414621,2021-06-19 21:22:11.028018,0 days 00:00:02.613397,20,0.775837870117549,10,1,30,25,173,"[6592, 8433]",COMPLETE
8663,8663,0.22794147368958523,2.5899174213409424,2021-06-19 21:22:11.032588,2021-06-19 21:22:13.632615,0 days 00:00:02.600027,20,0.7044121314824888,10,1,30,25,173,"[1929, 1929]",COMPLETE
8664,8664,0.23002035499517506,2.589475154876709,2021-06-19 21:22:13.637186,2021-06-19 21:22:16.236970,0 days 00:00:02.599784,10,0.7044121314824888,10,1,24,26,173,"[4943, 5379]",COMPLETE
8665,8665,0.2877791569446048,3.9244375228881836,2021-06-19 21:22:16.241458,2021-06-19 21:22:20.176598,0 days 00:00:03.935140,20,0.775837870117549,3,4,30,25,173,"[3760, 8261]",COMPLETE
8666,8666,0.23208478244449887,2.5706703662872314,2021-06-19 21:22:20.181070,2021-06-19 21:22:22.762116,0 days 00:00:02.581046,20,0.775837870117549,10,1,30,26,173,"[5654, 1389]",COMPLETE
8667,8667,inf,inf,2021-06-19 21:22:22.766877,2021-06-19 21:22:22.983062,0 days 00:00:00.216185,20,0.30219598124917374,8,1,30,25,173,"[1929, 1929]",COMPLETE
8668,8668,0.29805939245139534,4.450003385543823,2021-06-19 21:22:22.994163,2021-06-19 21:22:27.458490,0 days 00:00:04.464327,10,0.7044121314824888,2,1,8,26,173,"[5379, 316]",COMPLETE
8669,8669,0.2317512634203127,2.6225244998931885,2021-06-19 21:22:27.462853,2021-06-19 21:22:30.095747,0 days 00:00:02.632894,20,0.7044121314824888,10,15,30,25,173,"[1244, 2991]",COMPLETE
8670,8670,0.3000808031519472,4.301140069961548,2021-06-19 21:22:30.100495,2021-06-19 21:22:34.412039,0 days 00:00:04.311544,10,0.775837870117549,2,1,30,25,173,"[1389, 6351]",COMPLETE
8671,8671,0.231570691487442,2.8193111419677734,2021-06-19 21:22:34.416657,2021-06-19 21:22:37.246320,0 days 00:00:02.829663,20,0.9034171271736153,10,1,30,25,173,"[1389, 5145]",COMPLETE
8672,8672,inf,inf,2021-06-19 21:22:37.251322,2021-06-19 21:22:37.435310,0 days 00:00:00.183988,20,0.4435227369515894,10,1,8,4,173,"[316, 5853]",COMPLETE
8673,8673,0.23129510596805425,2.5257554054260254,2021-06-19 21:22:37.449696,2021-06-19 21:22:40.003124,0 days 00:00:02.553428,20,0.775837870117549,10,1,30,25,173,"[8024, 1929]",COMPLETE
8674,8674,0.22945139297759432,2.5831375122070312,2021-06-19 21:22:40.007814,2021-06-19 21:22:42.601164,0 days 00:00:02.593350,20,0.7044121314824888,10,1,24,25,173,"[3260, 5379]",COMPLETE
8675,8675,0.23514902525885872,3.110344886779785,2021-06-19 21:22:42.605794,2021-06-19 21:22:45.726557,0 days 00:00:03.120763,20,0.9710457268544981,10,1,30,25,173,"[1028, 8531]",COMPLETE
8676,8676,0.23064353489461598,2.6404571533203125,2021-06-19 21:22:45.731202,2021-06-19 21:22:48.381920,0 days 00:00:02.650718,20,0.7044121314824888,10,1,25,25,173,"[8256, 3100]",COMPLETE
8677,8677,0.2336320642762053,2.540653705596924,2021-06-19 21:22:48.386659,2021-06-19 21:22:50.937699,0 days 00:00:02.551040,20,0.7492482924832433,10,1,23,25,173,"[2078, 1028]",COMPLETE
8678,8678,0.23158480779036344,2.727158546447754,2021-06-19 21:22:50.942351,2021-06-19 21:22:53.679831,0 days 00:00:02.737480,20,0.7044121314824888,10,1,30,26,173,"[4236, 8416]",COMPLETE
8679,8679,0.23537457186955277,2.5633556842803955,2021-06-19 21:22:53.684360,2021-06-19 21:22:56.257853,0 days 00:00:02.573493,20,0.7492482924832433,10,1,30,25,173,"[8532, 6763]",COMPLETE
8680,8680,0.31216851207025526,5.465193748474121,2021-06-19 21:22:56.262554,2021-06-19 21:23:01.738173,0 days 00:00:05.475619,20,0.7044121314824888,1,1,30,26,173,"[3100, 6835]",COMPLETE
8681,8681,0.30163767437064204,3.473172903060913,2021-06-19 21:23:01.742828,2021-06-19 21:23:05.226587,0 days 00:00:03.483759,10,0.6415492259649922,4,1,30,23,173,"[849, 7770]",COMPLETE
8682,8682,0.22790435719284402,2.6050620079040527,2021-06-19 21:23:05.231069,2021-06-19 21:23:07.846367,0 days 00:00:02.615298,20,0.775837870117549,10,1,30,25,173,"[5654, 7631]",COMPLETE
8683,8683,0.22865783427296085,2.583963632583618,2021-06-19 21:23:07.851117,2021-06-19 21:23:10.446371,0 days 00:00:02.595254,20,0.775837870117549,10,1,30,25,173,"[1244, 8627]",COMPLETE
8684,8684,0.28348121273137455,4.010886907577515,2021-06-19 21:23:10.451082,2021-06-19 21:23:14.472467,0 days 00:00:04.021385,40,0.8674277952927198,3,1,30,30,173,"[3760, 3760]",COMPLETE
8685,8685,0.2276667302237429,2.572716236114502,2021-06-19 21:23:14.477142,2021-06-19 21:23:17.060115,0 days 00:00:02.582973,20,0.775837870117549,10,1,30,25,173,"[8024, 3082]",COMPLETE
8686,8686,0.3321201470052192,2.8142924308776855,2021-06-19 21:23:17.064679,2021-06-19 21:23:19.889723,0 days 00:00:02.825044,20,0.898310158631102,10,1,30,1,173,"[5145, 7770]",COMPLETE
8687,8687,0.23304641062492865,2.5825400352478027,2021-06-19 21:23:19.894445,2021-06-19 21:23:22.487491,0 days 00:00:02.593046,40,0.775837870117549,10,1,30,26,173,"[6751, 3760]",COMPLETE
8688,8688,0.2357212985811287,2.586003065109253,2021-06-19 21:23:22.492123,2021-06-19 21:23:25.088351,0 days 00:00:02.596228,40,0.8047024443354969,10,1,30,25,173,"[4943, 6751]",COMPLETE
8689,8689,0.23353877635059903,3.143892765045166,2021-06-19 21:23:25.093055,2021-06-19 21:23:28.247428,0 days 00:00:03.154373,20,0.9913864917467292,10,1,30,25,173,"[8531, 6968]",COMPLETE
8690,8690,0.24534462299801152,2.6637165546417236,2021-06-19 21:23:28.251825,2021-06-19 21:23:30.926111,0 days 00:00:02.674286,10,0.603627004462215,9,1,8,25,173,"[316, 7005]",COMPLETE
8691,8691,0.23029679474840317,2.600125789642334,2021-06-19 21:23:30.930798,2021-06-19 21:23:33.541297,0 days 00:00:02.610499,20,0.7044121314824888,10,5,30,25,173,"[5654, 4781]",COMPLETE
8692,8692,0.3197345439573865,9.222569942474365,2021-06-19 21:23:33.546041,2021-06-19 21:23:42.779705,0 days 00:00:09.233664,20,0.7044121314824888,0,1,30,25,173,"[4236, 8498]",COMPLETE
8693,8693,0.23004338805068153,2.566277265548706,2021-06-19 21:23:42.784243,2021-06-19 21:23:45.360642,0 days 00:00:02.576399,20,0.775837870117549,10,1,30,25,173,"[8261, 8024]",COMPLETE
8694,8694,0.2308653230163804,2.568084478378296,2021-06-19 21:23:45.364982,2021-06-19 21:23:47.943492,0 days 00:00:02.578510,10,0.8047024443354969,10,1,30,25,173,"[2063, 8433]",COMPLETE
8695,8695,0.2321781916662394,2.848787307739258,2021-06-19 21:23:47.948063,2021-06-19 21:23:50.807366,0 days 00:00:02.859303,20,0.8664472370885004,10,16,30,26,173,"[8532, 8532]",COMPLETE
8696,8696,0.3352197131504718,9.099989414215088,2021-06-19 21:23:50.811962,2021-06-19 21:23:59.922456,0 days 00:00:09.110494,20,0.775837870117549,0,1,30,10,173,"[8261, 8416]",COMPLETE
8697,8697,0.23409951039522883,2.625298500061035,2021-06-19 21:23:59.927134,2021-06-19 21:24:02.562842,0 days 00:00:02.635708,20,0.597874824026315,10,1,30,25,173,"[8498, 4943]",COMPLETE
8698,8698,0.2918357884973539,2.9996132850646973,2021-06-19 21:24:02.567149,2021-06-19 21:24:05.577279,0 days 00:00:03.010130,20,0.775837870117549,8,9,21,11,173,"[1244, 8498]",COMPLETE
8699,8699,0.2505162724406338,2.899722099304199,2021-06-19 21:24:05.582024,2021-06-19 21:24:08.492436,0 days 00:00:02.910412,20,0.6890387946931155,7,15,30,25,173,"[3100, 7770]",COMPLETE
8700,8700,0.23381291741525415,2.585026264190674,2021-06-19 21:24:08.496838,2021-06-19 21:25:23.263248,0 days 00:01:14.766410,20,0.775837870117549,10,1,22,26,174,"[8416, 6751]",COMPLETE
8701,8701,0.23028486732367442,2.905898332595825,2021-06-19 21:25:23.273792,2021-06-19 21:25:26.195865,0 days 00:00:02.922073,30,0.775837870117549,10,1,30,26,174,"[5654, 2963]",COMPLETE
8702,8702,0.2333837102417317,2.6968448162078857,2021-06-19 21:25:26.200800,2021-06-19 21:25:28.914944,0 days 00:00:02.714144,20,0.7492482924832433,10,9,30,25,174,"[316, 6763]",COMPLETE
8703,8703,0.2348214138736344,2.9734158515930176,2021-06-19 21:25:28.924521,2021-06-19 21:25:31.911239,0 days 00:00:02.986718,60,0.690845237066757,10,1,25,25,174,"[8333, 8256]",COMPLETE
8704,8704,0.2314044003912429,2.5938756465911865,2021-06-19 21:25:31.915829,2021-06-19 21:25:34.520339,0 days 00:00:02.604510,20,0.775837870117549,10,1,30,25,174,"[7631, 5654]",COMPLETE
8705,8705,0.23207773204299234,2.626493215560913,2021-06-19 21:25:34.525072,2021-06-19 21:25:37.161921,0 days 00:00:02.636849,30,0.775837870117549,10,1,30,26,174,"[2963, 8416]",COMPLETE
8706,8706,inf,inf,2021-06-19 21:25:37.166668,2021-06-19 21:25:37.532795,0 days 00:00:00.366127,10,0.4844012019449737,10,1,24,26,174,"[5379, 1389]",COMPLETE
8707,8707,0.23007230296676728,2.5457019805908203,2021-06-19 21:25:37.543685,2021-06-19 21:25:40.107523,0 days 00:00:02.563838,20,0.775837870117549,10,1,30,26,174,"[8024, 2963]",COMPLETE
8708,8708,0.23390682943626537,2.7452409267425537,2021-06-19 21:25:40.112262,2021-06-19 21:25:42.867735,0 days 00:00:02.755473,20,0.7492482924832433,10,1,23,26,174,"[2078, 2078]",COMPLETE
8709,8709,0.22946837552395252,2.6247920989990234,2021-06-19 21:25:42.872372,2021-06-19 21:25:45.507635,0 days 00:00:02.635263,10,0.6415492259649922,9,3,22,26,174,"[849, 6351]",COMPLETE
