,number,values_0,values_1,datetime_start,datetime_complete,duration,params_checks,params_n_ratio,params_nskip,params_trees,params_w1,params_w2,system_attrs_nsga2:generation,system_attrs_nsga2:parents,state
7525,7525,0.22716631037666413,2.629025936126709,2021-06-19 20:17:02.381632,2021-06-19 20:17:05.020592,0 days 00:00:02.638960,40,0.775837870117549,10,1,30,25,150,"[3760, 6351]",COMPLETE
7526,7526,inf,inf,2021-06-19 20:17:05.024852,2021-06-19 20:17:05.174751,0 days 00:00:00.149899,20,0.35011310937919327,10,1,30,26,150,"[6854, 5495]",COMPLETE
7527,7527,0.23050925176290443,2.82070255279541,2021-06-19 20:17:05.187035,2021-06-19 20:17:08.047408,0 days 00:00:02.860373,10,0.603627004462215,10,10,24,25,150,"[6684, 316]",COMPLETE
7528,7528,0.23362516160884433,2.6081290245056152,2021-06-19 20:17:08.051710,2021-06-19 20:17:10.669209,0 days 00:00:02.617499,20,0.7044121314824888,10,7,29,26,150,"[6592, 3256]",COMPLETE
7529,7529,0.22903692562355696,2.6220314502716064,2021-06-19 20:17:10.673464,2021-06-19 20:17:13.304600,0 days 00:00:02.631136,20,0.8047024443354969,10,10,30,26,150,"[2063, 7005]",COMPLETE
7530,7530,0.23287781718628353,2.760328769683838,2021-06-19 20:17:13.308661,2021-06-19 20:17:16.077931,0 days 00:00:02.769270,10,0.7044121314824888,10,1,30,26,150,"[6835, 7430]",COMPLETE
7531,7531,0.3033879904904126,5.434146881103516,2021-06-19 20:17:16.082154,2021-06-19 20:17:21.525582,0 days 00:00:05.443428,20,0.8163010492221106,1,1,3,26,150,"[3566, 5654]",COMPLETE
7532,7532,0.22771660784994938,2.7811739444732666,2021-06-19 20:17:21.529515,2021-06-19 20:17:24.319859,0 days 00:00:02.790344,20,0.775837870117549,10,9,30,25,150,"[7005, 3195]",COMPLETE
7533,7533,0.23031674158084395,2.663060188293457,2021-06-19 20:17:24.323951,2021-06-19 20:17:26.996019,0 days 00:00:02.672068,10,0.7044121314824888,10,15,30,25,150,"[4236, 7430]",COMPLETE
7534,7534,inf,inf,2021-06-19 20:17:27.000341,2021-06-19 20:17:27.493053,0 days 00:00:00.492712,20,0.5977789854908893,10,13,30,25,150,"[5654, 1244]",COMPLETE
7535,7535,0.26716184731562465,2.6429381370544434,2021-06-19 20:17:27.509981,2021-06-19 20:17:30.177398,0 days 00:00:02.667417,20,0.8047024443354969,10,15,30,11,150,"[2762, 4943]",COMPLETE
7536,7536,0.23175535582121787,2.8067944049835205,2021-06-19 20:17:30.181657,2021-06-19 20:17:32.997608,0 days 00:00:02.815951,40,0.7492482924832433,10,1,30,25,150,"[1735, 1735]",COMPLETE
7537,7537,0.2362878274832548,2.552448034286499,2021-06-19 20:17:33.001708,2021-06-19 20:17:35.563220,0 days 00:00:02.561512,10,0.6415492259649922,10,1,30,25,150,"[1389, 849]",COMPLETE
7538,7538,0.2748574489737624,2.6159017086029053,2021-06-19 20:17:35.567548,2021-06-19 20:17:38.192566,0 days 00:00:02.625018,20,0.7100511651342796,10,15,0,11,150,"[2762, 2762]",COMPLETE
7539,7539,0.23414740217905744,2.733940601348877,2021-06-19 20:17:38.196748,2021-06-19 20:17:40.939682,0 days 00:00:02.742934,20,0.7044121314824888,10,1,30,25,150,"[6592, 1244]",COMPLETE
7540,7540,0.27198465436041985,3.358234405517578,2021-06-19 20:17:40.943741,2021-06-19 20:17:44.311069,0 days 00:00:03.367328,90,0.775837870117549,5,9,30,26,150,"[6835, 6835]",COMPLETE
7541,7541,0.23192003357832344,2.6411707401275635,2021-06-19 20:17:44.315202,2021-06-19 20:17:46.965398,0 days 00:00:02.650196,40,0.775837870117549,10,1,21,25,150,"[4419, 4419]",COMPLETE
7542,7542,0.2314163743203065,2.785332202911377,2021-06-19 20:17:46.969670,2021-06-19 20:17:49.764071,0 days 00:00:02.794401,20,0.7044121314824888,10,9,30,26,150,"[3256, 6219]",COMPLETE
7543,7543,0.22861857334204652,2.645636796951294,2021-06-19 20:17:49.768269,2021-06-19 20:17:52.422849,0 days 00:00:02.654580,20,0.8047024443354969,10,15,30,25,150,"[6219, 5495]",COMPLETE
7544,7544,0.23195766972438234,2.5885839462280273,2021-06-19 20:17:52.426926,2021-06-19 20:17:55.024374,0 days 00:00:02.597448,20,0.7044121314824888,10,1,30,25,150,"[6684, 3100]",COMPLETE
7545,7545,0.24026514735441004,2.715763807296753,2021-06-19 20:17:55.028678,2021-06-19 20:17:57.753758,0 days 00:00:02.725080,10,0.7044121314824888,10,1,5,24,150,"[2659, 2209]",COMPLETE
7546,7546,0.22868410328664948,2.652676820755005,2021-06-19 20:17:57.757856,2021-06-19 20:18:00.419575,0 days 00:00:02.661719,30,0.7044121314824888,10,9,30,26,150,"[2963, 6968]",COMPLETE
7547,7547,0.3111388207651964,5.563446998596191,2021-06-19 20:18:00.423812,2021-06-19 20:18:05.996476,0 days 00:00:05.572664,20,0.775837870117549,1,1,25,25,150,"[1028, 6835]",COMPLETE
7548,7548,0.23818158355926733,2.747037172317505,2021-06-19 20:18:06.000704,2021-06-19 20:18:08.756859,0 days 00:00:02.756155,20,0.7044121314824888,10,1,7,25,150,"[5641, 6684]",COMPLETE
7549,7549,0.24335362124763674,2.6042213439941406,2021-06-19 20:18:08.760909,2021-06-19 20:18:11.374466,0 days 00:00:02.613557,20,0.775837870117549,10,2,8,22,150,"[6351, 6835]",COMPLETE
7550,7550,0.23220022333991863,2.645585775375366,2021-06-19 20:18:11.378628,2021-06-19 20:18:14.082269,0 days 00:00:02.703641,20,0.8946745539106853,10,1,30,26,151,"[6751, 2063]",COMPLETE
7551,7551,0.2343917838287756,2.729248285293579,2021-06-19 20:18:14.086412,2021-06-19 20:18:16.824881,0 days 00:00:02.738469,20,0.775837870117549,10,1,30,22,151,"[7029, 7029]",COMPLETE
7552,7552,0.22957376917580027,2.5867600440979004,2021-06-19 20:18:16.828967,2021-06-19 20:18:19.424769,0 days 00:00:02.595802,20,0.7492482924832433,10,1,30,25,151,"[1389, 7519]",COMPLETE
7553,7553,0.23279666090651982,2.656229019165039,2021-06-19 20:18:19.428973,2021-06-19 20:18:22.094316,0 days 00:00:02.665343,20,0.775837870117549,10,10,30,26,151,"[6351, 6854]",COMPLETE
7554,7554,0.22895516330001697,2.7987468242645264,2021-06-19 20:18:22.098573,2021-06-19 20:18:24.906820,0 days 00:00:02.808247,20,0.7044121314824888,10,9,22,26,151,"[6835, 411]",COMPLETE
7555,7555,inf,inf,2021-06-19 20:18:24.911147,2021-06-19 20:18:25.062670,0 days 00:00:00.151523,20,0.4107223284719521,10,1,30,25,151,"[5852, 4943]",COMPLETE
7556,7556,0.2414573930981639,2.5519859790802,2021-06-19 20:18:25.092067,2021-06-19 20:18:27.677677,0 days 00:00:02.585610,20,0.7044121314824888,10,1,30,25,151,"[5852, 3195]",COMPLETE
7557,7557,0.2303239043888858,2.6017885208129883,2021-06-19 20:18:27.681615,2021-06-19 20:18:30.292454,0 days 00:00:02.610839,20,0.775837870117549,10,1,30,25,151,"[4879, 1735]",COMPLETE
7558,7558,0.23358877484713725,2.8584582805633545,2021-06-19 20:18:30.296672,2021-06-19 20:18:33.164093,0 days 00:00:02.867421,20,0.7100511651342796,10,15,30,25,151,"[2762, 3082]",COMPLETE
7559,7559,0.22749938302643447,2.601032018661499,2021-06-19 20:18:33.168307,2021-06-19 20:18:35.778451,0 days 00:00:02.610144,20,0.775837870117549,10,1,29,25,151,"[3760, 6684]",COMPLETE
7560,7560,0.2966830310834581,3.3869192600250244,2021-06-19 20:18:35.782906,2021-06-19 20:18:39.179422,0 days 00:00:03.396516,30,0.5954059728126523,4,1,30,25,151,"[3082, 5495]",COMPLETE
7561,7561,0.27832966028408995,4.122975826263428,2021-06-19 20:18:39.183675,2021-06-19 20:18:43.315984,0 days 00:00:04.132309,10,0.9356544652664163,4,1,20,25,151,"[5641, 880]",COMPLETE
7562,7562,0.23450928018607528,2.5789127349853516,2021-06-19 20:18:43.319875,2021-06-19 20:18:45.908014,0 days 00:00:02.588139,20,0.775837870117549,10,1,30,25,151,"[5852, 7519]",COMPLETE
7563,7563,0.2300814291506914,2.7561445236206055,2021-06-19 20:18:45.912273,2021-06-19 20:18:48.677438,0 days 00:00:02.765165,20,0.775837870117549,10,1,30,25,151,"[4419, 7029]",COMPLETE
7564,7564,0.23519922160031675,2.58394193649292,2021-06-19 20:18:48.681605,2021-06-19 20:18:51.274576,0 days 00:00:02.592971,30,0.7044121314824888,10,1,30,25,151,"[2963, 5853]",COMPLETE
7565,7565,0.23150212683809393,2.6711831092834473,2021-06-19 20:18:51.278620,2021-06-19 20:18:53.959125,0 days 00:00:02.680505,80,0.7044121314824888,10,9,30,26,151,"[2963, 6751]",COMPLETE
7566,7566,0.3167491547839207,2.883497953414917,2021-06-19 20:18:53.963247,2021-06-19 20:18:56.856226,0 days 00:00:02.892979,20,0.775837870117549,10,15,8,2,151,"[6835, 6763]",COMPLETE
7567,7567,0.32164995196085017,9.073745012283325,2021-06-19 20:18:56.860323,2021-06-19 20:19:05.943528,0 days 00:00:09.083205,20,0.7044121314824888,0,1,30,25,151,"[3100, 7029]",COMPLETE
7568,7568,0.2281965196445211,2.639894723892212,2021-06-19 20:19:05.947585,2021-06-19 20:19:08.596596,0 days 00:00:02.649011,20,0.7044121314824888,10,9,26,25,151,"[3256, 4781]",COMPLETE
7569,7569,0.3108785016353365,9.193268299102783,2021-06-19 20:19:08.600741,2021-06-19 20:19:17.803251,0 days 00:00:09.202510,20,0.775837870117549,0,1,18,26,151,"[6968, 4331]",COMPLETE
7570,7570,0.23007157372245846,2.541219472885132,2021-06-19 20:19:17.807550,2021-06-19 20:19:20.357875,0 days 00:00:02.550325,20,0.7044121314824888,10,1,30,26,151,"[5145, 2209]",COMPLETE
7571,7571,0.22616154312444509,2.950864553451538,2021-06-19 20:19:20.361986,2021-06-19 20:19:23.322301,0 days 00:00:02.960315,80,0.775837870117549,10,16,30,25,151,"[6684, 3760]",COMPLETE
7572,7572,0.2557812992767282,2.8147475719451904,2021-06-19 20:19:23.326441,2021-06-19 20:19:26.151356,0 days 00:00:02.824915,20,0.775837870117549,7,1,5,25,151,"[5641, 6351]",COMPLETE
7573,7573,0.23418668912982715,2.595682382583618,2021-06-19 20:19:26.155499,2021-06-19 20:19:28.760843,0 days 00:00:02.605344,20,0.775837870117549,10,7,30,29,151,"[6854, 2963]",COMPLETE
7574,7574,0.23020162738769975,2.802556276321411,2021-06-19 20:19:28.764959,2021-06-19 20:19:31.576553,0 days 00:00:02.811594,20,0.775837870117549,10,1,24,26,151,"[2209, 6968]",COMPLETE
7575,7575,0.23257452954471167,2.624359369277954,2021-06-19 20:19:31.580551,2021-06-19 20:19:34.214144,0 days 00:00:02.633593,20,0.775837870117549,10,5,30,26,151,"[2078, 7519]",COMPLETE
7576,7576,0.23303560581478253,2.5591659545898438,2021-06-19 20:19:34.218258,2021-06-19 20:19:36.786602,0 days 00:00:02.568344,50,0.7044121314824888,10,1,30,26,151,"[3100, 2209]",COMPLETE
7577,7577,0.2298426214935678,2.782078266143799,2021-06-19 20:19:36.790785,2021-06-19 20:19:39.582251,0 days 00:00:02.791466,100,0.775837870117549,10,1,30,25,151,"[7029, 7519]",COMPLETE
7578,7578,0.2520736857756748,2.7667298316955566,2021-06-19 20:19:39.586166,2021-06-19 20:19:42.362212,0 days 00:00:02.776046,20,0.775837870117549,7,1,30,25,151,"[6854, 880]",COMPLETE
7579,7579,inf,inf,2021-06-19 20:19:42.366342,2021-06-19 20:19:42.549839,0 days 00:00:00.183497,20,0.4245035550361418,10,1,30,25,151,"[1735, 3256]",COMPLETE
7580,7580,0.3084441766243113,2.5363264083862305,2021-06-19 20:19:42.564563,2021-06-19 20:19:45.131863,0 days 00:00:02.567300,20,0.7044121314824888,10,1,30,3,151,"[3260, 1244]",COMPLETE
7581,7581,0.2436676124853825,2.833552598953247,2021-06-19 20:19:45.136130,2021-06-19 20:19:47.978933,0 days 00:00:02.842803,20,0.7044121314824888,10,14,2,24,151,"[2991, 1159]",COMPLETE
7582,7582,0.22940197461806378,2.5673372745513916,2021-06-19 20:19:47.983059,2021-06-19 20:19:50.559474,0 days 00:00:02.576415,20,0.8047024443354969,10,1,30,26,151,"[6854, 4943]",COMPLETE
7583,7583,0.23757873515545858,2.573539972305298,2021-06-19 20:19:50.563800,2021-06-19 20:19:53.146296,0 days 00:00:02.582496,10,0.603627004462215,10,1,8,25,151,"[316, 316]",COMPLETE
7584,7584,0.23398990539049364,2.747387647628784,2021-06-19 20:19:53.150519,2021-06-19 20:19:55.906892,0 days 00:00:02.756373,20,0.7044121314824888,10,1,30,25,151,"[1244, 3260]",COMPLETE
7585,7585,0.23776539985406542,2.519193649291992,2021-06-19 20:19:55.911002,2021-06-19 20:19:58.439528,0 days 00:00:02.528526,10,0.7044121314824888,10,1,8,25,151,"[2209, 1389]",COMPLETE
7586,7586,0.23509264066447338,2.5553712844848633,2021-06-19 20:19:58.443728,2021-06-19 20:20:01.008204,0 days 00:00:02.564476,10,0.7492482924832433,10,1,30,25,151,"[1389, 3566]",COMPLETE
7587,7587,0.23847549237828763,2.9363508224487305,2021-06-19 20:20:01.012289,2021-06-19 20:20:03.957735,0 days 00:00:02.945446,20,0.8047024443354969,8,1,30,26,151,"[6592, 6219]",COMPLETE
7588,7588,0.2320916807595442,2.6660983562469482,2021-06-19 20:20:03.961890,2021-06-19 20:20:06.637075,0 days 00:00:02.675185,20,0.7044121314824888,10,15,30,25,151,"[3260, 5495]",COMPLETE
7589,7589,0.23103990781169081,2.7342212200164795,2021-06-19 20:20:06.641143,2021-06-19 20:20:09.384480,0 days 00:00:02.743337,40,0.775837870117549,10,15,30,25,151,"[3760, 5495]",COMPLETE
7590,7590,0.232457546955409,2.570655107498169,2021-06-19 20:20:09.388768,2021-06-19 20:20:11.968837,0 days 00:00:02.580069,20,0.775837870117549,10,1,14,25,151,"[2991, 6854]",COMPLETE
7591,7591,0.2317435291788365,2.7828478813171387,2021-06-19 20:20:11.973275,2021-06-19 20:20:14.766205,0 days 00:00:02.792930,20,0.775837870117549,10,1,21,25,151,"[4419, 6351]",COMPLETE
7592,7592,0.2423261703951493,2.6429407596588135,2021-06-19 20:20:14.770373,2021-06-19 20:20:17.422559,0 days 00:00:02.652186,100,0.775837870117549,10,1,5,25,151,"[6968, 4879]",COMPLETE
7593,7593,0.2295486424107106,2.832540988922119,2021-06-19 20:20:17.426739,2021-06-19 20:20:20.268280,0 days 00:00:02.841541,20,0.775837870117549,10,1,30,25,151,"[1159, 3082]",COMPLETE
7594,7594,0.23233320528928456,2.663097381591797,2021-06-19 20:20:20.272313,2021-06-19 20:20:22.944543,0 days 00:00:02.672230,20,0.7044121314824888,10,15,30,25,151,"[6684, 7430]",COMPLETE
7595,7595,0.22836119286416415,2.597895860671997,2021-06-19 20:20:22.948781,2021-06-19 20:20:25.555893,0 days 00:00:02.607112,20,0.775837870117549,10,1,30,25,151,"[4879, 2991]",COMPLETE
7596,7596,0.23073048903996846,2.7950315475463867,2021-06-19 20:20:25.560019,2021-06-19 20:20:28.364042,0 days 00:00:02.804023,20,0.7044121314824888,10,9,26,25,151,"[3195, 3256]",COMPLETE
7597,7597,0.2344610557879403,2.679349660873413,2021-06-19 20:20:28.368123,2021-06-19 20:20:31.056583,0 days 00:00:02.688460,40,0.775837870117549,10,9,13,25,151,"[1244, 4419]",COMPLETE
7598,7598,0.2456035850405961,2.5920040607452393,2021-06-19 20:20:31.060682,2021-06-19 20:20:33.661877,0 days 00:00:02.601195,20,0.7044121314824888,10,9,0,26,151,"[6684, 411]",COMPLETE
7599,7599,0.23038049592020649,2.75040864944458,2021-06-19 20:20:33.666200,2021-06-19 20:20:36.425852,0 days 00:00:02.759652,20,0.7777725555182224,10,5,30,25,151,"[1244, 6763]",COMPLETE
7600,7600,0.2362062847735028,2.618774652481079,2021-06-19 20:20:36.429957,2021-06-19 20:21:50.669985,0 days 00:01:14.240028,50,0.8047024443354969,10,1,19,25,152,"[4943, 4943]",COMPLETE
7601,7601,0.23605517445763036,2.645458698272705,2021-06-19 20:21:50.677556,2021-06-19 20:21:53.334288,0 days 00:00:02.656732,30,0.775837870117549,10,7,11,26,152,"[1159, 6854]",COMPLETE
7602,7602,inf,inf,2021-06-19 20:21:53.338464,2021-06-19 20:21:53.525591,0 days 00:00:00.187127,10,0.43170702256596,10,1,30,25,152,"[880, 1028]",COMPLETE
7603,7603,0.23060455463219,2.7982466220855713,2021-06-19 20:21:53.533165,2021-06-19 20:21:56.367019,0 days 00:00:02.833854,20,0.775837870117549,10,7,30,25,152,"[1735, 5852]",COMPLETE
7604,7604,0.23043026435651393,2.5579683780670166,2021-06-19 20:21:56.371258,2021-06-19 20:21:58.938269,0 days 00:00:02.567011,20,0.775837870117549,10,1,30,25,152,"[3260, 4331]",COMPLETE
7605,7605,0.2342447546174528,2.582608222961426,2021-06-19 20:21:58.942423,2021-06-19 20:22:01.533972,0 days 00:00:02.591549,20,0.7044121314824888,10,1,26,26,152,"[411, 411]",COMPLETE
7606,7606,0.2329774926690674,2.7938449382781982,2021-06-19 20:22:01.538185,2021-06-19 20:22:04.341398,0 days 00:00:02.803213,20,0.775837870117549,10,1,17,26,152,"[5853, 4331]",COMPLETE
7607,7607,0.2300855737559082,2.536658763885498,2021-06-19 20:22:04.345594,2021-06-19 20:22:06.891645,0 days 00:00:02.546051,10,0.7044121314824888,10,1,22,26,152,"[5379, 7430]",COMPLETE
7608,7608,0.23565493117767863,2.577599287033081,2021-06-19 20:22:06.895880,2021-06-19 20:22:09.482690,0 days 00:00:02.586810,20,0.7492482924832433,10,1,30,25,152,"[1389, 3100]",COMPLETE
7609,7609,0.23112338250498665,2.8416194915771484,2021-06-19 20:22:09.486931,2021-06-19 20:22:12.338358,0 days 00:00:02.851427,10,0.7044121314824888,10,14,24,25,152,"[4236, 5379]",COMPLETE
7610,7610,0.31066203459227254,5.453575134277344,2021-06-19 20:22:12.342622,2021-06-19 20:22:17.805767,0 days 00:00:05.463145,20,0.6691837683146397,1,1,30,25,152,"[4879, 6763]",COMPLETE
7611,7611,0.22806024373606426,2.8097827434539795,2021-06-19 20:22:17.809998,2021-06-19 20:22:20.629088,0 days 00:00:02.819090,20,0.7044121314824888,10,5,30,25,152,"[6684, 6219]",COMPLETE
7612,7612,0.2339475109157605,2.611508369445801,2021-06-19 20:22:20.632902,2021-06-19 20:22:23.253916,0 days 00:00:02.621014,20,0.7044121314824888,10,15,14,25,152,"[2762, 411]",COMPLETE
7613,7613,0.23093482374258792,2.9140617847442627,2021-06-19 20:22:23.258014,2021-06-19 20:22:26.181378,0 days 00:00:02.923364,90,0.9779506927368331,10,1,30,24,152,"[1159, 6684]",COMPLETE
7614,7614,0.22834060768208353,2.814826250076294,2021-06-19 20:22:26.185633,2021-06-19 20:22:29.009618,0 days 00:00:02.823985,20,0.775837870117549,10,11,30,25,152,"[7005, 6968]",COMPLETE
7615,7615,0.2315486255163222,2.5615458488464355,2021-06-19 20:22:29.013765,2021-06-19 20:22:31.584365,0 days 00:00:02.570600,20,0.7492482924832433,10,1,30,25,152,"[4236, 1735]",COMPLETE
7616,7616,0.23451738402821534,2.762949228286743,2021-06-19 20:22:31.588163,2021-06-19 20:22:34.360374,0 days 00:00:02.772211,80,0.7044121314824888,10,15,30,24,152,"[1159, 3260]",COMPLETE
7617,7617,0.29041547422832287,3.867534875869751,2021-06-19 20:22:34.364578,2021-06-19 20:22:38.241631,0 days 00:00:03.877053,20,0.7492482924832433,3,1,8,25,152,"[1735, 2063]",COMPLETE
7618,7618,0.24727228412629063,2.684187173843384,2021-06-19 20:22:38.245704,2021-06-19 20:22:40.939145,0 days 00:00:02.693441,10,0.603627004462215,8,1,8,25,152,"[7430, 316]",COMPLETE
7619,7619,0.23124158893637534,2.5864968299865723,2021-06-19 20:22:40.943433,2021-06-19 20:22:43.538986,0 days 00:00:02.595553,20,0.8047024443354969,10,1,24,26,152,"[5654, 2063]",COMPLETE
7620,7620,0.23534031497783797,2.7571864128112793,2021-06-19 20:22:43.543249,2021-06-19 20:22:46.309943,0 days 00:00:02.766694,30,0.7044121314824888,10,1,30,23,152,"[849, 5495]",COMPLETE
7621,7621,0.23490480986208287,2.6412851810455322,2021-06-19 20:22:46.314023,2021-06-19 20:22:48.964441,0 days 00:00:02.650418,50,0.7044121314824888,10,1,30,25,152,"[1159, 2762]",COMPLETE
7622,7622,0.22939436313400524,2.577810525894165,2021-06-19 20:22:48.968467,2021-06-19 20:22:51.555326,0 days 00:00:02.586859,20,0.8047024443354969,10,1,30,25,152,"[5641, 3082]",COMPLETE
7623,7623,0.23142293951705956,2.7349836826324463,2021-06-19 20:22:51.559180,2021-06-19 20:22:54.303513,0 days 00:00:02.744333,20,0.775837870117549,10,1,30,24,152,"[6351, 5852]",COMPLETE
7624,7624,0.23725745541014087,2.62707257270813,2021-06-19 20:22:54.307628,2021-06-19 20:22:56.944152,0 days 00:00:02.636524,20,0.775837870117549,9,1,30,24,152,"[6592, 1159]",COMPLETE
7625,7625,0.2274320247609338,2.6242780685424805,2021-06-19 20:22:56.948406,2021-06-19 20:22:59.581922,0 days 00:00:02.633516,20,0.775837870117549,10,9,30,26,152,"[6835, 5145]",COMPLETE
7626,7626,0.2281638285020864,2.788579225540161,2021-06-19 20:22:59.586066,2021-06-19 20:23:02.383783,0 days 00:00:02.797717,20,0.775837870117549,10,1,30,26,152,"[6835, 6835]",COMPLETE
7627,7627,0.23081022429170603,2.605278968811035,2021-06-19 20:23:02.387957,2021-06-19 20:23:05.002411,0 days 00:00:02.614454,10,0.7492482924832433,10,9,26,25,152,"[3256, 880]",COMPLETE
7628,7628,inf,inf,2021-06-19 20:23:05.006727,2021-06-19 20:23:05.459618,0 days 00:00:00.452891,20,0.603627004462215,10,1,30,27,152,"[4943, 316]",COMPLETE
7629,7629,0.2287266181091154,2.637626886367798,2021-06-19 20:23:05.466231,2021-06-19 20:23:08.143876,0 days 00:00:02.677645,20,0.775837870117549,10,9,30,26,152,"[411, 4331]",COMPLETE
7630,7630,0.23538421631621306,2.7215535640716553,2021-06-19 20:23:08.148068,2021-06-19 20:23:10.879077,0 days 00:00:02.731009,20,0.775837870117549,10,1,18,25,152,"[6351, 5853]",COMPLETE
7631,7631,0.22644491837778352,2.5542023181915283,2021-06-19 20:23:10.883417,2021-06-19 20:23:13.446870,0 days 00:00:02.563453,20,0.775837870117549,10,1,30,25,152,"[7029, 7029]",COMPLETE
7632,7632,0.23316400122518535,2.6562390327453613,2021-06-19 20:23:13.451071,2021-06-19 20:23:16.116627,0 days 00:00:02.665556,20,0.7044121314824888,10,13,30,25,152,"[4781, 5495]",COMPLETE
7633,7633,0.23088533835603717,2.586132764816284,2021-06-19 20:23:16.120753,2021-06-19 20:23:18.716027,0 days 00:00:02.595274,10,0.775837870117549,10,1,30,25,152,"[880, 2991]",COMPLETE
7634,7634,0.233009672058626,2.7799606323242188,2021-06-19 20:23:18.720186,2021-06-19 20:23:21.510222,0 days 00:00:02.790036,20,0.7044121314824888,10,1,24,26,152,"[316, 2209]",COMPLETE
7635,7635,0.23117947695988367,2.6112747192382812,2021-06-19 20:23:21.514341,2021-06-19 20:23:24.134810,0 days 00:00:02.620469,20,0.7492482924832433,10,1,26,26,152,"[3566, 900]",COMPLETE
7636,7636,0.2280184729675662,2.7579267024993896,2021-06-19 20:23:24.139084,2021-06-19 20:23:26.906061,0 days 00:00:02.766977,20,0.7044121314824888,10,1,30,25,152,"[3195, 4236]",COMPLETE
7637,7637,0.23083121987735,2.5681891441345215,2021-06-19 20:23:26.910192,2021-06-19 20:23:29.487831,0 days 00:00:02.577639,70,0.775837870117549,10,1,25,26,152,"[6351, 2063]",COMPLETE
7638,7638,0.23071508489593182,2.582866668701172,2021-06-19 20:23:29.491798,2021-06-19 20:23:32.083745,0 days 00:00:02.591947,20,0.7492482924832433,10,1,30,25,152,"[6763, 2078]",COMPLETE
7639,7639,0.2294157766077067,2.847353219985962,2021-06-19 20:23:32.088024,2021-06-19 20:23:34.944779,0 days 00:00:02.856755,20,0.775837870117549,10,9,30,25,152,"[6968, 6968]",COMPLETE
7640,7640,0.2336122498589973,2.5866856575012207,2021-06-19 20:23:34.948910,2021-06-19 20:23:37.544732,0 days 00:00:02.595822,60,0.7044121314824888,10,1,30,26,152,"[411, 4331]",COMPLETE
7641,7641,0.2284758875923217,2.5377299785614014,2021-06-19 20:23:37.549039,2021-06-19 20:23:40.096276,0 days 00:00:02.547237,10,0.775837870117549,10,1,30,24,152,"[1159, 7029]",COMPLETE
7642,7642,0.22723400877944408,2.770000696182251,2021-06-19 20:23:40.100469,2021-06-19 20:23:42.879689,0 days 00:00:02.779220,20,0.775837870117549,10,1,30,25,152,"[2991, 6684]",COMPLETE
