,number,values_0,values_1,datetime_start,datetime_complete,duration,params_checks,params_n_ratio,params_nskip,params_trees,params_w1,params_w2,system_attrs_nsga2:generation,system_attrs_nsga2:parents,state
3730,3730,0.2347303982714506,2.570101737976074,2021-06-19 16:41:10.195902,2021-06-19 16:41:12.771453,0 days 00:00:02.575551,20,0.8047024443354969,10,1,10,26,74,"[2486, 2063]",COMPLETE
3731,3731,0.23266316292288577,2.746595621109009,2021-06-19 16:41:12.774131,2021-06-19 16:41:15.525612,0 days 00:00:02.751481,10,0.8760508571752408,10,1,30,25,74,"[1897, 1205]",COMPLETE
3732,3732,0.22748592064688847,2.574631452560425,2021-06-19 16:41:15.528270,2021-06-19 16:41:18.107780,0 days 00:00:02.579510,20,0.7044121314824888,10,1,30,25,74,"[2078, 3511]",COMPLETE
3733,3733,inf,inf,2021-06-19 16:41:18.110036,2021-06-19 16:41:18.273535,0 days 00:00:00.163499,20,0.44081147940409265,10,1,30,25,74,"[3082, 3260]",COMPLETE
3734,3734,0.2809496317935287,2.8341643810272217,2021-06-19 16:41:18.288784,2021-06-19 16:41:21.153625,0 days 00:00:02.864841,10,0.7492482924832433,9,1,30,8,74,"[374, 880]",COMPLETE
3735,3735,0.2822935336169266,3.366718292236328,2021-06-19 16:41:21.156180,2021-06-19 16:41:24.527695,0 days 00:00:03.371515,20,0.775837870117549,4,1,30,25,74,"[3082, 3082]",COMPLETE
3736,3736,inf,inf,2021-06-19 16:41:24.530280,2021-06-19 16:41:24.627111,0 days 00:00:00.096831,40,0.30276248711932646,10,1,30,26,74,"[1974, 2862]",COMPLETE
3737,3737,0.291110327528867,4.050479412078857,2021-06-19 16:41:24.630580,2021-06-19 16:41:28.699230,0 days 00:00:04.068650,20,0.7100511651342796,3,15,8,25,74,"[1028, 2762]",COMPLETE
3738,3738,0.23208421795801604,2.5471949577331543,2021-06-19 16:41:28.701846,2021-06-19 16:41:31.253957,0 days 00:00:02.552111,10,0.7492482924832433,10,1,25,25,74,"[2078, 1028]",COMPLETE
3739,3739,0.2810921935107299,2.6574618816375732,2021-06-19 16:41:31.256654,2021-06-19 16:41:33.919158,0 days 00:00:02.662504,60,0.7044121314824888,10,9,30,11,74,"[3483, 2960]",COMPLETE
3740,3740,0.24265894286760287,2.764265775680542,2021-06-19 16:41:33.921864,2021-06-19 16:41:36.691147,0 days 00:00:02.769283,10,0.7100511651342796,10,15,30,21,74,"[2762, 1006]",COMPLETE
3741,3741,0.27647472970224385,2.6208655834198,2021-06-19 16:41:36.693673,2021-06-19 16:41:39.319431,0 days 00:00:02.625758,20,0.7044121314824888,10,9,30,11,74,"[2862, 1599]",COMPLETE
3742,3742,0.23185133519123116,2.5843348503112793,2021-06-19 16:41:39.321993,2021-06-19 16:41:41.911469,0 days 00:00:02.589476,10,0.7492482924832433,10,1,24,27,74,"[1028, 900]",COMPLETE
3743,3743,0.22729668848450857,2.709967851638794,2021-06-19 16:41:41.914122,2021-06-19 16:41:44.628756,0 days 00:00:02.714634,20,0.7492482924832433,10,1,30,25,74,"[1735, 1735]",COMPLETE
3744,3744,0.23622115467507634,2.669982671737671,2021-06-19 16:41:44.631183,2021-06-19 16:41:47.306235,0 days 00:00:02.675052,100,0.9215431385430783,10,1,23,26,74,"[3256, 2078]",COMPLETE
3745,3745,0.29098320972597486,3.9426045417785645,2021-06-19 16:41:47.308721,2021-06-19 16:41:51.256182,0 days 00:00:03.947461,90,0.8047024443354969,3,1,30,25,74,"[2229, 2229]",COMPLETE
3746,3746,inf,inf,2021-06-19 16:41:51.258841,2021-06-19 16:41:51.664871,0 days 00:00:00.406030,20,0.5146648749251728,10,1,30,25,74,"[2229, 1735]",COMPLETE
3747,3747,0.23619382204872022,2.5954465866088867,2021-06-19 16:41:51.668802,2021-06-19 16:41:54.276967,0 days 00:00:02.608165,10,0.603627004462215,10,1,8,25,74,"[316, 1312]",COMPLETE
3748,3748,0.23117419006012696,2.7064239978790283,2021-06-19 16:41:54.279584,2021-06-19 16:41:56.990707,0 days 00:00:02.711123,10,0.7044121314824888,10,1,28,25,74,"[2659, 2659]",COMPLETE
3749,3749,0.22865866050933628,2.590268611907959,2021-06-19 16:41:56.993202,2021-06-19 16:41:59.588311,0 days 00:00:02.595109,20,0.775837870117549,10,1,25,25,74,"[3082, 3082]",COMPLETE
3750,3750,0.23785331046511593,2.5506513118743896,2021-06-19 16:41:59.590747,2021-06-19 16:42:02.194257,0 days 00:00:02.603510,20,0.7044121314824888,10,1,22,30,75,"[1312, 2486]",COMPLETE
3751,3751,0.23034617912889904,2.7778799533843994,2021-06-19 16:42:02.196962,2021-06-19 16:42:04.979668,0 days 00:00:02.782706,20,0.7044121314824888,10,9,30,25,75,"[2960, 2960]",COMPLETE
3752,3752,0.23118208983667085,2.6536576747894287,2021-06-19 16:42:04.982378,2021-06-19 16:42:07.640856,0 days 00:00:02.658478,20,0.7044121314824888,10,1,30,26,75,"[1389, 411]",COMPLETE
3753,3753,0.2315385352505619,2.7805964946746826,2021-06-19 16:42:07.643227,2021-06-19 16:42:10.429081,0 days 00:00:02.785854,10,0.7044121314824888,10,3,30,25,75,"[1389, 2659]",COMPLETE
3754,3754,0.2326036249993046,2.6275010108947754,2021-06-19 16:42:10.431727,2021-06-19 16:42:13.064546,0 days 00:00:02.632819,20,0.7492482924832433,10,1,24,26,75,"[3100, 900]",COMPLETE
3755,3755,0.23741347883216737,2.5428218841552734,2021-06-19 16:42:13.067289,2021-06-19 16:42:15.615449,0 days 00:00:02.548160,10,0.7044121314824888,10,1,24,22,75,"[2209, 745]",COMPLETE
3756,3756,0.26951649803781874,2.7056100368499756,2021-06-19 16:42:15.618048,2021-06-19 16:42:18.328500,0 days 00:00:02.710452,20,0.8047024443354969,10,1,23,13,75,"[647, 647]",COMPLETE
3757,3757,0.23017642415223574,2.6063406467437744,2021-06-19 16:42:18.331173,2021-06-19 16:42:20.942561,0 days 00:00:02.611388,10,0.7492482924832433,10,9,30,25,75,"[1735, 316]",COMPLETE
3758,3758,0.22993379717287063,2.5741937160491943,2021-06-19 16:42:20.945223,2021-06-19 16:42:23.524386,0 days 00:00:02.579163,20,0.7044121314824888,10,1,30,25,75,"[1028, 1244]",COMPLETE
3759,3759,0.23508328944127266,2.733901262283325,2021-06-19 16:42:23.527098,2021-06-19 16:42:26.266371,0 days 00:00:02.739273,10,0.7044121314824888,10,1,28,24,75,"[1159, 2659]",COMPLETE
3760,3760,0.22553316563797243,2.5835461616516113,2021-06-19 16:42:26.268930,2021-06-19 16:42:28.857407,0 days 00:00:02.588477,40,0.775837870117549,10,1,30,25,75,"[3105, 3082]",COMPLETE
3761,3761,0.23265166901537093,2.7149884700775146,2021-06-19 16:42:28.859974,2021-06-19 16:42:31.579808,0 days 00:00:02.719834,20,0.7492482924832433,10,1,24,25,75,"[880, 900]",COMPLETE
3762,3762,0.2352360042939746,2.572631597518921,2021-06-19 16:42:31.582530,2021-06-19 16:42:34.160653,0 days 00:00:02.578123,20,0.7044121314824888,10,1,17,26,75,"[3511, 2209]",COMPLETE
3763,3763,0.2907443720912902,3.9638781547546387,2021-06-19 16:42:34.163083,2021-06-19 16:42:38.132332,0 days 00:00:03.969249,90,0.603627004462215,3,9,8,25,75,"[316, 908]",COMPLETE
3764,3764,0.25133444396953225,2.969437599182129,2021-06-19 16:42:38.134826,2021-06-19 16:42:41.109205,0 days 00:00:02.974379,20,0.8047024443354969,7,1,30,25,75,"[880, 2229]",COMPLETE
3765,3765,inf,inf,2021-06-19 16:42:41.111670,2021-06-19 16:42:41.531490,0 days 00:00:00.419820,10,0.5282072689425342,10,1,4,26,75,"[3256, 1246]",COMPLETE
3766,3766,0.22892730645760084,2.6176018714904785,2021-06-19 16:42:41.535349,2021-06-19 16:42:44.168643,0 days 00:00:02.633294,20,0.775837870117549,10,1,30,26,75,"[1974, 900]",COMPLETE
3767,3767,0.23101230149814064,2.7848269939422607,2021-06-19 16:42:44.171177,2021-06-19 16:42:46.960841,0 days 00:00:02.789664,20,0.7044121314824888,10,9,30,26,75,"[908, 2465]",COMPLETE
3768,3768,0.2308799674629917,2.604722738265991,2021-06-19 16:42:46.963449,2021-06-19 16:42:49.572817,0 days 00:00:02.609368,20,0.7492482924832433,10,1,30,25,75,"[1735, 1735]",COMPLETE
3769,3769,0.2353656238553614,2.5716350078582764,2021-06-19 16:42:49.575499,2021-06-19 16:42:52.152222,0 days 00:00:02.576723,20,0.7492482924832433,10,1,30,25,75,"[2063, 3664]",COMPLETE
3770,3770,0.25578203758414325,2.8414011001586914,2021-06-19 16:42:52.155009,2021-06-19 16:42:55.001474,0 days 00:00:02.846465,20,0.9160800449726059,10,1,30,16,75,"[1389, 2991]",COMPLETE
3771,3771,0.2860196378281936,3.4160361289978027,2021-06-19 16:42:55.004163,2021-06-19 16:42:58.425477,0 days 00:00:03.421314,10,0.7044121314824888,4,9,8,19,75,"[3511, 2960]",COMPLETE
3772,3772,0.2334139852861092,2.6997926235198975,2021-06-19 16:42:58.428144,2021-06-19 16:43:01.132945,0 days 00:00:02.704801,10,0.7044121314824888,10,1,24,25,75,"[1246, 1006]",COMPLETE
3773,3773,0.231007442459765,2.584181308746338,2021-06-19 16:43:01.135451,2021-06-19 16:43:03.724482,0 days 00:00:02.589031,20,0.7044121314824888,10,1,30,26,75,"[3105, 3100]",COMPLETE
3774,3774,0.23143027498318264,2.6456732749938965,2021-06-19 16:43:03.727175,2021-06-19 16:43:06.377718,0 days 00:00:02.650543,20,0.7044121314824888,10,9,24,26,75,"[1599, 3307]",COMPLETE
3775,3775,inf,inf,2021-06-19 16:43:06.380382,2021-06-19 16:43:10.074064,0 days 00:00:03.693682,20,0.603627004462215,0,1,8,25,75,"[316, 1745]",COMPLETE
3776,3776,0.22965575562575563,2.765908718109131,2021-06-19 16:43:10.091355,2021-06-19 16:43:12.880769,0 days 00:00:02.789414,20,0.8047024443354969,10,1,24,26,75,"[1312, 647]",COMPLETE
3777,3777,0.31500115331770295,3.356569528579712,2021-06-19 16:43:12.883455,2021-06-19 16:43:16.245111,0 days 00:00:03.361656,20,0.7044121314824888,4,1,30,9,75,"[1159, 2465]",COMPLETE
3778,3778,0.24963376678205135,2.8018479347229004,2021-06-19 16:43:16.247467,2021-06-19 16:43:19.054502,0 days 00:00:02.807035,70,0.8047024443354969,10,1,30,19,75,"[1028, 2229]",COMPLETE
3779,3779,inf,inf,2021-06-19 16:43:19.057229,2021-06-19 16:43:19.197677,0 days 00:00:00.140448,10,0.302467463408442,10,7,10,25,75,"[880, 2229]",COMPLETE
3780,3780,0.2535495280243043,2.9422202110290527,2021-06-19 16:43:19.220398,2021-06-19 16:43:22.173927,0 days 00:00:02.953529,20,0.7044121314824888,7,16,30,25,75,"[1006, 1656]",COMPLETE
3781,3781,0.23013627545880933,2.7013747692108154,2021-06-19 16:43:22.176671,2021-06-19 16:43:24.882904,0 days 00:00:02.706233,20,0.7492482924832433,10,1,30,25,75,"[1735, 2991]",COMPLETE
3782,3782,inf,inf,2021-06-19 16:43:24.885376,2021-06-19 16:43:25.087180,0 days 00:00:00.201804,40,0.4043287172428791,10,9,26,22,75,"[2486, 411]",COMPLETE
3783,3783,0.23342892554366146,2.7217209339141846,2021-06-19 16:43:25.090981,2021-06-19 16:43:27.821581,0 days 00:00:02.730600,90,0.7044121314824888,10,9,30,25,75,"[908, 3195]",COMPLETE
3784,3784,0.23120805251057125,2.6554975509643555,2021-06-19 16:43:27.824317,2021-06-19 16:43:30.484775,0 days 00:00:02.660458,20,0.7044121314824888,10,9,30,26,75,"[411, 1218]",COMPLETE
3785,3785,inf,inf,2021-06-19 16:43:30.487369,2021-06-19 16:43:30.782560,0 days 00:00:00.295191,20,0.3005726385211091,4,1,30,24,75,"[1159, 1159]",COMPLETE
3786,3786,0.22757079940902258,2.703906774520874,2021-06-19 16:43:30.795732,2021-06-19 16:43:33.515421,0 days 00:00:02.719689,20,0.7044121314824888,10,12,24,26,75,"[2209, 3307]",COMPLETE
3787,3787,0.23583951230909173,2.597886562347412,2021-06-19 16:43:33.518047,2021-06-19 16:43:36.121207,0 days 00:00:02.603160,40,0.7044121314824888,10,1,13,25,75,"[3260, 1218]",COMPLETE
3788,3788,inf,inf,2021-06-19 16:43:36.123850,2021-06-19 16:43:36.348376,0 days 00:00:00.224526,10,0.42708879865058913,10,4,30,25,75,"[3256, 3195]",COMPLETE
3789,3789,0.2296414162047448,2.7832891941070557,2021-06-19 16:43:36.352325,2021-06-19 16:43:39.156165,0 days 00:00:02.803840,30,0.7044121314824888,10,9,30,26,75,"[2963, 2963]",COMPLETE
3790,3790,0.2841332785844575,2.6400322914123535,2021-06-19 16:43:39.158817,2021-06-19 16:43:41.803843,0 days 00:00:02.645026,20,0.775837870117549,10,1,30,7,75,"[1599, 2991]",COMPLETE
3791,3791,0.24066020797078994,2.7355546951293945,2021-06-19 16:43:41.806532,2021-06-19 16:43:44.547233,0 days 00:00:02.740701,20,0.7044121314824888,10,1,7,26,75,"[3483, 1599]",COMPLETE
3792,3792,0.2336491211393375,2.5491199493408203,2021-06-19 16:43:44.549960,2021-06-19 16:43:47.103953,0 days 00:00:02.553993,20,0.7044121314824888,10,1,24,26,75,"[2209, 1312]",COMPLETE
3793,3793,0.23089368458113035,2.7313499450683594,2021-06-19 16:43:47.106631,2021-06-19 16:43:49.842916,0 days 00:00:02.736285,20,0.7044121314824888,10,9,24,25,75,"[411, 2762]",COMPLETE
3794,3794,0.29375846602961553,3.5002517700195312,2021-06-19 16:43:49.845565,2021-06-19 16:43:53.350833,0 days 00:00:03.505268,20,0.8047024443354969,4,1,2,14,75,"[1745, 1205]",COMPLETE
3795,3795,0.23474739071066691,2.581186294555664,2021-06-19 16:43:53.355175,2021-06-19 16:43:55.949418,0 days 00:00:02.594243,40,0.7044121314824888,10,1,30,25,75,"[1135, 2762]",COMPLETE
3796,3796,0.23013941751027397,2.739567756652832,2021-06-19 16:43:55.952014,2021-06-19 16:43:58.696438,0 days 00:00:02.744424,60,0.7492482924832433,10,1,30,25,75,"[1897, 1897]",COMPLETE
3797,3797,0.23800593423501124,2.543694496154785,2021-06-19 16:43:58.699065,2021-06-19 16:44:01.247626,0 days 00:00:02.548561,30,0.7044121314824888,10,1,30,23,75,"[849, 2963]",COMPLETE
3798,3798,0.2750102825255758,3.3532681465148926,2021-06-19 16:44:01.249869,2021-06-19 16:44:04.608207,0 days 00:00:03.358338,20,0.7492482924832433,4,1,1,25,75,"[1389, 1735]",COMPLETE
3799,3799,0.2823996764778677,3.529996871948242,2021-06-19 16:44:04.610932,2021-06-19 16:44:08.145996,0 days 00:00:03.535064,20,0.7044121314824888,4,1,23,28,75,"[1389, 2486]",COMPLETE
3800,3800,0.28823806877900016,3.8127355575561523,2021-06-19 16:44:08.148712,2021-06-19 16:45:23.589828,0 days 00:01:15.441116,20,0.7044121314824888,3,9,26,26,76,"[3256, 1159]",COMPLETE
3801,3801,0.28255775355216584,2.7834458351135254,2021-06-19 16:45:23.594256,2021-06-19 16:45:26.383276,0 days 00:00:02.789020,20,0.7044121314824888,10,1,30,9,76,"[3100, 1006]",COMPLETE
3802,3802,inf,inf,2021-06-19 16:45:26.385835,2021-06-19 16:45:26.784685,0 days 00:00:00.398850,10,0.5097856870496693,10,1,22,25,76,"[1028, 745]",COMPLETE
3803,3803,0.2671909634214462,2.5924530029296875,2021-06-19 16:45:26.789059,2021-06-19 16:45:29.405141,0 days 00:00:02.616082,20,0.775837870117549,10,1,2,14,76,"[2991, 1205]",COMPLETE
3804,3804,0.23206124150213414,2.586311101913452,2021-06-19 16:45:29.407858,2021-06-19 16:45:31.999089,0 days 00:00:02.591231,10,0.775837870117549,10,1,30,26,76,"[3760, 3105]",COMPLETE
3805,3805,0.29288474763972927,3.829554319381714,2021-06-19 16:45:32.001744,2021-06-19 16:45:35.836313,0 days 00:00:03.834569,20,0.7044121314824888,3,1,30,25,76,"[1006, 1006]",COMPLETE
3806,3806,0.23295994662487055,2.552147626876831,2021-06-19 16:45:35.838738,2021-06-19 16:45:38.395730,0 days 00:00:02.556992,20,0.7044121314824888,10,1,30,26,76,"[908, 2229]",COMPLETE
3807,3807,0.2958127119518508,3.86311411857605,2021-06-19 16:45:38.398394,2021-06-19 16:45:42.266540,0 days 00:00:03.868146,20,0.8047024443354969,3,1,30,25,76,"[1745, 1745]",COMPLETE
3808,3808,0.2949903148552464,2.5520801544189453,2021-06-19 16:45:42.269214,2021-06-19 16:45:44.826298,0 days 00:00:02.557084,20,0.7044121314824888,10,1,2,6,76,"[1205, 3100]",COMPLETE
3809,3809,0.23074940506211528,2.7519702911376953,2021-06-19 16:45:44.828695,2021-06-19 16:45:47.585605,0 days 00:00:02.756910,20,0.7100511651342796,10,1,30,25,76,"[2762, 2991]",COMPLETE
3810,3810,0.23322318166772676,2.7529406547546387,2021-06-19 16:45:47.588120,2021-06-19 16:45:50.346145,0 days 00:00:02.758025,100,0.7044121314824888,10,9,30,25,76,"[2991, 2960]",COMPLETE
3811,3811,0.23000566940105316,2.6047449111938477,2021-06-19 16:45:50.348767,2021-06-19 16:45:52.958785,0 days 00:00:02.610018,20,0.6518620347681259,10,1,23,26,76,"[900, 2078]",COMPLETE
3812,3812,0.230832820623772,2.7012736797332764,2021-06-19 16:45:52.961403,2021-06-19 16:45:55.667726,0 days 00:00:02.706323,20,0.7044121314824888,10,1,24,26,76,"[1599, 1159]",COMPLETE
3813,3813,0.23070388181438217,2.5637662410736084,2021-06-19 16:45:55.670303,2021-06-19 16:45:58.239123,0 days 00:00:02.568820,10,0.7492482924832433,10,1,30,25,76,"[3100, 1897]",COMPLETE
3814,3814,0.2284080986969977,2.5609560012817383,2021-06-19 16:45:58.241742,2021-06-19 16:46:00.807755,0 days 00:00:02.566013,10,0.603627004462215,10,1,24,26,76,"[316, 2209]",COMPLETE
3815,3815,0.3062005320545548,4.425280809402466,2021-06-19 16:46:00.810138,2021-06-19 16:46:05.240491,0 days 00:00:04.430353,20,0.7044121314824888,2,1,30,25,76,"[1656, 3100]",COMPLETE
3816,3816,inf,inf,2021-06-19 16:46:05.243133,2021-06-19 16:46:05.447211,0 days 00:00:00.204078,20,0.37674903490717426,10,1,24,26,76,"[900, 900]",COMPLETE
3817,3817,0.2290483302545364,2.6416046619415283,2021-06-19 16:46:05.464235,2021-06-19 16:46:08.116884,0 days 00:00:02.652649,20,0.775837870117549,10,1,30,25,76,"[1244, 1974]",COMPLETE
3818,3818,inf,inf,2021-06-19 16:46:08.119560,2021-06-19 16:46:08.427941,0 days 00:00:00.308381,10,0.46798191886372453,10,1,30,25,76,"[1246, 1246]",COMPLETE
3819,3819,0.23101622270393235,2.759032964706421,2021-06-19 16:46:08.442953,2021-06-19 16:46:11.209580,0 days 00:00:02.766627,20,0.7657915482156077,10,9,30,25,76,"[3260, 2960]",COMPLETE
3820,3820,0.23739139151377714,2.62939453125,2021-06-19 16:46:11.212359,2021-06-19 16:46:13.847159,0 days 00:00:02.634800,20,0.7044121314824888,10,14,30,24,76,"[1159, 1159]",COMPLETE
3821,3821,0.22693091199272877,2.811798572540283,2021-06-19 16:46:13.849818,2021-06-19 16:46:16.666488,0 days 00:00:02.816670,30,0.7044121314824888,10,9,30,26,76,"[2963, 3307]",COMPLETE
3822,3822,0.23307255612398464,2.6229798793792725,2021-06-19 16:46:16.669153,2021-06-19 16:46:19.297171,0 days 00:00:02.628018,20,0.7492482924832433,10,1,30,25,76,"[2762, 3664]",COMPLETE
3823,3823,0.2336145815454588,2.750192642211914,2021-06-19 16:46:19.299708,2021-06-19 16:46:22.054957,0 days 00:00:02.755249,20,0.7044121314824888,10,1,30,26,76,"[2465, 3082]",COMPLETE
3824,3824,0.2964759418116939,2.692511796951294,2021-06-19 16:46:22.057641,2021-06-19 16:46:24.755274,0 days 00:00:02.697633,20,0.9379296445782197,10,5,30,2,76,"[3511, 647]",COMPLETE
3825,3825,0.23114689790803694,2.5636825561523438,2021-06-19 16:46:24.758025,2021-06-19 16:46:27.326715,0 days 00:00:02.568690,40,0.775837870117549,10,1,30,26,76,"[3566, 3760]",COMPLETE
3826,3826,0.23264878334028774,2.733583688735962,2021-06-19 16:46:27.329396,2021-06-19 16:46:30.067867,0 days 00:00:02.738471,20,0.7044121314824888,10,1,30,25,76,"[1929, 1656]",COMPLETE
3827,3827,0.2339908310098096,2.6435914039611816,2021-06-19 16:46:30.070627,2021-06-19 16:46:32.719780,0 days 00:00:02.649153,20,0.9112306775279062,10,1,26,25,76,"[411, 1656]",COMPLETE
3828,3828,0.23230019571937277,2.5781075954437256,2021-06-19 16:46:32.722044,2021-06-19 16:46:35.304966,0 days 00:00:02.582922,20,0.603627004462215,10,1,30,26,76,"[2465, 316]",COMPLETE
3829,3829,0.23914982089190787,2.721423864364624,2021-06-19 16:46:35.307268,2021-06-19 16:46:38.034253,0 days 00:00:02.726985,20,0.6762650570610031,10,1,8,24,76,"[3260, 1159]",COMPLETE
3830,3830,0.22950996271780078,2.558680772781372,2021-06-19 16:46:38.036917,2021-06-19 16:46:40.600508,0 days 00:00:02.563591,20,0.7044121314824888,10,1,30,25,76,"[1006, 3256]",COMPLETE
3831,3831,0.2301905011940049,2.722721576690674,2021-06-19 16:46:40.603142,2021-06-19 16:46:43.330903,0 days 00:00:02.727761,20,0.8047024443354969,10,1,30,26,76,"[1974, 2229]",COMPLETE
3832,3832,0.23121237102466274,2.5769290924072266,2021-06-19 16:46:43.333534,2021-06-19 16:46:45.915427,0 days 00:00:02.581893,20,0.7492482924832433,10,4,23,26,76,"[2078, 1974]",COMPLETE
3833,3833,inf,inf,2021-06-19 16:46:45.918124,2021-06-19 16:46:46.364914,0 days 00:00:00.446790,10,0.603627004462215,10,1,8,25,76,"[1929, 316]",COMPLETE
3834,3834,0.23062114878903567,2.6078617572784424,2021-06-19 16:46:46.369239,2021-06-19 16:46:48.991045,0 days 00:00:02.621806,20,0.7044121314824888,10,9,24,25,76,"[908, 2762]",COMPLETE
3835,3835,0.2366133838515404,2.7258660793304443,2021-06-19 16:46:48.993657,2021-06-19 16:46:51.724664,0 days 00:00:02.731007,10,0.7044121314824888,10,9,9,22,76,"[2960, 745]",COMPLETE
3836,3836,inf,inf,2021-06-19 16:46:51.727242,2021-06-19 16:46:52.023582,0 days 00:00:00.296340,20,0.49328780321456045,10,1,15,8,76,"[3105, 1745]",COMPLETE
3837,3837,0.27394350287610875,3.304386615753174,2021-06-19 16:46:52.029146,2021-06-19 16:46:55.347047,0 days 00:00:03.317901,100,0.7044121314824888,5,9,29,26,76,"[1599, 1218]",COMPLETE
3838,3838,inf,inf,2021-06-19 16:46:55.349771,2021-06-19 16:46:55.502339,0 days 00:00:00.152568,20,0.392581769200074,10,1,30,24,76,"[1006, 1159]",COMPLETE
3839,3839,0.234561246263586,2.753004550933838,2021-06-19 16:46:55.507121,2021-06-19 16:46:58.279977,0 days 00:00:02.772856,20,0.7044121314824888,10,1,30,25,76,"[3100, 3100]",COMPLETE
3840,3840,0.23767093798891473,2.589562177658081,2021-06-19 16:46:58.282646,2021-06-19 16:47:00.877147,0 days 00:00:02.594501,70,0.7044121314824888,10,1,11,25,76,"[3511, 3511]",COMPLETE
3841,3841,0.22933827158677197,2.8073673248291016,2021-06-19 16:47:00.879747,2021-06-19 16:47:03.692238,0 days 00:00:02.812491,10,0.775837870117549,10,8,30,25,76,"[3760, 3511]",COMPLETE
3842,3842,0.3108206341797239,5.723171234130859,2021-06-19 16:47:03.694886,2021-06-19 16:47:09.423306,0 days 00:00:05.728420,100,0.7044121314824888,1,1,30,25,76,"[2063, 3511]",COMPLETE
3843,3843,0.23315380986156664,2.672398567199707,2021-06-19 16:47:09.426069,2021-06-19 16:47:12.103473,0 days 00:00:02.677404,70,0.7044121314824888,10,9,30,26,76,"[2963, 2963]",COMPLETE
3844,3844,0.23249659575572793,2.7348573207855225,2021-06-19 16:47:12.105749,2021-06-19 16:47:14.845631,0 days 00:00:02.739882,10,0.6779873119823061,10,7,23,25,76,"[2078, 3511]",COMPLETE
3845,3845,0.2310197589432497,2.6175193786621094,2021-06-19 16:47:14.848250,2021-06-19 16:47:17.470961,0 days 00:00:02.622711,20,0.7044121314824888,10,14,30,26,76,"[3566, 2465]",COMPLETE
3846,3846,0.3388884261376551,2.741927146911621,2021-06-19 16:47:17.473688,2021-06-19 16:47:20.220654,0 days 00:00:02.746966,10,0.7044121314824888,10,1,22,1,76,"[3105, 849]",COMPLETE
3847,3847,0.23236936440000486,2.608123302459717,2021-06-19 16:47:20.223167,2021-06-19 16:47:22.836292,0 days 00:00:02.613125,80,0.7044121314824888,10,1,30,26,76,"[2963, 1656]",COMPLETE
3848,3848,0.2293059956902986,2.572852611541748,2021-06-19 16:47:22.838988,2021-06-19 16:47:25.416765,0 days 00:00:02.577777,20,0.775837870117549,10,1,30,26,76,"[3483, 3566]",COMPLETE
3849,3849,0.23173790970891697,2.693505048751831,2021-06-19 16:47:25.419467,2021-06-19 16:47:28.118029,0 days 00:00:02.698562,10,0.7492482924832433,10,1,30,26,76,"[2078, 3664]",COMPLETE
