,number,values_0,values_1,datetime_start,datetime_complete,duration,params_checks,params_n_ratio,params_nskip,params_trees,params_w1,params_w2,system_attrs_nsga2:generation,system_attrs_nsga2:parents,state
5512,5512,0.2413609786214356,2.7497334480285645,2021-06-19 18:22:49.331230,2021-06-19 18:22:52.088003,0 days 00:00:02.756773,20,0.775837870117549,8,1,30,25,110,"[5145, 3260]",COMPLETE
5513,5513,0.2315940674822201,2.741196632385254,2021-06-19 18:22:52.091388,2021-06-19 18:22:54.839323,0 days 00:00:02.747935,20,0.7044121314824888,10,1,30,25,110,"[3260, 5336]",COMPLETE
5514,5514,0.23306905949088283,2.780282497406006,2021-06-19 18:22:54.843374,2021-06-19 18:22:57.630572,0 days 00:00:02.787198,50,0.9576824958741539,10,9,26,25,110,"[4781, 3256]",COMPLETE
5515,5515,0.23290844825984064,2.5793912410736084,2021-06-19 18:22:57.633919,2021-06-19 18:23:00.220234,0 days 00:00:02.586315,20,0.7044121314824888,10,1,21,26,110,"[2078, 2209]",COMPLETE
5516,5516,0.2452475724090928,2.8595352172851562,2021-06-19 18:23:00.223868,2021-06-19 18:23:03.091190,0 days 00:00:02.867322,20,0.7044121314824888,10,1,30,22,110,"[2465, 5145]",COMPLETE
5517,5517,0.2751403716369742,2.612774133682251,2021-06-19 18:23:03.094602,2021-06-19 18:23:05.714454,0 days 00:00:02.619852,20,0.7044121314824888,10,9,30,12,110,"[1218, 3260]",COMPLETE
5518,5518,0.23514915863486952,2.7198221683502197,2021-06-19 18:23:05.717659,2021-06-19 18:23:08.444036,0 days 00:00:02.726377,20,0.7492482924832433,10,1,23,26,110,"[2078, 2078]",COMPLETE
5519,5519,0.24839695557612554,3.013812303543091,2021-06-19 18:23:08.447204,2021-06-19 18:23:11.467905,0 days 00:00:03.020701,40,0.9953343075083549,10,9,30,25,110,"[3483, 3760]",COMPLETE
5520,5520,0.23038925525265305,2.676504135131836,2021-06-19 18:23:11.471138,2021-06-19 18:23:14.154797,0 days 00:00:02.683659,50,0.7044121314824888,10,9,24,25,110,"[3483, 5448]",COMPLETE
5521,5521,0.233209258153491,2.744081497192383,2021-06-19 18:23:14.158237,2021-06-19 18:23:16.909972,0 days 00:00:02.751735,20,0.7044121314824888,10,7,30,28,110,"[647, 4523]",COMPLETE
5522,5522,0.25694282264059853,2.6655588150024414,2021-06-19 18:23:16.913198,2021-06-19 18:23:19.585843,0 days 00:00:02.672645,20,0.7492482924832433,10,11,30,17,110,"[3260, 880]",COMPLETE
5523,5523,0.22854678536373313,2.735257863998413,2021-06-19 18:23:19.589195,2021-06-19 18:23:22.331310,0 days 00:00:02.742115,20,0.7100511651342796,10,1,24,25,110,"[3082, 2762]",COMPLETE
5524,5524,0.2319713232324833,2.5608861446380615,2021-06-19 18:23:22.334133,2021-06-19 18:23:24.901541,0 days 00:00:02.567408,10,0.7492482924832433,10,1,30,25,110,"[1028, 1028]",COMPLETE
5525,5525,0.22856311175823876,2.5487220287323,2021-06-19 18:23:24.904521,2021-06-19 18:23:27.459985,0 days 00:00:02.555464,20,0.775837870117549,10,1,30,25,110,"[2078, 5145]",COMPLETE
5526,5526,0.23115304598482161,2.7886745929718018,2021-06-19 18:23:27.463323,2021-06-19 18:23:30.258688,0 days 00:00:02.795365,20,0.7100511651342796,10,15,30,25,110,"[3195, 2762]",COMPLETE
5527,5527,0.23027122575993378,2.6831326484680176,2021-06-19 18:23:30.261917,2021-06-19 18:23:32.951775,0 days 00:00:02.689858,20,0.7492482924832433,10,1,30,25,110,"[1389, 1006]",COMPLETE
5528,5528,0.23939358812300307,2.707054376602173,2021-06-19 18:23:32.954985,2021-06-19 18:23:35.669220,0 days 00:00:02.714235,40,0.775837870117549,10,1,9,25,110,"[1974, 4419]",COMPLETE
5529,5529,0.2305933251952313,2.839643955230713,2021-06-19 18:23:35.672629,2021-06-19 18:23:38.519388,0 days 00:00:02.846759,20,0.7492482924832433,10,14,30,26,110,"[900, 2465]",COMPLETE
5530,5530,0.23278573625058507,2.5898468494415283,2021-06-19 18:23:38.522799,2021-06-19 18:23:41.119528,0 days 00:00:02.596729,40,0.775837870117549,10,1,21,25,110,"[4419, 4419]",COMPLETE
5531,5531,0.2299271245951219,2.6418559551239014,2021-06-19 18:23:41.122682,2021-06-19 18:23:43.771395,0 days 00:00:02.648713,20,0.775837870117549,10,15,30,26,110,"[2078, 3566]",COMPLETE
5532,5532,inf,inf,2021-06-19 18:23:43.774827,2021-06-19 18:23:44.114582,0 days 00:00:00.339755,20,0.5613133252540894,10,9,29,25,110,"[3100, 908]",COMPLETE
5533,5533,0.30379488685086925,2.894026756286621,2021-06-19 18:23:44.129888,2021-06-19 18:23:47.040948,0 days 00:00:02.911060,10,0.7492482924832433,8,1,30,3,110,"[1389, 1159]",COMPLETE
5534,5534,0.29231928855439604,3.691351890563965,2021-06-19 18:23:47.044233,2021-06-19 18:23:50.742326,0 days 00:00:03.698093,20,0.8047024443354969,3,1,30,25,110,"[2229, 2229]",COMPLETE
5535,5535,0.23123913270133778,2.778508424758911,2021-06-19 18:23:50.745683,2021-06-19 18:23:53.531146,0 days 00:00:02.785463,20,0.775837870117549,10,1,30,26,110,"[1974, 4879]",COMPLETE
5536,5536,0.25256309202200733,2.824317216873169,2021-06-19 18:23:53.534457,2021-06-19 18:23:56.365699,0 days 00:00:02.831242,20,0.7044121314824888,7,1,30,25,110,"[4781, 4781]",COMPLETE
5537,5537,0.23246130892761183,2.584625005722046,2021-06-19 18:23:56.369050,2021-06-19 18:23:58.960597,0 days 00:00:02.591547,60,0.7044121314824888,10,1,30,25,110,"[3100, 5381]",COMPLETE
5538,5538,0.22983428802154104,2.766051769256592,2021-06-19 18:23:58.964002,2021-06-19 18:24:01.736792,0 days 00:00:02.772790,20,0.8047024443354969,10,1,24,25,110,"[2063, 2991]",COMPLETE
5539,5539,0.23468893840222876,2.6686978340148926,2021-06-19 18:24:01.740117,2021-06-19 18:24:04.415614,0 days 00:00:02.675497,20,0.7044121314824888,10,9,30,25,110,"[1244, 4523]",COMPLETE
5540,5540,0.24266844070386687,2.558519124984741,2021-06-19 18:24:04.418844,2021-06-19 18:24:06.984390,0 days 00:00:02.565546,20,0.7044121314824888,10,1,2,26,110,"[2078, 1205]",COMPLETE
5541,5541,inf,inf,2021-06-19 18:24:06.987831,2021-06-19 18:24:07.301495,0 days 00:00:00.313664,10,0.5226433704879703,10,14,30,25,110,"[1389, 4879]",COMPLETE
5542,5542,0.23321312840798866,2.9491212368011475,2021-06-19 18:24:07.306263,2021-06-19 18:24:10.297836,0 days 00:00:02.991573,20,0.775837870117549,8,1,16,30,110,"[3566, 900]",COMPLETE
5543,5543,0.2655441812861458,3.110111713409424,2021-06-19 18:24:10.300974,2021-06-19 18:24:13.418226,0 days 00:00:03.117252,90,0.7100511651342796,6,11,24,25,110,"[1218, 2762]",COMPLETE
5544,5544,0.2871988828513039,2.5847220420837402,2021-06-19 18:24:13.421502,2021-06-19 18:24:16.013099,0 days 00:00:02.591597,20,0.8047024443354969,10,1,24,4,110,"[4419, 2063]",COMPLETE
5545,5545,0.2571523763692584,3.1792500019073486,2021-06-19 18:24:16.016483,2021-06-19 18:24:19.202611,0 days 00:00:03.186128,20,0.7044121314824888,6,1,30,28,110,"[3195, 4523]",COMPLETE
5546,5546,0.2286740383481069,2.6017041206359863,2021-06-19 18:24:19.205930,2021-06-19 18:24:21.814560,0 days 00:00:02.608630,30,0.775837870117549,10,1,30,26,110,"[4879, 2963]",COMPLETE
5547,5547,0.24468857523253162,2.7117176055908203,2021-06-19 18:24:21.817977,2021-06-19 18:24:24.536894,0 days 00:00:02.718917,20,0.7044121314824888,10,1,0,24,110,"[3260, 1159]",COMPLETE
5548,5548,0.2320960489028908,2.5967183113098145,2021-06-19 18:24:24.540185,2021-06-19 18:24:27.143829,0 days 00:00:02.603644,20,0.7492482924832433,10,1,30,25,110,"[4331, 1028]",COMPLETE
5549,5549,0.23461914162005804,2.6067214012145996,2021-06-19 18:24:27.147175,2021-06-19 18:24:29.760972,0 days 00:00:02.613797,80,0.7044121314824888,10,1,30,25,110,"[3260, 1159]",COMPLETE
5550,5550,0.2283983489046789,2.8516716957092285,2021-06-19 18:24:29.764306,2021-06-19 18:24:32.670535,0 days 00:00:02.906229,80,0.775837870117549,10,1,30,25,111,"[2991, 5525]",COMPLETE
5551,5551,0.23309693745556317,2.6287388801574707,2021-06-19 18:24:32.673444,2021-06-19 18:24:35.309050,0 days 00:00:02.635606,20,0.7044121314824888,10,1,30,25,111,"[1974, 1929]",COMPLETE
5552,5552,0.25501677565752917,2.634056568145752,2021-06-19 18:24:35.312154,2021-06-19 18:24:37.953765,0 days 00:00:02.641611,20,0.7044121314824888,10,1,2,19,111,"[1205, 4236]",COMPLETE
5553,5553,inf,inf,2021-06-19 18:24:37.957125,2021-06-19 18:24:38.168415,0 days 00:00:00.211290,20,0.38921420052085726,6,13,24,26,111,"[900, 2963]",COMPLETE
5554,5554,inf,inf,2021-06-19 18:24:38.186738,2021-06-19 18:24:38.337498,0 days 00:00:00.150760,40,0.3171679882842676,10,1,24,26,111,"[5379, 4419]",COMPLETE
5555,5555,0.23252141630561624,2.740893602371216,2021-06-19 18:24:38.342527,2021-06-19 18:24:41.107748,0 days 00:00:02.765221,20,0.7044121314824888,10,1,28,25,111,"[2659, 2063]",COMPLETE
5556,5556,0.230954502387555,2.5814030170440674,2021-06-19 18:24:41.111047,2021-06-19 18:24:43.699129,0 days 00:00:02.588082,20,0.7492482924832433,10,1,30,25,111,"[1159, 1389]",COMPLETE
5557,5557,0.23366755730537647,2.7575597763061523,2021-06-19 18:24:43.702568,2021-06-19 18:24:46.466919,0 days 00:00:02.764351,20,0.7044121314824888,10,1,26,26,111,"[3082, 3256]",COMPLETE
5558,5558,0.23044006570593692,2.5771875381469727,2021-06-19 18:24:46.470222,2021-06-19 18:24:49.054309,0 days 00:00:02.584087,20,0.775837870117549,10,1,30,24,111,"[5525, 1159]",COMPLETE
5559,5559,0.279851562447689,2.5852138996124268,2021-06-19 18:24:49.057828,2021-06-19 18:24:51.650719,0 days 00:00:02.592891,20,0.8047024443354969,10,1,30,5,111,"[4943, 2229]",COMPLETE
5560,5560,0.3190736964675366,2.717891216278076,2021-06-19 18:24:51.653976,2021-06-19 18:24:54.378924,0 days 00:00:02.724948,20,0.6955229499892288,10,1,9,4,111,"[1244, 745]",COMPLETE
5561,5561,0.22909091467148984,2.607447862625122,2021-06-19 18:24:54.381796,2021-06-19 18:24:56.995859,0 days 00:00:02.614063,20,0.7044121314824888,10,9,26,26,111,"[411, 411]",COMPLETE
5562,5562,0.2867777490792619,2.6163713932037354,2021-06-19 18:24:56.999039,2021-06-19 18:24:59.622334,0 days 00:00:02.623295,10,0.7044121314824888,10,9,30,10,111,"[1389, 1218]",COMPLETE
5563,5563,0.26305366849373313,3.1691415309906006,2021-06-19 18:24:59.625815,2021-06-19 18:25:02.802673,0 days 00:00:03.176858,10,0.7492482924832433,6,1,30,24,111,"[1159, 1028]",COMPLETE
5564,5564,0.2405351051554543,2.5899157524108887,2021-06-19 18:25:02.806111,2021-06-19 18:25:05.403113,0 days 00:00:02.597002,10,0.5828052943225016,10,1,9,22,111,"[4331, 745]",COMPLETE
5565,5565,0.22797966881233975,2.6082139015197754,2021-06-19 18:25:05.406189,2021-06-19 18:25:08.021104,0 days 00:00:02.614915,20,0.775837870117549,10,9,30,25,111,"[4419, 2960]",COMPLETE
5566,5566,0.2845692356214316,3.73774790763855,2021-06-19 18:25:08.024477,2021-06-19 18:25:11.769232,0 days 00:00:03.744755,50,0.7044121314824888,4,16,18,25,111,"[5448, 1244]",COMPLETE
5567,5567,0.23013861314388234,2.584794282913208,2021-06-19 18:25:11.772540,2021-06-19 18:25:14.364233,0 days 00:00:02.591693,20,0.775837870117549,10,1,30,26,111,"[3260, 4331]",COMPLETE
5568,5568,0.30992180493922505,5.617638826370239,2021-06-19 18:25:14.367237,2021-06-19 18:25:19.991852,0 days 00:00:05.624615,10,0.7044121314824888,1,1,26,26,111,"[5379, 411]",COMPLETE
5569,5569,0.23315154493127951,2.606461524963379,2021-06-19 18:25:19.994729,2021-06-19 18:25:22.607910,0 days 00:00:02.613181,20,0.7492482924832433,10,1,23,25,111,"[2960, 2078]",COMPLETE
5570,5570,0.24092889596138498,2.592315912246704,2021-06-19 18:25:22.611034,2021-06-19 18:25:25.211023,0 days 00:00:02.599989,20,0.7044121314824888,10,9,6,25,111,"[1244, 411]",COMPLETE
5571,5571,0.23275502649173196,2.783973217010498,2021-06-19 18:25:25.214383,2021-06-19 18:25:28.005242,0 days 00:00:02.790859,50,0.7163480784356986,10,3,30,25,111,"[3195, 3195]",COMPLETE
5572,5572,0.2287005869750911,2.6195192337036133,2021-06-19 18:25:28.008554,2021-06-19 18:25:30.634948,0 days 00:00:02.626394,20,0.7044121314824888,10,11,30,25,111,"[3260, 5525]",COMPLETE
5573,5573,0.2321916251431674,2.7060718536376953,2021-06-19 18:25:30.638361,2021-06-19 18:25:33.351266,0 days 00:00:02.712905,10,0.7492482924832433,10,9,30,25,111,"[3256, 1028]",COMPLETE
5574,5574,0.2267313508242333,2.780513286590576,2021-06-19 18:25:33.354680,2021-06-19 18:25:36.142194,0 days 00:00:02.787514,30,0.7044121314824888,10,16,30,26,111,"[5381, 5381]",COMPLETE
5575,5575,0.23043736840220422,2.6255252361297607,2021-06-19 18:25:36.145445,2021-06-19 18:25:38.777971,0 days 00:00:02.632526,20,0.7044121314824888,10,9,29,25,111,"[2762, 3100]",COMPLETE
5576,5576,0.27079943480221697,2.577364683151245,2021-06-19 18:25:38.780942,2021-06-19 18:25:41.364944,0 days 00:00:02.584002,20,0.7044121314824888,10,9,26,14,111,"[3256, 3256]",COMPLETE
5577,5577,inf,inf,2021-06-19 18:25:41.367945,2021-06-19 18:25:41.576567,0 days 00:00:00.208622,50,0.4834295005771424,10,1,30,25,111,"[5495, 5336]",COMPLETE
5578,5578,0.23410728487644641,2.810911178588867,2021-06-19 18:25:41.582212,2021-06-19 18:25:44.416498,0 days 00:00:02.834286,20,0.7044121314824888,10,15,30,24,111,"[5495, 5495]",COMPLETE
5579,5579,0.23243416100100858,2.6267623901367188,2021-06-19 18:25:44.419446,2021-06-19 18:25:47.052992,0 days 00:00:02.633546,20,0.775837870117549,10,9,26,26,111,"[5525, 3256]",COMPLETE
5580,5580,0.231000062429938,2.5896871089935303,2021-06-19 18:25:47.056094,2021-06-19 18:25:49.652550,0 days 00:00:02.596456,40,0.7492482924832433,10,1,30,25,111,"[3760, 1735]",COMPLETE
5581,5581,0.23866902607353052,2.7560441493988037,2021-06-19 18:25:49.655463,2021-06-19 18:25:52.418397,0 days 00:00:02.762934,40,0.8047024443354969,10,1,7,25,111,"[5336, 3760]",COMPLETE
5582,5582,0.23243436137501167,2.6103110313415527,2021-06-19 18:25:52.421383,2021-06-19 18:25:55.038639,0 days 00:00:02.617256,20,0.8047024443354969,10,9,22,25,111,"[4943, 2960]",COMPLETE
5583,5583,inf,inf,2021-06-19 18:25:55.041626,2021-06-19 18:25:55.269448,0 days 00:00:00.227822,20,0.3259051443485999,10,9,30,26,111,"[1974, 1218]",COMPLETE
5584,5584,0.25129100248085834,2.7288339138031006,2021-06-19 18:25:55.275854,2021-06-19 18:25:58.013497,0 days 00:00:02.737643,20,0.775837870117549,10,1,30,17,111,"[1974, 5145]",COMPLETE
5585,5585,0.2349999896588212,2.575979709625244,2021-06-19 18:25:58.016855,2021-06-19 18:26:00.599629,0 days 00:00:02.582774,20,0.775837870117549,10,1,30,21,111,"[4331, 4331]",COMPLETE
5586,5586,0.23565120417866647,2.7355997562408447,2021-06-19 18:26:00.602998,2021-06-19 18:26:03.345554,0 days 00:00:02.742556,20,0.7044121314824888,10,9,14,25,111,"[2960, 1028]",COMPLETE
5587,5587,0.30916359430175777,5.870000839233398,2021-06-19 18:26:03.348957,2021-06-19 18:26:09.226078,0 days 00:00:05.877121,20,0.775837870117549,1,9,30,26,111,"[4419, 908]",COMPLETE
5588,5588,0.2310953978418035,2.6831462383270264,2021-06-19 18:26:09.229431,2021-06-19 18:26:11.919352,0 days 00:00:02.689921,20,0.775837870117549,10,1,30,25,111,"[5525, 5145]",COMPLETE
5589,5589,0.22892100957394115,2.802511215209961,2021-06-19 18:26:11.922396,2021-06-19 18:26:14.731787,0 days 00:00:02.809391,20,0.7044121314824888,10,9,30,25,111,"[1244, 411]",COMPLETE
5590,5590,0.2866564967220555,2.598344326019287,2021-06-19 18:26:14.734844,2021-06-19 18:26:17.340937,0 days 00:00:02.606093,20,0.8047024443354969,10,1,11,11,111,"[2229, 900]",COMPLETE
5591,5591,0.22996869661962346,2.6541829109191895,2021-06-19 18:26:17.344371,2021-06-19 18:26:20.005342,0 days 00:00:02.660971,20,0.7044121314824888,10,15,24,25,111,"[2762, 2209]",COMPLETE
5592,5592,inf,inf,2021-06-19 18:26:20.008729,2021-06-19 18:26:20.232225,0 days 00:00:00.223496,20,0.45605577338415326,10,1,30,25,111,"[5525, 1028]",COMPLETE
5593,5593,0.2285280223545885,2.8811187744140625,2021-06-19 18:26:20.239689,2021-06-19 18:26:23.154927,0 days 00:00:02.915238,20,0.8047024443354969,10,15,30,25,111,"[2063, 5495]",COMPLETE
5594,5594,0.22843477367082582,2.5835394859313965,2021-06-19 18:26:23.158330,2021-06-19 18:26:25.748560,0 days 00:00:02.590230,20,0.7044121314824888,10,9,26,26,111,"[3256, 3256]",COMPLETE
5595,5595,inf,inf,2021-06-19 18:26:25.751987,2021-06-19 18:26:25.958089,0 days 00:00:00.206102,20,0.40325072576491694,10,1,30,25,111,"[3082, 4419]",COMPLETE
5596,5596,0.23311932595108284,2.7326297760009766,2021-06-19 18:26:25.966914,2021-06-19 18:26:28.716006,0 days 00:00:02.749092,20,0.7044121314824888,10,1,30,26,111,"[3566, 4236]",COMPLETE
5597,5597,0.23731638945863473,2.5674099922180176,2021-06-19 18:26:28.719355,2021-06-19 18:26:31.293566,0 days 00:00:02.574211,10,0.7492482924832433,10,1,22,25,111,"[849, 1389]",COMPLETE
5598,5598,inf,inf,2021-06-19 18:26:31.296939,2021-06-19 18:26:31.597078,0 days 00:00:00.300139,20,0.5176435707240469,10,1,19,25,111,"[5145, 3100]",COMPLETE
5599,5599,inf,inf,2021-06-19 18:26:31.604759,2021-06-19 18:26:31.930014,0 days 00:00:00.325255,20,0.4640865660704183,10,1,10,26,111,"[3082, 3566]",COMPLETE
5600,5600,0.23269699398800317,2.6170570850372314,2021-06-19 18:26:31.939260,2021-06-19 18:27:44.912203,0 days 00:01:12.972943,20,0.7044121314824888,10,1,24,26,112,"[2063, 5379]",COMPLETE
5601,5601,0.23161811696035609,2.756190538406372,2021-06-19 18:27:44.918192,2021-06-19 18:27:47.682970,0 days 00:00:02.764778,20,0.7044121314824888,10,1,30,26,112,"[3566, 3195]",COMPLETE
5602,5602,0.23540631419475647,2.5874953269958496,2021-06-19 18:27:47.686422,2021-06-19 18:27:50.280849,0 days 00:00:02.594427,20,0.748354703616749,10,1,30,26,112,"[2465, 1159]",COMPLETE
5603,5603,0.23012189541066116,2.7543680667877197,2021-06-19 18:27:50.284246,2021-06-19 18:27:53.045578,0 days 00:00:02.761332,20,0.7492482924832433,10,1,23,25,112,"[2078, 3082]",COMPLETE
5604,5604,0.23265910525846806,2.5984084606170654,2021-06-19 18:27:53.048942,2021-06-19 18:27:55.654227,0 days 00:00:02.605285,20,0.7044121314824888,10,1,30,26,112,"[2465, 4331]",COMPLETE
5605,5605,0.2363380738398177,2.5795459747314453,2021-06-19 18:27:55.657618,2021-06-19 18:27:58.244276,0 days 00:00:02.586658,90,0.7044121314824888,10,1,22,23,112,"[1006, 849]",COMPLETE
5606,5606,0.22928709042313303,2.712998628616333,2021-06-19 18:27:58.247600,2021-06-19 18:28:00.967304,0 days 00:00:02.719704,20,0.7044121314824888,10,1,30,24,112,"[1159, 1159]",COMPLETE
5607,5607,0.23239659820364697,2.64257550239563,2021-06-19 18:28:00.970680,2021-06-19 18:28:03.620338,0 days 00:00:02.649658,60,0.7044121314824888,10,1,24,26,112,"[900, 3256]",COMPLETE
5608,5608,0.22869972131629832,2.637380838394165,2021-06-19 18:28:03.623883,2021-06-19 18:28:06.268814,0 days 00:00:02.644931,20,0.7044121314824888,10,9,30,25,112,"[2960, 1244]",COMPLETE
5609,5609,0.23777639694123903,2.723595380783081,2021-06-19 18:28:06.272121,2021-06-19 18:28:09.002836,0 days 00:00:02.730715,20,0.775837870117549,10,1,9,25,112,"[1006, 3082]",COMPLETE
5610,5610,0.3123595463004506,12.313685894012451,2021-06-19 18:28:09.006204,2021-06-19 18:28:21.326860,0 days 00:00:12.320656,20,0.9596404460877328,0,14,26,26,112,"[3256, 3256]",COMPLETE
5611,5611,0.23373475062541293,2.524355888366699,2021-06-19 18:28:21.330207,2021-06-19 18:28:23.861471,0 days 00:00:02.531264,10,0.7492482924832433,10,1,30,25,112,"[1028, 3100]",COMPLETE
5612,5612,0.2349011101537008,2.5256662368774414,2021-06-19 18:28:23.864841,2021-06-19 18:28:26.397388,0 days 00:00:02.532547,20,0.603627004462215,10,1,30,25,112,"[2229, 316]",COMPLETE
5613,5613,0.2265273951985668,2.7659077644348145,2021-06-19 18:28:26.400903,2021-06-19 18:28:29.173728,0 days 00:00:02.772825,20,0.775837870117549,10,1,30,26,112,"[2963, 4331]",COMPLETE
5614,5614,0.23037534965967665,2.561298131942749,2021-06-19 18:28:29.177115,2021-06-19 18:28:31.745696,0 days 00:00:02.568581,20,0.775837870117549,10,1,24,26,112,"[4419, 908]",COMPLETE
5615,5615,0.23548833978987457,2.561605215072632,2021-06-19 18:28:31.749244,2021-06-19 18:28:34.318381,0 days 00:00:02.569137,20,0.7044121314824888,10,1,30,23,112,"[849, 3195]",COMPLETE
5616,5616,0.23272106155726185,2.7701361179351807,2021-06-19 18:28:34.321704,2021-06-19 18:28:37.098764,0 days 00:00:02.777060,20,0.8047024443354969,10,11,30,25,112,"[4879, 5336]",COMPLETE
5617,5617,0.23474076427803725,2.63838529586792,2021-06-19 18:28:37.102163,2021-06-19 18:28:39.747730,0 days 00:00:02.645567,20,0.7492482924832433,9,2,30,26,112,"[1735, 2963]",COMPLETE
5618,5618,0.2398103269368686,2.900677442550659,2021-06-19 18:28:39.750693,2021-06-19 18:28:42.658395,0 days 00:00:02.907702,10,0.7044121314824888,8,1,30,25,112,"[2659, 1006]",COMPLETE
5619,5619,0.2881711634377038,2.746248960494995,2021-06-19 18:28:42.661278,2021-06-19 18:28:45.414610,0 days 00:00:02.753332,70,0.9522450520349048,10,1,30,6,112,"[4879, 2963]",COMPLETE
5620,5620,inf,inf,2021-06-19 18:28:45.417847,2021-06-19 18:28:45.656240,0 days 00:00:00.238393,20,0.4740749731463113,10,9,29,25,112,"[3483, 2659]",COMPLETE
5621,5621,0.24318046004112673,2.660198926925659,2021-06-19 18:28:45.661889,2021-06-19 18:28:48.344678,0 days 00:00:02.682789,20,0.7044121314824888,10,15,2,25,112,"[1205, 2762]",COMPLETE
5622,5622,0.23568918495641894,2.7675251960754395,2021-06-19 18:28:48.347961,2021-06-19 18:28:51.122687,0 days 00:00:02.774726,10,0.5918126485849711,10,1,30,25,112,"[4523, 316]",COMPLETE
5623,5623,0.24116794094961203,2.6434576511383057,2021-06-19 18:28:51.126016,2021-06-19 18:28:53.776672,0 days 00:00:02.650656,10,0.8119564502567207,10,9,9,22,112,"[1244, 745]",COMPLETE
5624,5624,0.27236321743235337,2.5746214389801025,2021-06-19 18:28:53.780230,2021-06-19 18:28:56.362556,0 days 00:00:02.582326,20,0.7044121314824888,10,1,23,14,112,"[1205, 908]",COMPLETE
5625,5625,inf,inf,2021-06-19 18:28:56.365819,2021-06-19 18:28:56.723064,0 days 00:00:00.357245,20,0.5322310102968726,10,12,30,26,112,"[908, 4236]",COMPLETE
5626,5626,0.24018428014394433,3.2263078689575195,2021-06-19 18:28:56.728239,2021-06-19 18:28:59.983423,0 days 00:00:03.255184,20,0.9890218987547326,10,1,30,25,112,"[5145, 1006]",COMPLETE
5627,5627,0.2309515315581202,2.6640632152557373,2021-06-19 18:28:59.986734,2021-06-19 18:29:02.658416,0 days 00:00:02.671682,20,0.775837870117549,10,1,24,26,112,"[3082, 900]",COMPLETE
5628,5628,0.23510515620889044,2.570775270462036,2021-06-19 18:29:02.661828,2021-06-19 18:29:05.239589,0 days 00:00:02.577761,20,0.7044121314824888,10,1,30,22,112,"[3100, 3256]",COMPLETE
5629,5629,0.23404802137549863,2.7037112712860107,2021-06-19 18:29:05.243049,2021-06-19 18:29:07.953861,0 days 00:00:02.710812,10,0.603627004462215,10,1,14,25,112,"[316, 5495]",COMPLETE
5630,5630,0.24400015688887441,2.8180463314056396,2021-06-19 18:29:07.957294,2021-06-19 18:29:10.782603,0 days 00:00:02.825309,20,0.7880665856911672,8,12,30,25,112,"[5565, 2078]",COMPLETE
