,number,values_0,values_1,datetime_start,datetime_complete,duration,params_checks,params_n_ratio,params_nskip,params_trees,params_w1,params_w2,system_attrs_nsga2:generation,system_attrs_nsga2:parents,state
8117,8117,0.2296750150171244,2.6800408363342285,2021-06-19 20:51:34.144389,2021-06-19 20:51:36.833965,0 days 00:00:02.689576,20,0.7383710048034382,10,15,30,25,162,"[5495, 5495]",COMPLETE
8118,8118,0.2312645620364952,2.5461361408233643,2021-06-19 20:51:36.838510,2021-06-19 20:51:39.394531,0 days 00:00:02.556021,20,0.7044121314824888,10,1,30,26,162,"[5379, 6835]",COMPLETE
8119,8119,0.3038690376140079,5.755951166152954,2021-06-19 20:51:39.398994,2021-06-19 20:51:45.165220,0 days 00:00:05.766226,20,0.7044121314824888,1,2,23,25,162,"[6684, 2209]",COMPLETE
8120,8120,0.22828425299167057,2.5574331283569336,2021-06-19 20:51:45.169566,2021-06-19 20:51:47.736671,0 days 00:00:02.567105,20,0.775837870117549,10,1,30,25,162,"[3082, 3082]",COMPLETE
8121,8121,0.23204429890876843,2.6112265586853027,2021-06-19 20:51:47.741117,2021-06-19 20:51:50.362146,0 days 00:00:02.621029,20,0.7492482924832433,10,1,30,25,162,"[6763, 2063]",COMPLETE
8122,8122,0.2293895640402797,2.583500385284424,2021-06-19 20:51:50.366592,2021-06-19 20:51:52.959751,0 days 00:00:02.593159,20,0.775837870117549,10,1,30,25,162,"[3100, 6968]",COMPLETE
8123,8123,0.23899021356233194,2.828770637512207,2021-06-19 20:51:52.963855,2021-06-19 20:51:55.802361,0 days 00:00:02.838506,60,0.6415492259649922,10,1,30,23,162,"[7631, 849]",COMPLETE
8124,8124,0.23032789728833308,2.64418888092041,2021-06-19 20:51:55.806803,2021-06-19 20:51:58.461125,0 days 00:00:02.654322,50,0.8333086067040509,10,7,30,25,162,"[8074, 880]",COMPLETE
8125,8125,0.23375021873938656,2.8051328659057617,2021-06-19 20:51:58.465582,2021-06-19 20:52:01.280214,0 days 00:00:02.814632,20,0.7492482924832433,10,1,23,26,162,"[2078, 2078]",COMPLETE
8126,8126,0.22994481419127305,2.636054515838623,2021-06-19 20:52:01.284674,2021-06-19 20:52:03.930546,0 days 00:00:02.645872,20,0.7044121314824888,10,12,25,24,162,"[1735, 1159]",COMPLETE
8127,8127,0.23414754086695758,2.613938093185425,2021-06-19 20:52:03.935132,2021-06-19 20:52:06.558934,0 days 00:00:02.623802,20,0.775837870117549,10,1,24,25,162,"[3082, 2209]",COMPLETE
8128,8128,0.2332497566068223,2.7518818378448486,2021-06-19 20:52:06.563498,2021-06-19 20:52:09.325087,0 days 00:00:02.761589,10,0.7492482924832433,10,1,30,25,162,"[1389, 1389]",COMPLETE
8129,8129,0.23035821959531474,2.592763900756836,2021-06-19 20:52:09.329600,2021-06-19 20:52:11.932211,0 days 00:00:02.602611,20,0.7044121314824888,10,1,26,24,162,"[7735, 411]",COMPLETE
8130,8130,0.31176563718317873,5.625054359436035,2021-06-19 20:52:11.936849,2021-06-19 20:52:17.572931,0 days 00:00:05.636082,20,0.7492482924832433,1,8,30,25,162,"[1735, 6751]",COMPLETE
8131,8131,0.23329783211875518,2.8662710189819336,2021-06-19 20:52:17.577288,2021-06-19 20:52:20.453284,0 days 00:00:02.875996,20,0.775837870117549,9,1,30,26,162,"[2991, 6351]",COMPLETE
8132,8132,0.23037802338063096,2.5690066814422607,2021-06-19 20:52:20.457492,2021-06-19 20:52:23.036194,0 days 00:00:02.578702,20,0.8047024443354969,10,1,30,25,162,"[7871, 1929]",COMPLETE
8133,8133,0.23916144540627388,2.542090892791748,2021-06-19 20:52:23.040489,2021-06-19 20:52:25.592138,0 days 00:00:02.551649,20,0.7044121314824888,10,1,7,25,162,"[4236, 4236]",COMPLETE
8134,8134,0.24190029083413747,3.004328966140747,2021-06-19 20:52:25.596569,2021-06-19 20:52:28.610700,0 days 00:00:03.014131,20,0.7044121314824888,8,12,30,25,162,"[4781, 5495]",COMPLETE
8135,8135,0.23003970341289706,2.5691826343536377,2021-06-19 20:52:28.614908,2021-06-19 20:52:31.193591,0 days 00:00:02.578683,20,0.7044121314824888,10,1,30,25,162,"[4236, 900]",COMPLETE
8136,8136,0.23294379830491777,2.6113176345825195,2021-06-19 20:52:31.198034,2021-06-19 20:52:33.818924,0 days 00:00:02.620890,20,0.7492482924832433,10,1,24,26,162,"[2063, 900]",COMPLETE
8137,8137,0.31564467823894765,9.655154466629028,2021-06-19 20:52:33.823168,2021-06-19 20:52:43.488543,0 days 00:00:09.665375,20,0.7044121314824888,0,9,10,26,162,"[411, 3100]",COMPLETE
8138,8138,0.23255807305842838,2.5706217288970947,2021-06-19 20:52:43.492991,2021-06-19 20:52:46.073351,0 days 00:00:02.580360,20,0.7044121314824888,10,1,30,25,162,"[4419, 1244]",COMPLETE
8139,8139,inf,inf,2021-06-19 20:52:46.077685,2021-06-19 20:52:46.605317,0 days 00:00:00.527632,30,0.5307204183720285,4,1,30,25,162,"[6968, 7519]",COMPLETE
8140,8140,0.22654176444204072,2.6321053504943848,2021-06-19 20:52:46.627515,2021-06-19 20:52:49.285031,0 days 00:00:02.657516,20,0.775837870117549,10,1,30,25,162,"[7855, 6592]",COMPLETE
8141,8141,0.23335673792277753,2.954976797103882,2021-06-19 20:52:49.289495,2021-06-19 20:52:52.254606,0 days 00:00:02.965111,20,0.9388610318152015,10,15,30,26,162,"[7735, 5495]",COMPLETE
8142,8142,0.22929351454788946,2.5923831462860107,2021-06-19 20:52:52.259103,2021-06-19 20:52:54.861376,0 days 00:00:02.602273,30,0.7044121314824888,10,9,23,26,162,"[2078, 2963]",COMPLETE
8143,8143,0.2314331373936989,2.604957103729248,2021-06-19 20:52:54.866032,2021-06-19 20:52:57.481776,0 days 00:00:02.615744,70,0.775837870117549,10,1,30,25,162,"[4419, 6968]",COMPLETE
8144,8144,0.26041570756532045,2.7827465534210205,2021-06-19 20:52:57.486224,2021-06-19 20:53:00.278793,0 days 00:00:02.792569,40,0.775837870117549,10,1,30,15,162,"[3082, 3760]",COMPLETE
8145,8145,0.22897362516224762,2.58376145362854,2021-06-19 20:53:00.283293,2021-06-19 20:53:02.876634,0 days 00:00:02.593341,20,0.8047024443354969,10,1,30,25,162,"[6219, 7631]",COMPLETE
8146,8146,0.23992691482133052,2.6027307510375977,2021-06-19 20:53:02.881302,2021-06-19 20:53:05.494831,0 days 00:00:02.613529,20,0.7044121314824888,10,1,7,26,162,"[6684, 7005]",COMPLETE
8147,8147,0.2306640894309311,2.792370319366455,2021-06-19 20:53:05.499334,2021-06-19 20:53:08.302561,0 days 00:00:02.803227,20,0.7044121314824888,10,13,30,25,162,"[6684, 880]",COMPLETE
8148,8148,0.22895841605533226,2.626990795135498,2021-06-19 20:53:08.306886,2021-06-19 20:53:10.943630,0 days 00:00:02.636744,20,0.775837870117549,10,7,30,25,162,"[7770, 7631]",COMPLETE
8149,8149,0.2949557700790605,3.8234574794769287,2021-06-19 20:53:10.948099,2021-06-19 20:53:14.781665,0 days 00:00:03.833566,20,0.603627004462215,3,10,24,26,162,"[2209, 316]",COMPLETE
8150,8150,0.22969209496467669,2.753628969192505,2021-06-19 20:53:14.786008,2021-06-19 20:53:17.598033,0 days 00:00:02.812025,20,0.7492482924832433,10,1,23,26,163,"[2209, 2078]",COMPLETE
8151,8151,0.2378669711190461,2.6093266010284424,2021-06-19 20:53:17.602446,2021-06-19 20:53:20.221386,0 days 00:00:02.618940,20,0.8047024443354969,10,1,30,25,163,"[5654, 5641]",COMPLETE
8152,8152,0.23220531139784714,2.7758758068084717,2021-06-19 20:53:20.225762,2021-06-19 20:53:23.011427,0 days 00:00:02.785665,20,0.8047024443354969,10,1,30,26,163,"[6351, 4943]",COMPLETE
8153,8153,0.2547308645946235,2.5804009437561035,2021-06-19 20:53:23.015784,2021-06-19 20:53:25.606025,0 days 00:00:02.590241,20,0.8047024443354969,10,1,30,16,163,"[4943, 3260]",COMPLETE
8154,8154,0.24917321702359366,2.569525957107544,2021-06-19 20:53:25.610475,2021-06-19 20:53:28.189800,0 days 00:00:02.579325,20,0.775837870117549,10,1,30,19,163,"[5853, 7631]",COMPLETE
8155,8155,0.23182516890987231,2.832923173904419,2021-06-19 20:53:28.194159,2021-06-19 20:53:31.037087,0 days 00:00:02.842928,10,0.775837870117549,10,12,30,25,163,"[6968, 411]",COMPLETE
8156,8156,0.30869093838253076,5.936208248138428,2021-06-19 20:53:31.041443,2021-06-19 20:53:36.987558,0 days 00:00:05.946115,20,0.775837870117549,1,15,30,25,163,"[5852, 2991]",COMPLETE
8157,8157,0.228874944980162,2.5633203983306885,2021-06-19 20:53:36.992107,2021-06-19 20:53:39.565489,0 days 00:00:02.573382,20,0.775837870117549,10,1,30,26,163,"[7005, 7735]",COMPLETE
8158,8158,0.22702367099186713,2.807821273803711,2021-06-19 20:53:39.570085,2021-06-19 20:53:42.387520,0 days 00:00:02.817435,20,0.775837870117549,10,1,30,25,163,"[5853, 5853]",COMPLETE
8159,8159,0.2602457581830864,2.8998804092407227,2021-06-19 20:53:42.391941,2021-06-19 20:53:45.301821,0 days 00:00:02.909880,20,0.775837870117549,6,1,30,25,163,"[5145, 2063]",COMPLETE
8160,8160,0.23130742898455223,2.602846384048462,2021-06-19 20:53:45.306332,2021-06-19 20:53:47.919514,0 days 00:00:02.613182,70,0.775837870117549,10,1,30,25,163,"[7926, 6968]",COMPLETE
8161,8161,0.30089416284335097,5.619656801223755,2021-06-19 20:53:47.923821,2021-06-19 20:53:53.553254,0 days 00:00:05.629433,20,0.775837870117549,1,1,4,25,163,"[3082, 8024]",COMPLETE
8162,8162,0.23026725080044927,2.605231761932373,2021-06-19 20:53:53.557611,2021-06-19 20:53:56.172564,0 days 00:00:02.614953,20,0.7044121314824888,10,1,30,25,163,"[6219, 411]",COMPLETE
8163,8163,0.2297091503268672,2.5604002475738525,2021-06-19 20:53:56.176864,2021-06-19 20:53:58.747134,0 days 00:00:02.570270,20,0.775837870117549,10,1,30,24,163,"[5853, 7735]",COMPLETE
8164,8164,0.2288149481195414,2.7979354858398438,2021-06-19 20:53:58.751621,2021-06-19 20:54:01.559461,0 days 00:00:02.807840,20,0.775837870117549,10,1,30,25,163,"[2991, 3260]",COMPLETE
8165,8165,0.22874582948050856,2.676420211791992,2021-06-19 20:54:01.563855,2021-06-19 20:54:04.250242,0 days 00:00:02.686387,40,0.775837870117549,10,9,30,25,163,"[7855, 1244]",COMPLETE
8166,8166,inf,inf,2021-06-19 20:54:04.254757,2021-06-19 20:54:04.578664,0 days 00:00:00.323907,20,0.519185051123211,10,1,30,21,163,"[5654, 6751]",COMPLETE
8167,8167,0.23093466143249988,2.641433000564575,2021-06-19 20:54:04.602333,2021-06-19 20:54:07.270020,0 days 00:00:02.667687,20,0.775837870117549,10,1,30,25,163,"[5145, 5145]",COMPLETE
8168,8168,inf,inf,2021-06-19 20:54:07.274538,2021-06-19 20:54:07.702089,0 days 00:00:00.427551,10,0.5823583839189957,10,1,8,25,163,"[6219, 316]",COMPLETE
8169,8169,0.30576573619744907,5.667055606842041,2021-06-19 20:54:07.711099,2021-06-19 20:54:13.424099,0 days 00:00:05.713000,20,0.775837870117549,1,1,3,25,163,"[7871, 3082]",COMPLETE
8170,8170,0.23063706147624136,2.615980625152588,2021-06-19 20:54:13.428451,2021-06-19 20:54:16.054508,0 days 00:00:02.626057,60,0.8047024443354969,10,1,30,25,163,"[7005, 6219]",COMPLETE
8171,8171,0.22875484700539342,2.5472733974456787,2021-06-19 20:54:16.059039,2021-06-19 20:54:18.617032,0 days 00:00:02.557993,20,0.702279409370204,10,1,30,25,163,"[7631, 1244]",COMPLETE
8172,8172,0.23430745570825606,2.784785509109497,2021-06-19 20:54:18.621231,2021-06-19 20:54:21.415982,0 days 00:00:02.794751,10,0.7044121314824888,10,1,30,24,163,"[900, 1159]",COMPLETE
8173,8173,0.22978587774580753,2.6125588417053223,2021-06-19 20:54:21.420030,2021-06-19 20:54:24.042245,0 days 00:00:02.622215,80,0.775837870117549,10,1,24,26,163,"[2991, 5379]",COMPLETE
8174,8174,0.32831516708034814,9.101537227630615,2021-06-19 20:54:24.046466,2021-06-19 20:54:33.158568,0 days 00:00:09.112102,20,0.8047024443354969,0,1,24,18,163,"[2063, 2063]",COMPLETE
8175,8175,0.23137056237256517,2.7666115760803223,2021-06-19 20:54:33.162763,2021-06-19 20:54:35.939971,0 days 00:00:02.777208,20,0.7044121314824888,10,1,30,25,163,"[7005, 4236]",COMPLETE
8176,8176,0.23160451084836225,2.597529649734497,2021-06-19 20:54:35.944294,2021-06-19 20:54:38.552485,0 days 00:00:02.608191,20,0.8047024443354969,10,1,30,24,163,"[5641, 1159]",COMPLETE
8177,8177,0.23295195671508126,2.745084047317505,2021-06-19 20:54:38.556743,2021-06-19 20:54:41.311469,0 days 00:00:02.754726,10,0.7492482924832433,10,1,30,26,163,"[5379, 880]",COMPLETE
8178,8178,0.23361401208326324,2.55786395072937,2021-06-19 20:54:41.315835,2021-06-19 20:54:43.883549,0 days 00:00:02.567714,20,0.775837870117549,10,1,30,22,163,"[5145, 7926]",COMPLETE
8179,8179,0.23308029233543384,2.598933219909668,2021-06-19 20:54:43.887892,2021-06-19 20:54:46.496668,0 days 00:00:02.608776,20,0.8702316107453192,10,1,30,25,163,"[7005, 6968]",COMPLETE
8180,8180,0.23366355271767633,2.619882106781006,2021-06-19 20:54:46.501194,2021-06-19 20:54:49.130773,0 days 00:00:02.629579,20,0.7492482924832433,10,1,30,26,163,"[900, 5145]",COMPLETE
8181,8181,0.27317775159764873,3.285677194595337,2021-06-19 20:54:49.134790,2021-06-19 20:54:52.430650,0 days 00:00:03.295860,20,0.788300480530397,5,1,30,25,163,"[7926, 6219]",COMPLETE
8182,8182,0.2336228611185519,2.5933330059051514,2021-06-19 20:54:52.434997,2021-06-19 20:54:55.038198,0 days 00:00:02.603201,20,0.775837870117549,10,5,26,26,163,"[411, 7519]",COMPLETE
8183,8183,0.22839244667576417,2.8430581092834473,2021-06-19 20:54:55.042540,2021-06-19 20:54:57.895363,0 days 00:00:02.852823,20,0.8047024443354969,10,1,30,25,163,"[5853, 4943]",COMPLETE
8184,8184,inf,inf,2021-06-19 20:54:57.899548,2021-06-19 20:54:58.282581,0 days 00:00:00.383033,30,0.521607825898711,10,8,30,26,163,"[2963, 2078]",COMPLETE
8185,8185,0.2306494144708871,2.5832393169403076,2021-06-19 20:54:58.293632,2021-06-19 20:55:00.896858,0 days 00:00:02.603226,20,0.7044121314824888,10,1,24,26,163,"[2209, 5654]",COMPLETE
8186,8186,0.2333068820054078,2.6932222843170166,2021-06-19 20:55:00.900974,2021-06-19 20:55:03.604020,0 days 00:00:02.703046,20,0.7044121314824888,10,16,30,29,163,"[1244, 2063]",COMPLETE
8187,8187,0.2734584488026659,3.370936155319214,2021-06-19 20:55:03.608720,2021-06-19 20:55:06.990632,0 days 00:00:03.381912,20,0.775837870117549,5,10,30,25,163,"[316, 7770]",COMPLETE
8188,8188,0.23282813562637011,2.5800328254699707,2021-06-19 20:55:06.995314,2021-06-19 20:55:09.586040,0 days 00:00:02.590726,10,0.775837870117549,10,1,30,26,163,"[6751, 316]",COMPLETE
8189,8189,0.22868680522396131,2.6182539463043213,2021-06-19 20:55:09.590417,2021-06-19 20:55:12.218321,0 days 00:00:02.627904,20,0.8047024443354969,10,1,30,25,163,"[7871, 7855]",COMPLETE
8190,8190,0.23575072074214024,2.563310384750366,2021-06-19 20:55:12.222608,2021-06-19 20:55:14.795762,0 days 00:00:02.573154,20,0.7044121314824888,10,1,16,26,163,"[411, 4236]",COMPLETE
8191,8191,0.22978977760304584,2.875406265258789,2021-06-19 20:55:14.800285,2021-06-19 20:55:17.685373,0 days 00:00:02.885088,20,0.7044121314824888,10,9,26,26,163,"[411, 6592]",COMPLETE
8192,8192,0.2290518269530426,2.604750633239746,2021-06-19 20:55:17.689901,2021-06-19 20:55:20.304368,0 days 00:00:02.614467,20,0.7044121314824888,10,1,24,26,163,"[5379, 4943]",COMPLETE
8193,8193,0.22923108624711458,2.8919568061828613,2021-06-19 20:55:20.309059,2021-06-19 20:55:23.215884,0 days 00:00:02.906825,20,0.7492482924832433,10,14,30,25,163,"[2991, 880]",COMPLETE
8194,8194,0.23043812849689066,2.619849920272827,2021-06-19 20:55:23.220144,2021-06-19 20:55:25.849720,0 days 00:00:02.629576,20,0.775837870117549,10,1,30,25,163,"[7770, 7770]",COMPLETE
8195,8195,0.22850881331533549,2.624272584915161,2021-06-19 20:55:25.854181,2021-06-19 20:55:28.488070,0 days 00:00:02.633889,40,0.7044121314824888,10,9,30,26,163,"[8074, 8074]",COMPLETE
8196,8196,0.29189079160142456,3.270634651184082,2021-06-19 20:55:28.492545,2021-06-19 20:55:31.773128,0 days 00:00:03.280583,20,0.6415492259649922,5,1,26,21,163,"[849, 2991]",COMPLETE
8197,8197,inf,inf,2021-06-19 20:55:31.777672,2021-06-19 20:55:31.953846,0 days 00:00:00.176174,20,0.44328379163334475,10,1,30,25,163,"[8074, 7855]",COMPLETE
8198,8198,0.2344301485476831,2.9291160106658936,2021-06-19 20:55:31.961631,2021-06-19 20:55:34.928604,0 days 00:00:02.966973,20,0.9643289884427186,10,1,30,26,163,"[6351, 4419]",COMPLETE
8199,8199,0.23264331698809682,2.6461150646209717,2021-06-19 20:55:34.933117,2021-06-19 20:55:37.589116,0 days 00:00:02.655999,20,0.775837870117549,10,9,30,25,163,"[5852, 6968]",COMPLETE
8200,8200,0.2275876121415002,2.779733419418335,2021-06-19 20:55:37.593384,2021-06-19 20:56:54.844684,0 days 00:01:17.251300,20,0.775837870117549,10,1,30,25,164,"[5852, 7770]",COMPLETE
8201,8201,0.23711758512343967,2.6361443996429443,2021-06-19 20:56:54.852774,2021-06-19 20:56:57.499279,0 days 00:00:02.646505,40,0.775837870117549,10,1,30,25,164,"[7631, 7631]",COMPLETE
8202,8202,0.25578428452026203,2.5498251914978027,2021-06-19 20:56:57.503717,2021-06-19 20:57:00.063461,0 days 00:00:02.559744,20,0.8047024443354969,10,1,30,16,164,"[6763, 6219]",COMPLETE
8203,8203,0.2300781929154588,2.893770694732666,2021-06-19 20:57:00.068020,2021-06-19 20:57:02.971856,0 days 00:00:02.903836,20,0.7492482924832433,10,3,30,26,164,"[2078, 4236]",COMPLETE
8204,8204,0.22960935179771855,2.5751025676727295,2021-06-19 20:57:02.976441,2021-06-19 20:57:05.562251,0 days 00:00:02.585810,20,0.775837870117549,10,1,30,25,164,"[2991, 7631]",COMPLETE
8205,8205,0.2612698078300316,2.954133987426758,2021-06-19 20:57:05.566778,2021-06-19 20:57:08.530716,0 days 00:00:02.963938,40,0.7044121314824888,6,1,30,26,164,"[4236, 8074]",COMPLETE
8206,8206,0.23562881242678702,2.8083584308624268,2021-06-19 20:57:08.535020,2021-06-19 20:57:11.353283,0 days 00:00:02.818263,20,0.8047024443354969,10,10,30,22,164,"[5641, 6763]",COMPLETE
8207,8207,0.25515261413116264,2.578286647796631,2021-06-19 20:57:11.357645,2021-06-19 20:57:13.945658,0 days 00:00:02.588013,20,0.8047024443354969,10,1,24,18,164,"[7735, 2063]",COMPLETE
8208,8208,0.23471613447371642,2.6006836891174316,2021-06-19 20:57:13.950125,2021-06-19 20:57:16.560516,0 days 00:00:02.610391,20,0.775837870117549,10,1,30,29,164,"[7631, 7631]",COMPLETE
8209,8209,0.2845854976116197,3.661574363708496,2021-06-19 20:57:16.565238,2021-06-19 20:57:20.237814,0 days 00:00:03.672576,20,0.7044121314824888,4,13,30,24,164,"[411, 1159]",COMPLETE
8210,8210,0.23639104824783524,2.579258680343628,2021-06-19 20:57:20.241754,2021-06-19 20:57:22.830753,0 days 00:00:02.588999,20,0.775837870117549,10,1,30,22,164,"[7855, 4419]",COMPLETE
8211,8211,inf,inf,2021-06-19 20:57:22.834817,2021-06-19 20:57:22.983566,0 days 00:00:00.148749,90,0.3469099615690808,10,1,30,25,164,"[6592, 1244]",COMPLETE
8212,8212,0.23490441655454639,2.649419069290161,2021-06-19 20:57:22.991333,2021-06-19 20:57:25.682468,0 days 00:00:02.691135,20,0.775837870117549,9,1,30,25,164,"[5853, 7005]",COMPLETE
8213,8213,0.22978599223495833,2.8162519931793213,2021-06-19 20:57:25.687052,2021-06-19 20:57:28.513319,0 days 00:00:02.826267,100,0.7044121314824888,10,1,30,25,164,"[4236, 4236]",COMPLETE
8214,8214,inf,inf,2021-06-19 20:57:28.517673,2021-06-19 20:57:28.962551,0 days 00:00:00.444878,20,0.5337792691436493,10,1,30,25,164,"[3082, 1735]",COMPLETE
8215,8215,0.23796879477850127,2.543227195739746,2021-06-19 20:57:28.970995,2021-06-19 20:57:31.549964,0 days 00:00:02.578969,20,0.775837870117549,10,1,8,26,164,"[316, 6835]",COMPLETE
8216,8216,0.28297189575415127,2.575981616973877,2021-06-19 20:57:31.554410,2021-06-19 20:57:34.140041,0 days 00:00:02.585631,20,0.7044121314824888,10,1,30,10,164,"[4236, 4236]",COMPLETE
8217,8217,0.23636957621595192,2.7879419326782227,2021-06-19 20:57:34.144462,2021-06-19 20:57:36.942192,0 days 00:00:02.797730,40,0.775837870117549,10,1,7,25,164,"[1028, 4419]",COMPLETE
8218,8218,0.23049763568252896,2.5507795810699463,2021-06-19 20:57:36.946568,2021-06-19 20:57:39.507216,0 days 00:00:02.560648,10,0.7492482924832433,10,1,30,25,164,"[1028, 1028]",COMPLETE
8219,8219,0.23534614139629578,2.5861711502075195,2021-06-19 20:57:39.511629,2021-06-19 20:57:42.107825,0 days 00:00:02.596196,10,0.775837870117549,10,1,30,24,164,"[7735, 880]",COMPLETE
8220,8220,0.2335465529267544,2.9237656593322754,2021-06-19 20:57:42.112399,2021-06-19 20:57:45.046230,0 days 00:00:02.933831,100,0.775837870117549,10,13,30,22,164,"[4943, 7519]",COMPLETE
8221,8221,0.22867394662063814,2.533257007598877,2021-06-19 20:57:45.050523,2021-06-19 20:57:47.593442,0 days 00:00:02.542919,20,0.775837870117549,10,1,30,25,164,"[2991, 5641]",COMPLETE
8222,8222,inf,inf,2021-06-19 20:57:47.597982,2021-06-19 20:57:48.154628,0 days 00:00:00.556646,20,0.5570392997824385,10,1,23,26,164,"[2991, 2078]",COMPLETE
8223,8223,0.22954016270568445,2.5821428298950195,2021-06-19 20:57:48.169786,2021-06-19 20:57:50.768625,0 days 00:00:02.598839,20,0.775837870117549,10,1,30,25,164,"[2991, 5495]",COMPLETE
8224,8224,inf,inf,2021-06-19 20:57:50.773133,2021-06-19 20:57:50.928918,0 days 00:00:00.155785,40,0.33529453699029804,10,1,30,20,164,"[3082, 5853]",COMPLETE
8225,8225,0.3044834514687131,4.549537658691406,2021-06-19 20:57:50.941053,2021-06-19 20:57:55.519277,0 days 00:00:04.578224,20,0.7044121314824888,2,5,30,25,164,"[4781, 5641]",COMPLETE
8226,8226,0.22935914679707103,2.559495449066162,2021-06-19 20:57:55.523591,2021-06-19 20:57:58.092925,0 days 00:00:02.569334,20,0.8047024443354969,10,1,30,26,164,"[7871, 880]",COMPLETE
8227,8227,0.29572607392313827,2.572844982147217,2021-06-19 20:57:58.097495,2021-06-19 20:58:00.680476,0 days 00:00:02.582981,70,0.7044121314824888,10,1,30,6,164,"[1159, 880]",COMPLETE
8228,8228,0.2284594334815416,2.792775869369507,2021-06-19 20:58:00.684984,2021-06-19 20:58:03.487529,0 days 00:00:02.802545,20,0.775837870117549,10,1,30,26,164,"[6835, 6351]",COMPLETE
8229,8229,0.2775645169475988,3.06235933303833,2021-06-19 20:58:03.491888,2021-06-19 20:58:06.564190,0 days 00:00:03.072302,20,0.7044121314824888,5,1,30,24,164,"[2963, 1159]",COMPLETE
8230,8230,0.26101270058700954,2.9775197505950928,2021-06-19 20:58:06.568606,2021-06-19 20:58:09.555945,0 days 00:00:02.987339,20,0.7492482924832433,6,1,30,25,164,"[4781, 1389]",COMPLETE
8231,8231,0.2318414122608291,2.749246835708618,2021-06-19 20:58:09.560240,2021-06-19 20:58:12.319166,0 days 00:00:02.758926,20,0.7044121314824888,10,1,30,25,164,"[7005, 3260]",COMPLETE
8232,8232,0.23110729766225271,2.5804390907287598,2021-06-19 20:58:12.323557,2021-06-19 20:58:14.914003,0 days 00:00:02.590446,20,0.7182187914606826,10,9,30,26,164,"[8074, 6219]",COMPLETE
8233,8233,0.23049664046043816,2.5571348667144775,2021-06-19 20:58:14.918131,2021-06-19 20:58:17.485151,0 days 00:00:02.567020,20,0.775837870117549,10,1,30,26,164,"[6351, 900]",COMPLETE
8234,8234,0.22974332338955408,2.749323606491089,2021-06-19 20:58:17.489707,2021-06-19 20:58:20.249032,0 days 00:00:02.759325,20,0.7492482924832433,10,2,30,25,164,"[880, 3100]",COMPLETE
8235,8235,0.2328164629978503,2.5866239070892334,2021-06-19 20:58:20.253389,2021-06-19 20:58:22.849886,0 days 00:00:02.596497,20,0.689025685581192,10,4,30,25,164,"[3082, 2209]",COMPLETE
