,number,values_0,values_1,datetime_start,datetime_complete,duration,params_checks,params_n_ratio,params_nskip,params_trees,params_w1,params_w2,system_attrs_nsga2:generation,system_attrs_nsga2:parents,state
1585,1585,0.2413263326098457,2.6873416900634766,2021-06-19 14:41:11.071996,2021-06-19 14:41:13.762147,0 days 00:00:02.690151,10,0.7492482924832433,10,1,5,26,31,"[1130, 960]",COMPLETE
1586,1586,0.23181750550171604,2.554140329360962,2021-06-19 14:41:13.763989,2021-06-19 14:41:16.320623,0 days 00:00:02.556634,20,0.7044121314824888,10,1,23,26,31,"[1219, 1219]",COMPLETE
1587,1587,0.29836604488993956,2.662584066390991,2021-06-19 14:41:16.322216,2021-06-19 14:41:18.987419,0 days 00:00:02.665203,60,0.7492482924832433,10,1,30,3,31,"[1118, 880]",COMPLETE
1588,1588,0.23010319848118244,2.574139356613159,2021-06-19 14:41:18.989156,2021-06-19 14:41:21.565818,0 days 00:00:02.576662,30,0.7492482924832433,10,1,30,26,31,"[880, 900]",COMPLETE
1589,1589,0.23211334424813285,2.6917126178741455,2021-06-19 14:41:21.567556,2021-06-19 14:41:24.261719,0 days 00:00:02.694163,20,0.6605422905356466,10,1,23,26,31,"[647, 647]",COMPLETE
1590,1590,0.23645409625469252,2.6088132858276367,2021-06-19 14:41:24.263451,2021-06-19 14:41:26.874917,0 days 00:00:02.611466,20,0.7044121314824888,10,12,10,26,31,"[411, 374]",COMPLETE
1591,1591,0.23052052157813951,2.6469576358795166,2021-06-19 14:41:26.876701,2021-06-19 14:41:29.526097,0 days 00:00:02.649396,20,0.7044121314824888,10,9,30,25,31,"[1288, 1118]",COMPLETE
1592,1592,0.27329551634322485,2.7006919384002686,2021-06-19 14:41:29.527881,2021-06-19 14:41:32.231062,0 days 00:00:02.703181,20,0.7044121314824888,10,1,2,14,31,"[1006, 1205]",COMPLETE
1593,1593,0.2292045384756062,2.5779194831848145,2021-06-19 14:41:32.232897,2021-06-19 14:41:34.813228,0 days 00:00:02.580331,20,0.7039382016603601,10,4,24,26,31,"[647, 912]",COMPLETE
1594,1594,0.23556436066626749,2.7167844772338867,2021-06-19 14:41:34.814996,2021-06-19 14:41:37.534169,0 days 00:00:02.719173,10,0.7492482924832433,10,1,23,27,31,"[960, 960]",COMPLETE
1595,1595,0.2275223733723691,2.619340658187866,2021-06-19 14:41:37.535913,2021-06-19 14:41:40.157915,0 days 00:00:02.622002,20,0.7039382016603601,10,4,24,26,31,"[912, 912]",COMPLETE
1596,1596,0.2925128822872973,2.74145770072937,2021-06-19 14:41:40.159734,2021-06-19 14:41:42.903778,0 days 00:00:02.744044,20,0.7044121314824888,10,1,30,3,31,"[1275, 905]",COMPLETE
1597,1597,0.27485694001802025,3.105602264404297,2021-06-19 14:41:42.905359,2021-06-19 14:41:46.013721,0 days 00:00:03.108362,20,0.7039382016603601,5,4,24,26,31,"[912, 912]",COMPLETE
1598,1598,0.23439384595890023,2.709320306777954,2021-06-19 14:41:46.015526,2021-06-19 14:41:48.727345,0 days 00:00:02.711819,20,0.7044121314824888,10,1,30,25,31,"[1521, 1135]",COMPLETE
1599,1599,0.2279840485586531,2.558034896850586,2021-06-19 14:41:48.729184,2021-06-19 14:41:51.289666,0 days 00:00:02.560482,20,0.7044121314824888,10,1,24,26,31,"[912, 1219]",COMPLETE
1600,1600,0.23291067173418303,2.5636165142059326,2021-06-19 14:41:51.291493,2021-06-19 14:43:05.129338,0 days 00:01:13.837845,20,0.7044121314824888,10,1,20,25,32,"[1135, 1135]",COMPLETE
1601,1601,0.23512360958202913,2.7307960987091064,2021-06-19 14:43:05.132180,2021-06-19 14:43:07.866309,0 days 00:00:02.734129,10,0.7044121314824888,10,1,26,23,32,"[411, 849]",COMPLETE
1602,1602,0.296959067917415,3.489680528640747,2021-06-19 14:43:07.867937,2021-06-19 14:43:11.360562,0 days 00:00:03.492625,20,0.8047024443354969,4,8,28,15,32,"[1416, 993]",COMPLETE
1603,1603,0.23329139131946028,3.0806221961975098,2021-06-19 14:43:11.362406,2021-06-19 14:43:14.446028,0 days 00:00:03.083622,20,0.9731348683332322,10,9,30,25,32,"[1244, 488]",COMPLETE
1604,1604,0.23054502639462335,2.680304527282715,2021-06-19 14:43:14.447734,2021-06-19 14:43:17.130629,0 days 00:00:02.682895,20,0.7492482924832433,10,14,30,25,32,"[488, 993]",COMPLETE
1605,1605,0.31806927196646967,9.18000340461731,2021-06-19 14:43:17.132447,2021-06-19 14:43:26.315180,0 days 00:00:09.182733,10,0.7492482924832433,0,4,30,29,32,"[938, 849]",COMPLETE
1606,1606,0.23418319293062304,2.6021077632904053,2021-06-19 14:43:26.317061,2021-06-19 14:43:28.921584,0 days 00:00:02.604523,10,0.7492482924832433,10,7,25,26,32,"[1320, 1389]",COMPLETE
1607,1607,0.23657714366540789,2.6820125579833984,2021-06-19 14:43:28.923219,2021-06-19 14:43:31.607707,0 days 00:00:02.684488,10,0.7044121314824888,10,1,30,26,32,"[849, 993]",COMPLETE
1608,1608,0.23330373881797173,2.682741165161133,2021-06-19 14:43:31.609210,2021-06-19 14:43:34.294587,0 days 00:00:02.685377,20,0.8047024443354969,9,4,24,25,32,"[912, 1312]",COMPLETE
1609,1609,0.29248964512639936,3.610214948654175,2021-06-19 14:43:34.296039,2021-06-19 14:43:37.908906,0 days 00:00:03.612867,20,0.6109868135969048,4,9,30,25,32,"[1118, 1521]",COMPLETE
1610,1610,0.23037652474573872,2.563107490539551,2021-06-19 14:43:37.910547,2021-06-19 14:43:40.476497,0 days 00:00:02.565950,30,0.7039382016603601,10,4,30,26,32,"[912, 1006]",COMPLETE
1611,1611,0.23636813630819484,2.7034571170806885,2021-06-19 14:43:40.478319,2021-06-19 14:43:43.184452,0 days 00:00:02.706133,50,0.629201349454404,10,1,30,25,32,"[1006, 511]",COMPLETE
1612,1612,0.24046565014179247,2.520110607147217,2021-06-19 14:43:43.186239,2021-06-19 14:43:45.708913,0 days 00:00:02.522674,20,0.7044121314824888,10,1,7,26,32,"[905, 647]",COMPLETE
1613,1613,0.2519935462899137,2.8770241737365723,2021-06-19 14:43:45.710707,2021-06-19 14:43:48.590427,0 days 00:00:02.879720,20,0.7044121314824888,7,11,24,26,32,"[488, 759]",COMPLETE
1614,1614,0.2441584017061875,2.729715347290039,2021-06-19 14:43:48.592256,2021-06-19 14:43:51.324629,0 days 00:00:02.732373,90,0.7044121314824888,10,1,2,26,32,"[647, 1135]",COMPLETE
1615,1615,0.23209849710416108,2.563258409500122,2021-06-19 14:43:51.326465,2021-06-19 14:43:53.892437,0 days 00:00:02.565972,20,0.8047024443354969,10,1,23,26,32,"[647, 1205]",COMPLETE
1616,1616,0.230118135096229,2.712301731109619,2021-06-19 14:43:53.894146,2021-06-19 14:43:56.608908,0 days 00:00:02.714762,20,0.775837870117549,10,1,24,25,32,"[1344, 759]",COMPLETE
1617,1617,0.30388179401722726,4.276265382766724,2021-06-19 14:43:56.610606,2021-06-19 14:44:00.889487,0 days 00:00:04.278881,20,0.7044121314824888,2,1,30,26,32,"[316, 993]",COMPLETE
1618,1618,0.2308248354915216,2.763488531112671,2021-06-19 14:44:00.891272,2021-06-19 14:44:03.657338,0 days 00:00:02.766066,40,0.7044121314824888,10,1,23,26,32,"[1133, 960]",COMPLETE
1619,1619,0.2413474414810304,2.5638532638549805,2021-06-19 14:44:03.659167,2021-06-19 14:44:06.225877,0 days 00:00:02.566710,20,0.7039382016603601,10,1,7,26,32,"[1595, 745]",COMPLETE
1620,1620,inf,inf,2021-06-19 14:44:06.227638,2021-06-19 14:44:06.604313,0 days 00:00:00.376675,40,0.5430399930730799,10,4,22,26,32,"[1595, 990]",COMPLETE
1621,1621,0.23295800166594438,2.760641574859619,2021-06-19 14:44:06.608381,2021-06-19 14:44:09.379312,0 days 00:00:02.770931,20,0.7492482924832433,10,1,30,25,32,"[488, 1344]",COMPLETE
1622,1622,0.3262894104510502,9.004071235656738,2021-06-19 14:44:09.381092,2021-06-19 14:44:18.387772,0 days 00:00:09.006680,20,0.7044121314824888,0,1,30,24,32,"[993, 1044]",COMPLETE
1623,1623,0.23303029798409644,2.6759393215179443,2021-06-19 14:44:18.389557,2021-06-19 14:44:21.067953,0 days 00:00:02.678396,20,0.7044121314824888,10,1,30,26,32,"[1159, 1016]",COMPLETE
1624,1624,0.29390322280530673,4.386246681213379,2021-06-19 14:44:21.069730,2021-06-19 14:44:25.458671,0 days 00:00:04.388941,40,0.7039382016603601,2,4,30,26,32,"[1595, 1415]",COMPLETE
1625,1625,0.2704765102851768,2.9252355098724365,2021-06-19 14:44:25.460365,2021-06-19 14:44:28.388196,0 days 00:00:02.927831,20,0.7044121314824888,6,1,22,23,32,"[908, 849]",COMPLETE
1626,1626,0.23400847678351694,2.7305281162261963,2021-06-19 14:44:28.389950,2021-06-19 14:44:31.123135,0 days 00:00:02.733185,0,0.7044121314824888,10,1,30,25,32,"[1246, 1415]",COMPLETE
1627,1627,inf,inf,2021-06-19 14:44:31.124959,2021-06-19 14:44:31.322839,0 days 00:00:00.197880,10,0.31046772744403595,10,1,30,25,32,"[938, 938]",COMPLETE
1628,1628,0.2350348612692062,2.5836217403411865,2021-06-19 14:44:31.327413,2021-06-19 14:44:33.915049,0 days 00:00:02.587636,20,0.7044121314824888,10,2,30,25,32,"[1244, 849]",COMPLETE
1629,1629,0.23650454279859812,2.835994005203247,2021-06-19 14:44:33.916904,2021-06-19 14:44:36.755485,0 days 00:00:02.838581,20,0.8520223029865741,10,15,12,26,32,"[1133, 1133]",COMPLETE
1630,1630,0.2780751900960544,3.2943007946014404,2021-06-19 14:44:36.757344,2021-06-19 14:44:40.054431,0 days 00:00:03.297087,20,0.629201349454404,4,1,11,25,32,"[960, 511]",COMPLETE
1631,1631,0.3173242550351681,9.140124320983887,2021-06-19 14:44:40.056207,2021-06-19 14:44:49.198903,0 days 00:00:09.142696,20,0.7492482924832433,0,1,30,26,32,"[1416, 900]",COMPLETE
1632,1632,0.23053413400160863,2.6438143253326416,2021-06-19 14:44:49.200731,2021-06-19 14:44:51.847123,0 days 00:00:02.646392,20,0.7492482924832433,10,16,30,25,32,"[1028, 900]",COMPLETE
1633,1633,0.2743646114577532,3.4384663105010986,2021-06-19 14:44:51.848939,2021-06-19 14:44:55.290076,0 days 00:00:03.441137,20,0.7492482924832433,4,1,9,26,32,"[374, 900]",COMPLETE
1634,1634,0.2354540574847661,2.569669246673584,2021-06-19 14:44:55.291450,2021-06-19 14:44:57.863573,0 days 00:00:02.572123,20,0.629201349454404,10,1,30,25,32,"[990, 488]",COMPLETE
1635,1635,0.24621318186032937,2.7147204875946045,2021-06-19 14:44:57.864961,2021-06-19 14:45:00.582443,0 days 00:00:02.717482,10,0.7044121314824888,8,7,11,25,32,"[880, 1044]",COMPLETE
1636,1636,0.23318502835988064,2.7541182041168213,2021-06-19 14:45:00.584253,2021-06-19 14:45:03.341024,0 days 00:00:02.756771,10,0.7492482924832433,10,1,24,26,32,"[900, 1416]",COMPLETE
1637,1637,0.23498853001602082,2.5338692665100098,2021-06-19 14:45:03.342849,2021-06-19 14:45:05.879351,0 days 00:00:02.536502,10,0.7492482924832433,10,1,14,25,32,"[1344, 556]",COMPLETE
1638,1638,0.2367424268458727,2.7152364253997803,2021-06-19 14:45:05.881271,2021-06-19 14:45:08.599001,0 days 00:00:02.717730,10,0.7492482924832433,10,1,24,22,32,"[1312, 745]",COMPLETE
1639,1639,0.24059735538597074,2.6347293853759766,2021-06-19 14:45:08.600824,2021-06-19 14:45:11.237957,0 days 00:00:02.637133,20,0.7044121314824888,10,9,30,22,32,"[903, 903]",COMPLETE
1640,1640,0.3141291889692829,2.759608507156372,2021-06-19 14:45:11.239775,2021-06-19 14:45:14.001998,0 days 00:00:02.762223,90,0.7492482924832433,10,1,24,0,32,"[900, 900]",COMPLETE
1641,1641,0.2883772324224796,3.806408405303955,2021-06-19 14:45:14.003827,2021-06-19 14:45:17.813040,0 days 00:00:03.809213,20,0.775837870117549,3,9,30,25,32,"[1275, 556]",COMPLETE
1642,1642,0.28463425220155125,3.431525230407715,2021-06-19 14:45:17.814823,2021-06-19 14:45:21.249027,0 days 00:00:03.434204,20,0.7044121314824888,4,1,30,26,32,"[1288, 1046]",COMPLETE
1643,1643,0.23123958290169455,2.655667304992676,2021-06-19 14:45:21.250807,2021-06-19 14:45:23.909018,0 days 00:00:02.658211,20,0.7039382016603601,10,9,24,26,32,"[912, 411]",COMPLETE
1644,1644,0.2299617734617321,2.721311092376709,2021-06-19 14:45:23.910831,2021-06-19 14:45:26.634615,0 days 00:00:02.723784,20,0.7492482924832433,10,1,30,25,32,"[488, 1159]",COMPLETE
1645,1645,0.23786220129186206,2.578176498413086,2021-06-19 14:45:26.636018,2021-06-19 14:45:29.216665,0 days 00:00:02.580647,70,0.629201349454404,10,1,22,25,32,"[990, 990]",COMPLETE
1646,1646,0.23475213409172366,2.5320792198181152,2021-06-19 14:45:29.218432,2021-06-19 14:45:31.753132,0 days 00:00:02.534700,20,0.7492482924832433,10,1,30,26,32,"[1223, 1028]",COMPLETE
1647,1647,0.23507943643298054,2.7516720294952393,2021-06-19 14:45:31.754968,2021-06-19 14:45:34.509134,0 days 00:00:02.754166,20,0.7044121314824888,10,5,30,24,32,"[1288, 1044]",COMPLETE
1648,1648,0.2331677662989882,2.7462010383605957,2021-06-19 14:45:34.510539,2021-06-19 14:45:37.259197,0 days 00:00:02.748658,10,0.919893125506333,10,1,23,26,32,"[960, 960]",COMPLETE
1649,1649,0.24142039584922007,2.7570488452911377,2021-06-19 14:45:37.260600,2021-06-19 14:45:40.020336,0 days 00:00:02.759736,0,0.684307130735405,10,9,24,25,32,"[1288, 990]",COMPLETE
1650,1650,0.32102785057944666,9.493611812591553,2021-06-19 14:45:40.022130,2021-06-19 14:45:49.567879,0 days 00:00:09.545749,30,0.775837870117549,0,9,30,25,33,"[1118, 316]",COMPLETE
1651,1651,0.23122344720702095,2.7076902389526367,2021-06-19 14:45:49.569735,2021-06-19 14:45:52.279900,0 days 00:00:02.710165,10,0.7492482924832433,10,1,22,25,33,"[1130, 511]",COMPLETE
1652,1652,0.22943051860033264,2.545438766479492,2021-06-19 14:45:52.281758,2021-06-19 14:45:54.829989,0 days 00:00:02.548231,10,0.7492482924832433,10,1,30,25,33,"[938, 1135]",COMPLETE
1653,1653,0.2611901295340461,3.163224458694458,2021-06-19 14:45:54.831796,2021-06-19 14:45:57.997819,0 days 00:00:03.166023,20,0.7044121314824888,6,13,6,26,33,"[960, 1415]",COMPLETE
1654,1654,0.2388936043956228,2.971400260925293,2021-06-19 14:45:57.999620,2021-06-19 14:46:00.973812,0 days 00:00:02.974192,20,0.9951732534524516,10,4,24,28,33,"[840, 1595]",COMPLETE
1655,1655,0.2354394214933563,2.7080109119415283,2021-06-19 14:46:00.975303,2021-06-19 14:46:03.685812,0 days 00:00:02.710509,20,0.7044121314824888,10,1,30,25,33,"[1006, 1275]",COMPLETE
1656,1656,0.22713092623346015,2.570777416229248,2021-06-19 14:46:03.687189,2021-06-19 14:46:06.260455,0 days 00:00:02.573266,20,0.7044121314824888,10,1,30,25,33,"[1028, 1244]",COMPLETE
1657,1657,0.265884767466863,2.54107403755188,2021-06-19 14:46:06.262291,2021-06-19 14:46:08.805938,0 days 00:00:02.543647,20,0.8047024443354969,10,1,24,14,33,"[1205, 1312]",COMPLETE
1658,1658,0.22763274176521778,2.756086587905884,2021-06-19 14:46:08.807754,2021-06-19 14:46:11.566453,0 days 00:00:02.758699,20,0.7044121314824888,10,9,30,26,33,"[1288, 1118]",COMPLETE
1659,1659,0.26978215532113464,3.1889560222625732,2021-06-19 14:46:11.568278,2021-06-19 14:46:14.759976,0 days 00:00:03.191698,20,0.7044121314824888,5,10,30,26,33,"[374, 1118]",COMPLETE
1660,1660,0.3083584984702783,2.7245359420776367,2021-06-19 14:46:14.761738,2021-06-19 14:46:17.488885,0 days 00:00:02.727147,20,0.7044121314824888,10,1,30,3,33,"[1135, 511]",COMPLETE
1661,1661,0.2308480322783811,2.576937198638916,2021-06-19 14:46:17.490725,2021-06-19 14:46:20.070230,0 days 00:00:02.579505,20,0.7044121314824888,10,1,30,25,33,"[1135, 880]",COMPLETE
1662,1662,0.23536181593875735,2.61734938621521,2021-06-19 14:46:20.072031,2021-06-19 14:46:22.692009,0 days 00:00:02.619978,10,0.6415492259649922,10,14,22,23,33,"[1389, 849]",COMPLETE
1663,1663,0.23426313390558925,2.8741204738616943,2021-06-19 14:46:22.693692,2021-06-19 14:46:25.570679,0 days 00:00:02.876987,70,0.7044121314824888,9,9,30,26,33,"[1118, 374]",COMPLETE
1664,1664,0.2995063816961493,2.6132516860961914,2021-06-19 14:46:25.572502,2021-06-19 14:46:28.188423,0 days 00:00:02.615921,20,0.7044121314824888,10,4,24,8,33,"[912, 1205]",COMPLETE
1665,1665,0.2389693211293265,2.732844591140747,2021-06-19 14:46:28.190214,2021-06-19 14:46:30.925664,0 days 00:00:02.735450,20,0.7044121314824888,10,4,11,26,33,"[912, 1483]",COMPLETE
1666,1666,0.23077996784703175,2.561232089996338,2021-06-19 14:46:30.927439,2021-06-19 14:46:33.491182,0 days 00:00:02.563743,20,0.7492482924832433,10,1,30,25,33,"[1312, 880]",COMPLETE
1667,1667,0.230394498678609,2.762735366821289,2021-06-19 14:46:33.493076,2021-06-19 14:46:36.258512,0 days 00:00:02.765436,20,0.8047024443354969,10,10,24,26,33,"[759, 1312]",COMPLETE
1668,1668,0.23160456298597892,2.5665671825408936,2021-06-19 14:46:36.260295,2021-06-19 14:46:38.829383,0 days 00:00:02.569088,20,0.775837870117549,10,9,26,26,33,"[411, 1344]",COMPLETE
1669,1669,0.24588715984216686,2.669320583343506,2021-06-19 14:46:38.831214,2021-06-19 14:46:41.503178,0 days 00:00:02.671964,20,0.775837870117549,10,9,30,19,33,"[900, 1118]",COMPLETE
1670,1670,0.2335230164562873,2.704474687576294,2021-06-19 14:46:41.505079,2021-06-19 14:46:44.212212,0 days 00:00:02.707133,70,0.7044121314824888,10,1,30,26,33,"[1130, 1246]",COMPLETE
1671,1671,0.2308447559802704,2.610581636428833,2021-06-19 14:46:44.214050,2021-06-19 14:46:46.827286,0 days 00:00:02.613236,10,0.7033893355975656,10,9,23,26,33,"[1415, 960]",COMPLETE
1672,1672,0.2313597203935879,2.7895219326019287,2021-06-19 14:46:46.829148,2021-06-19 14:46:49.621167,0 days 00:00:02.792019,20,0.7044121314824888,10,9,30,25,33,"[1160, 1275]",COMPLETE
1673,1673,0.30433943908144595,5.400219202041626,2021-06-19 14:46:49.622676,2021-06-19 14:46:55.025562,0 days 00:00:05.402886,20,0.7492482924832433,1,1,23,26,33,"[900, 647]",COMPLETE
1674,1674,0.2262819248339134,2.750467538833618,2021-06-19 14:46:55.026966,2021-06-19 14:46:57.780137,0 days 00:00:02.753171,20,0.7492482924832433,10,6,30,25,33,"[488, 511]",COMPLETE
1675,1675,0.236616538687097,2.5494041442871094,2021-06-19 14:46:57.781520,2021-06-19 14:47:00.333504,0 days 00:00:02.551984,20,0.7044121314824888,10,1,30,26,33,"[1133, 1218]",COMPLETE
1676,1676,0.23654842758165281,2.6725082397460938,2021-06-19 14:47:00.335350,2021-06-19 14:47:03.010687,0 days 00:00:02.675337,80,0.629201349454404,10,2,30,25,33,"[903, 990]",COMPLETE
1677,1677,inf,inf,2021-06-19 14:47:03.012106,2021-06-19 14:47:03.261402,0 days 00:00:00.249296,20,0.37182641866010796,10,9,23,25,33,"[1344, 647]",COMPLETE
1678,1678,0.23160027934643765,2.7177071571350098,2021-06-19 14:47:03.264613,2021-06-19 14:47:05.986517,0 days 00:00:02.721904,20,0.775837870117549,10,1,23,25,33,"[1344, 1344]",COMPLETE
1679,1679,0.22903428794908978,2.5975003242492676,2021-06-19 14:47:05.988357,2021-06-19 14:47:08.588361,0 days 00:00:02.600004,20,0.7044121314824888,10,9,30,26,33,"[1135, 908]",COMPLETE
1680,1680,0.22908586503354178,2.8008534908294678,2021-06-19 14:47:08.590083,2021-06-19 14:47:11.393738,0 days 00:00:02.803655,80,0.7492482924832433,10,4,24,27,33,"[912, 938]",COMPLETE
1681,1681,0.23136512331517065,2.5701403617858887,2021-06-19 14:47:11.395536,2021-06-19 14:47:13.968192,0 days 00:00:02.572656,20,0.7492482924832433,10,1,24,26,33,"[900, 1016]",COMPLETE
1682,1682,0.23342388245849963,2.8030452728271484,2021-06-19 14:47:13.970049,2021-06-19 14:47:16.775864,0 days 00:00:02.805815,20,0.8068737453312009,10,9,18,26,33,"[990, 1218]",COMPLETE
1683,1683,0.28167185369962344,3.1292552947998047,2021-06-19 14:47:16.777686,2021-06-19 14:47:19.909821,0 days 00:00:03.132135,60,0.629201349454404,5,1,22,23,33,"[990, 1159]",COMPLETE
1684,1684,0.23487096782192174,3.0291295051574707,2021-06-19 14:47:19.911673,2021-06-19 14:47:22.943565,0 days 00:00:03.031892,20,0.9764903200313224,10,1,28,26,33,"[990, 1219]",COMPLETE
1685,1685,0.23635705633332713,2.5748393535614014,2021-06-19 14:47:22.945136,2021-06-19 14:47:25.522482,0 days 00:00:02.577346,20,0.7492482924832433,10,1,23,26,33,"[900, 960]",COMPLETE
1686,1686,0.2902622936323409,2.6583216190338135,2021-06-19 14:47:25.524080,2021-06-19 14:47:28.185238,0 days 00:00:02.661158,20,0.7044121314824888,10,8,30,3,33,"[908, 1244]",COMPLETE
1687,1687,0.27973602447197143,2.696467638015747,2021-06-19 14:47:28.187037,2021-06-19 14:47:30.886330,0 days 00:00:02.699293,20,0.6754700472068649,10,3,30,9,33,"[1133, 1118]",COMPLETE
1688,1688,0.22946188119006905,2.68900728225708,2021-06-19 14:47:30.888152,2021-06-19 14:47:33.579789,0 days 00:00:02.691637,60,0.7044121314824888,10,9,30,26,33,"[993, 1218]",COMPLETE
1689,1689,0.23146923092860405,2.736382484436035,2021-06-19 14:47:33.581652,2021-06-19 14:47:36.320754,0 days 00:00:02.739102,20,0.7583144323279547,10,1,23,26,33,"[647, 1219]",COMPLETE
1690,1690,inf,inf,2021-06-19 14:47:36.322493,2021-06-19 14:47:36.779457,0 days 00:00:00.456964,20,0.5896077761217589,10,9,22,25,33,"[511, 1288]",COMPLETE
1691,1691,inf,inf,2021-06-19 14:47:36.782631,2021-06-19 14:47:37.126805,0 days 00:00:00.344174,10,0.4653781462391454,10,1,30,25,33,"[1521, 1521]",COMPLETE
1692,1692,0.255287959855308,2.862729787826538,2021-06-19 14:47:37.134413,2021-06-19 14:47:40.001147,0 days 00:00:02.866734,20,0.7044121314824888,7,1,30,26,33,"[840, 993]",COMPLETE
1693,1693,0.2337125959313137,2.7404985427856445,2021-06-19 14:47:40.002773,2021-06-19 14:47:42.745974,0 days 00:00:02.743201,20,0.7044121314824888,10,2,23,26,33,"[1219, 1160]",COMPLETE
1694,1694,0.2322413807498024,2.566265821456909,2021-06-19 14:47:42.747812,2021-06-19 14:47:45.316794,0 days 00:00:02.568982,10,0.6415613676855291,10,1,23,26,33,"[647, 1246]",COMPLETE
1695,1695,inf,inf,2021-06-19 14:47:45.318318,2021-06-19 14:47:45.476262,0 days 00:00:00.157944,10,0.3150598830602651,10,9,26,26,33,"[849, 411]",COMPLETE
1696,1696,inf,inf,2021-06-19 14:47:45.479912,2021-06-19 14:47:45.857108,0 days 00:00:00.377196,20,0.5363462552063953,10,9,30,25,33,"[1275, 1275]",COMPLETE
1697,1697,0.2336341986771842,2.7260067462921143,2021-06-19 14:47:45.869041,2021-06-19 14:47:48.599389,0 days 00:00:02.730348,10,0.7492482924832433,10,1,23,26,33,"[960, 900]",COMPLETE
1698,1698,1.0724504040386096,2.6197688579559326,2021-06-19 14:47:48.601197,2021-06-19 14:47:51.224094,0 days 00:00:02.622897,0,0.7044121314824888,10,9,30,0,33,"[1218, 1135]",COMPLETE
1699,1699,inf,inf,2021-06-19 14:47:51.225823,2021-06-19 14:47:51.494243,0 days 00:00:00.268420,10,0.4446272612508235,10,1,30,25,33,"[1006, 1246]",COMPLETE
1700,1700,0.23102390922199972,2.615262269973755,2021-06-19 14:47:51.496321,2021-06-19 14:49:05.638124,0 days 00:01:14.141803,20,0.7492482924832433,10,15,30,26,34,"[900, 993]",COMPLETE
1701,1701,0.23976122385900228,2.5841400623321533,2021-06-19 14:49:05.641245,2021-06-19 14:49:08.229149,0 days 00:00:02.587904,20,0.629201349454404,10,1,30,25,34,"[1656, 511]",COMPLETE
1702,1702,0.23613894011803382,2.612887144088745,2021-06-19 14:49:08.231020,2021-06-19 14:49:10.846643,0 days 00:00:02.615623,20,0.8978048007787602,10,1,23,26,34,"[1288, 1160]",COMPLETE
1703,1703,0.31004958873295313,5.64692234992981,2021-06-19 14:49:10.848490,2021-06-19 14:49:16.498079,0 days 00:00:05.649589,20,0.775837870117549,1,1,23,26,34,"[1160, 1344]",COMPLETE
1704,1704,0.23672014653343051,2.5807149410247803,2021-06-19 14:49:16.499708,2021-06-19 14:49:19.082974,0 days 00:00:02.583266,20,0.603627004462215,10,1,8,25,34,"[316, 1118]",COMPLETE
