,number,values_0,values_1,datetime_start,datetime_complete,duration,params_checks,params_n_ratio,params_nskip,params_trees,params_w1,params_w2,system_attrs_nsga2:generation,system_attrs_nsga2:parents,state
3255,3255,0.31030560503002946,5.695613861083984,2021-06-19 16:15:26.473508,2021-06-19 16:15:32.173677,0 days 00:00:05.700169,20,0.775837870117549,1,1,30,25,65,"[908, 2314]",COMPLETE
3256,3256,0.22629662890394683,2.5845351219177246,2021-06-19 16:15:32.176192,2021-06-19 16:15:34.765258,0 days 00:00:02.589066,20,0.7044121314824888,10,9,26,26,65,"[411, 411]",COMPLETE
3257,3257,0.2315757714455874,2.7467153072357178,2021-06-19 16:15:34.767374,2021-06-19 16:15:37.518222,0 days 00:00:02.750848,10,0.8483457695771777,10,1,28,25,65,"[2659, 2659]",COMPLETE
3258,3258,0.2615100881692073,3.043724298477173,2021-06-19 16:15:37.520719,2021-06-19 16:15:40.568879,0 days 00:00:03.048160,20,0.8047024443354969,6,1,24,25,65,"[2063, 2229]",COMPLETE
3259,3259,0.25099715571406866,2.95080828666687,2021-06-19 16:15:40.571442,2021-06-19 16:15:43.527298,0 days 00:00:02.955856,0,0.7044121314824888,8,15,23,24,65,"[2215, 1159]",COMPLETE
3260,3260,0.22528729658861604,2.5954697132110596,2021-06-19 16:15:43.529750,2021-06-19 16:15:46.129585,0 days 00:00:02.599835,20,0.7044121314824888,10,1,30,25,65,"[1006, 2960]",COMPLETE
3261,3261,0.26750334496627953,2.7426183223724365,2021-06-19 16:15:46.132030,2021-06-19 16:15:48.879057,0 days 00:00:02.747027,60,0.7044121314824888,10,1,2,14,65,"[1205, 3089]",COMPLETE
3262,3262,0.30715290910275783,5.530775785446167,2021-06-19 16:15:48.881398,2021-06-19 16:15:54.416725,0 days 00:00:05.535327,20,0.7044121314824888,1,1,24,26,65,"[2209, 2465]",COMPLETE
3263,3263,0.23177415581019506,2.670600652694702,2021-06-19 16:15:54.419104,2021-06-19 16:15:57.093955,0 days 00:00:02.674851,20,0.8047024443354969,10,12,24,25,65,"[2063, 2063]",COMPLETE
3264,3264,0.23251108940475881,2.738783597946167,2021-06-19 16:15:57.096977,2021-06-19 16:15:59.840118,0 days 00:00:02.743141,20,0.7044121314824888,10,1,30,26,65,"[374, 2465]",COMPLETE
3265,3265,0.23075785099225837,2.679197311401367,2021-06-19 16:15:59.842360,2021-06-19 16:16:02.525857,0 days 00:00:02.683497,30,0.7044121314824888,10,9,30,26,65,"[2963, 374]",COMPLETE
3266,3266,0.23823372433217987,2.7454543113708496,2021-06-19 16:16:02.528401,2021-06-19 16:16:05.278526,0 days 00:00:02.750125,20,0.7492482924832433,10,5,9,25,65,"[3089, 2862]",COMPLETE
3267,3267,0.23515431389171654,2.60233211517334,2021-06-19 16:16:05.280804,2021-06-19 16:16:07.887612,0 days 00:00:02.606808,10,0.8047024443354969,10,1,30,23,65,"[1745, 849]",COMPLETE
3268,3268,0.24155871157618386,2.600020170211792,2021-06-19 16:16:07.890152,2021-06-19 16:16:10.494960,0 days 00:00:02.604808,20,0.7492482924832433,10,1,9,22,65,"[745, 1929]",COMPLETE
3269,3269,0.24863814811704876,2.8236334323883057,2021-06-19 16:16:10.497488,2021-06-19 16:16:13.326159,0 days 00:00:02.828671,60,0.7492482924832433,10,7,4,20,65,"[2929, 2963]",COMPLETE
3270,3270,0.23030263529807754,2.5784811973571777,2021-06-19 16:16:13.328644,2021-06-19 16:16:15.911418,0 days 00:00:02.582774,20,0.7044121314824888,10,1,30,25,65,"[2078, 1246]",COMPLETE
3271,3271,0.25877955555793514,2.8222146034240723,2021-06-19 16:16:15.913970,2021-06-19 16:16:18.741061,0 days 00:00:02.827091,0,0.775837870117549,10,1,30,25,65,"[1135, 2991]",COMPLETE
3272,3272,0.23180134093140048,2.601081371307373,2021-06-19 16:16:18.743558,2021-06-19 16:16:21.349235,0 days 00:00:02.605677,60,0.8931618000392607,10,1,23,26,65,"[2078, 3089]",COMPLETE
3273,3273,0.22793021201721933,2.725431442260742,2021-06-19 16:16:21.351637,2021-06-19 16:16:24.081345,0 days 00:00:02.729708,20,0.8047024443354969,10,1,30,25,65,"[2712, 2229]",COMPLETE
3274,3274,0.2311137220747888,2.568114995956421,2021-06-19 16:16:24.083629,2021-06-19 16:16:26.656030,0 days 00:00:02.572401,20,0.7044121314824888,10,1,30,26,65,"[3105, 1218]",COMPLETE
3275,3275,0.27015159651084303,3.175471544265747,2021-06-19 16:16:26.658429,2021-06-19 16:16:29.838448,0 days 00:00:03.180019,20,0.7044121314824888,5,9,30,28,65,"[1389, 374]",COMPLETE
3276,3276,0.2320672969492778,2.8579723834991455,2021-06-19 16:16:29.840910,2021-06-19 16:16:32.703296,0 days 00:00:02.862386,20,0.6198113871705635,10,15,23,25,65,"[2215, 647]",COMPLETE
3277,3277,0.23200187074724343,2.5670249462127686,2021-06-19 16:16:32.705771,2021-06-19 16:16:35.277196,0 days 00:00:02.571425,20,0.6649439765388306,10,1,30,25,65,"[1674, 3195]",COMPLETE
3278,3278,0.22984598272802934,2.731889247894287,2021-06-19 16:16:35.279623,2021-06-19 16:16:38.016018,0 days 00:00:02.736395,10,0.592698913274927,10,1,30,25,65,"[1246, 1656]",COMPLETE
3279,3279,0.2275798494693835,2.6332085132598877,2021-06-19 16:16:38.018431,2021-06-19 16:16:40.655950,0 days 00:00:02.637519,20,0.7044121314824888,10,9,30,26,65,"[374, 3082]",COMPLETE
3280,3280,0.23133027715764845,2.6096677780151367,2021-06-19 16:16:40.658353,2021-06-19 16:16:43.272334,0 days 00:00:02.613981,20,0.7044121314824888,10,6,30,26,65,"[1218, 1674]",COMPLETE
3281,3281,0.23288114567416174,2.6943600177764893,2021-06-19 16:16:43.274762,2021-06-19 16:16:45.973543,0 days 00:00:02.698781,20,0.7492482924832433,10,1,30,25,65,"[1735, 2712]",COMPLETE
3282,3282,0.3410484406051231,2.641021728515625,2021-06-19 16:16:45.975558,2021-06-19 16:16:48.621092,0 days 00:00:02.645534,20,0.6415492259649922,10,15,8,1,65,"[849, 2215]",COMPLETE
3283,3283,0.2297783273470527,2.729489326477051,2021-06-19 16:16:48.623570,2021-06-19 16:16:51.357712,0 days 00:00:02.734142,20,0.7044121314824888,10,9,29,26,65,"[2256, 2209]",COMPLETE
3284,3284,inf,inf,2021-06-19 16:16:51.360206,2021-06-19 16:16:51.536847,0 days 00:00:00.176641,20,0.36811757026307157,10,9,30,8,65,"[2960, 3089]",COMPLETE
3285,3285,0.2421604245307513,2.598262071609497,2021-06-19 16:16:51.546048,2021-06-19 16:16:54.163490,0 days 00:00:02.617442,20,0.8047024443354969,10,10,5,25,65,"[374, 2229]",COMPLETE
3286,3286,0.23043865769448488,2.5983965396881104,2021-06-19 16:16:54.165912,2021-06-19 16:16:56.768762,0 days 00:00:02.602850,20,0.7044121314824888,10,9,30,25,65,"[1135, 1244]",COMPLETE
3287,3287,0.3031523652524823,2.7250635623931885,2021-06-19 16:16:56.771322,2021-06-19 16:16:59.500967,0 days 00:00:02.729645,20,0.775837870117549,10,1,18,1,65,"[2314, 2314]",COMPLETE
3288,3288,0.23546594778553132,2.6191201210021973,2021-06-19 16:16:59.503381,2021-06-19 16:17:02.126920,0 days 00:00:02.623539,10,0.7492482924832433,10,1,17,26,65,"[2963, 745]",COMPLETE
3289,3289,inf,inf,2021-06-19 16:17:02.128971,2021-06-19 16:17:02.405148,0 days 00:00:00.276177,60,0.45824564219363917,10,7,23,25,65,"[2712, 2078]",COMPLETE
3290,3290,inf,inf,2021-06-19 16:17:02.409297,2021-06-19 16:17:02.598845,0 days 00:00:00.189548,20,0.39146156099551266,10,3,28,25,65,"[2659, 1159]",COMPLETE
3291,3291,0.27200545454765596,2.7940948009490967,2021-06-19 16:17:02.602456,2021-06-19 16:17:05.407779,0 days 00:00:02.805323,100,0.7044121314824888,10,1,30,14,65,"[1929, 1205]",COMPLETE
3292,3292,0.30354523609419093,3.855654001235962,2021-06-19 16:17:05.409864,2021-06-19 16:17:09.270058,0 days 00:00:03.860194,20,0.7044121314824888,3,9,30,22,65,"[1244, 2862]",COMPLETE
3293,3293,0.25506196023856964,2.9214580059051514,2021-06-19 16:17:09.272600,2021-06-19 16:17:12.199089,0 days 00:00:02.926489,50,0.6125388072738492,7,9,15,25,65,"[1244, 1244]",COMPLETE
3294,3294,0.23552619720436413,2.777812957763672,2021-06-19 16:17:12.201592,2021-06-19 16:17:14.984192,0 days 00:00:02.782600,20,0.8047024443354969,10,16,16,25,65,"[2063, 316]",COMPLETE
3295,3295,inf,inf,2021-06-19 16:17:14.986555,2021-06-19 16:17:15.159440,0 days 00:00:00.172885,20,0.3984259529509737,10,1,30,25,65,"[2314, 1674]",COMPLETE
3296,3296,0.23168399347186766,2.557936668395996,2021-06-19 16:17:15.185873,2021-06-19 16:17:17.761416,0 days 00:00:02.575543,20,0.8047024443354969,10,1,23,26,65,"[647, 647]",COMPLETE
3297,3297,0.26697867106432943,2.765559196472168,2021-06-19 16:17:17.763755,2021-06-19 16:17:20.533738,0 days 00:00:02.769983,20,0.6610090485736634,10,1,24,16,65,"[2063, 2063]",COMPLETE
3298,3298,0.24525331982433182,2.780242919921875,2021-06-19 16:17:20.535799,2021-06-19 16:17:23.320471,0 days 00:00:02.784672,20,0.7044121314824888,8,6,30,25,65,"[1674, 1205]",COMPLETE
3299,3299,0.23406383150125212,2.574688673019409,2021-06-19 16:17:23.322635,2021-06-19 16:17:25.901686,0 days 00:00:02.579051,20,0.8047024443354969,10,1,30,30,65,"[2256, 2256]",COMPLETE
3300,3300,0.22800679819480021,2.7709805965423584,2021-06-19 16:17:25.904262,2021-06-19 16:18:40.572025,0 days 00:01:14.667763,30,0.7044121314824888,10,9,26,26,66,"[411, 2862]",COMPLETE
3301,3301,0.2281351192998592,2.6539700031280518,2021-06-19 16:18:40.576806,2021-06-19 16:18:43.236948,0 days 00:00:02.660142,20,0.7044121314824888,10,9,30,26,66,"[1674, 374]",COMPLETE
3302,3302,0.2952368875006964,4.700162887573242,2021-06-19 16:18:43.239178,2021-06-19 16:18:47.944045,0 days 00:00:04.704867,60,0.8047024443354969,2,7,27,25,66,"[3089, 1745]",COMPLETE
3303,3303,0.2804962410162347,2.5186522006988525,2021-06-19 16:18:47.946517,2021-06-19 16:18:50.469421,0 days 00:00:02.522904,20,0.8047024443354969,10,1,30,5,66,"[2229, 2229]",COMPLETE
3304,3304,0.22817460601971085,2.729227066040039,2021-06-19 16:18:50.471852,2021-06-19 16:18:53.205478,0 days 00:00:02.733626,20,0.7044121314824888,10,1,30,25,66,"[3260, 1246]",COMPLETE
3305,3305,0.22954738130152788,2.647533416748047,2021-06-19 16:18:53.207577,2021-06-19 16:18:55.859552,0 days 00:00:02.651975,30,0.7519464780621251,10,9,26,26,66,"[3256, 2963]",COMPLETE
3306,3306,0.2666949357707264,2.569108724594116,2021-06-19 16:18:55.861781,2021-06-19 16:18:58.435627,0 days 00:00:02.573846,20,0.6503389066914519,10,1,30,13,66,"[1389, 3082]",COMPLETE
3307,3307,0.2261729136174458,2.740147829055786,2021-06-19 16:18:58.438154,2021-06-19 16:19:01.182462,0 days 00:00:02.744308,20,0.7044121314824888,10,9,30,26,66,"[2862, 2862]",COMPLETE
3308,3308,0.23630620795154164,2.660472869873047,2021-06-19 16:19:01.184902,2021-06-19 16:19:03.849975,0 days 00:00:02.665073,20,0.7044121314824888,10,13,30,23,66,"[908, 849]",COMPLETE
3309,3309,0.23131745457487835,2.5828166007995605,2021-06-19 16:19:03.852494,2021-06-19 16:19:06.440084,0 days 00:00:02.587590,20,0.775837870117549,10,1,30,25,66,"[2314, 3195]",COMPLETE
3310,3310,0.23254658766427655,2.8081400394439697,2021-06-19 16:19:06.442563,2021-06-19 16:19:09.255157,0 days 00:00:02.812594,20,0.8088343721849882,10,9,30,25,66,"[2862, 2862]",COMPLETE
3311,3311,0.2279846022510537,2.6547677516937256,2021-06-19 16:19:09.257643,2021-06-19 16:19:11.916987,0 days 00:00:02.659344,40,0.7492482924832433,10,12,30,25,66,"[1745, 1735]",COMPLETE
3312,3312,0.2317245771986353,2.7248034477233887,2021-06-19 16:19:11.919463,2021-06-19 16:19:14.648740,0 days 00:00:02.729277,20,0.7343929577357835,10,1,28,26,66,"[2659, 1599]",COMPLETE
3313,3313,0.23707456884401412,2.6003665924072266,2021-06-19 16:19:14.651163,2021-06-19 16:19:17.255865,0 days 00:00:02.604702,20,0.7044121314824888,10,1,30,25,66,"[1656, 1006]",COMPLETE
3314,3314,0.2290501291991164,2.775052547454834,2021-06-19 16:19:17.258225,2021-06-19 16:19:20.037660,0 days 00:00:02.779435,20,0.775837870117549,10,6,30,25,66,"[2314, 1674]",COMPLETE
3315,3315,0.24346030881956102,2.6015982627868652,2021-06-19 16:19:20.040150,2021-06-19 16:19:22.646313,0 days 00:00:02.606163,20,0.7044121314824888,10,3,1,26,66,"[2963, 3256]",COMPLETE
3316,3316,inf,inf,2021-06-19 16:19:22.648784,2021-06-19 16:19:22.985481,0 days 00:00:00.336697,20,0.5183074790447914,10,9,6,25,66,"[1735, 3256]",COMPLETE
3317,3317,0.22893123347155284,2.6514313220977783,2021-06-19 16:19:22.989376,2021-06-19 16:19:25.652137,0 days 00:00:02.662761,20,0.7044121314824888,10,6,30,26,66,"[1246, 3296]",COMPLETE
3318,3318,0.23510146316059288,2.7101824283599854,2021-06-19 16:19:25.654635,2021-06-19 16:19:28.369312,0 days 00:00:02.714677,20,0.7492482924832433,10,1,24,26,66,"[1312, 900]",COMPLETE
3319,3319,0.231648967112397,2.6007821559906006,2021-06-19 16:19:28.371829,2021-06-19 16:19:30.977634,0 days 00:00:02.605805,20,0.8047024443354969,10,7,30,25,66,"[1929, 1312]",COMPLETE
3320,3320,0.28383468407216395,4.129560708999634,2021-06-19 16:19:30.980124,2021-06-19 16:19:35.114168,0 days 00:00:04.134044,20,0.8047024443354969,3,16,23,26,66,"[647, 647]",COMPLETE
3321,3321,0.25035883942989656,2.7474074363708496,2021-06-19 16:19:35.116589,2021-06-19 16:19:37.868713,0 days 00:00:02.752124,0,0.7044121314824888,8,3,18,26,66,"[374, 2465]",COMPLETE
3322,3322,0.23804540574209582,2.565701961517334,2021-06-19 16:19:37.871160,2021-06-19 16:19:40.441382,0 days 00:00:02.570222,20,0.7044121314824888,10,9,10,26,66,"[1312, 3256]",COMPLETE
3323,3323,0.2295936742542978,2.7186503410339355,2021-06-19 16:19:40.443868,2021-06-19 16:19:43.167080,0 days 00:00:02.723212,30,0.775837870117549,10,1,30,25,66,"[2991, 1735]",COMPLETE
3324,3324,0.23195670502172638,2.592899799346924,2021-06-19 16:19:43.169496,2021-06-19 16:19:45.766551,0 days 00:00:02.597055,10,0.7044121314824888,10,1,28,25,66,"[2659, 2659]",COMPLETE
3325,3325,inf,inf,2021-06-19 16:19:45.769071,2021-06-19 16:19:46.078341,0 days 00:00:00.309270,10,0.5549345812813471,10,1,30,12,66,"[1389, 3105]",COMPLETE
3326,3326,0.23026106607835373,2.791486978530884,2021-06-19 16:19:46.087056,2021-06-19 16:19:48.897300,0 days 00:00:02.810244,30,0.8047024443354969,10,9,30,25,66,"[1745, 2963]",COMPLETE
3327,3327,0.23074495039631054,2.6340742111206055,2021-06-19 16:19:48.899704,2021-06-19 16:19:51.538175,0 days 00:00:02.638471,20,0.7044121314824888,10,9,30,26,66,"[2314, 2486]",COMPLETE
3328,3328,0.25972899084763146,2.9956846237182617,2021-06-19 16:19:51.540555,2021-06-19 16:19:54.541086,0 days 00:00:03.000531,20,0.8047024443354969,6,9,15,26,66,"[1745, 2862]",COMPLETE
3329,3329,0.23483325012952408,2.7542243003845215,2021-06-19 16:19:54.543536,2021-06-19 16:19:57.302283,0 days 00:00:02.758747,10,0.8047024443354969,10,1,30,25,66,"[316, 1745]",COMPLETE
3330,3330,0.23466839525968597,2.545623540878296,2021-06-19 16:19:57.304714,2021-06-19 16:19:59.854870,0 days 00:00:02.550156,20,0.7044121314824888,10,1,23,25,66,"[2659, 2078]",COMPLETE
3331,3331,0.23333204585005332,2.640071153640747,2021-06-19 16:19:59.857379,2021-06-19 16:20:02.501876,0 days 00:00:02.644497,20,0.7492482924832433,10,1,23,26,66,"[880, 2078]",COMPLETE
3332,3332,0.2370614121871887,2.7369182109832764,2021-06-19 16:20:02.504440,2021-06-19 16:20:05.245633,0 days 00:00:02.741193,20,0.7044121314824888,10,1,30,25,66,"[1656, 1656]",COMPLETE
3333,3333,0.23786304671453476,2.665632963180542,2021-06-19 16:20:05.248190,2021-06-19 16:20:07.920231,0 days 00:00:02.672041,90,0.7492482924832433,10,1,26,22,66,"[3195, 745]",COMPLETE
3334,3334,0.24324541911659608,2.7839646339416504,2021-06-19 16:20:07.922619,2021-06-19 16:20:10.711064,0 days 00:00:02.788445,20,0.7044121314824888,10,1,4,25,66,"[2209, 1674]",COMPLETE
3335,3335,0.22909997035326252,2.583401679992676,2021-06-19 16:20:10.713593,2021-06-19 16:20:13.301845,0 days 00:00:02.588252,20,0.7044121314824888,10,1,26,26,66,"[1735, 3256]",COMPLETE
3336,3336,0.22999633796731872,2.5977065563201904,2021-06-19 16:20:13.304347,2021-06-19 16:20:15.906516,0 days 00:00:02.602169,20,0.7044121314824888,10,1,30,25,66,"[1135, 2465]",COMPLETE
3337,3337,0.30693950892035593,5.546442747116089,2021-06-19 16:20:15.908852,2021-06-19 16:20:21.459888,0 days 00:00:05.551036,10,0.7492482924832433,1,1,30,26,66,"[647, 880]",COMPLETE
3338,3338,0.23180445713552203,2.6027615070343018,2021-06-19 16:20:21.462324,2021-06-19 16:20:24.069641,0 days 00:00:02.607317,20,0.7044121314824888,10,1,23,26,66,"[2659, 2078]",COMPLETE
3339,3339,0.26805475969608544,2.740776777267456,2021-06-19 16:20:24.072085,2021-06-19 16:20:26.817387,0 days 00:00:02.745302,20,0.8047024443354969,10,1,30,8,66,"[2229, 1745]",COMPLETE
3340,3340,0.22981735914620766,2.613419532775879,2021-06-19 16:20:26.819553,2021-06-19 16:20:29.437470,0 days 00:00:02.617917,20,0.7492482924832433,10,1,30,25,66,"[2256, 1897]",COMPLETE
3341,3341,0.23812751136713484,2.8187997341156006,2021-06-19 16:20:29.439816,2021-06-19 16:20:32.263537,0 days 00:00:02.823721,20,0.775837870117549,10,8,30,20,66,"[1218, 3082]",COMPLETE
3342,3342,0.22829827204925257,2.5944297313690186,2021-06-19 16:20:32.265858,2021-06-19 16:20:34.865003,0 days 00:00:02.599145,20,0.7100511651342796,10,1,30,26,66,"[2762, 2963]",COMPLETE
3343,3343,0.2307690142041304,2.6045663356781006,2021-06-19 16:20:34.867513,2021-06-19 16:20:37.476464,0 days 00:00:02.608951,20,0.7492482924832433,10,1,30,26,66,"[2991, 900]",COMPLETE
3344,3344,0.23840438292245375,2.7667112350463867,2021-06-19 16:20:37.479038,2021-06-19 16:20:40.250790,0 days 00:00:02.771752,60,0.8047024443354969,10,1,22,25,66,"[849, 1312]",COMPLETE
3345,3345,0.2315360411768,2.585665464401245,2021-06-19 16:20:40.253229,2021-06-19 16:20:42.843581,0 days 00:00:02.590352,20,0.7492482924832433,10,1,21,25,66,"[900, 1135]",COMPLETE
3346,3346,0.23276894466153264,2.6683573722839355,2021-06-19 16:20:42.846088,2021-06-19 16:20:45.519174,0 days 00:00:02.673086,70,0.9045365807198111,10,9,30,26,66,"[908, 2960]",COMPLETE
3347,3347,0.23224232615405072,2.756432294845581,2021-06-19 16:20:45.521680,2021-06-19 16:20:48.282517,0 days 00:00:02.760837,30,0.7044121314824888,10,1,30,26,66,"[2963, 2991]",COMPLETE
3348,3348,0.2592995804729807,2.5492970943450928,2021-06-19 16:20:48.284989,2021-06-19 16:20:50.838773,0 days 00:00:02.553784,20,0.7044121314824888,10,1,26,14,66,"[411, 1205]",COMPLETE
3349,3349,inf,inf,2021-06-19 16:20:50.841291,2021-06-19 16:20:51.052910,0 days 00:00:00.211619,60,0.4271656188505749,10,7,30,25,66,"[2929, 1735]",COMPLETE
3350,3350,0.23041912655893526,2.7330334186553955,2021-06-19 16:20:51.056453,2021-06-19 16:20:53.885763,0 days 00:00:02.829310,20,0.8047024443354969,10,1,30,25,67,"[1745, 1159]",COMPLETE
3351,3351,0.2291450787080372,2.621832847595215,2021-06-19 16:20:53.888163,2021-06-19 16:20:56.514814,0 days 00:00:02.626651,30,0.8047024443354969,10,11,24,25,67,"[2762, 1312]",COMPLETE
3352,3352,0.23007274727534885,2.7269129753112793,2021-06-19 16:20:56.516947,2021-06-19 16:20:59.248300,0 days 00:00:02.731353,10,0.7044121314824888,10,1,30,25,67,"[374, 1246]",COMPLETE
3353,3353,0.23670604252214414,2.62292742729187,2021-06-19 16:20:59.250765,2021-06-19 16:21:01.878340,0 days 00:00:02.627575,90,0.7492482924832433,10,1,11,25,67,"[900, 3089]",COMPLETE
3354,3354,0.2846342057978315,2.5839433670043945,2021-06-19 16:21:01.880937,2021-06-19 16:21:04.469900,0 days 00:00:02.588963,20,0.7044121314824888,10,1,30,6,67,"[3105, 1135]",COMPLETE
3355,3355,0.28939438715252774,3.868730306625366,2021-06-19 16:21:04.472399,2021-06-19 16:21:08.345673,0 days 00:00:03.873274,10,0.7492482924832433,3,1,30,25,67,"[2486, 1389]",COMPLETE
3356,3356,0.28417021406038234,2.6444973945617676,2021-06-19 16:21:08.348191,2021-06-19 16:21:10.997485,0 days 00:00:02.649294,20,0.8047024443354969,10,4,30,8,67,"[2229, 1929]",COMPLETE
3357,3357,0.23982804225567228,2.9256842136383057,2021-06-19 16:21:10.999867,2021-06-19 16:21:13.930240,0 days 00:00:02.930373,20,0.7044121314824888,8,9,30,26,67,"[1974, 3195]",COMPLETE
3358,3358,0.27661872694519674,2.607250690460205,2021-06-19 16:21:13.932778,2021-06-19 16:21:16.544564,0 days 00:00:02.611786,20,0.7044121314824888,10,1,30,8,67,"[1159, 1159]",COMPLETE
3359,3359,0.24646579885400807,2.694145441055298,2021-06-19 16:21:16.546933,2021-06-19 16:21:19.245620,0 days 00:00:02.698687,0,0.603627004462215,10,1,8,26,67,"[316, 2465]",COMPLETE
3360,3360,0.3170265351289924,4.281206846237183,2021-06-19 16:21:19.248019,2021-06-19 16:21:23.534083,0 days 00:00:04.286064,20,0.775837870117549,2,1,23,9,67,"[2991, 1656]",COMPLETE
3361,3361,0.2453593858230073,2.621657609939575,2021-06-19 16:21:23.536653,2021-06-19 16:21:26.162824,0 days 00:00:02.626171,20,0.7044121314824888,10,9,2,26,67,"[3307, 1205]",COMPLETE
3362,3362,inf,inf,2021-06-19 16:21:26.165389,2021-06-19 16:21:26.343617,0 days 00:00:00.178228,30,0.47781950653823246,10,1,30,26,67,"[2229, 2963]",COMPLETE
3363,3363,0.23485521147979707,2.7955691814422607,2021-06-19 16:21:26.347366,2021-06-19 16:21:29.161121,0 days 00:00:02.813755,100,0.7492482924832433,10,1,24,22,67,"[3089, 2209]",COMPLETE
3364,3364,0.22952209189987186,2.6617085933685303,2021-06-19 16:21:29.163565,2021-06-19 16:21:31.829865,0 days 00:00:02.666300,20,0.7762223571878322,10,9,26,26,67,"[2762, 3256]",COMPLETE
3365,3365,0.22961953690085155,2.7456512451171875,2021-06-19 16:21:31.832383,2021-06-19 16:21:34.582898,0 days 00:00:02.750515,20,0.8047024443354969,10,1,30,26,67,"[374, 2229]",COMPLETE
3366,3366,0.2366536289206967,2.680048704147339,2021-06-19 16:21:34.585305,2021-06-19 16:21:37.269792,0 days 00:00:02.684487,20,0.7044121314824888,9,1,30,25,67,"[1656, 1656]",COMPLETE
3367,3367,inf,inf,2021-06-19 16:21:37.272060,2021-06-19 16:21:37.456478,0 days 00:00:00.184418,70,0.3891176693653405,10,1,30,25,67,"[1246, 1159]",COMPLETE
3368,3368,0.23107831263428857,2.739602565765381,2021-06-19 16:21:37.471177,2021-06-19 16:21:40.223773,0 days 00:00:02.752596,20,0.7492482924832433,10,1,23,26,67,"[647, 900]",COMPLETE
3369,3369,0.23488521015579822,2.596648693084717,2021-06-19 16:21:40.226116,2021-06-19 16:21:42.827232,0 days 00:00:02.601116,20,0.7044121314824888,10,9,30,25,67,"[1135, 374]",COMPLETE
3370,3370,inf,inf,2021-06-19 16:21:42.829833,2021-06-19 16:21:43.262225,0 days 00:00:00.432392,20,0.5205332152766963,10,1,24,20,67,"[1929, 2209]",COMPLETE
3371,3371,0.269073437614125,2.5526723861694336,2021-06-19 16:21:43.271940,2021-06-19 16:21:45.841497,0 days 00:00:02.569557,20,0.7366180852884001,10,1,2,14,67,"[1205, 1205]",COMPLETE
3372,3372,0.2761887017059206,3.3220584392547607,2021-06-19 16:21:45.843998,2021-06-19 16:21:49.170659,0 days 00:00:03.326661,70,0.7044121314824888,5,1,23,26,67,"[2078, 2209]",COMPLETE
3373,3373,0.23494075659073158,2.6518020629882812,2021-06-19 16:21:49.173142,2021-06-19 16:21:51.829489,0 days 00:00:02.656347,20,0.7044121314824888,10,1,30,26,67,"[3307, 1929]",COMPLETE
