,number,values_0,values_1,datetime_start,datetime_complete,duration,params_checks,params_n_ratio,params_nskip,params_trees,params_w1,params_w2,system_attrs_nsga2:generation,system_attrs_nsga2:parents,state
3374,3374,0.3028868935801374,2.769249200820923,2021-06-19 16:21:51.831989,2021-06-19 16:21:54.605894,0 days 00:00:02.773905,20,0.7044121314824888,10,9,30,5,67,"[374, 2963]",COMPLETE
3375,3375,0.2314797327543548,2.6059112548828125,2021-06-19 16:21:54.608374,2021-06-19 16:21:57.218523,0 days 00:00:02.610149,20,0.775837870117549,10,1,30,26,67,"[1974, 1974]",COMPLETE
3376,3376,0.2324088832457697,2.630535364151001,2021-06-19 16:21:57.220851,2021-06-19 16:21:59.856008,0 days 00:00:02.635157,90,0.8047024443354969,10,1,23,25,67,"[2256, 647]",COMPLETE
3377,3377,0.23071481094176263,2.7534613609313965,2021-06-19 16:21:59.858575,2021-06-19 16:22:02.616966,0 days 00:00:02.758391,20,0.7492482924832433,10,1,23,25,67,"[2960, 2078]",COMPLETE
3378,3378,0.23064829807138998,2.5604844093322754,2021-06-19 16:22:02.619044,2021-06-19 16:22:05.184151,0 days 00:00:02.565107,20,0.7252855850520269,10,1,30,25,67,"[374, 3260]",COMPLETE
3379,3379,0.2570060968067059,3.2124712467193604,2021-06-19 16:22:05.186613,2021-06-19 16:22:08.403732,0 days 00:00:03.217119,20,0.7492482924832433,6,4,30,25,67,"[3100, 1674]",COMPLETE
3380,3380,0.2295917859176865,2.627265691757202,2021-06-19 16:22:08.406119,2021-06-19 16:22:11.037913,0 days 00:00:02.631794,20,0.7492482924832433,10,8,24,26,67,"[2659, 900]",COMPLETE
3381,3381,inf,inf,2021-06-19 16:22:11.040035,2021-06-19 16:22:11.258133,0 days 00:00:00.218098,0,0.37054895478660577,10,1,30,25,67,"[1389, 3082]",COMPLETE
3382,3382,0.23342590256264745,2.648833751678467,2021-06-19 16:22:11.272999,2021-06-19 16:22:13.932283,0 days 00:00:02.659284,20,0.7044121314824888,10,9,30,26,67,"[1656, 1218]",COMPLETE
3383,3383,0.2770248592938522,2.7380194664001465,2021-06-19 16:22:13.934608,2021-06-19 16:22:16.677181,0 days 00:00:02.742573,10,0.7044121314824888,10,1,30,8,67,"[3105, 3260]",COMPLETE
3384,3384,0.23315511873600792,2.5505661964416504,2021-06-19 16:22:16.679657,2021-06-19 16:22:19.234704,0 days 00:00:02.555047,20,0.7492482924832433,10,1,30,25,67,"[1028, 1735]",COMPLETE
3385,3385,0.3292626884159267,8.984124422073364,2021-06-19 16:22:19.237173,2021-06-19 16:22:28.225685,0 days 00:00:08.988512,10,0.603627004462215,0,1,8,25,67,"[316, 316]",COMPLETE
3386,3386,0.23072637309938826,2.606102228164673,2021-06-19 16:22:28.227854,2021-06-19 16:22:30.838409,0 days 00:00:02.610555,20,0.7044121314824888,10,9,30,26,67,"[411, 3260]",COMPLETE
3387,3387,0.23184905308787904,2.807067632675171,2021-06-19 16:22:30.840884,2021-06-19 16:22:33.652498,0 days 00:00:02.811614,10,0.603627004462215,10,16,23,25,67,"[316, 2078]",COMPLETE
3388,3388,0.23253985670199195,2.6123578548431396,2021-06-19 16:22:33.654876,2021-06-19 16:22:36.271879,0 days 00:00:02.617003,40,0.6415492259649922,10,1,30,25,67,"[1218, 849]",COMPLETE
3389,3389,0.2874219721745649,3.769301176071167,2021-06-19 16:22:36.274368,2021-06-19 16:22:40.048308,0 days 00:00:03.773940,20,0.8047024443354969,3,1,23,26,67,"[647, 3105]",COMPLETE
3390,3390,0.2341531154678842,2.6701273918151855,2021-06-19 16:22:40.050792,2021-06-19 16:22:42.725492,0 days 00:00:02.674700,20,0.7889839804550882,10,1,30,26,67,"[1735, 374]",COMPLETE
3391,3391,0.23587897010414705,2.59857177734375,2021-06-19 16:22:42.727989,2021-06-19 16:22:45.331045,0 days 00:00:02.603056,20,0.7492482924832433,10,1,30,25,67,"[2314, 900]",COMPLETE
3392,3392,0.23224939168239458,2.738089084625244,2021-06-19 16:22:45.333470,2021-06-19 16:22:48.076051,0 days 00:00:02.742581,30,0.8047024443354969,10,1,30,25,67,"[2963, 2256]",COMPLETE
3393,3393,0.23055555630022556,2.576997756958008,2021-06-19 16:22:48.078478,2021-06-19 16:22:50.659915,0 days 00:00:02.581437,20,0.8047024443354969,10,1,30,25,67,"[1159, 2229]",COMPLETE
3394,3394,0.23212472126715172,2.564497947692871,2021-06-19 16:22:50.662450,2021-06-19 16:22:53.231393,0 days 00:00:02.568943,10,0.7044121314824888,10,1,30,25,67,"[1246, 647]",COMPLETE
3395,3395,0.2361025597516786,2.7165889739990234,2021-06-19 16:22:53.233959,2021-06-19 16:22:55.955386,0 days 00:00:02.721427,20,0.87293451879636,10,1,12,25,67,"[1929, 2960]",COMPLETE
3396,3396,0.23477690844615495,2.6520071029663086,2021-06-19 16:22:55.957904,2021-06-19 16:22:58.614469,0 days 00:00:02.656565,0,0.6415492259649922,10,15,22,23,67,"[2762, 849]",COMPLETE
3397,3397,0.2425038674075925,2.7408411502838135,2021-06-19 16:22:58.617001,2021-06-19 16:23:01.362385,0 days 00:00:02.745384,10,0.775837870117549,10,1,30,20,67,"[880, 1974]",COMPLETE
3398,3398,0.2293538008921599,2.67162823677063,2021-06-19 16:23:01.364721,2021-06-19 16:23:04.040882,0 days 00:00:02.676161,20,0.7044121314824888,10,1,30,26,67,"[2465, 1974]",COMPLETE
3399,3399,0.22999639284099127,2.575906753540039,2021-06-19 16:23:04.043089,2021-06-19 16:23:06.623753,0 days 00:00:02.580664,20,0.7044121314824888,10,6,30,26,67,"[2465, 2229]",COMPLETE
3400,3400,0.22813156490917616,2.778808116912842,2021-06-19 16:23:06.626225,2021-06-19 16:24:20.778663,0 days 00:01:14.152438,20,0.7492482924832433,10,9,28,25,68,"[1735, 2659]",COMPLETE
3401,3401,0.22991361102891594,2.634699821472168,2021-06-19 16:24:20.783911,2021-06-19 16:24:23.424860,0 days 00:00:02.640949,20,0.8660536547729301,10,1,30,25,68,"[3195, 2229]",COMPLETE
3402,3402,0.22840895602019248,2.7238261699676514,2021-06-19 16:24:23.427138,2021-06-19 16:24:26.155265,0 days 00:00:02.728127,20,0.8047024443354969,10,1,30,25,68,"[1745, 1745]",COMPLETE
3403,3403,0.25075394519363925,2.763350009918213,2021-06-19 16:24:26.157787,2021-06-19 16:24:28.925844,0 days 00:00:02.768057,10,0.7044121314824888,7,1,24,26,68,"[2209, 849]",COMPLETE
3404,3404,0.23292187209673876,2.606196165084839,2021-06-19 16:24:28.928275,2021-06-19 16:24:31.539075,0 days 00:00:02.610800,20,0.7044121314824888,10,9,30,26,68,"[3307, 2465]",COMPLETE
3405,3405,0.23226418852613584,2.7897708415985107,2021-06-19 16:24:31.541550,2021-06-19 16:24:34.335765,0 days 00:00:02.794215,30,0.8047024443354969,10,9,30,26,68,"[647, 2963]",COMPLETE
3406,3406,0.23168973232443718,2.6207377910614014,2021-06-19 16:24:34.338309,2021-06-19 16:24:36.963805,0 days 00:00:02.625496,20,0.7492482924832433,10,5,23,25,68,"[2078, 1656]",COMPLETE
3407,3407,0.23091702850304108,2.744328260421753,2021-06-19 16:24:36.966337,2021-06-19 16:24:39.715471,0 days 00:00:02.749134,20,0.7492482924832433,10,1,29,25,68,"[2862, 1389]",COMPLETE
3408,3408,0.23102122871650133,2.564553737640381,2021-06-19 16:24:39.717724,2021-06-19 16:24:42.286789,0 days 00:00:02.569065,20,0.7044121314824888,10,1,23,26,68,"[2078, 1929]",COMPLETE
3409,3409,0.36210124387268855,2.6233227252960205,2021-06-19 16:24:42.289126,2021-06-19 16:24:44.917206,0 days 00:00:02.628080,20,0.7044121314824888,10,9,30,2,68,"[908, 3089]",COMPLETE
3410,3410,0.22858076935743324,2.7377612590789795,2021-06-19 16:24:44.919681,2021-06-19 16:24:47.662051,0 days 00:00:02.742370,10,0.7044121314824888,10,9,26,25,68,"[3256, 880]",COMPLETE
3411,3411,0.22961624052695118,2.6067469120025635,2021-06-19 16:24:47.664613,2021-06-19 16:24:50.276037,0 days 00:00:02.611424,10,0.7492482924832433,9,1,30,28,68,"[1389, 1205]",COMPLETE
3412,3412,0.23344553311150004,2.6841044425964355,2021-06-19 16:24:50.278586,2021-06-19 16:24:52.967146,0 days 00:00:02.688560,20,0.7044121314824888,10,1,30,25,68,"[1929, 3195]",COMPLETE
3413,3413,0.23415581751564285,2.586336374282837,2021-06-19 16:24:52.969677,2021-06-19 16:24:55.560457,0 days 00:00:02.590780,10,0.7492482924832433,10,7,30,25,68,"[3089, 849]",COMPLETE
3414,3414,0.22985247134606104,2.576274871826172,2021-06-19 16:24:55.562761,2021-06-19 16:24:58.143512,0 days 00:00:02.580751,20,0.8047024443354969,10,1,30,25,68,"[1312, 1897]",COMPLETE
3415,3415,0.24219882730299339,2.7598319053649902,2021-06-19 16:24:58.146008,2021-06-19 16:25:00.910432,0 days 00:00:02.764424,10,0.7492482924832433,10,1,2,25,68,"[880, 1735]",COMPLETE
3416,3416,0.27618558628913337,2.598994255065918,2021-06-19 16:25:00.913029,2021-06-19 16:25:03.517215,0 days 00:00:02.604186,10,0.8403343806449828,10,1,28,7,68,"[2991, 2659]",COMPLETE
3417,3417,inf,inf,2021-06-19 16:25:03.519753,2021-06-19 16:25:03.664389,0 days 00:00:00.144636,20,0.3094930824500149,10,1,23,26,68,"[2078, 647]",COMPLETE
3418,3418,inf,inf,2021-06-19 16:25:03.669005,2021-06-19 16:25:03.806463,0 days 00:00:00.137458,20,0.30391687849760507,10,9,3,22,68,"[3195, 3307]",COMPLETE
3419,3419,0.23359943551307688,2.716404914855957,2021-06-19 16:25:03.813862,2021-06-19 16:25:06.539662,0 days 00:00:02.725800,20,0.6952407948928465,10,1,30,26,68,"[1135, 3307]",COMPLETE
3420,3420,0.23038754075295226,2.554102897644043,2021-06-19 16:25:06.542158,2021-06-19 16:25:09.100844,0 days 00:00:02.558686,20,0.7044121314824888,10,1,30,26,68,"[1745, 2465]",COMPLETE
3421,3421,0.2315790039741056,2.6884684562683105,2021-06-19 16:25:09.103135,2021-06-19 16:25:11.796129,0 days 00:00:02.692994,20,0.7492482924832433,10,1,23,25,68,"[2078, 880]",COMPLETE
3422,3422,0.23254906663045768,2.5935962200164795,2021-06-19 16:25:11.798612,2021-06-19 16:25:14.396900,0 days 00:00:02.598288,20,0.7044121314824888,10,4,29,26,68,"[1218, 1006]",COMPLETE
3423,3423,0.23005943010166371,2.638765811920166,2021-06-19 16:25:14.399400,2021-06-19 16:25:17.042647,0 days 00:00:02.643247,20,0.7044121314824888,10,1,30,25,68,"[316, 1159]",COMPLETE
3424,3424,0.22971815449392555,2.728891134262085,2021-06-19 16:25:17.045184,2021-06-19 16:25:19.778616,0 days 00:00:02.733432,40,0.775837870117549,10,1,30,25,68,"[2991, 1135]",COMPLETE
3425,3425,0.2775683030907233,2.6337521076202393,2021-06-19 16:25:19.781044,2021-06-19 16:25:22.419646,0 days 00:00:02.638602,20,0.797957408836591,10,10,11,11,68,"[2963, 1674]",COMPLETE
3426,3426,inf,inf,2021-06-19 16:25:22.422173,2021-06-19 16:25:23.923474,0 days 00:00:01.501301,10,0.603627004462215,2,1,8,25,68,"[316, 316]",COMPLETE
3427,3427,0.23303297712175,2.7395458221435547,2021-06-19 16:25:23.928568,2021-06-19 16:25:26.679067,0 days 00:00:02.750499,20,0.7492482924832433,10,1,24,26,68,"[900, 647]",COMPLETE
3428,3428,0.24564841399637008,2.6343252658843994,2021-06-19 16:25:26.681544,2021-06-19 16:25:29.320694,0 days 00:00:02.639150,60,0.775837870117549,10,9,30,19,68,"[2991, 2963]",COMPLETE
3429,3429,0.3106562944760121,5.746775388717651,2021-06-19 16:25:29.323317,2021-06-19 16:25:35.075420,0 days 00:00:05.752103,20,0.7492482924832433,1,8,20,25,68,"[1028, 2862]",COMPLETE
3430,3430,0.2378900225690933,2.6930205821990967,2021-06-19 16:25:35.077951,2021-06-19 16:25:37.775581,0 days 00:00:02.697630,10,0.7492482924832433,10,1,16,25,68,"[1389, 1244]",COMPLETE
3431,3431,0.2303617876050965,2.605792760848999,2021-06-19 16:25:37.778065,2021-06-19 16:25:40.388345,0 days 00:00:02.610280,20,0.7492482924832433,10,9,26,26,68,"[411, 2078]",COMPLETE
3432,3432,0.2297492560631991,2.796912670135498,2021-06-19 16:25:40.390783,2021-06-19 16:25:43.192221,0 days 00:00:02.801438,20,0.7492482924832433,10,9,30,25,68,"[1674, 2960]",COMPLETE
3433,3433,0.22926246984211465,2.6058127880096436,2021-06-19 16:25:43.194401,2021-06-19 16:25:45.804846,0 days 00:00:02.610445,20,0.7492482924832433,10,1,30,25,68,"[1674, 2078]",COMPLETE
3434,3434,0.2326429301150961,2.5803539752960205,2021-06-19 16:25:45.807383,2021-06-19 16:25:48.392172,0 days 00:00:02.584789,20,0.7492482924832433,10,1,30,25,68,"[880, 2078]",COMPLETE
3435,3435,0.24192252171986642,2.720203161239624,2021-06-19 16:25:48.394655,2021-06-19 16:25:51.119413,0 days 00:00:02.724758,20,0.7044121314824888,10,1,18,30,68,"[1159, 1159]",COMPLETE
3436,3436,0.28066199610758114,3.4622490406036377,2021-06-19 16:25:51.121982,2021-06-19 16:25:54.589015,0 days 00:00:03.467033,20,0.9051383123003574,4,1,28,25,68,"[647, 3260]",COMPLETE
3437,3437,0.23383531359540424,2.853163480758667,2021-06-19 16:25:54.591521,2021-06-19 16:25:57.449334,0 days 00:00:02.857813,20,0.9271858889194413,10,1,24,25,68,"[1312, 2963]",COMPLETE
3438,3438,0.2299594248749743,2.6272904872894287,2021-06-19 16:25:57.451671,2021-06-19 16:26:00.083481,0 days 00:00:02.631810,20,0.7492482924832433,10,9,30,25,68,"[880, 2486]",COMPLETE
3439,3439,0.29178524951799595,4.06839656829834,2021-06-19 16:26:00.086131,2021-06-19 16:26:04.159896,0 days 00:00:04.073765,20,0.7154417182695008,3,16,30,25,68,"[1028, 1745]",COMPLETE
3440,3440,0.23218404734068646,2.7090067863464355,2021-06-19 16:26:04.162232,2021-06-19 16:26:06.875927,0 days 00:00:02.713695,70,0.7044121314824888,10,9,20,25,68,"[1244, 3260]",COMPLETE
3441,3441,0.23077059526832805,2.761263847351074,2021-06-19 16:26:06.878550,2021-06-19 16:26:09.644843,0 days 00:00:02.766293,20,0.7044121314824888,10,9,30,26,68,"[1135, 3307]",COMPLETE
3442,3442,0.22996204201288176,2.763408660888672,2021-06-19 16:26:09.647111,2021-06-19 16:26:12.415175,0 days 00:00:02.768064,20,0.9374250172988179,10,1,24,25,68,"[3260, 1312]",COMPLETE
3443,3443,0.22822484308760413,2.5878524780273438,2021-06-19 16:26:12.417671,2021-06-19 16:26:15.010346,0 days 00:00:02.592675,40,0.7492482924832433,10,1,30,25,68,"[1028, 1929]",COMPLETE
3444,3444,0.23079345001945953,2.7527730464935303,2021-06-19 16:26:15.012618,2021-06-19 16:26:17.769922,0 days 00:00:02.757304,20,0.7044121314824888,10,1,30,26,68,"[2209, 3105]",COMPLETE
3445,3445,0.23647644744609075,2.5699117183685303,2021-06-19 16:26:17.772373,2021-06-19 16:26:20.346925,0 days 00:00:02.574552,20,0.7044121314824888,10,1,30,25,68,"[1159, 2991]",COMPLETE
3446,3446,inf,inf,2021-06-19 16:26:20.349489,2021-06-19 16:26:20.527290,0 days 00:00:00.177801,70,0.374008734159162,4,1,30,25,68,"[1897, 2486]",COMPLETE
3447,3447,0.23354283214212176,2.7349185943603516,2021-06-19 16:26:20.532308,2021-06-19 16:26:23.280640,0 days 00:00:02.748332,0,0.7044121314824888,10,1,30,25,68,"[1656, 1028]",COMPLETE
3448,3448,0.23393534738002608,2.654202938079834,2021-06-19 16:26:23.283182,2021-06-19 16:26:25.942139,0 days 00:00:02.658957,20,0.7492482924832433,10,16,24,26,68,"[900, 2465]",COMPLETE
3449,3449,0.2357916869454471,2.6304893493652344,2021-06-19 16:26:25.944632,2021-06-19 16:26:28.580269,0 days 00:00:02.635637,20,0.7044121314824888,10,9,16,25,68,"[3260, 2862]",COMPLETE
3450,3450,0.23233702386196622,2.7252817153930664,2021-06-19 16:26:28.582659,2021-06-19 16:26:31.360264,0 days 00:00:02.777605,20,0.775837870117549,10,1,30,26,69,"[1974, 1897]",COMPLETE
3451,3451,0.24499919782165452,2.7846240997314453,2021-06-19 16:26:31.362730,2021-06-19 16:26:34.151997,0 days 00:00:02.789267,30,0.7044121314824888,8,9,30,25,69,"[2963, 1244]",COMPLETE
3452,3452,0.2394173740894507,2.562830686569214,2021-06-19 16:26:34.154488,2021-06-19 16:26:36.721927,0 days 00:00:02.567439,20,0.7044121314824888,10,1,7,26,69,"[900, 1205]",COMPLETE
3453,3453,inf,inf,2021-06-19 16:26:36.724351,2021-06-19 16:26:36.891413,0 days 00:00:00.167062,20,0.4274895536060835,10,1,21,25,69,"[1159, 3100]",COMPLETE
3454,3454,0.22966665689237378,2.7417588233947754,2021-06-19 16:26:36.894942,2021-06-19 16:26:39.662321,0 days 00:00:02.767379,10,0.7044121314824888,10,1,28,25,69,"[2659, 2659]",COMPLETE
3455,3455,0.2337644696473734,2.536201000213623,2021-06-19 16:26:39.664873,2021-06-19 16:26:42.205999,0 days 00:00:02.541126,20,0.8047024443354969,10,1,14,26,69,"[900, 2229]",COMPLETE
3456,3456,0.22949078819811458,2.7240428924560547,2021-06-19 16:26:42.208129,2021-06-19 16:26:44.936734,0 days 00:00:02.728605,20,0.7492482924832433,10,7,30,26,69,"[3089, 3256]",COMPLETE
3457,3457,0.23232854876912565,2.5547127723693848,2021-06-19 16:26:44.939260,2021-06-19 16:26:47.498466,0 days 00:00:02.559206,20,0.8047024443354969,10,1,24,25,69,"[1312, 2063]",COMPLETE
3458,3458,0.3300574042146193,9.208374500274658,2021-06-19 16:26:47.501097,2021-06-19 16:26:56.714821,0 days 00:00:09.213724,10,0.8047024443354969,0,1,24,14,69,"[1312, 900]",COMPLETE
3459,3459,0.23067034720643925,2.559394359588623,2021-06-19 16:26:56.717224,2021-06-19 16:26:59.281394,0 days 00:00:02.564170,20,0.7044121314824888,10,2,30,25,69,"[3256, 2991]",COMPLETE
3460,3460,0.2308836986745476,2.6058735847473145,2021-06-19 16:26:59.283928,2021-06-19 16:27:01.894287,0 days 00:00:02.610359,20,0.7044121314824888,10,1,30,26,69,"[2465, 3256]",COMPLETE
3461,3461,0.2337896469305012,2.822674036026001,2021-06-19 16:27:01.896900,2021-06-19 16:27:04.724589,0 days 00:00:02.827689,30,0.603627004462215,10,9,30,26,69,"[316, 2963]",COMPLETE
3462,3462,0.23006606286004805,2.6214358806610107,2021-06-19 16:27:04.726927,2021-06-19 16:27:07.352964,0 days 00:00:02.626037,20,0.7044121314824888,10,9,30,26,69,"[2862, 3330]",COMPLETE
3463,3463,0.2848685725490147,3.645392656326294,2021-06-19 16:27:07.355468,2021-06-19 16:27:11.005747,0 days 00:00:03.650279,10,0.7243576140666497,4,16,22,23,69,"[849, 849]",COMPLETE
3464,3464,0.2378806436389581,2.5363214015960693,2021-06-19 16:27:11.008276,2021-06-19 16:27:13.549268,0 days 00:00:02.540992,20,0.5787145483031952,10,1,24,25,69,"[1312, 2314]",COMPLETE
3465,3465,0.23145722052021445,2.6705408096313477,2021-06-19 16:27:13.551542,2021-06-19 16:27:16.226854,0 days 00:00:02.675312,60,0.7044121314824888,10,9,30,26,69,"[2862, 900]",COMPLETE
3466,3466,0.28520012324787736,2.794698715209961,2021-06-19 16:27:16.229069,2021-06-19 16:27:19.028417,0 days 00:00:02.799348,20,0.7492482924832433,10,1,30,8,69,"[3089, 3082]",COMPLETE
3467,3467,0.22796878000106358,2.5956521034240723,2021-06-19 16:27:19.030840,2021-06-19 16:27:21.631220,0 days 00:00:02.600380,20,0.7044121314824888,10,11,23,25,69,"[3195, 2078]",COMPLETE
3468,3468,0.23360399326417616,2.6983771324157715,2021-06-19 16:27:21.633807,2021-06-19 16:27:24.336783,0 days 00:00:02.702976,20,0.7492482924832433,10,1,30,25,69,"[3260, 3089]",COMPLETE
3469,3469,0.26787404390977054,2.596569299697876,2021-06-19 16:27:24.339280,2021-06-19 16:27:26.940501,0 days 00:00:02.601221,20,0.7044121314824888,10,1,30,16,69,"[1745, 1006]",COMPLETE
3470,3470,0.22809509631890748,2.751314163208008,2021-06-19 16:27:26.942985,2021-06-19 16:27:29.698657,0 days 00:00:02.755672,30,0.7044121314824888,10,9,30,26,69,"[2963, 2963]",COMPLETE
3471,3471,inf,inf,2021-06-19 16:27:29.701073,2021-06-19 16:27:29.809181,0 days 00:00:00.108108,20,0.3333373856137148,10,2,23,25,69,"[3330, 2078]",COMPLETE
3472,3472,0.2286188227381113,2.7880496978759766,2021-06-19 16:27:29.813606,2021-06-19 16:27:32.611863,0 days 00:00:02.798257,20,0.7044121314824888,10,11,30,25,69,"[1656, 1656]",COMPLETE
3473,3473,0.2317052298810683,2.5395705699920654,2021-06-19 16:27:32.614509,2021-06-19 16:27:35.159073,0 days 00:00:02.544564,20,0.7044121314824888,10,1,24,26,69,"[2963, 900]",COMPLETE
3474,3474,0.23047656117213478,2.795469045639038,2021-06-19 16:27:35.161684,2021-06-19 16:27:37.962119,0 days 00:00:02.800435,30,0.7044121314824888,10,9,30,26,69,"[3256, 2963]",COMPLETE
3475,3475,0.23160944356748991,2.6508939266204834,2021-06-19 16:27:37.964623,2021-06-19 16:27:40.620056,0 days 00:00:02.655433,20,0.7492482924832433,10,9,30,26,69,"[908, 1735]",COMPLETE
3476,3476,0.23454546950539343,2.5500168800354004,2021-06-19 16:27:40.622496,2021-06-19 16:27:43.177524,0 days 00:00:02.555028,20,0.7044121314824888,10,1,17,26,69,"[1974, 2960]",COMPLETE
3477,3477,0.23138725256063636,2.725297451019287,2021-06-19 16:27:43.180058,2021-06-19 16:27:45.909893,0 days 00:00:02.729835,30,0.7492482924832433,10,9,23,26,69,"[2078, 2963]",COMPLETE
3478,3478,0.23190833634371177,2.5929853916168213,2021-06-19 16:27:45.912539,2021-06-19 16:27:48.510122,0 days 00:00:02.597583,10,0.7044121314824888,10,1,30,25,69,"[2659, 1246]",COMPLETE
3479,3479,0.2305109967631637,2.7151880264282227,2021-06-19 16:27:48.512477,2021-06-19 16:27:51.232152,0 days 00:00:02.719675,20,0.7044121314824888,10,9,30,26,69,"[908, 908]",COMPLETE
3480,3480,inf,inf,2021-06-19 16:27:51.234675,2021-06-19 16:27:51.448510,0 days 00:00:00.213835,10,0.30053999160703565,10,5,30,22,69,"[745, 1745]",COMPLETE
3481,3481,0.279899372146919,3.299119710922241,2021-06-19 16:27:51.452778,2021-06-19 16:27:54.762258,0 days 00:00:03.309480,60,0.7100511651342796,5,15,30,21,69,"[2762, 3307]",COMPLETE
3482,3482,0.24629318578684298,2.7180020809173584,2021-06-19 16:27:54.764799,2021-06-19 16:27:57.487580,0 days 00:00:02.722781,20,0.7044121314824888,10,1,2,21,69,"[647, 3195]",COMPLETE
3483,3483,0.22615235604244807,2.6164956092834473,2021-06-19 16:27:57.490071,2021-06-19 16:28:00.110927,0 days 00:00:02.620856,20,0.7044121314824888,10,9,30,25,69,"[1244, 1244]",COMPLETE
3484,3484,0.29878849609421454,3.1625683307647705,2021-06-19 16:28:00.113374,2021-06-19 16:28:03.280712,0 days 00:00:03.167338,20,0.7044121314824888,5,1,12,13,69,"[2209, 1244]",COMPLETE
3485,3485,0.2364985937266596,2.6857120990753174,2021-06-19 16:28:03.283321,2021-06-19 16:28:05.974168,0 days 00:00:02.690847,10,0.7044121314824888,10,1,14,25,69,"[2963, 2659]",COMPLETE
3486,3486,0.29953157794674234,4.488828182220459,2021-06-19 16:28:05.976264,2021-06-19 16:28:10.469667,0 days 00:00:04.493403,20,0.8047024443354969,2,9,30,26,69,"[647, 3307]",COMPLETE
3487,3487,0.23051638771234623,2.7101476192474365,2021-06-19 16:28:10.472604,2021-06-19 16:28:13.187700,0 days 00:00:02.715096,20,0.7044121314824888,10,1,24,26,69,"[2209, 2209]",COMPLETE
3488,3488,0.23273405466749522,2.596773862838745,2021-06-19 16:28:13.190209,2021-06-19 16:28:15.791809,0 days 00:00:02.601600,20,0.775837870117549,10,5,30,25,69,"[908, 2314]",COMPLETE
3489,3489,0.2334367277009639,2.513808012008667,2021-06-19 16:28:15.794383,2021-06-19 16:28:18.312704,0 days 00:00:02.518321,20,0.7044121314824888,10,1,30,25,69,"[1656, 1246]",COMPLETE
3490,3490,0.23069888706803254,2.7260162830352783,2021-06-19 16:28:18.314830,2021-06-19 16:28:21.047178,0 days 00:00:02.732348,20,0.7492482924832433,10,1,30,26,69,"[1735, 900]",COMPLETE
3491,3491,0.27639321779555226,3.30637788772583,2021-06-19 16:28:21.049648,2021-06-19 16:28:24.360690,0 days 00:00:03.311042,10,0.8047024443354969,4,1,8,25,69,"[2063, 316]",COMPLETE
3492,3492,0.2369345417437934,2.6917026042938232,2021-06-19 16:28:24.363270,2021-06-19 16:28:27.059611,0 days 00:00:02.696341,10,0.7044121314824888,10,1,14,26,69,"[316, 3105]",COMPLETE
