,number,values_0,values_1,datetime_start,datetime_complete,duration,params_checks,params_n_ratio,params_nskip,params_trees,params_w1,params_w2,system_attrs_nsga2:generation,system_attrs_nsga2:parents,state
2659,2659,0.22696357625375815,2.571528434753418,2021-06-19 15:41:42.113252,2021-06-19 15:41:44.688464,0 days 00:00:02.575212,10,0.7044121314824888,10,1,28,25,53,"[1929, 316]",COMPLETE
2660,2660,0.2309860421713695,2.6662256717681885,2021-06-19 15:41:44.690521,2021-06-19 15:41:47.360424,0 days 00:00:02.669903,20,0.7044121314824888,10,15,23,25,53,"[1244, 2486]",COMPLETE
2661,2661,0.23723669525098767,2.676949977874756,2021-06-19 15:41:47.362622,2021-06-19 15:41:50.042923,0 days 00:00:02.680301,20,0.7044121314824888,10,1,30,25,53,"[1006, 1006]",COMPLETE
2662,2662,0.2328233806928524,2.6401989459991455,2021-06-19 15:41:50.045119,2021-06-19 15:41:52.688995,0 days 00:00:02.643876,20,0.7044121314824888,10,12,30,25,53,"[2048, 908]",COMPLETE
2663,2663,0.23479566246536426,2.7088570594787598,2021-06-19 15:41:52.691169,2021-06-19 15:41:55.403682,0 days 00:00:02.712513,20,0.8047024443354969,10,1,30,22,53,"[2554, 647]",COMPLETE
2664,2664,0.2307243797704,2.587076425552368,2021-06-19 15:41:55.405775,2021-06-19 15:41:57.996396,0 days 00:00:02.590621,20,0.8047024443354969,10,1,23,25,53,"[647, 1929]",COMPLETE
2665,2665,0.2383234846630144,2.568237543106079,2021-06-19 15:41:57.998440,2021-06-19 15:42:00.570363,0 days 00:00:02.571923,20,0.775837870117549,10,1,9,25,53,"[1826, 1006]",COMPLETE
2666,2666,0.3211249934726705,2.796281337738037,2021-06-19 15:42:00.572560,2021-06-19 15:42:03.372651,0 days 00:00:02.800091,20,0.603627004462215,10,1,13,4,53,"[316, 1929]",COMPLETE
2667,2667,0.23193390883434276,2.558466672897339,2021-06-19 15:42:03.374828,2021-06-19 15:42:05.936855,0 days 00:00:02.562027,10,0.7044121314824888,10,1,30,26,53,"[2614, 880]",COMPLETE
2668,2668,0.2325341820239968,2.706632137298584,2021-06-19 15:42:05.938848,2021-06-19 15:42:08.649023,0 days 00:00:02.710175,20,0.7492482924832433,10,1,30,25,53,"[1735, 374]",COMPLETE
2669,2669,0.28908942121572995,2.745022773742676,2021-06-19 15:42:08.651208,2021-06-19 15:42:11.400287,0 days 00:00:02.749079,40,0.7492482924832433,8,1,30,8,53,"[1929, 1389]",COMPLETE
2670,2670,0.30716548093012674,4.415205240249634,2021-06-19 15:42:11.402055,2021-06-19 15:42:15.821024,0 days 00:00:04.418969,10,0.7492482924832433,2,1,30,25,53,"[1929, 1028]",COMPLETE
2671,2671,0.23348770423066098,2.6082241535186768,2021-06-19 15:42:15.822817,2021-06-19 15:42:18.434635,0 days 00:00:02.611818,20,0.7044121314824888,10,1,30,26,53,"[1159, 2465]",COMPLETE
2672,2672,0.23293278777228998,2.6136980056762695,2021-06-19 15:42:18.436449,2021-06-19 15:42:21.053830,0 days 00:00:02.617381,10,0.7492482924832433,10,2,30,25,53,"[1705, 1735]",COMPLETE
2673,2673,0.23148942540247025,2.774111032485962,2021-06-19 15:42:21.055637,2021-06-19 15:42:23.833439,0 days 00:00:02.777802,20,0.7492482924832433,10,14,24,26,53,"[900, 1897]",COMPLETE
2674,2674,0.23098737478414127,2.568361282348633,2021-06-19 15:42:23.835676,2021-06-19 15:42:26.407667,0 days 00:00:02.571991,20,0.775837870117549,10,1,30,26,53,"[1974, 1312]",COMPLETE
2675,2675,0.25332027677258817,2.7161686420440674,2021-06-19 15:42:26.409879,2021-06-19 15:42:29.129726,0 days 00:00:02.719847,20,0.7044121314824888,10,1,30,17,53,"[1656, 2215]",COMPLETE
2676,2676,inf,inf,2021-06-19 15:42:29.131901,2021-06-19 15:42:29.550161,0 days 00:00:00.418260,20,0.603627004462215,10,5,17,25,53,"[316, 2256]",COMPLETE
2677,2677,0.2298073151073755,2.677149534225464,2021-06-19 15:42:29.553244,2021-06-19 15:42:32.243370,0 days 00:00:02.690126,20,0.7044121314824888,10,9,24,25,53,"[1727, 1851]",COMPLETE
2678,2678,0.22989271181294899,2.5785000324249268,2021-06-19 15:42:32.245684,2021-06-19 15:42:34.828176,0 days 00:00:02.582492,20,0.775837870117549,10,9,30,25,53,"[1826, 647]",COMPLETE
2679,2679,0.2331824502492919,2.75468373298645,2021-06-19 15:42:34.830390,2021-06-19 15:42:37.588955,0 days 00:00:02.758565,20,0.7044121314824888,10,9,23,28,53,"[1656, 1218]",COMPLETE
2680,2680,0.23393445947379762,2.599240303039551,2021-06-19 15:42:37.591218,2021-06-19 15:42:40.194112,0 days 00:00:02.602894,20,0.7044121314824888,10,1,30,25,53,"[1735, 1135]",COMPLETE
2681,2681,0.23105945320718996,2.689753770828247,2021-06-19 15:42:40.196325,2021-06-19 15:42:42.889452,0 days 00:00:02.693127,20,0.8047024443354969,10,1,30,25,53,"[1416, 1416]",COMPLETE
2682,2682,0.23010377735427415,2.622163772583008,2021-06-19 15:42:42.891495,2021-06-19 15:42:45.517369,0 days 00:00:02.625874,20,0.7111070933377022,10,9,30,25,53,"[374, 2256]",COMPLETE
2683,2683,0.23004541691785826,2.768878221511841,2021-06-19 15:42:45.519431,2021-06-19 15:42:48.291889,0 days 00:00:02.772458,20,0.7044121314824888,10,9,30,26,53,"[849, 374]",COMPLETE
2684,2684,0.23395240728300573,2.5367279052734375,2021-06-19 15:42:48.293808,2021-06-19 15:42:50.834126,0 days 00:00:02.540318,10,0.8047024443354969,10,1,24,25,53,"[1312, 1028]",COMPLETE
2685,2685,0.23613116559318234,2.870983839035034,2021-06-19 15:42:50.835883,2021-06-19 15:42:53.710538,0 days 00:00:02.874655,20,0.9643803464669123,10,9,22,26,53,"[849, 1218]",COMPLETE
2686,2686,inf,inf,2021-06-19 15:42:53.712725,2021-06-19 15:42:53.882803,0 days 00:00:00.170078,20,0.3490185488365592,10,1,30,25,53,"[1135, 1135]",COMPLETE
2687,2687,0.23025986771323845,2.7457940578460693,2021-06-19 15:42:53.886001,2021-06-19 15:42:56.646637,0 days 00:00:02.760636,20,0.7044121314824888,10,1,24,26,53,"[2614, 1312]",COMPLETE
2688,2688,inf,inf,2021-06-19 15:42:56.648850,2021-06-19 15:42:57.031462,0 days 00:00:00.382612,20,0.551446638651252,10,11,24,25,53,"[2063, 2063]",COMPLETE
2689,2689,0.4199855135999853,2.615464448928833,2021-06-19 15:42:57.034714,2021-06-19 15:42:59.661288,0 days 00:00:02.626574,20,0.8047024443354969,10,1,23,0,53,"[647, 2465]",COMPLETE
2690,2690,0.23336797933796452,2.7902824878692627,2021-06-19 15:42:59.663426,2021-06-19 15:43:02.457545,0 days 00:00:02.794119,80,0.7492482924832433,10,1,30,25,53,"[1028, 1897]",COMPLETE
2691,2691,0.2317192177384568,2.5930466651916504,2021-06-19 15:43:02.459750,2021-06-19 15:43:05.056386,0 days 00:00:02.596636,20,0.7044121314824888,10,1,30,25,53,"[1246, 1159]",COMPLETE
2692,2692,0.23202684590162925,2.7519519329071045,2021-06-19 15:43:05.058386,2021-06-19 15:43:07.814069,0 days 00:00:02.755683,20,0.7044121314824888,10,1,30,24,53,"[1656, 2060]",COMPLETE
2693,2693,0.2397033347505402,2.6195120811462402,2021-06-19 15:43:07.816256,2021-06-19 15:43:10.439324,0 days 00:00:02.623068,10,0.8047024443354969,10,1,8,25,53,"[316, 1312]",COMPLETE
2694,2694,0.23808943105831298,2.581383466720581,2021-06-19 15:43:10.441148,2021-06-19 15:43:13.026260,0 days 00:00:02.585112,0,0.7044121314824888,10,1,30,26,53,"[1046, 411]",COMPLETE
2695,2695,0.23398942586768234,2.689114809036255,2021-06-19 15:43:13.028475,2021-06-19 15:43:15.721331,0 days 00:00:02.692856,20,0.7044121314824888,10,1,19,26,53,"[1218, 2465]",COMPLETE
2696,2696,0.23969524495957475,2.769557476043701,2021-06-19 15:43:15.723533,2021-06-19 15:43:18.496951,0 days 00:00:02.773418,100,0.9544299320499341,10,1,6,25,53,"[2314, 1028]",COMPLETE
2697,2697,0.22935916501270756,2.7509396076202393,2021-06-19 15:43:18.499199,2021-06-19 15:43:21.253722,0 days 00:00:02.754523,100,0.775837870117549,10,1,30,25,53,"[2314, 2314]",COMPLETE
2698,2698,0.25416332764085786,2.8018712997436523,2021-06-19 15:43:21.255475,2021-06-19 15:43:24.061238,0 days 00:00:02.805763,10,0.7492482924832433,7,1,30,23,53,"[2614, 2078]",COMPLETE
2699,2699,0.24244668375437697,2.622425079345703,2021-06-19 15:43:24.063043,2021-06-19 15:43:26.689196,0 days 00:00:02.626153,20,0.7044121314824888,10,1,3,25,53,"[1929, 1159]",COMPLETE
2700,2700,0.2631752737608803,2.7241058349609375,2021-06-19 15:43:26.691459,2021-06-19 15:44:40.691085,0 days 00:01:13.999626,20,0.8047024443354969,10,1,23,14,54,"[1205, 647]",COMPLETE
2701,2701,0.22986709779565015,2.5989601612091064,2021-06-19 15:44:40.696125,2021-06-19 15:44:43.299933,0 days 00:00:02.603808,20,0.8047024443354969,10,1,30,25,54,"[2229, 1416]",COMPLETE
2702,2702,0.23179342322000426,2.7374701499938965,2021-06-19 15:44:43.302208,2021-06-19 15:44:46.043392,0 days 00:00:02.741184,60,0.8047024443354969,10,1,30,25,54,"[1745, 1745]",COMPLETE
2703,2703,0.2699693452173905,3.0857269763946533,2021-06-19 15:44:46.045514,2021-06-19 15:44:49.135045,0 days 00:00:03.089531,20,0.7492482924832433,5,1,3,25,54,"[1745, 1028]",COMPLETE
2704,2704,0.2613350658437396,3.147477388381958,2021-06-19 15:44:49.137301,2021-06-19 15:44:52.288509,0 days 00:00:03.151208,20,0.7044121314824888,6,9,30,26,54,"[1218, 2495]",COMPLETE
2705,2705,0.297423668862524,4.400720834732056,2021-06-19 15:44:52.290666,2021-06-19 15:44:56.695610,0 days 00:00:04.404944,100,0.7044121314824888,2,1,24,26,54,"[1046, 1312]",COMPLETE
2706,2706,0.22867542922867007,2.583329916000366,2021-06-19 15:44:56.697800,2021-06-19 15:44:59.284550,0 days 00:00:02.586750,20,0.7492482924832433,10,6,30,25,54,"[1674, 1674]",COMPLETE
2707,2707,0.260432967867169,2.6870157718658447,2021-06-19 15:44:59.286739,2021-06-19 15:45:01.977393,0 days 00:00:02.690654,20,0.7044121314824888,10,1,19,16,54,"[1006, 1006]",COMPLETE
2708,2708,inf,inf,2021-06-19 15:45:01.979651,2021-06-19 15:45:02.109218,0 days 00:00:00.129567,20,0.32872594679913053,7,1,23,4,54,"[2060, 647]",COMPLETE
2709,2709,0.2539300861849288,2.6753175258636475,2021-06-19 15:45:02.112150,2021-06-19 15:45:04.810890,0 days 00:00:02.698740,70,0.8047024443354969,10,12,26,19,54,"[2256, 411]",COMPLETE
2710,2710,0.2346591190203412,2.7504141330718994,2021-06-19 15:45:04.812972,2021-06-19 15:45:07.566986,0 days 00:00:02.754014,20,0.8350615461643598,10,1,24,25,54,"[1006, 1727]",COMPLETE
2711,2711,0.2810174142948516,3.2992827892303467,2021-06-19 15:45:07.569269,2021-06-19 15:45:10.872400,0 days 00:00:03.303131,10,0.7044121314824888,4,1,30,25,54,"[1028, 1929]",COMPLETE
2712,2712,0.22722634020260624,2.6050503253936768,2021-06-19 15:45:10.874628,2021-06-19 15:45:13.483405,0 days 00:00:02.608777,60,0.7492482924832433,10,1,30,25,54,"[880, 2314]",COMPLETE
2713,2713,0.23400666531769174,2.71256947517395,2021-06-19 15:45:13.485660,2021-06-19 15:45:16.201816,0 days 00:00:02.716156,20,0.7492482924832433,10,1,30,26,54,"[2297, 2060]",COMPLETE
2714,2714,0.2309594306833166,2.5803349018096924,2021-06-19 15:45:16.204085,2021-06-19 15:45:18.788021,0 days 00:00:02.583936,20,0.8350615461643598,10,1,30,25,54,"[2256, 1727]",COMPLETE
2715,2715,0.23296980078859536,2.6900105476379395,2021-06-19 15:45:18.790255,2021-06-19 15:45:21.483898,0 days 00:00:02.693643,10,0.7492482924832433,10,1,22,25,54,"[1705, 1028]",COMPLETE
2716,2716,0.22998354455954953,2.576530933380127,2021-06-19 15:45:21.486065,2021-06-19 15:45:24.066203,0 days 00:00:02.580138,20,0.8047024443354969,10,1,23,25,54,"[647, 1244]",COMPLETE
2717,2717,0.2316216232019539,2.7473580837249756,2021-06-19 15:45:24.068429,2021-06-19 15:45:26.819383,0 days 00:00:02.750954,20,0.8047024443354969,10,1,23,26,54,"[647, 1599]",COMPLETE
2718,2718,0.2317454911858503,2.5558159351348877,2021-06-19 15:45:26.821581,2021-06-19 15:45:29.380848,0 days 00:00:02.559267,20,0.8047024443354969,10,1,24,25,54,"[1312, 1312]",COMPLETE
2719,2719,0.2980290706748965,2.685110569000244,2021-06-19 15:45:29.383044,2021-06-19 15:45:32.071985,0 days 00:00:02.688941,20,0.7044121314824888,9,1,30,7,54,"[2465, 1851]",COMPLETE
2720,2720,0.23105367777342026,2.6971189975738525,2021-06-19 15:45:32.073997,2021-06-19 15:45:34.775295,0 days 00:00:02.701298,30,0.7492482924832433,10,1,30,25,54,"[2465, 1028]",COMPLETE
2721,2721,0.23056384136371885,2.589669704437256,2021-06-19 15:45:34.777408,2021-06-19 15:45:37.370677,0 days 00:00:02.593269,20,0.7044121314824888,10,9,30,26,54,"[374, 1656]",COMPLETE
2722,2722,0.2431846430614049,2.757068634033203,2021-06-19 15:45:37.372879,2021-06-19 15:45:40.133773,0 days 00:00:02.760894,10,0.8047024443354969,10,1,8,23,54,"[316, 647]",COMPLETE
2723,2723,0.26348102746593816,2.7311766147613525,2021-06-19 15:45:40.135997,2021-06-19 15:45:42.871148,0 days 00:00:02.735151,80,0.8047024443354969,10,15,30,14,54,"[1135, 1416]",COMPLETE
2724,2724,0.23853826205960055,2.821883201599121,2021-06-19 15:45:42.872991,2021-06-19 15:45:45.699110,0 days 00:00:02.826119,20,0.9256755545399264,10,1,11,24,54,"[2209, 1159]",COMPLETE
2725,2725,0.22992421145031397,2.567517042160034,2021-06-19 15:45:45.700884,2021-06-19 15:45:48.272096,0 days 00:00:02.571212,10,0.7492482924832433,10,1,30,25,54,"[1897, 1006]",COMPLETE
2726,2726,0.25625305462089487,2.9431991577148438,2021-06-19 15:45:48.274141,2021-06-19 15:45:51.221001,0 days 00:00:02.946860,20,0.5873457184373172,7,1,30,25,54,"[1745, 1745]",COMPLETE
2727,2727,0.22937745344814167,2.6096746921539307,2021-06-19 15:45:51.223087,2021-06-19 15:45:53.836365,0 days 00:00:02.613278,20,0.7044121314824888,10,9,30,26,54,"[374, 1974]",COMPLETE
2728,2728,0.22812491169946944,2.583590269088745,2021-06-19 15:45:53.838588,2021-06-19 15:45:56.425796,0 days 00:00:02.587208,10,0.7044121314824888,10,1,22,25,54,"[1705, 2209]",COMPLETE
2729,2729,0.23649928875264342,2.7510924339294434,2021-06-19 15:45:56.427971,2021-06-19 15:45:59.183036,0 days 00:00:02.755065,20,0.6205779120707515,10,10,13,25,54,"[1218, 1745]",COMPLETE
2730,2730,inf,inf,2021-06-19 15:45:59.185256,2021-06-19 15:45:59.340185,0 days 00:00:00.154929,20,0.30427516016801226,10,14,23,26,54,"[2209, 647]",COMPLETE
2731,2731,0.2280904850982683,2.6127402782440186,2021-06-19 15:45:59.343310,2021-06-19 15:46:01.964277,0 days 00:00:02.620967,10,0.8047024443354969,10,4,30,26,54,"[2048, 2614]",COMPLETE
2732,2732,0.2407686889641673,2.671140432357788,2021-06-19 15:46:01.966595,2021-06-19 15:46:04.641623,0 days 00:00:02.675028,20,0.687484754805401,10,1,8,26,54,"[411, 1745]",COMPLETE
2733,2733,0.25148602638096834,2.8921444416046143,2021-06-19 15:46:04.643765,2021-06-19 15:46:07.539753,0 days 00:00:02.895988,20,0.7044121314824888,7,9,24,26,54,"[2063, 1599]",COMPLETE
2734,2734,0.23149310090198807,2.5960707664489746,2021-06-19 15:46:07.542048,2021-06-19 15:46:10.142165,0 days 00:00:02.600117,10,0.7492482924832433,10,1,24,26,54,"[900, 745]",COMPLETE
2735,2735,0.23126956546475677,2.6726183891296387,2021-06-19 15:46:10.144429,2021-06-19 15:46:12.820685,0 days 00:00:02.676256,20,0.8047024443354969,10,1,23,25,54,"[2078, 2048]",COMPLETE
2736,2736,0.23198003787148014,2.7237768173217773,2021-06-19 15:46:12.822886,2021-06-19 15:46:15.550358,0 days 00:00:02.727472,20,0.62400809100985,10,15,23,25,54,"[2477, 2215]",COMPLETE
2737,2737,0.23174111761362554,2.690056562423706,2021-06-19 15:46:15.552653,2021-06-19 15:46:18.246875,0 days 00:00:02.694222,20,0.775837870117549,10,1,30,25,54,"[2314, 1727]",COMPLETE
2738,2738,0.2521804321201582,2.5398197174072266,2021-06-19 15:46:18.249119,2021-06-19 15:46:20.792785,0 days 00:00:02.543666,20,0.8047024443354969,10,1,30,16,54,"[1389, 1745]",COMPLETE
2739,2739,0.2581500068898564,3.1184210777282715,2021-06-19 15:46:20.794800,2021-06-19 15:46:23.917067,0 days 00:00:03.122267,10,0.9892475284998823,10,1,23,26,54,"[880, 1974]",COMPLETE
2740,2740,0.23989528765892879,2.579479455947876,2021-06-19 15:46:23.918968,2021-06-19 15:46:26.502230,0 days 00:00:02.583262,20,0.7044121314824888,10,1,5,25,54,"[1046, 1244]",COMPLETE
2741,2741,0.23564644612705907,2.582690477371216,2021-06-19 15:46:26.504395,2021-06-19 15:46:29.090709,0 days 00:00:02.586314,10,0.775837870117549,10,1,22,25,54,"[849, 1826]",COMPLETE
2742,2742,inf,inf,2021-06-19 15:46:29.092924,2021-06-19 15:46:29.291581,0 days 00:00:00.198657,10,0.3090521446030592,10,1,22,25,54,"[1897, 2465]",COMPLETE
2743,2743,0.30582551050363366,4.413863658905029,2021-06-19 15:46:29.301893,2021-06-19 15:46:33.726163,0 days 00:00:04.424270,10,0.8047024443354969,2,1,30,25,54,"[1705, 1416]",COMPLETE
2744,2744,0.2385537945439808,2.5787627696990967,2021-06-19 15:46:33.728414,2021-06-19 15:46:36.310970,0 days 00:00:02.582556,20,0.7044121314824888,10,1,23,22,54,"[2078, 1218]",COMPLETE
2745,2745,0.23212969790868287,2.674929618835449,2021-06-19 15:46:36.313056,2021-06-19 15:46:38.991831,0 days 00:00:02.678775,20,0.5990023086608263,10,1,30,26,54,"[1046, 411]",COMPLETE
2746,2746,inf,inf,2021-06-19 15:46:38.994072,2021-06-19 15:46:39.158053,0 days 00:00:00.163981,20,0.3976660738472245,10,5,2,25,54,"[316, 2215]",COMPLETE
2747,2747,0.23064243095272904,2.5951669216156006,2021-06-19 15:46:39.166935,2021-06-19 15:46:41.772251,0 days 00:00:02.605316,20,0.7492482924832433,10,1,30,25,54,"[1735, 1735]",COMPLETE
2748,2748,0.23046487578647534,2.683013916015625,2021-06-19 15:46:41.774476,2021-06-19 15:46:44.461252,0 days 00:00:02.686776,10,0.7492482924832433,10,1,24,25,54,"[2659, 880]",COMPLETE
2749,2749,0.2311830368170202,2.5209834575653076,2021-06-19 15:46:44.463244,2021-06-19 15:46:46.988099,0 days 00:00:02.524855,20,0.8142344436580891,10,1,18,25,54,"[1929, 1656]",COMPLETE
2750,2750,0.23001228672335253,2.7400600910186768,2021-06-19 15:46:46.990306,2021-06-19 15:46:49.782453,0 days 00:00:02.792147,40,0.775837870117549,10,1,30,26,55,"[2314, 1974]",COMPLETE
2751,2751,0.2340154657434155,2.615495204925537,2021-06-19 15:46:49.784555,2021-06-19 15:46:52.403841,0 days 00:00:02.619286,100,0.7044121314824888,10,1,30,25,55,"[1735, 2495]",COMPLETE
2752,2752,0.2325991712291682,2.6378819942474365,2021-06-19 15:46:52.405892,2021-06-19 15:46:55.047563,0 days 00:00:02.641671,20,0.7044121314824888,10,16,30,25,55,"[1046, 1006]",COMPLETE
2753,2753,0.23005021766067765,2.725273847579956,2021-06-19 15:46:55.049528,2021-06-19 15:46:57.778497,0 days 00:00:02.728969,20,0.775837870117549,10,1,30,25,55,"[1929, 1974]",COMPLETE
2754,2754,0.2325954864684022,2.58573317527771,2021-06-19 15:46:57.780678,2021-06-19 15:47:00.370047,0 days 00:00:02.589369,20,0.7044121314824888,10,1,30,25,55,"[2486, 880]",COMPLETE
2755,2755,0.23319191230452832,2.8838233947753906,2021-06-19 15:47:00.372344,2021-06-19 15:47:03.259969,0 days 00:00:02.887625,20,0.7044121314824888,10,15,30,26,55,"[2209, 374]",COMPLETE
2756,2756,inf,inf,2021-06-19 15:47:03.262170,2021-06-19 15:47:03.460002,0 days 00:00:00.197832,20,0.4492981130602578,10,9,30,8,55,"[1826, 1826]",COMPLETE
2757,2757,0.24772383007822368,2.6010823249816895,2021-06-19 15:47:03.462977,2021-06-19 15:47:06.081296,0 days 00:00:02.618319,40,0.775837870117549,10,1,30,19,55,"[2554, 1389]",COMPLETE
2758,2758,0.22889314003599445,2.560148000717163,2021-06-19 15:47:06.083567,2021-06-19 15:47:08.647566,0 days 00:00:02.563999,70,0.7044121314824888,10,3,30,26,55,"[908, 1416]",COMPLETE
2759,2759,0.23367918072766733,2.708413600921631,2021-06-19 15:47:08.649820,2021-06-19 15:47:11.361884,0 days 00:00:02.712064,10,0.7492482924832433,10,6,30,25,55,"[1674, 880]",COMPLETE
2760,2760,0.23451293968945774,2.5657010078430176,2021-06-19 15:47:11.364096,2021-06-19 15:47:13.933605,0 days 00:00:02.569509,10,0.7492482924832433,10,1,20,25,55,"[880, 1046]",COMPLETE
2761,2761,0.22830900875277904,2.749257802963257,2021-06-19 15:47:13.935697,2021-06-19 15:47:16.688537,0 days 00:00:02.752840,20,0.7044121314824888,10,9,30,28,55,"[2495, 2495]",COMPLETE
2762,2762,0.22614578325167722,2.6067748069763184,2021-06-19 15:47:16.690722,2021-06-19 15:47:19.301449,0 days 00:00:02.610727,20,0.7100511651342796,10,15,24,25,55,"[2477, 1312]",COMPLETE
2763,2763,0.3225402555232061,9.2753427028656,2021-06-19 15:47:19.303657,2021-06-19 15:47:28.582890,0 days 00:00:09.279233,70,0.7044121314824888,0,1,30,25,55,"[880, 1929]",COMPLETE
2764,2764,0.23475757835331315,2.774357318878174,2021-06-19 15:47:28.585171,2021-06-19 15:47:31.363408,0 days 00:00:02.778237,60,0.7492482924832433,10,13,13,25,55,"[2712, 1745]",COMPLETE
2765,2765,0.24135384574995644,2.711033582687378,2021-06-19 15:47:31.365799,2021-06-19 15:47:34.080845,0 days 00:00:02.715046,20,0.7044121314824888,8,1,24,25,55,"[1159, 2063]",COMPLETE
2766,2766,0.22936052979236032,2.7659196853637695,2021-06-19 15:47:34.083071,2021-06-19 15:47:36.852640,0 days 00:00:02.769569,10,0.7044121314824888,10,9,30,25,55,"[1389, 1218]",COMPLETE
2767,2767,0.23807039049264495,2.538182020187378,2021-06-19 15:47:36.854831,2021-06-19 15:47:39.396790,0 days 00:00:02.541959,10,0.7492482924832433,10,9,11,25,55,"[1897, 1244]",COMPLETE
2768,2768,0.23194110130967985,2.5487916469573975,2021-06-19 15:47:39.399011,2021-06-19 15:47:41.951464,0 days 00:00:02.552453,20,0.7044121314824888,10,1,24,26,55,"[1135, 1599]",COMPLETE
2769,2769,inf,inf,2021-06-19 15:47:41.953685,2021-06-19 15:47:42.494076,0 days 00:00:00.540391,20,0.5144758087959462,10,7,26,26,55,"[411, 2486]",COMPLETE
2770,2770,0.25657582345408064,2.5917816162109375,2021-06-19 15:47:42.510124,2021-06-19 15:47:45.109683,0 days 00:00:02.599559,60,0.8047024443354969,10,1,26,14,55,"[1416, 1205]",COMPLETE
2771,2771,inf,inf,2021-06-19 15:47:45.112030,2021-06-19 15:47:45.354105,0 days 00:00:00.242075,20,0.4335649770021582,10,16,8,14,55,"[1745, 1205]",COMPLETE
2772,2772,0.23740008962331846,2.579019069671631,2021-06-19 15:47:45.359148,2021-06-19 15:47:47.949828,0 days 00:00:02.590680,20,0.8047024443354969,10,1,8,25,55,"[2712, 1745]",COMPLETE
2773,2773,0.23345254339439778,2.669848918914795,2021-06-19 15:47:47.952113,2021-06-19 15:47:50.625649,0 days 00:00:02.673536,20,0.8350615461643598,10,1,24,25,55,"[1727, 1745]",COMPLETE
2774,2774,0.24644331496420702,2.606893539428711,2021-06-19 15:47:50.627929,2021-06-19 15:47:53.238681,0 days 00:00:02.610752,20,0.7044121314824888,10,15,0,21,55,"[1656, 2215]",COMPLETE
2775,2775,0.22680235550620922,2.7520477771759033,2021-06-19 15:47:53.240906,2021-06-19 15:47:55.996770,0 days 00:00:02.755864,20,0.7044121314824888,10,12,26,26,55,"[411, 2495]",COMPLETE
2776,2776,0.22997037914141374,2.6029021739959717,2021-06-19 15:47:55.998874,2021-06-19 15:47:58.605588,0 days 00:00:02.606714,10,0.775837870117549,10,7,30,25,55,"[1028, 1974]",COMPLETE
2777,2777,0.2309391514127869,2.7429707050323486,2021-06-19 15:47:58.607818,2021-06-19 15:48:01.354452,0 days 00:00:02.746634,100,0.7044121314824888,10,1,30,25,55,"[2477, 374]",COMPLETE
