,number,values_0,values_1,datetime_start,datetime_complete,duration,params_checks,params_n_ratio,params_nskip,params_trees,params_w1,params_w2,system_attrs_nsga2:generation,system_attrs_nsga2:parents,state
1466,1466,0.22910755133202465,2.7209715843200684,2021-06-19 14:34:30.767898,2021-06-19 14:34:33.491372,0 days 00:00:02.723474,60,0.738349151840973,10,7,23,25,29,"[1344, 1320]",COMPLETE
1467,1467,0.2368218432388563,2.7267725467681885,2021-06-19 14:34:33.493195,2021-06-19 14:34:36.222426,0 days 00:00:02.729231,0,0.7492482924832433,10,1,30,25,29,"[1130, 880]",COMPLETE
1468,1468,0.2712627098192916,3.1097984313964844,2021-06-19 14:34:36.224182,2021-06-19 14:34:39.336251,0 days 00:00:03.112069,20,0.7044121314824888,5,9,23,26,29,"[1223, 1223]",COMPLETE
1469,1469,0.23013960124825178,2.74865460395813,2021-06-19 14:34:39.337654,2021-06-19 14:34:42.088597,0 days 00:00:02.750943,20,0.775837870117549,10,9,30,25,29,"[1118, 556]",COMPLETE
1470,1470,0.24033256907100542,2.568817138671875,2021-06-19 14:34:42.090384,2021-06-19 14:34:44.661762,0 days 00:00:02.571378,50,0.7044121314824888,10,1,9,26,29,"[905, 908]",COMPLETE
1471,1471,0.2322773547686178,2.7065014839172363,2021-06-19 14:34:44.663232,2021-06-19 14:34:47.372134,0 days 00:00:02.708902,20,0.937962337201206,10,1,30,23,29,"[488, 849]",COMPLETE
1472,1472,0.23188173862785447,2.7072572708129883,2021-06-19 14:34:47.373901,2021-06-19 14:34:50.083477,0 days 00:00:02.709576,20,0.7492482924832433,10,1,30,25,29,"[905, 938]",COMPLETE
1473,1473,0.23508250244298787,2.580439329147339,2021-06-19 14:34:50.085258,2021-06-19 14:34:52.668009,0 days 00:00:02.582751,10,0.6415492259649922,10,1,22,23,29,"[849, 1246]",COMPLETE
1474,1474,0.23214316203095106,2.6794779300689697,2021-06-19 14:34:52.669412,2021-06-19 14:34:55.351219,0 days 00:00:02.681807,10,0.7492482924832433,10,1,30,25,29,"[1028, 1130]",COMPLETE
1475,1475,0.2305271929409184,2.5663490295410156,2021-06-19 14:34:55.352970,2021-06-19 14:34:57.921605,0 days 00:00:02.568635,10,0.603627004462215,10,1,22,25,29,"[990, 316]",COMPLETE
1476,1476,inf,inf,2021-06-19 14:34:57.923299,2021-06-19 14:34:58.279718,0 days 00:00:00.356419,20,0.48858359464966084,10,9,26,29,29,"[411, 1223]",COMPLETE
1477,1477,0.2290622485650815,2.695403575897217,2021-06-19 14:34:58.282217,2021-06-19 14:35:00.982301,0 days 00:00:02.700084,50,0.7492482924832433,10,1,30,25,29,"[488, 1244]",COMPLETE
1478,1478,0.5074902539225629,2.658942699432373,2021-06-19 14:35:00.983856,2021-06-19 14:35:03.645339,0 days 00:00:02.661483,0,0.7492482924832433,10,1,30,0,29,"[1389, 990]",COMPLETE
1479,1479,0.29186740289739543,3.843581438064575,2021-06-19 14:35:03.646845,2021-06-19 14:35:07.493171,0 days 00:00:03.846326,20,0.7044121314824888,3,1,30,26,29,"[1218, 1133]",COMPLETE
1480,1480,inf,inf,2021-06-19 14:35:07.494895,2021-06-19 14:35:07.719776,0 days 00:00:00.224881,20,0.4523724983433909,10,1,0,26,29,"[1219, 900]",COMPLETE
1481,1481,0.23331908372888774,2.599860429763794,2021-06-19 14:35:07.726053,2021-06-19 14:35:10.328784,0 days 00:00:02.602731,20,0.7492482924832433,10,1,24,25,29,"[840, 900]",COMPLETE
1482,1482,0.2509859271332422,2.9348790645599365,2021-06-19 14:35:10.330567,2021-06-19 14:35:13.267988,0 days 00:00:02.937421,20,0.7044121314824888,7,1,25,25,29,"[1046, 1275]",COMPLETE
1483,1483,0.22807024648809,2.590958833694458,2021-06-19 14:35:13.269630,2021-06-19 14:35:15.863073,0 days 00:00:02.593443,20,0.7044121314824888,10,4,24,26,29,"[912, 1415]",COMPLETE
1484,1484,inf,inf,2021-06-19 14:35:15.864640,2021-06-19 14:35:16.394849,0 days 00:00:00.530209,20,0.5759020543405747,10,9,26,26,29,"[411, 1223]",COMPLETE
1485,1485,0.23067320746729542,2.603503704071045,2021-06-19 14:35:16.407579,2021-06-19 14:35:19.014472,0 days 00:00:02.606893,20,0.8041878111756322,10,1,30,25,29,"[488, 1118]",COMPLETE
1486,1486,0.2873484427569167,3.8432178497314453,2021-06-19 14:35:19.016178,2021-06-19 14:35:22.862007,0 days 00:00:03.845829,20,0.7044121314824888,3,1,9,25,29,"[905, 905]",COMPLETE
1487,1487,0.23605164361597722,2.532695770263672,2021-06-19 14:35:22.863766,2021-06-19 14:35:25.398967,0 days 00:00:02.535201,10,0.7492482924832433,10,1,11,25,29,"[1028, 316]",COMPLETE
1488,1488,0.3007377454190432,4.433868169784546,2021-06-19 14:35:25.400745,2021-06-19 14:35:29.837225,0 days 00:00:04.436480,20,0.7044121314824888,2,3,0,24,29,"[1044, 1416]",COMPLETE
1489,1489,0.2451264369048917,2.6066160202026367,2021-06-19 14:35:29.838907,2021-06-19 14:35:32.447990,0 days 00:00:02.609083,0,0.7044121314824888,10,1,2,25,29,"[1205, 1028]",COMPLETE
1490,1490,0.23449426391552652,2.807046890258789,2021-06-19 14:35:32.449755,2021-06-19 14:35:35.259178,0 days 00:00:02.809423,20,0.7044121314824888,10,1,30,26,29,"[759, 1006]",COMPLETE
1491,1491,0.2777446850822262,2.5731513500213623,2021-06-19 14:35:35.260970,2021-06-19 14:35:37.836582,0 days 00:00:02.575612,20,0.7044121314824888,10,1,30,8,29,"[990, 1135]",COMPLETE
1492,1492,0.22942268952325595,2.695875644683838,2021-06-19 14:35:37.838364,2021-06-19 14:35:40.536804,0 days 00:00:02.698440,20,0.7044121314824888,10,2,30,25,29,"[1044, 1028]",COMPLETE
1493,1493,0.2382712901045173,2.566941738128662,2021-06-19 14:35:40.538152,2021-06-19 14:35:43.107463,0 days 00:00:02.569311,20,0.603627004462215,10,1,8,25,29,"[316, 1219]",COMPLETE
1494,1494,0.2609910752457243,3.0948410034179688,2021-06-19 14:35:43.108805,2021-06-19 14:35:46.206092,0 days 00:00:03.097287,10,0.7492482924832433,6,9,26,26,29,"[411, 1130]",COMPLETE
1495,1495,0.27997447220467697,3.547729015350342,2021-06-19 14:35:46.207818,2021-06-19 14:35:49.758109,0 days 00:00:03.550291,20,0.7044121314824888,4,11,23,26,29,"[1223, 1160]",COMPLETE
1496,1496,0.31373022241537984,3.6140735149383545,2021-06-19 14:35:49.759885,2021-06-19 14:35:53.376588,0 days 00:00:03.616703,20,0.5837861400247171,3,1,2,12,29,"[1205, 488]",COMPLETE
1497,1497,0.23381926290079252,2.711467981338501,2021-06-19 14:35:53.378313,2021-06-19 14:35:56.092120,0 days 00:00:02.713807,10,0.7492482924832433,10,1,30,25,29,"[511, 880]",COMPLETE
1498,1498,0.23283646980929973,2.6030197143554688,2021-06-19 14:35:56.093850,2021-06-19 14:35:58.699317,0 days 00:00:02.605467,10,0.7492482924832433,10,9,23,26,29,"[1028, 960]",COMPLETE
1499,1499,0.2322316718879077,2.7064754962921143,2021-06-19 14:35:58.700885,2021-06-19 14:36:01.409842,0 days 00:00:02.708957,80,0.7492482924832433,10,1,30,26,29,"[1244, 960]",COMPLETE
1500,1500,0.22805980171101312,2.5998706817626953,2021-06-19 14:36:01.411559,2021-06-19 14:37:19.838603,0 days 00:01:18.427044,20,0.7044121314824888,10,9,30,26,30,"[374, 1046]",COMPLETE
1501,1501,0.2365705307771447,2.756596088409424,2021-06-19 14:37:19.841313,2021-06-19 14:37:22.601128,0 days 00:00:02.759815,10,0.7492482924832433,10,1,23,26,30,"[960, 1219]",COMPLETE
1502,1502,0.25797216882627827,2.528709650039673,2021-06-19 14:37:22.602813,2021-06-19 14:37:25.133997,0 days 00:00:02.531184,20,0.603627004462215,10,1,8,18,30,"[316, 1416]",COMPLETE
1503,1503,0.24018997857824087,2.668318033218384,2021-06-19 14:37:25.135690,2021-06-19 14:37:27.806320,0 days 00:00:02.670630,10,0.7492482924832433,10,1,9,26,30,"[900, 745]",COMPLETE
1504,1504,0.2660057469026007,2.53756046295166,2021-06-19 14:37:27.808065,2021-06-19 14:37:30.347966,0 days 00:00:02.539901,20,0.7492482924832433,10,1,30,14,30,"[1389, 1205]",COMPLETE
1505,1505,0.27819941792036657,2.6898181438446045,2021-06-19 14:37:30.349760,2021-06-19 14:37:33.042416,0 days 00:00:02.692656,20,0.7044121314824888,10,12,30,13,30,"[1275, 411]",COMPLETE
1506,1506,0.2710559000992706,2.769991874694824,2021-06-19 14:37:33.044090,2021-06-19 14:37:35.816599,0 days 00:00:02.772509,30,0.7044121314824888,10,14,26,13,30,"[411, 411]",COMPLETE
1507,1507,0.29832938765073136,4.245746850967407,2021-06-19 14:37:35.818235,2021-06-19 14:37:40.066439,0 days 00:00:04.248204,20,0.7044121314824888,2,1,23,25,30,"[1344, 1246]",COMPLETE
1508,1508,0.23065828181633885,2.67073392868042,2021-06-19 14:37:40.068243,2021-06-19 14:37:42.741298,0 days 00:00:02.673055,20,0.7492482924832433,10,5,30,25,30,"[488, 1044]",COMPLETE
1509,1509,0.22990836217825844,2.5919432640075684,2021-06-19 14:37:42.743066,2021-06-19 14:37:45.337512,0 days 00:00:02.594446,20,0.7291904260262516,10,5,23,25,30,"[1344, 1344]",COMPLETE
1510,1510,0.3260365516473582,11.16105842590332,2021-06-19 14:37:45.339240,2021-06-19 14:37:56.502941,0 days 00:00:11.163701,0,0.8047024443354969,0,1,30,26,30,"[1312, 1046]",COMPLETE
1511,1511,inf,inf,2021-06-19 14:37:56.504660,2021-06-19 14:37:56.665738,0 days 00:00:00.161078,10,0.3949682537035348,10,9,12,26,30,"[1130, 1218]",COMPLETE
1512,1512,0.2533904966025083,2.980319023132324,2021-06-19 14:37:56.668124,2021-06-19 14:37:59.662086,0 days 00:00:02.993962,10,0.603627004462215,7,6,25,25,30,"[1246, 316]",COMPLETE
1513,1513,0.2298976083061987,2.5593652725219727,2021-06-19 14:37:59.663702,2021-06-19 14:38:02.225616,0 days 00:00:02.561914,50,0.7492482924832433,10,1,30,25,30,"[1028, 1028]",COMPLETE
1514,1514,0.30568837989018527,2.541177272796631,2021-06-19 14:38:02.227384,2021-06-19 14:38:04.771039,0 days 00:00:02.543655,20,0.7492482924832433,10,1,30,1,30,"[900, 1159]",COMPLETE
1515,1515,0.23081066313340573,2.6382923126220703,2021-06-19 14:38:04.772867,2021-06-19 14:38:07.413526,0 days 00:00:02.640659,20,0.7044121314824888,10,1,24,26,30,"[900, 1135]",COMPLETE
1516,1516,0.24259748010349266,2.5592803955078125,2021-06-19 14:38:07.415294,2021-06-19 14:38:09.977139,0 days 00:00:02.561845,20,0.7044121314824888,10,1,7,22,30,"[990, 1016]",COMPLETE
1517,1517,0.2358902967801206,2.8485121726989746,2021-06-19 14:38:09.978852,2021-06-19 14:38:12.830002,0 days 00:00:02.851150,0,0.7492482924832433,9,6,30,25,30,"[511, 880]",COMPLETE
1518,1518,0.23569494299520255,2.6412689685821533,2021-06-19 14:38:12.831640,2021-06-19 14:38:15.475631,0 days 00:00:02.643991,20,0.719655755307322,10,16,30,30,30,"[1044, 1135]",COMPLETE
1519,1519,0.242930201584207,2.549274206161499,2021-06-19 14:38:15.477320,2021-06-19 14:38:18.029096,0 days 00:00:02.551776,20,0.7044121314824888,10,1,4,26,30,"[1219, 1288]",COMPLETE
1520,1520,0.23222278853121217,2.7674691677093506,2021-06-19 14:38:18.030847,2021-06-19 14:38:20.800661,0 days 00:00:02.769814,20,0.7044121314824888,10,9,24,26,30,"[759, 1130]",COMPLETE
1521,1521,0.22920990465498725,2.5483953952789307,2021-06-19 14:38:20.802093,2021-06-19 14:38:23.352935,0 days 00:00:02.550842,10,0.7044121314824888,10,1,30,25,30,"[1246, 1133]",COMPLETE
1522,1522,0.2349328399184236,2.721611738204956,2021-06-19 14:38:23.354503,2021-06-19 14:38:26.078646,0 days 00:00:02.724143,10,0.7039382016603601,10,4,24,26,30,"[912, 877]",COMPLETE
1523,1523,0.2444140065581772,2.6046142578125,2021-06-19 14:38:26.080424,2021-06-19 14:38:28.687528,0 days 00:00:02.607104,10,0.7044121314824888,10,9,9,29,30,"[556, 1415]",COMPLETE
1524,1524,0.3041171714234041,4.515810251235962,2021-06-19 14:38:28.689279,2021-06-19 14:38:33.207784,0 days 00:00:04.518505,20,0.7044121314824888,2,1,5,20,30,"[1028, 1288]",COMPLETE
1525,1525,0.2298499135261319,2.669513702392578,2021-06-19 14:38:33.209591,2021-06-19 14:38:35.881711,0 days 00:00:02.672120,20,0.775837870117549,10,5,30,24,30,"[1275, 1044]",COMPLETE
1526,1526,0.23319391958822805,2.807572841644287,2021-06-19 14:38:35.883432,2021-06-19 14:38:38.693587,0 days 00:00:02.810155,50,0.7044121314824888,10,9,30,26,30,"[903, 1288]",COMPLETE
1527,1527,0.30068215935617426,2.5708224773406982,2021-06-19 14:38:38.695143,2021-06-19 14:38:41.268469,0 days 00:00:02.573326,20,0.8047024443354969,10,1,24,4,30,"[488, 840]",COMPLETE
1528,1528,0.25285058001919297,2.5498828887939453,2021-06-19 14:38:41.270237,2021-06-19 14:38:43.822776,0 days 00:00:02.552539,20,0.7044121314824888,10,3,30,18,30,"[1416, 1046]",COMPLETE
1529,1529,0.22888375091030694,2.6821892261505127,2021-06-19 14:38:43.824587,2021-06-19 14:38:46.509133,0 days 00:00:02.684546,20,0.8047024443354969,10,1,24,25,30,"[1312, 903]",COMPLETE
1530,1530,0.26570347587005183,2.5209696292877197,2021-06-19 14:38:46.510904,2021-06-19 14:38:49.034347,0 days 00:00:02.523443,20,0.7492482924832433,10,1,30,13,30,"[1389, 993]",COMPLETE
1531,1531,0.451198336922399,2.7299110889434814,2021-06-19 14:38:49.036095,2021-06-19 14:38:51.768488,0 days 00:00:02.732393,20,0.7044121314824888,10,4,24,0,30,"[1219, 912]",COMPLETE
1532,1532,0.32172226724538383,8.857729434967041,2021-06-19 14:38:51.770168,2021-06-19 14:39:00.630767,0 days 00:00:08.860599,10,0.7492482924832433,0,1,24,23,30,"[900, 849]",COMPLETE
1533,1533,0.2383560978633905,2.7780439853668213,2021-06-19 14:39:00.632506,2021-06-19 14:39:03.412898,0 days 00:00:02.780392,20,0.7492482924832433,10,9,9,26,30,"[903, 556]",COMPLETE
1534,1534,0.24663272274638273,2.503815174102783,2021-06-19 14:39:03.414209,2021-06-19 14:39:05.920340,0 days 00:00:02.506131,10,0.7492482924832433,10,1,12,30,30,"[1130, 1130]",COMPLETE
1535,1535,inf,inf,2021-06-19 14:39:05.922269,2021-06-19 14:39:06.025151,0 days 00:00:00.102882,100,0.3506351538461494,10,9,30,26,30,"[877, 993]",COMPLETE
1536,1536,0.22984224339948886,2.8231914043426514,2021-06-19 14:39:06.051198,2021-06-19 14:39:08.890768,0 days 00:00:02.839570,20,0.7044121314824888,10,9,24,26,30,"[1483, 759]",COMPLETE
1537,1537,0.23098049930297507,2.7141189575195312,2021-06-19 14:39:08.892104,2021-06-19 14:39:11.608877,0 days 00:00:02.716773,20,0.7044121314824888,9,9,28,26,30,"[374, 411]",COMPLETE
1538,1538,0.2357495519723241,2.573767900466919,2021-06-19 14:39:11.610224,2021-06-19 14:39:14.186653,0 days 00:00:02.576429,20,0.6517618519302574,10,9,12,26,30,"[903, 1244]",COMPLETE
1539,1539,0.2318245833963462,2.685570478439331,2021-06-19 14:39:14.188340,2021-06-19 14:39:16.876288,0 days 00:00:02.687948,20,0.7044121314824888,10,1,24,26,30,"[900, 1133]",COMPLETE
1540,1540,0.2345775352344106,2.5705134868621826,2021-06-19 14:39:16.878022,2021-06-19 14:39:19.451075,0 days 00:00:02.573053,20,0.8047024443354969,10,1,23,28,30,"[647, 1160]",COMPLETE
1541,1541,0.2325363156101068,2.6719934940338135,2021-06-19 14:39:19.452919,2021-06-19 14:39:22.127430,0 days 00:00:02.674511,20,0.7044121314824888,10,1,19,25,30,"[1461, 1135]",COMPLETE
1542,1542,0.2376437373912805,2.5652782917022705,2021-06-19 14:39:22.129111,2021-06-19 14:39:24.697171,0 days 00:00:02.568060,20,0.7492482924832433,10,1,11,26,30,"[993, 938]",COMPLETE
1543,1543,inf,inf,2021-06-19 14:39:24.698881,2021-06-19 14:39:24.848029,0 days 00:00:00.149148,100,0.426856566612151,10,1,30,25,30,"[1046, 1244]",COMPLETE
1544,1544,0.2326388775164662,2.7413275241851807,2021-06-19 14:39:24.851054,2021-06-19 14:39:27.599613,0 days 00:00:02.748559,10,0.7044121314824888,10,2,30,26,30,"[1159, 960]",COMPLETE
1545,1545,0.3174133866121269,2.5440785884857178,2021-06-19 14:39:27.600967,2021-06-19 14:39:30.147689,0 days 00:00:02.546722,20,0.7044121314824888,10,3,30,2,30,"[880, 1046]",COMPLETE
1546,1546,0.27514199370295866,2.5875556468963623,2021-06-19 14:39:30.149508,2021-06-19 14:39:32.739555,0 days 00:00:02.590047,10,0.7044121314824888,10,1,9,12,30,"[905, 745]",COMPLETE
1547,1547,0.23458027764021908,2.690640926361084,2021-06-19 14:39:32.741772,2021-06-19 14:39:35.435408,0 days 00:00:02.693636,10,0.7492482924832433,10,1,30,26,30,"[880, 647]",COMPLETE
1548,1548,0.23721530676111457,2.6271238327026367,2021-06-19 14:39:35.436947,2021-06-19 14:39:38.066457,0 days 00:00:02.629510,20,0.7044121314824888,10,1,30,25,30,"[1135, 1044]",COMPLETE
1549,1549,0.26229836191662126,3.150327205657959,2021-06-19 14:39:38.068226,2021-06-19 14:39:41.220970,0 days 00:00:03.152744,20,0.775837870117549,6,9,16,25,30,"[1118, 1118]",COMPLETE
1550,1550,0.23124894948608737,2.606036424636841,2021-06-19 14:39:41.222766,2021-06-19 14:39:43.880361,0 days 00:00:02.657595,50,0.7044121314824888,10,1,23,26,31,"[1344, 1219]",COMPLETE
1551,1551,0.23276877531633164,2.7350878715515137,2021-06-19 14:39:43.882073,2021-06-19 14:39:46.620024,0 days 00:00:02.737951,20,0.7044121314824888,10,5,15,26,31,"[1320, 1288]",COMPLETE
1552,1552,0.23031292209245788,2.5718212127685547,2021-06-19 14:39:46.621819,2021-06-19 14:39:49.196293,0 days 00:00:02.574474,20,0.7044121314824888,10,1,30,24,31,"[1159, 1016]",COMPLETE
1553,1553,0.23527512303294051,2.7193663120269775,2021-06-19 14:39:49.197894,2021-06-19 14:39:51.919891,0 days 00:00:02.721997,20,0.6574133222374929,10,9,30,26,31,"[1244, 903]",COMPLETE
1554,1554,0.2325026827490012,2.5839343070983887,2021-06-19 14:39:51.921695,2021-06-19 14:39:54.508106,0 days 00:00:02.586411,10,0.7044121314824888,10,9,30,25,31,"[759, 1246]",COMPLETE
1555,1555,0.2440861501763513,2.6004559993743896,2021-06-19 14:39:54.509856,2021-06-19 14:39:57.113015,0 days 00:00:02.603159,10,0.6504730213799035,10,13,1,25,31,"[1389, 316]",COMPLETE
1556,1556,0.23524494173283345,2.667250871658325,2021-06-19 14:39:57.114719,2021-06-19 14:39:59.784207,0 days 00:00:02.669488,10,0.7044121314824888,10,1,30,25,31,"[1246, 1246]",COMPLETE
1557,1557,0.2323370082296704,2.588557481765747,2021-06-19 14:39:59.785957,2021-06-19 14:40:02.376727,0 days 00:00:02.590770,20,0.7492482924832433,10,1,24,26,31,"[900, 900]",COMPLETE
1558,1558,0.32138654514619835,2.7566583156585693,2021-06-19 14:40:02.378435,2021-06-19 14:40:05.137669,0 days 00:00:02.759234,20,0.775837870117549,10,9,23,0,31,"[1133, 1275]",COMPLETE
1559,1559,0.23115289812512088,2.6156270503997803,2021-06-19 14:40:05.139216,2021-06-19 14:40:07.757473,0 days 00:00:02.618257,10,0.7044121314824888,10,7,30,26,31,"[1130, 1218]",COMPLETE
1560,1560,0.29600702998066397,2.7367494106292725,2021-06-19 14:40:07.759158,2021-06-19 14:40:10.498802,0 days 00:00:02.739644,20,0.7044121314824888,10,9,18,9,31,"[1218, 993]",COMPLETE
1561,1561,0.23370333221581016,2.547698497772217,2021-06-19 14:40:10.500604,2021-06-19 14:40:13.050687,0 days 00:00:02.550083,10,0.7044121314824888,10,1,30,26,31,"[1389, 908]",COMPLETE
1562,1562,0.23329158303723171,2.696882724761963,2021-06-19 14:40:13.052311,2021-06-19 14:40:15.751414,0 days 00:00:02.699103,20,0.629201349454404,10,1,22,25,31,"[511, 511]",COMPLETE
1563,1563,0.23996708125238378,2.624366044998169,2021-06-19 14:40:15.753208,2021-06-19 14:40:18.380069,0 days 00:00:02.626861,10,0.6483866480268753,10,1,8,25,31,"[316, 556]",COMPLETE
1564,1564,0.33604691231159406,2.5319228172302246,2021-06-19 14:40:18.381800,2021-06-19 14:40:20.916262,0 days 00:00:02.534462,10,0.7492482924832433,10,1,30,1,31,"[880, 1389]",COMPLETE
1565,1565,0.23280046235963772,2.7263946533203125,2021-06-19 14:40:20.917839,2021-06-19 14:40:23.646668,0 days 00:00:02.728829,20,0.7044121314824888,10,9,30,26,31,"[912, 374]",COMPLETE
1566,1566,0.23320329279277452,2.5824995040893555,2021-06-19 14:40:23.648473,2021-06-19 14:40:26.233370,0 days 00:00:02.584897,20,0.7039382016603601,10,9,30,26,31,"[912, 908]",COMPLETE
1567,1567,0.229934820604504,2.7685706615448,2021-06-19 14:40:26.235023,2021-06-19 14:40:29.006194,0 days 00:00:02.771171,100,0.7492482924832433,10,6,23,26,31,"[1389, 1223]",COMPLETE
1568,1568,0.2710762033205707,3.0982329845428467,2021-06-19 14:40:29.007751,2021-06-19 14:40:32.108647,0 days 00:00:03.100896,20,0.775837870117549,5,1,8,25,31,"[1521, 1118]",COMPLETE
1569,1569,0.23508284151581502,2.6871986389160156,2021-06-19 14:40:32.110010,2021-06-19 14:40:34.799869,0 days 00:00:02.689859,20,0.7492482924832433,10,1,23,26,31,"[1223, 488]",COMPLETE
1570,1570,0.23278466580490392,2.599989414215088,2021-06-19 14:40:34.801339,2021-06-19 14:40:37.403952,0 days 00:00:02.602613,20,0.775837870117549,10,9,20,25,31,"[1118, 880]",COMPLETE
1571,1571,inf,inf,2021-06-19 14:40:37.405710,2021-06-19 14:40:37.565063,0 days 00:00:00.159353,20,0.36563141336720584,10,1,2,14,31,"[1219, 1205]",COMPLETE
1572,1572,0.22879741465235862,2.793638229370117,2021-06-19 14:40:37.567510,2021-06-19 14:40:40.365472,0 days 00:00:02.797962,10,0.6415492259649922,10,9,22,25,31,"[1275, 849]",COMPLETE
1573,1573,0.2669418586305098,2.5379638671875,2021-06-19 14:40:40.367253,2021-06-19 14:40:42.908033,0 days 00:00:02.540780,10,0.7044121314824888,10,1,23,14,31,"[1205, 1133]",COMPLETE
1574,1574,0.23001888173968882,2.6141061782836914,2021-06-19 14:40:42.909840,2021-06-19 14:40:45.526364,0 days 00:00:02.616524,20,0.7044121314824888,10,9,25,26,31,"[1320, 1218]",COMPLETE
1575,1575,0.2357089769651961,2.6257104873657227,2021-06-19 14:40:45.528009,2021-06-19 14:40:48.156145,0 days 00:00:02.628136,20,0.7044121314824888,10,1,30,25,31,"[1389, 1159]",COMPLETE
1576,1576,0.23135643186393975,2.5741844177246094,2021-06-19 14:40:48.157913,2021-06-19 14:40:50.734503,0 days 00:00:02.576590,10,0.6415492259649922,10,9,30,26,31,"[1500, 849]",COMPLETE
1577,1577,0.23109693228730344,2.649799108505249,2021-06-19 14:40:50.736318,2021-06-19 14:40:53.388686,0 days 00:00:02.652368,20,0.7044121314824888,10,2,30,25,31,"[1244, 1159]",COMPLETE
1578,1578,0.23434176834692347,2.551614284515381,2021-06-19 14:40:53.390234,2021-06-19 14:40:55.944261,0 days 00:00:02.554027,10,0.7044121314824888,10,1,30,26,31,"[960, 993]",COMPLETE
1579,1579,0.28448972013908974,3.5100388526916504,2021-06-19 14:40:55.945941,2021-06-19 14:40:59.458532,0 days 00:00:03.512591,10,0.7492482924832433,4,9,30,26,31,"[908, 960]",COMPLETE
1580,1580,0.22835670693053747,2.622480630874634,2021-06-19 14:40:59.460325,2021-06-19 14:41:02.085211,0 days 00:00:02.624886,20,0.7044121314824888,10,9,30,26,31,"[877, 903]",COMPLETE
1581,1581,0.23972850590402006,2.5998735427856445,2021-06-19 14:41:02.087018,2021-06-19 14:41:04.689461,0 days 00:00:02.602443,10,0.7044121314824888,10,1,30,30,31,"[1028, 1219]",COMPLETE
1582,1582,0.27057175565689295,2.6557095050811768,2021-06-19 14:41:04.690848,2021-06-19 14:41:07.349065,0 days 00:00:02.658217,20,0.7044121314824888,10,1,2,14,31,"[1205, 1205]",COMPLETE
1583,1583,inf,inf,2021-06-19 14:41:07.350868,2021-06-19 14:41:08.407910,0 days 00:00:01.057042,20,0.5648979342296931,3,9,24,7,31,"[1246, 759]",COMPLETE
1584,1584,0.23289900845472375,2.654585599899292,2021-06-19 14:41:08.411090,2021-06-19 14:41:11.070216,0 days 00:00:02.659126,10,0.7492482924832433,10,1,30,26,31,"[411, 1028]",COMPLETE
