,number,values_0,values_1,datetime_start,datetime_complete,duration,params_checks,params_n_ratio,params_nskip,params_trees,params_w1,params_w2,system_attrs_nsga2:generation,system_attrs_nsga2:parents,state
9777,9777,0.23097296252582203,2.6075797080993652,2021-06-19 22:23:55.348731,2021-06-19 22:23:57.968619,0 days 00:00:02.619888,40,0.775837870117549,10,1,30,25,195,"[3760, 9286]",COMPLETE
9778,9778,0.2425630345929912,2.945289134979248,2021-06-19 22:23:57.973747,2021-06-19 22:24:00.930572,0 days 00:00:02.956825,20,0.7476529268840479,8,1,30,25,195,"[9685, 6351]",COMPLETE
9779,9779,0.2330542816514592,2.6748719215393066,2021-06-19 22:24:00.935548,2021-06-19 22:24:03.621975,0 days 00:00:02.686427,20,0.775837870117549,9,1,30,25,195,"[8024, 2063]",COMPLETE
9780,9780,inf,inf,2021-06-19 22:24:03.627279,2021-06-19 22:24:04.424039,0 days 00:00:00.796760,20,0.4861616430127702,1,1,30,26,195,"[9683, 9286]",COMPLETE
9781,9781,0.2290966308885249,2.5570294857025146,2021-06-19 22:24:04.447497,2021-06-19 22:24:07.028682,0 days 00:00:02.581185,20,0.7476529268840479,10,1,30,25,195,"[9685, 9685]",COMPLETE
9782,9782,0.2643694949571471,2.9112844467163086,2021-06-19 22:24:07.033738,2021-06-19 22:24:09.956550,0 days 00:00:02.922812,10,0.7044121314824888,6,1,30,26,195,"[5379, 7005]",COMPLETE
9783,9783,0.2272330826537273,2.763899803161621,2021-06-19 22:24:09.961776,2021-06-19 22:24:12.737123,0 days 00:00:02.775347,20,0.775837870117549,10,1,30,25,195,"[8433, 5145]",COMPLETE
9784,9784,0.2275559339459922,2.5955493450164795,2021-06-19 22:24:12.742165,2021-06-19 22:24:15.349193,0 days 00:00:02.607028,20,0.775837870117549,10,1,30,26,195,"[9438, 9692]",COMPLETE
9785,9785,0.2284002770235108,2.6930060386657715,2021-06-19 22:24:15.354234,2021-06-19 22:24:18.058992,0 days 00:00:02.704758,20,0.775837870117549,10,1,30,26,195,"[6835, 9438]",COMPLETE
9786,9786,0.2361048527640813,2.5700221061706543,2021-06-19 22:24:18.063971,2021-06-19 22:24:20.645352,0 days 00:00:02.581381,20,0.775837870117549,10,1,30,23,195,"[6351, 849]",COMPLETE
9787,9787,0.22725237698713013,2.585846424102783,2021-06-19 22:24:20.650524,2021-06-19 22:24:23.248059,0 days 00:00:02.597535,20,0.775837870117549,10,1,24,26,195,"[9057, 9642]",COMPLETE
9788,9788,0.23480704685953518,2.5646464824676514,2021-06-19 22:24:23.253258,2021-06-19 22:24:25.829687,0 days 00:00:02.576429,20,0.775837870117549,10,1,11,25,195,"[8433, 9057]",COMPLETE
9789,9789,0.3465353458118418,3.5221714973449707,2021-06-19 22:24:25.834741,2021-06-19 22:24:29.368905,0 days 00:00:03.534164,20,0.7537694666157235,4,1,30,1,195,"[8261, 2078]",COMPLETE
9790,9790,0.24193862315181972,2.5585927963256836,2021-06-19 22:24:29.374053,2021-06-19 22:24:31.943949,0 days 00:00:02.569896,10,0.7492482924832433,10,1,30,25,195,"[880, 880]",COMPLETE
9791,9791,0.24052214157296964,2.590400218963623,2021-06-19 22:24:31.949401,2021-06-19 22:24:34.552535,0 days 00:00:02.603134,20,0.603627004462215,9,1,8,25,195,"[3100, 316]",COMPLETE
9792,9792,0.23506995606007844,3.116813898086548,2021-06-19 22:24:34.557729,2021-06-19 22:24:37.686324,0 days 00:00:03.128595,20,0.9617160727608947,10,1,15,25,195,"[8333, 5853]",COMPLETE
9793,9793,0.22743558275630038,2.7012903690338135,2021-06-19 22:24:37.691720,2021-06-19 22:24:40.407571,0 days 00:00:02.715851,80,0.7492482924832433,10,11,30,26,195,"[6763, 8933]",COMPLETE
9794,9794,0.23155809849909878,2.8500447273254395,2021-06-19 22:24:40.412720,2021-06-19 22:24:43.274415,0 days 00:00:02.861695,10,0.741850202854523,10,15,30,26,195,"[5379, 8433]",COMPLETE
9795,9795,inf,inf,2021-06-19 22:24:43.279409,2021-06-19 22:24:43.618649,0 days 00:00:00.339240,10,0.5251325121782952,10,1,22,25,195,"[2063, 849]",COMPLETE
9796,9796,0.29982820169707536,2.524130344390869,2021-06-19 22:24:43.632812,2021-06-19 22:24:46.177097,0 days 00:00:02.544285,40,0.7476529268840479,10,1,30,5,195,"[9438, 9685]",COMPLETE
9797,9797,0.23525464527982184,2.561843156814575,2021-06-19 22:24:46.182266,2021-06-19 22:24:48.755531,0 days 00:00:02.573265,20,0.603627004462215,10,1,30,25,195,"[7770, 316]",COMPLETE
9798,9798,0.24970682037911898,2.704111099243164,2021-06-19 22:24:48.760780,2021-06-19 22:24:51.476592,0 days 00:00:02.715812,90,0.775837870117549,10,11,30,17,195,"[7631, 8933]",COMPLETE
9799,9799,0.22870373362588964,2.775766372680664,2021-06-19 22:24:51.481728,2021-06-19 22:24:54.268961,0 days 00:00:02.787233,20,0.775837870117549,10,1,30,26,195,"[8261, 7005]",COMPLETE
9800,9800,0.24987776428284347,2.842738389968872,2021-06-19 22:24:54.274084,2021-06-19 22:26:09.378584,0 days 00:01:15.104500,10,0.7044121314824888,7,1,8,26,196,"[8898, 1389]",COMPLETE
9801,9801,0.2684608589333712,3.584822654724121,2021-06-19 22:26:09.389170,2021-06-19 22:26:12.989221,0 days 00:00:03.600051,20,0.9280272491423134,5,1,24,26,196,"[9286, 5379]",COMPLETE
9802,9802,0.22739225410332312,2.5541770458221436,2021-06-19 22:26:12.994306,2021-06-19 22:26:15.560229,0 days 00:00:02.565923,20,0.775837870117549,10,1,30,25,196,"[8256, 6351]",COMPLETE
9803,9803,0.289194289597325,2.5999960899353027,2021-06-19 22:26:15.565351,2021-06-19 22:26:18.177345,0 days 00:00:02.611994,20,0.7492482924832433,10,4,18,8,196,"[900, 8933]",COMPLETE
9804,9804,0.23093081735580934,2.7687883377075195,2021-06-19 22:26:18.182251,2021-06-19 22:26:20.962548,0 days 00:00:02.780297,20,0.775837870117549,10,1,30,25,196,"[7005, 9685]",COMPLETE
9805,9805,0.2605748615125408,2.9623055458068848,2021-06-19 22:26:20.967363,2021-06-19 22:26:23.941210,0 days 00:00:02.973847,20,0.775837870117549,6,1,30,26,196,"[8498, 8898]",COMPLETE
9806,9806,0.2746743878274088,2.5437302589416504,2021-06-19 22:26:23.946016,2021-06-19 22:26:26.501355,0 days 00:00:02.555339,20,0.775837870117549,10,1,30,7,196,"[8720, 7770]",COMPLETE
9807,9807,0.2385181811375931,2.5556750297546387,2021-06-19 22:26:26.506099,2021-06-19 22:26:29.073339,0 days 00:00:02.567240,20,0.7044121314824888,10,1,14,26,196,"[9642, 3100]",COMPLETE
9808,9808,0.2291547868912213,2.770693063735962,2021-06-19 22:26:29.078085,2021-06-19 22:26:31.860140,0 days 00:00:02.782055,20,0.775837870117549,10,1,30,26,196,"[9642, 7770]",COMPLETE
9809,9809,0.24806922824664865,2.9700770378112793,2021-06-19 22:26:31.865241,2021-06-19 22:26:34.847362,0 days 00:00:02.982121,50,0.775837870117549,7,15,30,25,196,"[3760, 8498]",COMPLETE
9810,9810,0.2308002948747269,2.5810842514038086,2021-06-19 22:26:34.852564,2021-06-19 22:26:37.445341,0 days 00:00:02.592777,20,0.7044121314824888,10,1,30,26,196,"[9683, 8898]",COMPLETE
9811,9811,0.23344273393852807,2.887448310852051,2021-06-19 22:26:37.450279,2021-06-19 22:26:40.349436,0 days 00:00:02.899157,20,0.9062453894818163,9,1,30,25,196,"[6351, 6968]",COMPLETE
9812,9812,0.22816299581776048,2.6381475925445557,2021-06-19 22:26:40.354526,2021-06-19 22:26:43.004444,0 days 00:00:02.649918,100,0.775837870117549,10,1,30,26,196,"[9286, 9286]",COMPLETE
9813,9813,inf,inf,2021-06-19 22:26:43.009653,2021-06-19 22:26:43.495614,0 days 00:00:00.485961,20,0.5864676498004573,10,1,30,25,196,"[5853, 8531]",COMPLETE
9814,9814,0.2298941711574767,2.640723705291748,2021-06-19 22:26:43.505940,2021-06-19 22:26:46.184667,0 days 00:00:02.678727,20,0.775837870117549,10,14,25,26,196,"[6835, 8898]",COMPLETE
9815,9815,0.23411557154422094,2.8845467567443848,2021-06-19 22:26:46.189805,2021-06-19 22:26:49.085753,0 days 00:00:02.895948,20,0.8356850026256974,10,11,30,26,196,"[8933, 8933]",COMPLETE
9816,9816,inf,inf,2021-06-19 22:26:49.090807,2021-06-19 22:26:49.422730,0 days 00:00:00.331923,20,0.47126069044286,7,1,30,25,196,"[2991, 7770]",COMPLETE
9817,9817,0.2530974819242661,2.8467743396759033,2021-06-19 22:26:49.434082,2021-06-19 22:26:52.307439,0 days 00:00:02.873357,20,0.775837870117549,7,1,30,26,196,"[7005, 9683]",COMPLETE
9818,9818,0.2328992737648886,2.7680041790008545,2021-06-19 22:26:52.312691,2021-06-19 22:26:55.092445,0 days 00:00:02.779754,20,0.9527805624167007,10,4,30,25,196,"[6968, 8261]",COMPLETE
9819,9819,0.333574695980545,9.786771774291992,2021-06-19 22:26:55.097737,2021-06-19 22:27:04.896599,0 days 00:00:09.798862,0,0.7476529268840479,0,1,3,25,196,"[5145, 9685]",COMPLETE
9820,9820,0.24219787458502484,2.6658272743225098,2021-06-19 22:27:04.901816,2021-06-19 22:27:07.579745,0 days 00:00:02.677929,20,0.7492482924832433,9,9,3,26,196,"[6835, 1028]",COMPLETE
9821,9821,0.296951308436426,2.7783854007720947,2021-06-19 22:27:07.584865,2021-06-19 22:27:10.374891,0 days 00:00:02.790026,20,0.626396885736594,10,1,30,5,196,"[9683, 8433]",COMPLETE
9822,9822,0.23242721288625703,2.5707905292510986,2021-06-19 22:27:10.380006,2021-06-19 22:27:12.962298,0 days 00:00:02.582292,20,0.775837870117549,10,1,25,25,196,"[8256, 7631]",COMPLETE
9823,9823,0.2303959466262266,2.524996519088745,2021-06-19 22:27:12.967112,2021-06-19 22:27:15.503504,0 days 00:00:02.536392,10,0.603627004462215,10,1,30,26,196,"[316, 9683]",COMPLETE
9824,9824,inf,inf,2021-06-19 22:27:15.508560,2021-06-19 22:27:15.791591,0 days 00:00:00.283031,20,0.5348385615841842,10,1,30,26,196,"[8933, 7005]",COMPLETE
9825,9825,0.23278508295501144,2.7778828144073486,2021-06-19 22:27:15.800497,2021-06-19 22:27:18.616234,0 days 00:00:02.815737,10,0.8047024443354969,10,1,25,25,196,"[880, 8256]",COMPLETE
9826,9826,0.2353858203372538,2.5227413177490234,2021-06-19 22:27:18.621402,2021-06-19 22:27:21.155848,0 days 00:00:02.534446,20,0.7044121314824888,10,1,30,25,196,"[3082, 5379]",COMPLETE
9827,9827,0.24374136348585973,2.701270580291748,2021-06-19 22:27:21.160956,2021-06-19 22:27:23.874100,0 days 00:00:02.713144,20,0.7044121314824888,8,1,0,29,196,"[1929, 6835]",COMPLETE
9828,9828,inf,inf,2021-06-19 22:27:23.879233,2021-06-19 22:27:24.140547,0 days 00:00:00.261314,50,0.4831042796790534,4,11,30,26,196,"[8933, 6351]",COMPLETE
9829,9829,0.2283546084591785,2.809011936187744,2021-06-19 22:27:24.149219,2021-06-19 22:27:26.988488,0 days 00:00:02.839269,20,0.775837870117549,10,1,30,26,196,"[9642, 9692]",COMPLETE
9830,9830,0.22895259241804725,2.5790834426879883,2021-06-19 22:27:26.993659,2021-06-19 22:27:29.584380,0 days 00:00:02.590721,20,0.775837870117549,10,9,30,25,196,"[1244, 7631]",COMPLETE
9831,9831,0.22885764022022362,2.5943009853363037,2021-06-19 22:27:29.589404,2021-06-19 22:27:32.196446,0 days 00:00:02.607042,30,0.775837870117549,10,1,30,26,196,"[7005, 6351]",COMPLETE
9832,9832,0.23305404310674324,2.588357448577881,2021-06-19 22:27:32.201734,2021-06-19 22:27:34.802137,0 days 00:00:02.600403,40,0.7492482924832433,10,1,24,25,196,"[6763, 900]",COMPLETE
9833,9833,0.2335213946097081,2.8183343410491943,2021-06-19 22:27:34.807188,2021-06-19 22:27:37.637052,0 days 00:00:02.829864,20,0.775837870117549,10,1,30,28,196,"[8433, 9438]",COMPLETE
9834,9834,0.2260763686013232,2.577258825302124,2021-06-19 22:27:37.642061,2021-06-19 22:27:40.230864,0 days 00:00:02.588803,20,0.775837870117549,10,1,30,25,196,"[9368, 8256]",COMPLETE
9835,9835,0.23265024027791767,2.5946240425109863,2021-06-19 22:27:40.236086,2021-06-19 22:27:42.842427,0 days 00:00:02.606341,20,0.775837870117549,10,5,28,25,196,"[1929, 3082]",COMPLETE
9836,9836,0.2320106013551528,2.9602596759796143,2021-06-19 22:27:42.847352,2021-06-19 22:27:45.819158,0 days 00:00:02.971806,20,0.9309381750209074,10,1,30,24,196,"[7770, 1159]",COMPLETE
9837,9837,0.2294877543846543,2.5267062187194824,2021-06-19 22:27:45.824396,2021-06-19 22:27:48.362566,0 days 00:00:02.538170,10,0.7044121314824888,10,1,24,26,196,"[5379, 3082]",COMPLETE
9838,9838,inf,inf,2021-06-19 22:27:48.367499,2021-06-19 22:27:49.225766,0 days 00:00:00.858267,30,0.47733110494372294,0,9,30,17,196,"[1244, 2063]",COMPLETE
9839,9839,0.22975930740292766,2.767618417739868,2021-06-19 22:27:49.257731,2021-06-19 22:27:52.048527,0 days 00:00:02.790796,10,0.7492482924832433,10,1,30,25,196,"[1389, 1389]",COMPLETE
9840,9840,inf,inf,2021-06-19 22:27:52.053110,2021-06-19 22:27:52.298698,0 days 00:00:00.245588,20,0.4695733450967824,10,1,25,28,196,"[8898, 5145]",COMPLETE
9841,9841,0.2298005099993495,2.523193836212158,2021-06-19 22:27:52.311705,2021-06-19 22:27:54.860434,0 days 00:00:02.548729,20,0.7476529268840479,10,1,30,26,196,"[9683, 9685]",COMPLETE
9842,9842,0.23207941736518925,2.606914520263672,2021-06-19 22:27:54.865344,2021-06-19 22:27:57.483795,0 days 00:00:02.618451,100,0.7195347202802078,10,1,30,25,196,"[1028, 1028]",COMPLETE
9843,9843,0.2525265615894701,2.950558662414551,2021-06-19 22:27:57.488732,2021-06-19 22:28:00.451205,0 days 00:00:02.962473,20,0.7492482924832433,6,1,30,29,196,"[6835, 880]",COMPLETE
9844,9844,0.23239621618801107,2.879456043243408,2021-06-19 22:28:00.456324,2021-06-19 22:28:03.347469,0 days 00:00:02.891145,20,0.7044121314824888,10,1,30,25,196,"[3082, 1159]",COMPLETE
9845,9845,0.22960800157905145,2.583078622817993,2021-06-19 22:28:03.352852,2021-06-19 22:28:05.948659,0 days 00:00:02.595807,10,0.775837870117549,10,1,30,25,196,"[880, 7631]",COMPLETE
9846,9846,0.23037691579461364,2.6145567893981934,2021-06-19 22:28:05.953930,2021-06-19 22:28:08.580008,0 days 00:00:02.626078,20,0.775837870117549,10,1,30,25,196,"[3260, 9368]",COMPLETE
9847,9847,0.2585687638645335,2.805492401123047,2021-06-19 22:28:08.584740,2021-06-19 22:28:11.402172,0 days 00:00:02.817432,20,0.775837870117549,10,1,24,16,196,"[900, 8333]",COMPLETE
9848,9848,0.23290540815256533,2.6181511878967285,2021-06-19 22:28:11.407384,2021-06-19 22:28:14.036920,0 days 00:00:02.629536,100,0.7044121314824888,10,1,25,26,196,"[8898, 8898]",COMPLETE
9849,9849,0.2319319941273219,2.5708794593811035,2021-06-19 22:28:14.042142,2021-06-19 22:28:16.624828,0 days 00:00:02.582686,20,0.7060176324967116,10,1,30,25,196,"[2991, 2991]",COMPLETE
9850,9850,0.23554940792202525,2.775503158569336,2021-06-19 22:28:16.629581,2021-06-19 22:28:19.465271,0 days 00:00:02.835690,40,0.7492482924832433,10,1,30,29,197,"[1028, 6751]",COMPLETE
9851,9851,0.2841729291261609,2.5809519290924072,2021-06-19 22:28:19.470394,2021-06-19 22:28:22.062904,0 days 00:00:02.592510,20,0.775837870117549,10,1,30,4,197,"[6968, 9642]",COMPLETE
9852,9852,0.23106658137607394,2.570833206176758,2021-06-19 22:28:22.068054,2021-06-19 22:28:24.650431,0 days 00:00:02.582377,20,0.775837870117549,10,1,30,25,197,"[9368, 9029]",COMPLETE
9853,9853,0.23139880379904723,2.846082925796509,2021-06-19 22:28:24.655643,2021-06-19 22:28:27.514020,0 days 00:00:02.858377,30,0.775837870117549,10,1,30,25,197,"[8935, 6968]",COMPLETE
9854,9854,0.27937669741732074,3.467949867248535,2021-06-19 22:28:27.519022,2021-06-19 22:28:30.998669,0 days 00:00:03.479647,20,0.8923853317952126,4,1,23,26,197,"[2078, 9057]",COMPLETE
9855,9855,0.23041828208253404,2.7073171138763428,2021-06-19 22:28:31.003862,2021-06-19 22:28:33.723182,0 days 00:00:02.719320,10,0.7267039717001462,10,1,30,26,197,"[9438, 6592]",COMPLETE
9856,9856,0.2374226386840183,2.769580602645874,2021-06-19 22:28:33.728443,2021-06-19 22:28:36.510094,0 days 00:00:02.781651,20,0.775837870117549,10,1,10,25,197,"[3260, 8433]",COMPLETE
9857,9857,0.2812747439233293,3.3217685222625732,2021-06-19 22:28:36.515295,2021-06-19 22:28:39.848825,0 days 00:00:03.333530,20,0.775837870117549,4,1,18,25,197,"[8531, 8933]",COMPLETE
9858,9858,0.3055148858160177,2.88036847114563,2021-06-19 22:28:39.853920,2021-06-19 22:28:42.746118,0 days 00:00:02.892198,80,0.8095475411546529,7,1,30,6,197,"[1028, 9057]",COMPLETE
9859,9859,0.23139358107462302,2.845980405807495,2021-06-19 22:28:42.751076,2021-06-19 22:28:45.608650,0 days 00:00:02.857574,20,0.7492482924832433,10,1,30,26,197,"[900, 8261]",COMPLETE
9860,9860,0.24372607417420758,2.5835764408111572,2021-06-19 22:28:45.613750,2021-06-19 22:28:48.208990,0 days 00:00:02.595240,20,0.775837870117549,10,1,2,25,197,"[3082, 8531]",COMPLETE
9861,9861,0.2311164212376186,2.581850051879883,2021-06-19 22:28:48.214101,2021-06-19 22:28:50.807454,0 days 00:00:02.593353,20,0.775837870117549,10,1,30,25,197,"[8498, 9685]",COMPLETE
9862,9862,0.22753637690506143,2.8220770359039307,2021-06-19 22:28:50.812278,2021-06-19 22:28:53.646046,0 days 00:00:02.833768,20,0.775837870117549,10,1,30,25,197,"[9834, 9834]",COMPLETE
9863,9863,0.23780634745823676,2.573232412338257,2021-06-19 22:28:53.650755,2021-06-19 22:28:56.235284,0 days 00:00:02.584529,10,0.7492482924832433,10,1,16,25,197,"[1028, 1028]",COMPLETE
9864,9864,0.23161742828726486,2.6089515686035156,2021-06-19 22:28:56.240575,2021-06-19 22:28:58.861570,0 days 00:00:02.620995,20,0.6398089388998374,10,7,30,25,197,"[6763, 849]",COMPLETE
9865,9865,0.23039161837850022,2.7889082431793213,2021-06-19 22:28:58.866847,2021-06-19 22:29:01.667630,0 days 00:00:02.800783,10,0.7492482924832433,10,1,30,25,197,"[9685, 1028]",COMPLETE
9866,9866,0.256195312456147,2.5800375938415527,2021-06-19 22:29:01.672828,2021-06-19 22:29:04.264480,0 days 00:00:02.591652,20,0.7044121314824888,10,1,30,18,197,"[3100, 3260]",COMPLETE
9867,9867,0.2341642921922799,2.557995319366455,2021-06-19 22:29:04.269805,2021-06-19 22:29:06.839743,0 days 00:00:02.569938,20,0.6271950216449469,10,1,30,25,197,"[9029, 9057]",COMPLETE
9868,9868,0.2277846102076507,2.8291032314300537,2021-06-19 22:29:06.844950,2021-06-19 22:29:09.685501,0 days 00:00:02.840551,20,0.775837870117549,10,1,30,26,197,"[6592, 9642]",COMPLETE
9869,9869,0.23853518675263366,2.6605865955352783,2021-06-19 22:29:09.690536,2021-06-19 22:29:12.362731,0 days 00:00:02.672195,20,0.775837870117549,10,10,30,22,197,"[9057, 9057]",COMPLETE
9870,9870,0.28545227598539397,3.471802234649658,2021-06-19 22:29:12.367901,2021-06-19 22:29:15.851710,0 days 00:00:03.483809,20,0.775837870117549,4,10,30,25,197,"[8024, 1389]",COMPLETE
9871,9871,0.23556854640163338,2.606520175933838,2021-06-19 22:29:15.856821,2021-06-19 22:29:18.475067,0 days 00:00:02.618246,20,0.7044121314824888,10,1,30,25,197,"[3082, 1244]",COMPLETE
9872,9872,0.30354729309755113,2.729449987411499,2021-06-19 22:29:18.480428,2021-06-19 22:29:21.221878,0 days 00:00:02.741450,20,0.775837870117549,10,1,30,1,197,"[8498, 9683]",COMPLETE
9873,9873,0.2297606534773156,2.5867090225219727,2021-06-19 22:29:21.227077,2021-06-19 22:29:23.825557,0 days 00:00:02.598480,20,0.775837870117549,10,1,30,25,197,"[8261, 8024]",COMPLETE
9874,9874,0.22852386289712717,2.6064560413360596,2021-06-19 22:29:23.830736,2021-06-19 22:29:26.448887,0 days 00:00:02.618151,70,0.7044121314824888,10,1,30,25,197,"[3260, 6592]",COMPLETE
9875,9875,0.23490318096303847,2.7990260124206543,2021-06-19 22:29:26.454045,2021-06-19 22:29:29.264742,0 days 00:00:02.810697,50,0.775837870117549,10,1,19,25,197,"[2991, 8498]",COMPLETE
9876,9876,0.2626930252082181,3.0122013092041016,2021-06-19 22:29:29.269891,2021-06-19 22:29:32.293798,0 days 00:00:03.023907,20,0.775837870117549,6,1,17,25,197,"[6351, 8333]",COMPLETE
9877,9877,0.2299982934627104,2.527876853942871,2021-06-19 22:29:32.299120,2021-06-19 22:29:34.839984,0 days 00:00:02.540864,20,0.775837870117549,10,1,30,25,197,"[8261, 8333]",COMPLETE
9878,9878,0.23100561364943156,2.767488956451416,2021-06-19 22:29:34.845177,2021-06-19 22:29:37.624957,0 days 00:00:02.779780,70,0.775837870117549,10,1,30,25,197,"[3100, 8433]",COMPLETE
9879,9879,0.22937913742586016,2.583298444747925,2021-06-19 22:29:37.630057,2021-06-19 22:29:40.224928,0 days 00:00:02.594871,20,0.775837870117549,10,1,30,25,197,"[9692, 6351]",COMPLETE
9880,9880,0.22770927984881412,2.5967824459075928,2021-06-19 22:29:40.230195,2021-06-19 22:29:42.838983,0 days 00:00:02.608788,20,0.775837870117549,10,1,30,25,197,"[8433, 3082]",COMPLETE
9881,9881,0.29210966729663235,3.874272108078003,2021-06-19 22:29:42.849162,2021-06-19 22:29:46.740093,0 days 00:00:03.890931,20,0.775837870117549,3,1,30,25,197,"[3082, 9685]",COMPLETE
9882,9882,0.23624114961912632,2.5615668296813965,2021-06-19 22:29:46.745295,2021-06-19 22:29:49.318787,0 days 00:00:02.573492,10,0.7492482924832433,10,1,30,25,197,"[6351, 1389]",COMPLETE
9883,9883,0.314651006542547,5.4539875984191895,2021-06-19 22:29:49.324010,2021-06-19 22:29:54.789748,0 days 00:00:05.465738,20,0.775837870117549,1,1,30,25,197,"[6763, 8261]",COMPLETE
9884,9884,0.2411779846428166,2.757234811782837,2021-06-19 22:29:54.794661,2021-06-19 22:29:57.563626,0 days 00:00:02.768965,20,0.775837870117549,10,1,5,25,197,"[9029, 9029]",COMPLETE
9885,9885,0.22928696783082544,2.558769464492798,2021-06-19 22:29:57.568729,2021-06-19 22:30:00.139341,0 days 00:00:02.570612,20,0.775837870117549,10,1,23,25,197,"[3260, 9692]",COMPLETE
9886,9886,0.22790186931333906,2.604475736618042,2021-06-19 22:30:00.144584,2021-06-19 22:30:02.760591,0 days 00:00:02.616007,20,0.8047024443354969,10,1,30,25,197,"[1389, 8256]",COMPLETE
9887,9887,0.28600121462844297,2.7887229919433594,2021-06-19 22:30:02.765993,2021-06-19 22:30:05.567639,0 days 00:00:02.801646,40,0.775837870117549,10,1,30,4,197,"[6751, 9642]",COMPLETE
9888,9888,0.23065137441118197,2.595533609390259,2021-06-19 22:30:05.572651,2021-06-19 22:30:08.179786,0 days 00:00:02.607135,20,0.775837870117549,10,1,30,26,197,"[8720, 9438]",COMPLETE
9889,9889,inf,inf,2021-06-19 22:30:08.184974,2021-06-19 22:30:08.321920,0 days 00:00:00.136946,10,0.3552455114918961,10,3,30,25,197,"[1028, 1159]",COMPLETE
9890,9890,inf,inf,2021-06-19 22:30:08.339966,2021-06-19 22:30:08.546008,0 days 00:00:00.206042,20,0.36494008097038455,10,1,12,25,197,"[8498, 1389]",COMPLETE
9891,9891,0.278468528579394,3.348651647567749,2021-06-19 22:30:08.561088,2021-06-19 22:30:11.947676,0 days 00:00:03.386588,10,0.8570867422601625,4,1,30,25,197,"[8498, 1028]",COMPLETE
9892,9892,0.2329589291630973,2.762434959411621,2021-06-19 22:30:11.953069,2021-06-19 22:30:14.727108,0 days 00:00:02.774039,20,0.7492482924832433,10,1,30,25,197,"[3100, 6763]",COMPLETE
9893,9893,0.23459426426582736,2.5925722122192383,2021-06-19 22:30:14.731765,2021-06-19 22:30:17.335768,0 days 00:00:02.604003,20,0.7492482924832433,10,1,23,26,197,"[6592, 2078]",COMPLETE
9894,9894,0.23801044971216878,2.9847095012664795,2021-06-19 22:30:17.340971,2021-06-19 22:30:20.337372,0 days 00:00:02.996401,20,0.9869057656532267,10,12,30,25,197,"[5654, 3260]",COMPLETE
9895,9895,0.23361364446115876,2.797274589538574,2021-06-19 22:30:20.342262,2021-06-19 22:30:23.151322,0 days 00:00:02.809060,10,0.8429505310983798,10,1,26,25,197,"[880, 6968]",COMPLETE
